2022-07-12 18:44:49.643  INFO   47 --- [           main] com.elite.cdr.validator.Application      : Starting ASN1 Reader 
2022-07-12 18:44:49.643  INFO   49 --- [           main] com.elite.cdr.validator.Application      : ############### Run with the args [--env, local, --file, C:\IntelliJProjects\FraudDetectionSpark3\src\main\resources\data\simpleTypes.ber, --prop, C:\IntelliJProjects\NifiSparkStreaming\src\main\resources\myapp.properties]
2022-07-12 18:44:49.705  INFO   55 --- [           main] com.elite.cdr.validator.Application      : ############### Run in local mode
2022-07-12 18:44:52.870  INFO   57 --- [           main] org.apache.spark.internal.Logging        : Running Spark version 3.2.1
2022-07-12 18:44:53.948  INFO   57 --- [           main] org.apache.spark.internal.Logging        : ==============================================================
2022-07-12 18:44:53.948  INFO   57 --- [           main] org.apache.spark.internal.Logging        : No custom resources configured for spark.driver.
2022-07-12 18:44:53.948  INFO   57 --- [           main] org.apache.spark.internal.Logging        : ==============================================================
2022-07-12 18:44:53.948  INFO   57 --- [           main] org.apache.spark.internal.Logging        : Submitted application: NiFi-Spark Streaming example
2022-07-12 18:44:54.058  INFO   57 --- [           main] org.apache.spark.internal.Logging        : Default ResourceProfile created, executor resources: Map(cores -> name: cores, amount: 1, script: , vendor: , memory -> name: memory, amount: 1024, script: , vendor: , offHeap -> name: offHeap, amount: 0, script: , vendor: ), task resources: Map(cpus -> name: cpus, amount: 1.0)
2022-07-12 18:44:54.089  INFO   57 --- [           main] org.apache.spark.internal.Logging        : Limiting resource is cpu
2022-07-12 18:44:54.089  INFO   57 --- [           main] org.apache.spark.internal.Logging        : Added ResourceProfile id: 0
2022-07-12 18:44:54.557  INFO   57 --- [           main] org.apache.spark.internal.Logging        : Changing view acls to: Wael Hamdi
2022-07-12 18:44:54.557  INFO   57 --- [           main] org.apache.spark.internal.Logging        : Changing modify acls to: Wael Hamdi
2022-07-12 18:44:54.557  INFO   57 --- [           main] org.apache.spark.internal.Logging        : Changing view acls groups to: 
2022-07-12 18:44:54.557  INFO   57 --- [           main] org.apache.spark.internal.Logging        : Changing modify acls groups to: 
2022-07-12 18:44:54.557  INFO   57 --- [           main] org.apache.spark.internal.Logging        : SecurityManager: authentication disabled; ui acls disabled; users  with view permissions: Set(Wael Hamdi); groups with view permissions: Set(); users  with modify permissions: Set(Wael Hamdi); groups with modify permissions: Set()
2022-07-12 18:44:58.386  INFO   57 --- [           main] org.apache.spark.internal.Logging        : Successfully started service 'sparkDriver' on port 62449.
2022-07-12 18:44:58.479  INFO   57 --- [           main] org.apache.spark.internal.Logging        : Registering MapOutputTracker
2022-07-12 18:44:58.683  INFO   57 --- [           main] org.apache.spark.internal.Logging        : Registering BlockManagerMaster
2022-07-12 18:44:58.839  INFO   57 --- [           main] org.apache.spark.internal.Logging        : Using org.apache.spark.storage.DefaultTopologyMapper for getting topology information
2022-07-12 18:44:58.839  INFO   57 --- [           main] org.apache.spark.internal.Logging        : BlockManagerMasterEndpoint up
2022-07-12 18:44:58.839  INFO   57 --- [           main] org.apache.spark.internal.Logging        : Registering BlockManagerMasterHeartbeat
2022-07-12 18:44:58.932  INFO   57 --- [           main] org.apache.spark.internal.Logging        : Created local directory at C:\Users\Wael Hamdi\AppData\Local\Temp\blockmgr-55da4482-fa52-45e4-8b46-9fcc634771d3
2022-07-12 18:44:59.058  INFO   57 --- [           main] org.apache.spark.internal.Logging        : MemoryStore started with capacity 897.6 MiB
2022-07-12 18:44:59.136  INFO   57 --- [           main] org.apache.spark.internal.Logging        : Registering OutputCommitCoordinator
2022-07-12 18:44:59.354  INFO  170 --- [           main] org.sparkproject.jetty.util.log.Log      : Logging initialized @10895ms to org.sparkproject.jetty.util.log.Slf4jLog
2022-07-12 18:44:59.542  INFO  375 --- [           main] org.sparkproject.jetty.server.Server     : jetty-9.4.43.v20210629; built: 2021-06-30T11:07:22.254Z; git: 526006ecfa3af7f1a27ef3a288e2bef7ea9dd7e8; jvm 1.8.0_301-b09
2022-07-12 18:44:59.589  INFO  415 --- [           main] org.sparkproject.jetty.server.Server     : Started @11142ms
2022-07-12 18:44:59.698  INFO  331 --- [           main] rkproject.jetty.server.AbstractConnector : Started ServerConnector@72b16078{HTTP/1.1, (http/1.1)}{0.0.0.0:4040}
2022-07-12 18:44:59.698  INFO   57 --- [           main] org.apache.spark.internal.Logging        : Successfully started service 'SparkUI' on port 4040.
2022-07-12 18:44:59.745  INFO  915 --- [           main] ject.jetty.server.handler.ContextHandler : Started o.s.j.s.ServletContextHandler@6691490c{/jobs,null,AVAILABLE,@Spark}
2022-07-12 18:44:59.745  INFO  915 --- [           main] ject.jetty.server.handler.ContextHandler : Started o.s.j.s.ServletContextHandler@e24ddd0{/jobs/json,null,AVAILABLE,@Spark}
2022-07-12 18:44:59.745  INFO  915 --- [           main] ject.jetty.server.handler.ContextHandler : Started o.s.j.s.ServletContextHandler@548e76f1{/jobs/job,null,AVAILABLE,@Spark}
2022-07-12 18:44:59.745  INFO  915 --- [           main] ject.jetty.server.handler.ContextHandler : Started o.s.j.s.ServletContextHandler@1ac85b0c{/jobs/job/json,null,AVAILABLE,@Spark}
2022-07-12 18:44:59.745  INFO  915 --- [           main] ject.jetty.server.handler.ContextHandler : Started o.s.j.s.ServletContextHandler@3aa3193a{/stages,null,AVAILABLE,@Spark}
2022-07-12 18:44:59.745  INFO  915 --- [           main] ject.jetty.server.handler.ContextHandler : Started o.s.j.s.ServletContextHandler@59a67c3a{/stages/json,null,AVAILABLE,@Spark}
2022-07-12 18:44:59.745  INFO  915 --- [           main] ject.jetty.server.handler.ContextHandler : Started o.s.j.s.ServletContextHandler@724bade8{/stages/stage,null,AVAILABLE,@Spark}
2022-07-12 18:44:59.745  INFO  915 --- [           main] ject.jetty.server.handler.ContextHandler : Started o.s.j.s.ServletContextHandler@ca27722{/stages/stage/json,null,AVAILABLE,@Spark}
2022-07-12 18:44:59.761  INFO  915 --- [           main] ject.jetty.server.handler.ContextHandler : Started o.s.j.s.ServletContextHandler@9573b3b{/stages/pool,null,AVAILABLE,@Spark}
2022-07-12 18:44:59.761  INFO  915 --- [           main] ject.jetty.server.handler.ContextHandler : Started o.s.j.s.ServletContextHandler@78461bc4{/stages/pool/json,null,AVAILABLE,@Spark}
2022-07-12 18:44:59.761  INFO  915 --- [           main] ject.jetty.server.handler.ContextHandler : Started o.s.j.s.ServletContextHandler@64f857e7{/storage,null,AVAILABLE,@Spark}
2022-07-12 18:44:59.761  INFO  915 --- [           main] ject.jetty.server.handler.ContextHandler : Started o.s.j.s.ServletContextHandler@58c540cf{/storage/json,null,AVAILABLE,@Spark}
2022-07-12 18:44:59.761  INFO  915 --- [           main] ject.jetty.server.handler.ContextHandler : Started o.s.j.s.ServletContextHandler@1b822fcc{/storage/rdd,null,AVAILABLE,@Spark}
2022-07-12 18:44:59.761  INFO  915 --- [           main] ject.jetty.server.handler.ContextHandler : Started o.s.j.s.ServletContextHandler@56102e1c{/storage/rdd/json,null,AVAILABLE,@Spark}
2022-07-12 18:44:59.761  INFO  915 --- [           main] ject.jetty.server.handler.ContextHandler : Started o.s.j.s.ServletContextHandler@7927bd9f{/environment,null,AVAILABLE,@Spark}
2022-07-12 18:44:59.761  INFO  915 --- [           main] ject.jetty.server.handler.ContextHandler : Started o.s.j.s.ServletContextHandler@410954b{/environment/json,null,AVAILABLE,@Spark}
2022-07-12 18:44:59.761  INFO  915 --- [           main] ject.jetty.server.handler.ContextHandler : Started o.s.j.s.ServletContextHandler@3b366632{/executors,null,AVAILABLE,@Spark}
2022-07-12 18:44:59.761  INFO  915 --- [           main] ject.jetty.server.handler.ContextHandler : Started o.s.j.s.ServletContextHandler@514eedd8{/executors/json,null,AVAILABLE,@Spark}
2022-07-12 18:44:59.761  INFO  915 --- [           main] ject.jetty.server.handler.ContextHandler : Started o.s.j.s.ServletContextHandler@6970140a{/executors/threadDump,null,AVAILABLE,@Spark}
2022-07-12 18:44:59.761  INFO  915 --- [           main] ject.jetty.server.handler.ContextHandler : Started o.s.j.s.ServletContextHandler@3af4e0bf{/executors/threadDump/json,null,AVAILABLE,@Spark}
2022-07-12 18:44:59.808  INFO  915 --- [           main] ject.jetty.server.handler.ContextHandler : Started o.s.j.s.ServletContextHandler@4d63b624{/static,null,AVAILABLE,@Spark}
2022-07-12 18:44:59.808  INFO  915 --- [           main] ject.jetty.server.handler.ContextHandler : Started o.s.j.s.ServletContextHandler@aa22f1c{/,null,AVAILABLE,@Spark}
2022-07-12 18:44:59.823  INFO  915 --- [           main] ject.jetty.server.handler.ContextHandler : Started o.s.j.s.ServletContextHandler@37cd92d6{/api,null,AVAILABLE,@Spark}
2022-07-12 18:44:59.823  INFO  915 --- [           main] ject.jetty.server.handler.ContextHandler : Started o.s.j.s.ServletContextHandler@3deb2326{/jobs/job/kill,null,AVAILABLE,@Spark}
2022-07-12 18:44:59.823  INFO  915 --- [           main] ject.jetty.server.handler.ContextHandler : Started o.s.j.s.ServletContextHandler@7889a1ac{/stages/stage/kill,null,AVAILABLE,@Spark}
2022-07-12 18:44:59.823  INFO   57 --- [           main] org.apache.spark.internal.Logging        : Bound SparkUI to 0.0.0.0, and started at http://host.docker.internal:4040
2022-07-12 18:45:00.604  INFO   57 --- [           main] org.apache.spark.internal.Logging        : Starting executor ID driver on host host.docker.internal
2022-07-12 18:45:00.761  INFO   57 --- [           main] org.apache.spark.internal.Logging        : Successfully started service 'org.apache.spark.network.netty.NettyBlockTransferService' on port 62476.
2022-07-12 18:45:00.761  INFO   82 --- [           main] .network.netty.NettyBlockTransferService : Server created on host.docker.internal:62476
2022-07-12 18:45:00.761  INFO   57 --- [           main] org.apache.spark.internal.Logging        : Using org.apache.spark.storage.RandomBlockReplicationPolicy for block replication policy
2022-07-12 18:45:00.792  INFO   57 --- [           main] org.apache.spark.internal.Logging        : Registering BlockManager BlockManagerId(driver, host.docker.internal, 62476, None)
2022-07-12 18:45:00.792  INFO   57 --- [ckManagerMaster] org.apache.spark.internal.Logging        : Registering block manager host.docker.internal:62476 with 897.6 MiB RAM, BlockManagerId(driver, host.docker.internal, 62476, None)
2022-07-12 18:45:00.808  INFO   57 --- [           main] org.apache.spark.internal.Logging        : Registered BlockManager BlockManagerId(driver, host.docker.internal, 62476, None)
2022-07-12 18:45:00.808  INFO   57 --- [           main] org.apache.spark.internal.Logging        : Initialized BlockManager: BlockManagerId(driver, host.docker.internal, 62476, None)
2022-07-12 18:45:01.182  INFO  915 --- [           main] ject.jetty.server.handler.ContextHandler : Started o.s.j.s.ServletContextHandler@6331250e{/metrics/json,null,AVAILABLE,@Spark}
2022-07-12 18:45:02.182  INFO   57 --- [streaming-start] org.apache.spark.internal.Logging        : Starting 1 receivers
2022-07-12 18:45:02.182  INFO   57 --- [streaming-start] org.apache.spark.internal.Logging        : ReceiverTracker started
2022-07-12 18:45:02.182  INFO   57 --- [streaming-start] org.apache.spark.internal.Logging        : Slide time = 5000000 ms
2022-07-12 18:45:02.182  INFO   57 --- [streaming-start] org.apache.spark.internal.Logging        : Storage level = Serialized 1x Replicated
2022-07-12 18:45:02.182  INFO   57 --- [streaming-start] org.apache.spark.internal.Logging        : Checkpoint interval = null
2022-07-12 18:45:02.182  INFO   57 --- [streaming-start] org.apache.spark.internal.Logging        : Remember interval = 5000000 ms
2022-07-12 18:45:02.182  INFO   57 --- [streaming-start] org.apache.spark.internal.Logging        : Initialized and validated org.apache.spark.streaming.dstream.PluggableInputDStream@44434082
2022-07-12 18:45:02.182  INFO   57 --- [streaming-start] org.apache.spark.internal.Logging        : Slide time = 5000000 ms
2022-07-12 18:45:02.182  INFO   57 --- [streaming-start] org.apache.spark.internal.Logging        : Storage level = Serialized 1x Replicated
2022-07-12 18:45:02.182  INFO   57 --- [streaming-start] org.apache.spark.internal.Logging        : Checkpoint interval = null
2022-07-12 18:45:02.182  INFO   57 --- [streaming-start] org.apache.spark.internal.Logging        : Remember interval = 5000000 ms
2022-07-12 18:45:02.182  INFO   57 --- [streaming-start] org.apache.spark.internal.Logging        : Initialized and validated org.apache.spark.streaming.dstream.MappedDStream@6f10866b
2022-07-12 18:45:02.182  INFO   57 --- [streaming-start] org.apache.spark.internal.Logging        : Slide time = 5000000 ms
2022-07-12 18:45:02.182  INFO   57 --- [streaming-start] org.apache.spark.internal.Logging        : Storage level = Serialized 1x Replicated
2022-07-12 18:45:02.182  INFO   57 --- [streaming-start] org.apache.spark.internal.Logging        : Checkpoint interval = null
2022-07-12 18:45:02.182  INFO   57 --- [streaming-start] org.apache.spark.internal.Logging        : Remember interval = 5000000 ms
2022-07-12 18:45:02.182  INFO   57 --- [streaming-start] org.apache.spark.internal.Logging        : Initialized and validated org.apache.spark.streaming.dstream.ForEachDStream@5a6f92ae
2022-07-12 18:45:02.447  INFO   57 --- [streaming-start] org.apache.spark.internal.Logging        : Started timer for JobGenerator at time 1657650000000
2022-07-12 18:45:02.448  INFO   57 --- [streaming-start] org.apache.spark.internal.Logging        : Started JobGenerator at 1657650000000 ms
2022-07-12 18:45:02.451  INFO   57 --- [streaming-start] org.apache.spark.internal.Logging        : Started JobScheduler
2022-07-12 18:45:02.476  INFO  915 --- [           main] ject.jetty.server.handler.ContextHandler : Started o.s.j.s.ServletContextHandler@78b41097{/streaming,null,AVAILABLE,@Spark}
2022-07-12 18:45:02.478  INFO  915 --- [           main] ject.jetty.server.handler.ContextHandler : Started o.s.j.s.ServletContextHandler@327c7bea{/streaming/json,null,AVAILABLE,@Spark}
2022-07-12 18:45:02.469  INFO   57 --- [er-event-loop-3] org.apache.spark.internal.Logging        : Receiver 0 started
2022-07-12 18:45:02.485  INFO  915 --- [           main] ject.jetty.server.handler.ContextHandler : Started o.s.j.s.ServletContextHandler@20e6c4dc{/streaming/batch,null,AVAILABLE,@Spark}
2022-07-12 18:45:02.490  INFO  915 --- [           main] ject.jetty.server.handler.ContextHandler : Started o.s.j.s.ServletContextHandler@4d2a1da3{/streaming/batch/json,null,AVAILABLE,@Spark}
2022-07-12 18:45:02.491  INFO   57 --- [uler-event-loop] org.apache.spark.internal.Logging        : Got job 0 (start at Application.java:146) with 1 output partitions
2022-07-12 18:45:02.492  INFO   57 --- [uler-event-loop] org.apache.spark.internal.Logging        : Final stage: ResultStage 0 (start at Application.java:146)
2022-07-12 18:45:02.492  INFO  915 --- [           main] ject.jetty.server.handler.ContextHandler : Started o.s.j.s.ServletContextHandler@557286ad{/static/streaming,null,AVAILABLE,@Spark}
2022-07-12 18:45:02.493  INFO   57 --- [uler-event-loop] org.apache.spark.internal.Logging        : Parents of final stage: List()
2022-07-12 18:45:02.493  INFO   57 --- [           main] org.apache.spark.internal.Logging        : StreamingContext started
2022-07-12 18:45:02.495  INFO   57 --- [uler-event-loop] org.apache.spark.internal.Logging        : Missing parents: List()
2022-07-12 18:45:02.501  INFO   57 --- [uler-event-loop] org.apache.spark.internal.Logging        : Submitting ResultStage 0 (Receiver 0 ParallelCollectionRDD[0] at makeRDD at ReceiverTracker.scala:609), which has no missing parents
2022-07-12 18:45:03.026  INFO   57 --- [uler-event-loop] org.apache.spark.internal.Logging        : Block broadcast_0 stored as values in memory (estimated size 97.5 KiB, free 897.5 MiB)
2022-07-12 18:45:03.158  INFO   57 --- [uler-event-loop] org.apache.spark.internal.Logging        : Block broadcast_0_piece0 stored as bytes in memory (estimated size 34.2 KiB, free 897.5 MiB)
2022-07-12 18:45:03.161  INFO   57 --- [ckManagerMaster] org.apache.spark.internal.Logging        : Added broadcast_0_piece0 in memory on host.docker.internal:62476 (size: 34.2 KiB, free: 897.6 MiB)
2022-07-12 18:45:03.165  INFO   57 --- [uler-event-loop] org.apache.spark.internal.Logging        : Created broadcast 0 from broadcast at DAGScheduler.scala:1478
2022-07-12 18:45:03.195  INFO   57 --- [uler-event-loop] org.apache.spark.internal.Logging        : Submitting 1 missing tasks from ResultStage 0 (Receiver 0 ParallelCollectionRDD[0] at makeRDD at ReceiverTracker.scala:609) (first 15 tasks are for partitions Vector(0))
2022-07-12 18:45:03.197  INFO   57 --- [uler-event-loop] org.apache.spark.internal.Logging        : Adding task set 0.0 with 1 tasks resource profile 0
2022-07-12 18:45:03.338  INFO   57 --- [er-event-loop-0] org.apache.spark.internal.Logging        : Starting task 0.0 in stage 0.0 (TID 0) (host.docker.internal, executor driver, partition 0, PROCESS_LOCAL, 5950 bytes) taskResourceAssignments Map()
2022-07-12 18:45:03.386  INFO   57 --- [age 0.0 (TID 0)] org.apache.spark.internal.Logging        : Running task 0.0 in stage 0.0 (TID 0)
2022-07-12 18:45:03.752  INFO   57 --- [age 0.0 (TID 0)] org.apache.spark.internal.Logging        : Started timer for BlockGenerator at time 1657647903800
2022-07-12 18:45:03.753  INFO   57 --- [age 0.0 (TID 0)] org.apache.spark.internal.Logging        : Started BlockGenerator
2022-07-12 18:45:03.753  INFO   57 --- [      Thread-14] org.apache.spark.internal.Logging        : Started block pushing thread
2022-07-12 18:45:03.766  INFO   57 --- [er-event-loop-0] org.apache.spark.internal.Logging        : Registered receiver for stream 0 from host.docker.internal:62449
2022-07-12 18:45:03.768  INFO   57 --- [age 0.0 (TID 0)] org.apache.spark.internal.Logging        : Starting receiver 0
2022-07-12 18:45:03.769  INFO   57 --- [age 0.0 (TID 0)] org.apache.spark.internal.Logging        : Called receiver 0 onStart
2022-07-12 18:45:03.770  INFO   57 --- [age 0.0 (TID 0)] org.apache.spark.internal.Logging        : Waiting for receiver to be stopped
2022-07-12 18:45:05.800  INFO  571 --- [ool Maintenance] g.apache.nifi.remote.client.PeerSelector : Successfully refreshed peer status cache; remote group consists of 1 peers
2022-07-12 18:45:05.800  INFO  571 --- [  NiFi Receiver] g.apache.nifi.remote.client.PeerSelector : Successfully refreshed peer status cache; remote group consists of 1 peers
2022-07-12 18:45:06.899  INFO   57 --- [  NiFi Receiver] org.apache.spark.internal.Logging        : Block input-0-1657647903736 stored as values in memory (estimated size 55.9 MiB, free 841.6 MiB)
2022-07-12 18:45:06.900  INFO   57 --- [ckManagerMaster] org.apache.spark.internal.Logging        : Added input-0-1657647903736 in memory on host.docker.internal:62476 (size: 55.9 MiB, free: 841.7 MiB)
2022-07-12 18:45:14.339  WARN   69 --- [tor-heartbeater] org.apache.spark.internal.Logging        : Exception when trying to compute pagesize, as a result reporting of ProcessTree metrics is stopped
2022-07-12 18:45:55.217  INFO   57 --- [shutdown-hook-0] org.apache.spark.internal.Logging        : Invoking stop(stopGracefully=false) from shutdown hook
2022-07-12 18:45:55.227  INFO   57 --- [er-event-loop-0] org.apache.spark.internal.Logging        : Sent stop signal to all 1 receivers
2022-07-12 18:45:55.230  INFO   57 --- [er-event-loop-1] org.apache.spark.internal.Logging        : Received stop signal
2022-07-12 18:45:55.232  INFO   57 --- [er-event-loop-1] org.apache.spark.internal.Logging        : Stopping receiver with message: Stopped by driver: 
2022-07-12 18:45:55.234  INFO   57 --- [er-event-loop-1] org.apache.spark.internal.Logging        : Called receiver onStop
2022-07-12 18:45:55.235  INFO   57 --- [er-event-loop-1] org.apache.spark.internal.Logging        : Deregistering receiver 0
2022-07-12 18:45:55.238  ERROR   73 --- [er-event-loop-2] org.apache.spark.internal.Logging        : Deregistered receiver for stream 0: Stopped by driver
2022-07-12 18:45:55.240  INFO   57 --- [er-event-loop-1] org.apache.spark.internal.Logging        : Stopped receiver 0
2022-07-12 18:45:55.242  INFO   57 --- [er-event-loop-1] org.apache.spark.internal.Logging        : Stopping BlockGenerator
2022-07-12 18:45:55.600  INFO   57 --- [er-event-loop-1] org.apache.spark.internal.Logging        : Stopped timer for BlockGenerator after time 1657647955600
2022-07-12 18:45:55.601  INFO   57 --- [er-event-loop-1] org.apache.spark.internal.Logging        : Waiting for block pushing thread to terminate
2022-07-12 18:45:55.604  INFO   57 --- [      Thread-14] org.apache.spark.internal.Logging        : Pushing out the last 0 blocks
2022-07-12 18:45:55.605  INFO   57 --- [      Thread-14] org.apache.spark.internal.Logging        : Stopped block pushing thread
2022-07-12 18:45:55.605  INFO   57 --- [er-event-loop-1] org.apache.spark.internal.Logging        : Stopped BlockGenerator
2022-07-12 18:45:55.607  INFO   57 --- [age 0.0 (TID 0)] org.apache.spark.internal.Logging        : Stopped receiver without error
2022-07-12 18:45:55.677  INFO   57 --- [age 0.0 (TID 0)] org.apache.spark.internal.Logging        : Finished task 0.0 in stage 0.0 (TID 0). 880 bytes result sent to driver
2022-07-12 18:45:55.688  INFO   57 --- [result-getter-0] org.apache.spark.internal.Logging        : Finished task 0.0 in stage 0.0 (TID 0) in 52374 ms on host.docker.internal (executor driver) (1/1)
2022-07-12 18:45:55.691  INFO   57 --- [result-getter-0] org.apache.spark.internal.Logging        : Removed TaskSet 0.0, whose tasks have all completed, from pool 
2022-07-12 18:45:55.709  INFO   57 --- [uler-event-loop] org.apache.spark.internal.Logging        : ResultStage 0 (start at Application.java:146) finished in 53.159 s
2022-07-12 18:45:55.715  INFO   57 --- [uler-event-loop] org.apache.spark.internal.Logging        : Job 0 is finished. Cancelling potential speculative or zombie tasks for this job
2022-07-12 18:45:55.716  INFO   57 --- [uler-event-loop] org.apache.spark.internal.Logging        : Killing all running tasks in stage 0: Stage finished
2022-07-12 18:45:55.721  INFO   57 --- [shutdown-hook-0] org.apache.spark.internal.Logging        : All of the receivers have deregistered successfully
2022-07-12 18:45:55.723  INFO   57 --- [shutdown-hook-0] org.apache.spark.internal.Logging        : ReceiverTracker stopped
2022-07-12 18:45:55.726  INFO   57 --- [shutdown-hook-0] org.apache.spark.internal.Logging        : Stopping JobGenerator immediately
2022-07-12 18:45:55.727  INFO   57 --- [shutdown-hook-0] org.apache.spark.internal.Logging        : Stopped timer for JobGenerator after time -1
2022-07-12 18:45:55.727  INFO   57 --- [shutdown-hook-0] org.apache.spark.internal.Logging        : Stopped JobGenerator
2022-07-12 18:45:55.742  INFO   57 --- [shutdown-hook-0] org.apache.spark.internal.Logging        : Stopped JobScheduler
2022-07-12 18:45:55.742  INFO 1153 --- [shutdown-hook-0] ject.jetty.server.handler.ContextHandler : Stopped o.s.j.s.ServletContextHandler@78b41097{/streaming,null,STOPPED,@Spark}
2022-07-12 18:45:55.742  INFO 1153 --- [shutdown-hook-0] ject.jetty.server.handler.ContextHandler : Stopped o.s.j.s.ServletContextHandler@327c7bea{/streaming/json,null,STOPPED,@Spark}
2022-07-12 18:45:55.742  INFO 1153 --- [shutdown-hook-0] ject.jetty.server.handler.ContextHandler : Stopped o.s.j.s.ServletContextHandler@20e6c4dc{/streaming/batch,null,STOPPED,@Spark}
2022-07-12 18:45:55.742  INFO 1153 --- [shutdown-hook-0] ject.jetty.server.handler.ContextHandler : Stopped o.s.j.s.ServletContextHandler@4d2a1da3{/streaming/batch/json,null,STOPPED,@Spark}
2022-07-12 18:45:55.758  INFO 1153 --- [shutdown-hook-0] ject.jetty.server.handler.ContextHandler : Stopped o.s.j.s.ServletContextHandler@557286ad{/static/streaming,null,STOPPED,@Spark}
2022-07-12 18:45:55.758  INFO   57 --- [shutdown-hook-0] org.apache.spark.internal.Logging        : StreamingContext stopped successfully
2022-07-12 18:45:55.758  INFO   57 --- [shutdown-hook-0] org.apache.spark.internal.Logging        : Invoking stop() from shutdown hook
2022-07-12 18:45:55.758  INFO  165 --- [           main] com.elite.cdr.validator.Application      : ****************************************************
2022-07-12 18:45:55.758  INFO  166 --- [           main] com.elite.cdr.validator.Application      : Duration: 0.0 seconds
2022-07-12 18:45:55.758  INFO  167 --- [           main] com.elite.cdr.validator.Application      : Batch executed with success
2022-07-12 18:45:55.758  INFO  168 --- [           main] com.elite.cdr.validator.Application      : ****************************************************
2022-07-12 18:45:55.774  INFO  381 --- [shutdown-hook-0] rkproject.jetty.server.AbstractConnector : Stopped Spark@72b16078{HTTP/1.1, (http/1.1)}{0.0.0.0:4040}
2022-07-12 18:45:55.774  INFO   57 --- [shutdown-hook-0] org.apache.spark.internal.Logging        : Stopped Spark web UI at http://host.docker.internal:4040
2022-07-12 18:45:55.789  INFO   57 --- [er-event-loop-2] org.apache.spark.internal.Logging        : MapOutputTrackerMasterEndpoint stopped!
2022-07-12 18:45:55.820  INFO   57 --- [shutdown-hook-0] org.apache.spark.internal.Logging        : MemoryStore cleared
2022-07-12 18:45:55.820  INFO   57 --- [shutdown-hook-0] org.apache.spark.internal.Logging        : BlockManager stopped
2022-07-12 18:45:55.852  INFO   57 --- [shutdown-hook-0] org.apache.spark.internal.Logging        : BlockManagerMaster stopped
2022-07-12 18:45:55.852  INFO   57 --- [er-event-loop-3] org.apache.spark.internal.Logging        : OutputCommitCoordinator stopped!
2022-07-12 18:45:55.852  INFO   57 --- [shutdown-hook-0] org.apache.spark.internal.Logging        : Successfully stopped SparkContext
2022-07-12 18:45:55.852  INFO   57 --- [shutdown-hook-0] org.apache.spark.internal.Logging        : Shutdown hook called
2022-07-12 18:45:55.867  INFO   57 --- [shutdown-hook-0] org.apache.spark.internal.Logging        : Deleting directory C:\Users\Wael Hamdi\AppData\Local\Temp\spark-f8ab7777-c1bf-4b80-bf50-1645910bcdc7
