2022-08-01 16:55:33.625  INFO   48 --- [           main] com.elite.cdr.validator.Application      : Starting ASN1 Reader 
2022-08-01 16:55:33.625  INFO   50 --- [           main] com.elite.cdr.validator.Application      : ############### Run with the args [--env, local, --file, src/main/resources/data/simpleTypes.ber, --prop, src/main/resources/myapp.properties]
2022-08-01 16:55:33.687  INFO   56 --- [           main] com.elite.cdr.validator.Application      : ############### Run in local mode
2022-08-01 16:55:35.482  INFO   57 --- [           main] org.apache.spark.internal.Logging        : Running Spark version 3.2.1
2022-08-01 16:55:35.810  INFO   57 --- [           main] org.apache.spark.internal.Logging        : ==============================================================
2022-08-01 16:55:35.810  INFO   57 --- [           main] org.apache.spark.internal.Logging        : No custom resources configured for spark.driver.
2022-08-01 16:55:35.810  INFO   57 --- [           main] org.apache.spark.internal.Logging        : ==============================================================
2022-08-01 16:55:35.810  INFO   57 --- [           main] org.apache.spark.internal.Logging        : Submitted application: NiFi Spark Streaming example
2022-08-01 16:55:35.857  INFO   57 --- [           main] org.apache.spark.internal.Logging        : Default ResourceProfile created, executor resources: Map(cores -> name: cores, amount: 1, script: , vendor: , memory -> name: memory, amount: 1024, script: , vendor: , offHeap -> name: offHeap, amount: 0, script: , vendor: ), task resources: Map(cpus -> name: cpus, amount: 1.0)
2022-08-01 16:55:35.872  INFO   57 --- [           main] org.apache.spark.internal.Logging        : Limiting resource is cpu
2022-08-01 16:55:35.888  INFO   57 --- [           main] org.apache.spark.internal.Logging        : Added ResourceProfile id: 0
2022-08-01 16:55:36.044  INFO   57 --- [           main] org.apache.spark.internal.Logging        : Changing view acls to: Wael Hamdi
2022-08-01 16:55:36.044  INFO   57 --- [           main] org.apache.spark.internal.Logging        : Changing modify acls to: Wael Hamdi
2022-08-01 16:55:36.060  INFO   57 --- [           main] org.apache.spark.internal.Logging        : Changing view acls groups to: 
2022-08-01 16:55:36.060  INFO   57 --- [           main] org.apache.spark.internal.Logging        : Changing modify acls groups to: 
2022-08-01 16:55:36.060  INFO   57 --- [           main] org.apache.spark.internal.Logging        : SecurityManager: authentication disabled; ui acls disabled; users  with view permissions: Set(Wael Hamdi); groups with view permissions: Set(); users  with modify permissions: Set(Wael Hamdi); groups with modify permissions: Set()
2022-08-01 16:55:38.839  INFO   57 --- [           main] org.apache.spark.internal.Logging        : Successfully started service 'sparkDriver' on port 65074.
2022-08-01 16:55:38.889  INFO   57 --- [           main] org.apache.spark.internal.Logging        : Registering MapOutputTracker
2022-08-01 16:55:38.936  INFO   57 --- [           main] org.apache.spark.internal.Logging        : Registering BlockManagerMaster
2022-08-01 16:55:38.967  INFO   57 --- [           main] org.apache.spark.internal.Logging        : Using org.apache.spark.storage.DefaultTopologyMapper for getting topology information
2022-08-01 16:55:38.967  INFO   57 --- [           main] org.apache.spark.internal.Logging        : BlockManagerMasterEndpoint up
2022-08-01 16:55:38.983  INFO   57 --- [           main] org.apache.spark.internal.Logging        : Registering BlockManagerMasterHeartbeat
2022-08-01 16:55:39.045  INFO   57 --- [           main] org.apache.spark.internal.Logging        : Created local directory at C:\Users\Wael Hamdi\AppData\Local\Temp\blockmgr-3230b67c-f285-4a91-9241-b5a958d19c1f
2022-08-01 16:55:39.092  INFO   57 --- [           main] org.apache.spark.internal.Logging        : MemoryStore started with capacity 897.6 MiB
2022-08-01 16:55:39.108  INFO   57 --- [           main] org.apache.spark.internal.Logging        : Registering OutputCommitCoordinator
2022-08-01 16:55:39.217  INFO  170 --- [           main] org.sparkproject.jetty.util.log.Log      : Logging initialized @6684ms to org.sparkproject.jetty.util.log.Slf4jLog
2022-08-01 16:55:39.311  INFO  375 --- [           main] org.sparkproject.jetty.server.Server     : jetty-9.4.43.v20210629; built: 2021-06-30T11:07:22.254Z; git: 526006ecfa3af7f1a27ef3a288e2bef7ea9dd7e8; jvm 1.8.0_301-b09
2022-08-01 16:55:39.342  INFO  415 --- [           main] org.sparkproject.jetty.server.Server     : Started @6805ms
2022-08-01 16:55:39.389  INFO  331 --- [           main] rkproject.jetty.server.AbstractConnector : Started ServerConnector@7caa550{HTTP/1.1, (http/1.1)}{0.0.0.0:4040}
2022-08-01 16:55:39.389  INFO   57 --- [           main] org.apache.spark.internal.Logging        : Successfully started service 'SparkUI' on port 4040.
2022-08-01 16:55:39.420  INFO  915 --- [           main] ject.jetty.server.handler.ContextHandler : Started o.s.j.s.ServletContextHandler@388ffbc2{/jobs,null,AVAILABLE,@Spark}
2022-08-01 16:55:39.420  INFO  915 --- [           main] ject.jetty.server.handler.ContextHandler : Started o.s.j.s.ServletContextHandler@61a002b1{/jobs/json,null,AVAILABLE,@Spark}
2022-08-01 16:55:39.420  INFO  915 --- [           main] ject.jetty.server.handler.ContextHandler : Started o.s.j.s.ServletContextHandler@780ec4a5{/jobs/job,null,AVAILABLE,@Spark}
2022-08-01 16:55:39.420  INFO  915 --- [           main] ject.jetty.server.handler.ContextHandler : Started o.s.j.s.ServletContextHandler@548e76f1{/jobs/job/json,null,AVAILABLE,@Spark}
2022-08-01 16:55:39.420  INFO  915 --- [           main] ject.jetty.server.handler.ContextHandler : Started o.s.j.s.ServletContextHandler@72c927f1{/stages,null,AVAILABLE,@Spark}
2022-08-01 16:55:39.420  INFO  915 --- [           main] ject.jetty.server.handler.ContextHandler : Started o.s.j.s.ServletContextHandler@3dd69f5a{/stages/json,null,AVAILABLE,@Spark}
2022-08-01 16:55:39.420  INFO  915 --- [           main] ject.jetty.server.handler.ContextHandler : Started o.s.j.s.ServletContextHandler@1ee4730{/stages/stage,null,AVAILABLE,@Spark}
2022-08-01 16:55:39.436  INFO  915 --- [           main] ject.jetty.server.handler.ContextHandler : Started o.s.j.s.ServletContextHandler@16fb356{/stages/stage/json,null,AVAILABLE,@Spark}
2022-08-01 16:55:39.436  INFO  915 --- [           main] ject.jetty.server.handler.ContextHandler : Started o.s.j.s.ServletContextHandler@23a9ba52{/stages/pool,null,AVAILABLE,@Spark}
2022-08-01 16:55:39.436  INFO  915 --- [           main] ject.jetty.server.handler.ContextHandler : Started o.s.j.s.ServletContextHandler@70ab80e3{/stages/pool/json,null,AVAILABLE,@Spark}
2022-08-01 16:55:39.436  INFO  915 --- [           main] ject.jetty.server.handler.ContextHandler : Started o.s.j.s.ServletContextHandler@67427b69{/storage,null,AVAILABLE,@Spark}
2022-08-01 16:55:39.436  INFO  915 --- [           main] ject.jetty.server.handler.ContextHandler : Started o.s.j.s.ServletContextHandler@544630b7{/storage/json,null,AVAILABLE,@Spark}
2022-08-01 16:55:39.436  INFO  915 --- [           main] ject.jetty.server.handler.ContextHandler : Started o.s.j.s.ServletContextHandler@1095f122{/storage/rdd,null,AVAILABLE,@Spark}
2022-08-01 16:55:39.436  INFO  915 --- [           main] ject.jetty.server.handler.ContextHandler : Started o.s.j.s.ServletContextHandler@3d6300e8{/storage/rdd/json,null,AVAILABLE,@Spark}
2022-08-01 16:55:39.436  INFO  915 --- [           main] ject.jetty.server.handler.ContextHandler : Started o.s.j.s.ServletContextHandler@24a1c17f{/environment,null,AVAILABLE,@Spark}
2022-08-01 16:55:39.436  INFO  915 --- [           main] ject.jetty.server.handler.ContextHandler : Started o.s.j.s.ServletContextHandler@73511076{/environment/json,null,AVAILABLE,@Spark}
2022-08-01 16:55:39.436  INFO  915 --- [           main] ject.jetty.server.handler.ContextHandler : Started o.s.j.s.ServletContextHandler@532721fd{/executors,null,AVAILABLE,@Spark}
2022-08-01 16:55:39.436  INFO  915 --- [           main] ject.jetty.server.handler.ContextHandler : Started o.s.j.s.ServletContextHandler@7fb9f71f{/executors/json,null,AVAILABLE,@Spark}
2022-08-01 16:55:39.451  INFO  915 --- [           main] ject.jetty.server.handler.ContextHandler : Started o.s.j.s.ServletContextHandler@51f49060{/executors/threadDump,null,AVAILABLE,@Spark}
2022-08-01 16:55:39.451  INFO  915 --- [           main] ject.jetty.server.handler.ContextHandler : Started o.s.j.s.ServletContextHandler@617fe9e1{/executors/threadDump/json,null,AVAILABLE,@Spark}
2022-08-01 16:55:39.451  INFO  915 --- [           main] ject.jetty.server.handler.ContextHandler : Started o.s.j.s.ServletContextHandler@1cf2fed4{/static,null,AVAILABLE,@Spark}
2022-08-01 16:55:39.451  INFO  915 --- [           main] ject.jetty.server.handler.ContextHandler : Started o.s.j.s.ServletContextHandler@4b629f13{/,null,AVAILABLE,@Spark}
2022-08-01 16:55:39.467  INFO  915 --- [           main] ject.jetty.server.handler.ContextHandler : Started o.s.j.s.ServletContextHandler@1b9ea3e3{/api,null,AVAILABLE,@Spark}
2022-08-01 16:55:39.467  INFO  915 --- [           main] ject.jetty.server.handler.ContextHandler : Started o.s.j.s.ServletContextHandler@4263b080{/jobs/job/kill,null,AVAILABLE,@Spark}
2022-08-01 16:55:39.467  INFO  915 --- [           main] ject.jetty.server.handler.ContextHandler : Started o.s.j.s.ServletContextHandler@71f67a79{/stages/stage/kill,null,AVAILABLE,@Spark}
2022-08-01 16:55:39.467  INFO   57 --- [           main] org.apache.spark.internal.Logging        : Bound SparkUI to 0.0.0.0, and started at http://host.docker.internal:4040
2022-08-01 16:55:39.748  INFO   57 --- [           main] org.apache.spark.internal.Logging        : Starting executor ID driver on host host.docker.internal
2022-08-01 16:55:39.811  INFO   57 --- [           main] org.apache.spark.internal.Logging        : Successfully started service 'org.apache.spark.network.netty.NettyBlockTransferService' on port 65098.
2022-08-01 16:55:39.811  INFO   82 --- [           main] .network.netty.NettyBlockTransferService : Server created on host.docker.internal:65098
2022-08-01 16:55:39.811  INFO   57 --- [           main] org.apache.spark.internal.Logging        : Using org.apache.spark.storage.RandomBlockReplicationPolicy for block replication policy
2022-08-01 16:55:39.826  INFO   57 --- [           main] org.apache.spark.internal.Logging        : Registering BlockManager BlockManagerId(driver, host.docker.internal, 65098, None)
2022-08-01 16:55:39.826  INFO   57 --- [ckManagerMaster] org.apache.spark.internal.Logging        : Registering block manager host.docker.internal:65098 with 897.6 MiB RAM, BlockManagerId(driver, host.docker.internal, 65098, None)
2022-08-01 16:55:39.826  INFO   57 --- [           main] org.apache.spark.internal.Logging        : Registered BlockManager BlockManagerId(driver, host.docker.internal, 65098, None)
2022-08-01 16:55:39.826  INFO   57 --- [           main] org.apache.spark.internal.Logging        : Initialized BlockManager: BlockManagerId(driver, host.docker.internal, 65098, None)
2022-08-01 16:55:40.170  INFO  915 --- [           main] ject.jetty.server.handler.ContextHandler : Started o.s.j.s.ServletContextHandler@378bd86d{/metrics/json,null,AVAILABLE,@Spark}
2022-08-01 16:55:40.920  INFO   57 --- [streaming-start] org.apache.spark.internal.Logging        : Starting 1 receivers
2022-08-01 16:55:40.936  INFO   57 --- [streaming-start] org.apache.spark.internal.Logging        : ReceiverTracker started
2022-08-01 16:55:40.936  INFO   57 --- [streaming-start] org.apache.spark.internal.Logging        : Slide time = 1000 ms
2022-08-01 16:55:40.936  INFO   57 --- [streaming-start] org.apache.spark.internal.Logging        : Storage level = Serialized 1x Replicated
2022-08-01 16:55:40.936  INFO   57 --- [streaming-start] org.apache.spark.internal.Logging        : Checkpoint interval = null
2022-08-01 16:55:40.936  INFO   57 --- [streaming-start] org.apache.spark.internal.Logging        : Remember interval = 1000 ms
2022-08-01 16:55:40.936  INFO   57 --- [streaming-start] org.apache.spark.internal.Logging        : Initialized and validated org.apache.spark.streaming.dstream.PluggableInputDStream@7b54ef26
2022-08-01 16:55:40.936  INFO   57 --- [streaming-start] org.apache.spark.internal.Logging        : Slide time = 1000 ms
2022-08-01 16:55:40.936  INFO   57 --- [streaming-start] org.apache.spark.internal.Logging        : Storage level = Serialized 1x Replicated
2022-08-01 16:55:40.936  INFO   57 --- [streaming-start] org.apache.spark.internal.Logging        : Checkpoint interval = null
2022-08-01 16:55:40.936  INFO   57 --- [streaming-start] org.apache.spark.internal.Logging        : Remember interval = 1000 ms
2022-08-01 16:55:40.936  INFO   57 --- [streaming-start] org.apache.spark.internal.Logging        : Initialized and validated org.apache.spark.streaming.dstream.MappedDStream@3e2f770a
2022-08-01 16:55:40.936  INFO   57 --- [streaming-start] org.apache.spark.internal.Logging        : Slide time = 1000 ms
2022-08-01 16:55:40.936  INFO   57 --- [streaming-start] org.apache.spark.internal.Logging        : Storage level = Serialized 1x Replicated
2022-08-01 16:55:40.936  INFO   57 --- [streaming-start] org.apache.spark.internal.Logging        : Checkpoint interval = null
2022-08-01 16:55:40.951  INFO   57 --- [streaming-start] org.apache.spark.internal.Logging        : Remember interval = 1000 ms
2022-08-01 16:55:40.951  INFO   57 --- [streaming-start] org.apache.spark.internal.Logging        : Initialized and validated org.apache.spark.streaming.dstream.ForEachDStream@55aaeac1
2022-08-01 16:55:41.061  INFO   57 --- [streaming-start] org.apache.spark.internal.Logging        : Started timer for JobGenerator at time 1659369341000
2022-08-01 16:55:41.066  INFO   57 --- [streaming-start] org.apache.spark.internal.Logging        : Started JobGenerator at 1659369341000 ms
2022-08-01 16:55:41.073  INFO   57 --- [streaming-start] org.apache.spark.internal.Logging        : Started JobScheduler
2022-08-01 16:55:41.074  INFO   57 --- [er-event-loop-3] org.apache.spark.internal.Logging        : Receiver 0 started
2022-08-01 16:55:41.087  INFO  915 --- [           main] ject.jetty.server.handler.ContextHandler : Started o.s.j.s.ServletContextHandler@6fd77352{/streaming,null,AVAILABLE,@Spark}
2022-08-01 16:55:41.088  INFO  915 --- [           main] ject.jetty.server.handler.ContextHandler : Started o.s.j.s.ServletContextHandler@3f672204{/streaming/json,null,AVAILABLE,@Spark}
2022-08-01 16:55:41.102  INFO  915 --- [           main] ject.jetty.server.handler.ContextHandler : Started o.s.j.s.ServletContextHandler@6c65860d{/streaming/batch,null,AVAILABLE,@Spark}
2022-08-01 16:55:41.104  INFO  915 --- [           main] ject.jetty.server.handler.ContextHandler : Started o.s.j.s.ServletContextHandler@7cf283e1{/streaming/batch/json,null,AVAILABLE,@Spark}
2022-08-01 16:55:41.107  INFO  915 --- [           main] ject.jetty.server.handler.ContextHandler : Started o.s.j.s.ServletContextHandler@252f626c{/static/streaming,null,AVAILABLE,@Spark}
2022-08-01 16:55:41.108  INFO   57 --- [           main] org.apache.spark.internal.Logging        : StreamingContext started
2022-08-01 16:55:41.116  INFO   57 --- [uler-event-loop] org.apache.spark.internal.Logging        : Got job 0 (start at Application.java:156) with 1 output partitions
2022-08-01 16:55:41.120  INFO   57 --- [uler-event-loop] org.apache.spark.internal.Logging        : Final stage: ResultStage 0 (start at Application.java:156)
2022-08-01 16:55:41.121  INFO   57 --- [uler-event-loop] org.apache.spark.internal.Logging        : Parents of final stage: List()
2022-08-01 16:55:41.124  INFO   57 --- [uler-event-loop] org.apache.spark.internal.Logging        : Missing parents: List()
2022-08-01 16:55:41.140  INFO   57 --- [uler-event-loop] org.apache.spark.internal.Logging        : Submitting ResultStage 0 (Receiver 0 ParallelCollectionRDD[0] at makeRDD at ReceiverTracker.scala:609), which has no missing parents
2022-08-01 16:55:41.191  INFO   57 --- [   JobGenerator] org.apache.spark.internal.Logging        : Added jobs for time 1659369341000 ms
2022-08-01 16:55:41.207  INFO   57 --- [   JobScheduler] org.apache.spark.internal.Logging        : Starting job streaming job 1659369341000 ms.0 from job set of time 1659369341000 ms
2022-08-01 16:55:41.363  WARN   69 --- [-job-executor-0] org.apache.spark.internal.Logging        : Using an existing SparkContext; some configuration may not take effect.
2022-08-01 16:55:41.501  INFO   57 --- [uler-event-loop] org.apache.spark.internal.Logging        : Block broadcast_0 stored as values in memory (estimated size 97.5 KiB, free 897.5 MiB)
2022-08-01 16:55:41.867  INFO   57 --- [-job-executor-0] org.apache.spark.internal.Logging        : Setting hive.metastore.warehouse.dir ('null') to the value of spark.sql.warehouse.dir.
2022-08-01 16:55:41.900  INFO   57 --- [uler-event-loop] org.apache.spark.internal.Logging        : Block broadcast_0_piece0 stored as bytes in memory (estimated size 34.2 KiB, free 897.5 MiB)
2022-08-01 16:55:41.904  INFO   57 --- [ckManagerMaster] org.apache.spark.internal.Logging        : Added broadcast_0_piece0 in memory on host.docker.internal:65098 (size: 34.2 KiB, free: 897.6 MiB)
2022-08-01 16:55:41.910  INFO   57 --- [uler-event-loop] org.apache.spark.internal.Logging        : Created broadcast 0 from broadcast at DAGScheduler.scala:1478
2022-08-01 16:55:41.931  INFO   57 --- [uler-event-loop] org.apache.spark.internal.Logging        : Submitting 1 missing tasks from ResultStage 0 (Receiver 0 ParallelCollectionRDD[0] at makeRDD at ReceiverTracker.scala:609) (first 15 tasks are for partitions Vector(0))
2022-08-01 16:55:41.933  INFO   57 --- [uler-event-loop] org.apache.spark.internal.Logging        : Adding task set 0.0 with 1 tasks resource profile 0
2022-08-01 16:55:42.007  INFO   57 --- [   JobGenerator] org.apache.spark.internal.Logging        : Added jobs for time 1659369342000 ms
2022-08-01 16:55:42.063  INFO   57 --- [er-event-loop-0] org.apache.spark.internal.Logging        : Starting task 0.0 in stage 0.0 (TID 0) (host.docker.internal, executor driver, partition 0, PROCESS_LOCAL, 5950 bytes) taskResourceAssignments Map()
2022-08-01 16:55:42.100  INFO   57 --- [age 0.0 (TID 0)] org.apache.spark.internal.Logging        : Running task 0.0 in stage 0.0 (TID 0)
2022-08-01 16:55:42.664  INFO   57 --- [age 0.0 (TID 0)] org.apache.spark.internal.Logging        : Started timer for BlockGenerator at time 1659369342800
2022-08-01 16:55:42.666  INFO   57 --- [age 0.0 (TID 0)] org.apache.spark.internal.Logging        : Started BlockGenerator
2022-08-01 16:55:42.669  INFO   57 --- [      Thread-14] org.apache.spark.internal.Logging        : Started block pushing thread
2022-08-01 16:55:42.679  INFO   57 --- [er-event-loop-0] org.apache.spark.internal.Logging        : Registered receiver for stream 0 from host.docker.internal:65074
2022-08-01 16:55:42.680  INFO   57 --- [age 0.0 (TID 0)] org.apache.spark.internal.Logging        : Starting receiver 0
2022-08-01 16:55:42.682  INFO   57 --- [age 0.0 (TID 0)] org.apache.spark.internal.Logging        : Called receiver 0 onStart
2022-08-01 16:55:42.684  INFO   57 --- [age 0.0 (TID 0)] org.apache.spark.internal.Logging        : Waiting for receiver to be stopped
2022-08-01 16:55:43.008  INFO   57 --- [   JobGenerator] org.apache.spark.internal.Logging        : Added jobs for time 1659369343000 ms
2022-08-01 16:55:43.115  INFO   57 --- [-job-executor-0] org.apache.spark.internal.Logging        : Warehouse path is 'file:/C:/IntelliJProjects/NifiSparkStreaming/spark-warehouse'.
2022-08-01 16:55:43.134  INFO  915 --- [-job-executor-0] ject.jetty.server.handler.ContextHandler : Started o.s.j.s.ServletContextHandler@6c374d19{/SQL,null,AVAILABLE,@Spark}
2022-08-01 16:55:43.136  INFO  915 --- [-job-executor-0] ject.jetty.server.handler.ContextHandler : Started o.s.j.s.ServletContextHandler@7088a5fc{/SQL/json,null,AVAILABLE,@Spark}
2022-08-01 16:55:43.139  INFO  915 --- [-job-executor-0] ject.jetty.server.handler.ContextHandler : Started o.s.j.s.ServletContextHandler@32d653e{/SQL/execution,null,AVAILABLE,@Spark}
2022-08-01 16:55:43.140  INFO  915 --- [-job-executor-0] ject.jetty.server.handler.ContextHandler : Started o.s.j.s.ServletContextHandler@769ec88{/SQL/execution/json,null,AVAILABLE,@Spark}
2022-08-01 16:55:43.143  INFO  915 --- [-job-executor-0] ject.jetty.server.handler.ContextHandler : Started o.s.j.s.ServletContextHandler@4a9809db{/static/sql,null,AVAILABLE,@Spark}
2022-08-01 16:55:44.005  INFO   57 --- [   JobGenerator] org.apache.spark.internal.Logging        : Added jobs for time 1659369344000 ms
2022-08-01 16:55:44.357  INFO  571 --- [  NiFi Receiver] g.apache.nifi.remote.client.PeerSelector : Successfully refreshed peer status cache; remote group consists of 1 peers
2022-08-01 16:55:44.358  INFO  571 --- [ool Maintenance] g.apache.nifi.remote.client.PeerSelector : Successfully refreshed peer status cache; remote group consists of 1 peers
2022-08-01 16:55:44.614  INFO   57 --- [  NiFi Receiver] org.apache.spark.internal.Logging        : Block input-0-1659369342653 stored as values in memory (estimated size 5.1 MiB, free 892.4 MiB)
2022-08-01 16:55:44.615  INFO   57 --- [ckManagerMaster] org.apache.spark.internal.Logging        : Added input-0-1659369342653 in memory on host.docker.internal:65098 (size: 5.1 MiB, free: 892.5 MiB)
2022-08-01 16:55:45.006  INFO   57 --- [   JobGenerator] org.apache.spark.internal.Logging        : Added jobs for time 1659369345000 ms
2022-08-01 16:55:46.004  INFO   57 --- [   JobGenerator] org.apache.spark.internal.Logging        : Added jobs for time 1659369346000 ms
2022-08-01 16:55:47.003  INFO   57 --- [   JobGenerator] org.apache.spark.internal.Logging        : Added jobs for time 1659369347000 ms
2022-08-01 16:55:48.013  INFO   57 --- [   JobGenerator] org.apache.spark.internal.Logging        : Added jobs for time 1659369348000 ms
2022-08-01 16:55:49.007  INFO   57 --- [   JobGenerator] org.apache.spark.internal.Logging        : Added jobs for time 1659369349000 ms
2022-08-01 16:55:50.009  INFO   57 --- [   JobGenerator] org.apache.spark.internal.Logging        : Added jobs for time 1659369350000 ms
2022-08-01 16:55:51.007  INFO   57 --- [   JobGenerator] org.apache.spark.internal.Logging        : Added jobs for time 1659369351000 ms
2022-08-01 16:55:51.741  WARN   69 --- [ver-heartbeater] org.apache.spark.internal.Logging        : Exception when trying to compute pagesize, as a result reporting of ProcessTree metrics is stopped
2022-08-01 16:55:52.004  INFO   57 --- [   JobGenerator] org.apache.spark.internal.Logging        : Added jobs for time 1659369352000 ms
2022-08-01 16:55:52.460  INFO   57 --- [-job-executor-0] org.apache.spark.internal.Logging        : Code generated in 580.6486 ms
2022-08-01 16:55:52.519  INFO   57 --- [   JobScheduler] org.apache.spark.internal.Logging        : Finished job streaming job 1659369341000 ms.0 from job set of time 1659369341000 ms
2022-08-01 16:55:52.524  INFO   57 --- [   JobScheduler] org.apache.spark.internal.Logging        : Total delay: 11.518 s for time 1659369341000 ms (execution: 11.314 s)
2022-08-01 16:55:52.525  INFO   57 --- [   JobScheduler] org.apache.spark.internal.Logging        : Starting job streaming job 1659369342000 ms.0 from job set of time 1659369342000 ms
2022-08-01 16:55:52.535  INFO   57 --- [   JobGenerator] org.apache.spark.internal.Logging        : Deleting batches: 
2022-08-01 16:55:52.535  WARN   69 --- [-job-executor-0] org.apache.spark.internal.Logging        : Using an existing SparkSession; the static sql configurations will not take effect.
2022-08-01 16:55:52.536  WARN   69 --- [-job-executor-0] org.apache.spark.internal.Logging        : Using an existing SparkSession; some spark core configurations may not take effect.
2022-08-01 16:55:52.560  INFO   57 --- [   JobGenerator] org.apache.spark.internal.Logging        : remove old batch metadata: 
2022-08-01 16:55:52.621  INFO   57 --- [   JobScheduler] org.apache.spark.internal.Logging        : Finished job streaming job 1659369342000 ms.0 from job set of time 1659369342000 ms
2022-08-01 16:55:52.622  INFO   57 --- [   JobScheduler] org.apache.spark.internal.Logging        : Total delay: 10.621 s for time 1659369342000 ms (execution: 0.097 s)
2022-08-01 16:55:52.624  INFO   57 --- [   JobScheduler] org.apache.spark.internal.Logging        : Starting job streaming job 1659369343000 ms.0 from job set of time 1659369343000 ms
2022-08-01 16:55:52.628  INFO   57 --- [   JobGenerator] org.apache.spark.internal.Logging        : Removing RDD 2 from persistence list
2022-08-01 16:55:52.631  WARN   69 --- [-job-executor-0] org.apache.spark.internal.Logging        : Using an existing SparkSession; the static sql configurations will not take effect.
2022-08-01 16:55:52.632  WARN   69 --- [-job-executor-0] org.apache.spark.internal.Logging        : Using an existing SparkSession; some spark core configurations may not take effect.
2022-08-01 16:55:52.724  INFO   57 --- [   JobScheduler] org.apache.spark.internal.Logging        : Finished job streaming job 1659369343000 ms.0 from job set of time 1659369343000 ms
2022-08-01 16:55:52.725  INFO   57 --- [   JobScheduler] org.apache.spark.internal.Logging        : Total delay: 9.723 s for time 1659369343000 ms (execution: 0.099 s)
2022-08-01 16:55:52.725  INFO   57 --- [   JobScheduler] org.apache.spark.internal.Logging        : Starting job streaming job 1659369344000 ms.0 from job set of time 1659369344000 ms
2022-08-01 16:55:52.728  WARN   69 --- [-job-executor-0] org.apache.spark.internal.Logging        : Using an existing SparkSession; the static sql configurations will not take effect.
2022-08-01 16:55:52.728  WARN   69 --- [-job-executor-0] org.apache.spark.internal.Logging        : Using an existing SparkSession; some spark core configurations may not take effect.
2022-08-01 16:55:52.789  INFO   57 --- [c-thread-pool-0] org.apache.spark.internal.Logging        : Removing RDD 2
2022-08-01 16:55:52.791  INFO   57 --- [   JobGenerator] org.apache.spark.internal.Logging        : Removing RDD 1 from persistence list
2022-08-01 16:55:52.793  INFO   57 --- [   JobGenerator] org.apache.spark.internal.Logging        : Removing blocks of RDD BlockRDD[1] at receiverStream at Application.java:122 of time 1659369342000 ms
2022-08-01 16:55:52.795  INFO   57 --- [c-thread-pool-1] org.apache.spark.internal.Logging        : Removing RDD 1
2022-08-01 16:55:52.800  INFO   57 --- [   JobGenerator] org.apache.spark.internal.Logging        : Deleting batches: 
2022-08-01 16:55:52.800  INFO   57 --- [   JobGenerator] org.apache.spark.internal.Logging        : remove old batch metadata: 
2022-08-01 16:55:52.801  INFO   57 --- [   JobGenerator] org.apache.spark.internal.Logging        : Removing RDD 6 from persistence list
2022-08-01 16:55:52.803  INFO   57 --- [   JobGenerator] org.apache.spark.internal.Logging        : Removing RDD 5 from persistence list
2022-08-01 16:55:52.805  INFO   57 --- [   JobGenerator] org.apache.spark.internal.Logging        : Removing blocks of RDD BlockRDD[5] at receiverStream at Application.java:122 of time 1659369343000 ms
2022-08-01 16:55:52.809  INFO   57 --- [   JobGenerator] org.apache.spark.internal.Logging        : Deleting batches: 1659369341000 ms
2022-08-01 16:55:52.809  INFO   57 --- [   JobGenerator] org.apache.spark.internal.Logging        : remove old batch metadata: 1659369341000 ms
2022-08-01 16:55:52.812  INFO   57 --- [c-thread-pool-4] org.apache.spark.internal.Logging        : Removing RDD 6
2022-08-01 16:55:52.813  INFO   57 --- [c-thread-pool-7] org.apache.spark.internal.Logging        : Removing RDD 5
2022-08-01 16:55:52.832  INFO   57 --- [   JobScheduler] org.apache.spark.internal.Logging        : Finished job streaming job 1659369344000 ms.0 from job set of time 1659369344000 ms
2022-08-01 16:55:52.833  INFO   57 --- [   JobScheduler] org.apache.spark.internal.Logging        : Total delay: 8.832 s for time 1659369344000 ms (execution: 0.107 s)
2022-08-01 16:55:52.834  INFO   57 --- [   JobGenerator] org.apache.spark.internal.Logging        : Removing RDD 8 from persistence list
2022-08-01 16:55:52.835  INFO   57 --- [   JobScheduler] org.apache.spark.internal.Logging        : Starting job streaming job 1659369345000 ms.0 from job set of time 1659369345000 ms
2022-08-01 16:55:52.835  INFO   57 --- [   JobGenerator] org.apache.spark.internal.Logging        : Removing RDD 7 from persistence list
2022-08-01 16:55:52.837  INFO   57 --- [   JobGenerator] org.apache.spark.internal.Logging        : Removing blocks of RDD BlockRDD[7] at receiverStream at Application.java:122 of time 1659369344000 ms
2022-08-01 16:55:52.837  INFO   57 --- [   JobGenerator] org.apache.spark.internal.Logging        : Deleting batches: 1659369342000 ms
2022-08-01 16:55:52.838  INFO   57 --- [   JobGenerator] org.apache.spark.internal.Logging        : remove old batch metadata: 1659369342000 ms
2022-08-01 16:55:52.838  INFO   57 --- [-thread-pool-12] org.apache.spark.internal.Logging        : Removing RDD 8
2022-08-01 16:55:52.839  INFO   57 --- [-thread-pool-13] org.apache.spark.internal.Logging        : Removing RDD 7
2022-08-01 16:55:52.842  WARN   69 --- [-job-executor-0] org.apache.spark.internal.Logging        : Using an existing SparkSession; the static sql configurations will not take effect.
2022-08-01 16:55:52.842  WARN   69 --- [-job-executor-0] org.apache.spark.internal.Logging        : Using an existing SparkSession; some spark core configurations may not take effect.
2022-08-01 16:55:52.933  INFO   57 --- [-job-executor-0] org.apache.spark.internal.Logging        : Starting job: show at Application.java:146
2022-08-01 16:55:52.938  INFO   57 --- [uler-event-loop] org.apache.spark.internal.Logging        : Got job 1 (show at Application.java:146) with 1 output partitions
2022-08-01 16:55:52.939  INFO   57 --- [uler-event-loop] org.apache.spark.internal.Logging        : Final stage: ResultStage 1 (show at Application.java:146)
2022-08-01 16:55:52.939  INFO   57 --- [uler-event-loop] org.apache.spark.internal.Logging        : Parents of final stage: List()
2022-08-01 16:55:52.941  INFO   57 --- [uler-event-loop] org.apache.spark.internal.Logging        : Missing parents: List()
2022-08-01 16:55:52.943  INFO   57 --- [uler-event-loop] org.apache.spark.internal.Logging        : Submitting ResultStage 1 (MapPartitionsRDD[44] at show at Application.java:146), which has no missing parents
2022-08-01 16:55:52.976  INFO   57 --- [uler-event-loop] org.apache.spark.internal.Logging        : Block broadcast_1 stored as values in memory (estimated size 12.9 KiB, free 892.4 MiB)
2022-08-01 16:55:52.979  INFO   57 --- [uler-event-loop] org.apache.spark.internal.Logging        : Block broadcast_1_piece0 stored as bytes in memory (estimated size 5.8 KiB, free 892.4 MiB)
2022-08-01 16:55:52.982  INFO   57 --- [ckManagerMaster] org.apache.spark.internal.Logging        : Added broadcast_1_piece0 in memory on host.docker.internal:65098 (size: 5.8 KiB, free: 892.5 MiB)
2022-08-01 16:55:52.984  INFO   57 --- [uler-event-loop] org.apache.spark.internal.Logging        : Created broadcast 1 from broadcast at DAGScheduler.scala:1478
2022-08-01 16:55:52.986  INFO   57 --- [uler-event-loop] org.apache.spark.internal.Logging        : Submitting 1 missing tasks from ResultStage 1 (MapPartitionsRDD[44] at show at Application.java:146) (first 15 tasks are for partitions Vector(0))
2022-08-01 16:55:52.986  INFO   57 --- [uler-event-loop] org.apache.spark.internal.Logging        : Adding task set 1.0 with 1 tasks resource profile 0
2022-08-01 16:55:52.991  INFO   57 --- [er-event-loop-2] org.apache.spark.internal.Logging        : Starting task 0.0 in stage 1.0 (TID 1) (host.docker.internal, executor driver, partition 0, PROCESS_LOCAL, 4394 bytes) taskResourceAssignments Map()
2022-08-01 16:55:52.994  INFO   57 --- [age 1.0 (TID 1)] org.apache.spark.internal.Logging        : Running task 0.0 in stage 1.0 (TID 1)
2022-08-01 16:55:53.025  INFO   57 --- [   JobGenerator] org.apache.spark.internal.Logging        : Added jobs for time 1659369353000 ms
2022-08-01 16:55:53.284  INFO   57 --- [age 1.0 (TID 1)] org.apache.spark.internal.Logging        : Found block input-0-1659369342653 locally
2022-08-01 16:55:54.054  INFO   57 --- [   JobGenerator] org.apache.spark.internal.Logging        : Added jobs for time 1659369354000 ms
2022-08-01 16:55:54.485  INFO   57 --- [age 1.0 (TID 1)] org.apache.spark.internal.Logging        : 1 block locks were not released by task 0.0 in stage 1.0 (TID 1)
[input-0-1659369342653]
2022-08-01 16:55:54.522  INFO   57 --- [age 1.0 (TID 1)] org.apache.spark.internal.Logging        : Finished task 0.0 in stage 1.0 (TID 1). 2639 bytes result sent to driver
2022-08-01 16:55:54.616  INFO   57 --- [result-getter-0] org.apache.spark.internal.Logging        : Finished task 0.0 in stage 1.0 (TID 1) in 1626 ms on host.docker.internal (executor driver) (1/1)
2022-08-01 16:55:54.620  INFO   57 --- [result-getter-0] org.apache.spark.internal.Logging        : Removed TaskSet 1.0, whose tasks have all completed, from pool 
2022-08-01 16:55:54.779  INFO   57 --- [uler-event-loop] org.apache.spark.internal.Logging        : ResultStage 1 (show at Application.java:146) finished in 1.826 s
2022-08-01 16:55:54.786  INFO   57 --- [uler-event-loop] org.apache.spark.internal.Logging        : Job 1 is finished. Cancelling potential speculative or zombie tasks for this job
2022-08-01 16:55:54.787  INFO   57 --- [uler-event-loop] org.apache.spark.internal.Logging        : Killing all running tasks in stage 1: Stage finished
2022-08-01 16:55:54.823  INFO   57 --- [-job-executor-0] org.apache.spark.internal.Logging        : Job 1 finished: show at Application.java:146, took 1.889673 s
2022-08-01 16:55:55.017  INFO   57 --- [   JobGenerator] org.apache.spark.internal.Logging        : Added jobs for time 1659369355000 ms
2022-08-01 16:55:55.025  INFO   57 --- [-job-executor-0] org.apache.spark.internal.Logging        : Code generated in 80.4096 ms
2022-08-01 16:55:55.224  INFO   57 --- [   JobScheduler] org.apache.spark.internal.Logging        : Finished job streaming job 1659369345000 ms.0 from job set of time 1659369345000 ms
2022-08-01 16:55:55.229  INFO   57 --- [   JobScheduler] org.apache.spark.internal.Logging        : Total delay: 10.224 s for time 1659369345000 ms (execution: 2.389 s)
2022-08-01 16:55:55.229  INFO   57 --- [   JobScheduler] org.apache.spark.internal.Logging        : Starting job streaming job 1659369346000 ms.0 from job set of time 1659369346000 ms
2022-08-01 16:55:55.228  WARN   69 --- [-job-executor-0] org.apache.spark.internal.Logging        : Using an existing SparkSession; the static sql configurations will not take effect.
2022-08-01 16:55:55.232  WARN   69 --- [-job-executor-0] org.apache.spark.internal.Logging        : Using an existing SparkSession; some spark core configurations may not take effect.
2022-08-01 16:55:55.232  INFO   57 --- [   JobGenerator] org.apache.spark.internal.Logging        : Removing RDD 10 from persistence list
2022-08-01 16:55:55.235  INFO   57 --- [   JobGenerator] org.apache.spark.internal.Logging        : Removing RDD 9 from persistence list
2022-08-01 16:55:55.255  INFO   57 --- [   JobGenerator] org.apache.spark.internal.Logging        : Removing blocks of RDD BlockRDD[9] at receiverStream at Application.java:122 of time 1659369345000 ms
2022-08-01 16:55:55.255  INFO   57 --- [   JobGenerator] org.apache.spark.internal.Logging        : Deleting batches: 1659369343000 ms
2022-08-01 16:55:55.256  INFO   57 --- [   JobGenerator] org.apache.spark.internal.Logging        : remove old batch metadata: 1659369343000 ms
2022-08-01 16:55:55.272  INFO   57 --- [-thread-pool-18] org.apache.spark.internal.Logging        : Removing RDD 10
2022-08-01 16:55:55.282  INFO   57 --- [-thread-pool-19] org.apache.spark.internal.Logging        : Removing RDD 9
2022-08-01 16:55:55.356  INFO   57 --- [   JobScheduler] org.apache.spark.internal.Logging        : Finished job streaming job 1659369346000 ms.0 from job set of time 1659369346000 ms
2022-08-01 16:55:55.356  INFO   57 --- [   JobScheduler] org.apache.spark.internal.Logging        : Total delay: 9.356 s for time 1659369346000 ms (execution: 0.127 s)
2022-08-01 16:55:55.357  INFO   57 --- [   JobScheduler] org.apache.spark.internal.Logging        : Starting job streaming job 1659369347000 ms.0 from job set of time 1659369347000 ms
2022-08-01 16:55:55.359  INFO   57 --- [   JobGenerator] org.apache.spark.internal.Logging        : Removing RDD 12 from persistence list
2022-08-01 16:55:55.360  WARN   69 --- [-job-executor-0] org.apache.spark.internal.Logging        : Using an existing SparkSession; the static sql configurations will not take effect.
2022-08-01 16:55:55.360  WARN   69 --- [-job-executor-0] org.apache.spark.internal.Logging        : Using an existing SparkSession; some spark core configurations may not take effect.
2022-08-01 16:55:55.371  INFO   57 --- [   JobGenerator] org.apache.spark.internal.Logging        : Removing RDD 11 from persistence list
2022-08-01 16:55:55.374  INFO   57 --- [   JobGenerator] org.apache.spark.internal.Logging        : Removing blocks of RDD BlockRDD[11] at receiverStream at Application.java:122 of time 1659369346000 ms
2022-08-01 16:55:55.377  INFO   57 --- [-thread-pool-24] org.apache.spark.internal.Logging        : Removing RDD 12
2022-08-01 16:55:55.379  INFO   57 --- [-thread-pool-25] org.apache.spark.internal.Logging        : Removing RDD 11
2022-08-01 16:55:55.413  INFO   57 --- [   JobGenerator] org.apache.spark.internal.Logging        : Deleting batches: 1659369344000 ms
2022-08-01 16:55:55.413  INFO   57 --- [   JobGenerator] org.apache.spark.internal.Logging        : remove old batch metadata: 1659369344000 ms
2022-08-01 16:55:55.440  WARN   69 --- [-job-executor-0] org.apache.spark.internal.Logging        : Using an existing SparkSession; the static sql configurations will not take effect.
2022-08-01 16:55:55.440  WARN   69 --- [-job-executor-0] org.apache.spark.internal.Logging        : Using an existing SparkSession; some spark core configurations may not take effect.
2022-08-01 16:55:55.441  INFO   57 --- [   JobScheduler] org.apache.spark.internal.Logging        : Finished job streaming job 1659369347000 ms.0 from job set of time 1659369347000 ms
2022-08-01 16:55:55.467  INFO   57 --- [   JobScheduler] org.apache.spark.internal.Logging        : Total delay: 8.441 s for time 1659369347000 ms (execution: 0.084 s)
2022-08-01 16:55:55.467  INFO   57 --- [   JobScheduler] org.apache.spark.internal.Logging        : Starting job streaming job 1659369348000 ms.0 from job set of time 1659369348000 ms
2022-08-01 16:55:55.467  INFO   57 --- [   JobGenerator] org.apache.spark.internal.Logging        : Removing RDD 14 from persistence list
2022-08-01 16:55:55.469  INFO   57 --- [   JobGenerator] org.apache.spark.internal.Logging        : Removing RDD 13 from persistence list
2022-08-01 16:55:55.471  INFO   57 --- [   JobGenerator] org.apache.spark.internal.Logging        : Removing blocks of RDD BlockRDD[13] at receiverStream at Application.java:122 of time 1659369347000 ms
2022-08-01 16:55:55.471  INFO   57 --- [   JobGenerator] org.apache.spark.internal.Logging        : Deleting batches: 1659369345000 ms
2022-08-01 16:55:55.472  INFO   57 --- [   JobGenerator] org.apache.spark.internal.Logging        : remove old batch metadata: 1659369345000 ms
2022-08-01 16:55:55.475  INFO   57 --- [ckManagerMaster] org.apache.spark.internal.Logging        : Removed input-0-1659369342653 on host.docker.internal:65098 in memory (size: 5.1 MiB, free: 897.6 MiB)
2022-08-01 16:55:55.487  INFO   57 --- [-thread-pool-31] org.apache.spark.internal.Logging        : Removing RDD 14
2022-08-01 16:55:55.489  INFO   57 --- [-thread-pool-32] org.apache.spark.internal.Logging        : Removing RDD 13
2022-08-01 16:55:55.574  INFO   57 --- [   JobScheduler] org.apache.spark.internal.Logging        : Finished job streaming job 1659369348000 ms.0 from job set of time 1659369348000 ms
2022-08-01 16:55:55.575  INFO   57 --- [   JobScheduler] org.apache.spark.internal.Logging        : Total delay: 7.574 s for time 1659369348000 ms (execution: 0.107 s)
2022-08-01 16:55:55.575  INFO   57 --- [   JobScheduler] org.apache.spark.internal.Logging        : Starting job streaming job 1659369349000 ms.0 from job set of time 1659369349000 ms
2022-08-01 16:55:55.576  INFO   57 --- [   JobGenerator] org.apache.spark.internal.Logging        : Removing RDD 16 from persistence list
2022-08-01 16:55:55.578  WARN   69 --- [-job-executor-0] org.apache.spark.internal.Logging        : Using an existing SparkSession; the static sql configurations will not take effect.
2022-08-01 16:55:55.579  WARN   69 --- [-job-executor-0] org.apache.spark.internal.Logging        : Using an existing SparkSession; some spark core configurations may not take effect.
2022-08-01 16:55:55.578  INFO   57 --- [   JobGenerator] org.apache.spark.internal.Logging        : Removing RDD 15 from persistence list
2022-08-01 16:55:55.583  INFO   57 --- [   JobGenerator] org.apache.spark.internal.Logging        : Removing blocks of RDD BlockRDD[15] at receiverStream at Application.java:122 of time 1659369348000 ms
2022-08-01 16:55:55.583  INFO   57 --- [-thread-pool-39] org.apache.spark.internal.Logging        : Removing RDD 16
2022-08-01 16:55:55.584  INFO   57 --- [-thread-pool-40] org.apache.spark.internal.Logging        : Removing RDD 15
2022-08-01 16:55:55.583  INFO   57 --- [   JobGenerator] org.apache.spark.internal.Logging        : Deleting batches: 1659369346000 ms
2022-08-01 16:55:55.586  INFO   57 --- [   JobGenerator] org.apache.spark.internal.Logging        : remove old batch metadata: 1659369346000 ms
2022-08-01 16:55:55.643  INFO   57 --- [   JobScheduler] org.apache.spark.internal.Logging        : Finished job streaming job 1659369349000 ms.0 from job set of time 1659369349000 ms
2022-08-01 16:55:55.644  WARN   69 --- [-job-executor-0] org.apache.spark.internal.Logging        : Using an existing SparkSession; the static sql configurations will not take effect.
2022-08-01 16:55:55.645  WARN   69 --- [-job-executor-0] org.apache.spark.internal.Logging        : Using an existing SparkSession; some spark core configurations may not take effect.
2022-08-01 16:55:55.646  INFO   57 --- [   JobGenerator] org.apache.spark.internal.Logging        : Removing RDD 18 from persistence list
2022-08-01 16:55:55.648  INFO   57 --- [   JobScheduler] org.apache.spark.internal.Logging        : Total delay: 6.643 s for time 1659369349000 ms (execution: 0.068 s)
2022-08-01 16:55:55.648  INFO   57 --- [   JobScheduler] org.apache.spark.internal.Logging        : Starting job streaming job 1659369350000 ms.0 from job set of time 1659369350000 ms
2022-08-01 16:55:55.654  INFO   57 --- [   JobGenerator] org.apache.spark.internal.Logging        : Removing RDD 17 from persistence list
2022-08-01 16:55:55.656  INFO   57 --- [   JobGenerator] org.apache.spark.internal.Logging        : Removing blocks of RDD BlockRDD[17] at receiverStream at Application.java:122 of time 1659369349000 ms
2022-08-01 16:55:55.656  INFO   57 --- [   JobGenerator] org.apache.spark.internal.Logging        : Deleting batches: 1659369347000 ms
2022-08-01 16:55:55.657  INFO   57 --- [   JobGenerator] org.apache.spark.internal.Logging        : remove old batch metadata: 1659369347000 ms
2022-08-01 16:55:55.657  INFO   57 --- [-thread-pool-45] org.apache.spark.internal.Logging        : Removing RDD 18
2022-08-01 16:55:55.657  INFO   57 --- [-thread-pool-46] org.apache.spark.internal.Logging        : Removing RDD 17
2022-08-01 16:55:55.722  INFO   57 --- [   JobScheduler] org.apache.spark.internal.Logging        : Finished job streaming job 1659369350000 ms.0 from job set of time 1659369350000 ms
2022-08-01 16:55:55.722  INFO   57 --- [   JobGenerator] org.apache.spark.internal.Logging        : Removing RDD 20 from persistence list
2022-08-01 16:55:55.723  INFO   57 --- [   JobScheduler] org.apache.spark.internal.Logging        : Total delay: 5.721 s for time 1659369350000 ms (execution: 0.073 s)
2022-08-01 16:55:55.723  INFO   57 --- [   JobScheduler] org.apache.spark.internal.Logging        : Starting job streaming job 1659369351000 ms.0 from job set of time 1659369351000 ms
2022-08-01 16:55:55.724  INFO   57 --- [   JobGenerator] org.apache.spark.internal.Logging        : Removing RDD 19 from persistence list
2022-08-01 16:55:55.724  INFO   57 --- [-thread-pool-51] org.apache.spark.internal.Logging        : Removing RDD 20
2022-08-01 16:55:55.734  INFO   57 --- [   JobGenerator] org.apache.spark.internal.Logging        : Removing blocks of RDD BlockRDD[19] at receiverStream at Application.java:122 of time 1659369350000 ms
2022-08-01 16:55:55.734  INFO   57 --- [   JobGenerator] org.apache.spark.internal.Logging        : Deleting batches: 1659369348000 ms
2022-08-01 16:55:55.735  INFO   57 --- [   JobGenerator] org.apache.spark.internal.Logging        : remove old batch metadata: 1659369348000 ms
2022-08-01 16:55:55.736  WARN   69 --- [-job-executor-0] org.apache.spark.internal.Logging        : Using an existing SparkSession; the static sql configurations will not take effect.
2022-08-01 16:55:55.736  WARN   69 --- [-job-executor-0] org.apache.spark.internal.Logging        : Using an existing SparkSession; some spark core configurations may not take effect.
2022-08-01 16:55:55.738  INFO   57 --- [-thread-pool-54] org.apache.spark.internal.Logging        : Removing RDD 19
2022-08-01 16:55:55.827  INFO   57 --- [   JobScheduler] org.apache.spark.internal.Logging        : Finished job streaming job 1659369351000 ms.0 from job set of time 1659369351000 ms
2022-08-01 16:55:55.827  INFO   57 --- [   JobScheduler] org.apache.spark.internal.Logging        : Total delay: 4.827 s for time 1659369351000 ms (execution: 0.104 s)
2022-08-01 16:55:55.828  INFO   57 --- [   JobGenerator] org.apache.spark.internal.Logging        : Removing RDD 22 from persistence list
2022-08-01 16:55:55.828  INFO   57 --- [   JobScheduler] org.apache.spark.internal.Logging        : Starting job streaming job 1659369352000 ms.0 from job set of time 1659369352000 ms
2022-08-01 16:55:55.829  INFO   57 --- [   JobGenerator] org.apache.spark.internal.Logging        : Removing RDD 21 from persistence list
2022-08-01 16:55:55.830  INFO   57 --- [   JobGenerator] org.apache.spark.internal.Logging        : Removing blocks of RDD BlockRDD[21] at receiverStream at Application.java:122 of time 1659369351000 ms
2022-08-01 16:55:55.831  INFO   57 --- [   JobGenerator] org.apache.spark.internal.Logging        : Deleting batches: 1659369349000 ms
2022-08-01 16:55:55.831  INFO   57 --- [   JobGenerator] org.apache.spark.internal.Logging        : remove old batch metadata: 1659369349000 ms
2022-08-01 16:55:55.832  INFO   57 --- [-thread-pool-57] org.apache.spark.internal.Logging        : Removing RDD 22
2022-08-01 16:55:55.834  INFO   57 --- [-thread-pool-58] org.apache.spark.internal.Logging        : Removing RDD 21
2022-08-01 16:55:55.836  WARN   69 --- [-job-executor-0] org.apache.spark.internal.Logging        : Using an existing SparkSession; the static sql configurations will not take effect.
2022-08-01 16:55:55.838  WARN   69 --- [-job-executor-0] org.apache.spark.internal.Logging        : Using an existing SparkSession; some spark core configurations may not take effect.
2022-08-01 16:55:55.891  INFO   57 --- [   JobScheduler] org.apache.spark.internal.Logging        : Finished job streaming job 1659369352000 ms.0 from job set of time 1659369352000 ms
2022-08-01 16:55:55.891  INFO   57 --- [   JobScheduler] org.apache.spark.internal.Logging        : Total delay: 3.891 s for time 1659369352000 ms (execution: 0.063 s)
2022-08-01 16:55:55.892  INFO   57 --- [   JobScheduler] org.apache.spark.internal.Logging        : Starting job streaming job 1659369353000 ms.0 from job set of time 1659369353000 ms
2022-08-01 16:55:55.894  WARN   69 --- [-job-executor-0] org.apache.spark.internal.Logging        : Using an existing SparkSession; the static sql configurations will not take effect.
2022-08-01 16:55:55.894  WARN   69 --- [-job-executor-0] org.apache.spark.internal.Logging        : Using an existing SparkSession; some spark core configurations may not take effect.
2022-08-01 16:55:55.900  INFO   57 --- [   JobGenerator] org.apache.spark.internal.Logging        : Removing RDD 24 from persistence list
2022-08-01 16:55:55.903  INFO   57 --- [   JobGenerator] org.apache.spark.internal.Logging        : Removing RDD 23 from persistence list
2022-08-01 16:55:55.906  INFO   57 --- [   JobGenerator] org.apache.spark.internal.Logging        : Removing blocks of RDD BlockRDD[23] at receiverStream at Application.java:122 of time 1659369352000 ms
2022-08-01 16:55:55.907  INFO   57 --- [   JobGenerator] org.apache.spark.internal.Logging        : Deleting batches: 1659369350000 ms
2022-08-01 16:55:55.907  INFO   57 --- [   JobGenerator] org.apache.spark.internal.Logging        : remove old batch metadata: 1659369350000 ms
2022-08-01 16:55:55.913  INFO   57 --- [-thread-pool-63] org.apache.spark.internal.Logging        : Removing RDD 24
2022-08-01 16:55:55.914  INFO   57 --- [-thread-pool-64] org.apache.spark.internal.Logging        : Removing RDD 23
2022-08-01 16:55:55.983  WARN   69 --- [-job-executor-0] org.apache.spark.internal.Logging        : Using an existing SparkSession; the static sql configurations will not take effect.
2022-08-01 16:55:55.983  WARN   69 --- [-job-executor-0] org.apache.spark.internal.Logging        : Using an existing SparkSession; some spark core configurations may not take effect.
2022-08-01 16:55:55.987  INFO   57 --- [   JobScheduler] org.apache.spark.internal.Logging        : Finished job streaming job 1659369353000 ms.0 from job set of time 1659369353000 ms
2022-08-01 16:55:55.988  INFO   57 --- [   JobScheduler] org.apache.spark.internal.Logging        : Total delay: 2.987 s for time 1659369353000 ms (execution: 0.095 s)
2022-08-01 16:55:55.988  INFO   57 --- [   JobScheduler] org.apache.spark.internal.Logging        : Starting job streaming job 1659369354000 ms.0 from job set of time 1659369354000 ms
2022-08-01 16:55:55.989  INFO   57 --- [   JobGenerator] org.apache.spark.internal.Logging        : Removing RDD 26 from persistence list
2022-08-01 16:55:55.999  INFO   57 --- [   JobGenerator] org.apache.spark.internal.Logging        : Removing RDD 25 from persistence list
2022-08-01 16:55:56.001  INFO   57 --- [   JobGenerator] org.apache.spark.internal.Logging        : Removing blocks of RDD BlockRDD[25] at receiverStream at Application.java:122 of time 1659369353000 ms
2022-08-01 16:55:56.002  INFO   57 --- [   JobGenerator] org.apache.spark.internal.Logging        : Deleting batches: 1659369351000 ms
2022-08-01 16:55:56.002  INFO   57 --- [   JobGenerator] org.apache.spark.internal.Logging        : remove old batch metadata: 1659369351000 ms
2022-08-01 16:55:56.005  INFO   57 --- [-thread-pool-69] org.apache.spark.internal.Logging        : Removing RDD 26
2022-08-01 16:55:56.008  INFO   57 --- [-thread-pool-70] org.apache.spark.internal.Logging        : Removing RDD 25
2022-08-01 16:55:56.008  INFO   57 --- [   JobGenerator] org.apache.spark.internal.Logging        : Added jobs for time 1659369356000 ms
2022-08-01 16:55:56.045  INFO   57 --- [   JobScheduler] org.apache.spark.internal.Logging        : Finished job streaming job 1659369354000 ms.0 from job set of time 1659369354000 ms
2022-08-01 16:55:56.046  INFO   57 --- [   JobScheduler] org.apache.spark.internal.Logging        : Total delay: 2.045 s for time 1659369354000 ms (execution: 0.057 s)
2022-08-01 16:55:56.046  INFO   57 --- [   JobGenerator] org.apache.spark.internal.Logging        : Removing RDD 46 from persistence list
2022-08-01 16:55:56.046  INFO   57 --- [   JobScheduler] org.apache.spark.internal.Logging        : Starting job streaming job 1659369355000 ms.0 from job set of time 1659369355000 ms
2022-08-01 16:55:56.047  INFO   57 --- [   JobGenerator] org.apache.spark.internal.Logging        : Removing RDD 45 from persistence list
2022-08-01 16:55:56.049  INFO   57 --- [-thread-pool-75] org.apache.spark.internal.Logging        : Removing RDD 46
2022-08-01 16:55:56.050  INFO   57 --- [-thread-pool-76] org.apache.spark.internal.Logging        : Removing RDD 45
2022-08-01 16:55:56.049  INFO   57 --- [   JobGenerator] org.apache.spark.internal.Logging        : Removing blocks of RDD BlockRDD[45] at receiverStream at Application.java:122 of time 1659369354000 ms
2022-08-01 16:55:56.052  INFO   57 --- [   JobGenerator] org.apache.spark.internal.Logging        : Deleting batches: 1659369352000 ms
2022-08-01 16:55:56.052  INFO   57 --- [   JobGenerator] org.apache.spark.internal.Logging        : remove old batch metadata: 1659369352000 ms
2022-08-01 16:55:56.052  WARN   69 --- [-job-executor-0] org.apache.spark.internal.Logging        : Using an existing SparkSession; the static sql configurations will not take effect.
2022-08-01 16:55:56.053  WARN   69 --- [-job-executor-0] org.apache.spark.internal.Logging        : Using an existing SparkSession; some spark core configurations may not take effect.
2022-08-01 16:55:56.105  INFO   57 --- [   JobScheduler] org.apache.spark.internal.Logging        : Finished job streaming job 1659369355000 ms.0 from job set of time 1659369355000 ms
2022-08-01 16:55:56.106  INFO   57 --- [   JobScheduler] org.apache.spark.internal.Logging        : Total delay: 1.105 s for time 1659369355000 ms (execution: 0.059 s)
2022-08-01 16:55:56.106  INFO   57 --- [   JobScheduler] org.apache.spark.internal.Logging        : Starting job streaming job 1659369356000 ms.0 from job set of time 1659369356000 ms
2022-08-01 16:55:56.107  INFO   57 --- [   JobGenerator] org.apache.spark.internal.Logging        : Removing RDD 48 from persistence list
2022-08-01 16:55:56.109  INFO   57 --- [   JobGenerator] org.apache.spark.internal.Logging        : Removing RDD 47 from persistence list
2022-08-01 16:55:56.109  WARN   69 --- [-job-executor-0] org.apache.spark.internal.Logging        : Using an existing SparkSession; the static sql configurations will not take effect.
2022-08-01 16:55:56.110  WARN   69 --- [-job-executor-0] org.apache.spark.internal.Logging        : Using an existing SparkSession; some spark core configurations may not take effect.
2022-08-01 16:55:56.112  INFO   57 --- [   JobGenerator] org.apache.spark.internal.Logging        : Removing blocks of RDD BlockRDD[47] at receiverStream at Application.java:122 of time 1659369355000 ms
2022-08-01 16:55:56.112  INFO   57 --- [-thread-pool-81] org.apache.spark.internal.Logging        : Removing RDD 48
2022-08-01 16:55:56.112  INFO   57 --- [-thread-pool-82] org.apache.spark.internal.Logging        : Removing RDD 47
2022-08-01 16:55:56.112  INFO   57 --- [   JobGenerator] org.apache.spark.internal.Logging        : Deleting batches: 1659369353000 ms
2022-08-01 16:55:56.115  INFO   57 --- [   JobGenerator] org.apache.spark.internal.Logging        : remove old batch metadata: 1659369353000 ms
2022-08-01 16:55:56.164  INFO   57 --- [   JobScheduler] org.apache.spark.internal.Logging        : Finished job streaming job 1659369356000 ms.0 from job set of time 1659369356000 ms
2022-08-01 16:55:56.164  INFO   57 --- [   JobScheduler] org.apache.spark.internal.Logging        : Total delay: 0.164 s for time 1659369356000 ms (execution: 0.058 s)
2022-08-01 16:55:56.165  INFO   57 --- [   JobGenerator] org.apache.spark.internal.Logging        : Removing RDD 50 from persistence list
2022-08-01 16:55:56.167  INFO   57 --- [   JobGenerator] org.apache.spark.internal.Logging        : Removing RDD 49 from persistence list
2022-08-01 16:55:56.168  INFO   57 --- [   JobGenerator] org.apache.spark.internal.Logging        : Removing blocks of RDD BlockRDD[49] at receiverStream at Application.java:122 of time 1659369356000 ms
2022-08-01 16:55:56.169  INFO   57 --- [   JobGenerator] org.apache.spark.internal.Logging        : Deleting batches: 1659369354000 ms
2022-08-01 16:55:56.169  INFO   57 --- [   JobGenerator] org.apache.spark.internal.Logging        : remove old batch metadata: 1659369354000 ms
2022-08-01 16:55:56.171  INFO   57 --- [-thread-pool-87] org.apache.spark.internal.Logging        : Removing RDD 50
2022-08-01 16:55:56.173  INFO   57 --- [-thread-pool-88] org.apache.spark.internal.Logging        : Removing RDD 49
2022-08-01 16:55:56.883  INFO   57 --- [shutdown-hook-0] org.apache.spark.internal.Logging        : Invoking stop(stopGracefully=false) from shutdown hook
2022-08-01 16:55:56.895  INFO   57 --- [er-event-loop-3] org.apache.spark.internal.Logging        : Sent stop signal to all 1 receivers
2022-08-01 16:55:56.897  INFO   57 --- [er-event-loop-0] org.apache.spark.internal.Logging        : Received stop signal
2022-08-01 16:55:56.899  INFO   57 --- [er-event-loop-0] org.apache.spark.internal.Logging        : Stopping receiver with message: Stopped by driver: 
2022-08-01 16:55:56.900  INFO   57 --- [er-event-loop-0] org.apache.spark.internal.Logging        : Called receiver onStop
2022-08-01 16:55:56.901  INFO   57 --- [er-event-loop-0] org.apache.spark.internal.Logging        : Deregistering receiver 0
2022-08-01 16:55:56.904  ERROR   73 --- [er-event-loop-1] org.apache.spark.internal.Logging        : Deregistered receiver for stream 0: Stopped by driver
2022-08-01 16:55:56.905  INFO   57 --- [er-event-loop-0] org.apache.spark.internal.Logging        : Stopped receiver 0
2022-08-01 16:55:56.927  INFO   57 --- [er-event-loop-0] org.apache.spark.internal.Logging        : Stopping BlockGenerator
2022-08-01 16:55:57.002  INFO   57 --- [   JobGenerator] org.apache.spark.internal.Logging        : Added jobs for time 1659369357000 ms
2022-08-01 16:55:57.002  INFO   57 --- [   JobScheduler] org.apache.spark.internal.Logging        : Starting job streaming job 1659369357000 ms.0 from job set of time 1659369357000 ms
2022-08-01 16:55:57.005  WARN   69 --- [-job-executor-0] org.apache.spark.internal.Logging        : Using an existing SparkSession; the static sql configurations will not take effect.
2022-08-01 16:55:57.006  WARN   69 --- [-job-executor-0] org.apache.spark.internal.Logging        : Using an existing SparkSession; some spark core configurations may not take effect.
2022-08-01 16:55:57.048  INFO   57 --- [   JobScheduler] org.apache.spark.internal.Logging        : Finished job streaming job 1659369357000 ms.0 from job set of time 1659369357000 ms
2022-08-01 16:55:57.048  INFO   57 --- [   JobScheduler] org.apache.spark.internal.Logging        : Total delay: 0.048 s for time 1659369357000 ms (execution: 0.046 s)
2022-08-01 16:55:57.049  INFO   57 --- [   JobGenerator] org.apache.spark.internal.Logging        : Removing RDD 86 from persistence list
2022-08-01 16:55:57.050  INFO   57 --- [   JobGenerator] org.apache.spark.internal.Logging        : Removing RDD 85 from persistence list
2022-08-01 16:55:57.052  INFO   57 --- [   JobGenerator] org.apache.spark.internal.Logging        : Removing blocks of RDD BlockRDD[85] at receiverStream at Application.java:122 of time 1659369357000 ms
2022-08-01 16:55:57.052  INFO   57 --- [-thread-pool-93] org.apache.spark.internal.Logging        : Removing RDD 86
2022-08-01 16:55:57.052  INFO   57 --- [-thread-pool-94] org.apache.spark.internal.Logging        : Removing RDD 85
2022-08-01 16:55:57.052  INFO   57 --- [   JobGenerator] org.apache.spark.internal.Logging        : Deleting batches: 1659369355000 ms
2022-08-01 16:55:57.053  INFO   57 --- [   JobGenerator] org.apache.spark.internal.Logging        : remove old batch metadata: 1659369355000 ms
2022-08-01 16:55:57.201  INFO   57 --- [er-event-loop-0] org.apache.spark.internal.Logging        : Stopped timer for BlockGenerator after time 1659369357200
2022-08-01 16:55:57.202  INFO   57 --- [er-event-loop-0] org.apache.spark.internal.Logging        : Waiting for block pushing thread to terminate
2022-08-01 16:55:57.202  INFO   57 --- [      Thread-14] org.apache.spark.internal.Logging        : Pushing out the last 0 blocks
2022-08-01 16:55:57.203  INFO   57 --- [      Thread-14] org.apache.spark.internal.Logging        : Stopped block pushing thread
2022-08-01 16:55:57.204  INFO   57 --- [er-event-loop-0] org.apache.spark.internal.Logging        : Stopped BlockGenerator
2022-08-01 16:55:57.238  INFO   57 --- [age 0.0 (TID 0)] org.apache.spark.internal.Logging        : Stopped receiver without error
2022-08-01 16:55:57.247  INFO   57 --- [age 0.0 (TID 0)] org.apache.spark.internal.Logging        : Finished task 0.0 in stage 0.0 (TID 0). 923 bytes result sent to driver
2022-08-01 16:55:57.254  INFO   57 --- [result-getter-1] org.apache.spark.internal.Logging        : Finished task 0.0 in stage 0.0 (TID 0) in 15220 ms on host.docker.internal (executor driver) (1/1)
2022-08-01 16:55:57.255  INFO   57 --- [result-getter-1] org.apache.spark.internal.Logging        : Removed TaskSet 0.0, whose tasks have all completed, from pool 
2022-08-01 16:55:57.258  INFO   57 --- [uler-event-loop] org.apache.spark.internal.Logging        : ResultStage 0 (start at Application.java:156) finished in 16.062 s
2022-08-01 16:55:57.260  INFO   57 --- [uler-event-loop] org.apache.spark.internal.Logging        : Job 0 is finished. Cancelling potential speculative or zombie tasks for this job
2022-08-01 16:55:57.261  INFO   57 --- [uler-event-loop] org.apache.spark.internal.Logging        : Killing all running tasks in stage 0: Stage finished
2022-08-01 16:55:57.270  INFO   57 --- [shutdown-hook-0] org.apache.spark.internal.Logging        : All of the receivers have deregistered successfully
2022-08-01 16:55:57.272  INFO   57 --- [shutdown-hook-0] org.apache.spark.internal.Logging        : ReceiverTracker stopped
2022-08-01 16:55:57.275  INFO   57 --- [shutdown-hook-0] org.apache.spark.internal.Logging        : Stopping JobGenerator immediately
2022-08-01 16:55:57.277  INFO   57 --- [shutdown-hook-0] org.apache.spark.internal.Logging        : Stopped timer for JobGenerator after time 1659369357000
2022-08-01 16:55:57.277  INFO   57 --- [shutdown-hook-0] org.apache.spark.internal.Logging        : Stopped JobGenerator
2022-08-01 16:55:57.277  INFO   57 --- [shutdown-hook-0] org.apache.spark.internal.Logging        : Stopped JobScheduler
2022-08-01 16:55:57.293  INFO 1153 --- [shutdown-hook-0] ject.jetty.server.handler.ContextHandler : Stopped o.s.j.s.ServletContextHandler@6fd77352{/streaming,null,STOPPED,@Spark}
2022-08-01 16:55:57.293  INFO 1153 --- [shutdown-hook-0] ject.jetty.server.handler.ContextHandler : Stopped o.s.j.s.ServletContextHandler@3f672204{/streaming/json,null,STOPPED,@Spark}
2022-08-01 16:55:57.293  INFO 1153 --- [shutdown-hook-0] ject.jetty.server.handler.ContextHandler : Stopped o.s.j.s.ServletContextHandler@6c65860d{/streaming/batch,null,STOPPED,@Spark}
2022-08-01 16:55:57.293  INFO 1153 --- [shutdown-hook-0] ject.jetty.server.handler.ContextHandler : Stopped o.s.j.s.ServletContextHandler@7cf283e1{/streaming/batch/json,null,STOPPED,@Spark}
2022-08-01 16:55:57.293  INFO 1153 --- [shutdown-hook-0] ject.jetty.server.handler.ContextHandler : Stopped o.s.j.s.ServletContextHandler@252f626c{/static/streaming,null,STOPPED,@Spark}
2022-08-01 16:55:57.293  INFO  167 --- [           main] com.elite.cdr.validator.Application      : ****************************************************
2022-08-01 16:55:57.293  INFO  168 --- [           main] com.elite.cdr.validator.Application      : Duration: 0.0 seconds
2022-08-01 16:55:57.293  INFO  169 --- [           main] com.elite.cdr.validator.Application      : Batch executed with success
2022-08-01 16:55:57.293  INFO  170 --- [           main] com.elite.cdr.validator.Application      : ****************************************************
2022-08-01 16:55:57.293  INFO   57 --- [shutdown-hook-0] org.apache.spark.internal.Logging        : StreamingContext stopped successfully
2022-08-01 16:55:57.293  INFO   57 --- [shutdown-hook-0] org.apache.spark.internal.Logging        : Invoking stop() from shutdown hook
2022-08-01 16:55:57.324  INFO  381 --- [shutdown-hook-0] rkproject.jetty.server.AbstractConnector : Stopped Spark@7caa550{HTTP/1.1, (http/1.1)}{0.0.0.0:4040}
2022-08-01 16:55:57.324  INFO   57 --- [shutdown-hook-0] org.apache.spark.internal.Logging        : Stopped Spark web UI at http://host.docker.internal:4040
2022-08-01 16:55:57.355  INFO   57 --- [er-event-loop-1] org.apache.spark.internal.Logging        : MapOutputTrackerMasterEndpoint stopped!
2022-08-01 16:55:57.433  INFO   57 --- [shutdown-hook-0] org.apache.spark.internal.Logging        : MemoryStore cleared
2022-08-01 16:55:57.433  INFO   57 --- [shutdown-hook-0] org.apache.spark.internal.Logging        : BlockManager stopped
2022-08-01 16:55:57.433  INFO   57 --- [shutdown-hook-0] org.apache.spark.internal.Logging        : BlockManagerMaster stopped
2022-08-01 16:55:57.449  INFO   57 --- [er-event-loop-1] org.apache.spark.internal.Logging        : OutputCommitCoordinator stopped!
2022-08-01 16:55:57.449  INFO   57 --- [shutdown-hook-0] org.apache.spark.internal.Logging        : Successfully stopped SparkContext
2022-08-01 16:55:57.449  INFO   57 --- [shutdown-hook-0] org.apache.spark.internal.Logging        : Shutdown hook called
2022-08-01 16:55:57.449  INFO   57 --- [shutdown-hook-0] org.apache.spark.internal.Logging        : Deleting directory C:\Users\Wael Hamdi\AppData\Local\Temp\spark-dbf4921a-5bc5-40d1-ab9d-2c966fb2517f
