2022-08-01 17:23:04.364  INFO   48 --- [           main] com.elite.cdr.validator.Application      : Starting ASN1 Reader 
2022-08-01 17:23:04.364  INFO   50 --- [           main] com.elite.cdr.validator.Application      : ############### Run with the args [--env, local, --file, src/main/resources/data/simpleTypes.ber, --prop, src/main/resources/myapp.properties]
2022-08-01 17:23:04.458  INFO   56 --- [           main] com.elite.cdr.validator.Application      : ############### Run in local mode
2022-08-01 17:23:07.551  INFO   57 --- [           main] org.apache.spark.internal.Logging        : Running Spark version 3.2.1
2022-08-01 17:23:08.536  INFO   57 --- [           main] org.apache.spark.internal.Logging        : ==============================================================
2022-08-01 17:23:08.551  INFO   57 --- [           main] org.apache.spark.internal.Logging        : No custom resources configured for spark.driver.
2022-08-01 17:23:08.551  INFO   57 --- [           main] org.apache.spark.internal.Logging        : ==============================================================
2022-08-01 17:23:08.551  INFO   57 --- [           main] org.apache.spark.internal.Logging        : Submitted application: NiFi Spark Streaming example
2022-08-01 17:23:08.770  INFO   57 --- [           main] org.apache.spark.internal.Logging        : Default ResourceProfile created, executor resources: Map(cores -> name: cores, amount: 1, script: , vendor: , memory -> name: memory, amount: 1024, script: , vendor: , offHeap -> name: offHeap, amount: 0, script: , vendor: ), task resources: Map(cpus -> name: cpus, amount: 1.0)
2022-08-01 17:23:08.786  INFO   57 --- [           main] org.apache.spark.internal.Logging        : Limiting resource is cpu
2022-08-01 17:23:08.801  INFO   57 --- [           main] org.apache.spark.internal.Logging        : Added ResourceProfile id: 0
2022-08-01 17:23:09.286  INFO   57 --- [           main] org.apache.spark.internal.Logging        : Changing view acls to: Wael Hamdi
2022-08-01 17:23:09.286  INFO   57 --- [           main] org.apache.spark.internal.Logging        : Changing modify acls to: Wael Hamdi
2022-08-01 17:23:09.286  INFO   57 --- [           main] org.apache.spark.internal.Logging        : Changing view acls groups to: 
2022-08-01 17:23:09.286  INFO   57 --- [           main] org.apache.spark.internal.Logging        : Changing modify acls groups to: 
2022-08-01 17:23:09.286  INFO   57 --- [           main] org.apache.spark.internal.Logging        : SecurityManager: authentication disabled; ui acls disabled; users  with view permissions: Set(Wael Hamdi); groups with view permissions: Set(); users  with modify permissions: Set(Wael Hamdi); groups with modify permissions: Set()
2022-08-01 17:23:12.911  INFO   57 --- [           main] org.apache.spark.internal.Logging        : Successfully started service 'sparkDriver' on port 58420.
2022-08-01 17:23:13.121  INFO   57 --- [           main] org.apache.spark.internal.Logging        : Registering MapOutputTracker
2022-08-01 17:23:13.371  INFO   57 --- [           main] org.apache.spark.internal.Logging        : Registering BlockManagerMaster
2022-08-01 17:23:13.434  INFO   57 --- [           main] org.apache.spark.internal.Logging        : Using org.apache.spark.storage.DefaultTopologyMapper for getting topology information
2022-08-01 17:23:13.434  INFO   57 --- [           main] org.apache.spark.internal.Logging        : BlockManagerMasterEndpoint up
2022-08-01 17:23:13.434  INFO   57 --- [           main] org.apache.spark.internal.Logging        : Registering BlockManagerMasterHeartbeat
2022-08-01 17:23:13.777  INFO   57 --- [           main] org.apache.spark.internal.Logging        : Created local directory at C:\Users\Wael Hamdi\AppData\Local\Temp\blockmgr-604561c9-a332-4b7e-8a02-574999a9f5e9
2022-08-01 17:23:13.918  INFO   57 --- [           main] org.apache.spark.internal.Logging        : MemoryStore started with capacity 897.6 MiB
2022-08-01 17:23:14.090  INFO   57 --- [           main] org.apache.spark.internal.Logging        : Registering OutputCommitCoordinator
2022-08-01 17:23:14.402  INFO  170 --- [           main] org.sparkproject.jetty.util.log.Log      : Logging initialized @11601ms to org.sparkproject.jetty.util.log.Slf4jLog
2022-08-01 17:23:14.652  INFO  375 --- [           main] org.sparkproject.jetty.server.Server     : jetty-9.4.43.v20210629; built: 2021-06-30T11:07:22.254Z; git: 526006ecfa3af7f1a27ef3a288e2bef7ea9dd7e8; jvm 1.8.0_301-b09
2022-08-01 17:23:14.730  INFO  415 --- [           main] org.sparkproject.jetty.server.Server     : Started @11923ms
2022-08-01 17:23:14.824  INFO  331 --- [           main] rkproject.jetty.server.AbstractConnector : Started ServerConnector@7caa550{HTTP/1.1, (http/1.1)}{0.0.0.0:4040}
2022-08-01 17:23:14.824  INFO   57 --- [           main] org.apache.spark.internal.Logging        : Successfully started service 'SparkUI' on port 4040.
2022-08-01 17:23:14.887  INFO  915 --- [           main] ject.jetty.server.handler.ContextHandler : Started o.s.j.s.ServletContextHandler@388ffbc2{/jobs,null,AVAILABLE,@Spark}
2022-08-01 17:23:14.887  INFO  915 --- [           main] ject.jetty.server.handler.ContextHandler : Started o.s.j.s.ServletContextHandler@61a002b1{/jobs/json,null,AVAILABLE,@Spark}
2022-08-01 17:23:14.887  INFO  915 --- [           main] ject.jetty.server.handler.ContextHandler : Started o.s.j.s.ServletContextHandler@780ec4a5{/jobs/job,null,AVAILABLE,@Spark}
2022-08-01 17:23:14.887  INFO  915 --- [           main] ject.jetty.server.handler.ContextHandler : Started o.s.j.s.ServletContextHandler@548e76f1{/jobs/job/json,null,AVAILABLE,@Spark}
2022-08-01 17:23:14.887  INFO  915 --- [           main] ject.jetty.server.handler.ContextHandler : Started o.s.j.s.ServletContextHandler@72c927f1{/stages,null,AVAILABLE,@Spark}
2022-08-01 17:23:14.887  INFO  915 --- [           main] ject.jetty.server.handler.ContextHandler : Started o.s.j.s.ServletContextHandler@3dd69f5a{/stages/json,null,AVAILABLE,@Spark}
2022-08-01 17:23:14.887  INFO  915 --- [           main] ject.jetty.server.handler.ContextHandler : Started o.s.j.s.ServletContextHandler@1ee4730{/stages/stage,null,AVAILABLE,@Spark}
2022-08-01 17:23:14.902  INFO  915 --- [           main] ject.jetty.server.handler.ContextHandler : Started o.s.j.s.ServletContextHandler@16fb356{/stages/stage/json,null,AVAILABLE,@Spark}
2022-08-01 17:23:14.902  INFO  915 --- [           main] ject.jetty.server.handler.ContextHandler : Started o.s.j.s.ServletContextHandler@23a9ba52{/stages/pool,null,AVAILABLE,@Spark}
2022-08-01 17:23:14.902  INFO  915 --- [           main] ject.jetty.server.handler.ContextHandler : Started o.s.j.s.ServletContextHandler@70ab80e3{/stages/pool/json,null,AVAILABLE,@Spark}
2022-08-01 17:23:14.902  INFO  915 --- [           main] ject.jetty.server.handler.ContextHandler : Started o.s.j.s.ServletContextHandler@67427b69{/storage,null,AVAILABLE,@Spark}
2022-08-01 17:23:14.902  INFO  915 --- [           main] ject.jetty.server.handler.ContextHandler : Started o.s.j.s.ServletContextHandler@544630b7{/storage/json,null,AVAILABLE,@Spark}
2022-08-01 17:23:14.902  INFO  915 --- [           main] ject.jetty.server.handler.ContextHandler : Started o.s.j.s.ServletContextHandler@1095f122{/storage/rdd,null,AVAILABLE,@Spark}
2022-08-01 17:23:14.902  INFO  915 --- [           main] ject.jetty.server.handler.ContextHandler : Started o.s.j.s.ServletContextHandler@3d6300e8{/storage/rdd/json,null,AVAILABLE,@Spark}
2022-08-01 17:23:14.902  INFO  915 --- [           main] ject.jetty.server.handler.ContextHandler : Started o.s.j.s.ServletContextHandler@24a1c17f{/environment,null,AVAILABLE,@Spark}
2022-08-01 17:23:14.902  INFO  915 --- [           main] ject.jetty.server.handler.ContextHandler : Started o.s.j.s.ServletContextHandler@73511076{/environment/json,null,AVAILABLE,@Spark}
2022-08-01 17:23:14.902  INFO  915 --- [           main] ject.jetty.server.handler.ContextHandler : Started o.s.j.s.ServletContextHandler@532721fd{/executors,null,AVAILABLE,@Spark}
2022-08-01 17:23:14.918  INFO  915 --- [           main] ject.jetty.server.handler.ContextHandler : Started o.s.j.s.ServletContextHandler@7fb9f71f{/executors/json,null,AVAILABLE,@Spark}
2022-08-01 17:23:14.918  INFO  915 --- [           main] ject.jetty.server.handler.ContextHandler : Started o.s.j.s.ServletContextHandler@51f49060{/executors/threadDump,null,AVAILABLE,@Spark}
2022-08-01 17:23:14.918  INFO  915 --- [           main] ject.jetty.server.handler.ContextHandler : Started o.s.j.s.ServletContextHandler@617fe9e1{/executors/threadDump/json,null,AVAILABLE,@Spark}
2022-08-01 17:23:15.121  INFO  915 --- [           main] ject.jetty.server.handler.ContextHandler : Started o.s.j.s.ServletContextHandler@1cf2fed4{/static,null,AVAILABLE,@Spark}
2022-08-01 17:23:15.121  INFO  915 --- [           main] ject.jetty.server.handler.ContextHandler : Started o.s.j.s.ServletContextHandler@4b629f13{/,null,AVAILABLE,@Spark}
2022-08-01 17:23:15.121  INFO  915 --- [           main] ject.jetty.server.handler.ContextHandler : Started o.s.j.s.ServletContextHandler@1b9ea3e3{/api,null,AVAILABLE,@Spark}
2022-08-01 17:23:15.121  INFO  915 --- [           main] ject.jetty.server.handler.ContextHandler : Started o.s.j.s.ServletContextHandler@4263b080{/jobs/job/kill,null,AVAILABLE,@Spark}
2022-08-01 17:23:15.137  INFO  915 --- [           main] ject.jetty.server.handler.ContextHandler : Started o.s.j.s.ServletContextHandler@71f67a79{/stages/stage/kill,null,AVAILABLE,@Spark}
2022-08-01 17:23:15.137  INFO   57 --- [           main] org.apache.spark.internal.Logging        : Bound SparkUI to 0.0.0.0, and started at http://host.docker.internal:4040
2022-08-01 17:23:15.824  INFO   57 --- [           main] org.apache.spark.internal.Logging        : Starting executor ID driver on host host.docker.internal
2022-08-01 17:23:16.132  INFO   57 --- [           main] org.apache.spark.internal.Logging        : Successfully started service 'org.apache.spark.network.netty.NettyBlockTransferService' on port 58450.
2022-08-01 17:23:16.132  INFO   82 --- [           main] .network.netty.NettyBlockTransferService : Server created on host.docker.internal:58450
2022-08-01 17:23:16.148  INFO   57 --- [           main] org.apache.spark.internal.Logging        : Using org.apache.spark.storage.RandomBlockReplicationPolicy for block replication policy
2022-08-01 17:23:16.179  INFO   57 --- [           main] org.apache.spark.internal.Logging        : Registering BlockManager BlockManagerId(driver, host.docker.internal, 58450, None)
2022-08-01 17:23:16.195  INFO   57 --- [ckManagerMaster] org.apache.spark.internal.Logging        : Registering block manager host.docker.internal:58450 with 897.6 MiB RAM, BlockManagerId(driver, host.docker.internal, 58450, None)
2022-08-01 17:23:16.226  INFO   57 --- [           main] org.apache.spark.internal.Logging        : Registered BlockManager BlockManagerId(driver, host.docker.internal, 58450, None)
2022-08-01 17:23:16.226  INFO   57 --- [           main] org.apache.spark.internal.Logging        : Initialized BlockManager: BlockManagerId(driver, host.docker.internal, 58450, None)
2022-08-01 17:23:16.742  INFO  915 --- [           main] ject.jetty.server.handler.ContextHandler : Started o.s.j.s.ServletContextHandler@378bd86d{/metrics/json,null,AVAILABLE,@Spark}
2022-08-01 17:23:19.039  INFO   57 --- [streaming-start] org.apache.spark.internal.Logging        : Starting 1 receivers
2022-08-01 17:23:19.054  INFO   57 --- [streaming-start] org.apache.spark.internal.Logging        : ReceiverTracker started
2022-08-01 17:23:19.054  INFO   57 --- [streaming-start] org.apache.spark.internal.Logging        : Slide time = 1000 ms
2022-08-01 17:23:19.054  INFO   57 --- [streaming-start] org.apache.spark.internal.Logging        : Storage level = Serialized 1x Replicated
2022-08-01 17:23:19.054  INFO   57 --- [streaming-start] org.apache.spark.internal.Logging        : Checkpoint interval = null
2022-08-01 17:23:19.054  INFO   57 --- [streaming-start] org.apache.spark.internal.Logging        : Remember interval = 1000 ms
2022-08-01 17:23:19.054  INFO   57 --- [streaming-start] org.apache.spark.internal.Logging        : Initialized and validated org.apache.spark.streaming.dstream.PluggableInputDStream@1fe15732
2022-08-01 17:23:19.054  INFO   57 --- [streaming-start] org.apache.spark.internal.Logging        : Slide time = 1000 ms
2022-08-01 17:23:19.054  INFO   57 --- [streaming-start] org.apache.spark.internal.Logging        : Storage level = Serialized 1x Replicated
2022-08-01 17:23:19.054  INFO   57 --- [streaming-start] org.apache.spark.internal.Logging        : Checkpoint interval = null
2022-08-01 17:23:19.054  INFO   57 --- [streaming-start] org.apache.spark.internal.Logging        : Remember interval = 1000 ms
2022-08-01 17:23:19.054  INFO   57 --- [streaming-start] org.apache.spark.internal.Logging        : Initialized and validated org.apache.spark.streaming.dstream.MappedDStream@25e87b66
2022-08-01 17:23:19.054  INFO   57 --- [streaming-start] org.apache.spark.internal.Logging        : Slide time = 1000 ms
2022-08-01 17:23:19.070  INFO   57 --- [streaming-start] org.apache.spark.internal.Logging        : Storage level = Serialized 1x Replicated
2022-08-01 17:23:19.070  INFO   57 --- [streaming-start] org.apache.spark.internal.Logging        : Checkpoint interval = null
2022-08-01 17:23:19.070  INFO   57 --- [streaming-start] org.apache.spark.internal.Logging        : Remember interval = 1000 ms
2022-08-01 17:23:19.070  INFO   57 --- [streaming-start] org.apache.spark.internal.Logging        : Initialized and validated org.apache.spark.streaming.dstream.ForEachDStream@26c94b18
2022-08-01 17:23:19.397  INFO   57 --- [streaming-start] org.apache.spark.internal.Logging        : Started timer for JobGenerator at time 1659371000000
2022-08-01 17:23:19.398  INFO   57 --- [streaming-start] org.apache.spark.internal.Logging        : Started JobGenerator at 1659371000000 ms
2022-08-01 17:23:19.400  INFO   57 --- [streaming-start] org.apache.spark.internal.Logging        : Started JobScheduler
2022-08-01 17:23:19.406  INFO  915 --- [           main] ject.jetty.server.handler.ContextHandler : Started o.s.j.s.ServletContextHandler@6fd77352{/streaming,null,AVAILABLE,@Spark}
2022-08-01 17:23:19.408  INFO  915 --- [           main] ject.jetty.server.handler.ContextHandler : Started o.s.j.s.ServletContextHandler@3f672204{/streaming/json,null,AVAILABLE,@Spark}
2022-08-01 17:23:19.409  INFO  915 --- [           main] ject.jetty.server.handler.ContextHandler : Started o.s.j.s.ServletContextHandler@6c65860d{/streaming/batch,null,AVAILABLE,@Spark}
2022-08-01 17:23:19.411  INFO  915 --- [           main] ject.jetty.server.handler.ContextHandler : Started o.s.j.s.ServletContextHandler@7cf283e1{/streaming/batch/json,null,AVAILABLE,@Spark}
2022-08-01 17:23:19.419  INFO  915 --- [           main] ject.jetty.server.handler.ContextHandler : Started o.s.j.s.ServletContextHandler@252f626c{/static/streaming,null,AVAILABLE,@Spark}
2022-08-01 17:23:19.420  INFO   57 --- [           main] org.apache.spark.internal.Logging        : StreamingContext started
2022-08-01 17:23:19.422  INFO   57 --- [er-event-loop-3] org.apache.spark.internal.Logging        : Receiver 0 started
2022-08-01 17:23:19.433  INFO   57 --- [uler-event-loop] org.apache.spark.internal.Logging        : Got job 0 (start at Application.java:156) with 1 output partitions
2022-08-01 17:23:19.434  INFO   57 --- [uler-event-loop] org.apache.spark.internal.Logging        : Final stage: ResultStage 0 (start at Application.java:156)
2022-08-01 17:23:19.434  INFO   57 --- [uler-event-loop] org.apache.spark.internal.Logging        : Parents of final stage: List()
2022-08-01 17:23:19.434  INFO   57 --- [uler-event-loop] org.apache.spark.internal.Logging        : Missing parents: List()
2022-08-01 17:23:19.441  INFO   57 --- [uler-event-loop] org.apache.spark.internal.Logging        : Submitting ResultStage 0 (Receiver 0 ParallelCollectionRDD[0] at makeRDD at ReceiverTracker.scala:609), which has no missing parents
2022-08-01 17:23:19.992  INFO   57 --- [uler-event-loop] org.apache.spark.internal.Logging        : Block broadcast_0 stored as values in memory (estimated size 97.5 KiB, free 897.5 MiB)
2022-08-01 17:23:20.259  INFO   57 --- [   JobGenerator] org.apache.spark.internal.Logging        : Added jobs for time 1659371000000 ms
2022-08-01 17:23:20.606  INFO   57 --- [   JobScheduler] org.apache.spark.internal.Logging        : Starting job streaming job 1659371000000 ms.0 from job set of time 1659371000000 ms
2022-08-01 17:23:20.659  INFO   57 --- [uler-event-loop] org.apache.spark.internal.Logging        : Block broadcast_0_piece0 stored as bytes in memory (estimated size 34.2 KiB, free 897.5 MiB)
2022-08-01 17:23:20.663  INFO   57 --- [ckManagerMaster] org.apache.spark.internal.Logging        : Added broadcast_0_piece0 in memory on host.docker.internal:58450 (size: 34.2 KiB, free: 897.6 MiB)
2022-08-01 17:23:20.707  INFO   57 --- [uler-event-loop] org.apache.spark.internal.Logging        : Created broadcast 0 from broadcast at DAGScheduler.scala:1478
2022-08-01 17:23:20.741  INFO   57 --- [uler-event-loop] org.apache.spark.internal.Logging        : Submitting 1 missing tasks from ResultStage 0 (Receiver 0 ParallelCollectionRDD[0] at makeRDD at ReceiverTracker.scala:609) (first 15 tasks are for partitions Vector(0))
2022-08-01 17:23:20.742  INFO   57 --- [uler-event-loop] org.apache.spark.internal.Logging        : Adding task set 0.0 with 1 tasks resource profile 0
2022-08-01 17:23:20.957  WARN   69 --- [-job-executor-0] org.apache.spark.internal.Logging        : Using an existing SparkContext; some configuration may not take effect.
2022-08-01 17:23:21.000  INFO   57 --- [   JobGenerator] org.apache.spark.internal.Logging        : Added jobs for time 1659371001000 ms
2022-08-01 17:23:21.203  INFO   57 --- [er-event-loop-0] org.apache.spark.internal.Logging        : Starting task 0.0 in stage 0.0 (TID 0) (host.docker.internal, executor driver, partition 0, PROCESS_LOCAL, 5950 bytes) taskResourceAssignments Map()
2022-08-01 17:23:21.313  INFO   57 --- [age 0.0 (TID 0)] org.apache.spark.internal.Logging        : Running task 0.0 in stage 0.0 (TID 0)
2022-08-01 17:23:21.891  INFO   57 --- [age 0.0 (TID 0)] org.apache.spark.internal.Logging        : Started timer for BlockGenerator at time 1659371002000
2022-08-01 17:23:21.902  INFO   57 --- [      Thread-14] org.apache.spark.internal.Logging        : Started block pushing thread
2022-08-01 17:23:21.902  INFO   57 --- [age 0.0 (TID 0)] org.apache.spark.internal.Logging        : Started BlockGenerator
2022-08-01 17:23:21.977  INFO   57 --- [er-event-loop-0] org.apache.spark.internal.Logging        : Registered receiver for stream 0 from host.docker.internal:58420
2022-08-01 17:23:21.980  INFO   57 --- [age 0.0 (TID 0)] org.apache.spark.internal.Logging        : Starting receiver 0
2022-08-01 17:23:21.984  INFO   57 --- [age 0.0 (TID 0)] org.apache.spark.internal.Logging        : Called receiver 0 onStart
2022-08-01 17:23:21.985  INFO   57 --- [age 0.0 (TID 0)] org.apache.spark.internal.Logging        : Waiting for receiver to be stopped
2022-08-01 17:23:22.004  INFO   57 --- [   JobGenerator] org.apache.spark.internal.Logging        : Added jobs for time 1659371002000 ms
2022-08-01 17:23:23.055  INFO   57 --- [   JobGenerator] org.apache.spark.internal.Logging        : Added jobs for time 1659371003000 ms
2022-08-01 17:23:24.018  INFO   57 --- [   JobGenerator] org.apache.spark.internal.Logging        : Added jobs for time 1659371004000 ms
2022-08-01 17:23:24.976  INFO   57 --- [-job-executor-0] org.apache.spark.internal.Logging        : Setting hive.metastore.warehouse.dir ('null') to the value of spark.sql.warehouse.dir.
2022-08-01 17:23:25.023  INFO   57 --- [   JobGenerator] org.apache.spark.internal.Logging        : Added jobs for time 1659371005000 ms
2022-08-01 17:23:25.905  INFO   57 --- [-job-executor-0] org.apache.spark.internal.Logging        : Warehouse path is 'file:/C:/IntelliJProjects/NifiSparkStreaming/spark-warehouse'.
2022-08-01 17:23:26.029  INFO   57 --- [   JobGenerator] org.apache.spark.internal.Logging        : Added jobs for time 1659371006000 ms
2022-08-01 17:23:26.108  INFO  915 --- [-job-executor-0] ject.jetty.server.handler.ContextHandler : Started o.s.j.s.ServletContextHandler@7f28dcee{/SQL,null,AVAILABLE,@Spark}
2022-08-01 17:23:26.110  INFO  915 --- [-job-executor-0] ject.jetty.server.handler.ContextHandler : Started o.s.j.s.ServletContextHandler@101282f4{/SQL/json,null,AVAILABLE,@Spark}
2022-08-01 17:23:26.112  INFO  915 --- [-job-executor-0] ject.jetty.server.handler.ContextHandler : Started o.s.j.s.ServletContextHandler@38aba1e5{/SQL/execution,null,AVAILABLE,@Spark}
2022-08-01 17:23:26.114  INFO  915 --- [-job-executor-0] ject.jetty.server.handler.ContextHandler : Started o.s.j.s.ServletContextHandler@294026a{/SQL/execution/json,null,AVAILABLE,@Spark}
2022-08-01 17:23:26.117  INFO  915 --- [-job-executor-0] ject.jetty.server.handler.ContextHandler : Started o.s.j.s.ServletContextHandler@6bab8454{/static/sql,null,AVAILABLE,@Spark}
2022-08-01 17:23:27.004  INFO   57 --- [   JobGenerator] org.apache.spark.internal.Logging        : Added jobs for time 1659371007000 ms
2022-08-01 17:23:27.977  INFO  571 --- [ool Maintenance] g.apache.nifi.remote.client.PeerSelector : Successfully refreshed peer status cache; remote group consists of 1 peers
2022-08-01 17:23:27.977  INFO  571 --- [  NiFi Receiver] g.apache.nifi.remote.client.PeerSelector : Successfully refreshed peer status cache; remote group consists of 1 peers
2022-08-01 17:23:28.005  INFO   57 --- [   JobGenerator] org.apache.spark.internal.Logging        : Added jobs for time 1659371008000 ms
2022-08-01 17:23:28.180  INFO   57 --- [  NiFi Receiver] org.apache.spark.internal.Logging        : Block input-0-1659371001859 stored as values in memory (estimated size 5.1 MiB, free 892.4 MiB)
2022-08-01 17:23:28.180  INFO   57 --- [ckManagerMaster] org.apache.spark.internal.Logging        : Added input-0-1659371001859 in memory on host.docker.internal:58450 (size: 5.1 MiB, free: 892.5 MiB)
2022-08-01 17:23:29.029  INFO   57 --- [   JobGenerator] org.apache.spark.internal.Logging        : Added jobs for time 1659371009000 ms
2022-08-01 17:23:30.003  INFO   57 --- [   JobGenerator] org.apache.spark.internal.Logging        : Added jobs for time 1659371010000 ms
2022-08-01 17:23:30.278  WARN   69 --- [ver-heartbeater] org.apache.spark.internal.Logging        : Exception when trying to compute pagesize, as a result reporting of ProcessTree metrics is stopped
2022-08-01 17:23:31.003  INFO   57 --- [   JobGenerator] org.apache.spark.internal.Logging        : Added jobs for time 1659371011000 ms
2022-08-01 17:23:32.004  INFO   57 --- [   JobGenerator] org.apache.spark.internal.Logging        : Added jobs for time 1659371012000 ms
2022-08-01 17:23:33.002  INFO   57 --- [   JobGenerator] org.apache.spark.internal.Logging        : Added jobs for time 1659371013000 ms
2022-08-01 17:23:34.004  INFO   57 --- [   JobGenerator] org.apache.spark.internal.Logging        : Added jobs for time 1659371014000 ms
2022-08-01 17:23:35.002  INFO   57 --- [   JobGenerator] org.apache.spark.internal.Logging        : Added jobs for time 1659371015000 ms
2022-08-01 17:23:36.002  INFO   57 --- [   JobGenerator] org.apache.spark.internal.Logging        : Added jobs for time 1659371016000 ms
2022-08-01 17:23:37.002  INFO   57 --- [   JobGenerator] org.apache.spark.internal.Logging        : Added jobs for time 1659371017000 ms
2022-08-01 17:23:37.689  INFO   57 --- [-job-executor-0] org.apache.spark.internal.Logging        : Code generated in 494.0573 ms
2022-08-01 17:23:37.788  INFO   57 --- [   JobScheduler] org.apache.spark.internal.Logging        : Finished job streaming job 1659371000000 ms.0 from job set of time 1659371000000 ms
2022-08-01 17:23:37.791  INFO   57 --- [   JobScheduler] org.apache.spark.internal.Logging        : Total delay: 17.787 s for time 1659371000000 ms (execution: 17.183 s)
2022-08-01 17:23:37.791  INFO   57 --- [   JobScheduler] org.apache.spark.internal.Logging        : Starting job streaming job 1659371001000 ms.0 from job set of time 1659371001000 ms
2022-08-01 17:23:37.795  WARN   69 --- [-job-executor-0] org.apache.spark.internal.Logging        : Using an existing SparkSession; the static sql configurations will not take effect.
2022-08-01 17:23:37.795  WARN   69 --- [-job-executor-0] org.apache.spark.internal.Logging        : Using an existing SparkSession; some spark core configurations may not take effect.
2022-08-01 17:23:37.800  INFO   57 --- [   JobGenerator] org.apache.spark.internal.Logging        : Deleting batches: 
2022-08-01 17:23:37.812  INFO   57 --- [   JobGenerator] org.apache.spark.internal.Logging        : remove old batch metadata: 
2022-08-01 17:23:37.907  INFO   57 --- [   JobScheduler] org.apache.spark.internal.Logging        : Finished job streaming job 1659371001000 ms.0 from job set of time 1659371001000 ms
2022-08-01 17:23:37.910  WARN   69 --- [-job-executor-0] org.apache.spark.internal.Logging        : Using an existing SparkSession; the static sql configurations will not take effect.
2022-08-01 17:23:37.910  WARN   69 --- [-job-executor-0] org.apache.spark.internal.Logging        : Using an existing SparkSession; some spark core configurations may not take effect.
2022-08-01 17:23:37.938  INFO   57 --- [   JobGenerator] org.apache.spark.internal.Logging        : Removing RDD 2 from persistence list
2022-08-01 17:23:37.943  INFO   57 --- [   JobScheduler] org.apache.spark.internal.Logging        : Total delay: 16.906 s for time 1659371001000 ms (execution: 0.115 s)
2022-08-01 17:23:37.943  INFO   57 --- [   JobScheduler] org.apache.spark.internal.Logging        : Starting job streaming job 1659371002000 ms.0 from job set of time 1659371002000 ms
2022-08-01 17:23:38.026  INFO   57 --- [   JobGenerator] org.apache.spark.internal.Logging        : Removing RDD 1 from persistence list
2022-08-01 17:23:38.030  INFO   57 --- [   JobGenerator] org.apache.spark.internal.Logging        : Removing blocks of RDD BlockRDD[1] at receiverStream at Application.java:122 of time 1659371001000 ms
2022-08-01 17:23:38.032  INFO   57 --- [   JobGenerator] org.apache.spark.internal.Logging        : Deleting batches: 
2022-08-01 17:23:38.032  INFO   57 --- [   JobGenerator] org.apache.spark.internal.Logging        : remove old batch metadata: 
2022-08-01 17:23:38.035  INFO   57 --- [c-thread-pool-1] org.apache.spark.internal.Logging        : Removing RDD 1
2022-08-01 17:23:38.043  INFO   57 --- [   JobGenerator] org.apache.spark.internal.Logging        : Added jobs for time 1659371018000 ms
2022-08-01 17:23:38.035  INFO   57 --- [c-thread-pool-0] org.apache.spark.internal.Logging        : Removing RDD 2
2022-08-01 17:23:38.081  INFO   57 --- [   JobScheduler] org.apache.spark.internal.Logging        : Finished job streaming job 1659371002000 ms.0 from job set of time 1659371002000 ms
2022-08-01 17:23:38.082  INFO   57 --- [   JobScheduler] org.apache.spark.internal.Logging        : Total delay: 16.081 s for time 1659371002000 ms (execution: 0.138 s)
2022-08-01 17:23:38.082  INFO   57 --- [   JobScheduler] org.apache.spark.internal.Logging        : Starting job streaming job 1659371003000 ms.0 from job set of time 1659371003000 ms
2022-08-01 17:23:38.084  INFO   57 --- [   JobGenerator] org.apache.spark.internal.Logging        : Removing RDD 5 from persistence list
2022-08-01 17:23:38.085  INFO   57 --- [   JobGenerator] org.apache.spark.internal.Logging        : Removing RDD 4 from persistence list
2022-08-01 17:23:38.086  INFO   57 --- [c-thread-pool-6] org.apache.spark.internal.Logging        : Removing RDD 5
2022-08-01 17:23:38.085  WARN   69 --- [-job-executor-0] org.apache.spark.internal.Logging        : Using an existing SparkSession; the static sql configurations will not take effect.
2022-08-01 17:23:38.087  WARN   69 --- [-job-executor-0] org.apache.spark.internal.Logging        : Using an existing SparkSession; some spark core configurations may not take effect.
2022-08-01 17:23:38.087  INFO   57 --- [   JobGenerator] org.apache.spark.internal.Logging        : Removing blocks of RDD BlockRDD[4] at receiverStream at Application.java:122 of time 1659371002000 ms
2022-08-01 17:23:38.088  INFO   57 --- [   JobGenerator] org.apache.spark.internal.Logging        : Deleting batches: 1659371000000 ms
2022-08-01 17:23:38.089  INFO   57 --- [c-thread-pool-9] org.apache.spark.internal.Logging        : Removing RDD 4
2022-08-01 17:23:38.089  INFO   57 --- [   JobGenerator] org.apache.spark.internal.Logging        : remove old batch metadata: 1659371000000 ms
2022-08-01 17:23:38.172  INFO   57 --- [   JobScheduler] org.apache.spark.internal.Logging        : Finished job streaming job 1659371003000 ms.0 from job set of time 1659371003000 ms
2022-08-01 17:23:38.173  INFO   57 --- [   JobScheduler] org.apache.spark.internal.Logging        : Total delay: 15.172 s for time 1659371003000 ms (execution: 0.090 s)
2022-08-01 17:23:38.173  INFO   57 --- [   JobScheduler] org.apache.spark.internal.Logging        : Starting job streaming job 1659371004000 ms.0 from job set of time 1659371004000 ms
2022-08-01 17:23:38.176  INFO   57 --- [   JobGenerator] org.apache.spark.internal.Logging        : Removing RDD 7 from persistence list
2022-08-01 17:23:38.178  WARN   69 --- [-job-executor-0] org.apache.spark.internal.Logging        : Using an existing SparkSession; the static sql configurations will not take effect.
2022-08-01 17:23:38.179  WARN   69 --- [-job-executor-0] org.apache.spark.internal.Logging        : Using an existing SparkSession; some spark core configurations may not take effect.
2022-08-01 17:23:38.182  INFO   57 --- [   JobGenerator] org.apache.spark.internal.Logging        : Removing RDD 6 from persistence list
2022-08-01 17:23:38.183  INFO   57 --- [-thread-pool-12] org.apache.spark.internal.Logging        : Removing RDD 7
2022-08-01 17:23:38.184  INFO   57 --- [   JobGenerator] org.apache.spark.internal.Logging        : Removing blocks of RDD BlockRDD[6] at receiverStream at Application.java:122 of time 1659371003000 ms
2022-08-01 17:23:38.185  INFO   57 --- [   JobGenerator] org.apache.spark.internal.Logging        : Deleting batches: 1659371001000 ms
2022-08-01 17:23:38.185  INFO   57 --- [-thread-pool-13] org.apache.spark.internal.Logging        : Removing RDD 6
2022-08-01 17:23:38.185  INFO   57 --- [   JobGenerator] org.apache.spark.internal.Logging        : remove old batch metadata: 1659371001000 ms
2022-08-01 17:23:38.271  INFO   57 --- [   JobScheduler] org.apache.spark.internal.Logging        : Finished job streaming job 1659371004000 ms.0 from job set of time 1659371004000 ms
2022-08-01 17:23:38.272  INFO   57 --- [   JobScheduler] org.apache.spark.internal.Logging        : Total delay: 14.271 s for time 1659371004000 ms (execution: 0.098 s)
2022-08-01 17:23:38.272  INFO   57 --- [   JobGenerator] org.apache.spark.internal.Logging        : Removing RDD 10 from persistence list
2022-08-01 17:23:38.272  INFO   57 --- [   JobScheduler] org.apache.spark.internal.Logging        : Starting job streaming job 1659371005000 ms.0 from job set of time 1659371005000 ms
2022-08-01 17:23:38.275  INFO   57 --- [   JobGenerator] org.apache.spark.internal.Logging        : Removing RDD 9 from persistence list
2022-08-01 17:23:38.276  INFO   57 --- [   JobGenerator] org.apache.spark.internal.Logging        : Removing blocks of RDD BlockRDD[9] at receiverStream at Application.java:122 of time 1659371004000 ms
2022-08-01 17:23:38.277  INFO   57 --- [   JobGenerator] org.apache.spark.internal.Logging        : Deleting batches: 1659371002000 ms
2022-08-01 17:23:38.277  INFO   57 --- [   JobGenerator] org.apache.spark.internal.Logging        : remove old batch metadata: 1659371002000 ms
2022-08-01 17:23:38.278  INFO   57 --- [-thread-pool-19] org.apache.spark.internal.Logging        : Removing RDD 9
2022-08-01 17:23:38.278  INFO   57 --- [-thread-pool-18] org.apache.spark.internal.Logging        : Removing RDD 10
2022-08-01 17:23:38.281  WARN   69 --- [-job-executor-0] org.apache.spark.internal.Logging        : Using an existing SparkSession; the static sql configurations will not take effect.
2022-08-01 17:23:38.281  WARN   69 --- [-job-executor-0] org.apache.spark.internal.Logging        : Using an existing SparkSession; some spark core configurations may not take effect.
2022-08-01 17:23:38.354  INFO   57 --- [   JobScheduler] org.apache.spark.internal.Logging        : Finished job streaming job 1659371005000 ms.0 from job set of time 1659371005000 ms
2022-08-01 17:23:38.355  INFO   57 --- [   JobScheduler] org.apache.spark.internal.Logging        : Total delay: 13.354 s for time 1659371005000 ms (execution: 0.082 s)
2022-08-01 17:23:38.355  INFO   57 --- [   JobGenerator] org.apache.spark.internal.Logging        : Removing RDD 12 from persistence list
2022-08-01 17:23:38.356  INFO   57 --- [   JobScheduler] org.apache.spark.internal.Logging        : Starting job streaming job 1659371006000 ms.0 from job set of time 1659371006000 ms
2022-08-01 17:23:38.357  INFO   57 --- [   JobGenerator] org.apache.spark.internal.Logging        : Removing RDD 11 from persistence list
2022-08-01 17:23:38.357  INFO   57 --- [-thread-pool-24] org.apache.spark.internal.Logging        : Removing RDD 12
2022-08-01 17:23:38.359  INFO   57 --- [   JobGenerator] org.apache.spark.internal.Logging        : Removing blocks of RDD BlockRDD[11] at receiverStream at Application.java:122 of time 1659371005000 ms
2022-08-01 17:23:38.359  INFO   57 --- [-thread-pool-26] org.apache.spark.internal.Logging        : Removing RDD 11
2022-08-01 17:23:38.359  INFO   57 --- [   JobGenerator] org.apache.spark.internal.Logging        : Deleting batches: 1659371003000 ms
2022-08-01 17:23:38.361  INFO   57 --- [   JobGenerator] org.apache.spark.internal.Logging        : remove old batch metadata: 1659371003000 ms
2022-08-01 17:23:38.361  WARN   69 --- [-job-executor-0] org.apache.spark.internal.Logging        : Using an existing SparkSession; the static sql configurations will not take effect.
2022-08-01 17:23:38.361  WARN   69 --- [-job-executor-0] org.apache.spark.internal.Logging        : Using an existing SparkSession; some spark core configurations may not take effect.
2022-08-01 17:23:38.447  INFO   57 --- [   JobScheduler] org.apache.spark.internal.Logging        : Finished job streaming job 1659371006000 ms.0 from job set of time 1659371006000 ms
2022-08-01 17:23:38.448  INFO   57 --- [   JobScheduler] org.apache.spark.internal.Logging        : Total delay: 12.447 s for time 1659371006000 ms (execution: 0.092 s)
2022-08-01 17:23:38.449  INFO   57 --- [   JobScheduler] org.apache.spark.internal.Logging        : Starting job streaming job 1659371007000 ms.0 from job set of time 1659371007000 ms
2022-08-01 17:23:38.450  INFO   57 --- [   JobGenerator] org.apache.spark.internal.Logging        : Removing RDD 14 from persistence list
2022-08-01 17:23:38.451  INFO   57 --- [   JobGenerator] org.apache.spark.internal.Logging        : Removing RDD 13 from persistence list
2022-08-01 17:23:38.452  INFO   57 --- [-thread-pool-30] org.apache.spark.internal.Logging        : Removing RDD 14
2022-08-01 17:23:38.452  WARN   69 --- [-job-executor-0] org.apache.spark.internal.Logging        : Using an existing SparkSession; the static sql configurations will not take effect.
2022-08-01 17:23:38.453  WARN   69 --- [-job-executor-0] org.apache.spark.internal.Logging        : Using an existing SparkSession; some spark core configurations may not take effect.
2022-08-01 17:23:38.453  INFO   57 --- [   JobGenerator] org.apache.spark.internal.Logging        : Removing blocks of RDD BlockRDD[13] at receiverStream at Application.java:122 of time 1659371006000 ms
2022-08-01 17:23:38.455  INFO   57 --- [   JobGenerator] org.apache.spark.internal.Logging        : Deleting batches: 1659371004000 ms
2022-08-01 17:23:38.456  INFO   57 --- [   JobGenerator] org.apache.spark.internal.Logging        : remove old batch metadata: 1659371004000 ms
2022-08-01 17:23:38.457  INFO   57 --- [-thread-pool-33] org.apache.spark.internal.Logging        : Removing RDD 13
2022-08-01 17:23:38.530  INFO   57 --- [   JobScheduler] org.apache.spark.internal.Logging        : Finished job streaming job 1659371007000 ms.0 from job set of time 1659371007000 ms
2022-08-01 17:23:38.531  INFO   57 --- [   JobScheduler] org.apache.spark.internal.Logging        : Total delay: 11.530 s for time 1659371007000 ms (execution: 0.082 s)
2022-08-01 17:23:38.531  INFO   57 --- [   JobScheduler] org.apache.spark.internal.Logging        : Starting job streaming job 1659371008000 ms.0 from job set of time 1659371008000 ms
2022-08-01 17:23:38.532  INFO   57 --- [   JobGenerator] org.apache.spark.internal.Logging        : Removing RDD 16 from persistence list
2022-08-01 17:23:38.533  WARN   69 --- [-job-executor-0] org.apache.spark.internal.Logging        : Using an existing SparkSession; the static sql configurations will not take effect.
2022-08-01 17:23:38.534  WARN   69 --- [-job-executor-0] org.apache.spark.internal.Logging        : Using an existing SparkSession; some spark core configurations may not take effect.
2022-08-01 17:23:38.536  INFO   57 --- [   JobGenerator] org.apache.spark.internal.Logging        : Removing RDD 15 from persistence list
2022-08-01 17:23:38.536  INFO   57 --- [-thread-pool-36] org.apache.spark.internal.Logging        : Removing RDD 16
2022-08-01 17:23:38.538  INFO   57 --- [   JobGenerator] org.apache.spark.internal.Logging        : Removing blocks of RDD BlockRDD[15] at receiverStream at Application.java:122 of time 1659371007000 ms
2022-08-01 17:23:38.539  INFO   57 --- [   JobGenerator] org.apache.spark.internal.Logging        : Deleting batches: 1659371005000 ms
2022-08-01 17:23:38.539  INFO   57 --- [   JobGenerator] org.apache.spark.internal.Logging        : remove old batch metadata: 1659371005000 ms
2022-08-01 17:23:38.540  INFO   57 --- [-thread-pool-39] org.apache.spark.internal.Logging        : Removing RDD 15
2022-08-01 17:23:38.587  INFO   57 --- [   JobScheduler] org.apache.spark.internal.Logging        : Finished job streaming job 1659371008000 ms.0 from job set of time 1659371008000 ms
2022-08-01 17:23:38.587  INFO   57 --- [   JobScheduler] org.apache.spark.internal.Logging        : Total delay: 10.586 s for time 1659371008000 ms (execution: 0.055 s)
2022-08-01 17:23:38.587  INFO   57 --- [   JobGenerator] org.apache.spark.internal.Logging        : Removing RDD 18 from persistence list
2022-08-01 17:23:38.587  INFO   57 --- [   JobScheduler] org.apache.spark.internal.Logging        : Starting job streaming job 1659371009000 ms.0 from job set of time 1659371009000 ms
2022-08-01 17:23:38.589  INFO   57 --- [   JobGenerator] org.apache.spark.internal.Logging        : Removing RDD 17 from persistence list
2022-08-01 17:23:38.590  INFO   57 --- [   JobGenerator] org.apache.spark.internal.Logging        : Removing blocks of RDD BlockRDD[17] at receiverStream at Application.java:122 of time 1659371008000 ms
2022-08-01 17:23:38.590  INFO   57 --- [   JobGenerator] org.apache.spark.internal.Logging        : Deleting batches: 1659371006000 ms
2022-08-01 17:23:38.591  INFO   57 --- [   JobGenerator] org.apache.spark.internal.Logging        : remove old batch metadata: 1659371006000 ms
2022-08-01 17:23:38.591  INFO   57 --- [-thread-pool-42] org.apache.spark.internal.Logging        : Removing RDD 18
2022-08-01 17:23:38.595  INFO   57 --- [-thread-pool-43] org.apache.spark.internal.Logging        : Removing RDD 17
2022-08-01 17:23:38.594  WARN   69 --- [-job-executor-0] org.apache.spark.internal.Logging        : Using an existing SparkSession; the static sql configurations will not take effect.
2022-08-01 17:23:38.597  WARN   69 --- [-job-executor-0] org.apache.spark.internal.Logging        : Using an existing SparkSession; some spark core configurations may not take effect.
2022-08-01 17:23:38.662  INFO   57 --- [-job-executor-0] org.apache.spark.internal.Logging        : Starting job: show at Application.java:146
2022-08-01 17:23:38.666  INFO   57 --- [uler-event-loop] org.apache.spark.internal.Logging        : Got job 1 (show at Application.java:146) with 1 output partitions
2022-08-01 17:23:38.666  INFO   57 --- [uler-event-loop] org.apache.spark.internal.Logging        : Final stage: ResultStage 1 (show at Application.java:146)
2022-08-01 17:23:38.667  INFO   57 --- [uler-event-loop] org.apache.spark.internal.Logging        : Parents of final stage: List()
2022-08-01 17:23:38.667  INFO   57 --- [uler-event-loop] org.apache.spark.internal.Logging        : Missing parents: List()
2022-08-01 17:23:38.675  INFO   57 --- [uler-event-loop] org.apache.spark.internal.Logging        : Submitting ResultStage 1 (MapPartitionsRDD[78] at show at Application.java:146), which has no missing parents
2022-08-01 17:23:38.727  INFO   57 --- [uler-event-loop] org.apache.spark.internal.Logging        : Block broadcast_1 stored as values in memory (estimated size 12.9 KiB, free 892.4 MiB)
2022-08-01 17:23:38.732  INFO   57 --- [uler-event-loop] org.apache.spark.internal.Logging        : Block broadcast_1_piece0 stored as bytes in memory (estimated size 5.8 KiB, free 892.4 MiB)
2022-08-01 17:23:38.733  INFO   57 --- [ckManagerMaster] org.apache.spark.internal.Logging        : Added broadcast_1_piece0 in memory on host.docker.internal:58450 (size: 5.8 KiB, free: 892.5 MiB)
2022-08-01 17:23:38.734  INFO   57 --- [uler-event-loop] org.apache.spark.internal.Logging        : Created broadcast 1 from broadcast at DAGScheduler.scala:1478
2022-08-01 17:23:38.734  INFO   57 --- [uler-event-loop] org.apache.spark.internal.Logging        : Submitting 1 missing tasks from ResultStage 1 (MapPartitionsRDD[78] at show at Application.java:146) (first 15 tasks are for partitions Vector(0))
2022-08-01 17:23:38.735  INFO   57 --- [uler-event-loop] org.apache.spark.internal.Logging        : Adding task set 1.0 with 1 tasks resource profile 0
2022-08-01 17:23:38.741  INFO   57 --- [er-event-loop-0] org.apache.spark.internal.Logging        : Starting task 0.0 in stage 1.0 (TID 1) (host.docker.internal, executor driver, partition 0, PROCESS_LOCAL, 4394 bytes) taskResourceAssignments Map()
2022-08-01 17:23:38.745  INFO   57 --- [age 1.0 (TID 1)] org.apache.spark.internal.Logging        : Running task 0.0 in stage 1.0 (TID 1)
2022-08-01 17:23:39.017  INFO   57 --- [   JobGenerator] org.apache.spark.internal.Logging        : Added jobs for time 1659371019000 ms
2022-08-01 17:23:39.022  INFO   57 --- [age 1.0 (TID 1)] org.apache.spark.internal.Logging        : Found block input-0-1659371001859 locally
2022-08-01 17:23:40.011  INFO   57 --- [   JobGenerator] org.apache.spark.internal.Logging        : Added jobs for time 1659371020000 ms
2022-08-01 17:23:40.139  INFO   57 --- [age 1.0 (TID 1)] org.apache.spark.internal.Logging        : 1 block locks were not released by task 0.0 in stage 1.0 (TID 1)
[input-0-1659371001859]
2022-08-01 17:23:40.146  INFO   57 --- [age 1.0 (TID 1)] org.apache.spark.internal.Logging        : Finished task 0.0 in stage 1.0 (TID 1). 2637 bytes result sent to driver
2022-08-01 17:23:40.154  INFO   57 --- [result-getter-0] org.apache.spark.internal.Logging        : Finished task 0.0 in stage 1.0 (TID 1) in 1415 ms on host.docker.internal (executor driver) (1/1)
2022-08-01 17:23:40.157  INFO   57 --- [result-getter-0] org.apache.spark.internal.Logging        : Removed TaskSet 1.0, whose tasks have all completed, from pool 
2022-08-01 17:23:40.170  INFO   57 --- [uler-event-loop] org.apache.spark.internal.Logging        : ResultStage 1 (show at Application.java:146) finished in 1.475 s
2022-08-01 17:23:40.174  INFO   57 --- [uler-event-loop] org.apache.spark.internal.Logging        : Job 1 is finished. Cancelling potential speculative or zombie tasks for this job
2022-08-01 17:23:40.175  INFO   57 --- [uler-event-loop] org.apache.spark.internal.Logging        : Killing all running tasks in stage 1: Stage finished
2022-08-01 17:23:40.178  INFO   57 --- [-job-executor-0] org.apache.spark.internal.Logging        : Job 1 finished: show at Application.java:146, took 1.514181 s
2022-08-01 17:23:40.370  INFO   57 --- [-job-executor-0] org.apache.spark.internal.Logging        : Code generated in 101.3453 ms
2022-08-01 17:23:40.417  INFO   57 --- [   JobScheduler] org.apache.spark.internal.Logging        : Finished job streaming job 1659371009000 ms.0 from job set of time 1659371009000 ms
2022-08-01 17:23:40.418  INFO   57 --- [   JobScheduler] org.apache.spark.internal.Logging        : Total delay: 11.417 s for time 1659371009000 ms (execution: 1.830 s)
2022-08-01 17:23:40.418  INFO   57 --- [   JobScheduler] org.apache.spark.internal.Logging        : Starting job streaming job 1659371010000 ms.0 from job set of time 1659371010000 ms
2022-08-01 17:23:40.419  INFO   57 --- [   JobGenerator] org.apache.spark.internal.Logging        : Removing RDD 20 from persistence list
2022-08-01 17:23:40.421  INFO   57 --- [   JobGenerator] org.apache.spark.internal.Logging        : Removing RDD 19 from persistence list
2022-08-01 17:23:40.422  WARN   69 --- [-job-executor-0] org.apache.spark.internal.Logging        : Using an existing SparkSession; the static sql configurations will not take effect.
2022-08-01 17:23:40.422  WARN   69 --- [-job-executor-0] org.apache.spark.internal.Logging        : Using an existing SparkSession; some spark core configurations may not take effect.
2022-08-01 17:23:40.422  INFO   57 --- [   JobGenerator] org.apache.spark.internal.Logging        : Removing blocks of RDD BlockRDD[19] at receiverStream at Application.java:122 of time 1659371009000 ms
2022-08-01 17:23:40.423  INFO   57 --- [   JobGenerator] org.apache.spark.internal.Logging        : Deleting batches: 1659371007000 ms
2022-08-01 17:23:40.423  INFO   57 --- [   JobGenerator] org.apache.spark.internal.Logging        : remove old batch metadata: 1659371007000 ms
2022-08-01 17:23:40.424  INFO   57 --- [-thread-pool-48] org.apache.spark.internal.Logging        : Removing RDD 20
2022-08-01 17:23:40.424  INFO   57 --- [-thread-pool-49] org.apache.spark.internal.Logging        : Removing RDD 19
2022-08-01 17:23:40.477  INFO   57 --- [   JobScheduler] org.apache.spark.internal.Logging        : Finished job streaming job 1659371010000 ms.0 from job set of time 1659371010000 ms
2022-08-01 17:23:40.478  INFO   57 --- [   JobScheduler] org.apache.spark.internal.Logging        : Total delay: 10.477 s for time 1659371010000 ms (execution: 0.059 s)
2022-08-01 17:23:40.478  INFO   57 --- [   JobScheduler] org.apache.spark.internal.Logging        : Starting job streaming job 1659371011000 ms.0 from job set of time 1659371011000 ms
2022-08-01 17:23:40.479  INFO   57 --- [   JobGenerator] org.apache.spark.internal.Logging        : Removing RDD 22 from persistence list
2022-08-01 17:23:40.481  INFO   57 --- [   JobGenerator] org.apache.spark.internal.Logging        : Removing RDD 21 from persistence list
2022-08-01 17:23:40.482  WARN   69 --- [-job-executor-0] org.apache.spark.internal.Logging        : Using an existing SparkSession; the static sql configurations will not take effect.
2022-08-01 17:23:40.482  WARN   69 --- [-job-executor-0] org.apache.spark.internal.Logging        : Using an existing SparkSession; some spark core configurations may not take effect.
2022-08-01 17:23:40.483  INFO   57 --- [   JobGenerator] org.apache.spark.internal.Logging        : Removing blocks of RDD BlockRDD[21] at receiverStream at Application.java:122 of time 1659371010000 ms
2022-08-01 17:23:40.485  INFO   57 --- [-thread-pool-54] org.apache.spark.internal.Logging        : Removing RDD 22
2022-08-01 17:23:40.489  INFO   57 --- [-thread-pool-55] org.apache.spark.internal.Logging        : Removing RDD 21
2022-08-01 17:23:40.502  INFO   57 --- [   JobGenerator] org.apache.spark.internal.Logging        : Deleting batches: 1659371008000 ms
2022-08-01 17:23:40.502  INFO   57 --- [   JobGenerator] org.apache.spark.internal.Logging        : remove old batch metadata: 1659371008000 ms
2022-08-01 17:23:40.515  INFO   57 --- [ckManagerMaster] org.apache.spark.internal.Logging        : Removed input-0-1659371001859 on host.docker.internal:58450 in memory (size: 5.1 MiB, free: 897.6 MiB)
2022-08-01 17:23:40.542  INFO   57 --- [   JobScheduler] org.apache.spark.internal.Logging        : Finished job streaming job 1659371011000 ms.0 from job set of time 1659371011000 ms
2022-08-01 17:23:40.542  INFO   57 --- [   JobScheduler] org.apache.spark.internal.Logging        : Total delay: 9.541 s for time 1659371011000 ms (execution: 0.063 s)
2022-08-01 17:23:40.543  INFO   57 --- [   JobScheduler] org.apache.spark.internal.Logging        : Starting job streaming job 1659371012000 ms.0 from job set of time 1659371012000 ms
2022-08-01 17:23:40.544  WARN   69 --- [-job-executor-0] org.apache.spark.internal.Logging        : Using an existing SparkSession; the static sql configurations will not take effect.
2022-08-01 17:23:40.545  WARN   69 --- [-job-executor-0] org.apache.spark.internal.Logging        : Using an existing SparkSession; some spark core configurations may not take effect.
2022-08-01 17:23:40.549  INFO   57 --- [   JobGenerator] org.apache.spark.internal.Logging        : Removing RDD 24 from persistence list
2022-08-01 17:23:40.558  INFO   57 --- [   JobGenerator] org.apache.spark.internal.Logging        : Removing RDD 23 from persistence list
2022-08-01 17:23:40.560  INFO   57 --- [   JobGenerator] org.apache.spark.internal.Logging        : Removing blocks of RDD BlockRDD[23] at receiverStream at Application.java:122 of time 1659371011000 ms
2022-08-01 17:23:40.560  INFO   57 --- [   JobGenerator] org.apache.spark.internal.Logging        : Deleting batches: 1659371009000 ms
2022-08-01 17:23:40.561  INFO   57 --- [   JobGenerator] org.apache.spark.internal.Logging        : remove old batch metadata: 1659371009000 ms
2022-08-01 17:23:40.561  INFO   57 --- [-thread-pool-64] org.apache.spark.internal.Logging        : Removing RDD 23
2022-08-01 17:23:40.561  INFO   57 --- [-thread-pool-63] org.apache.spark.internal.Logging        : Removing RDD 24
2022-08-01 17:23:40.607  INFO   57 --- [   JobScheduler] org.apache.spark.internal.Logging        : Finished job streaming job 1659371012000 ms.0 from job set of time 1659371012000 ms
2022-08-01 17:23:40.608  INFO   57 --- [   JobScheduler] org.apache.spark.internal.Logging        : Total delay: 8.607 s for time 1659371012000 ms (execution: 0.065 s)
2022-08-01 17:23:40.609  INFO   57 --- [   JobGenerator] org.apache.spark.internal.Logging        : Removing RDD 26 from persistence list
2022-08-01 17:23:40.611  INFO   57 --- [   JobGenerator] org.apache.spark.internal.Logging        : Removing RDD 25 from persistence list
2022-08-01 17:23:40.612  INFO   57 --- [   JobScheduler] org.apache.spark.internal.Logging        : Starting job streaming job 1659371013000 ms.0 from job set of time 1659371013000 ms
2022-08-01 17:23:40.613  INFO   57 --- [   JobGenerator] org.apache.spark.internal.Logging        : Removing blocks of RDD BlockRDD[25] at receiverStream at Application.java:122 of time 1659371012000 ms
2022-08-01 17:23:40.613  INFO   57 --- [   JobGenerator] org.apache.spark.internal.Logging        : Deleting batches: 1659371010000 ms
2022-08-01 17:23:40.614  INFO   57 --- [   JobGenerator] org.apache.spark.internal.Logging        : remove old batch metadata: 1659371010000 ms
2022-08-01 17:23:40.616  INFO   57 --- [-thread-pool-69] org.apache.spark.internal.Logging        : Removing RDD 26
2022-08-01 17:23:40.617  INFO   57 --- [-thread-pool-70] org.apache.spark.internal.Logging        : Removing RDD 25
2022-08-01 17:23:40.618  WARN   69 --- [-job-executor-0] org.apache.spark.internal.Logging        : Using an existing SparkSession; the static sql configurations will not take effect.
2022-08-01 17:23:40.622  WARN   69 --- [-job-executor-0] org.apache.spark.internal.Logging        : Using an existing SparkSession; some spark core configurations may not take effect.
2022-08-01 17:23:40.685  INFO   57 --- [   JobScheduler] org.apache.spark.internal.Logging        : Finished job streaming job 1659371013000 ms.0 from job set of time 1659371013000 ms
2022-08-01 17:23:40.685  INFO   57 --- [   JobScheduler] org.apache.spark.internal.Logging        : Total delay: 7.684 s for time 1659371013000 ms (execution: 0.073 s)
2022-08-01 17:23:40.686  INFO   57 --- [   JobScheduler] org.apache.spark.internal.Logging        : Starting job streaming job 1659371014000 ms.0 from job set of time 1659371014000 ms
2022-08-01 17:23:40.690  INFO   57 --- [   JobGenerator] org.apache.spark.internal.Logging        : Removing RDD 28 from persistence list
2022-08-01 17:23:40.691  WARN   69 --- [-job-executor-0] org.apache.spark.internal.Logging        : Using an existing SparkSession; the static sql configurations will not take effect.
2022-08-01 17:23:40.691  WARN   69 --- [-job-executor-0] org.apache.spark.internal.Logging        : Using an existing SparkSession; some spark core configurations may not take effect.
2022-08-01 17:23:40.693  INFO   57 --- [   JobGenerator] org.apache.spark.internal.Logging        : Removing RDD 27 from persistence list
2022-08-01 17:23:40.695  INFO   57 --- [   JobGenerator] org.apache.spark.internal.Logging        : Removing blocks of RDD BlockRDD[27] at receiverStream at Application.java:122 of time 1659371013000 ms
2022-08-01 17:23:40.695  INFO   57 --- [   JobGenerator] org.apache.spark.internal.Logging        : Deleting batches: 1659371011000 ms
2022-08-01 17:23:40.695  INFO   57 --- [   JobGenerator] org.apache.spark.internal.Logging        : remove old batch metadata: 1659371011000 ms
2022-08-01 17:23:40.697  INFO   57 --- [-thread-pool-76] org.apache.spark.internal.Logging        : Removing RDD 27
2022-08-01 17:23:40.698  INFO   57 --- [-thread-pool-75] org.apache.spark.internal.Logging        : Removing RDD 28
2022-08-01 17:23:40.741  INFO   57 --- [   JobScheduler] org.apache.spark.internal.Logging        : Finished job streaming job 1659371014000 ms.0 from job set of time 1659371014000 ms
2022-08-01 17:23:40.742  INFO   57 --- [   JobScheduler] org.apache.spark.internal.Logging        : Total delay: 6.740 s for time 1659371014000 ms (execution: 0.054 s)
2022-08-01 17:23:40.742  INFO   57 --- [   JobScheduler] org.apache.spark.internal.Logging        : Starting job streaming job 1659371015000 ms.0 from job set of time 1659371015000 ms
2022-08-01 17:23:40.743  WARN   69 --- [-job-executor-0] org.apache.spark.internal.Logging        : Using an existing SparkSession; the static sql configurations will not take effect.
2022-08-01 17:23:40.744  WARN   69 --- [-job-executor-0] org.apache.spark.internal.Logging        : Using an existing SparkSession; some spark core configurations may not take effect.
2022-08-01 17:23:40.743  INFO   57 --- [   JobGenerator] org.apache.spark.internal.Logging        : Removing RDD 30 from persistence list
2022-08-01 17:23:40.748  INFO   57 --- [   JobGenerator] org.apache.spark.internal.Logging        : Removing RDD 29 from persistence list
2022-08-01 17:23:40.756  INFO   57 --- [   JobGenerator] org.apache.spark.internal.Logging        : Removing blocks of RDD BlockRDD[29] at receiverStream at Application.java:122 of time 1659371014000 ms
2022-08-01 17:23:40.756  INFO   57 --- [   JobGenerator] org.apache.spark.internal.Logging        : Deleting batches: 1659371012000 ms
2022-08-01 17:23:40.757  INFO   57 --- [   JobGenerator] org.apache.spark.internal.Logging        : remove old batch metadata: 1659371012000 ms
2022-08-01 17:23:40.765  INFO   57 --- [-thread-pool-81] org.apache.spark.internal.Logging        : Removing RDD 30
2022-08-01 17:23:40.768  INFO   57 --- [-thread-pool-82] org.apache.spark.internal.Logging        : Removing RDD 29
2022-08-01 17:23:40.793  INFO   57 --- [   JobScheduler] org.apache.spark.internal.Logging        : Finished job streaming job 1659371015000 ms.0 from job set of time 1659371015000 ms
2022-08-01 17:23:40.794  INFO   57 --- [   JobScheduler] org.apache.spark.internal.Logging        : Total delay: 5.793 s for time 1659371015000 ms (execution: 0.051 s)
2022-08-01 17:23:40.794  INFO   57 --- [   JobScheduler] org.apache.spark.internal.Logging        : Starting job streaming job 1659371016000 ms.0 from job set of time 1659371016000 ms
2022-08-01 17:23:40.795  INFO   57 --- [   JobGenerator] org.apache.spark.internal.Logging        : Removing RDD 32 from persistence list
2022-08-01 17:23:40.796  INFO   57 --- [   JobGenerator] org.apache.spark.internal.Logging        : Removing RDD 31 from persistence list
2022-08-01 17:23:40.797  WARN   69 --- [-job-executor-0] org.apache.spark.internal.Logging        : Using an existing SparkSession; the static sql configurations will not take effect.
2022-08-01 17:23:40.797  WARN   69 --- [-job-executor-0] org.apache.spark.internal.Logging        : Using an existing SparkSession; some spark core configurations may not take effect.
2022-08-01 17:23:40.802  INFO   57 --- [   JobGenerator] org.apache.spark.internal.Logging        : Removing blocks of RDD BlockRDD[31] at receiverStream at Application.java:122 of time 1659371015000 ms
2022-08-01 17:23:40.807  INFO   57 --- [   JobGenerator] org.apache.spark.internal.Logging        : Deleting batches: 1659371013000 ms
2022-08-01 17:23:40.807  INFO   57 --- [   JobGenerator] org.apache.spark.internal.Logging        : remove old batch metadata: 1659371013000 ms
2022-08-01 17:23:40.810  INFO   57 --- [-thread-pool-87] org.apache.spark.internal.Logging        : Removing RDD 32
2022-08-01 17:23:40.812  INFO   57 --- [-thread-pool-88] org.apache.spark.internal.Logging        : Removing RDD 31
2022-08-01 17:23:40.852  INFO   57 --- [   JobScheduler] org.apache.spark.internal.Logging        : Finished job streaming job 1659371016000 ms.0 from job set of time 1659371016000 ms
2022-08-01 17:23:40.857  INFO   57 --- [   JobScheduler] org.apache.spark.internal.Logging        : Total delay: 4.852 s for time 1659371016000 ms (execution: 0.058 s)
2022-08-01 17:23:40.858  INFO   57 --- [   JobGenerator] org.apache.spark.internal.Logging        : Removing RDD 34 from persistence list
2022-08-01 17:23:40.860  INFO   57 --- [   JobGenerator] org.apache.spark.internal.Logging        : Removing RDD 33 from persistence list
2022-08-01 17:23:40.862  INFO   57 --- [   JobGenerator] org.apache.spark.internal.Logging        : Removing blocks of RDD BlockRDD[33] at receiverStream at Application.java:122 of time 1659371016000 ms
2022-08-01 17:23:40.862  INFO   57 --- [   JobGenerator] org.apache.spark.internal.Logging        : Deleting batches: 1659371014000 ms
2022-08-01 17:23:40.863  INFO   57 --- [   JobGenerator] org.apache.spark.internal.Logging        : remove old batch metadata: 1659371014000 ms
2022-08-01 17:23:40.863  INFO   57 --- [   JobScheduler] org.apache.spark.internal.Logging        : Starting job streaming job 1659371017000 ms.0 from job set of time 1659371017000 ms
2022-08-01 17:23:40.864  INFO   57 --- [-thread-pool-93] org.apache.spark.internal.Logging        : Removing RDD 34
2022-08-01 17:23:40.865  INFO   57 --- [-thread-pool-94] org.apache.spark.internal.Logging        : Removing RDD 33
2022-08-01 17:23:40.867  WARN   69 --- [-job-executor-0] org.apache.spark.internal.Logging        : Using an existing SparkSession; the static sql configurations will not take effect.
2022-08-01 17:23:40.868  WARN   69 --- [-job-executor-0] org.apache.spark.internal.Logging        : Using an existing SparkSession; some spark core configurations may not take effect.
2022-08-01 17:23:40.959  INFO   57 --- [   JobScheduler] org.apache.spark.internal.Logging        : Finished job streaming job 1659371017000 ms.0 from job set of time 1659371017000 ms
2022-08-01 17:23:40.960  INFO   57 --- [   JobScheduler] org.apache.spark.internal.Logging        : Total delay: 3.959 s for time 1659371017000 ms (execution: 0.096 s)
2022-08-01 17:23:40.960  INFO   57 --- [   JobScheduler] org.apache.spark.internal.Logging        : Starting job streaming job 1659371018000 ms.0 from job set of time 1659371018000 ms
2022-08-01 17:23:40.961  INFO   57 --- [   JobGenerator] org.apache.spark.internal.Logging        : Removing RDD 36 from persistence list
2022-08-01 17:23:40.962  WARN   69 --- [-job-executor-0] org.apache.spark.internal.Logging        : Using an existing SparkSession; the static sql configurations will not take effect.
2022-08-01 17:23:40.964  WARN   69 --- [-job-executor-0] org.apache.spark.internal.Logging        : Using an existing SparkSession; some spark core configurations may not take effect.
2022-08-01 17:23:40.965  INFO   57 --- [   JobGenerator] org.apache.spark.internal.Logging        : Removing RDD 35 from persistence list
2022-08-01 17:23:40.967  INFO   57 --- [   JobGenerator] org.apache.spark.internal.Logging        : Removing blocks of RDD BlockRDD[35] at receiverStream at Application.java:122 of time 1659371017000 ms
2022-08-01 17:23:40.967  INFO   57 --- [   JobGenerator] org.apache.spark.internal.Logging        : Deleting batches: 1659371015000 ms
2022-08-01 17:23:40.968  INFO   57 --- [   JobGenerator] org.apache.spark.internal.Logging        : remove old batch metadata: 1659371015000 ms
2022-08-01 17:23:40.968  INFO   57 --- [c-thread-pool-1] org.apache.spark.internal.Logging        : Removing RDD 35
2022-08-01 17:23:41.013  INFO   57 --- [-thread-pool-99] org.apache.spark.internal.Logging        : Removing RDD 36
2022-08-01 17:23:41.024  INFO   57 --- [   JobGenerator] org.apache.spark.internal.Logging        : Added jobs for time 1659371021000 ms
2022-08-01 17:23:41.032  INFO   57 --- [   JobScheduler] org.apache.spark.internal.Logging        : Finished job streaming job 1659371018000 ms.0 from job set of time 1659371018000 ms
2022-08-01 17:23:41.033  INFO   57 --- [   JobScheduler] org.apache.spark.internal.Logging        : Total delay: 3.032 s for time 1659371018000 ms (execution: 0.072 s)
2022-08-01 17:23:41.034  INFO   57 --- [   JobGenerator] org.apache.spark.internal.Logging        : Removing RDD 38 from persistence list
2022-08-01 17:23:41.035  INFO   57 --- [   JobGenerator] org.apache.spark.internal.Logging        : Removing RDD 37 from persistence list
2022-08-01 17:23:41.036  INFO   57 --- [c-thread-pool-5] org.apache.spark.internal.Logging        : Removing RDD 38
2022-08-01 17:23:41.037  INFO   57 --- [   JobGenerator] org.apache.spark.internal.Logging        : Removing blocks of RDD BlockRDD[37] at receiverStream at Application.java:122 of time 1659371018000 ms
2022-08-01 17:23:41.038  INFO   57 --- [   JobGenerator] org.apache.spark.internal.Logging        : Deleting batches: 1659371016000 ms
2022-08-01 17:23:41.038  INFO   57 --- [   JobGenerator] org.apache.spark.internal.Logging        : remove old batch metadata: 1659371016000 ms
2022-08-01 17:23:41.038  INFO   57 --- [c-thread-pool-7] org.apache.spark.internal.Logging        : Removing RDD 37
2022-08-01 17:23:41.040  INFO   57 --- [   JobScheduler] org.apache.spark.internal.Logging        : Starting job streaming job 1659371019000 ms.0 from job set of time 1659371019000 ms
2022-08-01 17:23:41.044  WARN   69 --- [-job-executor-0] org.apache.spark.internal.Logging        : Using an existing SparkSession; the static sql configurations will not take effect.
2022-08-01 17:23:41.045  WARN   69 --- [-job-executor-0] org.apache.spark.internal.Logging        : Using an existing SparkSession; some spark core configurations may not take effect.
2022-08-01 17:23:41.109  WARN   69 --- [-job-executor-0] org.apache.spark.internal.Logging        : Using an existing SparkSession; the static sql configurations will not take effect.
2022-08-01 17:23:41.109  WARN   69 --- [-job-executor-0] org.apache.spark.internal.Logging        : Using an existing SparkSession; some spark core configurations may not take effect.
2022-08-01 17:23:41.113  INFO   57 --- [   JobScheduler] org.apache.spark.internal.Logging        : Finished job streaming job 1659371019000 ms.0 from job set of time 1659371019000 ms
2022-08-01 17:23:41.116  INFO   57 --- [   JobScheduler] org.apache.spark.internal.Logging        : Total delay: 2.113 s for time 1659371019000 ms (execution: 0.073 s)
2022-08-01 17:23:41.116  INFO   57 --- [   JobScheduler] org.apache.spark.internal.Logging        : Starting job streaming job 1659371020000 ms.0 from job set of time 1659371020000 ms
2022-08-01 17:23:41.118  INFO   57 --- [   JobGenerator] org.apache.spark.internal.Logging        : Removing RDD 48 from persistence list
2022-08-01 17:23:41.126  INFO   57 --- [   JobGenerator] org.apache.spark.internal.Logging        : Removing RDD 47 from persistence list
2022-08-01 17:23:41.127  INFO   57 --- [-thread-pool-11] org.apache.spark.internal.Logging        : Removing RDD 48
2022-08-01 17:23:41.129  INFO   57 --- [   JobGenerator] org.apache.spark.internal.Logging        : Removing blocks of RDD BlockRDD[47] at receiverStream at Application.java:122 of time 1659371019000 ms
2022-08-01 17:23:41.129  INFO   57 --- [   JobGenerator] org.apache.spark.internal.Logging        : Deleting batches: 1659371017000 ms
2022-08-01 17:23:41.130  INFO   57 --- [   JobGenerator] org.apache.spark.internal.Logging        : remove old batch metadata: 1659371017000 ms
2022-08-01 17:23:41.130  INFO   57 --- [-thread-pool-14] org.apache.spark.internal.Logging        : Removing RDD 47
2022-08-01 17:23:41.167  INFO   57 --- [   JobScheduler] org.apache.spark.internal.Logging        : Finished job streaming job 1659371020000 ms.0 from job set of time 1659371020000 ms
2022-08-01 17:23:41.168  INFO   57 --- [   JobScheduler] org.apache.spark.internal.Logging        : Total delay: 1.167 s for time 1659371020000 ms (execution: 0.051 s)
2022-08-01 17:23:41.168  INFO   57 --- [   JobGenerator] org.apache.spark.internal.Logging        : Removing RDD 80 from persistence list
2022-08-01 17:23:41.168  INFO   57 --- [   JobScheduler] org.apache.spark.internal.Logging        : Starting job streaming job 1659371021000 ms.0 from job set of time 1659371021000 ms
2022-08-01 17:23:41.170  INFO   57 --- [-thread-pool-17] org.apache.spark.internal.Logging        : Removing RDD 80
2022-08-01 17:23:41.170  INFO   57 --- [   JobGenerator] org.apache.spark.internal.Logging        : Removing RDD 79 from persistence list
2022-08-01 17:23:41.175  INFO   57 --- [   JobGenerator] org.apache.spark.internal.Logging        : Removing blocks of RDD BlockRDD[79] at receiverStream at Application.java:122 of time 1659371020000 ms
2022-08-01 17:23:41.176  INFO   57 --- [   JobGenerator] org.apache.spark.internal.Logging        : Deleting batches: 1659371018000 ms
2022-08-01 17:23:41.177  INFO   57 --- [-thread-pool-18] org.apache.spark.internal.Logging        : Removing RDD 79
2022-08-01 17:23:41.177  INFO   57 --- [   JobGenerator] org.apache.spark.internal.Logging        : remove old batch metadata: 1659371018000 ms
2022-08-01 17:23:41.181  WARN   69 --- [-job-executor-0] org.apache.spark.internal.Logging        : Using an existing SparkSession; the static sql configurations will not take effect.
2022-08-01 17:23:41.181  WARN   69 --- [-job-executor-0] org.apache.spark.internal.Logging        : Using an existing SparkSession; some spark core configurations may not take effect.
2022-08-01 17:23:41.224  INFO   57 --- [   JobScheduler] org.apache.spark.internal.Logging        : Finished job streaming job 1659371021000 ms.0 from job set of time 1659371021000 ms
2022-08-01 17:23:41.225  INFO   57 --- [   JobScheduler] org.apache.spark.internal.Logging        : Total delay: 0.224 s for time 1659371021000 ms (execution: 0.056 s)
2022-08-01 17:23:41.225  INFO   57 --- [   JobGenerator] org.apache.spark.internal.Logging        : Removing RDD 82 from persistence list
2022-08-01 17:23:41.226  INFO   57 --- [-thread-pool-23] org.apache.spark.internal.Logging        : Removing RDD 82
2022-08-01 17:23:41.226  INFO   57 --- [   JobGenerator] org.apache.spark.internal.Logging        : Removing RDD 81 from persistence list
2022-08-01 17:23:41.227  INFO   57 --- [-thread-pool-27] org.apache.spark.internal.Logging        : Removing RDD 81
2022-08-01 17:23:41.227  INFO   57 --- [   JobGenerator] org.apache.spark.internal.Logging        : Removing blocks of RDD BlockRDD[81] at receiverStream at Application.java:122 of time 1659371021000 ms
2022-08-01 17:23:41.228  INFO   57 --- [   JobGenerator] org.apache.spark.internal.Logging        : Deleting batches: 1659371019000 ms
2022-08-01 17:23:41.228  INFO   57 --- [   JobGenerator] org.apache.spark.internal.Logging        : remove old batch metadata: 1659371019000 ms
2022-08-01 17:23:42.003  INFO   57 --- [   JobGenerator] org.apache.spark.internal.Logging        : Added jobs for time 1659371022000 ms
2022-08-01 17:23:42.003  INFO   57 --- [   JobScheduler] org.apache.spark.internal.Logging        : Starting job streaming job 1659371022000 ms.0 from job set of time 1659371022000 ms
2022-08-01 17:23:42.006  WARN   69 --- [-job-executor-0] org.apache.spark.internal.Logging        : Using an existing SparkSession; the static sql configurations will not take effect.
2022-08-01 17:23:42.007  WARN   69 --- [-job-executor-0] org.apache.spark.internal.Logging        : Using an existing SparkSession; some spark core configurations may not take effect.
2022-08-01 17:23:42.042  INFO   57 --- [   JobScheduler] org.apache.spark.internal.Logging        : Finished job streaming job 1659371022000 ms.0 from job set of time 1659371022000 ms
2022-08-01 17:23:42.043  INFO   57 --- [   JobScheduler] org.apache.spark.internal.Logging        : Total delay: 0.042 s for time 1659371022000 ms (execution: 0.039 s)
2022-08-01 17:23:42.044  INFO   57 --- [   JobGenerator] org.apache.spark.internal.Logging        : Removing RDD 119 from persistence list
2022-08-01 17:23:42.045  INFO   57 --- [-thread-pool-29] org.apache.spark.internal.Logging        : Removing RDD 119
2022-08-01 17:23:42.045  INFO   57 --- [   JobGenerator] org.apache.spark.internal.Logging        : Removing RDD 118 from persistence list
2022-08-01 17:23:42.047  INFO   57 --- [-thread-pool-32] org.apache.spark.internal.Logging        : Removing RDD 118
2022-08-01 17:23:42.047  INFO   57 --- [   JobGenerator] org.apache.spark.internal.Logging        : Removing blocks of RDD BlockRDD[118] at receiverStream at Application.java:122 of time 1659371022000 ms
2022-08-01 17:23:42.048  INFO   57 --- [   JobGenerator] org.apache.spark.internal.Logging        : Deleting batches: 1659371020000 ms
2022-08-01 17:23:42.048  INFO   57 --- [   JobGenerator] org.apache.spark.internal.Logging        : remove old batch metadata: 1659371020000 ms
2022-08-01 17:23:43.009  INFO   57 --- [   JobGenerator] org.apache.spark.internal.Logging        : Added jobs for time 1659371023000 ms
2022-08-01 17:23:43.011  INFO   57 --- [   JobScheduler] org.apache.spark.internal.Logging        : Starting job streaming job 1659371023000 ms.0 from job set of time 1659371023000 ms
2022-08-01 17:23:43.021  WARN   69 --- [-job-executor-0] org.apache.spark.internal.Logging        : Using an existing SparkSession; the static sql configurations will not take effect.
2022-08-01 17:23:43.022  WARN   69 --- [-job-executor-0] org.apache.spark.internal.Logging        : Using an existing SparkSession; some spark core configurations may not take effect.
2022-08-01 17:23:43.067  INFO   57 --- [   JobScheduler] org.apache.spark.internal.Logging        : Finished job streaming job 1659371023000 ms.0 from job set of time 1659371023000 ms
2022-08-01 17:23:43.067  INFO   57 --- [   JobScheduler] org.apache.spark.internal.Logging        : Total delay: 0.067 s for time 1659371023000 ms (execution: 0.057 s)
2022-08-01 17:23:43.069  INFO   57 --- [   JobGenerator] org.apache.spark.internal.Logging        : Removing RDD 134 from persistence list
2022-08-01 17:23:43.071  INFO   57 --- [   JobGenerator] org.apache.spark.internal.Logging        : Removing RDD 133 from persistence list
2022-08-01 17:23:43.071  INFO   57 --- [-thread-pool-35] org.apache.spark.internal.Logging        : Removing RDD 134
2022-08-01 17:23:43.073  INFO   57 --- [   JobGenerator] org.apache.spark.internal.Logging        : Removing blocks of RDD BlockRDD[133] at receiverStream at Application.java:122 of time 1659371023000 ms
2022-08-01 17:23:43.073  INFO   57 --- [   JobGenerator] org.apache.spark.internal.Logging        : Deleting batches: 1659371021000 ms
2022-08-01 17:23:43.074  INFO   57 --- [   JobGenerator] org.apache.spark.internal.Logging        : remove old batch metadata: 1659371021000 ms
2022-08-01 17:23:43.074  INFO   57 --- [-thread-pool-37] org.apache.spark.internal.Logging        : Removing RDD 133
2022-08-01 17:23:43.401  INFO   57 --- [shutdown-hook-0] org.apache.spark.internal.Logging        : Invoking stop(stopGracefully=false) from shutdown hook
2022-08-01 17:23:43.407  INFO   57 --- [er-event-loop-3] org.apache.spark.internal.Logging        : Sent stop signal to all 1 receivers
2022-08-01 17:23:43.408  INFO   57 --- [er-event-loop-0] org.apache.spark.internal.Logging        : Received stop signal
2022-08-01 17:23:43.410  INFO   57 --- [er-event-loop-0] org.apache.spark.internal.Logging        : Stopping receiver with message: Stopped by driver: 
2022-08-01 17:23:43.410  INFO   57 --- [er-event-loop-0] org.apache.spark.internal.Logging        : Called receiver onStop
2022-08-01 17:23:43.411  INFO   57 --- [er-event-loop-0] org.apache.spark.internal.Logging        : Deregistering receiver 0
2022-08-01 17:23:43.412  ERROR   73 --- [er-event-loop-1] org.apache.spark.internal.Logging        : Deregistered receiver for stream 0: Stopped by driver
2022-08-01 17:23:43.413  INFO   57 --- [er-event-loop-0] org.apache.spark.internal.Logging        : Stopped receiver 0
2022-08-01 17:23:43.415  INFO   57 --- [er-event-loop-0] org.apache.spark.internal.Logging        : Stopping BlockGenerator
2022-08-01 17:23:43.800  INFO   57 --- [er-event-loop-0] org.apache.spark.internal.Logging        : Stopped timer for BlockGenerator after time 1659371023800
2022-08-01 17:23:43.801  INFO   57 --- [er-event-loop-0] org.apache.spark.internal.Logging        : Waiting for block pushing thread to terminate
2022-08-01 17:23:43.803  INFO   57 --- [      Thread-14] org.apache.spark.internal.Logging        : Pushing out the last 0 blocks
2022-08-01 17:23:43.804  INFO   57 --- [      Thread-14] org.apache.spark.internal.Logging        : Stopped block pushing thread
2022-08-01 17:23:43.805  INFO   57 --- [er-event-loop-0] org.apache.spark.internal.Logging        : Stopped BlockGenerator
2022-08-01 17:23:43.806  INFO   57 --- [age 0.0 (TID 0)] org.apache.spark.internal.Logging        : Stopped receiver without error
2022-08-01 17:23:43.810  INFO   57 --- [age 0.0 (TID 0)] org.apache.spark.internal.Logging        : Finished task 0.0 in stage 0.0 (TID 0). 880 bytes result sent to driver
2022-08-01 17:23:43.814  INFO   57 --- [result-getter-1] org.apache.spark.internal.Logging        : Finished task 0.0 in stage 0.0 (TID 0) in 22752 ms on host.docker.internal (executor driver) (1/1)
2022-08-01 17:23:43.814  INFO   57 --- [result-getter-1] org.apache.spark.internal.Logging        : Removed TaskSet 0.0, whose tasks have all completed, from pool 
2022-08-01 17:23:43.815  INFO   57 --- [uler-event-loop] org.apache.spark.internal.Logging        : ResultStage 0 (start at Application.java:156) finished in 24.300 s
2022-08-01 17:23:43.815  INFO   57 --- [uler-event-loop] org.apache.spark.internal.Logging        : Job 0 is finished. Cancelling potential speculative or zombie tasks for this job
2022-08-01 17:23:43.816  INFO   57 --- [uler-event-loop] org.apache.spark.internal.Logging        : Killing all running tasks in stage 0: Stage finished
2022-08-01 17:23:43.820  INFO   57 --- [shutdown-hook-0] org.apache.spark.internal.Logging        : All of the receivers have deregistered successfully
2022-08-01 17:23:43.822  INFO   57 --- [shutdown-hook-0] org.apache.spark.internal.Logging        : ReceiverTracker stopped
2022-08-01 17:23:43.824  INFO   57 --- [shutdown-hook-0] org.apache.spark.internal.Logging        : Stopping JobGenerator immediately
2022-08-01 17:23:43.826  INFO   57 --- [shutdown-hook-0] org.apache.spark.internal.Logging        : Stopped timer for JobGenerator after time 1659371023000
2022-08-01 17:23:43.826  INFO   57 --- [shutdown-hook-0] org.apache.spark.internal.Logging        : Stopped JobGenerator
2022-08-01 17:23:43.826  INFO   57 --- [shutdown-hook-0] org.apache.spark.internal.Logging        : Stopped JobScheduler
2022-08-01 17:23:43.826  INFO 1153 --- [shutdown-hook-0] ject.jetty.server.handler.ContextHandler : Stopped o.s.j.s.ServletContextHandler@6fd77352{/streaming,null,STOPPED,@Spark}
2022-08-01 17:23:43.826  INFO 1153 --- [shutdown-hook-0] ject.jetty.server.handler.ContextHandler : Stopped o.s.j.s.ServletContextHandler@3f672204{/streaming/json,null,STOPPED,@Spark}
2022-08-01 17:23:43.842  INFO 1153 --- [shutdown-hook-0] ject.jetty.server.handler.ContextHandler : Stopped o.s.j.s.ServletContextHandler@6c65860d{/streaming/batch,null,STOPPED,@Spark}
2022-08-01 17:23:43.842  INFO 1153 --- [shutdown-hook-0] ject.jetty.server.handler.ContextHandler : Stopped o.s.j.s.ServletContextHandler@7cf283e1{/streaming/batch/json,null,STOPPED,@Spark}
2022-08-01 17:23:43.842  INFO 1153 --- [shutdown-hook-0] ject.jetty.server.handler.ContextHandler : Stopped o.s.j.s.ServletContextHandler@252f626c{/static/streaming,null,STOPPED,@Spark}
2022-08-01 17:23:43.842  INFO  167 --- [           main] com.elite.cdr.validator.Application      : ****************************************************
2022-08-01 17:23:43.842  INFO  168 --- [           main] com.elite.cdr.validator.Application      : Duration: 0.0 seconds
2022-08-01 17:23:43.842  INFO  169 --- [           main] com.elite.cdr.validator.Application      : Batch executed with success
2022-08-01 17:23:43.842  INFO  170 --- [           main] com.elite.cdr.validator.Application      : ****************************************************
2022-08-01 17:23:43.842  INFO   57 --- [shutdown-hook-0] org.apache.spark.internal.Logging        : StreamingContext stopped successfully
2022-08-01 17:23:43.842  INFO   57 --- [shutdown-hook-0] org.apache.spark.internal.Logging        : Invoking stop() from shutdown hook
2022-08-01 17:23:43.873  INFO  381 --- [shutdown-hook-0] rkproject.jetty.server.AbstractConnector : Stopped Spark@7caa550{HTTP/1.1, (http/1.1)}{0.0.0.0:4040}
2022-08-01 17:23:43.873  INFO   57 --- [shutdown-hook-0] org.apache.spark.internal.Logging        : Stopped Spark web UI at http://host.docker.internal:4040
2022-08-01 17:23:43.904  INFO   57 --- [er-event-loop-1] org.apache.spark.internal.Logging        : MapOutputTrackerMasterEndpoint stopped!
2022-08-01 17:23:43.951  INFO   57 --- [shutdown-hook-0] org.apache.spark.internal.Logging        : MemoryStore cleared
2022-08-01 17:23:43.951  INFO   57 --- [shutdown-hook-0] org.apache.spark.internal.Logging        : BlockManager stopped
2022-08-01 17:23:43.967  INFO   57 --- [shutdown-hook-0] org.apache.spark.internal.Logging        : BlockManagerMaster stopped
2022-08-01 17:23:43.967  INFO   57 --- [er-event-loop-1] org.apache.spark.internal.Logging        : OutputCommitCoordinator stopped!
2022-08-01 17:23:43.982  INFO   57 --- [shutdown-hook-0] org.apache.spark.internal.Logging        : Successfully stopped SparkContext
2022-08-01 17:23:43.982  INFO   57 --- [shutdown-hook-0] org.apache.spark.internal.Logging        : Shutdown hook called
2022-08-01 17:23:43.982  INFO   57 --- [shutdown-hook-0] org.apache.spark.internal.Logging        : Deleting directory C:\Users\Wael Hamdi\AppData\Local\Temp\spark-a06668a6-ea6a-462e-84d3-efa3e0736dd3
