2022-08-01 17:29:04.421  INFO   48 --- [           main] com.elite.cdr.validator.Application      : Starting ASN1 Reader 
2022-08-01 17:29:04.437  INFO   50 --- [           main] com.elite.cdr.validator.Application      : ############### Run with the args [--env, local, --file, src/main/resources/data/simpleTypes.ber, --prop, src/main/resources/myapp.properties]
2022-08-01 17:29:04.499  INFO   56 --- [           main] com.elite.cdr.validator.Application      : ############### Run in local mode
2022-08-01 17:29:06.093  INFO   57 --- [           main] org.apache.spark.internal.Logging        : Running Spark version 3.2.1
2022-08-01 17:29:06.656  INFO   57 --- [           main] org.apache.spark.internal.Logging        : ==============================================================
2022-08-01 17:29:06.656  INFO   57 --- [           main] org.apache.spark.internal.Logging        : No custom resources configured for spark.driver.
2022-08-01 17:29:06.656  INFO   57 --- [           main] org.apache.spark.internal.Logging        : ==============================================================
2022-08-01 17:29:06.656  INFO   57 --- [           main] org.apache.spark.internal.Logging        : Submitted application: NiFi Spark Streaming example
2022-08-01 17:29:06.718  INFO   57 --- [           main] org.apache.spark.internal.Logging        : Default ResourceProfile created, executor resources: Map(cores -> name: cores, amount: 1, script: , vendor: , memory -> name: memory, amount: 1024, script: , vendor: , offHeap -> name: offHeap, amount: 0, script: , vendor: ), task resources: Map(cpus -> name: cpus, amount: 1.0)
2022-08-01 17:29:06.749  INFO   57 --- [           main] org.apache.spark.internal.Logging        : Limiting resource is cpu
2022-08-01 17:29:06.749  INFO   57 --- [           main] org.apache.spark.internal.Logging        : Added ResourceProfile id: 0
2022-08-01 17:29:06.953  INFO   57 --- [           main] org.apache.spark.internal.Logging        : Changing view acls to: Wael Hamdi
2022-08-01 17:29:06.953  INFO   57 --- [           main] org.apache.spark.internal.Logging        : Changing modify acls to: Wael Hamdi
2022-08-01 17:29:06.953  INFO   57 --- [           main] org.apache.spark.internal.Logging        : Changing view acls groups to: 
2022-08-01 17:29:06.953  INFO   57 --- [           main] org.apache.spark.internal.Logging        : Changing modify acls groups to: 
2022-08-01 17:29:06.968  INFO   57 --- [           main] org.apache.spark.internal.Logging        : SecurityManager: authentication disabled; ui acls disabled; users  with view permissions: Set(Wael Hamdi); groups with view permissions: Set(); users  with modify permissions: Set(Wael Hamdi); groups with modify permissions: Set()
2022-08-01 17:29:09.399  INFO   57 --- [           main] org.apache.spark.internal.Logging        : Successfully started service 'sparkDriver' on port 58959.
2022-08-01 17:29:09.430  INFO   57 --- [           main] org.apache.spark.internal.Logging        : Registering MapOutputTracker
2022-08-01 17:29:09.477  INFO   57 --- [           main] org.apache.spark.internal.Logging        : Registering BlockManagerMaster
2022-08-01 17:29:09.508  INFO   57 --- [           main] org.apache.spark.internal.Logging        : Using org.apache.spark.storage.DefaultTopologyMapper for getting topology information
2022-08-01 17:29:09.508  INFO   57 --- [           main] org.apache.spark.internal.Logging        : BlockManagerMasterEndpoint up
2022-08-01 17:29:09.508  INFO   57 --- [           main] org.apache.spark.internal.Logging        : Registering BlockManagerMasterHeartbeat
2022-08-01 17:29:09.539  INFO   57 --- [           main] org.apache.spark.internal.Logging        : Created local directory at C:\Users\Wael Hamdi\AppData\Local\Temp\blockmgr-c8cd6dd7-06c0-4149-8b74-76e3708ce2fc
2022-08-01 17:29:09.570  INFO   57 --- [           main] org.apache.spark.internal.Logging        : MemoryStore started with capacity 897.6 MiB
2022-08-01 17:29:09.586  INFO   57 --- [           main] org.apache.spark.internal.Logging        : Registering OutputCommitCoordinator
2022-08-01 17:29:09.711  INFO  170 --- [           main] org.sparkproject.jetty.util.log.Log      : Logging initialized @6469ms to org.sparkproject.jetty.util.log.Slf4jLog
2022-08-01 17:29:09.805  INFO  375 --- [           main] org.sparkproject.jetty.server.Server     : jetty-9.4.43.v20210629; built: 2021-06-30T11:07:22.254Z; git: 526006ecfa3af7f1a27ef3a288e2bef7ea9dd7e8; jvm 1.8.0_301-b09
2022-08-01 17:29:09.836  INFO  415 --- [           main] org.sparkproject.jetty.server.Server     : Started @6590ms
2022-08-01 17:29:09.883  INFO  331 --- [           main] rkproject.jetty.server.AbstractConnector : Started ServerConnector@2c715e84{HTTP/1.1, (http/1.1)}{0.0.0.0:4040}
2022-08-01 17:29:09.883  INFO   57 --- [           main] org.apache.spark.internal.Logging        : Successfully started service 'SparkUI' on port 4040.
2022-08-01 17:29:09.914  INFO  915 --- [           main] ject.jetty.server.handler.ContextHandler : Started o.s.j.s.ServletContextHandler@43ed0ff3{/jobs,null,AVAILABLE,@Spark}
2022-08-01 17:29:09.914  INFO  915 --- [           main] ject.jetty.server.handler.ContextHandler : Started o.s.j.s.ServletContextHandler@3f093abe{/jobs/json,null,AVAILABLE,@Spark}
2022-08-01 17:29:09.914  INFO  915 --- [           main] ject.jetty.server.handler.ContextHandler : Started o.s.j.s.ServletContextHandler@4eeea57d{/jobs/job,null,AVAILABLE,@Spark}
2022-08-01 17:29:09.914  INFO  915 --- [           main] ject.jetty.server.handler.ContextHandler : Started o.s.j.s.ServletContextHandler@6f70f32f{/jobs/job/json,null,AVAILABLE,@Spark}
2022-08-01 17:29:09.914  INFO  915 --- [           main] ject.jetty.server.handler.ContextHandler : Started o.s.j.s.ServletContextHandler@5aabbb29{/stages,null,AVAILABLE,@Spark}
2022-08-01 17:29:09.914  INFO  915 --- [           main] ject.jetty.server.handler.ContextHandler : Started o.s.j.s.ServletContextHandler@1ac85b0c{/stages/json,null,AVAILABLE,@Spark}
2022-08-01 17:29:09.914  INFO  915 --- [           main] ject.jetty.server.handler.ContextHandler : Started o.s.j.s.ServletContextHandler@3aa3193a{/stages/stage,null,AVAILABLE,@Spark}
2022-08-01 17:29:09.914  INFO  915 --- [           main] ject.jetty.server.handler.ContextHandler : Started o.s.j.s.ServletContextHandler@724bade8{/stages/stage/json,null,AVAILABLE,@Spark}
2022-08-01 17:29:09.914  INFO  915 --- [           main] ject.jetty.server.handler.ContextHandler : Started o.s.j.s.ServletContextHandler@6bc248ed{/stages/pool,null,AVAILABLE,@Spark}
2022-08-01 17:29:09.930  INFO  915 --- [           main] ject.jetty.server.handler.ContextHandler : Started o.s.j.s.ServletContextHandler@ca27722{/stages/pool/json,null,AVAILABLE,@Spark}
2022-08-01 17:29:09.930  INFO  915 --- [           main] ject.jetty.server.handler.ContextHandler : Started o.s.j.s.ServletContextHandler@9573b3b{/storage,null,AVAILABLE,@Spark}
2022-08-01 17:29:09.930  INFO  915 --- [           main] ject.jetty.server.handler.ContextHandler : Started o.s.j.s.ServletContextHandler@78461bc4{/storage/json,null,AVAILABLE,@Spark}
2022-08-01 17:29:09.930  INFO  915 --- [           main] ject.jetty.server.handler.ContextHandler : Started o.s.j.s.ServletContextHandler@64f857e7{/storage/rdd,null,AVAILABLE,@Spark}
2022-08-01 17:29:09.930  INFO  915 --- [           main] ject.jetty.server.handler.ContextHandler : Started o.s.j.s.ServletContextHandler@58c540cf{/storage/rdd/json,null,AVAILABLE,@Spark}
2022-08-01 17:29:09.930  INFO  915 --- [           main] ject.jetty.server.handler.ContextHandler : Started o.s.j.s.ServletContextHandler@1b822fcc{/environment,null,AVAILABLE,@Spark}
2022-08-01 17:29:09.930  INFO  915 --- [           main] ject.jetty.server.handler.ContextHandler : Started o.s.j.s.ServletContextHandler@56102e1c{/environment/json,null,AVAILABLE,@Spark}
2022-08-01 17:29:09.930  INFO  915 --- [           main] ject.jetty.server.handler.ContextHandler : Started o.s.j.s.ServletContextHandler@7927bd9f{/executors,null,AVAILABLE,@Spark}
2022-08-01 17:29:09.930  INFO  915 --- [           main] ject.jetty.server.handler.ContextHandler : Started o.s.j.s.ServletContextHandler@410954b{/executors/json,null,AVAILABLE,@Spark}
2022-08-01 17:29:09.945  INFO  915 --- [           main] ject.jetty.server.handler.ContextHandler : Started o.s.j.s.ServletContextHandler@3b366632{/executors/threadDump,null,AVAILABLE,@Spark}
2022-08-01 17:29:09.945  INFO  915 --- [           main] ject.jetty.server.handler.ContextHandler : Started o.s.j.s.ServletContextHandler@514eedd8{/executors/threadDump/json,null,AVAILABLE,@Spark}
2022-08-01 17:29:09.961  INFO  915 --- [           main] ject.jetty.server.handler.ContextHandler : Started o.s.j.s.ServletContextHandler@6970140a{/static,null,AVAILABLE,@Spark}
2022-08-01 17:29:09.961  INFO  915 --- [           main] ject.jetty.server.handler.ContextHandler : Started o.s.j.s.ServletContextHandler@733c423e{/,null,AVAILABLE,@Spark}
2022-08-01 17:29:09.961  INFO  915 --- [           main] ject.jetty.server.handler.ContextHandler : Started o.s.j.s.ServletContextHandler@70925b45{/api,null,AVAILABLE,@Spark}
2022-08-01 17:29:09.977  INFO  915 --- [           main] ject.jetty.server.handler.ContextHandler : Started o.s.j.s.ServletContextHandler@5922ae77{/jobs/job/kill,null,AVAILABLE,@Spark}
2022-08-01 17:29:09.977  INFO  915 --- [           main] ject.jetty.server.handler.ContextHandler : Started o.s.j.s.ServletContextHandler@2af616d3{/stages/stage/kill,null,AVAILABLE,@Spark}
2022-08-01 17:29:09.977  INFO   57 --- [           main] org.apache.spark.internal.Logging        : Bound SparkUI to 0.0.0.0, and started at http://host.docker.internal:4040
2022-08-01 17:29:10.289  INFO   57 --- [           main] org.apache.spark.internal.Logging        : Starting executor ID driver on host host.docker.internal
2022-08-01 17:29:10.352  INFO   57 --- [           main] org.apache.spark.internal.Logging        : Successfully started service 'org.apache.spark.network.netty.NettyBlockTransferService' on port 58983.
2022-08-01 17:29:10.352  INFO   82 --- [           main] .network.netty.NettyBlockTransferService : Server created on host.docker.internal:58983
2022-08-01 17:29:10.352  INFO   57 --- [           main] org.apache.spark.internal.Logging        : Using org.apache.spark.storage.RandomBlockReplicationPolicy for block replication policy
2022-08-01 17:29:10.367  INFO   57 --- [           main] org.apache.spark.internal.Logging        : Registering BlockManager BlockManagerId(driver, host.docker.internal, 58983, None)
2022-08-01 17:29:10.367  INFO   57 --- [ckManagerMaster] org.apache.spark.internal.Logging        : Registering block manager host.docker.internal:58983 with 897.6 MiB RAM, BlockManagerId(driver, host.docker.internal, 58983, None)
2022-08-01 17:29:10.367  INFO   57 --- [           main] org.apache.spark.internal.Logging        : Registered BlockManager BlockManagerId(driver, host.docker.internal, 58983, None)
2022-08-01 17:29:10.367  INFO   57 --- [           main] org.apache.spark.internal.Logging        : Initialized BlockManager: BlockManagerId(driver, host.docker.internal, 58983, None)
2022-08-01 17:29:10.664  INFO  915 --- [           main] ject.jetty.server.handler.ContextHandler : Started o.s.j.s.ServletContextHandler@25c5e994{/metrics/json,null,AVAILABLE,@Spark}
2022-08-01 17:29:11.492  INFO   57 --- [streaming-start] org.apache.spark.internal.Logging        : Starting 1 receivers
2022-08-01 17:29:11.492  INFO   57 --- [streaming-start] org.apache.spark.internal.Logging        : ReceiverTracker started
2022-08-01 17:29:11.508  INFO   57 --- [streaming-start] org.apache.spark.internal.Logging        : Slide time = 1000 ms
2022-08-01 17:29:11.508  INFO   57 --- [streaming-start] org.apache.spark.internal.Logging        : Storage level = Serialized 1x Replicated
2022-08-01 17:29:11.508  INFO   57 --- [streaming-start] org.apache.spark.internal.Logging        : Checkpoint interval = null
2022-08-01 17:29:11.508  INFO   57 --- [streaming-start] org.apache.spark.internal.Logging        : Remember interval = 1000 ms
2022-08-01 17:29:11.508  INFO   57 --- [streaming-start] org.apache.spark.internal.Logging        : Initialized and validated org.apache.spark.streaming.dstream.PluggableInputDStream@5349b34
2022-08-01 17:29:11.508  INFO   57 --- [streaming-start] org.apache.spark.internal.Logging        : Slide time = 1000 ms
2022-08-01 17:29:11.508  INFO   57 --- [streaming-start] org.apache.spark.internal.Logging        : Storage level = Serialized 1x Replicated
2022-08-01 17:29:11.508  INFO   57 --- [streaming-start] org.apache.spark.internal.Logging        : Checkpoint interval = null
2022-08-01 17:29:11.508  INFO   57 --- [streaming-start] org.apache.spark.internal.Logging        : Remember interval = 1000 ms
2022-08-01 17:29:11.508  INFO   57 --- [streaming-start] org.apache.spark.internal.Logging        : Initialized and validated org.apache.spark.streaming.dstream.MappedDStream@43ea85a4
2022-08-01 17:29:11.508  INFO   57 --- [streaming-start] org.apache.spark.internal.Logging        : Slide time = 1000 ms
2022-08-01 17:29:11.508  INFO   57 --- [streaming-start] org.apache.spark.internal.Logging        : Storage level = Serialized 1x Replicated
2022-08-01 17:29:11.524  INFO   57 --- [streaming-start] org.apache.spark.internal.Logging        : Checkpoint interval = null
2022-08-01 17:29:11.524  INFO   57 --- [streaming-start] org.apache.spark.internal.Logging        : Remember interval = 1000 ms
2022-08-01 17:29:11.524  INFO   57 --- [streaming-start] org.apache.spark.internal.Logging        : Initialized and validated org.apache.spark.streaming.dstream.ForEachDStream@66d68563
2022-08-01 17:29:11.649  INFO   57 --- [streaming-start] org.apache.spark.internal.Logging        : Started timer for JobGenerator at time 1659371352000
2022-08-01 17:29:11.651  INFO   57 --- [streaming-start] org.apache.spark.internal.Logging        : Started JobGenerator at 1659371352000 ms
2022-08-01 17:29:11.653  INFO   57 --- [streaming-start] org.apache.spark.internal.Logging        : Started JobScheduler
2022-08-01 17:29:11.659  INFO  915 --- [           main] ject.jetty.server.handler.ContextHandler : Started o.s.j.s.ServletContextHandler@351e414e{/streaming,null,AVAILABLE,@Spark}
2022-08-01 17:29:11.661  INFO  915 --- [           main] ject.jetty.server.handler.ContextHandler : Started o.s.j.s.ServletContextHandler@5109e8cf{/streaming/json,null,AVAILABLE,@Spark}
2022-08-01 17:29:11.667  INFO  915 --- [           main] ject.jetty.server.handler.ContextHandler : Started o.s.j.s.ServletContextHandler@348d18a3{/streaming/batch,null,AVAILABLE,@Spark}
2022-08-01 17:29:11.679  INFO  915 --- [           main] ject.jetty.server.handler.ContextHandler : Started o.s.j.s.ServletContextHandler@2d000e80{/streaming/batch/json,null,AVAILABLE,@Spark}
2022-08-01 17:29:11.682  INFO  915 --- [           main] ject.jetty.server.handler.ContextHandler : Started o.s.j.s.ServletContextHandler@4d2a1da3{/static/streaming,null,AVAILABLE,@Spark}
2022-08-01 17:29:11.683  INFO   57 --- [           main] org.apache.spark.internal.Logging        : StreamingContext started
2022-08-01 17:29:11.695  INFO   57 --- [er-event-loop-3] org.apache.spark.internal.Logging        : Receiver 0 started
2022-08-01 17:29:11.707  INFO   57 --- [uler-event-loop] org.apache.spark.internal.Logging        : Got job 0 (start at Application.java:156) with 1 output partitions
2022-08-01 17:29:11.708  INFO   57 --- [uler-event-loop] org.apache.spark.internal.Logging        : Final stage: ResultStage 0 (start at Application.java:156)
2022-08-01 17:29:11.708  INFO   57 --- [uler-event-loop] org.apache.spark.internal.Logging        : Parents of final stage: List()
2022-08-01 17:29:11.712  INFO   57 --- [uler-event-loop] org.apache.spark.internal.Logging        : Missing parents: List()
2022-08-01 17:29:11.726  INFO   57 --- [uler-event-loop] org.apache.spark.internal.Logging        : Submitting ResultStage 0 (Receiver 0 ParallelCollectionRDD[0] at makeRDD at ReceiverTracker.scala:609), which has no missing parents
2022-08-01 17:29:11.984  INFO   57 --- [uler-event-loop] org.apache.spark.internal.Logging        : Block broadcast_0 stored as values in memory (estimated size 97.5 KiB, free 897.5 MiB)
2022-08-01 17:29:12.032  INFO   57 --- [   JobGenerator] org.apache.spark.internal.Logging        : Added jobs for time 1659371352000 ms
2022-08-01 17:29:12.094  INFO   57 --- [   JobScheduler] org.apache.spark.internal.Logging        : Starting job streaming job 1659371352000 ms.0 from job set of time 1659371352000 ms
2022-08-01 17:29:12.141  INFO   57 --- [uler-event-loop] org.apache.spark.internal.Logging        : Block broadcast_0_piece0 stored as bytes in memory (estimated size 34.2 KiB, free 897.5 MiB)
2022-08-01 17:29:12.157  INFO   57 --- [ckManagerMaster] org.apache.spark.internal.Logging        : Added broadcast_0_piece0 in memory on host.docker.internal:58983 (size: 34.2 KiB, free: 897.6 MiB)
2022-08-01 17:29:12.157  INFO   57 --- [uler-event-loop] org.apache.spark.internal.Logging        : Created broadcast 0 from broadcast at DAGScheduler.scala:1478
2022-08-01 17:29:12.172  INFO   57 --- [uler-event-loop] org.apache.spark.internal.Logging        : Submitting 1 missing tasks from ResultStage 0 (Receiver 0 ParallelCollectionRDD[0] at makeRDD at ReceiverTracker.scala:609) (first 15 tasks are for partitions Vector(0))
2022-08-01 17:29:12.188  INFO   57 --- [uler-event-loop] org.apache.spark.internal.Logging        : Adding task set 0.0 with 1 tasks resource profile 0
2022-08-01 17:29:12.188  WARN   69 --- [-job-executor-0] org.apache.spark.internal.Logging        : Using an existing SparkContext; some configuration may not take effect.
2022-08-01 17:29:12.344  INFO   57 --- [er-event-loop-0] org.apache.spark.internal.Logging        : Starting task 0.0 in stage 0.0 (TID 0) (host.docker.internal, executor driver, partition 0, PROCESS_LOCAL, 5950 bytes) taskResourceAssignments Map()
2022-08-01 17:29:12.407  INFO   57 --- [age 0.0 (TID 0)] org.apache.spark.internal.Logging        : Running task 0.0 in stage 0.0 (TID 0)
2022-08-01 17:29:12.929  INFO   57 --- [age 0.0 (TID 0)] org.apache.spark.internal.Logging        : Started timer for BlockGenerator at time 1659371353000
2022-08-01 17:29:12.930  INFO   57 --- [age 0.0 (TID 0)] org.apache.spark.internal.Logging        : Started BlockGenerator
2022-08-01 17:29:12.934  INFO   57 --- [      Thread-14] org.apache.spark.internal.Logging        : Started block pushing thread
2022-08-01 17:29:12.944  INFO   57 --- [er-event-loop-0] org.apache.spark.internal.Logging        : Registered receiver for stream 0 from host.docker.internal:58959
2022-08-01 17:29:12.948  INFO   57 --- [age 0.0 (TID 0)] org.apache.spark.internal.Logging        : Starting receiver 0
2022-08-01 17:29:12.950  INFO   57 --- [age 0.0 (TID 0)] org.apache.spark.internal.Logging        : Called receiver 0 onStart
2022-08-01 17:29:12.951  INFO   57 --- [age 0.0 (TID 0)] org.apache.spark.internal.Logging        : Waiting for receiver to be stopped
2022-08-01 17:29:13.005  INFO   57 --- [-job-executor-0] org.apache.spark.internal.Logging        : Setting hive.metastore.warehouse.dir ('null') to the value of spark.sql.warehouse.dir.
2022-08-01 17:29:13.028  INFO   57 --- [   JobGenerator] org.apache.spark.internal.Logging        : Added jobs for time 1659371353000 ms
2022-08-01 17:29:13.887  INFO   57 --- [-job-executor-0] org.apache.spark.internal.Logging        : Warehouse path is 'file:/C:/IntelliJProjects/NifiSparkStreaming/spark-warehouse'.
2022-08-01 17:29:13.908  INFO  915 --- [-job-executor-0] ject.jetty.server.handler.ContextHandler : Started o.s.j.s.ServletContextHandler@6400a17d{/SQL,null,AVAILABLE,@Spark}
2022-08-01 17:29:13.909  INFO  915 --- [-job-executor-0] ject.jetty.server.handler.ContextHandler : Started o.s.j.s.ServletContextHandler@35be022a{/SQL/json,null,AVAILABLE,@Spark}
2022-08-01 17:29:13.911  INFO  915 --- [-job-executor-0] ject.jetty.server.handler.ContextHandler : Started o.s.j.s.ServletContextHandler@3d7be965{/SQL/execution,null,AVAILABLE,@Spark}
2022-08-01 17:29:13.913  INFO  915 --- [-job-executor-0] ject.jetty.server.handler.ContextHandler : Started o.s.j.s.ServletContextHandler@73972674{/SQL/execution/json,null,AVAILABLE,@Spark}
2022-08-01 17:29:13.916  INFO  915 --- [-job-executor-0] ject.jetty.server.handler.ContextHandler : Started o.s.j.s.ServletContextHandler@25ed719e{/static/sql,null,AVAILABLE,@Spark}
2022-08-01 17:29:14.004  INFO   57 --- [   JobGenerator] org.apache.spark.internal.Logging        : Added jobs for time 1659371354000 ms
2022-08-01 17:29:14.539  INFO  571 --- [  NiFi Receiver] g.apache.nifi.remote.client.PeerSelector : Successfully refreshed peer status cache; remote group consists of 1 peers
2022-08-01 17:29:14.539  INFO  571 --- [ool Maintenance] g.apache.nifi.remote.client.PeerSelector : Successfully refreshed peer status cache; remote group consists of 1 peers
2022-08-01 17:29:14.760  INFO   57 --- [  NiFi Receiver] org.apache.spark.internal.Logging        : Block input-0-1659371352797 stored as values in memory (estimated size 5.1 MiB, free 892.4 MiB)
2022-08-01 17:29:14.762  INFO   57 --- [ckManagerMaster] org.apache.spark.internal.Logging        : Added input-0-1659371352797 in memory on host.docker.internal:58983 (size: 5.1 MiB, free: 892.5 MiB)
2022-08-01 17:29:15.011  INFO   57 --- [   JobGenerator] org.apache.spark.internal.Logging        : Added jobs for time 1659371355000 ms
2022-08-01 17:29:16.004  INFO   57 --- [   JobGenerator] org.apache.spark.internal.Logging        : Added jobs for time 1659371356000 ms
2022-08-01 17:29:17.002  INFO   57 --- [   JobGenerator] org.apache.spark.internal.Logging        : Added jobs for time 1659371357000 ms
2022-08-01 17:29:18.002  INFO   57 --- [   JobGenerator] org.apache.spark.internal.Logging        : Added jobs for time 1659371358000 ms
2022-08-01 17:29:18.947  INFO   57 --- [-job-executor-0] org.apache.spark.internal.Logging        : Code generated in 323.5758 ms
2022-08-01 17:29:18.987  INFO   57 --- [   JobScheduler] org.apache.spark.internal.Logging        : Finished job streaming job 1659371352000 ms.0 from job set of time 1659371352000 ms
2022-08-01 17:29:18.990  INFO   57 --- [   JobScheduler] org.apache.spark.internal.Logging        : Total delay: 6.986 s for time 1659371352000 ms (execution: 6.892 s)
2022-08-01 17:29:18.991  INFO   57 --- [   JobScheduler] org.apache.spark.internal.Logging        : Starting job streaming job 1659371353000 ms.0 from job set of time 1659371353000 ms
2022-08-01 17:29:18.993  WARN   69 --- [-job-executor-0] org.apache.spark.internal.Logging        : Using an existing SparkSession; the static sql configurations will not take effect.
2022-08-01 17:29:18.994  WARN   69 --- [-job-executor-0] org.apache.spark.internal.Logging        : Using an existing SparkSession; some spark core configurations may not take effect.
2022-08-01 17:29:18.998  INFO   57 --- [   JobGenerator] org.apache.spark.internal.Logging        : Deleting batches: 
2022-08-01 17:29:19.000  INFO   57 --- [   JobGenerator] org.apache.spark.internal.Logging        : remove old batch metadata: 
2022-08-01 17:29:19.000  INFO   57 --- [   JobGenerator] org.apache.spark.internal.Logging        : Added jobs for time 1659371359000 ms
2022-08-01 17:29:19.087  INFO   57 --- [   JobScheduler] org.apache.spark.internal.Logging        : Finished job streaming job 1659371353000 ms.0 from job set of time 1659371353000 ms
2022-08-01 17:29:19.089  INFO   57 --- [   JobScheduler] org.apache.spark.internal.Logging        : Total delay: 6.087 s for time 1659371353000 ms (execution: 0.097 s)
2022-08-01 17:29:19.089  INFO   57 --- [   JobScheduler] org.apache.spark.internal.Logging        : Starting job streaming job 1659371354000 ms.0 from job set of time 1659371354000 ms
2022-08-01 17:29:19.088  WARN   69 --- [-job-executor-0] org.apache.spark.internal.Logging        : Using an existing SparkSession; the static sql configurations will not take effect.
2022-08-01 17:29:19.091  WARN   69 --- [-job-executor-0] org.apache.spark.internal.Logging        : Using an existing SparkSession; some spark core configurations may not take effect.
2022-08-01 17:29:19.091  INFO   57 --- [   JobGenerator] org.apache.spark.internal.Logging        : Removing RDD 2 from persistence list
2022-08-01 17:29:19.117  INFO   57 --- [   JobGenerator] org.apache.spark.internal.Logging        : Removing RDD 1 from persistence list
2022-08-01 17:29:19.120  INFO   57 --- [   JobGenerator] org.apache.spark.internal.Logging        : Removing blocks of RDD BlockRDD[1] at receiverStream at Application.java:122 of time 1659371353000 ms
2022-08-01 17:29:19.121  INFO   57 --- [   JobGenerator] org.apache.spark.internal.Logging        : Deleting batches: 
2022-08-01 17:29:19.121  INFO   57 --- [c-thread-pool-0] org.apache.spark.internal.Logging        : Removing RDD 2
2022-08-01 17:29:19.123  INFO   57 --- [c-thread-pool-1] org.apache.spark.internal.Logging        : Removing RDD 1
2022-08-01 17:29:19.123  INFO   57 --- [   JobGenerator] org.apache.spark.internal.Logging        : remove old batch metadata: 
2022-08-01 17:29:19.193  INFO   57 --- [   JobScheduler] org.apache.spark.internal.Logging        : Finished job streaming job 1659371354000 ms.0 from job set of time 1659371354000 ms
2022-08-01 17:29:19.193  INFO   57 --- [   JobScheduler] org.apache.spark.internal.Logging        : Total delay: 5.192 s for time 1659371354000 ms (execution: 0.103 s)
2022-08-01 17:29:19.194  INFO   57 --- [   JobScheduler] org.apache.spark.internal.Logging        : Starting job streaming job 1659371355000 ms.0 from job set of time 1659371355000 ms
2022-08-01 17:29:19.194  INFO   57 --- [   JobGenerator] org.apache.spark.internal.Logging        : Removing RDD 6 from persistence list
2022-08-01 17:29:19.195  INFO   57 --- [   JobGenerator] org.apache.spark.internal.Logging        : Removing RDD 5 from persistence list
2022-08-01 17:29:19.196  INFO   57 --- [   JobGenerator] org.apache.spark.internal.Logging        : Removing blocks of RDD BlockRDD[5] at receiverStream at Application.java:122 of time 1659371354000 ms
2022-08-01 17:29:19.197  WARN   69 --- [-job-executor-0] org.apache.spark.internal.Logging        : Using an existing SparkSession; the static sql configurations will not take effect.
2022-08-01 17:29:19.197  WARN   69 --- [-job-executor-0] org.apache.spark.internal.Logging        : Using an existing SparkSession; some spark core configurations may not take effect.
2022-08-01 17:29:19.196  INFO   57 --- [c-thread-pool-6] org.apache.spark.internal.Logging        : Removing RDD 6
2022-08-01 17:29:19.199  INFO   57 --- [   JobGenerator] org.apache.spark.internal.Logging        : Deleting batches: 1659371352000 ms
2022-08-01 17:29:19.199  INFO   57 --- [   JobGenerator] org.apache.spark.internal.Logging        : remove old batch metadata: 1659371352000 ms
2022-08-01 17:29:19.197  INFO   57 --- [c-thread-pool-7] org.apache.spark.internal.Logging        : Removing RDD 5
2022-08-01 17:29:19.305  INFO   57 --- [-job-executor-0] org.apache.spark.internal.Logging        : Starting job: show at Application.java:146
2022-08-01 17:29:19.308  INFO   57 --- [uler-event-loop] org.apache.spark.internal.Logging        : Got job 1 (show at Application.java:146) with 1 output partitions
2022-08-01 17:29:19.309  INFO   57 --- [uler-event-loop] org.apache.spark.internal.Logging        : Final stage: ResultStage 1 (show at Application.java:146)
2022-08-01 17:29:19.309  INFO   57 --- [uler-event-loop] org.apache.spark.internal.Logging        : Parents of final stage: List()
2022-08-01 17:29:19.309  INFO   57 --- [uler-event-loop] org.apache.spark.internal.Logging        : Missing parents: List()
2022-08-01 17:29:19.312  INFO   57 --- [uler-event-loop] org.apache.spark.internal.Logging        : Submitting ResultStage 1 (MapPartitionsRDD[32] at show at Application.java:146), which has no missing parents
2022-08-01 17:29:19.337  INFO   57 --- [uler-event-loop] org.apache.spark.internal.Logging        : Block broadcast_1 stored as values in memory (estimated size 12.9 KiB, free 892.4 MiB)
2022-08-01 17:29:19.340  INFO   57 --- [uler-event-loop] org.apache.spark.internal.Logging        : Block broadcast_1_piece0 stored as bytes in memory (estimated size 5.8 KiB, free 892.4 MiB)
2022-08-01 17:29:19.341  INFO   57 --- [ckManagerMaster] org.apache.spark.internal.Logging        : Added broadcast_1_piece0 in memory on host.docker.internal:58983 (size: 5.8 KiB, free: 892.5 MiB)
2022-08-01 17:29:19.342  INFO   57 --- [uler-event-loop] org.apache.spark.internal.Logging        : Created broadcast 1 from broadcast at DAGScheduler.scala:1478
2022-08-01 17:29:19.343  INFO   57 --- [uler-event-loop] org.apache.spark.internal.Logging        : Submitting 1 missing tasks from ResultStage 1 (MapPartitionsRDD[32] at show at Application.java:146) (first 15 tasks are for partitions Vector(0))
2022-08-01 17:29:19.343  INFO   57 --- [uler-event-loop] org.apache.spark.internal.Logging        : Adding task set 1.0 with 1 tasks resource profile 0
2022-08-01 17:29:19.346  INFO   57 --- [er-event-loop-2] org.apache.spark.internal.Logging        : Starting task 0.0 in stage 1.0 (TID 1) (host.docker.internal, executor driver, partition 0, PROCESS_LOCAL, 4394 bytes) taskResourceAssignments Map()
2022-08-01 17:29:19.349  INFO   57 --- [age 1.0 (TID 1)] org.apache.spark.internal.Logging        : Running task 0.0 in stage 1.0 (TID 1)
2022-08-01 17:29:19.580  INFO   57 --- [age 1.0 (TID 1)] org.apache.spark.internal.Logging        : Found block input-0-1659371352797 locally
2022-08-01 17:29:20.004  INFO   57 --- [   JobGenerator] org.apache.spark.internal.Logging        : Added jobs for time 1659371360000 ms
2022-08-01 17:29:20.231  INFO   57 --- [age 1.0 (TID 1)] org.apache.spark.internal.Logging        : 1 block locks were not released by task 0.0 in stage 1.0 (TID 1)
[input-0-1659371352797]
2022-08-01 17:29:20.243  INFO   57 --- [age 1.0 (TID 1)] org.apache.spark.internal.Logging        : Finished task 0.0 in stage 1.0 (TID 1). 2653 bytes result sent to driver
2022-08-01 17:29:20.257  INFO   57 --- [result-getter-0] org.apache.spark.internal.Logging        : Finished task 0.0 in stage 1.0 (TID 1) in 908 ms on host.docker.internal (executor driver) (1/1)
2022-08-01 17:29:20.261  INFO   57 --- [result-getter-0] org.apache.spark.internal.Logging        : Removed TaskSet 1.0, whose tasks have all completed, from pool 
2022-08-01 17:29:20.269  INFO   57 --- [uler-event-loop] org.apache.spark.internal.Logging        : ResultStage 1 (show at Application.java:146) finished in 0.950 s
2022-08-01 17:29:20.276  INFO   57 --- [uler-event-loop] org.apache.spark.internal.Logging        : Job 1 is finished. Cancelling potential speculative or zombie tasks for this job
2022-08-01 17:29:20.277  INFO   57 --- [uler-event-loop] org.apache.spark.internal.Logging        : Killing all running tasks in stage 1: Stage finished
2022-08-01 17:29:20.280  INFO   57 --- [-job-executor-0] org.apache.spark.internal.Logging        : Job 1 finished: show at Application.java:146, took 0.973677 s
2022-08-01 17:29:20.363  INFO   57 --- [-job-executor-0] org.apache.spark.internal.Logging        : Code generated in 42.0863 ms
2022-08-01 17:29:20.385  INFO   57 --- [   JobScheduler] org.apache.spark.internal.Logging        : Finished job streaming job 1659371355000 ms.0 from job set of time 1659371355000 ms
2022-08-01 17:29:20.385  INFO   57 --- [   JobScheduler] org.apache.spark.internal.Logging        : Total delay: 5.385 s for time 1659371355000 ms (execution: 1.192 s)
2022-08-01 17:29:20.386  INFO   57 --- [   JobScheduler] org.apache.spark.internal.Logging        : Starting job streaming job 1659371356000 ms.0 from job set of time 1659371356000 ms
2022-08-01 17:29:20.392  INFO   57 --- [   JobGenerator] org.apache.spark.internal.Logging        : Removing RDD 8 from persistence list
2022-08-01 17:29:20.395  INFO   57 --- [   JobGenerator] org.apache.spark.internal.Logging        : Removing RDD 7 from persistence list
2022-08-01 17:29:20.397  INFO   57 --- [   JobGenerator] org.apache.spark.internal.Logging        : Removing blocks of RDD BlockRDD[7] at receiverStream at Application.java:122 of time 1659371355000 ms
2022-08-01 17:29:20.397  INFO   57 --- [   JobGenerator] org.apache.spark.internal.Logging        : Deleting batches: 1659371353000 ms
2022-08-01 17:29:20.398  INFO   57 --- [   JobGenerator] org.apache.spark.internal.Logging        : remove old batch metadata: 1659371353000 ms
2022-08-01 17:29:20.404  WARN   69 --- [-job-executor-0] org.apache.spark.internal.Logging        : Using an existing SparkSession; the static sql configurations will not take effect.
2022-08-01 17:29:20.404  WARN   69 --- [tor-heartbeater] org.apache.spark.internal.Logging        : Exception when trying to compute pagesize, as a result reporting of ProcessTree metrics is stopped
2022-08-01 17:29:20.404  WARN   69 --- [-job-executor-0] org.apache.spark.internal.Logging        : Using an existing SparkSession; some spark core configurations may not take effect.
2022-08-01 17:29:20.455  INFO   57 --- [-thread-pool-12] org.apache.spark.internal.Logging        : Removing RDD 8
2022-08-01 17:29:20.456  INFO   57 --- [-thread-pool-13] org.apache.spark.internal.Logging        : Removing RDD 7
2022-08-01 17:29:20.528  WARN   69 --- [-job-executor-0] org.apache.spark.internal.Logging        : Using an existing SparkSession; the static sql configurations will not take effect.
2022-08-01 17:29:20.528  WARN   69 --- [-job-executor-0] org.apache.spark.internal.Logging        : Using an existing SparkSession; some spark core configurations may not take effect.
2022-08-01 17:29:20.530  INFO   57 --- [   JobScheduler] org.apache.spark.internal.Logging        : Finished job streaming job 1659371356000 ms.0 from job set of time 1659371356000 ms
2022-08-01 17:29:20.532  INFO   57 --- [   JobScheduler] org.apache.spark.internal.Logging        : Total delay: 4.530 s for time 1659371356000 ms (execution: 0.144 s)
2022-08-01 17:29:20.532  INFO   57 --- [   JobScheduler] org.apache.spark.internal.Logging        : Starting job streaming job 1659371357000 ms.0 from job set of time 1659371357000 ms
2022-08-01 17:29:20.545  INFO   57 --- [   JobGenerator] org.apache.spark.internal.Logging        : Removing RDD 10 from persistence list
2022-08-01 17:29:20.562  INFO   57 --- [   JobGenerator] org.apache.spark.internal.Logging        : Removing RDD 9 from persistence list
2022-08-01 17:29:20.563  INFO   57 --- [   JobGenerator] org.apache.spark.internal.Logging        : Removing blocks of RDD BlockRDD[9] at receiverStream at Application.java:122 of time 1659371356000 ms
2022-08-01 17:29:20.569  INFO   57 --- [   JobGenerator] org.apache.spark.internal.Logging        : Deleting batches: 1659371354000 ms
2022-08-01 17:29:20.569  INFO   57 --- [   JobGenerator] org.apache.spark.internal.Logging        : remove old batch metadata: 1659371354000 ms
2022-08-01 17:29:20.580  INFO   57 --- [-thread-pool-18] org.apache.spark.internal.Logging        : Removing RDD 10
2022-08-01 17:29:20.582  INFO   57 --- [-thread-pool-19] org.apache.spark.internal.Logging        : Removing RDD 9
2022-08-01 17:29:20.593  INFO   57 --- [ckManagerMaster] org.apache.spark.internal.Logging        : Removed input-0-1659371352797 on host.docker.internal:58983 in memory (size: 5.1 MiB, free: 897.6 MiB)
2022-08-01 17:29:20.633  INFO   57 --- [   JobScheduler] org.apache.spark.internal.Logging        : Finished job streaming job 1659371357000 ms.0 from job set of time 1659371357000 ms
2022-08-01 17:29:20.634  INFO   57 --- [   JobScheduler] org.apache.spark.internal.Logging        : Total delay: 3.633 s for time 1659371357000 ms (execution: 0.101 s)
2022-08-01 17:29:20.635  INFO   57 --- [   JobScheduler] org.apache.spark.internal.Logging        : Starting job streaming job 1659371358000 ms.0 from job set of time 1659371358000 ms
2022-08-01 17:29:20.636  INFO   57 --- [   JobGenerator] org.apache.spark.internal.Logging        : Removing RDD 12 from persistence list
2022-08-01 17:29:20.635  WARN   69 --- [-job-executor-0] org.apache.spark.internal.Logging        : Using an existing SparkSession; the static sql configurations will not take effect.
2022-08-01 17:29:20.637  WARN   69 --- [-job-executor-0] org.apache.spark.internal.Logging        : Using an existing SparkSession; some spark core configurations may not take effect.
2022-08-01 17:29:20.640  INFO   57 --- [   JobGenerator] org.apache.spark.internal.Logging        : Removing RDD 11 from persistence list
2022-08-01 17:29:20.649  INFO   57 --- [   JobGenerator] org.apache.spark.internal.Logging        : Removing blocks of RDD BlockRDD[11] at receiverStream at Application.java:122 of time 1659371357000 ms
2022-08-01 17:29:20.649  INFO   57 --- [   JobGenerator] org.apache.spark.internal.Logging        : Deleting batches: 1659371355000 ms
2022-08-01 17:29:20.650  INFO   57 --- [   JobGenerator] org.apache.spark.internal.Logging        : remove old batch metadata: 1659371355000 ms
2022-08-01 17:29:20.696  INFO   57 --- [-thread-pool-27] org.apache.spark.internal.Logging        : Removing RDD 12
2022-08-01 17:29:20.700  INFO   57 --- [-thread-pool-28] org.apache.spark.internal.Logging        : Removing RDD 11
2022-08-01 17:29:20.761  INFO   57 --- [   JobScheduler] org.apache.spark.internal.Logging        : Finished job streaming job 1659371358000 ms.0 from job set of time 1659371358000 ms
2022-08-01 17:29:20.762  INFO   57 --- [   JobScheduler] org.apache.spark.internal.Logging        : Total delay: 2.761 s for time 1659371358000 ms (execution: 0.126 s)
2022-08-01 17:29:20.763  INFO   57 --- [   JobScheduler] org.apache.spark.internal.Logging        : Starting job streaming job 1659371359000 ms.0 from job set of time 1659371359000 ms
2022-08-01 17:29:20.765  WARN   69 --- [-job-executor-0] org.apache.spark.internal.Logging        : Using an existing SparkSession; the static sql configurations will not take effect.
2022-08-01 17:29:20.765  WARN   69 --- [-job-executor-0] org.apache.spark.internal.Logging        : Using an existing SparkSession; some spark core configurations may not take effect.
2022-08-01 17:29:20.766  INFO   57 --- [   JobGenerator] org.apache.spark.internal.Logging        : Removing RDD 14 from persistence list
2022-08-01 17:29:20.767  INFO   57 --- [   JobGenerator] org.apache.spark.internal.Logging        : Removing RDD 13 from persistence list
2022-08-01 17:29:20.770  INFO   57 --- [   JobGenerator] org.apache.spark.internal.Logging        : Removing blocks of RDD BlockRDD[13] at receiverStream at Application.java:122 of time 1659371358000 ms
2022-08-01 17:29:20.772  INFO   57 --- [   JobGenerator] org.apache.spark.internal.Logging        : Deleting batches: 1659371356000 ms
2022-08-01 17:29:20.774  INFO   57 --- [   JobGenerator] org.apache.spark.internal.Logging        : remove old batch metadata: 1659371356000 ms
2022-08-01 17:29:20.776  INFO   57 --- [-thread-pool-33] org.apache.spark.internal.Logging        : Removing RDD 14
2022-08-01 17:29:20.778  INFO   57 --- [-thread-pool-34] org.apache.spark.internal.Logging        : Removing RDD 13
2022-08-01 17:29:20.844  WARN   69 --- [-job-executor-0] org.apache.spark.internal.Logging        : Using an existing SparkSession; the static sql configurations will not take effect.
2022-08-01 17:29:20.844  WARN   69 --- [-job-executor-0] org.apache.spark.internal.Logging        : Using an existing SparkSession; some spark core configurations may not take effect.
2022-08-01 17:29:20.852  INFO   57 --- [   JobScheduler] org.apache.spark.internal.Logging        : Finished job streaming job 1659371359000 ms.0 from job set of time 1659371359000 ms
2022-08-01 17:29:20.852  INFO   57 --- [   JobScheduler] org.apache.spark.internal.Logging        : Total delay: 1.852 s for time 1659371359000 ms (execution: 0.089 s)
2022-08-01 17:29:20.853  INFO   57 --- [   JobScheduler] org.apache.spark.internal.Logging        : Starting job streaming job 1659371360000 ms.0 from job set of time 1659371360000 ms
2022-08-01 17:29:20.854  INFO   57 --- [   JobGenerator] org.apache.spark.internal.Logging        : Removing RDD 16 from persistence list
2022-08-01 17:29:20.856  INFO   57 --- [   JobGenerator] org.apache.spark.internal.Logging        : Removing RDD 15 from persistence list
2022-08-01 17:29:20.857  INFO   57 --- [   JobGenerator] org.apache.spark.internal.Logging        : Removing blocks of RDD BlockRDD[15] at receiverStream at Application.java:122 of time 1659371359000 ms
2022-08-01 17:29:20.858  INFO   57 --- [   JobGenerator] org.apache.spark.internal.Logging        : Deleting batches: 1659371357000 ms
2022-08-01 17:29:20.858  INFO   57 --- [   JobGenerator] org.apache.spark.internal.Logging        : remove old batch metadata: 1659371357000 ms
2022-08-01 17:29:20.870  INFO   57 --- [-thread-pool-39] org.apache.spark.internal.Logging        : Removing RDD 16
2022-08-01 17:29:20.900  INFO   57 --- [-thread-pool-40] org.apache.spark.internal.Logging        : Removing RDD 15
2022-08-01 17:29:20.913  INFO   57 --- [   JobScheduler] org.apache.spark.internal.Logging        : Finished job streaming job 1659371360000 ms.0 from job set of time 1659371360000 ms
2022-08-01 17:29:20.913  INFO   57 --- [   JobScheduler] org.apache.spark.internal.Logging        : Total delay: 0.913 s for time 1659371360000 ms (execution: 0.060 s)
2022-08-01 17:29:20.914  INFO   57 --- [   JobGenerator] org.apache.spark.internal.Logging        : Removing RDD 22 from persistence list
2022-08-01 17:29:20.923  INFO   57 --- [   JobGenerator] org.apache.spark.internal.Logging        : Removing RDD 21 from persistence list
2022-08-01 17:29:20.926  INFO   57 --- [   JobGenerator] org.apache.spark.internal.Logging        : Removing blocks of RDD BlockRDD[21] at receiverStream at Application.java:122 of time 1659371360000 ms
2022-08-01 17:29:20.927  INFO   57 --- [   JobGenerator] org.apache.spark.internal.Logging        : Deleting batches: 1659371358000 ms
2022-08-01 17:29:20.927  INFO   57 --- [   JobGenerator] org.apache.spark.internal.Logging        : remove old batch metadata: 1659371358000 ms
2022-08-01 17:29:20.931  INFO   57 --- [-thread-pool-45] org.apache.spark.internal.Logging        : Removing RDD 22
2022-08-01 17:29:20.936  INFO   57 --- [-thread-pool-46] org.apache.spark.internal.Logging        : Removing RDD 21
2022-08-01 17:29:21.003  INFO   57 --- [   JobGenerator] org.apache.spark.internal.Logging        : Added jobs for time 1659371361000 ms
2022-08-01 17:29:21.006  INFO   57 --- [   JobScheduler] org.apache.spark.internal.Logging        : Starting job streaming job 1659371361000 ms.0 from job set of time 1659371361000 ms
2022-08-01 17:29:21.015  WARN   69 --- [-job-executor-0] org.apache.spark.internal.Logging        : Using an existing SparkSession; the static sql configurations will not take effect.
2022-08-01 17:29:21.015  WARN   69 --- [-job-executor-0] org.apache.spark.internal.Logging        : Using an existing SparkSession; some spark core configurations may not take effect.
2022-08-01 17:29:21.108  INFO   57 --- [   JobScheduler] org.apache.spark.internal.Logging        : Finished job streaming job 1659371361000 ms.0 from job set of time 1659371361000 ms
2022-08-01 17:29:21.108  INFO   57 --- [   JobScheduler] org.apache.spark.internal.Logging        : Total delay: 0.107 s for time 1659371361000 ms (execution: 0.101 s)
2022-08-01 17:29:21.109  INFO   57 --- [   JobGenerator] org.apache.spark.internal.Logging        : Removing RDD 34 from persistence list
2022-08-01 17:29:21.110  INFO   57 --- [   JobGenerator] org.apache.spark.internal.Logging        : Removing RDD 33 from persistence list
2022-08-01 17:29:21.110  INFO   57 --- [-thread-pool-51] org.apache.spark.internal.Logging        : Removing RDD 34
2022-08-01 17:29:21.112  INFO   57 --- [-thread-pool-52] org.apache.spark.internal.Logging        : Removing RDD 33
2022-08-01 17:29:21.111  INFO   57 --- [   JobGenerator] org.apache.spark.internal.Logging        : Removing blocks of RDD BlockRDD[33] at receiverStream at Application.java:122 of time 1659371361000 ms
2022-08-01 17:29:21.114  INFO   57 --- [   JobGenerator] org.apache.spark.internal.Logging        : Deleting batches: 1659371359000 ms
2022-08-01 17:29:21.115  INFO   57 --- [   JobGenerator] org.apache.spark.internal.Logging        : remove old batch metadata: 1659371359000 ms
2022-08-01 17:29:21.386  INFO   57 --- [shutdown-hook-0] org.apache.spark.internal.Logging        : Invoking stop(stopGracefully=false) from shutdown hook
2022-08-01 17:29:21.393  INFO   57 --- [er-event-loop-3] org.apache.spark.internal.Logging        : Sent stop signal to all 1 receivers
2022-08-01 17:29:21.394  INFO   57 --- [er-event-loop-0] org.apache.spark.internal.Logging        : Received stop signal
2022-08-01 17:29:21.396  INFO   57 --- [er-event-loop-0] org.apache.spark.internal.Logging        : Stopping receiver with message: Stopped by driver: 
2022-08-01 17:29:21.397  INFO   57 --- [er-event-loop-0] org.apache.spark.internal.Logging        : Called receiver onStop
2022-08-01 17:29:21.397  INFO   57 --- [er-event-loop-0] org.apache.spark.internal.Logging        : Deregistering receiver 0
2022-08-01 17:29:21.399  ERROR   73 --- [er-event-loop-1] org.apache.spark.internal.Logging        : Deregistered receiver for stream 0: Stopped by driver
2022-08-01 17:29:21.399  INFO   57 --- [er-event-loop-0] org.apache.spark.internal.Logging        : Stopped receiver 0
2022-08-01 17:29:21.401  INFO   57 --- [er-event-loop-0] org.apache.spark.internal.Logging        : Stopping BlockGenerator
2022-08-01 17:29:21.801  INFO   57 --- [er-event-loop-0] org.apache.spark.internal.Logging        : Stopped timer for BlockGenerator after time 1659371361800
2022-08-01 17:29:21.802  INFO   57 --- [er-event-loop-0] org.apache.spark.internal.Logging        : Waiting for block pushing thread to terminate
2022-08-01 17:29:21.810  INFO   57 --- [      Thread-14] org.apache.spark.internal.Logging        : Pushing out the last 0 blocks
2022-08-01 17:29:21.812  INFO   57 --- [      Thread-14] org.apache.spark.internal.Logging        : Stopped block pushing thread
2022-08-01 17:29:21.816  INFO   57 --- [er-event-loop-0] org.apache.spark.internal.Logging        : Stopped BlockGenerator
2022-08-01 17:29:21.820  INFO   57 --- [age 0.0 (TID 0)] org.apache.spark.internal.Logging        : Stopped receiver without error
2022-08-01 17:29:21.825  INFO   57 --- [age 0.0 (TID 0)] org.apache.spark.internal.Logging        : Finished task 0.0 in stage 0.0 (TID 0). 923 bytes result sent to driver
2022-08-01 17:29:21.832  INFO   57 --- [result-getter-1] org.apache.spark.internal.Logging        : Finished task 0.0 in stage 0.0 (TID 0) in 9535 ms on host.docker.internal (executor driver) (1/1)
2022-08-01 17:29:21.832  INFO   57 --- [result-getter-1] org.apache.spark.internal.Logging        : Removed TaskSet 0.0, whose tasks have all completed, from pool 
2022-08-01 17:29:21.834  INFO   57 --- [uler-event-loop] org.apache.spark.internal.Logging        : ResultStage 0 (start at Application.java:156) finished in 10.058 s
2022-08-01 17:29:21.835  INFO   57 --- [uler-event-loop] org.apache.spark.internal.Logging        : Job 0 is finished. Cancelling potential speculative or zombie tasks for this job
2022-08-01 17:29:21.835  INFO   57 --- [uler-event-loop] org.apache.spark.internal.Logging        : Killing all running tasks in stage 0: Stage finished
2022-08-01 17:29:21.839  INFO   57 --- [shutdown-hook-0] org.apache.spark.internal.Logging        : All of the receivers have deregistered successfully
2022-08-01 17:29:21.840  INFO   57 --- [shutdown-hook-0] org.apache.spark.internal.Logging        : ReceiverTracker stopped
2022-08-01 17:29:21.841  INFO   57 --- [shutdown-hook-0] org.apache.spark.internal.Logging        : Stopping JobGenerator immediately
2022-08-01 17:29:21.843  INFO   57 --- [shutdown-hook-0] org.apache.spark.internal.Logging        : Stopped timer for JobGenerator after time 1659371361000
2022-08-01 17:29:21.843  INFO   57 --- [shutdown-hook-0] org.apache.spark.internal.Logging        : Stopped JobGenerator
2022-08-01 17:29:21.843  INFO   57 --- [shutdown-hook-0] org.apache.spark.internal.Logging        : Stopped JobScheduler
2022-08-01 17:29:21.858  INFO 1153 --- [shutdown-hook-0] ject.jetty.server.handler.ContextHandler : Stopped o.s.j.s.ServletContextHandler@351e414e{/streaming,null,STOPPED,@Spark}
2022-08-01 17:29:21.858  INFO 1153 --- [shutdown-hook-0] ject.jetty.server.handler.ContextHandler : Stopped o.s.j.s.ServletContextHandler@5109e8cf{/streaming/json,null,STOPPED,@Spark}
2022-08-01 17:29:21.858  INFO 1153 --- [shutdown-hook-0] ject.jetty.server.handler.ContextHandler : Stopped o.s.j.s.ServletContextHandler@348d18a3{/streaming/batch,null,STOPPED,@Spark}
2022-08-01 17:29:21.858  INFO 1153 --- [shutdown-hook-0] ject.jetty.server.handler.ContextHandler : Stopped o.s.j.s.ServletContextHandler@2d000e80{/streaming/batch/json,null,STOPPED,@Spark}
2022-08-01 17:29:21.858  INFO 1153 --- [shutdown-hook-0] ject.jetty.server.handler.ContextHandler : Stopped o.s.j.s.ServletContextHandler@4d2a1da3{/static/streaming,null,STOPPED,@Spark}
2022-08-01 17:29:21.858  INFO  167 --- [           main] com.elite.cdr.validator.Application      : ****************************************************
2022-08-01 17:29:21.858  INFO   57 --- [shutdown-hook-0] org.apache.spark.internal.Logging        : StreamingContext stopped successfully
2022-08-01 17:29:21.858  INFO  168 --- [           main] com.elite.cdr.validator.Application      : Duration: 0.0 seconds
2022-08-01 17:29:21.858  INFO  169 --- [           main] com.elite.cdr.validator.Application      : Batch executed with success
2022-08-01 17:29:21.858  INFO  170 --- [           main] com.elite.cdr.validator.Application      : ****************************************************
2022-08-01 17:29:21.858  INFO   57 --- [shutdown-hook-0] org.apache.spark.internal.Logging        : Invoking stop() from shutdown hook
2022-08-01 17:29:21.874  INFO  381 --- [shutdown-hook-0] rkproject.jetty.server.AbstractConnector : Stopped Spark@2c715e84{HTTP/1.1, (http/1.1)}{0.0.0.0:4040}
2022-08-01 17:29:21.874  INFO   57 --- [shutdown-hook-0] org.apache.spark.internal.Logging        : Stopped Spark web UI at http://host.docker.internal:4040
2022-08-01 17:29:21.890  INFO   57 --- [er-event-loop-1] org.apache.spark.internal.Logging        : MapOutputTrackerMasterEndpoint stopped!
2022-08-01 17:29:21.905  INFO   57 --- [shutdown-hook-0] org.apache.spark.internal.Logging        : MemoryStore cleared
2022-08-01 17:29:21.905  INFO   57 --- [shutdown-hook-0] org.apache.spark.internal.Logging        : BlockManager stopped
2022-08-01 17:29:21.921  INFO   57 --- [shutdown-hook-0] org.apache.spark.internal.Logging        : BlockManagerMaster stopped
2022-08-01 17:29:21.921  INFO   57 --- [er-event-loop-1] org.apache.spark.internal.Logging        : OutputCommitCoordinator stopped!
2022-08-01 17:29:21.921  INFO   57 --- [shutdown-hook-0] org.apache.spark.internal.Logging        : Successfully stopped SparkContext
2022-08-01 17:29:21.921  INFO   57 --- [shutdown-hook-0] org.apache.spark.internal.Logging        : Shutdown hook called
2022-08-01 17:29:21.921  INFO   57 --- [shutdown-hook-0] org.apache.spark.internal.Logging        : Deleting directory C:\Users\Wael Hamdi\AppData\Local\Temp\spark-78bb9bd8-2b39-4683-a803-59926d824cde
