2022-07-04 12:12:16.204  INFO   46 --- [           main] com.elite.cdr.validator.Application      : Starting ASN1 Reader 
2022-07-04 12:12:16.204  INFO   48 --- [           main] com.elite.cdr.validator.Application      : ############### Run with the args [--env, local, --file, C:\IntelliJProjects\FraudDetectionSpark3\src\main\resources\data\simpleTypes.ber, --prop, C:\IntelliJProjects\NifiSparkStreaming\src\main\resources\myapp.properties]
2022-07-04 12:12:16.267  INFO   54 --- [           main] com.elite.cdr.validator.Application      : ############### Run in local mode
2022-07-04 12:12:17.814  INFO   57 --- [           main] org.apache.spark.internal.Logging        : Running Spark version 3.2.1
2022-07-04 12:12:18.173  INFO   57 --- [           main] org.apache.spark.internal.Logging        : ==============================================================
2022-07-04 12:12:18.173  INFO   57 --- [           main] org.apache.spark.internal.Logging        : No custom resources configured for spark.driver.
2022-07-04 12:12:18.173  INFO   57 --- [           main] org.apache.spark.internal.Logging        : ==============================================================
2022-07-04 12:12:18.189  INFO   57 --- [           main] org.apache.spark.internal.Logging        : Submitted application: NiFi-Spark Streaming example
2022-07-04 12:12:18.236  INFO   57 --- [           main] org.apache.spark.internal.Logging        : Default ResourceProfile created, executor resources: Map(cores -> name: cores, amount: 1, script: , vendor: , memory -> name: memory, amount: 1024, script: , vendor: , offHeap -> name: offHeap, amount: 0, script: , vendor: ), task resources: Map(cpus -> name: cpus, amount: 1.0)
2022-07-04 12:12:18.251  INFO   57 --- [           main] org.apache.spark.internal.Logging        : Limiting resource is cpu
2022-07-04 12:12:18.251  INFO   57 --- [           main] org.apache.spark.internal.Logging        : Added ResourceProfile id: 0
2022-07-04 12:12:18.376  INFO   57 --- [           main] org.apache.spark.internal.Logging        : Changing view acls to: Wael Hamdi
2022-07-04 12:12:18.392  INFO   57 --- [           main] org.apache.spark.internal.Logging        : Changing modify acls to: Wael Hamdi
2022-07-04 12:12:18.392  INFO   57 --- [           main] org.apache.spark.internal.Logging        : Changing view acls groups to: 
2022-07-04 12:12:18.392  INFO   57 --- [           main] org.apache.spark.internal.Logging        : Changing modify acls groups to: 
2022-07-04 12:12:18.392  INFO   57 --- [           main] org.apache.spark.internal.Logging        : SecurityManager: authentication disabled; ui acls disabled; users  with view permissions: Set(Wael Hamdi); groups with view permissions: Set(); users  with modify permissions: Set(Wael Hamdi); groups with modify permissions: Set()
2022-07-04 12:12:21.158  INFO   57 --- [           main] org.apache.spark.internal.Logging        : Successfully started service 'sparkDriver' on port 59224.
2022-07-04 12:12:21.204  INFO   57 --- [           main] org.apache.spark.internal.Logging        : Registering MapOutputTracker
2022-07-04 12:12:21.251  INFO   57 --- [           main] org.apache.spark.internal.Logging        : Registering BlockManagerMaster
2022-07-04 12:12:21.283  INFO   57 --- [           main] org.apache.spark.internal.Logging        : Using org.apache.spark.storage.DefaultTopologyMapper for getting topology information
2022-07-04 12:12:21.283  INFO   57 --- [           main] org.apache.spark.internal.Logging        : BlockManagerMasterEndpoint up
2022-07-04 12:12:21.283  INFO   57 --- [           main] org.apache.spark.internal.Logging        : Registering BlockManagerMasterHeartbeat
2022-07-04 12:12:21.314  INFO   57 --- [           main] org.apache.spark.internal.Logging        : Created local directory at C:\Users\Wael Hamdi\AppData\Local\Temp\blockmgr-37ebd7fc-3143-4e39-ab7e-d001fce2f41d
2022-07-04 12:12:21.345  INFO   57 --- [           main] org.apache.spark.internal.Logging        : MemoryStore started with capacity 897.6 MiB
2022-07-04 12:12:21.361  INFO   57 --- [           main] org.apache.spark.internal.Logging        : Registering OutputCommitCoordinator
2022-07-04 12:12:21.486  INFO  170 --- [           main] org.sparkproject.jetty.util.log.Log      : Logging initialized @6150ms to org.sparkproject.jetty.util.log.Slf4jLog
2022-07-04 12:12:21.579  INFO  375 --- [           main] org.sparkproject.jetty.server.Server     : jetty-9.4.43.v20210629; built: 2021-06-30T11:07:22.254Z; git: 526006ecfa3af7f1a27ef3a288e2bef7ea9dd7e8; jvm 1.8.0_301-b09
2022-07-04 12:12:21.611  INFO  415 --- [           main] org.sparkproject.jetty.server.Server     : Started @6273ms
2022-07-04 12:12:21.642  INFO  331 --- [           main] rkproject.jetty.server.AbstractConnector : Started ServerConnector@7caa550{HTTP/1.1, (http/1.1)}{0.0.0.0:4040}
2022-07-04 12:12:21.642  INFO   57 --- [           main] org.apache.spark.internal.Logging        : Successfully started service 'SparkUI' on port 4040.
2022-07-04 12:12:21.689  INFO  915 --- [           main] ject.jetty.server.handler.ContextHandler : Started o.s.j.s.ServletContextHandler@388ffbc2{/jobs,null,AVAILABLE,@Spark}
2022-07-04 12:12:21.689  INFO  915 --- [           main] ject.jetty.server.handler.ContextHandler : Started o.s.j.s.ServletContextHandler@61a002b1{/jobs/json,null,AVAILABLE,@Spark}
2022-07-04 12:12:21.689  INFO  915 --- [           main] ject.jetty.server.handler.ContextHandler : Started o.s.j.s.ServletContextHandler@780ec4a5{/jobs/job,null,AVAILABLE,@Spark}
2022-07-04 12:12:21.689  INFO  915 --- [           main] ject.jetty.server.handler.ContextHandler : Started o.s.j.s.ServletContextHandler@548e76f1{/jobs/job/json,null,AVAILABLE,@Spark}
2022-07-04 12:12:21.689  INFO  915 --- [           main] ject.jetty.server.handler.ContextHandler : Started o.s.j.s.ServletContextHandler@72c927f1{/stages,null,AVAILABLE,@Spark}
2022-07-04 12:12:21.689  INFO  915 --- [           main] ject.jetty.server.handler.ContextHandler : Started o.s.j.s.ServletContextHandler@3dd69f5a{/stages/json,null,AVAILABLE,@Spark}
2022-07-04 12:12:21.689  INFO  915 --- [           main] ject.jetty.server.handler.ContextHandler : Started o.s.j.s.ServletContextHandler@1ee4730{/stages/stage,null,AVAILABLE,@Spark}
2022-07-04 12:12:21.689  INFO  915 --- [           main] ject.jetty.server.handler.ContextHandler : Started o.s.j.s.ServletContextHandler@16fb356{/stages/stage/json,null,AVAILABLE,@Spark}
2022-07-04 12:12:21.689  INFO  915 --- [           main] ject.jetty.server.handler.ContextHandler : Started o.s.j.s.ServletContextHandler@23a9ba52{/stages/pool,null,AVAILABLE,@Spark}
2022-07-04 12:12:21.689  INFO  915 --- [           main] ject.jetty.server.handler.ContextHandler : Started o.s.j.s.ServletContextHandler@70ab80e3{/stages/pool/json,null,AVAILABLE,@Spark}
2022-07-04 12:12:21.704  INFO  915 --- [           main] ject.jetty.server.handler.ContextHandler : Started o.s.j.s.ServletContextHandler@67427b69{/storage,null,AVAILABLE,@Spark}
2022-07-04 12:12:21.704  INFO  915 --- [           main] ject.jetty.server.handler.ContextHandler : Started o.s.j.s.ServletContextHandler@544630b7{/storage/json,null,AVAILABLE,@Spark}
2022-07-04 12:12:21.704  INFO  915 --- [           main] ject.jetty.server.handler.ContextHandler : Started o.s.j.s.ServletContextHandler@1095f122{/storage/rdd,null,AVAILABLE,@Spark}
2022-07-04 12:12:21.704  INFO  915 --- [           main] ject.jetty.server.handler.ContextHandler : Started o.s.j.s.ServletContextHandler@3d6300e8{/storage/rdd/json,null,AVAILABLE,@Spark}
2022-07-04 12:12:21.704  INFO  915 --- [           main] ject.jetty.server.handler.ContextHandler : Started o.s.j.s.ServletContextHandler@24a1c17f{/environment,null,AVAILABLE,@Spark}
2022-07-04 12:12:21.704  INFO  915 --- [           main] ject.jetty.server.handler.ContextHandler : Started o.s.j.s.ServletContextHandler@73511076{/environment/json,null,AVAILABLE,@Spark}
2022-07-04 12:12:21.704  INFO  915 --- [           main] ject.jetty.server.handler.ContextHandler : Started o.s.j.s.ServletContextHandler@532721fd{/executors,null,AVAILABLE,@Spark}
2022-07-04 12:12:21.704  INFO  915 --- [           main] ject.jetty.server.handler.ContextHandler : Started o.s.j.s.ServletContextHandler@7fb9f71f{/executors/json,null,AVAILABLE,@Spark}
2022-07-04 12:12:21.704  INFO  915 --- [           main] ject.jetty.server.handler.ContextHandler : Started o.s.j.s.ServletContextHandler@51f49060{/executors/threadDump,null,AVAILABLE,@Spark}
2022-07-04 12:12:21.720  INFO  915 --- [           main] ject.jetty.server.handler.ContextHandler : Started o.s.j.s.ServletContextHandler@617fe9e1{/executors/threadDump/json,null,AVAILABLE,@Spark}
2022-07-04 12:12:21.720  INFO  915 --- [           main] ject.jetty.server.handler.ContextHandler : Started o.s.j.s.ServletContextHandler@1cf2fed4{/static,null,AVAILABLE,@Spark}
2022-07-04 12:12:21.720  INFO  915 --- [           main] ject.jetty.server.handler.ContextHandler : Started o.s.j.s.ServletContextHandler@4b629f13{/,null,AVAILABLE,@Spark}
2022-07-04 12:12:21.720  INFO  915 --- [           main] ject.jetty.server.handler.ContextHandler : Started o.s.j.s.ServletContextHandler@1b9ea3e3{/api,null,AVAILABLE,@Spark}
2022-07-04 12:12:21.736  INFO  915 --- [           main] ject.jetty.server.handler.ContextHandler : Started o.s.j.s.ServletContextHandler@4263b080{/jobs/job/kill,null,AVAILABLE,@Spark}
2022-07-04 12:12:21.736  INFO  915 --- [           main] ject.jetty.server.handler.ContextHandler : Started o.s.j.s.ServletContextHandler@71f67a79{/stages/stage/kill,null,AVAILABLE,@Spark}
2022-07-04 12:12:21.736  INFO   57 --- [           main] org.apache.spark.internal.Logging        : Bound SparkUI to 0.0.0.0, and started at http://host.docker.internal:4040
2022-07-04 12:12:22.064  INFO   57 --- [           main] org.apache.spark.internal.Logging        : Starting executor ID driver on host host.docker.internal
2022-07-04 12:12:22.126  INFO   57 --- [           main] org.apache.spark.internal.Logging        : Successfully started service 'org.apache.spark.network.netty.NettyBlockTransferService' on port 59248.
2022-07-04 12:12:22.126  INFO   82 --- [           main] .network.netty.NettyBlockTransferService : Server created on host.docker.internal:59248
2022-07-04 12:12:22.126  INFO   57 --- [           main] org.apache.spark.internal.Logging        : Using org.apache.spark.storage.RandomBlockReplicationPolicy for block replication policy
2022-07-04 12:12:22.142  INFO   57 --- [           main] org.apache.spark.internal.Logging        : Registering BlockManager BlockManagerId(driver, host.docker.internal, 59248, None)
2022-07-04 12:12:22.142  INFO   57 --- [ckManagerMaster] org.apache.spark.internal.Logging        : Registering block manager host.docker.internal:59248 with 897.6 MiB RAM, BlockManagerId(driver, host.docker.internal, 59248, None)
2022-07-04 12:12:22.142  INFO   57 --- [           main] org.apache.spark.internal.Logging        : Registered BlockManager BlockManagerId(driver, host.docker.internal, 59248, None)
2022-07-04 12:12:22.158  INFO   57 --- [           main] org.apache.spark.internal.Logging        : Initialized BlockManager: BlockManagerId(driver, host.docker.internal, 59248, None)
2022-07-04 12:12:22.439  INFO  915 --- [           main] ject.jetty.server.handler.ContextHandler : Started o.s.j.s.ServletContextHandler@378bd86d{/metrics/json,null,AVAILABLE,@Spark}
2022-07-04 12:12:23.204  INFO   57 --- [streaming-start] org.apache.spark.internal.Logging        : Starting 1 receivers
2022-07-04 12:12:23.220  INFO   57 --- [streaming-start] org.apache.spark.internal.Logging        : ReceiverTracker started
2022-07-04 12:12:23.220  INFO   57 --- [streaming-start] org.apache.spark.internal.Logging        : Slide time = 10000 ms
2022-07-04 12:12:23.220  INFO   57 --- [streaming-start] org.apache.spark.internal.Logging        : Storage level = Serialized 1x Replicated
2022-07-04 12:12:23.220  INFO   57 --- [streaming-start] org.apache.spark.internal.Logging        : Checkpoint interval = null
2022-07-04 12:12:23.220  INFO   57 --- [streaming-start] org.apache.spark.internal.Logging        : Remember interval = 10000 ms
2022-07-04 12:12:23.220  INFO   57 --- [streaming-start] org.apache.spark.internal.Logging        : Initialized and validated org.apache.spark.streaming.dstream.PluggableInputDStream@5afbbbda
2022-07-04 12:12:23.220  INFO   57 --- [streaming-start] org.apache.spark.internal.Logging        : Slide time = 10000 ms
2022-07-04 12:12:23.220  INFO   57 --- [streaming-start] org.apache.spark.internal.Logging        : Storage level = Serialized 1x Replicated
2022-07-04 12:12:23.220  INFO   57 --- [streaming-start] org.apache.spark.internal.Logging        : Checkpoint interval = null
2022-07-04 12:12:23.220  INFO   57 --- [streaming-start] org.apache.spark.internal.Logging        : Remember interval = 10000 ms
2022-07-04 12:12:23.220  INFO   57 --- [streaming-start] org.apache.spark.internal.Logging        : Initialized and validated org.apache.spark.streaming.dstream.MappedDStream@4c847f08
2022-07-04 12:12:23.236  INFO   57 --- [streaming-start] org.apache.spark.internal.Logging        : Slide time = 10000 ms
2022-07-04 12:12:23.236  INFO   57 --- [streaming-start] org.apache.spark.internal.Logging        : Storage level = Serialized 1x Replicated
2022-07-04 12:12:23.236  INFO   57 --- [streaming-start] org.apache.spark.internal.Logging        : Checkpoint interval = null
2022-07-04 12:12:23.236  INFO   57 --- [streaming-start] org.apache.spark.internal.Logging        : Remember interval = 10000 ms
2022-07-04 12:12:23.236  INFO   57 --- [streaming-start] org.apache.spark.internal.Logging        : Initialized and validated org.apache.spark.streaming.dstream.ForEachDStream@57a05835
2022-07-04 12:12:23.236  INFO   57 --- [streaming-start] org.apache.spark.internal.Logging        : Slide time = 10000 ms
2022-07-04 12:12:23.236  INFO   57 --- [streaming-start] org.apache.spark.internal.Logging        : Storage level = Serialized 1x Replicated
2022-07-04 12:12:23.236  INFO   57 --- [streaming-start] org.apache.spark.internal.Logging        : Checkpoint interval = null
2022-07-04 12:12:23.236  INFO   57 --- [streaming-start] org.apache.spark.internal.Logging        : Remember interval = 10000 ms
2022-07-04 12:12:23.236  INFO   57 --- [streaming-start] org.apache.spark.internal.Logging        : Initialized and validated org.apache.spark.streaming.dstream.PluggableInputDStream@5afbbbda
2022-07-04 12:12:23.236  INFO   57 --- [streaming-start] org.apache.spark.internal.Logging        : Slide time = 10000 ms
2022-07-04 12:12:23.236  INFO   57 --- [streaming-start] org.apache.spark.internal.Logging        : Storage level = Serialized 1x Replicated
2022-07-04 12:12:23.236  INFO   57 --- [streaming-start] org.apache.spark.internal.Logging        : Checkpoint interval = null
2022-07-04 12:12:23.236  INFO   57 --- [streaming-start] org.apache.spark.internal.Logging        : Remember interval = 10000 ms
2022-07-04 12:12:23.236  INFO   57 --- [streaming-start] org.apache.spark.internal.Logging        : Initialized and validated org.apache.spark.streaming.dstream.MappedDStream@4c847f08
2022-07-04 12:12:23.236  INFO   57 --- [streaming-start] org.apache.spark.internal.Logging        : Slide time = 10000 ms
2022-07-04 12:12:23.236  INFO   57 --- [streaming-start] org.apache.spark.internal.Logging        : Storage level = Serialized 1x Replicated
2022-07-04 12:12:23.236  INFO   57 --- [streaming-start] org.apache.spark.internal.Logging        : Checkpoint interval = null
2022-07-04 12:12:23.236  INFO   57 --- [streaming-start] org.apache.spark.internal.Logging        : Remember interval = 10000 ms
2022-07-04 12:12:23.236  INFO   57 --- [streaming-start] org.apache.spark.internal.Logging        : Initialized and validated org.apache.spark.streaming.dstream.ForEachDStream@73638f85
2022-07-04 12:12:23.345  INFO   57 --- [streaming-start] org.apache.spark.internal.Logging        : Started timer for JobGenerator at time 1656933150000
2022-07-04 12:12:23.345  INFO   57 --- [streaming-start] org.apache.spark.internal.Logging        : Started JobGenerator at 1656933150000 ms
2022-07-04 12:12:23.345  INFO   57 --- [streaming-start] org.apache.spark.internal.Logging        : Started JobScheduler
2022-07-04 12:12:23.361  INFO  915 --- [           main] ject.jetty.server.handler.ContextHandler : Started o.s.j.s.ServletContextHandler@627d8516{/streaming,null,AVAILABLE,@Spark}
2022-07-04 12:12:23.364  INFO  915 --- [           main] ject.jetty.server.handler.ContextHandler : Started o.s.j.s.ServletContextHandler@6b667cb3{/streaming/json,null,AVAILABLE,@Spark}
2022-07-04 12:12:23.370  INFO  915 --- [           main] ject.jetty.server.handler.ContextHandler : Started o.s.j.s.ServletContextHandler@4e31c3ec{/streaming/batch,null,AVAILABLE,@Spark}
2022-07-04 12:12:23.372  INFO  915 --- [           main] ject.jetty.server.handler.ContextHandler : Started o.s.j.s.ServletContextHandler@6eaa21d8{/streaming/batch/json,null,AVAILABLE,@Spark}
2022-07-04 12:12:23.364  INFO   57 --- [er-event-loop-3] org.apache.spark.internal.Logging        : Receiver 0 started
2022-07-04 12:12:23.375  INFO  915 --- [           main] ject.jetty.server.handler.ContextHandler : Started o.s.j.s.ServletContextHandler@43034809{/static/streaming,null,AVAILABLE,@Spark}
2022-07-04 12:12:23.376  INFO   57 --- [           main] org.apache.spark.internal.Logging        : StreamingContext started
2022-07-04 12:12:23.389  INFO   57 --- [uler-event-loop] org.apache.spark.internal.Logging        : Got job 0 (start at Application.java:135) with 1 output partitions
2022-07-04 12:12:23.390  INFO   57 --- [uler-event-loop] org.apache.spark.internal.Logging        : Final stage: ResultStage 0 (start at Application.java:135)
2022-07-04 12:12:23.391  INFO   57 --- [uler-event-loop] org.apache.spark.internal.Logging        : Parents of final stage: List()
2022-07-04 12:12:23.393  INFO   57 --- [uler-event-loop] org.apache.spark.internal.Logging        : Missing parents: List()
2022-07-04 12:12:23.399  INFO   57 --- [uler-event-loop] org.apache.spark.internal.Logging        : Submitting ResultStage 0 (Receiver 0 ParallelCollectionRDD[0] at makeRDD at ReceiverTracker.scala:609), which has no missing parents
2022-07-04 12:12:23.632  INFO   57 --- [uler-event-loop] org.apache.spark.internal.Logging        : Block broadcast_0 stored as values in memory (estimated size 97.5 KiB, free 897.5 MiB)
2022-07-04 12:12:23.774  INFO   57 --- [uler-event-loop] org.apache.spark.internal.Logging        : Block broadcast_0_piece0 stored as bytes in memory (estimated size 34.2 KiB, free 897.5 MiB)
2022-07-04 12:12:23.782  INFO   57 --- [ckManagerMaster] org.apache.spark.internal.Logging        : Added broadcast_0_piece0 in memory on host.docker.internal:59248 (size: 34.2 KiB, free: 897.6 MiB)
2022-07-04 12:12:23.789  INFO   57 --- [uler-event-loop] org.apache.spark.internal.Logging        : Created broadcast 0 from broadcast at DAGScheduler.scala:1478
2022-07-04 12:12:23.807  INFO   57 --- [uler-event-loop] org.apache.spark.internal.Logging        : Submitting 1 missing tasks from ResultStage 0 (Receiver 0 ParallelCollectionRDD[0] at makeRDD at ReceiverTracker.scala:609) (first 15 tasks are for partitions Vector(0))
2022-07-04 12:12:23.809  INFO   57 --- [uler-event-loop] org.apache.spark.internal.Logging        : Adding task set 0.0 with 1 tasks resource profile 0
2022-07-04 12:12:23.899  INFO   57 --- [er-event-loop-0] org.apache.spark.internal.Logging        : Starting task 0.0 in stage 0.0 (TID 0) (host.docker.internal, executor driver, partition 0, PROCESS_LOCAL, 6218 bytes) taskResourceAssignments Map()
2022-07-04 12:12:23.937  INFO   57 --- [age 0.0 (TID 0)] org.apache.spark.internal.Logging        : Running task 0.0 in stage 0.0 (TID 0)
2022-07-04 12:12:24.223  INFO   57 --- [age 0.0 (TID 0)] org.apache.spark.internal.Logging        : Started timer for BlockGenerator at time 1656933144400
2022-07-04 12:12:24.224  INFO   57 --- [age 0.0 (TID 0)] org.apache.spark.internal.Logging        : Started BlockGenerator
2022-07-04 12:12:24.225  INFO   57 --- [      Thread-14] org.apache.spark.internal.Logging        : Started block pushing thread
2022-07-04 12:12:24.238  INFO   57 --- [er-event-loop-0] org.apache.spark.internal.Logging        : Registered receiver for stream 0 from host.docker.internal:59224
2022-07-04 12:12:24.239  INFO   57 --- [age 0.0 (TID 0)] org.apache.spark.internal.Logging        : Starting receiver 0
2022-07-04 12:12:24.241  INFO   57 --- [age 0.0 (TID 0)] org.apache.spark.internal.Logging        : Called receiver 0 onStart
2022-07-04 12:12:24.242  INFO   57 --- [age 0.0 (TID 0)] org.apache.spark.internal.Logging        : Waiting for receiver to be stopped
2022-07-04 12:12:27.320  INFO  571 --- [  NiFi Receiver] g.apache.nifi.remote.client.PeerSelector : Successfully refreshed peer status cache; remote group consists of 1 peers
2022-07-04 12:12:27.320  INFO  571 --- [ool Maintenance] g.apache.nifi.remote.client.PeerSelector : Successfully refreshed peer status cache; remote group consists of 1 peers
2022-07-04 12:12:30.048  INFO   57 --- [   JobGenerator] org.apache.spark.internal.Logging        : Added jobs for time 1656933150000 ms
2022-07-04 12:12:30.056  INFO   57 --- [   JobScheduler] org.apache.spark.internal.Logging        : Starting job streaming job 1656933150000 ms.0 from job set of time 1656933150000 ms
2022-07-04 12:12:30.158  WARN   69 --- [-job-executor-0] org.apache.spark.internal.Logging        : Using an existing SparkContext; some configuration may not take effect.
2022-07-04 12:12:30.682  INFO   57 --- [-job-executor-0] org.apache.spark.internal.Logging        : Setting hive.metastore.warehouse.dir ('null') to the value of spark.sql.warehouse.dir.
2022-07-04 12:12:31.526  INFO   57 --- [-job-executor-0] org.apache.spark.internal.Logging        : Warehouse path is 'file:/C:/IntelliJProjects/NifiSparkStreaming/spark-warehouse'.
2022-07-04 12:12:31.544  INFO  915 --- [-job-executor-0] ject.jetty.server.handler.ContextHandler : Started o.s.j.s.ServletContextHandler@4652fae8{/SQL,null,AVAILABLE,@Spark}
2022-07-04 12:12:31.545  INFO  915 --- [-job-executor-0] ject.jetty.server.handler.ContextHandler : Started o.s.j.s.ServletContextHandler@5f1aef7b{/SQL/json,null,AVAILABLE,@Spark}
2022-07-04 12:12:31.547  INFO  915 --- [-job-executor-0] ject.jetty.server.handler.ContextHandler : Started o.s.j.s.ServletContextHandler@31582fa{/SQL/execution,null,AVAILABLE,@Spark}
2022-07-04 12:12:31.549  INFO  915 --- [-job-executor-0] ject.jetty.server.handler.ContextHandler : Started o.s.j.s.ServletContextHandler@3c6df5b9{/SQL/execution/json,null,AVAILABLE,@Spark}
2022-07-04 12:12:31.552  INFO  915 --- [-job-executor-0] ject.jetty.server.handler.ContextHandler : Started o.s.j.s.ServletContextHandler@581db12c{/static/sql,null,AVAILABLE,@Spark}
2022-07-04 12:12:32.511  INFO   57 --- [  NiFi Receiver] org.apache.spark.internal.Logging        : Block input-0-1656933144214 stored as values in memory (estimated size 26.5 MiB, free 870.9 MiB)
2022-07-04 12:12:32.512  INFO   57 --- [ckManagerMaster] org.apache.spark.internal.Logging        : Added input-0-1656933144214 in memory on host.docker.internal:59248 (size: 26.5 MiB, free: 871.0 MiB)
2022-07-04 12:12:32.797  WARN   69 --- [ver-heartbeater] org.apache.spark.internal.Logging        : Exception when trying to compute pagesize, as a result reporting of ProcessTree metrics is stopped
2022-07-04 12:12:34.523  INFO   57 --- [  NiFi Receiver] org.apache.spark.internal.Logging        : Block input-0-1656933144215 stored as values in memory (estimated size 7.9 MiB, free 863.1 MiB)
2022-07-04 12:12:34.525  INFO   57 --- [ckManagerMaster] org.apache.spark.internal.Logging        : Added input-0-1656933144215 in memory on host.docker.internal:59248 (size: 7.9 MiB, free: 863.2 MiB)
2022-07-04 12:12:36.715  INFO   57 --- [-job-executor-0] org.apache.spark.internal.Logging        : Code generated in 298.425299 ms
2022-07-04 12:12:36.749  INFO   57 --- [   JobScheduler] org.apache.spark.internal.Logging        : Finished job streaming job 1656933150000 ms.0 from job set of time 1656933150000 ms
2022-07-04 12:12:36.749  INFO   57 --- [   JobScheduler] org.apache.spark.internal.Logging        : Starting job streaming job 1656933150000 ms.1 from job set of time 1656933150000 ms
2022-07-04 12:12:36.752  INFO   57 --- [   JobScheduler] org.apache.spark.internal.Logging        : Finished job streaming job 1656933150000 ms.1 from job set of time 1656933150000 ms
2022-07-04 12:12:36.755  INFO   57 --- [   JobScheduler] org.apache.spark.internal.Logging        : Total delay: 6.752 s for time 1656933150000 ms (execution: 6.697 s)
2022-07-04 12:12:36.763  INFO   57 --- [   JobGenerator] org.apache.spark.internal.Logging        : Deleting batches: 
2022-07-04 12:12:36.766  INFO   57 --- [   JobGenerator] org.apache.spark.internal.Logging        : remove old batch metadata: 
2022-07-04 12:12:40.009  INFO   57 --- [   JobGenerator] org.apache.spark.internal.Logging        : Added jobs for time 1656933160000 ms
2022-07-04 12:12:40.010  INFO   57 --- [   JobScheduler] org.apache.spark.internal.Logging        : Starting job streaming job 1656933160000 ms.0 from job set of time 1656933160000 ms
2022-07-04 12:12:40.015  WARN   69 --- [-job-executor-0] org.apache.spark.internal.Logging        : Using an existing SparkSession; the static sql configurations will not take effect.
2022-07-04 12:12:40.016  WARN   69 --- [-job-executor-0] org.apache.spark.internal.Logging        : Using an existing SparkSession; some spark core configurations may not take effect.
2022-07-04 12:12:40.104  INFO   57 --- [-job-executor-0] org.apache.spark.internal.Logging        : Starting job: show at Application.java:130
2022-07-04 12:12:40.108  INFO   57 --- [uler-event-loop] org.apache.spark.internal.Logging        : Got job 1 (show at Application.java:130) with 1 output partitions
2022-07-04 12:12:40.108  INFO   57 --- [uler-event-loop] org.apache.spark.internal.Logging        : Final stage: ResultStage 1 (show at Application.java:130)
2022-07-04 12:12:40.108  INFO   57 --- [uler-event-loop] org.apache.spark.internal.Logging        : Parents of final stage: List()
2022-07-04 12:12:40.109  INFO   57 --- [uler-event-loop] org.apache.spark.internal.Logging        : Missing parents: List()
2022-07-04 12:12:40.111  INFO   57 --- [uler-event-loop] org.apache.spark.internal.Logging        : Submitting ResultStage 1 (MapPartitionsRDD[12] at show at Application.java:130), which has no missing parents
2022-07-04 12:12:40.136  INFO   57 --- [uler-event-loop] org.apache.spark.internal.Logging        : Block broadcast_1 stored as values in memory (estimated size 13.2 KiB, free 863.1 MiB)
2022-07-04 12:12:40.141  INFO   57 --- [uler-event-loop] org.apache.spark.internal.Logging        : Block broadcast_1_piece0 stored as bytes in memory (estimated size 5.9 KiB, free 863.1 MiB)
2022-07-04 12:12:40.141  INFO   57 --- [ckManagerMaster] org.apache.spark.internal.Logging        : Added broadcast_1_piece0 in memory on host.docker.internal:59248 (size: 5.9 KiB, free: 863.2 MiB)
2022-07-04 12:12:40.142  INFO   57 --- [uler-event-loop] org.apache.spark.internal.Logging        : Created broadcast 1 from broadcast at DAGScheduler.scala:1478
2022-07-04 12:12:40.143  INFO   57 --- [uler-event-loop] org.apache.spark.internal.Logging        : Submitting 1 missing tasks from ResultStage 1 (MapPartitionsRDD[12] at show at Application.java:130) (first 15 tasks are for partitions Vector(0))
2022-07-04 12:12:40.143  INFO   57 --- [uler-event-loop] org.apache.spark.internal.Logging        : Adding task set 1.0 with 1 tasks resource profile 0
2022-07-04 12:12:40.147  INFO   57 --- [er-event-loop-1] org.apache.spark.internal.Logging        : Starting task 0.0 in stage 1.0 (TID 1) (host.docker.internal, executor driver, partition 0, PROCESS_LOCAL, 4394 bytes) taskResourceAssignments Map()
2022-07-04 12:12:40.149  INFO   57 --- [age 1.0 (TID 1)] org.apache.spark.internal.Logging        : Running task 0.0 in stage 1.0 (TID 1)
2022-07-04 12:12:40.405  INFO   57 --- [age 1.0 (TID 1)] org.apache.spark.internal.Logging        : Found block input-0-1656933144214 locally
2022-07-04 12:12:40.543  INFO   57 --- [age 1.0 (TID 1)] org.apache.spark.internal.Logging        : 1 block locks were not released by task 0.0 in stage 1.0 (TID 1)
[input-0-1656933144214]
2022-07-04 12:12:40.554  INFO   57 --- [age 1.0 (TID 1)] org.apache.spark.internal.Logging        : Finished task 0.0 in stage 1.0 (TID 1). 2335 bytes result sent to driver
2022-07-04 12:12:40.567  INFO   57 --- [result-getter-0] org.apache.spark.internal.Logging        : Finished task 0.0 in stage 1.0 (TID 1) in 421 ms on host.docker.internal (executor driver) (1/1)
2022-07-04 12:12:40.572  INFO   57 --- [result-getter-0] org.apache.spark.internal.Logging        : Removed TaskSet 1.0, whose tasks have all completed, from pool 
2022-07-04 12:12:40.578  INFO   57 --- [uler-event-loop] org.apache.spark.internal.Logging        : ResultStage 1 (show at Application.java:130) finished in 0.457 s
2022-07-04 12:12:40.587  INFO   57 --- [uler-event-loop] org.apache.spark.internal.Logging        : Job 1 is finished. Cancelling potential speculative or zombie tasks for this job
2022-07-04 12:12:40.588  INFO   57 --- [uler-event-loop] org.apache.spark.internal.Logging        : Killing all running tasks in stage 1: Stage finished
2022-07-04 12:12:40.593  INFO   57 --- [-job-executor-0] org.apache.spark.internal.Logging        : Job 1 finished: show at Application.java:130, took 0.488199 s
2022-07-04 12:12:40.791  INFO   57 --- [-job-executor-0] org.apache.spark.internal.Logging        : Code generated in 140.4043 ms
2022-07-04 12:12:40.810  INFO   57 --- [ckManagerMaster] org.apache.spark.internal.Logging        : Removed broadcast_1_piece0 on host.docker.internal:59248 in memory (size: 5.9 KiB, free: 863.2 MiB)
2022-07-04 12:12:40.817  INFO   57 --- [   JobScheduler] org.apache.spark.internal.Logging        : Finished job streaming job 1656933160000 ms.0 from job set of time 1656933160000 ms
2022-07-04 12:12:40.818  INFO   57 --- [   JobScheduler] org.apache.spark.internal.Logging        : Starting job streaming job 1656933160000 ms.1 from job set of time 1656933160000 ms
2022-07-04 12:12:40.828  INFO   57 --- [-job-executor-0] org.apache.spark.internal.Logging        : Starting job: print at Application.java:133
2022-07-04 12:12:40.829  INFO   57 --- [uler-event-loop] org.apache.spark.internal.Logging        : Got job 2 (print at Application.java:133) with 1 output partitions
2022-07-04 12:12:40.830  INFO   57 --- [uler-event-loop] org.apache.spark.internal.Logging        : Final stage: ResultStage 2 (print at Application.java:133)
2022-07-04 12:12:40.830  INFO   57 --- [uler-event-loop] org.apache.spark.internal.Logging        : Parents of final stage: List()
2022-07-04 12:12:40.830  INFO   57 --- [uler-event-loop] org.apache.spark.internal.Logging        : Missing parents: List()
2022-07-04 12:12:40.832  INFO   57 --- [uler-event-loop] org.apache.spark.internal.Logging        : Submitting ResultStage 2 (MapPartitionsRDD[8] at map at Application.java:123), which has no missing parents
2022-07-04 12:12:40.841  INFO   57 --- [uler-event-loop] org.apache.spark.internal.Logging        : Block broadcast_2 stored as values in memory (estimated size 4.4 KiB, free 863.1 MiB)
2022-07-04 12:12:40.844  INFO   57 --- [uler-event-loop] org.apache.spark.internal.Logging        : Block broadcast_2_piece0 stored as bytes in memory (estimated size 2.4 KiB, free 863.1 MiB)
2022-07-04 12:12:40.846  INFO   57 --- [ckManagerMaster] org.apache.spark.internal.Logging        : Added broadcast_2_piece0 in memory on host.docker.internal:59248 (size: 2.4 KiB, free: 863.2 MiB)
2022-07-04 12:12:40.847  INFO   57 --- [uler-event-loop] org.apache.spark.internal.Logging        : Created broadcast 2 from broadcast at DAGScheduler.scala:1478
2022-07-04 12:12:40.848  INFO   57 --- [uler-event-loop] org.apache.spark.internal.Logging        : Submitting 1 missing tasks from ResultStage 2 (MapPartitionsRDD[8] at map at Application.java:123) (first 15 tasks are for partitions Vector(0))
2022-07-04 12:12:40.849  INFO   57 --- [uler-event-loop] org.apache.spark.internal.Logging        : Adding task set 2.0 with 1 tasks resource profile 0
2022-07-04 12:12:40.851  INFO   57 --- [er-event-loop-0] org.apache.spark.internal.Logging        : Starting task 0.0 in stage 2.0 (TID 2) (host.docker.internal, executor driver, partition 0, PROCESS_LOCAL, 4394 bytes) taskResourceAssignments Map()
2022-07-04 12:12:40.853  INFO   57 --- [age 2.0 (TID 2)] org.apache.spark.internal.Logging        : Running task 0.0 in stage 2.0 (TID 2)
2022-07-04 12:12:40.860  INFO   57 --- [age 2.0 (TID 2)] org.apache.spark.internal.Logging        : Found block input-0-1656933144214 locally
2022-07-04 12:12:41.151  INFO   57 --- [age 2.0 (TID 2)] org.apache.spark.internal.Logging        : 1 block locks were not released by task 0.0 in stage 2.0 (TID 2)
[input-0-1656933144214]
2022-07-04 12:12:41.176  INFO   57 --- [age 2.0 (TID 2)] org.apache.spark.internal.Logging        : Finished task 0.0 in stage 2.0 (TID 2). 422746 bytes result sent to driver
2022-07-04 12:12:41.208  INFO   57 --- [result-getter-1] org.apache.spark.internal.Logging        : Finished task 0.0 in stage 2.0 (TID 2) in 357 ms on host.docker.internal (executor driver) (1/1)
2022-07-04 12:12:41.209  INFO   57 --- [result-getter-1] org.apache.spark.internal.Logging        : Removed TaskSet 2.0, whose tasks have all completed, from pool 
2022-07-04 12:12:41.209  INFO   57 --- [uler-event-loop] org.apache.spark.internal.Logging        : ResultStage 2 (print at Application.java:133) finished in 0.375 s
2022-07-04 12:12:41.211  INFO   57 --- [uler-event-loop] org.apache.spark.internal.Logging        : Job 2 is finished. Cancelling potential speculative or zombie tasks for this job
2022-07-04 12:12:41.212  INFO   57 --- [uler-event-loop] org.apache.spark.internal.Logging        : Killing all running tasks in stage 2: Stage finished
2022-07-04 12:12:41.213  INFO   57 --- [-job-executor-0] org.apache.spark.internal.Logging        : Job 2 finished: print at Application.java:133, took 0.384775 s
2022-07-04 12:12:41.226  INFO   57 --- [   JobScheduler] org.apache.spark.internal.Logging        : Finished job streaming job 1656933160000 ms.1 from job set of time 1656933160000 ms
2022-07-04 12:12:41.227  INFO   57 --- [   JobScheduler] org.apache.spark.internal.Logging        : Total delay: 1.226 s for time 1656933160000 ms (execution: 1.216 s)
2022-07-04 12:12:41.228  INFO   57 --- [   JobGenerator] org.apache.spark.internal.Logging        : Removing RDD 2 from persistence list
2022-07-04 12:12:41.235  INFO   57 --- [   JobGenerator] org.apache.spark.internal.Logging        : Removing RDD 1 from persistence list
2022-07-04 12:12:41.237  INFO   57 --- [c-thread-pool-3] org.apache.spark.internal.Logging        : Removing RDD 2
2022-07-04 12:12:41.238  INFO   57 --- [c-thread-pool-4] org.apache.spark.internal.Logging        : Removing RDD 1
2022-07-04 12:12:41.237  INFO   57 --- [   JobGenerator] org.apache.spark.internal.Logging        : Removing blocks of RDD BlockRDD[1] at receiverStream at Application.java:118 of time 1656933160000 ms
2022-07-04 12:12:41.243  INFO   57 --- [   JobGenerator] org.apache.spark.internal.Logging        : Deleting batches: 
2022-07-04 12:12:41.244  INFO   57 --- [   JobGenerator] org.apache.spark.internal.Logging        : remove old batch metadata: 
2022-07-04 12:12:50.004  INFO   57 --- [   JobGenerator] org.apache.spark.internal.Logging        : Added jobs for time 1656933170000 ms
2022-07-04 12:12:50.005  INFO   57 --- [   JobScheduler] org.apache.spark.internal.Logging        : Starting job streaming job 1656933170000 ms.0 from job set of time 1656933170000 ms
2022-07-04 12:12:50.010  WARN   69 --- [-job-executor-0] org.apache.spark.internal.Logging        : Using an existing SparkSession; the static sql configurations will not take effect.
2022-07-04 12:12:50.010  WARN   69 --- [-job-executor-0] org.apache.spark.internal.Logging        : Using an existing SparkSession; some spark core configurations may not take effect.
2022-07-04 12:12:50.085  INFO   57 --- [   JobScheduler] org.apache.spark.internal.Logging        : Finished job streaming job 1656933170000 ms.0 from job set of time 1656933170000 ms
2022-07-04 12:12:50.086  INFO   57 --- [   JobScheduler] org.apache.spark.internal.Logging        : Starting job streaming job 1656933170000 ms.1 from job set of time 1656933170000 ms
2022-07-04 12:12:50.086  INFO   57 --- [   JobScheduler] org.apache.spark.internal.Logging        : Finished job streaming job 1656933170000 ms.1 from job set of time 1656933170000 ms
2022-07-04 12:12:50.087  INFO   57 --- [   JobScheduler] org.apache.spark.internal.Logging        : Total delay: 0.086 s for time 1656933170000 ms (execution: 0.081 s)
2022-07-04 12:12:50.088  INFO   57 --- [   JobGenerator] org.apache.spark.internal.Logging        : Removing RDD 8 from persistence list
2022-07-04 12:12:50.089  INFO   57 --- [   JobGenerator] org.apache.spark.internal.Logging        : Removing RDD 7 from persistence list
2022-07-04 12:12:50.091  INFO   57 --- [   JobGenerator] org.apache.spark.internal.Logging        : Removing blocks of RDD BlockRDD[7] at receiverStream at Application.java:118 of time 1656933170000 ms
2022-07-04 12:12:50.095  INFO   57 --- [   JobGenerator] org.apache.spark.internal.Logging        : Deleting batches: 1656933150000 ms
2022-07-04 12:12:50.095  INFO   57 --- [-thread-pool-10] org.apache.spark.internal.Logging        : Removing RDD 7
2022-07-04 12:12:50.095  INFO   57 --- [c-thread-pool-9] org.apache.spark.internal.Logging        : Removing RDD 8
2022-07-04 12:12:50.096  INFO   57 --- [   JobGenerator] org.apache.spark.internal.Logging        : remove old batch metadata: 1656933150000 ms
2022-07-04 12:12:50.124  INFO   57 --- [ckManagerMaster] org.apache.spark.internal.Logging        : Removed input-0-1656933144215 on host.docker.internal:59248 in memory (size: 7.9 MiB, free: 871.0 MiB)
2022-07-04 12:12:50.125  INFO   57 --- [ckManagerMaster] org.apache.spark.internal.Logging        : Removed input-0-1656933144214 on host.docker.internal:59248 in memory (size: 26.5 MiB, free: 897.6 MiB)
2022-07-04 12:13:00.008  INFO   57 --- [   JobGenerator] org.apache.spark.internal.Logging        : Added jobs for time 1656933180000 ms
2022-07-04 12:13:00.009  INFO   57 --- [   JobScheduler] org.apache.spark.internal.Logging        : Starting job streaming job 1656933180000 ms.0 from job set of time 1656933180000 ms
2022-07-04 12:13:00.025  WARN   69 --- [-job-executor-0] org.apache.spark.internal.Logging        : Using an existing SparkSession; the static sql configurations will not take effect.
2022-07-04 12:13:00.027  WARN   69 --- [-job-executor-0] org.apache.spark.internal.Logging        : Using an existing SparkSession; some spark core configurations may not take effect.
2022-07-04 12:13:00.145  INFO   57 --- [   JobScheduler] org.apache.spark.internal.Logging        : Finished job streaming job 1656933180000 ms.0 from job set of time 1656933180000 ms
2022-07-04 12:13:00.146  INFO   57 --- [   JobScheduler] org.apache.spark.internal.Logging        : Starting job streaming job 1656933180000 ms.1 from job set of time 1656933180000 ms
2022-07-04 12:13:00.146  INFO   57 --- [   JobScheduler] org.apache.spark.internal.Logging        : Finished job streaming job 1656933180000 ms.1 from job set of time 1656933180000 ms
2022-07-04 12:13:00.146  INFO   57 --- [   JobScheduler] org.apache.spark.internal.Logging        : Total delay: 0.146 s for time 1656933180000 ms (execution: 0.137 s)
2022-07-04 12:13:00.146  INFO   57 --- [   JobGenerator] org.apache.spark.internal.Logging        : Removing RDD 14 from persistence list
2022-07-04 12:13:00.148  INFO   57 --- [   JobGenerator] org.apache.spark.internal.Logging        : Removing RDD 13 from persistence list
2022-07-04 12:13:00.148  INFO   57 --- [-thread-pool-21] org.apache.spark.internal.Logging        : Removing RDD 14
2022-07-04 12:13:00.150  INFO   57 --- [   JobGenerator] org.apache.spark.internal.Logging        : Removing blocks of RDD BlockRDD[13] at receiverStream at Application.java:118 of time 1656933180000 ms
2022-07-04 12:13:00.150  INFO   57 --- [   JobGenerator] org.apache.spark.internal.Logging        : Deleting batches: 1656933160000 ms
2022-07-04 12:13:00.151  INFO   57 --- [-thread-pool-22] org.apache.spark.internal.Logging        : Removing RDD 13
2022-07-04 12:13:00.151  INFO   57 --- [   JobGenerator] org.apache.spark.internal.Logging        : remove old batch metadata: 1656933160000 ms
2022-07-04 12:13:10.010  INFO   57 --- [   JobGenerator] org.apache.spark.internal.Logging        : Added jobs for time 1656933190000 ms
2022-07-04 12:13:10.011  INFO   57 --- [   JobScheduler] org.apache.spark.internal.Logging        : Starting job streaming job 1656933190000 ms.0 from job set of time 1656933190000 ms
2022-07-04 12:13:10.023  WARN   69 --- [-job-executor-0] org.apache.spark.internal.Logging        : Using an existing SparkSession; the static sql configurations will not take effect.
2022-07-04 12:13:10.024  WARN   69 --- [-job-executor-0] org.apache.spark.internal.Logging        : Using an existing SparkSession; some spark core configurations may not take effect.
2022-07-04 12:13:10.102  INFO   57 --- [   JobScheduler] org.apache.spark.internal.Logging        : Finished job streaming job 1656933190000 ms.0 from job set of time 1656933190000 ms
2022-07-04 12:13:10.102  INFO   57 --- [   JobScheduler] org.apache.spark.internal.Logging        : Starting job streaming job 1656933190000 ms.1 from job set of time 1656933190000 ms
2022-07-04 12:13:10.102  INFO   57 --- [   JobScheduler] org.apache.spark.internal.Logging        : Finished job streaming job 1656933190000 ms.1 from job set of time 1656933190000 ms
2022-07-04 12:13:10.103  INFO   57 --- [   JobScheduler] org.apache.spark.internal.Logging        : Total delay: 0.102 s for time 1656933190000 ms (execution: 0.092 s)
2022-07-04 12:13:10.103  INFO   57 --- [   JobGenerator] org.apache.spark.internal.Logging        : Removing RDD 20 from persistence list
2022-07-04 12:13:10.104  INFO   57 --- [   JobGenerator] org.apache.spark.internal.Logging        : Removing RDD 19 from persistence list
2022-07-04 12:13:10.105  INFO   57 --- [-thread-pool-27] org.apache.spark.internal.Logging        : Removing RDD 20
2022-07-04 12:13:10.106  INFO   57 --- [-thread-pool-28] org.apache.spark.internal.Logging        : Removing RDD 19
2022-07-04 12:13:10.106  INFO   57 --- [   JobGenerator] org.apache.spark.internal.Logging        : Removing blocks of RDD BlockRDD[19] at receiverStream at Application.java:118 of time 1656933190000 ms
2022-07-04 12:13:10.108  INFO   57 --- [   JobGenerator] org.apache.spark.internal.Logging        : Deleting batches: 1656933170000 ms
2022-07-04 12:13:10.108  INFO   57 --- [   JobGenerator] org.apache.spark.internal.Logging        : remove old batch metadata: 1656933170000 ms
2022-07-04 12:13:20.006  INFO   57 --- [   JobGenerator] org.apache.spark.internal.Logging        : Added jobs for time 1656933200000 ms
2022-07-04 12:13:20.007  INFO   57 --- [   JobScheduler] org.apache.spark.internal.Logging        : Starting job streaming job 1656933200000 ms.0 from job set of time 1656933200000 ms
2022-07-04 12:13:20.016  WARN   69 --- [-job-executor-0] org.apache.spark.internal.Logging        : Using an existing SparkSession; the static sql configurations will not take effect.
2022-07-04 12:13:20.017  WARN   69 --- [-job-executor-0] org.apache.spark.internal.Logging        : Using an existing SparkSession; some spark core configurations may not take effect.
2022-07-04 12:13:20.091  INFO   57 --- [   JobScheduler] org.apache.spark.internal.Logging        : Finished job streaming job 1656933200000 ms.0 from job set of time 1656933200000 ms
2022-07-04 12:13:20.091  INFO   57 --- [   JobScheduler] org.apache.spark.internal.Logging        : Starting job streaming job 1656933200000 ms.1 from job set of time 1656933200000 ms
2022-07-04 12:13:20.092  INFO   57 --- [   JobScheduler] org.apache.spark.internal.Logging        : Finished job streaming job 1656933200000 ms.1 from job set of time 1656933200000 ms
2022-07-04 12:13:20.092  INFO   57 --- [   JobScheduler] org.apache.spark.internal.Logging        : Total delay: 0.092 s for time 1656933200000 ms (execution: 0.085 s)
2022-07-04 12:13:20.092  INFO   57 --- [   JobGenerator] org.apache.spark.internal.Logging        : Removing RDD 26 from persistence list
2022-07-04 12:13:20.093  INFO   57 --- [   JobGenerator] org.apache.spark.internal.Logging        : Removing RDD 25 from persistence list
2022-07-04 12:13:20.094  INFO   57 --- [-thread-pool-33] org.apache.spark.internal.Logging        : Removing RDD 26
2022-07-04 12:13:20.095  INFO   57 --- [   JobGenerator] org.apache.spark.internal.Logging        : Removing blocks of RDD BlockRDD[25] at receiverStream at Application.java:118 of time 1656933200000 ms
2022-07-04 12:13:20.095  INFO   57 --- [-thread-pool-34] org.apache.spark.internal.Logging        : Removing RDD 25
2022-07-04 12:13:20.097  INFO   57 --- [   JobGenerator] org.apache.spark.internal.Logging        : Deleting batches: 1656933180000 ms
2022-07-04 12:13:20.097  INFO   57 --- [   JobGenerator] org.apache.spark.internal.Logging        : remove old batch metadata: 1656933180000 ms
2022-07-04 12:13:27.370  INFO  571 --- [ool Maintenance] g.apache.nifi.remote.client.PeerSelector : Successfully refreshed peer status cache; remote group consists of 1 peers
2022-07-04 12:13:30.007  INFO   57 --- [   JobGenerator] org.apache.spark.internal.Logging        : Added jobs for time 1656933210000 ms
2022-07-04 12:13:30.008  INFO   57 --- [   JobScheduler] org.apache.spark.internal.Logging        : Starting job streaming job 1656933210000 ms.0 from job set of time 1656933210000 ms
2022-07-04 12:13:30.017  WARN   69 --- [-job-executor-0] org.apache.spark.internal.Logging        : Using an existing SparkSession; the static sql configurations will not take effect.
2022-07-04 12:13:30.018  WARN   69 --- [-job-executor-0] org.apache.spark.internal.Logging        : Using an existing SparkSession; some spark core configurations may not take effect.
2022-07-04 12:13:30.100  INFO   57 --- [   JobScheduler] org.apache.spark.internal.Logging        : Finished job streaming job 1656933210000 ms.0 from job set of time 1656933210000 ms
2022-07-04 12:13:30.100  INFO   57 --- [   JobScheduler] org.apache.spark.internal.Logging        : Starting job streaming job 1656933210000 ms.1 from job set of time 1656933210000 ms
2022-07-04 12:13:30.102  INFO   57 --- [   JobScheduler] org.apache.spark.internal.Logging        : Finished job streaming job 1656933210000 ms.1 from job set of time 1656933210000 ms
2022-07-04 12:13:30.102  INFO   57 --- [   JobScheduler] org.apache.spark.internal.Logging        : Total delay: 0.102 s for time 1656933210000 ms (execution: 0.095 s)
2022-07-04 12:13:30.103  INFO   57 --- [   JobGenerator] org.apache.spark.internal.Logging        : Removing RDD 32 from persistence list
2022-07-04 12:13:30.104  INFO   57 --- [   JobGenerator] org.apache.spark.internal.Logging        : Removing RDD 31 from persistence list
2022-07-04 12:13:30.104  INFO   57 --- [-thread-pool-39] org.apache.spark.internal.Logging        : Removing RDD 32
2022-07-04 12:13:30.105  INFO   57 --- [   JobGenerator] org.apache.spark.internal.Logging        : Removing blocks of RDD BlockRDD[31] at receiverStream at Application.java:118 of time 1656933210000 ms
2022-07-04 12:13:30.106  INFO   57 --- [   JobGenerator] org.apache.spark.internal.Logging        : Deleting batches: 1656933190000 ms
2022-07-04 12:13:30.106  INFO   57 --- [   JobGenerator] org.apache.spark.internal.Logging        : remove old batch metadata: 1656933190000 ms
2022-07-04 12:13:30.106  INFO   57 --- [-thread-pool-41] org.apache.spark.internal.Logging        : Removing RDD 31
2022-07-04 12:13:40.007  INFO   57 --- [   JobGenerator] org.apache.spark.internal.Logging        : Added jobs for time 1656933220000 ms
2022-07-04 12:13:40.008  INFO   57 --- [   JobScheduler] org.apache.spark.internal.Logging        : Starting job streaming job 1656933220000 ms.0 from job set of time 1656933220000 ms
2022-07-04 12:13:40.019  WARN   69 --- [-job-executor-0] org.apache.spark.internal.Logging        : Using an existing SparkSession; the static sql configurations will not take effect.
2022-07-04 12:13:40.020  WARN   69 --- [-job-executor-0] org.apache.spark.internal.Logging        : Using an existing SparkSession; some spark core configurations may not take effect.
2022-07-04 12:13:40.088  INFO   57 --- [   JobScheduler] org.apache.spark.internal.Logging        : Finished job streaming job 1656933220000 ms.0 from job set of time 1656933220000 ms
2022-07-04 12:13:40.089  INFO   57 --- [   JobScheduler] org.apache.spark.internal.Logging        : Starting job streaming job 1656933220000 ms.1 from job set of time 1656933220000 ms
2022-07-04 12:13:40.091  INFO   57 --- [   JobScheduler] org.apache.spark.internal.Logging        : Finished job streaming job 1656933220000 ms.1 from job set of time 1656933220000 ms
2022-07-04 12:13:40.091  INFO   57 --- [   JobScheduler] org.apache.spark.internal.Logging        : Total delay: 0.091 s for time 1656933220000 ms (execution: 0.083 s)
2022-07-04 12:13:40.092  INFO   57 --- [   JobGenerator] org.apache.spark.internal.Logging        : Removing RDD 38 from persistence list
2022-07-04 12:13:40.093  INFO   57 --- [   JobGenerator] org.apache.spark.internal.Logging        : Removing RDD 37 from persistence list
2022-07-04 12:13:40.093  INFO   57 --- [-thread-pool-45] org.apache.spark.internal.Logging        : Removing RDD 38
2022-07-04 12:13:40.096  INFO   57 --- [   JobGenerator] org.apache.spark.internal.Logging        : Removing blocks of RDD BlockRDD[37] at receiverStream at Application.java:118 of time 1656933220000 ms
2022-07-04 12:13:40.096  INFO   57 --- [-thread-pool-46] org.apache.spark.internal.Logging        : Removing RDD 37
2022-07-04 12:13:40.098  INFO   57 --- [   JobGenerator] org.apache.spark.internal.Logging        : Deleting batches: 1656933200000 ms
2022-07-04 12:13:40.099  INFO   57 --- [   JobGenerator] org.apache.spark.internal.Logging        : remove old batch metadata: 1656933200000 ms
2022-07-04 12:13:43.507  INFO   57 --- [shutdown-hook-0] org.apache.spark.internal.Logging        : Invoking stop(stopGracefully=false) from shutdown hook
2022-07-04 12:13:43.513  INFO   57 --- [er-event-loop-0] org.apache.spark.internal.Logging        : Sent stop signal to all 1 receivers
2022-07-04 12:13:43.514  INFO   57 --- [er-event-loop-1] org.apache.spark.internal.Logging        : Received stop signal
2022-07-04 12:13:43.515  INFO   57 --- [er-event-loop-1] org.apache.spark.internal.Logging        : Stopping receiver with message: Stopped by driver: 
2022-07-04 12:13:43.516  INFO   57 --- [er-event-loop-1] org.apache.spark.internal.Logging        : Called receiver onStop
2022-07-04 12:13:43.516  INFO   57 --- [er-event-loop-1] org.apache.spark.internal.Logging        : Deregistering receiver 0
2022-07-04 12:13:43.518  ERROR   73 --- [er-event-loop-2] org.apache.spark.internal.Logging        : Deregistered receiver for stream 0: Stopped by driver
2022-07-04 12:13:43.519  INFO   57 --- [er-event-loop-1] org.apache.spark.internal.Logging        : Stopped receiver 0
2022-07-04 12:13:43.521  INFO   57 --- [er-event-loop-1] org.apache.spark.internal.Logging        : Stopping BlockGenerator
2022-07-04 12:13:43.803  INFO   57 --- [er-event-loop-1] org.apache.spark.internal.Logging        : Stopped timer for BlockGenerator after time 1656933223800
2022-07-04 12:13:43.804  INFO   57 --- [er-event-loop-1] org.apache.spark.internal.Logging        : Waiting for block pushing thread to terminate
2022-07-04 12:13:43.806  INFO   57 --- [      Thread-14] org.apache.spark.internal.Logging        : Pushing out the last 0 blocks
2022-07-04 12:13:43.807  INFO   57 --- [      Thread-14] org.apache.spark.internal.Logging        : Stopped block pushing thread
2022-07-04 12:13:43.808  INFO   57 --- [er-event-loop-1] org.apache.spark.internal.Logging        : Stopped BlockGenerator
2022-07-04 12:13:43.810  INFO   57 --- [age 0.0 (TID 0)] org.apache.spark.internal.Logging        : Stopped receiver without error
2022-07-04 12:13:43.816  INFO   57 --- [age 0.0 (TID 0)] org.apache.spark.internal.Logging        : Finished task 0.0 in stage 0.0 (TID 0). 923 bytes result sent to driver
2022-07-04 12:13:43.821  INFO   57 --- [result-getter-2] org.apache.spark.internal.Logging        : Finished task 0.0 in stage 0.0 (TID 0) in 79950 ms on host.docker.internal (executor driver) (1/1)
2022-07-04 12:13:43.822  INFO   57 --- [result-getter-2] org.apache.spark.internal.Logging        : Removed TaskSet 0.0, whose tasks have all completed, from pool 
2022-07-04 12:13:43.823  INFO   57 --- [uler-event-loop] org.apache.spark.internal.Logging        : ResultStage 0 (start at Application.java:135) finished in 80.397 s
2022-07-04 12:13:43.825  INFO   57 --- [uler-event-loop] org.apache.spark.internal.Logging        : Job 0 is finished. Cancelling potential speculative or zombie tasks for this job
2022-07-04 12:13:43.826  INFO   57 --- [uler-event-loop] org.apache.spark.internal.Logging        : Killing all running tasks in stage 0: Stage finished
2022-07-04 12:13:43.829  INFO   57 --- [shutdown-hook-0] org.apache.spark.internal.Logging        : All of the receivers have deregistered successfully
2022-07-04 12:13:43.831  INFO   57 --- [shutdown-hook-0] org.apache.spark.internal.Logging        : ReceiverTracker stopped
2022-07-04 12:13:43.833  INFO   57 --- [shutdown-hook-0] org.apache.spark.internal.Logging        : Stopping JobGenerator immediately
2022-07-04 12:13:43.835  INFO   57 --- [shutdown-hook-0] org.apache.spark.internal.Logging        : Stopped timer for JobGenerator after time 1656933220000
2022-07-04 12:13:43.835  INFO   57 --- [shutdown-hook-0] org.apache.spark.internal.Logging        : Stopped JobGenerator
2022-07-04 12:13:43.835  INFO   57 --- [shutdown-hook-0] org.apache.spark.internal.Logging        : Stopped JobScheduler
2022-07-04 12:13:43.835  INFO 1153 --- [shutdown-hook-0] ject.jetty.server.handler.ContextHandler : Stopped o.s.j.s.ServletContextHandler@627d8516{/streaming,null,STOPPED,@Spark}
2022-07-04 12:13:43.835  INFO 1153 --- [shutdown-hook-0] ject.jetty.server.handler.ContextHandler : Stopped o.s.j.s.ServletContextHandler@6b667cb3{/streaming/json,null,STOPPED,@Spark}
2022-07-04 12:13:43.850  INFO 1153 --- [shutdown-hook-0] ject.jetty.server.handler.ContextHandler : Stopped o.s.j.s.ServletContextHandler@4e31c3ec{/streaming/batch,null,STOPPED,@Spark}
2022-07-04 12:13:43.850  INFO 1153 --- [shutdown-hook-0] ject.jetty.server.handler.ContextHandler : Stopped o.s.j.s.ServletContextHandler@6eaa21d8{/streaming/batch/json,null,STOPPED,@Spark}
2022-07-04 12:13:43.850  INFO 1153 --- [shutdown-hook-0] ject.jetty.server.handler.ContextHandler : Stopped o.s.j.s.ServletContextHandler@43034809{/static/streaming,null,STOPPED,@Spark}
2022-07-04 12:13:43.850  INFO  154 --- [           main] com.elite.cdr.validator.Application      : ****************************************************
2022-07-04 12:13:43.850  INFO  155 --- [           main] com.elite.cdr.validator.Application      : Duration: 0.0 seconds
2022-07-04 12:13:43.850  INFO  156 --- [           main] com.elite.cdr.validator.Application      : Batch executed with success
2022-07-04 12:13:43.850  INFO   57 --- [shutdown-hook-0] org.apache.spark.internal.Logging        : StreamingContext stopped successfully
2022-07-04 12:13:43.850  INFO  157 --- [           main] com.elite.cdr.validator.Application      : ****************************************************
2022-07-04 12:13:43.850  INFO   57 --- [shutdown-hook-0] org.apache.spark.internal.Logging        : Invoking stop() from shutdown hook
2022-07-04 12:13:43.866  INFO  381 --- [shutdown-hook-0] rkproject.jetty.server.AbstractConnector : Stopped Spark@7caa550{HTTP/1.1, (http/1.1)}{0.0.0.0:4040}
2022-07-04 12:13:43.866  INFO   57 --- [shutdown-hook-0] org.apache.spark.internal.Logging        : Stopped Spark web UI at http://host.docker.internal:4040
2022-07-04 12:13:43.882  INFO   57 --- [er-event-loop-2] org.apache.spark.internal.Logging        : MapOutputTrackerMasterEndpoint stopped!
2022-07-04 12:13:43.897  INFO   57 --- [shutdown-hook-0] org.apache.spark.internal.Logging        : MemoryStore cleared
2022-07-04 12:13:43.913  INFO   57 --- [shutdown-hook-0] org.apache.spark.internal.Logging        : BlockManager stopped
2022-07-04 12:13:43.913  INFO   57 --- [shutdown-hook-0] org.apache.spark.internal.Logging        : BlockManagerMaster stopped
2022-07-04 12:13:43.913  INFO   57 --- [er-event-loop-3] org.apache.spark.internal.Logging        : OutputCommitCoordinator stopped!
2022-07-04 12:13:43.913  INFO   57 --- [shutdown-hook-0] org.apache.spark.internal.Logging        : Successfully stopped SparkContext
2022-07-04 12:13:43.913  INFO   57 --- [shutdown-hook-0] org.apache.spark.internal.Logging        : Shutdown hook called
2022-07-04 12:13:43.913  INFO   57 --- [shutdown-hook-0] org.apache.spark.internal.Logging        : Deleting directory C:\Users\Wael Hamdi\AppData\Local\Temp\spark-21d87a00-e273-422a-99e1-c45b3d4d9ffa
