2022-06-25 17:46:47.099  INFO   52 --- [           main] com.elite.cdr.validator.Application      : Starting ASN1 Reader 
2022-06-25 17:46:47.099  INFO   54 --- [           main] com.elite.cdr.validator.Application      : ############### Run with the args [--env, local, --file, C:\IntelliJProjects\FraudDetectionSpark3\src\main\resources\data\simpleTypes.ber]
2022-06-25 17:46:47.193  INFO   60 --- [           main] com.elite.cdr.validator.Application      : ############### Run in local mode
2022-06-25 17:46:48.660  INFO   57 --- [           main] org.apache.spark.internal.Logging        : Running Spark version 3.2.1
2022-06-25 17:46:49.029  INFO   57 --- [           main] org.apache.spark.internal.Logging        : ==============================================================
2022-06-25 17:46:49.045  INFO   57 --- [           main] org.apache.spark.internal.Logging        : No custom resources configured for spark.driver.
2022-06-25 17:46:49.045  INFO   57 --- [           main] org.apache.spark.internal.Logging        : ==============================================================
2022-06-25 17:46:49.045  INFO   57 --- [           main] org.apache.spark.internal.Logging        : Submitted application: NiFi-Spark Streaming example
2022-06-25 17:46:49.076  INFO   57 --- [           main] org.apache.spark.internal.Logging        : Default ResourceProfile created, executor resources: Map(cores -> name: cores, amount: 1, script: , vendor: , memory -> name: memory, amount: 1024, script: , vendor: , offHeap -> name: offHeap, amount: 0, script: , vendor: ), task resources: Map(cpus -> name: cpus, amount: 1.0)
2022-06-25 17:46:49.107  INFO   57 --- [           main] org.apache.spark.internal.Logging        : Limiting resource is cpu
2022-06-25 17:46:49.107  INFO   57 --- [           main] org.apache.spark.internal.Logging        : Added ResourceProfile id: 0
2022-06-25 17:46:49.316  INFO   57 --- [           main] org.apache.spark.internal.Logging        : Changing view acls to: Wael Hamdi
2022-06-25 17:46:49.318  INFO   57 --- [           main] org.apache.spark.internal.Logging        : Changing modify acls to: Wael Hamdi
2022-06-25 17:46:49.318  INFO   57 --- [           main] org.apache.spark.internal.Logging        : Changing view acls groups to: 
2022-06-25 17:46:49.318  INFO   57 --- [           main] org.apache.spark.internal.Logging        : Changing modify acls groups to: 
2022-06-25 17:46:49.318  INFO   57 --- [           main] org.apache.spark.internal.Logging        : SecurityManager: authentication disabled; ui acls disabled; users  with view permissions: Set(Wael Hamdi); groups with view permissions: Set(); users  with modify permissions: Set(Wael Hamdi); groups with modify permissions: Set()
2022-06-25 17:46:52.010  INFO   57 --- [           main] org.apache.spark.internal.Logging        : Successfully started service 'sparkDriver' on port 60466.
2022-06-25 17:46:52.042  INFO   57 --- [           main] org.apache.spark.internal.Logging        : Registering MapOutputTracker
2022-06-25 17:46:52.074  INFO   57 --- [           main] org.apache.spark.internal.Logging        : Registering BlockManagerMaster
2022-06-25 17:46:52.105  INFO   57 --- [           main] org.apache.spark.internal.Logging        : Using org.apache.spark.storage.DefaultTopologyMapper for getting topology information
2022-06-25 17:46:52.105  INFO   57 --- [           main] org.apache.spark.internal.Logging        : BlockManagerMasterEndpoint up
2022-06-25 17:46:52.105  INFO   57 --- [           main] org.apache.spark.internal.Logging        : Registering BlockManagerMasterHeartbeat
2022-06-25 17:46:52.136  INFO   57 --- [           main] org.apache.spark.internal.Logging        : Created local directory at C:\Users\Wael Hamdi\AppData\Local\Temp\blockmgr-5cda0bbf-2cf3-480a-b696-6d500c87583f
2022-06-25 17:46:52.167  INFO   57 --- [           main] org.apache.spark.internal.Logging        : MemoryStore started with capacity 897.6 MiB
2022-06-25 17:46:52.199  INFO   57 --- [           main] org.apache.spark.internal.Logging        : Registering OutputCommitCoordinator
2022-06-25 17:46:52.301  INFO  170 --- [           main] org.sparkproject.jetty.util.log.Log      : Logging initialized @6130ms to org.sparkproject.jetty.util.log.Slf4jLog
2022-06-25 17:46:52.416  INFO  375 --- [           main] org.sparkproject.jetty.server.Server     : jetty-9.4.43.v20210629; built: 2021-06-30T11:07:22.254Z; git: 526006ecfa3af7f1a27ef3a288e2bef7ea9dd7e8; jvm 1.8.0_301-b09
2022-06-25 17:46:52.451  INFO  415 --- [           main] org.sparkproject.jetty.server.Server     : Started @6269ms
2022-06-25 17:46:52.498  INFO  331 --- [           main] rkproject.jetty.server.AbstractConnector : Started ServerConnector@64da2a7{HTTP/1.1, (http/1.1)}{0.0.0.0:4040}
2022-06-25 17:46:52.498  INFO   57 --- [           main] org.apache.spark.internal.Logging        : Successfully started service 'SparkUI' on port 4040.
2022-06-25 17:46:52.529  INFO  915 --- [           main] ject.jetty.server.handler.ContextHandler : Started o.s.j.s.ServletContextHandler@61d9efe0{/jobs,null,AVAILABLE,@Spark}
2022-06-25 17:46:52.529  INFO  915 --- [           main] ject.jetty.server.handler.ContextHandler : Started o.s.j.s.ServletContextHandler@3574e198{/jobs/json,null,AVAILABLE,@Spark}
2022-06-25 17:46:52.529  INFO  915 --- [           main] ject.jetty.server.handler.ContextHandler : Started o.s.j.s.ServletContextHandler@db44aa2{/jobs/job,null,AVAILABLE,@Spark}
2022-06-25 17:46:52.544  INFO  915 --- [           main] ject.jetty.server.handler.ContextHandler : Started o.s.j.s.ServletContextHandler@61a002b1{/jobs/job/json,null,AVAILABLE,@Spark}
2022-06-25 17:46:52.544  INFO  915 --- [           main] ject.jetty.server.handler.ContextHandler : Started o.s.j.s.ServletContextHandler@780ec4a5{/stages,null,AVAILABLE,@Spark}
2022-06-25 17:46:52.544  INFO  915 --- [           main] ject.jetty.server.handler.ContextHandler : Started o.s.j.s.ServletContextHandler@6f70f32f{/stages/json,null,AVAILABLE,@Spark}
2022-06-25 17:46:52.544  INFO  915 --- [           main] ject.jetty.server.handler.ContextHandler : Started o.s.j.s.ServletContextHandler@5aabbb29{/stages/stage,null,AVAILABLE,@Spark}
2022-06-25 17:46:52.544  INFO  915 --- [           main] ject.jetty.server.handler.ContextHandler : Started o.s.j.s.ServletContextHandler@3aa3193a{/stages/stage/json,null,AVAILABLE,@Spark}
2022-06-25 17:46:52.544  INFO  915 --- [           main] ject.jetty.server.handler.ContextHandler : Started o.s.j.s.ServletContextHandler@59a67c3a{/stages/pool,null,AVAILABLE,@Spark}
2022-06-25 17:46:52.544  INFO  915 --- [           main] ject.jetty.server.handler.ContextHandler : Started o.s.j.s.ServletContextHandler@724bade8{/stages/pool/json,null,AVAILABLE,@Spark}
2022-06-25 17:46:52.544  INFO  915 --- [           main] ject.jetty.server.handler.ContextHandler : Started o.s.j.s.ServletContextHandler@6bc248ed{/storage,null,AVAILABLE,@Spark}
2022-06-25 17:46:52.544  INFO  915 --- [           main] ject.jetty.server.handler.ContextHandler : Started o.s.j.s.ServletContextHandler@ca27722{/storage/json,null,AVAILABLE,@Spark}
2022-06-25 17:46:52.544  INFO  915 --- [           main] ject.jetty.server.handler.ContextHandler : Started o.s.j.s.ServletContextHandler@9573b3b{/storage/rdd,null,AVAILABLE,@Spark}
2022-06-25 17:46:52.544  INFO  915 --- [           main] ject.jetty.server.handler.ContextHandler : Started o.s.j.s.ServletContextHandler@78461bc4{/storage/rdd/json,null,AVAILABLE,@Spark}
2022-06-25 17:46:52.544  INFO  915 --- [           main] ject.jetty.server.handler.ContextHandler : Started o.s.j.s.ServletContextHandler@64f857e7{/environment,null,AVAILABLE,@Spark}
2022-06-25 17:46:52.560  INFO  915 --- [           main] ject.jetty.server.handler.ContextHandler : Started o.s.j.s.ServletContextHandler@58c540cf{/environment/json,null,AVAILABLE,@Spark}
2022-06-25 17:46:52.560  INFO  915 --- [           main] ject.jetty.server.handler.ContextHandler : Started o.s.j.s.ServletContextHandler@1b822fcc{/executors,null,AVAILABLE,@Spark}
2022-06-25 17:46:52.560  INFO  915 --- [           main] ject.jetty.server.handler.ContextHandler : Started o.s.j.s.ServletContextHandler@56102e1c{/executors/json,null,AVAILABLE,@Spark}
2022-06-25 17:46:52.560  INFO  915 --- [           main] ject.jetty.server.handler.ContextHandler : Started o.s.j.s.ServletContextHandler@7927bd9f{/executors/threadDump,null,AVAILABLE,@Spark}
2022-06-25 17:46:52.560  INFO  915 --- [           main] ject.jetty.server.handler.ContextHandler : Started o.s.j.s.ServletContextHandler@410954b{/executors/threadDump/json,null,AVAILABLE,@Spark}
2022-06-25 17:46:52.573  INFO  915 --- [           main] ject.jetty.server.handler.ContextHandler : Started o.s.j.s.ServletContextHandler@3b366632{/static,null,AVAILABLE,@Spark}
2022-06-25 17:46:52.573  INFO  915 --- [           main] ject.jetty.server.handler.ContextHandler : Started o.s.j.s.ServletContextHandler@42257bdd{/,null,AVAILABLE,@Spark}
2022-06-25 17:46:52.573  INFO  915 --- [           main] ject.jetty.server.handler.ContextHandler : Started o.s.j.s.ServletContextHandler@687a762c{/api,null,AVAILABLE,@Spark}
2022-06-25 17:46:52.573  INFO  915 --- [           main] ject.jetty.server.handler.ContextHandler : Started o.s.j.s.ServletContextHandler@1b9ea3e3{/jobs/job/kill,null,AVAILABLE,@Spark}
2022-06-25 17:46:52.573  INFO  915 --- [           main] ject.jetty.server.handler.ContextHandler : Started o.s.j.s.ServletContextHandler@55e7a35c{/stages/stage/kill,null,AVAILABLE,@Spark}
2022-06-25 17:46:52.573  INFO   57 --- [           main] org.apache.spark.internal.Logging        : Bound SparkUI to 0.0.0.0, and started at http://host.docker.internal:4040
2022-06-25 17:46:52.860  INFO   57 --- [           main] org.apache.spark.internal.Logging        : Starting executor ID driver on host host.docker.internal
2022-06-25 17:46:52.915  INFO   57 --- [           main] org.apache.spark.internal.Logging        : Successfully started service 'org.apache.spark.network.netty.NettyBlockTransferService' on port 60491.
2022-06-25 17:46:52.915  INFO   82 --- [           main] .network.netty.NettyBlockTransferService : Server created on host.docker.internal:60491
2022-06-25 17:46:52.915  INFO   57 --- [           main] org.apache.spark.internal.Logging        : Using org.apache.spark.storage.RandomBlockReplicationPolicy for block replication policy
2022-06-25 17:46:52.931  INFO   57 --- [           main] org.apache.spark.internal.Logging        : Registering BlockManager BlockManagerId(driver, host.docker.internal, 60491, None)
2022-06-25 17:46:52.931  INFO   57 --- [ckManagerMaster] org.apache.spark.internal.Logging        : Registering block manager host.docker.internal:60491 with 897.6 MiB RAM, BlockManagerId(driver, host.docker.internal, 60491, None)
2022-06-25 17:46:52.947  INFO   57 --- [           main] org.apache.spark.internal.Logging        : Registered BlockManager BlockManagerId(driver, host.docker.internal, 60491, None)
2022-06-25 17:46:52.947  INFO   57 --- [           main] org.apache.spark.internal.Logging        : Initialized BlockManager: BlockManagerId(driver, host.docker.internal, 60491, None)
2022-06-25 17:46:53.233  INFO  915 --- [           main] ject.jetty.server.handler.ContextHandler : Started o.s.j.s.ServletContextHandler@28cb9120{/metrics/json,null,AVAILABLE,@Spark}
2022-06-25 17:46:54.006  INFO   57 --- [streaming-start] org.apache.spark.internal.Logging        : Starting 1 receivers
2022-06-25 17:46:54.006  INFO   57 --- [streaming-start] org.apache.spark.internal.Logging        : ReceiverTracker started
2022-06-25 17:46:54.022  INFO   57 --- [streaming-start] org.apache.spark.internal.Logging        : Slide time = 5000 ms
2022-06-25 17:46:54.022  INFO   57 --- [streaming-start] org.apache.spark.internal.Logging        : Storage level = Serialized 1x Replicated
2022-06-25 17:46:54.022  INFO   57 --- [streaming-start] org.apache.spark.internal.Logging        : Checkpoint interval = null
2022-06-25 17:46:54.022  INFO   57 --- [streaming-start] org.apache.spark.internal.Logging        : Remember interval = 5000 ms
2022-06-25 17:46:54.022  INFO   57 --- [streaming-start] org.apache.spark.internal.Logging        : Initialized and validated org.apache.spark.streaming.dstream.PluggableInputDStream@3835274d
2022-06-25 17:46:54.022  INFO   57 --- [streaming-start] org.apache.spark.internal.Logging        : Slide time = 5000 ms
2022-06-25 17:46:54.022  INFO   57 --- [streaming-start] org.apache.spark.internal.Logging        : Storage level = Serialized 1x Replicated
2022-06-25 17:46:54.022  INFO   57 --- [streaming-start] org.apache.spark.internal.Logging        : Checkpoint interval = null
2022-06-25 17:46:54.022  INFO   57 --- [streaming-start] org.apache.spark.internal.Logging        : Remember interval = 5000 ms
2022-06-25 17:46:54.022  INFO   57 --- [streaming-start] org.apache.spark.internal.Logging        : Initialized and validated org.apache.spark.streaming.dstream.MappedDStream@177f5c8a
2022-06-25 17:46:54.022  INFO   57 --- [streaming-start] org.apache.spark.internal.Logging        : Slide time = 5000 ms
2022-06-25 17:46:54.022  INFO   57 --- [streaming-start] org.apache.spark.internal.Logging        : Storage level = Serialized 1x Replicated
2022-06-25 17:46:54.022  INFO   57 --- [streaming-start] org.apache.spark.internal.Logging        : Checkpoint interval = null
2022-06-25 17:46:54.022  INFO   57 --- [streaming-start] org.apache.spark.internal.Logging        : Remember interval = 5000 ms
2022-06-25 17:46:54.022  INFO   57 --- [streaming-start] org.apache.spark.internal.Logging        : Initialized and validated org.apache.spark.streaming.dstream.ForEachDStream@57306de
2022-06-25 17:46:54.022  INFO   57 --- [streaming-start] org.apache.spark.internal.Logging        : Slide time = 5000 ms
2022-06-25 17:46:54.022  INFO   57 --- [streaming-start] org.apache.spark.internal.Logging        : Storage level = Serialized 1x Replicated
2022-06-25 17:46:54.022  INFO   57 --- [streaming-start] org.apache.spark.internal.Logging        : Checkpoint interval = null
2022-06-25 17:46:54.022  INFO   57 --- [streaming-start] org.apache.spark.internal.Logging        : Remember interval = 5000 ms
2022-06-25 17:46:54.022  INFO   57 --- [streaming-start] org.apache.spark.internal.Logging        : Initialized and validated org.apache.spark.streaming.dstream.PluggableInputDStream@3835274d
2022-06-25 17:46:54.022  INFO   57 --- [streaming-start] org.apache.spark.internal.Logging        : Slide time = 5000 ms
2022-06-25 17:46:54.022  INFO   57 --- [streaming-start] org.apache.spark.internal.Logging        : Storage level = Serialized 1x Replicated
2022-06-25 17:46:54.022  INFO   57 --- [streaming-start] org.apache.spark.internal.Logging        : Checkpoint interval = null
2022-06-25 17:46:54.022  INFO   57 --- [streaming-start] org.apache.spark.internal.Logging        : Remember interval = 5000 ms
2022-06-25 17:46:54.022  INFO   57 --- [streaming-start] org.apache.spark.internal.Logging        : Initialized and validated org.apache.spark.streaming.dstream.MappedDStream@177f5c8a
2022-06-25 17:46:54.022  INFO   57 --- [streaming-start] org.apache.spark.internal.Logging        : Slide time = 5000 ms
2022-06-25 17:46:54.022  INFO   57 --- [streaming-start] org.apache.spark.internal.Logging        : Storage level = Serialized 1x Replicated
2022-06-25 17:46:54.022  INFO   57 --- [streaming-start] org.apache.spark.internal.Logging        : Checkpoint interval = null
2022-06-25 17:46:54.022  INFO   57 --- [streaming-start] org.apache.spark.internal.Logging        : Remember interval = 5000 ms
2022-06-25 17:46:54.022  INFO   57 --- [streaming-start] org.apache.spark.internal.Logging        : Initialized and validated org.apache.spark.streaming.dstream.ForEachDStream@5932d3b9
2022-06-25 17:46:54.151  INFO   57 --- [streaming-start] org.apache.spark.internal.Logging        : Started timer for JobGenerator at time 1656175615000
2022-06-25 17:46:54.151  INFO   57 --- [streaming-start] org.apache.spark.internal.Logging        : Started JobGenerator at 1656175615000 ms
2022-06-25 17:46:54.151  INFO   57 --- [streaming-start] org.apache.spark.internal.Logging        : Started JobScheduler
2022-06-25 17:46:54.161  INFO   57 --- [er-event-loop-3] org.apache.spark.internal.Logging        : Receiver 0 started
2022-06-25 17:46:54.179  INFO  915 --- [           main] ject.jetty.server.handler.ContextHandler : Started o.s.j.s.ServletContextHandler@692fd26{/streaming,null,AVAILABLE,@Spark}
2022-06-25 17:46:54.180  INFO  915 --- [           main] ject.jetty.server.handler.ContextHandler : Started o.s.j.s.ServletContextHandler@56d93692{/streaming/json,null,AVAILABLE,@Spark}
2022-06-25 17:46:54.184  INFO   57 --- [uler-event-loop] org.apache.spark.internal.Logging        : Got job 0 (start at Application.java:178) with 1 output partitions
2022-06-25 17:46:54.186  INFO   57 --- [uler-event-loop] org.apache.spark.internal.Logging        : Final stage: ResultStage 0 (start at Application.java:178)
2022-06-25 17:46:54.187  INFO  915 --- [           main] ject.jetty.server.handler.ContextHandler : Started o.s.j.s.ServletContextHandler@7d0614f{/streaming/batch,null,AVAILABLE,@Spark}
2022-06-25 17:46:54.187  INFO   57 --- [uler-event-loop] org.apache.spark.internal.Logging        : Parents of final stage: List()
2022-06-25 17:46:54.188  INFO  915 --- [           main] ject.jetty.server.handler.ContextHandler : Started o.s.j.s.ServletContextHandler@5c10285a{/streaming/batch/json,null,AVAILABLE,@Spark}
2022-06-25 17:46:54.190  INFO   57 --- [uler-event-loop] org.apache.spark.internal.Logging        : Missing parents: List()
2022-06-25 17:46:54.191  INFO  915 --- [           main] ject.jetty.server.handler.ContextHandler : Started o.s.j.s.ServletContextHandler@3cec79d3{/static/streaming,null,AVAILABLE,@Spark}
2022-06-25 17:46:54.192  INFO   57 --- [           main] org.apache.spark.internal.Logging        : StreamingContext started
2022-06-25 17:46:54.198  INFO   57 --- [uler-event-loop] org.apache.spark.internal.Logging        : Submitting ResultStage 0 (Receiver 0 ParallelCollectionRDD[0] at makeRDD at ReceiverTracker.scala:609), which has no missing parents
2022-06-25 17:46:54.432  INFO   57 --- [uler-event-loop] org.apache.spark.internal.Logging        : Block broadcast_0 stored as values in memory (estimated size 97.5 KiB, free 897.5 MiB)
2022-06-25 17:46:54.784  INFO   57 --- [uler-event-loop] org.apache.spark.internal.Logging        : Block broadcast_0_piece0 stored as bytes in memory (estimated size 34.2 KiB, free 897.5 MiB)
2022-06-25 17:46:54.788  INFO   57 --- [ckManagerMaster] org.apache.spark.internal.Logging        : Added broadcast_0_piece0 in memory on host.docker.internal:60491 (size: 34.2 KiB, free: 897.6 MiB)
2022-06-25 17:46:54.793  INFO   57 --- [uler-event-loop] org.apache.spark.internal.Logging        : Created broadcast 0 from broadcast at DAGScheduler.scala:1478
2022-06-25 17:46:54.812  INFO   57 --- [uler-event-loop] org.apache.spark.internal.Logging        : Submitting 1 missing tasks from ResultStage 0 (Receiver 0 ParallelCollectionRDD[0] at makeRDD at ReceiverTracker.scala:609) (first 15 tasks are for partitions Vector(0))
2022-06-25 17:46:54.814  INFO   57 --- [uler-event-loop] org.apache.spark.internal.Logging        : Adding task set 0.0 with 1 tasks resource profile 0
2022-06-25 17:46:54.908  INFO   57 --- [er-event-loop-0] org.apache.spark.internal.Logging        : Starting task 0.0 in stage 0.0 (TID 0) (host.docker.internal, executor driver, partition 0, PROCESS_LOCAL, 6218 bytes) taskResourceAssignments Map()
2022-06-25 17:46:54.936  INFO   57 --- [age 0.0 (TID 0)] org.apache.spark.internal.Logging        : Running task 0.0 in stage 0.0 (TID 0)
2022-06-25 17:46:55.115  INFO   57 --- [   JobGenerator] org.apache.spark.internal.Logging        : Added jobs for time 1656175615000 ms
2022-06-25 17:46:55.134  INFO   57 --- [   JobScheduler] org.apache.spark.internal.Logging        : Starting job streaming job 1656175615000 ms.0 from job set of time 1656175615000 ms
2022-06-25 17:46:55.198  WARN   69 --- [-job-executor-0] org.apache.spark.internal.Logging        : Using an existing SparkContext; some configuration may not take effect.
2022-06-25 17:46:55.338  INFO   57 --- [age 0.0 (TID 0)] org.apache.spark.internal.Logging        : Started timer for BlockGenerator at time 1656175615400
2022-06-25 17:46:55.342  INFO   57 --- [age 0.0 (TID 0)] org.apache.spark.internal.Logging        : Started BlockGenerator
2022-06-25 17:46:55.355  INFO   57 --- [er-event-loop-0] org.apache.spark.internal.Logging        : Registered receiver for stream 0 from host.docker.internal:60466
2022-06-25 17:46:55.372  INFO   57 --- [      Thread-14] org.apache.spark.internal.Logging        : Started block pushing thread
2022-06-25 17:46:55.377  INFO   57 --- [age 0.0 (TID 0)] org.apache.spark.internal.Logging        : Starting receiver 0
2022-06-25 17:46:55.382  INFO   57 --- [age 0.0 (TID 0)] org.apache.spark.internal.Logging        : Called receiver 0 onStart
2022-06-25 17:46:55.383  INFO   57 --- [age 0.0 (TID 0)] org.apache.spark.internal.Logging        : Waiting for receiver to be stopped
2022-06-25 17:46:56.129  INFO   57 --- [-job-executor-0] org.apache.spark.internal.Logging        : Setting hive.metastore.warehouse.dir ('null') to the value of spark.sql.warehouse.dir.
2022-06-25 17:46:57.174  INFO   57 --- [-job-executor-0] org.apache.spark.internal.Logging        : Warehouse path is 'file:/C:/IntelliJProjects/NifiSparkStreaming/spark-warehouse'.
2022-06-25 17:46:57.192  INFO  915 --- [-job-executor-0] ject.jetty.server.handler.ContextHandler : Started o.s.j.s.ServletContextHandler@966bbef{/SQL,null,AVAILABLE,@Spark}
2022-06-25 17:46:57.194  INFO  915 --- [-job-executor-0] ject.jetty.server.handler.ContextHandler : Started o.s.j.s.ServletContextHandler@4abc7d58{/SQL/json,null,AVAILABLE,@Spark}
2022-06-25 17:46:57.195  INFO  915 --- [-job-executor-0] ject.jetty.server.handler.ContextHandler : Started o.s.j.s.ServletContextHandler@7be11080{/SQL/execution,null,AVAILABLE,@Spark}
2022-06-25 17:46:57.197  INFO  915 --- [-job-executor-0] ject.jetty.server.handler.ContextHandler : Started o.s.j.s.ServletContextHandler@3aa9b2ac{/SQL/execution/json,null,AVAILABLE,@Spark}
2022-06-25 17:46:57.199  INFO  915 --- [-job-executor-0] ject.jetty.server.handler.ContextHandler : Started o.s.j.s.ServletContextHandler@11493eb1{/static/sql,null,AVAILABLE,@Spark}
2022-06-25 17:46:59.412  INFO  571 --- [ool Maintenance] g.apache.nifi.remote.client.PeerSelector : Successfully refreshed peer status cache; remote group consists of 1 peers
2022-06-25 17:46:59.422  INFO  571 --- [  NiFi Receiver] g.apache.nifi.remote.client.PeerSelector : Successfully refreshed peer status cache; remote group consists of 1 peers
2022-06-25 17:46:59.659  INFO   57 --- [  NiFi Receiver] org.apache.spark.internal.Logging        : Block input-0-1656175615322 stored as values in memory (estimated size 503.2 KiB, free 897.0 MiB)
2022-06-25 17:46:59.661  INFO   57 --- [ckManagerMaster] org.apache.spark.internal.Logging        : Added input-0-1656175615322 in memory on host.docker.internal:60491 (size: 503.2 KiB, free: 897.1 MiB)
2022-06-25 17:47:00.010  INFO   57 --- [   JobGenerator] org.apache.spark.internal.Logging        : Added jobs for time 1656175620000 ms
2022-06-25 17:47:03.094  INFO   57 --- [-job-executor-0] org.apache.spark.internal.Logging        : Code generated in 387.29 ms
2022-06-25 17:47:03.130  INFO   57 --- [   JobScheduler] org.apache.spark.internal.Logging        : Finished job streaming job 1656175615000 ms.0 from job set of time 1656175615000 ms
2022-06-25 17:47:03.134  INFO   57 --- [   JobScheduler] org.apache.spark.internal.Logging        : Starting job streaming job 1656175615000 ms.1 from job set of time 1656175615000 ms
2022-06-25 17:47:03.137  INFO   57 --- [   JobScheduler] org.apache.spark.internal.Logging        : Finished job streaming job 1656175615000 ms.1 from job set of time 1656175615000 ms
2022-06-25 17:47:03.142  INFO   57 --- [   JobScheduler] org.apache.spark.internal.Logging        : Total delay: 8.137 s for time 1656175615000 ms (execution: 8.006 s)
2022-06-25 17:47:03.145  INFO   57 --- [   JobScheduler] org.apache.spark.internal.Logging        : Starting job streaming job 1656175620000 ms.0 from job set of time 1656175620000 ms
2022-06-25 17:47:03.147  INFO   57 --- [   JobGenerator] org.apache.spark.internal.Logging        : Deleting batches: 
2022-06-25 17:47:03.152  INFO   57 --- [   JobGenerator] org.apache.spark.internal.Logging        : remove old batch metadata: 
2022-06-25 17:47:03.155  WARN   69 --- [-job-executor-0] org.apache.spark.internal.Logging        : Using an existing SparkSession; the static sql configurations will not take effect.
2022-06-25 17:47:03.155  WARN   69 --- [-job-executor-0] org.apache.spark.internal.Logging        : Using an existing SparkSession; some spark core configurations may not take effect.
2022-06-25 17:47:03.267  INFO   57 --- [-job-executor-0] org.apache.spark.internal.Logging        : Starting job: show at Application.java:145
2022-06-25 17:47:03.270  INFO   57 --- [uler-event-loop] org.apache.spark.internal.Logging        : Got job 1 (show at Application.java:145) with 1 output partitions
2022-06-25 17:47:03.270  INFO   57 --- [uler-event-loop] org.apache.spark.internal.Logging        : Final stage: ResultStage 1 (show at Application.java:145)
2022-06-25 17:47:03.270  INFO   57 --- [uler-event-loop] org.apache.spark.internal.Logging        : Parents of final stage: List()
2022-06-25 17:47:03.271  INFO   57 --- [uler-event-loop] org.apache.spark.internal.Logging        : Missing parents: List()
2022-06-25 17:47:03.274  INFO   57 --- [uler-event-loop] org.apache.spark.internal.Logging        : Submitting ResultStage 1 (MapPartitionsRDD[12] at show at Application.java:145), which has no missing parents
2022-06-25 17:47:03.306  INFO   57 --- [uler-event-loop] org.apache.spark.internal.Logging        : Block broadcast_1 stored as values in memory (estimated size 19.0 KiB, free 897.0 MiB)
2022-06-25 17:47:03.315  INFO   57 --- [uler-event-loop] org.apache.spark.internal.Logging        : Block broadcast_1_piece0 stored as bytes in memory (estimated size 7.3 KiB, free 897.0 MiB)
2022-06-25 17:47:03.320  INFO   57 --- [ckManagerMaster] org.apache.spark.internal.Logging        : Added broadcast_1_piece0 in memory on host.docker.internal:60491 (size: 7.3 KiB, free: 897.1 MiB)
2022-06-25 17:47:03.321  INFO   57 --- [uler-event-loop] org.apache.spark.internal.Logging        : Created broadcast 1 from broadcast at DAGScheduler.scala:1478
2022-06-25 17:47:03.322  INFO   57 --- [uler-event-loop] org.apache.spark.internal.Logging        : Submitting 1 missing tasks from ResultStage 1 (MapPartitionsRDD[12] at show at Application.java:145) (first 15 tasks are for partitions Vector(0))
2022-06-25 17:47:03.322  INFO   57 --- [uler-event-loop] org.apache.spark.internal.Logging        : Adding task set 1.0 with 1 tasks resource profile 0
2022-06-25 17:47:03.329  INFO   57 --- [er-event-loop-2] org.apache.spark.internal.Logging        : Starting task 0.0 in stage 1.0 (TID 1) (host.docker.internal, executor driver, partition 0, PROCESS_LOCAL, 4394 bytes) taskResourceAssignments Map()
2022-06-25 17:47:03.336  INFO   57 --- [age 1.0 (TID 1)] org.apache.spark.internal.Logging        : Running task 0.0 in stage 1.0 (TID 1)
2022-06-25 17:47:03.599  INFO   57 --- [age 1.0 (TID 1)] org.apache.spark.internal.Logging        : Found block input-0-1656175615322 locally
2022-06-25 17:47:03.794  ERROR   94 --- [age 1.0 (TID 1)] org.apache.spark.internal.Logging        : Exception in task 0.0 in stage 1.0 (TID 1)
java.lang.IllegalArgumentException: The value (com.elite.cdr.validator.Asn1Classes.Cdr@35d9bcfb) of the type (com.elite.cdr.validator.Asn1Classes.Cdr) cannot be converted to struct<answerTime:string,callType:string,calledNumber:string,callingNumber:string,imei:string,imsi:string,location:string,mscIncoming:string,mscOutgoing:string,msisdn:string>
	at org.apache.spark.sql.catalyst.CatalystTypeConverters$StructConverter.toCatalystImpl(CatalystTypeConverters.scala:274)
	at org.apache.spark.sql.catalyst.CatalystTypeConverters$StructConverter.toCatalystImpl(CatalystTypeConverters.scala:248)
	at org.apache.spark.sql.catalyst.CatalystTypeConverters$CatalystTypeConverter.toCatalyst(CatalystTypeConverters.scala:113)
	at org.apache.spark.sql.catalyst.CatalystTypeConverters$ArrayConverter.toCatalystImpl(CatalystTypeConverters.scala:180)
	at org.apache.spark.sql.catalyst.CatalystTypeConverters$ArrayConverter.toCatalystImpl(CatalystTypeConverters.scala:164)
	at org.apache.spark.sql.catalyst.CatalystTypeConverters$CatalystTypeConverter.toCatalyst(CatalystTypeConverters.scala:113)
	at org.apache.spark.sql.catalyst.CatalystTypeConverters$.$anonfun$createToCatalystConverter$2(CatalystTypeConverters.scala:485)
	at org.apache.spark.sql.SQLContext$.$anonfun$beansToRows$3(SQLContext.scala:1071)
	at scala.collection.TraversableLike.$anonfun$map$1(TraversableLike.scala:286)
	at scala.collection.IndexedSeqOptimized.foreach(IndexedSeqOptimized.scala:36)
	at scala.collection.IndexedSeqOptimized.foreach$(IndexedSeqOptimized.scala:33)
	at scala.collection.mutable.ArrayOps$ofRef.foreach(ArrayOps.scala:198)
	at scala.collection.TraversableLike.map(TraversableLike.scala:286)
	at scala.collection.TraversableLike.map$(TraversableLike.scala:279)
	at scala.collection.mutable.ArrayOps$ofRef.map(ArrayOps.scala:198)
	at org.apache.spark.sql.SQLContext$.$anonfun$beansToRows$2(SQLContext.scala:1070)
	at scala.collection.Iterator$$anon$10.next(Iterator.scala:461)
	at org.apache.spark.sql.catalyst.expressions.GeneratedClass$GeneratedIteratorForCodegenStage1.processNext(Unknown Source)
	at org.apache.spark.sql.execution.BufferedRowIterator.hasNext(BufferedRowIterator.java:43)
	at org.apache.spark.sql.execution.WholeStageCodegenExec$$anon$1.hasNext(WholeStageCodegenExec.scala:759)
	at org.apache.spark.sql.execution.SparkPlan.$anonfun$getByteArrayRdd$1(SparkPlan.scala:349)
	at org.apache.spark.rdd.RDD.$anonfun$mapPartitionsInternal$2(RDD.scala:898)
	at org.apache.spark.rdd.RDD.$anonfun$mapPartitionsInternal$2$adapted(RDD.scala:898)
	at org.apache.spark.rdd.MapPartitionsRDD.compute(MapPartitionsRDD.scala:52)
	at org.apache.spark.rdd.RDD.computeOrReadCheckpoint(RDD.scala:373)
	at org.apache.spark.rdd.RDD.iterator(RDD.scala:337)
	at org.apache.spark.scheduler.ResultTask.runTask(ResultTask.scala:90)
	at org.apache.spark.scheduler.Task.run(Task.scala:131)
	at org.apache.spark.executor.Executor$TaskRunner.$anonfun$run$3(Executor.scala:506)
	at org.apache.spark.util.Utils$.tryWithSafeFinally(Utils.scala:1462)
	at org.apache.spark.executor.Executor$TaskRunner.run(Executor.scala:509)
	at java.util.concurrent.ThreadPoolExecutor.runWorker(ThreadPoolExecutor.java:1149)
	at java.util.concurrent.ThreadPoolExecutor$Worker.run(ThreadPoolExecutor.java:624)
	at java.lang.Thread.run(Thread.java:748)
2022-06-25 17:47:03.858  WARN   69 --- [result-getter-0] org.apache.spark.internal.Logging        : Lost task 0.0 in stage 1.0 (TID 1) (host.docker.internal executor driver): java.lang.IllegalArgumentException: The value (com.elite.cdr.validator.Asn1Classes.Cdr@35d9bcfb) of the type (com.elite.cdr.validator.Asn1Classes.Cdr) cannot be converted to struct<answerTime:string,callType:string,calledNumber:string,callingNumber:string,imei:string,imsi:string,location:string,mscIncoming:string,mscOutgoing:string,msisdn:string>
	at org.apache.spark.sql.catalyst.CatalystTypeConverters$StructConverter.toCatalystImpl(CatalystTypeConverters.scala:274)
	at org.apache.spark.sql.catalyst.CatalystTypeConverters$StructConverter.toCatalystImpl(CatalystTypeConverters.scala:248)
	at org.apache.spark.sql.catalyst.CatalystTypeConverters$CatalystTypeConverter.toCatalyst(CatalystTypeConverters.scala:113)
	at org.apache.spark.sql.catalyst.CatalystTypeConverters$ArrayConverter.toCatalystImpl(CatalystTypeConverters.scala:180)
	at org.apache.spark.sql.catalyst.CatalystTypeConverters$ArrayConverter.toCatalystImpl(CatalystTypeConverters.scala:164)
	at org.apache.spark.sql.catalyst.CatalystTypeConverters$CatalystTypeConverter.toCatalyst(CatalystTypeConverters.scala:113)
	at org.apache.spark.sql.catalyst.CatalystTypeConverters$.$anonfun$createToCatalystConverter$2(CatalystTypeConverters.scala:485)
	at org.apache.spark.sql.SQLContext$.$anonfun$beansToRows$3(SQLContext.scala:1071)
	at scala.collection.TraversableLike.$anonfun$map$1(TraversableLike.scala:286)
	at scala.collection.IndexedSeqOptimized.foreach(IndexedSeqOptimized.scala:36)
	at scala.collection.IndexedSeqOptimized.foreach$(IndexedSeqOptimized.scala:33)
	at scala.collection.mutable.ArrayOps$ofRef.foreach(ArrayOps.scala:198)
	at scala.collection.TraversableLike.map(TraversableLike.scala:286)
	at scala.collection.TraversableLike.map$(TraversableLike.scala:279)
	at scala.collection.mutable.ArrayOps$ofRef.map(ArrayOps.scala:198)
	at org.apache.spark.sql.SQLContext$.$anonfun$beansToRows$2(SQLContext.scala:1070)
	at scala.collection.Iterator$$anon$10.next(Iterator.scala:461)
	at org.apache.spark.sql.catalyst.expressions.GeneratedClass$GeneratedIteratorForCodegenStage1.processNext(Unknown Source)
	at org.apache.spark.sql.execution.BufferedRowIterator.hasNext(BufferedRowIterator.java:43)
	at org.apache.spark.sql.execution.WholeStageCodegenExec$$anon$1.hasNext(WholeStageCodegenExec.scala:759)
	at org.apache.spark.sql.execution.SparkPlan.$anonfun$getByteArrayRdd$1(SparkPlan.scala:349)
	at org.apache.spark.rdd.RDD.$anonfun$mapPartitionsInternal$2(RDD.scala:898)
	at org.apache.spark.rdd.RDD.$anonfun$mapPartitionsInternal$2$adapted(RDD.scala:898)
	at org.apache.spark.rdd.MapPartitionsRDD.compute(MapPartitionsRDD.scala:52)
	at org.apache.spark.rdd.RDD.computeOrReadCheckpoint(RDD.scala:373)
	at org.apache.spark.rdd.RDD.iterator(RDD.scala:337)
	at org.apache.spark.scheduler.ResultTask.runTask(ResultTask.scala:90)
	at org.apache.spark.scheduler.Task.run(Task.scala:131)
	at org.apache.spark.executor.Executor$TaskRunner.$anonfun$run$3(Executor.scala:506)
	at org.apache.spark.util.Utils$.tryWithSafeFinally(Utils.scala:1462)
	at org.apache.spark.executor.Executor$TaskRunner.run(Executor.scala:509)
	at java.util.concurrent.ThreadPoolExecutor.runWorker(ThreadPoolExecutor.java:1149)
	at java.util.concurrent.ThreadPoolExecutor$Worker.run(ThreadPoolExecutor.java:624)
	at java.lang.Thread.run(Thread.java:748)

2022-06-25 17:47:03.862  ERROR   73 --- [result-getter-0] org.apache.spark.internal.Logging        : Task 0 in stage 1.0 failed 1 times; aborting job
2022-06-25 17:47:03.865  INFO   57 --- [result-getter-0] org.apache.spark.internal.Logging        : Removed TaskSet 1.0, whose tasks have all completed, from pool 
2022-06-25 17:47:03.894  INFO   57 --- [uler-event-loop] org.apache.spark.internal.Logging        : Cancelling stage 1
2022-06-25 17:47:03.896  INFO   57 --- [uler-event-loop] org.apache.spark.internal.Logging        : Killing all running tasks in stage 1: Stage cancelled
2022-06-25 17:47:03.899  INFO   57 --- [uler-event-loop] org.apache.spark.internal.Logging        : ResultStage 1 (show at Application.java:145) failed in 0.613 s due to Job aborted due to stage failure: Task 0 in stage 1.0 failed 1 times, most recent failure: Lost task 0.0 in stage 1.0 (TID 1) (host.docker.internal executor driver): java.lang.IllegalArgumentException: The value (com.elite.cdr.validator.Asn1Classes.Cdr@35d9bcfb) of the type (com.elite.cdr.validator.Asn1Classes.Cdr) cannot be converted to struct<answerTime:string,callType:string,calledNumber:string,callingNumber:string,imei:string,imsi:string,location:string,mscIncoming:string,mscOutgoing:string,msisdn:string>
	at org.apache.spark.sql.catalyst.CatalystTypeConverters$StructConverter.toCatalystImpl(CatalystTypeConverters.scala:274)
	at org.apache.spark.sql.catalyst.CatalystTypeConverters$StructConverter.toCatalystImpl(CatalystTypeConverters.scala:248)
	at org.apache.spark.sql.catalyst.CatalystTypeConverters$CatalystTypeConverter.toCatalyst(CatalystTypeConverters.scala:113)
	at org.apache.spark.sql.catalyst.CatalystTypeConverters$ArrayConverter.toCatalystImpl(CatalystTypeConverters.scala:180)
	at org.apache.spark.sql.catalyst.CatalystTypeConverters$ArrayConverter.toCatalystImpl(CatalystTypeConverters.scala:164)
	at org.apache.spark.sql.catalyst.CatalystTypeConverters$CatalystTypeConverter.toCatalyst(CatalystTypeConverters.scala:113)
	at org.apache.spark.sql.catalyst.CatalystTypeConverters$.$anonfun$createToCatalystConverter$2(CatalystTypeConverters.scala:485)
	at org.apache.spark.sql.SQLContext$.$anonfun$beansToRows$3(SQLContext.scala:1071)
	at scala.collection.TraversableLike.$anonfun$map$1(TraversableLike.scala:286)
	at scala.collection.IndexedSeqOptimized.foreach(IndexedSeqOptimized.scala:36)
	at scala.collection.IndexedSeqOptimized.foreach$(IndexedSeqOptimized.scala:33)
	at scala.collection.mutable.ArrayOps$ofRef.foreach(ArrayOps.scala:198)
	at scala.collection.TraversableLike.map(TraversableLike.scala:286)
	at scala.collection.TraversableLike.map$(TraversableLike.scala:279)
	at scala.collection.mutable.ArrayOps$ofRef.map(ArrayOps.scala:198)
	at org.apache.spark.sql.SQLContext$.$anonfun$beansToRows$2(SQLContext.scala:1070)
	at scala.collection.Iterator$$anon$10.next(Iterator.scala:461)
	at org.apache.spark.sql.catalyst.expressions.GeneratedClass$GeneratedIteratorForCodegenStage1.processNext(Unknown Source)
	at org.apache.spark.sql.execution.BufferedRowIterator.hasNext(BufferedRowIterator.java:43)
	at org.apache.spark.sql.execution.WholeStageCodegenExec$$anon$1.hasNext(WholeStageCodegenExec.scala:759)
	at org.apache.spark.sql.execution.SparkPlan.$anonfun$getByteArrayRdd$1(SparkPlan.scala:349)
	at org.apache.spark.rdd.RDD.$anonfun$mapPartitionsInternal$2(RDD.scala:898)
	at org.apache.spark.rdd.RDD.$anonfun$mapPartitionsInternal$2$adapted(RDD.scala:898)
	at org.apache.spark.rdd.MapPartitionsRDD.compute(MapPartitionsRDD.scala:52)
	at org.apache.spark.rdd.RDD.computeOrReadCheckpoint(RDD.scala:373)
	at org.apache.spark.rdd.RDD.iterator(RDD.scala:337)
	at org.apache.spark.scheduler.ResultTask.runTask(ResultTask.scala:90)
	at org.apache.spark.scheduler.Task.run(Task.scala:131)
	at org.apache.spark.executor.Executor$TaskRunner.$anonfun$run$3(Executor.scala:506)
	at org.apache.spark.util.Utils$.tryWithSafeFinally(Utils.scala:1462)
	at org.apache.spark.executor.Executor$TaskRunner.run(Executor.scala:509)
	at java.util.concurrent.ThreadPoolExecutor.runWorker(ThreadPoolExecutor.java:1149)
	at java.util.concurrent.ThreadPoolExecutor$Worker.run(ThreadPoolExecutor.java:624)
	at java.lang.Thread.run(Thread.java:748)

Driver stacktrace:
2022-06-25 17:47:03.931  INFO   57 --- [-job-executor-0] org.apache.spark.internal.Logging        : Job 1 failed: show at Application.java:145, took 0.663693 s
2022-06-25 17:47:03.945  INFO   57 --- [   JobScheduler] org.apache.spark.internal.Logging        : Finished job streaming job 1656175620000 ms.0 from job set of time 1656175620000 ms
2022-06-25 17:47:03.955  INFO   57 --- [   JobScheduler] org.apache.spark.internal.Logging        : Starting job streaming job 1656175620000 ms.1 from job set of time 1656175620000 ms
2022-06-25 17:47:03.956  ERROR   94 --- [   JobScheduler] org.apache.spark.internal.Logging        : Error running job streaming job 1656175620000 ms.0
org.apache.spark.SparkException: Job aborted due to stage failure: Task 0 in stage 1.0 failed 1 times, most recent failure: Lost task 0.0 in stage 1.0 (TID 1) (host.docker.internal executor driver): java.lang.IllegalArgumentException: The value (com.elite.cdr.validator.Asn1Classes.Cdr@35d9bcfb) of the type (com.elite.cdr.validator.Asn1Classes.Cdr) cannot be converted to struct<answerTime:string,callType:string,calledNumber:string,callingNumber:string,imei:string,imsi:string,location:string,mscIncoming:string,mscOutgoing:string,msisdn:string>
	at org.apache.spark.sql.catalyst.CatalystTypeConverters$StructConverter.toCatalystImpl(CatalystTypeConverters.scala:274)
	at org.apache.spark.sql.catalyst.CatalystTypeConverters$StructConverter.toCatalystImpl(CatalystTypeConverters.scala:248)
	at org.apache.spark.sql.catalyst.CatalystTypeConverters$CatalystTypeConverter.toCatalyst(CatalystTypeConverters.scala:113)
	at org.apache.spark.sql.catalyst.CatalystTypeConverters$ArrayConverter.toCatalystImpl(CatalystTypeConverters.scala:180)
	at org.apache.spark.sql.catalyst.CatalystTypeConverters$ArrayConverter.toCatalystImpl(CatalystTypeConverters.scala:164)
	at org.apache.spark.sql.catalyst.CatalystTypeConverters$CatalystTypeConverter.toCatalyst(CatalystTypeConverters.scala:113)
	at org.apache.spark.sql.catalyst.CatalystTypeConverters$.$anonfun$createToCatalystConverter$2(CatalystTypeConverters.scala:485)
	at org.apache.spark.sql.SQLContext$.$anonfun$beansToRows$3(SQLContext.scala:1071)
	at scala.collection.TraversableLike.$anonfun$map$1(TraversableLike.scala:286)
	at scala.collection.IndexedSeqOptimized.foreach(IndexedSeqOptimized.scala:36)
	at scala.collection.IndexedSeqOptimized.foreach$(IndexedSeqOptimized.scala:33)
	at scala.collection.mutable.ArrayOps$ofRef.foreach(ArrayOps.scala:198)
	at scala.collection.TraversableLike.map(TraversableLike.scala:286)
	at scala.collection.TraversableLike.map$(TraversableLike.scala:279)
	at scala.collection.mutable.ArrayOps$ofRef.map(ArrayOps.scala:198)
	at org.apache.spark.sql.SQLContext$.$anonfun$beansToRows$2(SQLContext.scala:1070)
	at scala.collection.Iterator$$anon$10.next(Iterator.scala:461)
	at org.apache.spark.sql.catalyst.expressions.GeneratedClass$GeneratedIteratorForCodegenStage1.processNext(Unknown Source)
	at org.apache.spark.sql.execution.BufferedRowIterator.hasNext(BufferedRowIterator.java:43)
	at org.apache.spark.sql.execution.WholeStageCodegenExec$$anon$1.hasNext(WholeStageCodegenExec.scala:759)
	at org.apache.spark.sql.execution.SparkPlan.$anonfun$getByteArrayRdd$1(SparkPlan.scala:349)
	at org.apache.spark.rdd.RDD.$anonfun$mapPartitionsInternal$2(RDD.scala:898)
	at org.apache.spark.rdd.RDD.$anonfun$mapPartitionsInternal$2$adapted(RDD.scala:898)
	at org.apache.spark.rdd.MapPartitionsRDD.compute(MapPartitionsRDD.scala:52)
	at org.apache.spark.rdd.RDD.computeOrReadCheckpoint(RDD.scala:373)
	at org.apache.spark.rdd.RDD.iterator(RDD.scala:337)
	at org.apache.spark.scheduler.ResultTask.runTask(ResultTask.scala:90)
	at org.apache.spark.scheduler.Task.run(Task.scala:131)
	at org.apache.spark.executor.Executor$TaskRunner.$anonfun$run$3(Executor.scala:506)
	at org.apache.spark.util.Utils$.tryWithSafeFinally(Utils.scala:1462)
	at org.apache.spark.executor.Executor$TaskRunner.run(Executor.scala:509)
	at java.util.concurrent.ThreadPoolExecutor.runWorker(ThreadPoolExecutor.java:1149)
	at java.util.concurrent.ThreadPoolExecutor$Worker.run(ThreadPoolExecutor.java:624)
	at java.lang.Thread.run(Thread.java:748)

Driver stacktrace:
	at org.apache.spark.scheduler.DAGScheduler.failJobAndIndependentStages(DAGScheduler.scala:2454)
	at org.apache.spark.scheduler.DAGScheduler.$anonfun$abortStage$2(DAGScheduler.scala:2403)
	at org.apache.spark.scheduler.DAGScheduler.$anonfun$abortStage$2$adapted(DAGScheduler.scala:2402)
	at scala.collection.mutable.ResizableArray.foreach(ResizableArray.scala:62)
	at scala.collection.mutable.ResizableArray.foreach$(ResizableArray.scala:55)
	at scala.collection.mutable.ArrayBuffer.foreach(ArrayBuffer.scala:49)
	at org.apache.spark.scheduler.DAGScheduler.abortStage(DAGScheduler.scala:2402)
	at org.apache.spark.scheduler.DAGScheduler.$anonfun$handleTaskSetFailed$1(DAGScheduler.scala:1160)
	at org.apache.spark.scheduler.DAGScheduler.$anonfun$handleTaskSetFailed$1$adapted(DAGScheduler.scala:1160)
	at scala.Option.foreach(Option.scala:407)
	at org.apache.spark.scheduler.DAGScheduler.handleTaskSetFailed(DAGScheduler.scala:1160)
	at org.apache.spark.scheduler.DAGSchedulerEventProcessLoop.doOnReceive(DAGScheduler.scala:2642)
	at org.apache.spark.scheduler.DAGSchedulerEventProcessLoop.onReceive(DAGScheduler.scala:2584)
	at org.apache.spark.scheduler.DAGSchedulerEventProcessLoop.onReceive(DAGScheduler.scala:2573)
	at org.apache.spark.util.EventLoop$$anon$1.run(EventLoop.scala:49)
	at org.apache.spark.scheduler.DAGScheduler.runJob(DAGScheduler.scala:938)
	at org.apache.spark.SparkContext.runJob(SparkContext.scala:2214)
	at org.apache.spark.SparkContext.runJob(SparkContext.scala:2235)
	at org.apache.spark.SparkContext.runJob(SparkContext.scala:2254)
	at org.apache.spark.sql.execution.SparkPlan.executeTake(SparkPlan.scala:476)
	at org.apache.spark.sql.execution.SparkPlan.executeTake(SparkPlan.scala:429)
	at org.apache.spark.sql.execution.CollectLimitExec.executeCollect(limit.scala:48)
	at org.apache.spark.sql.Dataset.collectFromPlan(Dataset.scala:3715)
	at org.apache.spark.sql.Dataset.$anonfun$head$1(Dataset.scala:2728)
	at org.apache.spark.sql.Dataset.$anonfun$withAction$1(Dataset.scala:3706)
	at org.apache.spark.sql.execution.SQLExecution$.$anonfun$withNewExecutionId$5(SQLExecution.scala:103)
	at org.apache.spark.sql.execution.SQLExecution$.withSQLConfPropagated(SQLExecution.scala:163)
	at org.apache.spark.sql.execution.SQLExecution$.$anonfun$withNewExecutionId$1(SQLExecution.scala:90)
	at org.apache.spark.sql.SparkSession.withActive(SparkSession.scala:775)
	at org.apache.spark.sql.execution.SQLExecution$.withNewExecutionId(SQLExecution.scala:64)
	at org.apache.spark.sql.Dataset.withAction(Dataset.scala:3704)
	at org.apache.spark.sql.Dataset.head(Dataset.scala:2728)
	at org.apache.spark.sql.Dataset.take(Dataset.scala:2935)
	at org.apache.spark.sql.Dataset.getRows(Dataset.scala:287)
	at org.apache.spark.sql.Dataset.showString(Dataset.scala:326)
	at org.apache.spark.sql.Dataset.show(Dataset.scala:806)
	at org.apache.spark.sql.Dataset.show(Dataset.scala:765)
	at org.apache.spark.sql.Dataset.show(Dataset.scala:774)
	at com.elite.cdr.validator.Application.lambda$main$3dd8454f$1(Application.java:145)
	at org.apache.spark.streaming.api.java.JavaDStreamLike.$anonfun$foreachRDD$2(JavaDStreamLike.scala:280)
	at org.apache.spark.streaming.api.java.JavaDStreamLike.$anonfun$foreachRDD$2$adapted(JavaDStreamLike.scala:280)
	at org.apache.spark.streaming.dstream.ForEachDStream.$anonfun$generateJob$2(ForEachDStream.scala:51)
	at scala.runtime.java8.JFunction0$mcV$sp.apply(JFunction0$mcV$sp.java:23)
	at org.apache.spark.streaming.dstream.DStream.createRDDWithLocalProperties(DStream.scala:417)
	at org.apache.spark.streaming.dstream.ForEachDStream.$anonfun$generateJob$1(ForEachDStream.scala:51)
	at scala.runtime.java8.JFunction0$mcV$sp.apply(JFunction0$mcV$sp.java:23)
	at scala.util.Try$.apply(Try.scala:213)
	at org.apache.spark.streaming.scheduler.Job.run(Job.scala:39)
	at org.apache.spark.streaming.scheduler.JobScheduler$JobHandler.$anonfun$run$1(JobScheduler.scala:256)
	at scala.runtime.java8.JFunction0$mcV$sp.apply(JFunction0$mcV$sp.java:23)
	at scala.util.DynamicVariable.withValue(DynamicVariable.scala:62)
	at org.apache.spark.streaming.scheduler.JobScheduler$JobHandler.run(JobScheduler.scala:256)
	at java.util.concurrent.ThreadPoolExecutor.runWorker(ThreadPoolExecutor.java:1149)
	at java.util.concurrent.ThreadPoolExecutor$Worker.run(ThreadPoolExecutor.java:624)
	at java.lang.Thread.run(Thread.java:748)
Caused by: java.lang.IllegalArgumentException: The value (com.elite.cdr.validator.Asn1Classes.Cdr@35d9bcfb) of the type (com.elite.cdr.validator.Asn1Classes.Cdr) cannot be converted to struct<answerTime:string,callType:string,calledNumber:string,callingNumber:string,imei:string,imsi:string,location:string,mscIncoming:string,mscOutgoing:string,msisdn:string>
	at org.apache.spark.sql.catalyst.CatalystTypeConverters$StructConverter.toCatalystImpl(CatalystTypeConverters.scala:274)
	at org.apache.spark.sql.catalyst.CatalystTypeConverters$StructConverter.toCatalystImpl(CatalystTypeConverters.scala:248)
	at org.apache.spark.sql.catalyst.CatalystTypeConverters$CatalystTypeConverter.toCatalyst(CatalystTypeConverters.scala:113)
	at org.apache.spark.sql.catalyst.CatalystTypeConverters$ArrayConverter.toCatalystImpl(CatalystTypeConverters.scala:180)
	at org.apache.spark.sql.catalyst.CatalystTypeConverters$ArrayConverter.toCatalystImpl(CatalystTypeConverters.scala:164)
	at org.apache.spark.sql.catalyst.CatalystTypeConverters$CatalystTypeConverter.toCatalyst(CatalystTypeConverters.scala:113)
	at org.apache.spark.sql.catalyst.CatalystTypeConverters$.$anonfun$createToCatalystConverter$2(CatalystTypeConverters.scala:485)
	at org.apache.spark.sql.SQLContext$.$anonfun$beansToRows$3(SQLContext.scala:1071)
	at scala.collection.TraversableLike.$anonfun$map$1(TraversableLike.scala:286)
	at scala.collection.IndexedSeqOptimized.foreach(IndexedSeqOptimized.scala:36)
	at scala.collection.IndexedSeqOptimized.foreach$(IndexedSeqOptimized.scala:33)
	at scala.collection.mutable.ArrayOps$ofRef.foreach(ArrayOps.scala:198)
	at scala.collection.TraversableLike.map(TraversableLike.scala:286)
	at scala.collection.TraversableLike.map$(TraversableLike.scala:279)
	at scala.collection.mutable.ArrayOps$ofRef.map(ArrayOps.scala:198)
	at org.apache.spark.sql.SQLContext$.$anonfun$beansToRows$2(SQLContext.scala:1070)
	at scala.collection.Iterator$$anon$10.next(Iterator.scala:461)
	at org.apache.spark.sql.catalyst.expressions.GeneratedClass$GeneratedIteratorForCodegenStage1.processNext(Unknown Source)
	at org.apache.spark.sql.execution.BufferedRowIterator.hasNext(BufferedRowIterator.java:43)
	at org.apache.spark.sql.execution.WholeStageCodegenExec$$anon$1.hasNext(WholeStageCodegenExec.scala:759)
	at org.apache.spark.sql.execution.SparkPlan.$anonfun$getByteArrayRdd$1(SparkPlan.scala:349)
	at org.apache.spark.rdd.RDD.$anonfun$mapPartitionsInternal$2(RDD.scala:898)
	at org.apache.spark.rdd.RDD.$anonfun$mapPartitionsInternal$2$adapted(RDD.scala:898)
	at org.apache.spark.rdd.MapPartitionsRDD.compute(MapPartitionsRDD.scala:52)
	at org.apache.spark.rdd.RDD.computeOrReadCheckpoint(RDD.scala:373)
	at org.apache.spark.rdd.RDD.iterator(RDD.scala:337)
	at org.apache.spark.scheduler.ResultTask.runTask(ResultTask.scala:90)
	at org.apache.spark.scheduler.Task.run(Task.scala:131)
	at org.apache.spark.executor.Executor$TaskRunner.$anonfun$run$3(Executor.scala:506)
	at org.apache.spark.util.Utils$.tryWithSafeFinally(Utils.scala:1462)
	at org.apache.spark.executor.Executor$TaskRunner.run(Executor.scala:509)
	... 3 more
2022-06-25 17:47:03.966  INFO   57 --- [-job-executor-0] org.apache.spark.internal.Logging        : Starting job: print at Application.java:175
2022-06-25 17:47:03.971  INFO   57 --- [uler-event-loop] org.apache.spark.internal.Logging        : Got job 2 (print at Application.java:175) with 1 output partitions
2022-06-25 17:47:03.971  INFO   57 --- [uler-event-loop] org.apache.spark.internal.Logging        : Final stage: ResultStage 2 (print at Application.java:175)
2022-06-25 17:47:03.994  INFO   57 --- [uler-event-loop] org.apache.spark.internal.Logging        : Parents of final stage: List()
2022-06-25 17:47:03.994  INFO   57 --- [uler-event-loop] org.apache.spark.internal.Logging        : Missing parents: List()
2022-06-25 17:47:03.999  INFO   57 --- [uler-event-loop] org.apache.spark.internal.Logging        : Submitting ResultStage 2 (MapPartitionsRDD[6] at map at Application.java:128), which has no missing parents
2022-06-25 17:47:04.005  INFO   57 --- [uler-event-loop] org.apache.spark.internal.Logging        : Block broadcast_2 stored as values in memory (estimated size 4.4 KiB, free 896.9 MiB)
2022-06-25 17:47:04.014  INFO   57 --- [uler-event-loop] org.apache.spark.internal.Logging        : Block broadcast_2_piece0 stored as bytes in memory (estimated size 2.4 KiB, free 896.9 MiB)
2022-06-25 17:47:04.020  INFO   57 --- [shutdown-hook-0] org.apache.spark.internal.Logging        : Invoking stop(stopGracefully=false) from shutdown hook
2022-06-25 17:47:04.030  INFO   57 --- [er-event-loop-1] org.apache.spark.internal.Logging        : Sent stop signal to all 1 receivers
2022-06-25 17:47:04.035  INFO   57 --- [er-event-loop-1] org.apache.spark.internal.Logging        : Received stop signal
2022-06-25 17:47:04.044  INFO   57 --- [er-event-loop-1] org.apache.spark.internal.Logging        : Stopping receiver with message: Stopped by driver: 
2022-06-25 17:47:04.056  INFO   57 --- [er-event-loop-1] org.apache.spark.internal.Logging        : Called receiver onStop
2022-06-25 17:47:04.057  INFO   57 --- [er-event-loop-1] org.apache.spark.internal.Logging        : Deregistering receiver 0
2022-06-25 17:47:04.065  ERROR   73 --- [er-event-loop-3] org.apache.spark.internal.Logging        : Deregistered receiver for stream 0: Stopped by driver
2022-06-25 17:47:04.067  INFO   57 --- [er-event-loop-1] org.apache.spark.internal.Logging        : Stopped receiver 0
2022-06-25 17:47:04.077  INFO   57 --- [ckManagerMaster] org.apache.spark.internal.Logging        : Added broadcast_2_piece0 in memory on host.docker.internal:60491 (size: 2.4 KiB, free: 897.1 MiB)
2022-06-25 17:47:04.079  INFO   57 --- [er-event-loop-1] org.apache.spark.internal.Logging        : Stopping BlockGenerator
2022-06-25 17:47:04.082  INFO   57 --- [uler-event-loop] org.apache.spark.internal.Logging        : Created broadcast 2 from broadcast at DAGScheduler.scala:1478
2022-06-25 17:47:04.090  INFO   57 --- [uler-event-loop] org.apache.spark.internal.Logging        : Submitting 1 missing tasks from ResultStage 2 (MapPartitionsRDD[6] at map at Application.java:128) (first 15 tasks are for partitions Vector(0))
2022-06-25 17:47:04.091  INFO   57 --- [uler-event-loop] org.apache.spark.internal.Logging        : Adding task set 2.0 with 1 tasks resource profile 0
2022-06-25 17:47:04.094  INFO   57 --- [er-event-loop-0] org.apache.spark.internal.Logging        : Starting task 0.0 in stage 2.0 (TID 2) (host.docker.internal, executor driver, partition 0, PROCESS_LOCAL, 4394 bytes) taskResourceAssignments Map()
2022-06-25 17:47:04.097  ERROR   94 --- [er-event-loop-0] org.apache.spark.internal.Logging        : Ignoring error
java.util.concurrent.RejectedExecutionException: Task org.apache.spark.executor.Executor$TaskRunner@52fdc426 rejected from java.util.concurrent.ThreadPoolExecutor@7899af[Shutting down, pool size = 1, active threads = 1, queued tasks = 0, completed tasks = 1]
	at java.util.concurrent.ThreadPoolExecutor$AbortPolicy.rejectedExecution(ThreadPoolExecutor.java:2063)
	at java.util.concurrent.ThreadPoolExecutor.reject(ThreadPoolExecutor.java:830)
	at java.util.concurrent.ThreadPoolExecutor.execute(ThreadPoolExecutor.java:1379)
	at org.apache.spark.executor.Executor.launchTask(Executor.scala:270)
	at org.apache.spark.scheduler.local.LocalEndpoint.$anonfun$reviveOffers$1(LocalSchedulerBackend.scala:93)
	at org.apache.spark.scheduler.local.LocalEndpoint.$anonfun$reviveOffers$1$adapted(LocalSchedulerBackend.scala:91)
	at scala.collection.Iterator.foreach(Iterator.scala:943)
	at scala.collection.Iterator.foreach$(Iterator.scala:943)
	at scala.collection.AbstractIterator.foreach(Iterator.scala:1431)
	at scala.collection.IterableLike.foreach(IterableLike.scala:74)
	at scala.collection.IterableLike.foreach$(IterableLike.scala:73)
	at scala.collection.AbstractIterable.foreach(Iterable.scala:56)
	at org.apache.spark.scheduler.local.LocalEndpoint.reviveOffers(LocalSchedulerBackend.scala:91)
	at org.apache.spark.scheduler.local.LocalEndpoint$$anonfun$receive$1.applyOrElse(LocalSchedulerBackend.scala:68)
	at org.apache.spark.rpc.netty.Inbox.$anonfun$process$1(Inbox.scala:115)
	at org.apache.spark.rpc.netty.Inbox.safelyCall(Inbox.scala:213)
	at org.apache.spark.rpc.netty.Inbox.process(Inbox.scala:100)
	at org.apache.spark.rpc.netty.MessageLoop.org$apache$spark$rpc$netty$MessageLoop$$receiveLoop(MessageLoop.scala:75)
	at org.apache.spark.rpc.netty.MessageLoop$$anon$1.run(MessageLoop.scala:41)
	at java.util.concurrent.ThreadPoolExecutor.runWorker(ThreadPoolExecutor.java:1149)
	at java.util.concurrent.ThreadPoolExecutor$Worker.run(ThreadPoolExecutor.java:624)
	at java.lang.Thread.run(Thread.java:748)
2022-06-25 17:47:04.109  INFO   57 --- [ckManagerMaster] org.apache.spark.internal.Logging        : Removed broadcast_1_piece0 on host.docker.internal:60491 in memory (size: 7.3 KiB, free: 897.1 MiB)
2022-06-25 17:47:04.414  INFO   57 --- [er-event-loop-1] org.apache.spark.internal.Logging        : Stopped timer for BlockGenerator after time 1656175624400
2022-06-25 17:47:04.414  INFO   57 --- [er-event-loop-1] org.apache.spark.internal.Logging        : Waiting for block pushing thread to terminate
2022-06-25 17:47:04.429  INFO   57 --- [      Thread-14] org.apache.spark.internal.Logging        : Pushing out the last 0 blocks
2022-06-25 17:47:04.429  INFO   57 --- [      Thread-14] org.apache.spark.internal.Logging        : Stopped block pushing thread
2022-06-25 17:47:04.429  INFO   57 --- [er-event-loop-1] org.apache.spark.internal.Logging        : Stopped BlockGenerator
2022-06-25 17:47:04.429  INFO   57 --- [age 0.0 (TID 0)] org.apache.spark.internal.Logging        : Stopped receiver without error
2022-06-25 17:47:04.429  INFO   57 --- [age 0.0 (TID 0)] org.apache.spark.internal.Logging        : Finished task 0.0 in stage 0.0 (TID 0). 880 bytes result sent to driver
2022-06-25 17:47:04.445  INFO   57 --- [result-getter-1] org.apache.spark.internal.Logging        : Finished task 0.0 in stage 0.0 (TID 0) in 9568 ms on host.docker.internal (executor driver) (1/1)
2022-06-25 17:47:04.445  INFO   57 --- [result-getter-1] org.apache.spark.internal.Logging        : Removed TaskSet 0.0, whose tasks have all completed, from pool 
2022-06-25 17:47:04.445  INFO   57 --- [uler-event-loop] org.apache.spark.internal.Logging        : ResultStage 0 (start at Application.java:178) finished in 10.222 s
2022-06-25 17:47:04.445  INFO   57 --- [uler-event-loop] org.apache.spark.internal.Logging        : Job 0 is finished. Cancelling potential speculative or zombie tasks for this job
2022-06-25 17:47:04.445  INFO   57 --- [uler-event-loop] org.apache.spark.internal.Logging        : Killing all running tasks in stage 0: Stage finished
2022-06-25 17:47:04.445  INFO   57 --- [shutdown-hook-0] org.apache.spark.internal.Logging        : All of the receivers have deregistered successfully
2022-06-25 17:47:04.445  INFO   57 --- [shutdown-hook-0] org.apache.spark.internal.Logging        : ReceiverTracker stopped
2022-06-25 17:47:04.445  INFO   57 --- [shutdown-hook-0] org.apache.spark.internal.Logging        : Stopping JobGenerator immediately
2022-06-25 17:47:04.445  INFO   57 --- [shutdown-hook-0] org.apache.spark.internal.Logging        : Stopped timer for JobGenerator after time 1656175620000
2022-06-25 17:47:04.445  INFO   57 --- [shutdown-hook-0] org.apache.spark.internal.Logging        : Stopped JobGenerator
2022-06-25 17:47:06.054  WARN   69 --- [ver-heartbeater] org.apache.spark.internal.Logging        : Exception when trying to compute pagesize, as a result reporting of ProcessTree metrics is stopped
2022-06-25 17:47:06.461  INFO   57 --- [shutdown-hook-0] org.apache.spark.internal.Logging        : Stopped JobScheduler
2022-06-25 17:47:06.461  INFO 1153 --- [shutdown-hook-0] ject.jetty.server.handler.ContextHandler : Stopped o.s.j.s.ServletContextHandler@692fd26{/streaming,null,STOPPED,@Spark}
2022-06-25 17:47:06.461  INFO 1153 --- [shutdown-hook-0] ject.jetty.server.handler.ContextHandler : Stopped o.s.j.s.ServletContextHandler@56d93692{/streaming/json,null,STOPPED,@Spark}
2022-06-25 17:47:06.461  INFO 1153 --- [shutdown-hook-0] ject.jetty.server.handler.ContextHandler : Stopped o.s.j.s.ServletContextHandler@7d0614f{/streaming/batch,null,STOPPED,@Spark}
2022-06-25 17:47:06.461  INFO 1153 --- [shutdown-hook-0] ject.jetty.server.handler.ContextHandler : Stopped o.s.j.s.ServletContextHandler@5c10285a{/streaming/batch/json,null,STOPPED,@Spark}
2022-06-25 17:47:06.461  INFO 1153 --- [shutdown-hook-0] ject.jetty.server.handler.ContextHandler : Stopped o.s.j.s.ServletContextHandler@3cec79d3{/static/streaming,null,STOPPED,@Spark}
2022-06-25 17:47:06.476  INFO   57 --- [shutdown-hook-0] org.apache.spark.internal.Logging        : StreamingContext stopped successfully
2022-06-25 17:47:06.476  INFO   57 --- [shutdown-hook-0] org.apache.spark.internal.Logging        : Invoking stop() from shutdown hook
2022-06-25 17:47:06.481  INFO  381 --- [shutdown-hook-0] rkproject.jetty.server.AbstractConnector : Stopped Spark@64da2a7{HTTP/1.1, (http/1.1)}{0.0.0.0:4040}
2022-06-25 17:47:06.481  INFO   57 --- [shutdown-hook-0] org.apache.spark.internal.Logging        : Stopped Spark web UI at http://host.docker.internal:4040
2022-06-25 17:47:06.497  INFO   57 --- [shutdown-hook-0] org.apache.spark.internal.Logging        : ResultStage 2 (print at Application.java:175) failed in 2.495 s due to Stage cancelled because SparkContext was shut down
2022-06-25 17:47:06.497  INFO   57 --- [er-event-loop-0] org.apache.spark.internal.Logging        : MapOutputTrackerMasterEndpoint stopped!
2022-06-25 17:47:06.537  INFO   57 --- [shutdown-hook-0] org.apache.spark.internal.Logging        : MemoryStore cleared
2022-06-25 17:47:06.538  INFO   57 --- [shutdown-hook-0] org.apache.spark.internal.Logging        : BlockManager stopped
2022-06-25 17:47:06.545  INFO   57 --- [shutdown-hook-0] org.apache.spark.internal.Logging        : BlockManagerMaster stopped
2022-06-25 17:47:06.546  INFO   57 --- [er-event-loop-0] org.apache.spark.internal.Logging        : OutputCommitCoordinator stopped!
2022-06-25 17:47:06.546  INFO   57 --- [shutdown-hook-0] org.apache.spark.internal.Logging        : Successfully stopped SparkContext
2022-06-25 17:47:06.546  INFO   57 --- [shutdown-hook-0] org.apache.spark.internal.Logging        : Shutdown hook called
2022-06-25 17:47:06.562  INFO   57 --- [shutdown-hook-0] org.apache.spark.internal.Logging        : Deleting directory C:\Users\Wael Hamdi\AppData\Local\Temp\spark-f18a66ab-c14d-49c7-b969-52f0d7350af6
