2022-07-13 14:41:49.297  INFO   47 --- [           main] com.elite.cdr.validator.Application      : Starting ASN1 Reader 
2022-07-13 14:41:49.304  INFO   49 --- [           main] com.elite.cdr.validator.Application      : ############### Run with the args [--env, local, --file, C:\IntelliJProjects\FraudDetectionSpark3\src\main\resources\data\simpleTypes.ber, --prop, C:\IntelliJProjects\NifiSparkStreaming\src\main\resources\myapp.properties]
2022-07-13 14:41:49.412  INFO   55 --- [           main] com.elite.cdr.validator.Application      : ############### Run in local mode
2022-07-13 14:41:51.866  INFO   57 --- [           main] org.apache.spark.internal.Logging        : Running Spark version 3.2.1
2022-07-13 14:41:52.500  INFO   57 --- [           main] org.apache.spark.internal.Logging        : ==============================================================
2022-07-13 14:41:52.505  INFO   57 --- [           main] org.apache.spark.internal.Logging        : No custom resources configured for spark.driver.
2022-07-13 14:41:52.506  INFO   57 --- [           main] org.apache.spark.internal.Logging        : ==============================================================
2022-07-13 14:41:52.509  INFO   57 --- [           main] org.apache.spark.internal.Logging        : Submitted application: NiFi-Spark Streaming example
2022-07-13 14:41:52.573  INFO   57 --- [           main] org.apache.spark.internal.Logging        : Default ResourceProfile created, executor resources: Map(cores -> name: cores, amount: 1, script: , vendor: , memory -> name: memory, amount: 1024, script: , vendor: , offHeap -> name: offHeap, amount: 0, script: , vendor: ), task resources: Map(cpus -> name: cpus, amount: 1.0)
2022-07-13 14:41:52.610  INFO   57 --- [           main] org.apache.spark.internal.Logging        : Limiting resource is cpu
2022-07-13 14:41:52.620  INFO   57 --- [           main] org.apache.spark.internal.Logging        : Added ResourceProfile id: 0
2022-07-13 14:41:52.917  INFO   57 --- [           main] org.apache.spark.internal.Logging        : Changing view acls to: Wael Hamdi
2022-07-13 14:41:52.918  INFO   57 --- [           main] org.apache.spark.internal.Logging        : Changing modify acls to: Wael Hamdi
2022-07-13 14:41:52.921  INFO   57 --- [           main] org.apache.spark.internal.Logging        : Changing view acls groups to: 
2022-07-13 14:41:52.930  INFO   57 --- [           main] org.apache.spark.internal.Logging        : Changing modify acls groups to: 
2022-07-13 14:41:52.952  INFO   57 --- [           main] org.apache.spark.internal.Logging        : SecurityManager: authentication disabled; ui acls disabled; users  with view permissions: Set(Wael Hamdi); groups with view permissions: Set(); users  with modify permissions: Set(Wael Hamdi); groups with modify permissions: Set()
2022-07-13 14:42:01.013  INFO   57 --- [           main] org.apache.spark.internal.Logging        : Successfully started service 'sparkDriver' on port 58484.
2022-07-13 14:42:01.068  INFO   57 --- [           main] org.apache.spark.internal.Logging        : Registering MapOutputTracker
2022-07-13 14:42:01.132  INFO   57 --- [           main] org.apache.spark.internal.Logging        : Registering BlockManagerMaster
2022-07-13 14:42:01.172  INFO   57 --- [           main] org.apache.spark.internal.Logging        : Using org.apache.spark.storage.DefaultTopologyMapper for getting topology information
2022-07-13 14:42:01.174  INFO   57 --- [           main] org.apache.spark.internal.Logging        : BlockManagerMasterEndpoint up
2022-07-13 14:42:01.180  INFO   57 --- [           main] org.apache.spark.internal.Logging        : Registering BlockManagerMasterHeartbeat
2022-07-13 14:42:01.242  INFO   57 --- [           main] org.apache.spark.internal.Logging        : Created local directory at C:\Users\Wael Hamdi\AppData\Local\Temp\blockmgr-a7fb9a28-226a-45d0-80fa-704188e23192
2022-07-13 14:42:01.282  INFO   57 --- [           main] org.apache.spark.internal.Logging        : MemoryStore started with capacity 897.6 MiB
2022-07-13 14:42:01.309  INFO   57 --- [           main] org.apache.spark.internal.Logging        : Registering OutputCommitCoordinator
2022-07-13 14:42:01.513  INFO  170 --- [           main] org.sparkproject.jetty.util.log.Log      : Logging initialized @13799ms to org.sparkproject.jetty.util.log.Slf4jLog
2022-07-13 14:42:01.652  INFO  375 --- [           main] org.sparkproject.jetty.server.Server     : jetty-9.4.43.v20210629; built: 2021-06-30T11:07:22.254Z; git: 526006ecfa3af7f1a27ef3a288e2bef7ea9dd7e8; jvm 1.8.0_301-b09
2022-07-13 14:42:01.702  INFO  415 --- [           main] org.sparkproject.jetty.server.Server     : Started @13990ms
2022-07-13 14:42:01.788  INFO  331 --- [           main] rkproject.jetty.server.AbstractConnector : Started ServerConnector@2c715e84{HTTP/1.1, (http/1.1)}{0.0.0.0:4040}
2022-07-13 14:42:01.789  INFO   57 --- [           main] org.apache.spark.internal.Logging        : Successfully started service 'SparkUI' on port 4040.
2022-07-13 14:42:01.854  INFO  915 --- [           main] ject.jetty.server.handler.ContextHandler : Started o.s.j.s.ServletContextHandler@2f4854d6{/jobs,null,AVAILABLE,@Spark}
2022-07-13 14:42:01.860  INFO  915 --- [           main] ject.jetty.server.handler.ContextHandler : Started o.s.j.s.ServletContextHandler@27e0f2f5{/jobs/json,null,AVAILABLE,@Spark}
2022-07-13 14:42:01.861  INFO  915 --- [           main] ject.jetty.server.handler.ContextHandler : Started o.s.j.s.ServletContextHandler@6db66836{/jobs/job,null,AVAILABLE,@Spark}
2022-07-13 14:42:01.864  INFO  915 --- [           main] ject.jetty.server.handler.ContextHandler : Started o.s.j.s.ServletContextHandler@3f093abe{/jobs/job/json,null,AVAILABLE,@Spark}
2022-07-13 14:42:01.866  INFO  915 --- [           main] ject.jetty.server.handler.ContextHandler : Started o.s.j.s.ServletContextHandler@4eeea57d{/stages,null,AVAILABLE,@Spark}
2022-07-13 14:42:01.867  INFO  915 --- [           main] ject.jetty.server.handler.ContextHandler : Started o.s.j.s.ServletContextHandler@e24ddd0{/stages/json,null,AVAILABLE,@Spark}
2022-07-13 14:42:01.869  INFO  915 --- [           main] ject.jetty.server.handler.ContextHandler : Started o.s.j.s.ServletContextHandler@548e76f1{/stages/stage,null,AVAILABLE,@Spark}
2022-07-13 14:42:01.871  INFO  915 --- [           main] ject.jetty.server.handler.ContextHandler : Started o.s.j.s.ServletContextHandler@3dd69f5a{/stages/stage/json,null,AVAILABLE,@Spark}
2022-07-13 14:42:01.875  INFO  915 --- [           main] ject.jetty.server.handler.ContextHandler : Started o.s.j.s.ServletContextHandler@1ee4730{/stages/pool,null,AVAILABLE,@Spark}
2022-07-13 14:42:01.878  INFO  915 --- [           main] ject.jetty.server.handler.ContextHandler : Started o.s.j.s.ServletContextHandler@5003041b{/stages/pool/json,null,AVAILABLE,@Spark}
2022-07-13 14:42:01.881  INFO  915 --- [           main] ject.jetty.server.handler.ContextHandler : Started o.s.j.s.ServletContextHandler@16fb356{/storage,null,AVAILABLE,@Spark}
2022-07-13 14:42:01.883  INFO  915 --- [           main] ject.jetty.server.handler.ContextHandler : Started o.s.j.s.ServletContextHandler@23a9ba52{/storage/json,null,AVAILABLE,@Spark}
2022-07-13 14:42:01.885  INFO  915 --- [           main] ject.jetty.server.handler.ContextHandler : Started o.s.j.s.ServletContextHandler@70ab80e3{/storage/rdd,null,AVAILABLE,@Spark}
2022-07-13 14:42:01.886  INFO  915 --- [           main] ject.jetty.server.handler.ContextHandler : Started o.s.j.s.ServletContextHandler@67427b69{/storage/rdd/json,null,AVAILABLE,@Spark}
2022-07-13 14:42:01.888  INFO  915 --- [           main] ject.jetty.server.handler.ContextHandler : Started o.s.j.s.ServletContextHandler@544630b7{/environment,null,AVAILABLE,@Spark}
2022-07-13 14:42:01.890  INFO  915 --- [           main] ject.jetty.server.handler.ContextHandler : Started o.s.j.s.ServletContextHandler@1095f122{/environment/json,null,AVAILABLE,@Spark}
2022-07-13 14:42:01.892  INFO  915 --- [           main] ject.jetty.server.handler.ContextHandler : Started o.s.j.s.ServletContextHandler@3d6300e8{/executors,null,AVAILABLE,@Spark}
2022-07-13 14:42:01.893  INFO  915 --- [           main] ject.jetty.server.handler.ContextHandler : Started o.s.j.s.ServletContextHandler@24a1c17f{/executors/json,null,AVAILABLE,@Spark}
2022-07-13 14:42:01.919  INFO  915 --- [           main] ject.jetty.server.handler.ContextHandler : Started o.s.j.s.ServletContextHandler@73511076{/executors/threadDump,null,AVAILABLE,@Spark}
2022-07-13 14:42:01.921  INFO  915 --- [           main] ject.jetty.server.handler.ContextHandler : Started o.s.j.s.ServletContextHandler@532721fd{/executors/threadDump/json,null,AVAILABLE,@Spark}
2022-07-13 14:42:01.938  INFO  915 --- [           main] ject.jetty.server.handler.ContextHandler : Started o.s.j.s.ServletContextHandler@7fb9f71f{/static,null,AVAILABLE,@Spark}
2022-07-13 14:42:01.939  INFO  915 --- [           main] ject.jetty.server.handler.ContextHandler : Started o.s.j.s.ServletContextHandler@790174f2{/,null,AVAILABLE,@Spark}
2022-07-13 14:42:01.944  INFO  915 --- [           main] ject.jetty.server.handler.ContextHandler : Started o.s.j.s.ServletContextHandler@7689ddef{/api,null,AVAILABLE,@Spark}
2022-07-13 14:42:01.946  INFO  915 --- [           main] ject.jetty.server.handler.ContextHandler : Started o.s.j.s.ServletContextHandler@70925b45{/jobs/job/kill,null,AVAILABLE,@Spark}
2022-07-13 14:42:01.947  INFO  915 --- [           main] ject.jetty.server.handler.ContextHandler : Started o.s.j.s.ServletContextHandler@aa22f1c{/stages/stage/kill,null,AVAILABLE,@Spark}
2022-07-13 14:42:01.952  INFO   57 --- [           main] org.apache.spark.internal.Logging        : Bound SparkUI to 0.0.0.0, and started at http://host.docker.internal:4040
2022-07-13 14:42:02.364  INFO   57 --- [           main] org.apache.spark.internal.Logging        : Starting executor ID driver on host host.docker.internal
2022-07-13 14:42:02.446  INFO   57 --- [           main] org.apache.spark.internal.Logging        : Successfully started service 'org.apache.spark.network.netty.NettyBlockTransferService' on port 58509.
2022-07-13 14:42:02.447  INFO   82 --- [           main] .network.netty.NettyBlockTransferService : Server created on host.docker.internal:58509
2022-07-13 14:42:02.450  INFO   57 --- [           main] org.apache.spark.internal.Logging        : Using org.apache.spark.storage.RandomBlockReplicationPolicy for block replication policy
2022-07-13 14:42:02.467  INFO   57 --- [           main] org.apache.spark.internal.Logging        : Registering BlockManager BlockManagerId(driver, host.docker.internal, 58509, None)
2022-07-13 14:42:02.475  INFO   57 --- [ckManagerMaster] org.apache.spark.internal.Logging        : Registering block manager host.docker.internal:58509 with 897.6 MiB RAM, BlockManagerId(driver, host.docker.internal, 58509, None)
2022-07-13 14:42:02.481  INFO   57 --- [           main] org.apache.spark.internal.Logging        : Registered BlockManager BlockManagerId(driver, host.docker.internal, 58509, None)
2022-07-13 14:42:02.484  INFO   57 --- [           main] org.apache.spark.internal.Logging        : Initialized BlockManager: BlockManagerId(driver, host.docker.internal, 58509, None)
2022-07-13 14:42:02.909  INFO  915 --- [           main] ject.jetty.server.handler.ContextHandler : Started o.s.j.s.ServletContextHandler@1813f3e9{/metrics/json,null,AVAILABLE,@Spark}
2022-07-13 14:42:16.984  WARN   69 --- [tor-heartbeater] org.apache.spark.internal.Logging        : Exception when trying to compute pagesize, as a result reporting of ProcessTree metrics is stopped
2022-07-13 14:45:10.023  INFO   57 --- [shutdown-hook-0] org.apache.spark.internal.Logging        : Invoking stop() from shutdown hook
2022-07-13 14:45:10.039  INFO  381 --- [shutdown-hook-0] rkproject.jetty.server.AbstractConnector : Stopped Spark@2c715e84{HTTP/1.1, (http/1.1)}{0.0.0.0:4040}
2022-07-13 14:45:10.039  INFO   57 --- [shutdown-hook-0] org.apache.spark.internal.Logging        : Stopped Spark web UI at http://host.docker.internal:4040
2022-07-13 14:45:10.070  INFO   57 --- [er-event-loop-3] org.apache.spark.internal.Logging        : MapOutputTrackerMasterEndpoint stopped!
2022-07-13 14:45:10.086  INFO   57 --- [shutdown-hook-0] org.apache.spark.internal.Logging        : MemoryStore cleared
2022-07-13 14:45:10.086  INFO   57 --- [shutdown-hook-0] org.apache.spark.internal.Logging        : BlockManager stopped
2022-07-13 14:45:10.086  INFO   57 --- [shutdown-hook-0] org.apache.spark.internal.Logging        : BlockManagerMaster stopped
2022-07-13 14:45:10.102  INFO   57 --- [er-event-loop-0] org.apache.spark.internal.Logging        : OutputCommitCoordinator stopped!
2022-07-13 14:45:10.102  INFO   57 --- [shutdown-hook-0] org.apache.spark.internal.Logging        : Successfully stopped SparkContext
2022-07-13 14:45:10.102  INFO   57 --- [shutdown-hook-0] org.apache.spark.internal.Logging        : Shutdown hook called
2022-07-13 14:45:10.102  INFO   57 --- [shutdown-hook-0] org.apache.spark.internal.Logging        : Deleting directory C:\Users\Wael Hamdi\AppData\Local\Temp\spark-3ba585c6-94cc-487d-a345-4a38e5796d7c
