2022-06-30 13:03:30.878  INFO   46 --- [           main] com.elite.cdr.validator.Application      : Starting ASN1 Reader 
2022-06-30 13:03:30.885  INFO   48 --- [           main] com.elite.cdr.validator.Application      : ############### Run with the args [--env, local, --file, C:\IntelliJProjects\FraudDetectionSpark3\src\main\resources\data\simpleTypes.ber]
2022-06-30 13:03:30.946  INFO   54 --- [           main] com.elite.cdr.validator.Application      : ############### Run in local mode
2022-06-30 13:03:32.533  INFO   57 --- [           main] org.apache.spark.internal.Logging        : Running Spark version 3.2.1
2022-06-30 13:03:32.931  INFO   57 --- [           main] org.apache.spark.internal.Logging        : ==============================================================
2022-06-30 13:03:32.938  INFO   57 --- [           main] org.apache.spark.internal.Logging        : No custom resources configured for spark.driver.
2022-06-30 13:03:32.940  INFO   57 --- [           main] org.apache.spark.internal.Logging        : ==============================================================
2022-06-30 13:03:32.942  INFO   57 --- [           main] org.apache.spark.internal.Logging        : Submitted application: NiFi-Spark Streaming example
2022-06-30 13:03:33.008  INFO   57 --- [           main] org.apache.spark.internal.Logging        : Default ResourceProfile created, executor resources: Map(cores -> name: cores, amount: 1, script: , vendor: , memory -> name: memory, amount: 1024, script: , vendor: , offHeap -> name: offHeap, amount: 0, script: , vendor: ), task resources: Map(cpus -> name: cpus, amount: 1.0)
2022-06-30 13:03:33.056  INFO   57 --- [           main] org.apache.spark.internal.Logging        : Limiting resource is cpu
2022-06-30 13:03:33.061  INFO   57 --- [           main] org.apache.spark.internal.Logging        : Added ResourceProfile id: 0
2022-06-30 13:03:33.251  INFO   57 --- [           main] org.apache.spark.internal.Logging        : Changing view acls to: Wael Hamdi
2022-06-30 13:03:33.252  INFO   57 --- [           main] org.apache.spark.internal.Logging        : Changing modify acls to: Wael Hamdi
2022-06-30 13:03:33.253  INFO   57 --- [           main] org.apache.spark.internal.Logging        : Changing view acls groups to: 
2022-06-30 13:03:33.256  INFO   57 --- [           main] org.apache.spark.internal.Logging        : Changing modify acls groups to: 
2022-06-30 13:03:33.264  INFO   57 --- [           main] org.apache.spark.internal.Logging        : SecurityManager: authentication disabled; ui acls disabled; users  with view permissions: Set(Wael Hamdi); groups with view permissions: Set(); users  with modify permissions: Set(Wael Hamdi); groups with modify permissions: Set()
2022-06-30 13:03:35.699  INFO   57 --- [           main] org.apache.spark.internal.Logging        : Successfully started service 'sparkDriver' on port 49459.
2022-06-30 13:03:35.747  INFO   57 --- [           main] org.apache.spark.internal.Logging        : Registering MapOutputTracker
2022-06-30 13:03:35.799  INFO   57 --- [           main] org.apache.spark.internal.Logging        : Registering BlockManagerMaster
2022-06-30 13:03:35.825  INFO   57 --- [           main] org.apache.spark.internal.Logging        : Using org.apache.spark.storage.DefaultTopologyMapper for getting topology information
2022-06-30 13:03:35.826  INFO   57 --- [           main] org.apache.spark.internal.Logging        : BlockManagerMasterEndpoint up
2022-06-30 13:03:35.831  INFO   57 --- [           main] org.apache.spark.internal.Logging        : Registering BlockManagerMasterHeartbeat
2022-06-30 13:03:35.864  INFO   57 --- [           main] org.apache.spark.internal.Logging        : Created local directory at C:\Users\Wael Hamdi\AppData\Local\Temp\blockmgr-4be53ac3-f723-467d-a7f5-14e557ac145b
2022-06-30 13:03:35.894  INFO   57 --- [           main] org.apache.spark.internal.Logging        : MemoryStore started with capacity 897.6 MiB
2022-06-30 13:03:35.917  INFO   57 --- [           main] org.apache.spark.internal.Logging        : Registering OutputCommitCoordinator
2022-06-30 13:03:36.030  INFO  170 --- [           main] org.sparkproject.jetty.util.log.Log      : Logging initialized @6086ms to org.sparkproject.jetty.util.log.Slf4jLog
2022-06-30 13:03:36.118  INFO  375 --- [           main] org.sparkproject.jetty.server.Server     : jetty-9.4.43.v20210629; built: 2021-06-30T11:07:22.254Z; git: 526006ecfa3af7f1a27ef3a288e2bef7ea9dd7e8; jvm 1.8.0_301-b09
2022-06-30 13:03:36.149  INFO  415 --- [           main] org.sparkproject.jetty.server.Server     : Started @6206ms
2022-06-30 13:03:36.195  INFO  331 --- [           main] rkproject.jetty.server.AbstractConnector : Started ServerConnector@64712be{HTTP/1.1, (http/1.1)}{0.0.0.0:4040}
2022-06-30 13:03:36.196  INFO   57 --- [           main] org.apache.spark.internal.Logging        : Successfully started service 'SparkUI' on port 4040.
2022-06-30 13:03:36.230  INFO  915 --- [           main] ject.jetty.server.handler.ContextHandler : Started o.s.j.s.ServletContextHandler@3ec11999{/jobs,null,AVAILABLE,@Spark}
2022-06-30 13:03:36.233  INFO  915 --- [           main] ject.jetty.server.handler.ContextHandler : Started o.s.j.s.ServletContextHandler@59a67c3a{/jobs/json,null,AVAILABLE,@Spark}
2022-06-30 13:03:36.234  INFO  915 --- [           main] ject.jetty.server.handler.ContextHandler : Started o.s.j.s.ServletContextHandler@724bade8{/jobs/job,null,AVAILABLE,@Spark}
2022-06-30 13:03:36.235  INFO  915 --- [           main] ject.jetty.server.handler.ContextHandler : Started o.s.j.s.ServletContextHandler@23a9ba52{/jobs/job/json,null,AVAILABLE,@Spark}
2022-06-30 13:03:36.237  INFO  915 --- [           main] ject.jetty.server.handler.ContextHandler : Started o.s.j.s.ServletContextHandler@70ab80e3{/stages,null,AVAILABLE,@Spark}
2022-06-30 13:03:36.237  INFO  915 --- [           main] ject.jetty.server.handler.ContextHandler : Started o.s.j.s.ServletContextHandler@67427b69{/stages/json,null,AVAILABLE,@Spark}
2022-06-30 13:03:36.239  INFO  915 --- [           main] ject.jetty.server.handler.ContextHandler : Started o.s.j.s.ServletContextHandler@544630b7{/stages/stage,null,AVAILABLE,@Spark}
2022-06-30 13:03:36.240  INFO  915 --- [           main] ject.jetty.server.handler.ContextHandler : Started o.s.j.s.ServletContextHandler@3d6300e8{/stages/stage/json,null,AVAILABLE,@Spark}
2022-06-30 13:03:36.241  INFO  915 --- [           main] ject.jetty.server.handler.ContextHandler : Started o.s.j.s.ServletContextHandler@24a1c17f{/stages/pool,null,AVAILABLE,@Spark}
2022-06-30 13:03:36.243  INFO  915 --- [           main] ject.jetty.server.handler.ContextHandler : Started o.s.j.s.ServletContextHandler@73511076{/stages/pool/json,null,AVAILABLE,@Spark}
2022-06-30 13:03:36.244  INFO  915 --- [           main] ject.jetty.server.handler.ContextHandler : Started o.s.j.s.ServletContextHandler@532721fd{/storage,null,AVAILABLE,@Spark}
2022-06-30 13:03:36.245  INFO  915 --- [           main] ject.jetty.server.handler.ContextHandler : Started o.s.j.s.ServletContextHandler@7fb9f71f{/storage/json,null,AVAILABLE,@Spark}
2022-06-30 13:03:36.247  INFO  915 --- [           main] ject.jetty.server.handler.ContextHandler : Started o.s.j.s.ServletContextHandler@51f49060{/storage/rdd,null,AVAILABLE,@Spark}
2022-06-30 13:03:36.248  INFO  915 --- [           main] ject.jetty.server.handler.ContextHandler : Started o.s.j.s.ServletContextHandler@617fe9e1{/storage/rdd/json,null,AVAILABLE,@Spark}
2022-06-30 13:03:36.250  INFO  915 --- [           main] ject.jetty.server.handler.ContextHandler : Started o.s.j.s.ServletContextHandler@1cf2fed4{/environment,null,AVAILABLE,@Spark}
2022-06-30 13:03:36.251  INFO  915 --- [           main] ject.jetty.server.handler.ContextHandler : Started o.s.j.s.ServletContextHandler@245a26e1{/environment/json,null,AVAILABLE,@Spark}
2022-06-30 13:03:36.252  INFO  915 --- [           main] ject.jetty.server.handler.ContextHandler : Started o.s.j.s.ServletContextHandler@466cf502{/executors,null,AVAILABLE,@Spark}
2022-06-30 13:03:36.253  INFO  915 --- [           main] ject.jetty.server.handler.ContextHandler : Started o.s.j.s.ServletContextHandler@2e185cd7{/executors/json,null,AVAILABLE,@Spark}
2022-06-30 13:03:36.254  INFO  915 --- [           main] ject.jetty.server.handler.ContextHandler : Started o.s.j.s.ServletContextHandler@5f7f2382{/executors/threadDump,null,AVAILABLE,@Spark}
2022-06-30 13:03:36.256  INFO  915 --- [           main] ject.jetty.server.handler.ContextHandler : Started o.s.j.s.ServletContextHandler@6815c5f2{/executors/threadDump/json,null,AVAILABLE,@Spark}
2022-06-30 13:03:36.266  INFO  915 --- [           main] ject.jetty.server.handler.ContextHandler : Started o.s.j.s.ServletContextHandler@60094a13{/static,null,AVAILABLE,@Spark}
2022-06-30 13:03:36.268  INFO  915 --- [           main] ject.jetty.server.handler.ContextHandler : Started o.s.j.s.ServletContextHandler@7889a1ac{/,null,AVAILABLE,@Spark}
2022-06-30 13:03:36.269  INFO  915 --- [           main] ject.jetty.server.handler.ContextHandler : Started o.s.j.s.ServletContextHandler@5ef8df1e{/api,null,AVAILABLE,@Spark}
2022-06-30 13:03:36.271  INFO  915 --- [           main] ject.jetty.server.handler.ContextHandler : Started o.s.j.s.ServletContextHandler@1f130eaf{/jobs/job/kill,null,AVAILABLE,@Spark}
2022-06-30 13:03:36.272  INFO  915 --- [           main] ject.jetty.server.handler.ContextHandler : Started o.s.j.s.ServletContextHandler@21362712{/stages/stage/kill,null,AVAILABLE,@Spark}
2022-06-30 13:03:36.274  INFO   57 --- [           main] org.apache.spark.internal.Logging        : Bound SparkUI to 0.0.0.0, and started at http://host.docker.internal:4040
2022-06-30 13:03:36.586  INFO   57 --- [           main] org.apache.spark.internal.Logging        : Starting executor ID driver on host host.docker.internal
2022-06-30 13:03:36.641  INFO   57 --- [           main] org.apache.spark.internal.Logging        : Successfully started service 'org.apache.spark.network.netty.NettyBlockTransferService' on port 49483.
2022-06-30 13:03:36.642  INFO   82 --- [           main] .network.netty.NettyBlockTransferService : Server created on host.docker.internal:49483
2022-06-30 13:03:36.644  INFO   57 --- [           main] org.apache.spark.internal.Logging        : Using org.apache.spark.storage.RandomBlockReplicationPolicy for block replication policy
2022-06-30 13:03:36.655  INFO   57 --- [           main] org.apache.spark.internal.Logging        : Registering BlockManager BlockManagerId(driver, host.docker.internal, 49483, None)
2022-06-30 13:03:36.661  INFO   57 --- [ckManagerMaster] org.apache.spark.internal.Logging        : Registering block manager host.docker.internal:49483 with 897.6 MiB RAM, BlockManagerId(driver, host.docker.internal, 49483, None)
2022-06-30 13:03:36.666  INFO   57 --- [           main] org.apache.spark.internal.Logging        : Registered BlockManager BlockManagerId(driver, host.docker.internal, 49483, None)
2022-06-30 13:03:36.668  INFO   57 --- [           main] org.apache.spark.internal.Logging        : Initialized BlockManager: BlockManagerId(driver, host.docker.internal, 49483, None)
2022-06-30 13:03:36.958  INFO  915 --- [           main] ject.jetty.server.handler.ContextHandler : Started o.s.j.s.ServletContextHandler@58065f0c{/metrics/json,null,AVAILABLE,@Spark}
2022-06-30 13:03:37.735  INFO   57 --- [streaming-start] org.apache.spark.internal.Logging        : Starting 1 receivers
2022-06-30 13:03:37.738  INFO   57 --- [streaming-start] org.apache.spark.internal.Logging        : ReceiverTracker started
2022-06-30 13:03:37.744  INFO   57 --- [streaming-start] org.apache.spark.internal.Logging        : Slide time = 1000 ms
2022-06-30 13:03:37.745  INFO   57 --- [streaming-start] org.apache.spark.internal.Logging        : Storage level = Serialized 1x Replicated
2022-06-30 13:03:37.747  INFO   57 --- [streaming-start] org.apache.spark.internal.Logging        : Checkpoint interval = null
2022-06-30 13:03:37.748  INFO   57 --- [streaming-start] org.apache.spark.internal.Logging        : Remember interval = 1000 ms
2022-06-30 13:03:37.750  INFO   57 --- [streaming-start] org.apache.spark.internal.Logging        : Initialized and validated org.apache.spark.streaming.dstream.PluggableInputDStream@6f11bb2b
2022-06-30 13:03:37.750  INFO   57 --- [streaming-start] org.apache.spark.internal.Logging        : Slide time = 1000 ms
2022-06-30 13:03:37.751  INFO   57 --- [streaming-start] org.apache.spark.internal.Logging        : Storage level = Serialized 1x Replicated
2022-06-30 13:03:37.751  INFO   57 --- [streaming-start] org.apache.spark.internal.Logging        : Checkpoint interval = null
2022-06-30 13:03:37.752  INFO   57 --- [streaming-start] org.apache.spark.internal.Logging        : Remember interval = 1000 ms
2022-06-30 13:03:37.752  INFO   57 --- [streaming-start] org.apache.spark.internal.Logging        : Initialized and validated org.apache.spark.streaming.dstream.MappedDStream@7668ab99
2022-06-30 13:03:37.752  INFO   57 --- [streaming-start] org.apache.spark.internal.Logging        : Slide time = 1000 ms
2022-06-30 13:03:37.753  INFO   57 --- [streaming-start] org.apache.spark.internal.Logging        : Storage level = Serialized 1x Replicated
2022-06-30 13:03:37.753  INFO   57 --- [streaming-start] org.apache.spark.internal.Logging        : Checkpoint interval = null
2022-06-30 13:03:37.753  INFO   57 --- [streaming-start] org.apache.spark.internal.Logging        : Remember interval = 1000 ms
2022-06-30 13:03:37.754  INFO   57 --- [streaming-start] org.apache.spark.internal.Logging        : Initialized and validated org.apache.spark.streaming.dstream.ForEachDStream@4451788c
2022-06-30 13:03:37.754  INFO   57 --- [streaming-start] org.apache.spark.internal.Logging        : Slide time = 1000 ms
2022-06-30 13:03:37.754  INFO   57 --- [streaming-start] org.apache.spark.internal.Logging        : Storage level = Serialized 1x Replicated
2022-06-30 13:03:37.755  INFO   57 --- [streaming-start] org.apache.spark.internal.Logging        : Checkpoint interval = null
2022-06-30 13:03:37.755  INFO   57 --- [streaming-start] org.apache.spark.internal.Logging        : Remember interval = 1000 ms
2022-06-30 13:03:37.755  INFO   57 --- [streaming-start] org.apache.spark.internal.Logging        : Initialized and validated org.apache.spark.streaming.dstream.PluggableInputDStream@6f11bb2b
2022-06-30 13:03:37.755  INFO   57 --- [streaming-start] org.apache.spark.internal.Logging        : Slide time = 1000 ms
2022-06-30 13:03:37.756  INFO   57 --- [streaming-start] org.apache.spark.internal.Logging        : Storage level = Serialized 1x Replicated
2022-06-30 13:03:37.756  INFO   57 --- [streaming-start] org.apache.spark.internal.Logging        : Checkpoint interval = null
2022-06-30 13:03:37.756  INFO   57 --- [streaming-start] org.apache.spark.internal.Logging        : Remember interval = 1000 ms
2022-06-30 13:03:37.756  INFO   57 --- [streaming-start] org.apache.spark.internal.Logging        : Initialized and validated org.apache.spark.streaming.dstream.MappedDStream@7668ab99
2022-06-30 13:03:37.757  INFO   57 --- [streaming-start] org.apache.spark.internal.Logging        : Slide time = 1000 ms
2022-06-30 13:03:37.757  INFO   57 --- [streaming-start] org.apache.spark.internal.Logging        : Storage level = Serialized 1x Replicated
2022-06-30 13:03:37.757  INFO   57 --- [streaming-start] org.apache.spark.internal.Logging        : Checkpoint interval = null
2022-06-30 13:03:37.757  INFO   57 --- [streaming-start] org.apache.spark.internal.Logging        : Remember interval = 1000 ms
2022-06-30 13:03:37.757  INFO   57 --- [streaming-start] org.apache.spark.internal.Logging        : Initialized and validated org.apache.spark.streaming.dstream.ForEachDStream@4aa04ad7
2022-06-30 13:03:37.873  INFO   57 --- [er-event-loop-3] org.apache.spark.internal.Logging        : Receiver 0 started
2022-06-30 13:03:37.884  INFO   57 --- [streaming-start] org.apache.spark.internal.Logging        : Started timer for JobGenerator at time 1656590618000
2022-06-30 13:03:37.885  INFO   57 --- [streaming-start] org.apache.spark.internal.Logging        : Started JobGenerator at 1656590618000 ms
2022-06-30 13:03:37.888  INFO   57 --- [streaming-start] org.apache.spark.internal.Logging        : Started JobScheduler
2022-06-30 13:03:37.894  INFO   57 --- [uler-event-loop] org.apache.spark.internal.Logging        : Got job 0 (start at Application.java:243) with 1 output partitions
2022-06-30 13:03:37.895  INFO   57 --- [uler-event-loop] org.apache.spark.internal.Logging        : Final stage: ResultStage 0 (start at Application.java:243)
2022-06-30 13:03:37.896  INFO   57 --- [uler-event-loop] org.apache.spark.internal.Logging        : Parents of final stage: List()
2022-06-30 13:03:37.897  INFO  915 --- [           main] ject.jetty.server.handler.ContextHandler : Started o.s.j.s.ServletContextHandler@7c1812b3{/streaming,null,AVAILABLE,@Spark}
2022-06-30 13:03:37.898  INFO  915 --- [           main] ject.jetty.server.handler.ContextHandler : Started o.s.j.s.ServletContextHandler@39e67516{/streaming/json,null,AVAILABLE,@Spark}
2022-06-30 13:03:37.900  INFO  915 --- [           main] ject.jetty.server.handler.ContextHandler : Started o.s.j.s.ServletContextHandler@67c119b7{/streaming/batch,null,AVAILABLE,@Spark}
2022-06-30 13:03:37.901  INFO  915 --- [           main] ject.jetty.server.handler.ContextHandler : Started o.s.j.s.ServletContextHandler@6c03fb16{/streaming/batch/json,null,AVAILABLE,@Spark}
2022-06-30 13:03:37.903  INFO   57 --- [uler-event-loop] org.apache.spark.internal.Logging        : Missing parents: List()
2022-06-30 13:03:37.903  INFO  915 --- [           main] ject.jetty.server.handler.ContextHandler : Started o.s.j.s.ServletContextHandler@1d61c6dc{/static/streaming,null,AVAILABLE,@Spark}
2022-06-30 13:03:37.909  INFO   57 --- [           main] org.apache.spark.internal.Logging        : StreamingContext started
2022-06-30 13:03:37.913  INFO   57 --- [uler-event-loop] org.apache.spark.internal.Logging        : Submitting ResultStage 0 (Receiver 0 ParallelCollectionRDD[0] at makeRDD at ReceiverTracker.scala:609), which has no missing parents
2022-06-30 13:03:38.074  INFO   57 --- [   JobGenerator] org.apache.spark.internal.Logging        : Added jobs for time 1656590618000 ms
2022-06-30 13:03:38.077  INFO   57 --- [   JobScheduler] org.apache.spark.internal.Logging        : Starting job streaming job 1656590618000 ms.0 from job set of time 1656590618000 ms
2022-06-30 13:03:38.163  INFO   57 --- [uler-event-loop] org.apache.spark.internal.Logging        : Block broadcast_0 stored as values in memory (estimated size 97.5 KiB, free 897.5 MiB)
2022-06-30 13:03:38.200  WARN   69 --- [-job-executor-0] org.apache.spark.internal.Logging        : Using an existing SparkContext; some configuration may not take effect.
2022-06-30 13:03:38.266  INFO   57 --- [uler-event-loop] org.apache.spark.internal.Logging        : Block broadcast_0_piece0 stored as bytes in memory (estimated size 34.2 KiB, free 897.5 MiB)
2022-06-30 13:03:38.271  INFO   57 --- [ckManagerMaster] org.apache.spark.internal.Logging        : Added broadcast_0_piece0 in memory on host.docker.internal:49483 (size: 34.2 KiB, free: 897.6 MiB)
2022-06-30 13:03:38.285  INFO   57 --- [uler-event-loop] org.apache.spark.internal.Logging        : Created broadcast 0 from broadcast at DAGScheduler.scala:1478
2022-06-30 13:03:38.344  INFO   57 --- [uler-event-loop] org.apache.spark.internal.Logging        : Submitting 1 missing tasks from ResultStage 0 (Receiver 0 ParallelCollectionRDD[0] at makeRDD at ReceiverTracker.scala:609) (first 15 tasks are for partitions Vector(0))
2022-06-30 13:03:38.346  INFO   57 --- [uler-event-loop] org.apache.spark.internal.Logging        : Adding task set 0.0 with 1 tasks resource profile 0
2022-06-30 13:03:38.445  INFO   57 --- [-job-executor-0] org.apache.spark.internal.Logging        : Starting job: collect at Application.java:148
2022-06-30 13:03:38.452  INFO   57 --- [-job-executor-0] org.apache.spark.internal.Logging        : Job 1 finished: collect at Application.java:148, took 0.003575 s
2022-06-30 13:03:38.471  INFO   57 --- [   JobScheduler] org.apache.spark.internal.Logging        : Finished job streaming job 1656590618000 ms.0 from job set of time 1656590618000 ms
2022-06-30 13:03:38.472  INFO   57 --- [   JobScheduler] org.apache.spark.internal.Logging        : Starting job streaming job 1656590618000 ms.1 from job set of time 1656590618000 ms
2022-06-30 13:03:38.479  INFO   57 --- [   JobScheduler] org.apache.spark.internal.Logging        : Finished job streaming job 1656590618000 ms.1 from job set of time 1656590618000 ms
2022-06-30 13:03:38.482  INFO   57 --- [   JobScheduler] org.apache.spark.internal.Logging        : Total delay: 0.479 s for time 1656590618000 ms (execution: 0.403 s)
2022-06-30 13:03:38.495  INFO   57 --- [er-event-loop-0] org.apache.spark.internal.Logging        : Starting task 0.0 in stage 0.0 (TID 0) (host.docker.internal, executor driver, partition 0, PROCESS_LOCAL, 6218 bytes) taskResourceAssignments Map()
2022-06-30 13:03:38.516  INFO   57 --- [   JobGenerator] org.apache.spark.internal.Logging        : Deleting batches: 
2022-06-30 13:03:38.522  INFO   57 --- [   JobGenerator] org.apache.spark.internal.Logging        : remove old batch metadata: 
2022-06-30 13:03:38.540  INFO   57 --- [age 0.0 (TID 0)] org.apache.spark.internal.Logging        : Running task 0.0 in stage 0.0 (TID 0)
2022-06-30 13:03:38.877  INFO   57 --- [age 0.0 (TID 0)] org.apache.spark.internal.Logging        : Started timer for BlockGenerator at time 1656590619000
2022-06-30 13:03:38.879  INFO   57 --- [age 0.0 (TID 0)] org.apache.spark.internal.Logging        : Started BlockGenerator
2022-06-30 13:03:38.879  INFO   57 --- [      Thread-14] org.apache.spark.internal.Logging        : Started block pushing thread
2022-06-30 13:03:38.891  INFO   57 --- [er-event-loop-0] org.apache.spark.internal.Logging        : Registered receiver for stream 0 from host.docker.internal:49459
2022-06-30 13:03:38.892  INFO   57 --- [age 0.0 (TID 0)] org.apache.spark.internal.Logging        : Starting receiver 0
2022-06-30 13:03:38.895  INFO   57 --- [age 0.0 (TID 0)] org.apache.spark.internal.Logging        : Called receiver 0 onStart
2022-06-30 13:03:38.897  INFO   57 --- [age 0.0 (TID 0)] org.apache.spark.internal.Logging        : Waiting for receiver to be stopped
2022-06-30 13:03:39.004  INFO   57 --- [   JobGenerator] org.apache.spark.internal.Logging        : Added jobs for time 1656590619000 ms
2022-06-30 13:03:39.005  INFO   57 --- [   JobScheduler] org.apache.spark.internal.Logging        : Starting job streaming job 1656590619000 ms.0 from job set of time 1656590619000 ms
2022-06-30 13:03:39.430  INFO   57 --- [-job-executor-0] org.apache.spark.internal.Logging        : Setting hive.metastore.warehouse.dir ('null') to the value of spark.sql.warehouse.dir.
2022-06-30 13:03:40.004  INFO   57 --- [   JobGenerator] org.apache.spark.internal.Logging        : Added jobs for time 1656590620000 ms
2022-06-30 13:03:40.212  INFO   57 --- [-job-executor-0] org.apache.spark.internal.Logging        : Warehouse path is 'file:/C:/IntelliJProjects/NifiSparkStreaming/spark-warehouse'.
2022-06-30 13:03:40.233  INFO  915 --- [-job-executor-0] ject.jetty.server.handler.ContextHandler : Started o.s.j.s.ServletContextHandler@4376ebb1{/SQL,null,AVAILABLE,@Spark}
2022-06-30 13:03:40.235  INFO  915 --- [-job-executor-0] ject.jetty.server.handler.ContextHandler : Started o.s.j.s.ServletContextHandler@3961d97e{/SQL/json,null,AVAILABLE,@Spark}
2022-06-30 13:03:40.236  INFO  915 --- [-job-executor-0] ject.jetty.server.handler.ContextHandler : Started o.s.j.s.ServletContextHandler@efa8851{/SQL/execution,null,AVAILABLE,@Spark}
2022-06-30 13:03:40.238  INFO  915 --- [-job-executor-0] ject.jetty.server.handler.ContextHandler : Started o.s.j.s.ServletContextHandler@5182595a{/SQL/execution/json,null,AVAILABLE,@Spark}
2022-06-30 13:03:40.240  INFO  915 --- [-job-executor-0] ject.jetty.server.handler.ContextHandler : Started o.s.j.s.ServletContextHandler@47b27d61{/static/sql,null,AVAILABLE,@Spark}
2022-06-30 13:03:41.026  INFO   57 --- [   JobGenerator] org.apache.spark.internal.Logging        : Added jobs for time 1656590621000 ms
2022-06-30 13:03:41.649  WARN   69 --- [-job-executor-0] org.apache.spark.internal.Logging        : Using an existing SparkSession; some spark core configurations may not take effect.
2022-06-30 13:03:41.667  INFO   57 --- [-job-executor-0] org.apache.spark.internal.Logging        : Starting job: collect at Application.java:148
2022-06-30 13:03:41.672  INFO   57 --- [-job-executor-0] org.apache.spark.internal.Logging        : Job 2 finished: collect at Application.java:148, took 0.000885 s
2022-06-30 13:03:41.677  INFO   57 --- [   JobScheduler] org.apache.spark.internal.Logging        : Finished job streaming job 1656590619000 ms.0 from job set of time 1656590619000 ms
2022-06-30 13:03:41.678  INFO   57 --- [   JobScheduler] org.apache.spark.internal.Logging        : Starting job streaming job 1656590619000 ms.1 from job set of time 1656590619000 ms
2022-06-30 13:03:41.678  INFO   57 --- [   JobScheduler] org.apache.spark.internal.Logging        : Finished job streaming job 1656590619000 ms.1 from job set of time 1656590619000 ms
2022-06-30 13:03:41.679  INFO   57 --- [   JobScheduler] org.apache.spark.internal.Logging        : Total delay: 2.678 s for time 1656590619000 ms (execution: 2.673 s)
2022-06-30 13:03:41.680  INFO   57 --- [   JobScheduler] org.apache.spark.internal.Logging        : Starting job streaming job 1656590620000 ms.0 from job set of time 1656590620000 ms
2022-06-30 13:03:41.681  WARN   69 --- [-job-executor-0] org.apache.spark.internal.Logging        : Using an existing SparkSession; the static sql configurations will not take effect.
2022-06-30 13:03:41.682  WARN   69 --- [-job-executor-0] org.apache.spark.internal.Logging        : Using an existing SparkSession; some spark core configurations may not take effect.
2022-06-30 13:03:41.693  INFO   57 --- [   JobGenerator] org.apache.spark.internal.Logging        : Removing RDD 2 from persistence list
2022-06-30 13:03:41.696  INFO   57 --- [-job-executor-0] org.apache.spark.internal.Logging        : Starting job: collect at Application.java:148
2022-06-30 13:03:41.697  INFO   57 --- [-job-executor-0] org.apache.spark.internal.Logging        : Job 3 finished: collect at Application.java:148, took 0.000332 s
2022-06-30 13:03:41.724  INFO   57 --- [   JobScheduler] org.apache.spark.internal.Logging        : Finished job streaming job 1656590620000 ms.0 from job set of time 1656590620000 ms
2022-06-30 13:03:41.724  INFO   57 --- [   JobScheduler] org.apache.spark.internal.Logging        : Starting job streaming job 1656590620000 ms.1 from job set of time 1656590620000 ms
2022-06-30 13:03:41.725  INFO   57 --- [   JobScheduler] org.apache.spark.internal.Logging        : Finished job streaming job 1656590620000 ms.1 from job set of time 1656590620000 ms
2022-06-30 13:03:41.725  INFO   57 --- [   JobScheduler] org.apache.spark.internal.Logging        : Total delay: 1.725 s for time 1656590620000 ms (execution: 0.045 s)
2022-06-30 13:03:41.726  INFO   57 --- [   JobScheduler] org.apache.spark.internal.Logging        : Starting job streaming job 1656590621000 ms.0 from job set of time 1656590621000 ms
2022-06-30 13:03:41.736  INFO   57 --- [   JobGenerator] org.apache.spark.internal.Logging        : Removing RDD 1 from persistence list
2022-06-30 13:03:41.741  INFO   57 --- [   JobGenerator] org.apache.spark.internal.Logging        : Removing blocks of RDD BlockRDD[1] at receiverStream at Application.java:117 of time 1656590619000 ms
2022-06-30 13:03:41.745  WARN   69 --- [-job-executor-0] org.apache.spark.internal.Logging        : Using an existing SparkSession; the static sql configurations will not take effect.
2022-06-30 13:03:41.745  WARN   69 --- [-job-executor-0] org.apache.spark.internal.Logging        : Using an existing SparkSession; some spark core configurations may not take effect.
2022-06-30 13:03:41.756  INFO   57 --- [-job-executor-0] org.apache.spark.internal.Logging        : Starting job: collect at Application.java:148
2022-06-30 13:03:41.757  INFO   57 --- [-job-executor-0] org.apache.spark.internal.Logging        : Job 4 finished: collect at Application.java:148, took 0.000312 s
2022-06-30 13:03:41.759  INFO   57 --- [   JobGenerator] org.apache.spark.internal.Logging        : Deleting batches: 
2022-06-30 13:03:41.759  INFO   57 --- [   JobGenerator] org.apache.spark.internal.Logging        : remove old batch metadata: 
2022-06-30 13:03:41.760  INFO   57 --- [   JobGenerator] org.apache.spark.internal.Logging        : Removing RDD 5 from persistence list
2022-06-30 13:03:41.764  INFO   57 --- [   JobScheduler] org.apache.spark.internal.Logging        : Finished job streaming job 1656590621000 ms.0 from job set of time 1656590621000 ms
2022-06-30 13:03:41.764  INFO   57 --- [   JobScheduler] org.apache.spark.internal.Logging        : Starting job streaming job 1656590621000 ms.1 from job set of time 1656590621000 ms
2022-06-30 13:03:41.764  INFO   57 --- [   JobScheduler] org.apache.spark.internal.Logging        : Finished job streaming job 1656590621000 ms.1 from job set of time 1656590621000 ms
2022-06-30 13:03:41.765  INFO   57 --- [   JobScheduler] org.apache.spark.internal.Logging        : Total delay: 0.764 s for time 1656590621000 ms (execution: 0.039 s)
2022-06-30 13:03:41.777  INFO   57 --- [   JobGenerator] org.apache.spark.internal.Logging        : Removing RDD 4 from persistence list
2022-06-30 13:03:41.778  INFO   57 --- [c-thread-pool-2] org.apache.spark.internal.Logging        : Removing RDD 5
2022-06-30 13:03:41.784  INFO   57 --- [c-thread-pool-3] org.apache.spark.internal.Logging        : Removing RDD 4
2022-06-30 13:03:41.784  INFO   57 --- [   JobGenerator] org.apache.spark.internal.Logging        : Removing blocks of RDD BlockRDD[4] at receiverStream at Application.java:117 of time 1656590620000 ms
2022-06-30 13:03:41.763  INFO   57 --- [c-thread-pool-1] org.apache.spark.internal.Logging        : Removing RDD 1
2022-06-30 13:03:41.762  INFO   57 --- [c-thread-pool-0] org.apache.spark.internal.Logging        : Removing RDD 2
2022-06-30 13:03:41.800  INFO   57 --- [   JobGenerator] org.apache.spark.internal.Logging        : Deleting batches: 1656590618000 ms
2022-06-30 13:03:41.800  INFO   57 --- [   JobGenerator] org.apache.spark.internal.Logging        : remove old batch metadata: 1656590618000 ms
2022-06-30 13:03:41.801  INFO   57 --- [   JobGenerator] org.apache.spark.internal.Logging        : Removing RDD 8 from persistence list
2022-06-30 13:03:41.804  INFO   57 --- [   JobGenerator] org.apache.spark.internal.Logging        : Removing RDD 7 from persistence list
2022-06-30 13:03:41.811  INFO   57 --- [   JobGenerator] org.apache.spark.internal.Logging        : Removing blocks of RDD BlockRDD[7] at receiverStream at Application.java:117 of time 1656590621000 ms
2022-06-30 13:03:41.812  INFO   57 --- [   JobGenerator] org.apache.spark.internal.Logging        : Deleting batches: 1656590619000 ms
2022-06-30 13:03:41.817  INFO   57 --- [   JobGenerator] org.apache.spark.internal.Logging        : remove old batch metadata: 1656590619000 ms
2022-06-30 13:03:41.826  INFO   57 --- [-thread-pool-10] org.apache.spark.internal.Logging        : Removing RDD 8
2022-06-30 13:03:41.827  INFO   57 --- [-thread-pool-13] org.apache.spark.internal.Logging        : Removing RDD 7
2022-06-30 13:03:42.004  INFO   57 --- [   JobGenerator] org.apache.spark.internal.Logging        : Added jobs for time 1656590622000 ms
2022-06-30 13:03:42.005  INFO   57 --- [   JobScheduler] org.apache.spark.internal.Logging        : Starting job streaming job 1656590622000 ms.0 from job set of time 1656590622000 ms
2022-06-30 13:03:42.008  WARN   69 --- [-job-executor-0] org.apache.spark.internal.Logging        : Using an existing SparkSession; the static sql configurations will not take effect.
2022-06-30 13:03:42.008  WARN   69 --- [-job-executor-0] org.apache.spark.internal.Logging        : Using an existing SparkSession; some spark core configurations may not take effect.
2022-06-30 13:03:42.021  INFO   57 --- [-job-executor-0] org.apache.spark.internal.Logging        : Starting job: collect at Application.java:148
2022-06-30 13:03:42.023  INFO   57 --- [-job-executor-0] org.apache.spark.internal.Logging        : Job 5 finished: collect at Application.java:148, took 0.000360 s
2022-06-30 13:03:42.034  INFO   57 --- [   JobScheduler] org.apache.spark.internal.Logging        : Finished job streaming job 1656590622000 ms.0 from job set of time 1656590622000 ms
2022-06-30 13:03:42.034  INFO   57 --- [   JobScheduler] org.apache.spark.internal.Logging        : Starting job streaming job 1656590622000 ms.1 from job set of time 1656590622000 ms
2022-06-30 13:03:42.035  INFO   57 --- [   JobScheduler] org.apache.spark.internal.Logging        : Finished job streaming job 1656590622000 ms.1 from job set of time 1656590622000 ms
2022-06-30 13:03:42.035  INFO   57 --- [   JobScheduler] org.apache.spark.internal.Logging        : Total delay: 0.035 s for time 1656590622000 ms (execution: 0.031 s)
2022-06-30 13:03:42.045  INFO   57 --- [   JobGenerator] org.apache.spark.internal.Logging        : Removing RDD 10 from persistence list
2022-06-30 13:03:42.058  INFO   57 --- [   JobGenerator] org.apache.spark.internal.Logging        : Removing RDD 9 from persistence list
2022-06-30 13:03:42.060  INFO   57 --- [-thread-pool-18] org.apache.spark.internal.Logging        : Removing RDD 10
2022-06-30 13:03:42.062  INFO   57 --- [   JobGenerator] org.apache.spark.internal.Logging        : Removing blocks of RDD BlockRDD[9] at receiverStream at Application.java:117 of time 1656590622000 ms
2022-06-30 13:03:42.065  INFO   57 --- [   JobGenerator] org.apache.spark.internal.Logging        : Deleting batches: 1656590620000 ms
2022-06-30 13:03:42.066  INFO   57 --- [   JobGenerator] org.apache.spark.internal.Logging        : remove old batch metadata: 1656590620000 ms
2022-06-30 13:03:42.063  INFO   57 --- [-thread-pool-21] org.apache.spark.internal.Logging        : Removing RDD 9
2022-06-30 13:03:42.674  INFO  571 --- [ool Maintenance] g.apache.nifi.remote.client.PeerSelector : Successfully refreshed peer status cache; remote group consists of 1 peers
2022-06-30 13:03:42.674  INFO  571 --- [  NiFi Receiver] g.apache.nifi.remote.client.PeerSelector : Successfully refreshed peer status cache; remote group consists of 1 peers
2022-06-30 13:03:42.858  INFO   57 --- [  NiFi Receiver] org.apache.spark.internal.Logging        : Block input-0-1656590618868 stored as values in memory (estimated size 503.2 KiB, free 897.0 MiB)
2022-06-30 13:03:42.859  INFO   57 --- [ckManagerMaster] org.apache.spark.internal.Logging        : Added input-0-1656590618868 in memory on host.docker.internal:49483 (size: 503.2 KiB, free: 897.1 MiB)
2022-06-30 13:03:43.007  INFO   57 --- [   JobGenerator] org.apache.spark.internal.Logging        : Added jobs for time 1656590623000 ms
2022-06-30 13:03:43.009  INFO   57 --- [   JobScheduler] org.apache.spark.internal.Logging        : Starting job streaming job 1656590623000 ms.0 from job set of time 1656590623000 ms
2022-06-30 13:03:43.012  WARN   69 --- [-job-executor-0] org.apache.spark.internal.Logging        : Using an existing SparkSession; the static sql configurations will not take effect.
2022-06-30 13:03:43.013  WARN   69 --- [-job-executor-0] org.apache.spark.internal.Logging        : Using an existing SparkSession; some spark core configurations may not take effect.
2022-06-30 13:03:43.023  INFO   57 --- [-job-executor-0] org.apache.spark.internal.Logging        : Starting job: collect at Application.java:148
2022-06-30 13:03:43.027  INFO   57 --- [uler-event-loop] org.apache.spark.internal.Logging        : Got job 6 (collect at Application.java:148) with 1 output partitions
2022-06-30 13:03:43.028  INFO   57 --- [uler-event-loop] org.apache.spark.internal.Logging        : Final stage: ResultStage 1 (collect at Application.java:148)
2022-06-30 13:03:43.028  INFO   57 --- [uler-event-loop] org.apache.spark.internal.Logging        : Parents of final stage: List()
2022-06-30 13:03:43.029  INFO   57 --- [uler-event-loop] org.apache.spark.internal.Logging        : Missing parents: List()
2022-06-30 13:03:43.032  INFO   57 --- [uler-event-loop] org.apache.spark.internal.Logging        : Submitting ResultStage 1 (MapPartitionsRDD[18] at map at Application.java:125), which has no missing parents
2022-06-30 13:03:43.044  INFO   57 --- [uler-event-loop] org.apache.spark.internal.Logging        : Block broadcast_1 stored as values in memory (estimated size 4.7 KiB, free 897.0 MiB)
2022-06-30 13:03:43.049  INFO   57 --- [uler-event-loop] org.apache.spark.internal.Logging        : Block broadcast_1_piece0 stored as bytes in memory (estimated size 2.6 KiB, free 897.0 MiB)
2022-06-30 13:03:43.050  INFO   57 --- [ckManagerMaster] org.apache.spark.internal.Logging        : Added broadcast_1_piece0 in memory on host.docker.internal:49483 (size: 2.6 KiB, free: 897.1 MiB)
2022-06-30 13:03:43.051  INFO   57 --- [uler-event-loop] org.apache.spark.internal.Logging        : Created broadcast 1 from broadcast at DAGScheduler.scala:1478
2022-06-30 13:03:43.052  INFO   57 --- [uler-event-loop] org.apache.spark.internal.Logging        : Submitting 1 missing tasks from ResultStage 1 (MapPartitionsRDD[18] at map at Application.java:125) (first 15 tasks are for partitions Vector(0))
2022-06-30 13:03:43.053  INFO   57 --- [uler-event-loop] org.apache.spark.internal.Logging        : Adding task set 1.0 with 1 tasks resource profile 0
2022-06-30 13:03:43.057  INFO   57 --- [er-event-loop-2] org.apache.spark.internal.Logging        : Starting task 0.0 in stage 1.0 (TID 1) (host.docker.internal, executor driver, partition 0, PROCESS_LOCAL, 4394 bytes) taskResourceAssignments Map()
2022-06-30 13:03:43.060  INFO   57 --- [age 1.0 (TID 1)] org.apache.spark.internal.Logging        : Running task 0.0 in stage 1.0 (TID 1)
2022-06-30 13:03:43.221  INFO   57 --- [age 1.0 (TID 1)] org.apache.spark.internal.Logging        : Found block input-0-1656590618868 locally
2022-06-30 13:03:43.382  INFO   57 --- [age 1.0 (TID 1)] org.apache.spark.internal.Logging        : Finished task 0.0 in stage 1.0 (TID 1). 39619 bytes result sent to driver
2022-06-30 13:03:43.403  INFO   57 --- [result-getter-0] org.apache.spark.internal.Logging        : Finished task 0.0 in stage 1.0 (TID 1) in 346 ms on host.docker.internal (executor driver) (1/1)
2022-06-30 13:03:43.409  INFO   57 --- [result-getter-0] org.apache.spark.internal.Logging        : Removed TaskSet 1.0, whose tasks have all completed, from pool 
2022-06-30 13:03:43.417  INFO   57 --- [uler-event-loop] org.apache.spark.internal.Logging        : ResultStage 1 (collect at Application.java:148) finished in 0.376 s
2022-06-30 13:03:43.435  INFO   57 --- [uler-event-loop] org.apache.spark.internal.Logging        : Job 6 is finished. Cancelling potential speculative or zombie tasks for this job
2022-06-30 13:03:43.436  INFO   57 --- [uler-event-loop] org.apache.spark.internal.Logging        : Killing all running tasks in stage 1: Stage finished
2022-06-30 13:03:43.439  INFO   57 --- [-job-executor-0] org.apache.spark.internal.Logging        : Job 6 finished: collect at Application.java:148, took 0.414834 s
2022-06-30 13:03:43.524  INFO   57 --- [   JobScheduler] org.apache.spark.internal.Logging        : Finished job streaming job 1656590623000 ms.0 from job set of time 1656590623000 ms
2022-06-30 13:03:43.525  INFO   57 --- [   JobScheduler] org.apache.spark.internal.Logging        : Starting job streaming job 1656590623000 ms.1 from job set of time 1656590623000 ms
2022-06-30 13:03:43.527  ERROR   94 --- [   JobScheduler] org.apache.spark.internal.Logging        : Error running job streaming job 1656590623000 ms.0
java.lang.IllegalArgumentException: The value ([SMSMO,610010342429350,354682094969190,null,null]) of the type (org.apache.spark.sql.catalyst.expressions.GenericRow) cannot be converted to an array of struct<callType:string,imsi:string,imei:string,mscIncoming:string,mscOutgoing:string>
	at org.apache.spark.sql.catalyst.CatalystTypeConverters$ArrayConverter.toCatalystImpl(CatalystTypeConverters.scala:185)
	at org.apache.spark.sql.catalyst.CatalystTypeConverters$ArrayConverter.toCatalystImpl(CatalystTypeConverters.scala:164)
	at org.apache.spark.sql.catalyst.CatalystTypeConverters$CatalystTypeConverter.toCatalyst(CatalystTypeConverters.scala:113)
	at org.apache.spark.sql.catalyst.CatalystTypeConverters$StructConverter.toCatalystImpl(CatalystTypeConverters.scala:258)
	at org.apache.spark.sql.catalyst.CatalystTypeConverters$StructConverter.toCatalystImpl(CatalystTypeConverters.scala:248)
	at org.apache.spark.sql.catalyst.CatalystTypeConverters$CatalystTypeConverter.toCatalyst(CatalystTypeConverters.scala:113)
	at org.apache.spark.sql.catalyst.CatalystTypeConverters$.$anonfun$createToCatalystConverter$2(CatalystTypeConverters.scala:485)
	at org.apache.spark.sql.catalyst.plans.logical.LocalRelation$.$anonfun$fromExternalRows$1(LocalRelation.scala:38)
	at scala.collection.TraversableLike.$anonfun$map$1(TraversableLike.scala:286)
	at scala.collection.Iterator.foreach(Iterator.scala:943)
	at scala.collection.Iterator.foreach$(Iterator.scala:943)
	at scala.collection.AbstractIterator.foreach(Iterator.scala:1431)
	at scala.collection.IterableLike.foreach(IterableLike.scala:74)
	at scala.collection.IterableLike.foreach$(IterableLike.scala:73)
	at scala.collection.AbstractIterable.foreach(Iterable.scala:56)
	at scala.collection.TraversableLike.map(TraversableLike.scala:286)
	at scala.collection.TraversableLike.map$(TraversableLike.scala:279)
	at scala.collection.AbstractTraversable.map(Traversable.scala:108)
	at org.apache.spark.sql.catalyst.plans.logical.LocalRelation$.fromExternalRows(LocalRelation.scala:38)
	at org.apache.spark.sql.SparkSession.$anonfun$createDataFrame$4(SparkSession.scala:388)
	at org.apache.spark.sql.SparkSession.withActive(SparkSession.scala:775)
	at org.apache.spark.sql.SparkSession.createDataFrame(SparkSession.scala:386)
	at com.elite.cdr.validator.Application.lambda$main$1282d8df$1(Application.java:154)
	at org.apache.spark.streaming.api.java.JavaDStreamLike.$anonfun$foreachRDD$1(JavaDStreamLike.scala:272)
	at org.apache.spark.streaming.api.java.JavaDStreamLike.$anonfun$foreachRDD$1$adapted(JavaDStreamLike.scala:272)
	at org.apache.spark.streaming.dstream.DStream.$anonfun$foreachRDD$2(DStream.scala:629)
	at org.apache.spark.streaming.dstream.DStream.$anonfun$foreachRDD$2$adapted(DStream.scala:629)
	at org.apache.spark.streaming.dstream.ForEachDStream.$anonfun$generateJob$2(ForEachDStream.scala:51)
	at scala.runtime.java8.JFunction0$mcV$sp.apply(JFunction0$mcV$sp.java:23)
	at org.apache.spark.streaming.dstream.DStream.createRDDWithLocalProperties(DStream.scala:417)
	at org.apache.spark.streaming.dstream.ForEachDStream.$anonfun$generateJob$1(ForEachDStream.scala:51)
	at scala.runtime.java8.JFunction0$mcV$sp.apply(JFunction0$mcV$sp.java:23)
	at scala.util.Try$.apply(Try.scala:213)
	at org.apache.spark.streaming.scheduler.Job.run(Job.scala:39)
	at org.apache.spark.streaming.scheduler.JobScheduler$JobHandler.$anonfun$run$1(JobScheduler.scala:256)
	at scala.runtime.java8.JFunction0$mcV$sp.apply(JFunction0$mcV$sp.java:23)
	at scala.util.DynamicVariable.withValue(DynamicVariable.scala:62)
	at org.apache.spark.streaming.scheduler.JobScheduler$JobHandler.run(JobScheduler.scala:256)
	at java.util.concurrent.ThreadPoolExecutor.runWorker(ThreadPoolExecutor.java:1149)
	at java.util.concurrent.ThreadPoolExecutor$Worker.run(ThreadPoolExecutor.java:624)
	at java.lang.Thread.run(Thread.java:748)
2022-06-30 13:03:43.535  INFO   57 --- [-job-executor-0] org.apache.spark.internal.Logging        : Starting job: print at Application.java:240
2022-06-30 13:03:43.537  INFO   57 --- [uler-event-loop] org.apache.spark.internal.Logging        : Got job 7 (print at Application.java:240) with 1 output partitions
2022-06-30 13:03:43.537  INFO   57 --- [uler-event-loop] org.apache.spark.internal.Logging        : Final stage: ResultStage 2 (print at Application.java:240)
2022-06-30 13:03:43.537  INFO   57 --- [uler-event-loop] org.apache.spark.internal.Logging        : Parents of final stage: List()
2022-06-30 13:03:43.537  INFO   57 --- [uler-event-loop] org.apache.spark.internal.Logging        : Missing parents: List()
2022-06-30 13:03:43.539  INFO   57 --- [uler-event-loop] org.apache.spark.internal.Logging        : Submitting ResultStage 2 (MapPartitionsRDD[17] at map at Application.java:122), which has no missing parents
2022-06-30 13:03:43.541  INFO   57 --- [shutdown-hook-0] org.apache.spark.internal.Logging        : Invoking stop(stopGracefully=false) from shutdown hook
2022-06-30 13:03:43.544  INFO   57 --- [uler-event-loop] org.apache.spark.internal.Logging        : Block broadcast_2 stored as values in memory (estimated size 4.4 KiB, free 897.0 MiB)
2022-06-30 13:03:43.549  INFO   57 --- [uler-event-loop] org.apache.spark.internal.Logging        : Block broadcast_2_piece0 stored as bytes in memory (estimated size 2.4 KiB, free 897.0 MiB)
2022-06-30 13:03:43.550  INFO   57 --- [ckManagerMaster] org.apache.spark.internal.Logging        : Added broadcast_2_piece0 in memory on host.docker.internal:49483 (size: 2.4 KiB, free: 897.1 MiB)
2022-06-30 13:03:43.552  INFO   57 --- [uler-event-loop] org.apache.spark.internal.Logging        : Created broadcast 2 from broadcast at DAGScheduler.scala:1478
2022-06-30 13:03:43.553  INFO   57 --- [uler-event-loop] org.apache.spark.internal.Logging        : Submitting 1 missing tasks from ResultStage 2 (MapPartitionsRDD[17] at map at Application.java:122) (first 15 tasks are for partitions Vector(0))
2022-06-30 13:03:43.554  INFO   57 --- [uler-event-loop] org.apache.spark.internal.Logging        : Adding task set 2.0 with 1 tasks resource profile 0
2022-06-30 13:03:43.556  INFO   57 --- [er-event-loop-1] org.apache.spark.internal.Logging        : Sent stop signal to all 1 receivers
2022-06-30 13:03:43.557  INFO   57 --- [er-event-loop-1] org.apache.spark.internal.Logging        : Starting task 0.0 in stage 2.0 (TID 2) (host.docker.internal, executor driver, partition 0, PROCESS_LOCAL, 4394 bytes) taskResourceAssignments Map()
2022-06-30 13:03:43.560  ERROR   94 --- [er-event-loop-1] org.apache.spark.internal.Logging        : Ignoring error
java.util.concurrent.RejectedExecutionException: Task org.apache.spark.executor.Executor$TaskRunner@a0cba04 rejected from java.util.concurrent.ThreadPoolExecutor@1dcd3cf0[Shutting down, pool size = 1, active threads = 1, queued tasks = 0, completed tasks = 1]
	at java.util.concurrent.ThreadPoolExecutor$AbortPolicy.rejectedExecution(ThreadPoolExecutor.java:2063)
	at java.util.concurrent.ThreadPoolExecutor.reject(ThreadPoolExecutor.java:830)
	at java.util.concurrent.ThreadPoolExecutor.execute(ThreadPoolExecutor.java:1379)
	at org.apache.spark.executor.Executor.launchTask(Executor.scala:270)
	at org.apache.spark.scheduler.local.LocalEndpoint.$anonfun$reviveOffers$1(LocalSchedulerBackend.scala:93)
	at org.apache.spark.scheduler.local.LocalEndpoint.$anonfun$reviveOffers$1$adapted(LocalSchedulerBackend.scala:91)
	at scala.collection.Iterator.foreach(Iterator.scala:943)
	at scala.collection.Iterator.foreach$(Iterator.scala:943)
	at scala.collection.AbstractIterator.foreach(Iterator.scala:1431)
	at scala.collection.IterableLike.foreach(IterableLike.scala:74)
	at scala.collection.IterableLike.foreach$(IterableLike.scala:73)
	at scala.collection.AbstractIterable.foreach(Iterable.scala:56)
	at org.apache.spark.scheduler.local.LocalEndpoint.reviveOffers(LocalSchedulerBackend.scala:91)
	at org.apache.spark.scheduler.local.LocalEndpoint$$anonfun$receive$1.applyOrElse(LocalSchedulerBackend.scala:68)
	at org.apache.spark.rpc.netty.Inbox.$anonfun$process$1(Inbox.scala:115)
	at org.apache.spark.rpc.netty.Inbox.safelyCall(Inbox.scala:213)
	at org.apache.spark.rpc.netty.Inbox.process(Inbox.scala:100)
	at org.apache.spark.rpc.netty.MessageLoop.org$apache$spark$rpc$netty$MessageLoop$$receiveLoop(MessageLoop.scala:75)
	at org.apache.spark.rpc.netty.MessageLoop$$anon$1.run(MessageLoop.scala:41)
	at java.util.concurrent.ThreadPoolExecutor.runWorker(ThreadPoolExecutor.java:1149)
	at java.util.concurrent.ThreadPoolExecutor$Worker.run(ThreadPoolExecutor.java:624)
	at java.lang.Thread.run(Thread.java:748)
2022-06-30 13:03:43.561  INFO   57 --- [er-event-loop-2] org.apache.spark.internal.Logging        : Received stop signal
2022-06-30 13:03:43.564  INFO   57 --- [er-event-loop-2] org.apache.spark.internal.Logging        : Stopping receiver with message: Stopped by driver: 
2022-06-30 13:03:43.565  INFO   57 --- [er-event-loop-2] org.apache.spark.internal.Logging        : Called receiver onStop
2022-06-30 13:03:43.566  INFO   57 --- [er-event-loop-2] org.apache.spark.internal.Logging        : Deregistering receiver 0
2022-06-30 13:03:43.569  ERROR   73 --- [er-event-loop-0] org.apache.spark.internal.Logging        : Deregistered receiver for stream 0: Stopped by driver
2022-06-30 13:03:43.570  INFO   57 --- [er-event-loop-2] org.apache.spark.internal.Logging        : Stopped receiver 0
2022-06-30 13:03:43.572  INFO   57 --- [er-event-loop-2] org.apache.spark.internal.Logging        : Stopping BlockGenerator
2022-06-30 13:03:43.802  INFO   57 --- [er-event-loop-2] org.apache.spark.internal.Logging        : Stopped timer for BlockGenerator after time 1656590623800
2022-06-30 13:03:43.803  INFO   57 --- [er-event-loop-2] org.apache.spark.internal.Logging        : Waiting for block pushing thread to terminate
2022-06-30 13:03:43.811  INFO   57 --- [      Thread-14] org.apache.spark.internal.Logging        : Pushing out the last 0 blocks
2022-06-30 13:03:43.812  INFO   57 --- [      Thread-14] org.apache.spark.internal.Logging        : Stopped block pushing thread
2022-06-30 13:03:43.816  INFO   57 --- [er-event-loop-2] org.apache.spark.internal.Logging        : Stopped BlockGenerator
2022-06-30 13:03:43.819  INFO   57 --- [age 0.0 (TID 0)] org.apache.spark.internal.Logging        : Stopped receiver without error
2022-06-30 13:03:43.826  INFO   57 --- [age 0.0 (TID 0)] org.apache.spark.internal.Logging        : Finished task 0.0 in stage 0.0 (TID 0). 880 bytes result sent to driver
2022-06-30 13:03:43.828  INFO   57 --- [result-getter-1] org.apache.spark.internal.Logging        : Finished task 0.0 in stage 0.0 (TID 0) in 5367 ms on host.docker.internal (executor driver) (1/1)
2022-06-30 13:03:43.829  INFO   57 --- [result-getter-1] org.apache.spark.internal.Logging        : Removed TaskSet 0.0, whose tasks have all completed, from pool 
2022-06-30 13:03:43.831  INFO   57 --- [uler-event-loop] org.apache.spark.internal.Logging        : ResultStage 0 (start at Application.java:243) finished in 5.870 s
2022-06-30 13:03:43.832  INFO   57 --- [uler-event-loop] org.apache.spark.internal.Logging        : Job 0 is finished. Cancelling potential speculative or zombie tasks for this job
2022-06-30 13:03:43.832  INFO   57 --- [uler-event-loop] org.apache.spark.internal.Logging        : Killing all running tasks in stage 0: Stage finished
2022-06-30 13:03:43.836  INFO   57 --- [shutdown-hook-0] org.apache.spark.internal.Logging        : All of the receivers have deregistered successfully
2022-06-30 13:03:43.837  INFO   57 --- [shutdown-hook-0] org.apache.spark.internal.Logging        : ReceiverTracker stopped
2022-06-30 13:03:43.839  INFO   57 --- [shutdown-hook-0] org.apache.spark.internal.Logging        : Stopping JobGenerator immediately
2022-06-30 13:03:43.840  INFO   57 --- [shutdown-hook-0] org.apache.spark.internal.Logging        : Stopped timer for JobGenerator after time 1656590623000
2022-06-30 13:03:43.841  INFO   57 --- [shutdown-hook-0] org.apache.spark.internal.Logging        : Stopped JobGenerator
2022-06-30 13:03:45.856  INFO   57 --- [shutdown-hook-0] org.apache.spark.internal.Logging        : Stopped JobScheduler
2022-06-30 13:03:45.861  INFO 1153 --- [shutdown-hook-0] ject.jetty.server.handler.ContextHandler : Stopped o.s.j.s.ServletContextHandler@7c1812b3{/streaming,null,STOPPED,@Spark}
2022-06-30 13:03:45.862  INFO 1153 --- [shutdown-hook-0] ject.jetty.server.handler.ContextHandler : Stopped o.s.j.s.ServletContextHandler@39e67516{/streaming/json,null,STOPPED,@Spark}
2022-06-30 13:03:45.863  INFO 1153 --- [shutdown-hook-0] ject.jetty.server.handler.ContextHandler : Stopped o.s.j.s.ServletContextHandler@67c119b7{/streaming/batch,null,STOPPED,@Spark}
2022-06-30 13:03:45.864  INFO 1153 --- [shutdown-hook-0] ject.jetty.server.handler.ContextHandler : Stopped o.s.j.s.ServletContextHandler@6c03fb16{/streaming/batch/json,null,STOPPED,@Spark}
2022-06-30 13:03:45.866  INFO 1153 --- [shutdown-hook-0] ject.jetty.server.handler.ContextHandler : Stopped o.s.j.s.ServletContextHandler@1d61c6dc{/static/streaming,null,STOPPED,@Spark}
2022-06-30 13:03:45.867  INFO   57 --- [shutdown-hook-0] org.apache.spark.internal.Logging        : StreamingContext stopped successfully
2022-06-30 13:03:45.868  INFO   57 --- [shutdown-hook-0] org.apache.spark.internal.Logging        : Invoking stop() from shutdown hook
2022-06-30 13:03:45.880  INFO  381 --- [shutdown-hook-0] rkproject.jetty.server.AbstractConnector : Stopped Spark@64712be{HTTP/1.1, (http/1.1)}{0.0.0.0:4040}
2022-06-30 13:03:45.882  INFO   57 --- [shutdown-hook-0] org.apache.spark.internal.Logging        : Stopped Spark web UI at http://host.docker.internal:4040
2022-06-30 13:03:45.888  INFO   57 --- [shutdown-hook-0] org.apache.spark.internal.Logging        : ResultStage 2 (print at Application.java:240) failed in 2.346 s due to Stage cancelled because SparkContext was shut down
2022-06-30 13:03:45.900  INFO   57 --- [er-event-loop-0] org.apache.spark.internal.Logging        : MapOutputTrackerMasterEndpoint stopped!
2022-06-30 13:03:45.917  INFO   57 --- [shutdown-hook-0] org.apache.spark.internal.Logging        : MemoryStore cleared
2022-06-30 13:03:45.918  INFO   57 --- [shutdown-hook-0] org.apache.spark.internal.Logging        : BlockManager stopped
2022-06-30 13:03:45.923  INFO   57 --- [shutdown-hook-0] org.apache.spark.internal.Logging        : BlockManagerMaster stopped
2022-06-30 13:03:45.926  INFO   57 --- [er-event-loop-3] org.apache.spark.internal.Logging        : OutputCommitCoordinator stopped!
2022-06-30 13:03:45.931  INFO   57 --- [shutdown-hook-0] org.apache.spark.internal.Logging        : Successfully stopped SparkContext
2022-06-30 13:03:45.931  INFO   57 --- [shutdown-hook-0] org.apache.spark.internal.Logging        : Shutdown hook called
2022-06-30 13:03:45.932  INFO   57 --- [shutdown-hook-0] org.apache.spark.internal.Logging        : Deleting directory C:\Users\Wael Hamdi\AppData\Local\Temp\spark-34283548-9848-4ffb-887f-ab588d2f3409
