2022-08-01 16:38:47.838  INFO   48 --- [           main] com.elite.cdr.validator.Application      : Starting ASN1 Reader 
2022-08-01 16:38:47.838  INFO   50 --- [           main] com.elite.cdr.validator.Application      : ############### Run with the args [--env, local, --file, src/main/resources/data/simpleTypes.ber, --prop, src/main/resources/myapp.properties]
2022-08-01 16:38:47.916  INFO   56 --- [           main] com.elite.cdr.validator.Application      : ############### Run in local mode
2022-08-01 16:38:49.599  INFO   57 --- [           main] org.apache.spark.internal.Logging        : Running Spark version 3.2.1
2022-08-01 16:38:50.084  INFO   57 --- [           main] org.apache.spark.internal.Logging        : ==============================================================
2022-08-01 16:38:50.084  INFO   57 --- [           main] org.apache.spark.internal.Logging        : No custom resources configured for spark.driver.
2022-08-01 16:38:50.084  INFO   57 --- [           main] org.apache.spark.internal.Logging        : ==============================================================
2022-08-01 16:38:50.084  INFO   57 --- [           main] org.apache.spark.internal.Logging        : Submitted application: NiFi Spark Streaming example
2022-08-01 16:38:50.130  INFO   57 --- [           main] org.apache.spark.internal.Logging        : Default ResourceProfile created, executor resources: Map(cores -> name: cores, amount: 1, script: , vendor: , memory -> name: memory, amount: 1024, script: , vendor: , offHeap -> name: offHeap, amount: 0, script: , vendor: ), task resources: Map(cpus -> name: cpus, amount: 1.0)
2022-08-01 16:38:50.162  INFO   57 --- [           main] org.apache.spark.internal.Logging        : Limiting resource is cpu
2022-08-01 16:38:50.162  INFO   57 --- [           main] org.apache.spark.internal.Logging        : Added ResourceProfile id: 0
2022-08-01 16:38:50.396  INFO   57 --- [           main] org.apache.spark.internal.Logging        : Changing view acls to: Wael Hamdi
2022-08-01 16:38:50.396  INFO   57 --- [           main] org.apache.spark.internal.Logging        : Changing modify acls to: Wael Hamdi
2022-08-01 16:38:50.396  INFO   57 --- [           main] org.apache.spark.internal.Logging        : Changing view acls groups to: 
2022-08-01 16:38:50.396  INFO   57 --- [           main] org.apache.spark.internal.Logging        : Changing modify acls groups to: 
2022-08-01 16:38:50.396  INFO   57 --- [           main] org.apache.spark.internal.Logging        : SecurityManager: authentication disabled; ui acls disabled; users  with view permissions: Set(Wael Hamdi); groups with view permissions: Set(); users  with modify permissions: Set(Wael Hamdi); groups with modify permissions: Set()
2022-08-01 16:38:52.818  INFO   57 --- [           main] org.apache.spark.internal.Logging        : Successfully started service 'sparkDriver' on port 56094.
2022-08-01 16:38:52.865  INFO   57 --- [           main] org.apache.spark.internal.Logging        : Registering MapOutputTracker
2022-08-01 16:38:52.912  INFO   57 --- [           main] org.apache.spark.internal.Logging        : Registering BlockManagerMaster
2022-08-01 16:38:52.943  INFO   57 --- [           main] org.apache.spark.internal.Logging        : Using org.apache.spark.storage.DefaultTopologyMapper for getting topology information
2022-08-01 16:38:52.943  INFO   57 --- [           main] org.apache.spark.internal.Logging        : BlockManagerMasterEndpoint up
2022-08-01 16:38:52.943  INFO   57 --- [           main] org.apache.spark.internal.Logging        : Registering BlockManagerMasterHeartbeat
2022-08-01 16:38:52.990  INFO   57 --- [           main] org.apache.spark.internal.Logging        : Created local directory at C:\Users\Wael Hamdi\AppData\Local\Temp\blockmgr-39e97b6f-704e-4b93-bb08-03de0db1968d
2022-08-01 16:38:53.005  INFO   57 --- [           main] org.apache.spark.internal.Logging        : MemoryStore started with capacity 897.6 MiB
2022-08-01 16:38:53.037  INFO   57 --- [           main] org.apache.spark.internal.Logging        : Registering OutputCommitCoordinator
2022-08-01 16:38:53.146  INFO  170 --- [           main] org.sparkproject.jetty.util.log.Log      : Logging initialized @6374ms to org.sparkproject.jetty.util.log.Slf4jLog
2022-08-01 16:38:53.240  INFO  375 --- [           main] org.sparkproject.jetty.server.Server     : jetty-9.4.43.v20210629; built: 2021-06-30T11:07:22.254Z; git: 526006ecfa3af7f1a27ef3a288e2bef7ea9dd7e8; jvm 1.8.0_301-b09
2022-08-01 16:38:53.271  INFO  415 --- [           main] org.sparkproject.jetty.server.Server     : Started @6502ms
2022-08-01 16:38:53.318  INFO  331 --- [           main] rkproject.jetty.server.AbstractConnector : Started ServerConnector@7caa550{HTTP/1.1, (http/1.1)}{0.0.0.0:4040}
2022-08-01 16:38:53.318  INFO   57 --- [           main] org.apache.spark.internal.Logging        : Successfully started service 'SparkUI' on port 4040.
2022-08-01 16:38:53.365  INFO  915 --- [           main] ject.jetty.server.handler.ContextHandler : Started o.s.j.s.ServletContextHandler@4da855dd{/jobs,null,AVAILABLE,@Spark}
2022-08-01 16:38:53.365  INFO  915 --- [           main] ject.jetty.server.handler.ContextHandler : Started o.s.j.s.ServletContextHandler@780ec4a5{/jobs/json,null,AVAILABLE,@Spark}
2022-08-01 16:38:53.365  INFO  915 --- [           main] ject.jetty.server.handler.ContextHandler : Started o.s.j.s.ServletContextHandler@6f70f32f{/jobs/job,null,AVAILABLE,@Spark}
2022-08-01 16:38:53.365  INFO  915 --- [           main] ject.jetty.server.handler.ContextHandler : Started o.s.j.s.ServletContextHandler@72c927f1{/jobs/job/json,null,AVAILABLE,@Spark}
2022-08-01 16:38:53.365  INFO  915 --- [           main] ject.jetty.server.handler.ContextHandler : Started o.s.j.s.ServletContextHandler@3dd69f5a{/stages,null,AVAILABLE,@Spark}
2022-08-01 16:38:53.365  INFO  915 --- [           main] ject.jetty.server.handler.ContextHandler : Started o.s.j.s.ServletContextHandler@1ee4730{/stages/json,null,AVAILABLE,@Spark}
2022-08-01 16:38:53.365  INFO  915 --- [           main] ject.jetty.server.handler.ContextHandler : Started o.s.j.s.ServletContextHandler@5003041b{/stages/stage,null,AVAILABLE,@Spark}
2022-08-01 16:38:53.365  INFO  915 --- [           main] ject.jetty.server.handler.ContextHandler : Started o.s.j.s.ServletContextHandler@23a9ba52{/stages/stage/json,null,AVAILABLE,@Spark}
2022-08-01 16:38:53.365  INFO  915 --- [           main] ject.jetty.server.handler.ContextHandler : Started o.s.j.s.ServletContextHandler@70ab80e3{/stages/pool,null,AVAILABLE,@Spark}
2022-08-01 16:38:53.380  INFO  915 --- [           main] ject.jetty.server.handler.ContextHandler : Started o.s.j.s.ServletContextHandler@67427b69{/stages/pool/json,null,AVAILABLE,@Spark}
2022-08-01 16:38:53.380  INFO  915 --- [           main] ject.jetty.server.handler.ContextHandler : Started o.s.j.s.ServletContextHandler@544630b7{/storage,null,AVAILABLE,@Spark}
2022-08-01 16:38:53.380  INFO  915 --- [           main] ject.jetty.server.handler.ContextHandler : Started o.s.j.s.ServletContextHandler@1095f122{/storage/json,null,AVAILABLE,@Spark}
2022-08-01 16:38:53.380  INFO  915 --- [           main] ject.jetty.server.handler.ContextHandler : Started o.s.j.s.ServletContextHandler@3d6300e8{/storage/rdd,null,AVAILABLE,@Spark}
2022-08-01 16:38:53.380  INFO  915 --- [           main] ject.jetty.server.handler.ContextHandler : Started o.s.j.s.ServletContextHandler@24a1c17f{/storage/rdd/json,null,AVAILABLE,@Spark}
2022-08-01 16:38:53.380  INFO  915 --- [           main] ject.jetty.server.handler.ContextHandler : Started o.s.j.s.ServletContextHandler@73511076{/environment,null,AVAILABLE,@Spark}
2022-08-01 16:38:53.380  INFO  915 --- [           main] ject.jetty.server.handler.ContextHandler : Started o.s.j.s.ServletContextHandler@532721fd{/environment/json,null,AVAILABLE,@Spark}
2022-08-01 16:38:53.380  INFO  915 --- [           main] ject.jetty.server.handler.ContextHandler : Started o.s.j.s.ServletContextHandler@7fb9f71f{/executors,null,AVAILABLE,@Spark}
2022-08-01 16:38:53.380  INFO  915 --- [           main] ject.jetty.server.handler.ContextHandler : Started o.s.j.s.ServletContextHandler@51f49060{/executors/json,null,AVAILABLE,@Spark}
2022-08-01 16:38:53.380  INFO  915 --- [           main] ject.jetty.server.handler.ContextHandler : Started o.s.j.s.ServletContextHandler@617fe9e1{/executors/threadDump,null,AVAILABLE,@Spark}
2022-08-01 16:38:53.380  INFO  915 --- [           main] ject.jetty.server.handler.ContextHandler : Started o.s.j.s.ServletContextHandler@1cf2fed4{/executors/threadDump/json,null,AVAILABLE,@Spark}
2022-08-01 16:38:53.396  INFO  915 --- [           main] ject.jetty.server.handler.ContextHandler : Started o.s.j.s.ServletContextHandler@245a26e1{/static,null,AVAILABLE,@Spark}
2022-08-01 16:38:53.396  INFO  915 --- [           main] ject.jetty.server.handler.ContextHandler : Started o.s.j.s.ServletContextHandler@1b9ea3e3{/,null,AVAILABLE,@Spark}
2022-08-01 16:38:53.412  INFO  915 --- [           main] ject.jetty.server.handler.ContextHandler : Started o.s.j.s.ServletContextHandler@55e7a35c{/api,null,AVAILABLE,@Spark}
2022-08-01 16:38:53.412  INFO  915 --- [           main] ject.jetty.server.handler.ContextHandler : Started o.s.j.s.ServletContextHandler@71f67a79{/jobs/job/kill,null,AVAILABLE,@Spark}
2022-08-01 16:38:53.412  INFO  915 --- [           main] ject.jetty.server.handler.ContextHandler : Started o.s.j.s.ServletContextHandler@62d363ab{/stages/stage/kill,null,AVAILABLE,@Spark}
2022-08-01 16:38:53.412  INFO   57 --- [           main] org.apache.spark.internal.Logging        : Bound SparkUI to 0.0.0.0, and started at http://host.docker.internal:4040
2022-08-01 16:38:53.630  INFO   57 --- [           main] org.apache.spark.internal.Logging        : Starting executor ID driver on host host.docker.internal
2022-08-01 16:38:53.740  INFO   57 --- [           main] org.apache.spark.internal.Logging        : Successfully started service 'org.apache.spark.network.netty.NettyBlockTransferService' on port 56118.
2022-08-01 16:38:53.740  INFO   82 --- [           main] .network.netty.NettyBlockTransferService : Server created on host.docker.internal:56118
2022-08-01 16:38:53.740  INFO   57 --- [           main] org.apache.spark.internal.Logging        : Using org.apache.spark.storage.RandomBlockReplicationPolicy for block replication policy
2022-08-01 16:38:53.755  INFO   57 --- [           main] org.apache.spark.internal.Logging        : Registering BlockManager BlockManagerId(driver, host.docker.internal, 56118, None)
2022-08-01 16:38:53.755  INFO   57 --- [ckManagerMaster] org.apache.spark.internal.Logging        : Registering block manager host.docker.internal:56118 with 897.6 MiB RAM, BlockManagerId(driver, host.docker.internal, 56118, None)
2022-08-01 16:38:53.771  INFO   57 --- [           main] org.apache.spark.internal.Logging        : Registered BlockManager BlockManagerId(driver, host.docker.internal, 56118, None)
2022-08-01 16:38:53.771  INFO   57 --- [           main] org.apache.spark.internal.Logging        : Initialized BlockManager: BlockManagerId(driver, host.docker.internal, 56118, None)
2022-08-01 16:38:54.068  INFO  915 --- [           main] ject.jetty.server.handler.ContextHandler : Started o.s.j.s.ServletContextHandler@69b2f8e5{/metrics/json,null,AVAILABLE,@Spark}
2022-08-01 16:38:54.802  INFO   57 --- [streaming-start] org.apache.spark.internal.Logging        : Starting 1 receivers
2022-08-01 16:38:54.818  INFO   57 --- [streaming-start] org.apache.spark.internal.Logging        : ReceiverTracker started
2022-08-01 16:38:54.818  INFO   57 --- [streaming-start] org.apache.spark.internal.Logging        : Slide time = 1000 ms
2022-08-01 16:38:54.818  INFO   57 --- [streaming-start] org.apache.spark.internal.Logging        : Storage level = Serialized 1x Replicated
2022-08-01 16:38:54.818  INFO   57 --- [streaming-start] org.apache.spark.internal.Logging        : Checkpoint interval = null
2022-08-01 16:38:54.818  INFO   57 --- [streaming-start] org.apache.spark.internal.Logging        : Remember interval = 1000 ms
2022-08-01 16:38:54.818  INFO   57 --- [streaming-start] org.apache.spark.internal.Logging        : Initialized and validated org.apache.spark.streaming.dstream.PluggableInputDStream@64e2ed16
2022-08-01 16:38:54.818  INFO   57 --- [streaming-start] org.apache.spark.internal.Logging        : Slide time = 1000 ms
2022-08-01 16:38:54.818  INFO   57 --- [streaming-start] org.apache.spark.internal.Logging        : Storage level = Serialized 1x Replicated
2022-08-01 16:38:54.818  INFO   57 --- [streaming-start] org.apache.spark.internal.Logging        : Checkpoint interval = null
2022-08-01 16:38:54.834  INFO   57 --- [streaming-start] org.apache.spark.internal.Logging        : Remember interval = 1000 ms
2022-08-01 16:38:54.834  INFO   57 --- [streaming-start] org.apache.spark.internal.Logging        : Initialized and validated org.apache.spark.streaming.dstream.MappedDStream@4100e35c
2022-08-01 16:38:54.834  INFO   57 --- [streaming-start] org.apache.spark.internal.Logging        : Slide time = 1000 ms
2022-08-01 16:38:54.834  INFO   57 --- [streaming-start] org.apache.spark.internal.Logging        : Storage level = Serialized 1x Replicated
2022-08-01 16:38:54.834  INFO   57 --- [streaming-start] org.apache.spark.internal.Logging        : Checkpoint interval = null
2022-08-01 16:38:54.834  INFO   57 --- [streaming-start] org.apache.spark.internal.Logging        : Remember interval = 1000 ms
2022-08-01 16:38:54.834  INFO   57 --- [streaming-start] org.apache.spark.internal.Logging        : Initialized and validated org.apache.spark.streaming.dstream.ForEachDStream@2033ddf2
2022-08-01 16:38:54.943  INFO   57 --- [streaming-start] org.apache.spark.internal.Logging        : Started timer for JobGenerator at time 1659368335000
2022-08-01 16:38:54.943  INFO   57 --- [streaming-start] org.apache.spark.internal.Logging        : Started JobGenerator at 1659368335000 ms
2022-08-01 16:38:54.959  INFO   57 --- [er-event-loop-3] org.apache.spark.internal.Logging        : Receiver 0 started
2022-08-01 16:38:54.959  INFO   57 --- [streaming-start] org.apache.spark.internal.Logging        : Started JobScheduler
2022-08-01 16:38:54.972  INFO  915 --- [           main] ject.jetty.server.handler.ContextHandler : Started o.s.j.s.ServletContextHandler@3f672204{/streaming,null,AVAILABLE,@Spark}
2022-08-01 16:38:54.974  INFO  915 --- [           main] ject.jetty.server.handler.ContextHandler : Started o.s.j.s.ServletContextHandler@2c2db130{/streaming/json,null,AVAILABLE,@Spark}
2022-08-01 16:38:54.976  INFO  915 --- [           main] ject.jetty.server.handler.ContextHandler : Started o.s.j.s.ServletContextHandler@7cf283e1{/streaming/batch,null,AVAILABLE,@Spark}
2022-08-01 16:38:54.978  INFO  915 --- [           main] ject.jetty.server.handler.ContextHandler : Started o.s.j.s.ServletContextHandler@60737b23{/streaming/batch/json,null,AVAILABLE,@Spark}
2022-08-01 16:38:54.987  INFO  915 --- [           main] ject.jetty.server.handler.ContextHandler : Started o.s.j.s.ServletContextHandler@48284d0e{/static/streaming,null,AVAILABLE,@Spark}
2022-08-01 16:38:54.988  INFO   57 --- [uler-event-loop] org.apache.spark.internal.Logging        : Got job 0 (start at Application.java:156) with 1 output partitions
2022-08-01 16:38:54.989  INFO   57 --- [           main] org.apache.spark.internal.Logging        : StreamingContext started
2022-08-01 16:38:54.989  INFO   57 --- [uler-event-loop] org.apache.spark.internal.Logging        : Final stage: ResultStage 0 (start at Application.java:156)
2022-08-01 16:38:54.990  INFO   57 --- [uler-event-loop] org.apache.spark.internal.Logging        : Parents of final stage: List()
2022-08-01 16:38:54.990  INFO   57 --- [uler-event-loop] org.apache.spark.internal.Logging        : Missing parents: List()
2022-08-01 16:38:54.990  INFO   57 --- [uler-event-loop] org.apache.spark.internal.Logging        : Submitting ResultStage 0 (Receiver 0 ParallelCollectionRDD[0] at makeRDD at ReceiverTracker.scala:609), which has no missing parents
2022-08-01 16:38:55.101  INFO   57 --- [   JobGenerator] org.apache.spark.internal.Logging        : Added jobs for time 1659368335000 ms
2022-08-01 16:38:55.114  INFO   57 --- [   JobScheduler] org.apache.spark.internal.Logging        : Starting job streaming job 1659368335000 ms.0 from job set of time 1659368335000 ms
2022-08-01 16:38:55.229  WARN   69 --- [-job-executor-0] org.apache.spark.internal.Logging        : Using an existing SparkContext; some configuration may not take effect.
2022-08-01 16:38:55.300  INFO   57 --- [uler-event-loop] org.apache.spark.internal.Logging        : Block broadcast_0 stored as values in memory (estimated size 97.5 KiB, free 897.5 MiB)
2022-08-01 16:38:55.488  INFO   57 --- [uler-event-loop] org.apache.spark.internal.Logging        : Block broadcast_0_piece0 stored as bytes in memory (estimated size 34.2 KiB, free 897.5 MiB)
2022-08-01 16:38:55.496  INFO   57 --- [ckManagerMaster] org.apache.spark.internal.Logging        : Added broadcast_0_piece0 in memory on host.docker.internal:56118 (size: 34.2 KiB, free: 897.6 MiB)
2022-08-01 16:38:55.505  INFO   57 --- [uler-event-loop] org.apache.spark.internal.Logging        : Created broadcast 0 from broadcast at DAGScheduler.scala:1478
2022-08-01 16:38:55.529  INFO   57 --- [uler-event-loop] org.apache.spark.internal.Logging        : Submitting 1 missing tasks from ResultStage 0 (Receiver 0 ParallelCollectionRDD[0] at makeRDD at ReceiverTracker.scala:609) (first 15 tasks are for partitions Vector(0))
2022-08-01 16:38:55.532  INFO   57 --- [uler-event-loop] org.apache.spark.internal.Logging        : Adding task set 0.0 with 1 tasks resource profile 0
2022-08-01 16:38:55.668  INFO   57 --- [er-event-loop-0] org.apache.spark.internal.Logging        : Starting task 0.0 in stage 0.0 (TID 0) (host.docker.internal, executor driver, partition 0, PROCESS_LOCAL, 5950 bytes) taskResourceAssignments Map()
2022-08-01 16:38:55.695  INFO   57 --- [age 0.0 (TID 0)] org.apache.spark.internal.Logging        : Running task 0.0 in stage 0.0 (TID 0)
2022-08-01 16:38:55.723  INFO   57 --- [-job-executor-0] org.apache.spark.internal.Logging        : Setting hive.metastore.warehouse.dir ('null') to the value of spark.sql.warehouse.dir.
2022-08-01 16:38:56.006  INFO   57 --- [   JobGenerator] org.apache.spark.internal.Logging        : Added jobs for time 1659368336000 ms
2022-08-01 16:38:56.239  INFO   57 --- [age 0.0 (TID 0)] org.apache.spark.internal.Logging        : Started timer for BlockGenerator at time 1659368336400
2022-08-01 16:38:56.242  INFO   57 --- [age 0.0 (TID 0)] org.apache.spark.internal.Logging        : Started BlockGenerator
2022-08-01 16:38:56.253  INFO   57 --- [      Thread-14] org.apache.spark.internal.Logging        : Started block pushing thread
2022-08-01 16:38:56.256  INFO   57 --- [er-event-loop-0] org.apache.spark.internal.Logging        : Registered receiver for stream 0 from host.docker.internal:56094
2022-08-01 16:38:56.258  INFO   57 --- [age 0.0 (TID 0)] org.apache.spark.internal.Logging        : Starting receiver 0
2022-08-01 16:38:56.260  INFO   57 --- [age 0.0 (TID 0)] org.apache.spark.internal.Logging        : Called receiver 0 onStart
2022-08-01 16:38:56.261  INFO   57 --- [age 0.0 (TID 0)] org.apache.spark.internal.Logging        : Waiting for receiver to be stopped
2022-08-01 16:38:56.828  INFO   57 --- [-job-executor-0] org.apache.spark.internal.Logging        : Warehouse path is 'file:/C:/IntelliJProjects/NifiSparkStreaming/spark-warehouse'.
2022-08-01 16:38:56.852  INFO  915 --- [-job-executor-0] ject.jetty.server.handler.ContextHandler : Started o.s.j.s.ServletContextHandler@7d3caeb4{/SQL,null,AVAILABLE,@Spark}
2022-08-01 16:38:56.853  INFO  915 --- [-job-executor-0] ject.jetty.server.handler.ContextHandler : Started o.s.j.s.ServletContextHandler@5db2bffd{/SQL/json,null,AVAILABLE,@Spark}
2022-08-01 16:38:56.856  INFO  915 --- [-job-executor-0] ject.jetty.server.handler.ContextHandler : Started o.s.j.s.ServletContextHandler@78a05b5c{/SQL/execution,null,AVAILABLE,@Spark}
2022-08-01 16:38:56.857  INFO  915 --- [-job-executor-0] ject.jetty.server.handler.ContextHandler : Started o.s.j.s.ServletContextHandler@50f5e138{/SQL/execution/json,null,AVAILABLE,@Spark}
2022-08-01 16:38:56.860  INFO  915 --- [-job-executor-0] ject.jetty.server.handler.ContextHandler : Started o.s.j.s.ServletContextHandler@748dbaad{/static/sql,null,AVAILABLE,@Spark}
2022-08-01 16:38:57.016  INFO   57 --- [   JobGenerator] org.apache.spark.internal.Logging        : Added jobs for time 1659368337000 ms
2022-08-01 16:38:57.956  INFO  571 --- [ool Maintenance] g.apache.nifi.remote.client.PeerSelector : Successfully refreshed peer status cache; remote group consists of 1 peers
2022-08-01 16:38:57.968  INFO  571 --- [  NiFi Receiver] g.apache.nifi.remote.client.PeerSelector : Successfully refreshed peer status cache; remote group consists of 1 peers
2022-08-01 16:38:58.002  INFO   57 --- [   JobGenerator] org.apache.spark.internal.Logging        : Added jobs for time 1659368338000 ms
2022-08-01 16:38:58.158  INFO   57 --- [  NiFi Receiver] org.apache.spark.internal.Logging        : Block input-0-1659368336226 stored as values in memory (estimated size 5.1 MiB, free 892.4 MiB)
2022-08-01 16:38:58.162  INFO   57 --- [ckManagerMaster] org.apache.spark.internal.Logging        : Added input-0-1659368336226 in memory on host.docker.internal:56118 (size: 5.1 MiB, free: 892.5 MiB)
2022-08-01 16:38:59.006  INFO   57 --- [   JobGenerator] org.apache.spark.internal.Logging        : Added jobs for time 1659368339000 ms
2022-08-01 16:39:00.003  INFO   57 --- [   JobGenerator] org.apache.spark.internal.Logging        : Added jobs for time 1659368340000 ms
2022-08-01 16:39:01.003  INFO   57 --- [   JobGenerator] org.apache.spark.internal.Logging        : Added jobs for time 1659368341000 ms
2022-08-01 16:39:02.002  INFO   57 --- [   JobGenerator] org.apache.spark.internal.Logging        : Added jobs for time 1659368342000 ms
2022-08-01 16:39:02.133  INFO   57 --- [-job-executor-0] org.apache.spark.internal.Logging        : Code generated in 278.3364 ms
2022-08-01 16:39:02.168  INFO   57 --- [   JobScheduler] org.apache.spark.internal.Logging        : Finished job streaming job 1659368335000 ms.0 from job set of time 1659368335000 ms
2022-08-01 16:39:02.174  WARN   69 --- [-job-executor-0] org.apache.spark.internal.Logging        : Using an existing SparkSession; the static sql configurations will not take effect.
2022-08-01 16:39:02.175  INFO   57 --- [   JobScheduler] org.apache.spark.internal.Logging        : Total delay: 7.167 s for time 1659368335000 ms (execution: 7.057 s)
2022-08-01 16:39:02.175  INFO   57 --- [   JobScheduler] org.apache.spark.internal.Logging        : Starting job streaming job 1659368336000 ms.0 from job set of time 1659368336000 ms
2022-08-01 16:39:02.175  WARN   69 --- [-job-executor-0] org.apache.spark.internal.Logging        : Using an existing SparkSession; some spark core configurations may not take effect.
2022-08-01 16:39:02.183  INFO   57 --- [   JobGenerator] org.apache.spark.internal.Logging        : Deleting batches: 
2022-08-01 16:39:02.186  INFO   57 --- [   JobGenerator] org.apache.spark.internal.Logging        : remove old batch metadata: 
2022-08-01 16:39:02.287  INFO   57 --- [   JobScheduler] org.apache.spark.internal.Logging        : Finished job streaming job 1659368336000 ms.0 from job set of time 1659368336000 ms
2022-08-01 16:39:02.289  INFO   57 --- [   JobScheduler] org.apache.spark.internal.Logging        : Total delay: 6.287 s for time 1659368336000 ms (execution: 0.112 s)
2022-08-01 16:39:02.291  INFO   57 --- [   JobScheduler] org.apache.spark.internal.Logging        : Starting job streaming job 1659368337000 ms.0 from job set of time 1659368337000 ms
2022-08-01 16:39:02.293  INFO   57 --- [   JobGenerator] org.apache.spark.internal.Logging        : Removing RDD 2 from persistence list
2022-08-01 16:39:02.290  WARN   69 --- [-job-executor-0] org.apache.spark.internal.Logging        : Using an existing SparkSession; the static sql configurations will not take effect.
2022-08-01 16:39:02.299  WARN   69 --- [-job-executor-0] org.apache.spark.internal.Logging        : Using an existing SparkSession; some spark core configurations may not take effect.
2022-08-01 16:39:02.336  INFO   57 --- [   JobGenerator] org.apache.spark.internal.Logging        : Removing RDD 1 from persistence list
2022-08-01 16:39:02.339  INFO   57 --- [   JobGenerator] org.apache.spark.internal.Logging        : Removing blocks of RDD BlockRDD[1] at receiverStream at Application.java:122 of time 1659368336000 ms
2022-08-01 16:39:02.340  INFO   57 --- [c-thread-pool-0] org.apache.spark.internal.Logging        : Removing RDD 2
2022-08-01 16:39:02.341  INFO   57 --- [   JobGenerator] org.apache.spark.internal.Logging        : Deleting batches: 
2022-08-01 16:39:02.342  INFO   57 --- [   JobGenerator] org.apache.spark.internal.Logging        : remove old batch metadata: 
2022-08-01 16:39:02.341  INFO   57 --- [c-thread-pool-1] org.apache.spark.internal.Logging        : Removing RDD 1
2022-08-01 16:39:02.390  INFO   57 --- [   JobScheduler] org.apache.spark.internal.Logging        : Finished job streaming job 1659368337000 ms.0 from job set of time 1659368337000 ms
2022-08-01 16:39:02.390  INFO   57 --- [   JobScheduler] org.apache.spark.internal.Logging        : Total delay: 5.390 s for time 1659368337000 ms (execution: 0.099 s)
2022-08-01 16:39:02.391  INFO   57 --- [   JobScheduler] org.apache.spark.internal.Logging        : Starting job streaming job 1659368338000 ms.0 from job set of time 1659368338000 ms
2022-08-01 16:39:02.391  INFO   57 --- [   JobGenerator] org.apache.spark.internal.Logging        : Removing RDD 6 from persistence list
2022-08-01 16:39:02.393  WARN   69 --- [-job-executor-0] org.apache.spark.internal.Logging        : Using an existing SparkSession; the static sql configurations will not take effect.
2022-08-01 16:39:02.393  WARN   69 --- [-job-executor-0] org.apache.spark.internal.Logging        : Using an existing SparkSession; some spark core configurations may not take effect.
2022-08-01 16:39:02.393  INFO   57 --- [   JobGenerator] org.apache.spark.internal.Logging        : Removing RDD 5 from persistence list
2022-08-01 16:39:02.394  INFO   57 --- [c-thread-pool-6] org.apache.spark.internal.Logging        : Removing RDD 6
2022-08-01 16:39:02.396  INFO   57 --- [c-thread-pool-7] org.apache.spark.internal.Logging        : Removing RDD 5
2022-08-01 16:39:02.395  INFO   57 --- [   JobGenerator] org.apache.spark.internal.Logging        : Removing blocks of RDD BlockRDD[5] at receiverStream at Application.java:122 of time 1659368337000 ms
2022-08-01 16:39:02.398  INFO   57 --- [   JobGenerator] org.apache.spark.internal.Logging        : Deleting batches: 1659368335000 ms
2022-08-01 16:39:02.399  INFO   57 --- [   JobGenerator] org.apache.spark.internal.Logging        : remove old batch metadata: 1659368335000 ms
2022-08-01 16:39:02.458  INFO   57 --- [   JobScheduler] org.apache.spark.internal.Logging        : Finished job streaming job 1659368338000 ms.0 from job set of time 1659368338000 ms
2022-08-01 16:39:02.460  INFO   57 --- [   JobScheduler] org.apache.spark.internal.Logging        : Total delay: 4.458 s for time 1659368338000 ms (execution: 0.067 s)
2022-08-01 16:39:02.462  WARN   69 --- [-job-executor-0] org.apache.spark.internal.Logging        : Using an existing SparkSession; the static sql configurations will not take effect.
2022-08-01 16:39:02.463  WARN   69 --- [-job-executor-0] org.apache.spark.internal.Logging        : Using an existing SparkSession; some spark core configurations may not take effect.
2022-08-01 16:39:02.465  INFO   57 --- [   JobScheduler] org.apache.spark.internal.Logging        : Starting job streaming job 1659368339000 ms.0 from job set of time 1659368339000 ms
2022-08-01 16:39:02.466  INFO   57 --- [   JobGenerator] org.apache.spark.internal.Logging        : Removing RDD 8 from persistence list
2022-08-01 16:39:02.471  INFO   57 --- [   JobGenerator] org.apache.spark.internal.Logging        : Removing RDD 7 from persistence list
2022-08-01 16:39:02.486  INFO   57 --- [   JobGenerator] org.apache.spark.internal.Logging        : Removing blocks of RDD BlockRDD[7] at receiverStream at Application.java:122 of time 1659368338000 ms
2022-08-01 16:39:02.486  INFO   57 --- [   JobGenerator] org.apache.spark.internal.Logging        : Deleting batches: 1659368336000 ms
2022-08-01 16:39:02.487  INFO   57 --- [   JobGenerator] org.apache.spark.internal.Logging        : remove old batch metadata: 1659368336000 ms
2022-08-01 16:39:02.488  INFO   57 --- [-thread-pool-12] org.apache.spark.internal.Logging        : Removing RDD 8
2022-08-01 16:39:02.490  INFO   57 --- [-thread-pool-13] org.apache.spark.internal.Logging        : Removing RDD 7
2022-08-01 16:39:02.552  INFO   57 --- [-job-executor-0] org.apache.spark.internal.Logging        : Starting job: show at Application.java:146
2022-08-01 16:39:02.556  INFO   57 --- [uler-event-loop] org.apache.spark.internal.Logging        : Got job 1 (show at Application.java:146) with 1 output partitions
2022-08-01 16:39:02.556  INFO   57 --- [uler-event-loop] org.apache.spark.internal.Logging        : Final stage: ResultStage 1 (show at Application.java:146)
2022-08-01 16:39:02.556  INFO   57 --- [uler-event-loop] org.apache.spark.internal.Logging        : Parents of final stage: List()
2022-08-01 16:39:02.556  INFO   57 --- [uler-event-loop] org.apache.spark.internal.Logging        : Missing parents: List()
2022-08-01 16:39:02.558  INFO   57 --- [uler-event-loop] org.apache.spark.internal.Logging        : Submitting ResultStage 1 (MapPartitionsRDD[36] at show at Application.java:146), which has no missing parents
2022-08-01 16:39:02.588  INFO   57 --- [uler-event-loop] org.apache.spark.internal.Logging        : Block broadcast_1 stored as values in memory (estimated size 12.9 KiB, free 892.4 MiB)
2022-08-01 16:39:02.594  INFO   57 --- [uler-event-loop] org.apache.spark.internal.Logging        : Block broadcast_1_piece0 stored as bytes in memory (estimated size 5.8 KiB, free 892.4 MiB)
2022-08-01 16:39:02.596  INFO   57 --- [ckManagerMaster] org.apache.spark.internal.Logging        : Added broadcast_1_piece0 in memory on host.docker.internal:56118 (size: 5.8 KiB, free: 892.5 MiB)
2022-08-01 16:39:02.597  INFO   57 --- [uler-event-loop] org.apache.spark.internal.Logging        : Created broadcast 1 from broadcast at DAGScheduler.scala:1478
2022-08-01 16:39:02.598  INFO   57 --- [uler-event-loop] org.apache.spark.internal.Logging        : Submitting 1 missing tasks from ResultStage 1 (MapPartitionsRDD[36] at show at Application.java:146) (first 15 tasks are for partitions Vector(0))
2022-08-01 16:39:02.598  INFO   57 --- [uler-event-loop] org.apache.spark.internal.Logging        : Adding task set 1.0 with 1 tasks resource profile 0
2022-08-01 16:39:02.603  INFO   57 --- [er-event-loop-1] org.apache.spark.internal.Logging        : Starting task 0.0 in stage 1.0 (TID 1) (host.docker.internal, executor driver, partition 0, PROCESS_LOCAL, 4394 bytes) taskResourceAssignments Map()
2022-08-01 16:39:02.607  INFO   57 --- [age 1.0 (TID 1)] org.apache.spark.internal.Logging        : Running task 0.0 in stage 1.0 (TID 1)
2022-08-01 16:39:02.890  INFO   57 --- [age 1.0 (TID 1)] org.apache.spark.internal.Logging        : Found block input-0-1659368336226 locally
2022-08-01 16:39:03.006  INFO   57 --- [   JobGenerator] org.apache.spark.internal.Logging        : Added jobs for time 1659368343000 ms
2022-08-01 16:39:03.311  INFO   57 --- [age 1.0 (TID 1)] org.apache.spark.internal.Logging        : 1 block locks were not released by task 0.0 in stage 1.0 (TID 1)
[input-0-1659368336226]
2022-08-01 16:39:03.332  INFO   57 --- [age 1.0 (TID 1)] org.apache.spark.internal.Logging        : Finished task 0.0 in stage 1.0 (TID 1). 2562 bytes result sent to driver
2022-08-01 16:39:03.346  INFO   57 --- [result-getter-0] org.apache.spark.internal.Logging        : Finished task 0.0 in stage 1.0 (TID 1) in 741 ms on host.docker.internal (executor driver) (1/1)
2022-08-01 16:39:03.350  INFO   57 --- [result-getter-0] org.apache.spark.internal.Logging        : Removed TaskSet 1.0, whose tasks have all completed, from pool 
2022-08-01 16:39:03.360  INFO   57 --- [uler-event-loop] org.apache.spark.internal.Logging        : ResultStage 1 (show at Application.java:146) finished in 0.792 s
2022-08-01 16:39:03.366  INFO   57 --- [uler-event-loop] org.apache.spark.internal.Logging        : Job 1 is finished. Cancelling potential speculative or zombie tasks for this job
2022-08-01 16:39:03.367  INFO   57 --- [uler-event-loop] org.apache.spark.internal.Logging        : Killing all running tasks in stage 1: Stage finished
2022-08-01 16:39:03.370  INFO   57 --- [-job-executor-0] org.apache.spark.internal.Logging        : Job 1 finished: show at Application.java:146, took 0.817618 s
2022-08-01 16:39:03.458  INFO   57 --- [-job-executor-0] org.apache.spark.internal.Logging        : Code generated in 45.0587 ms
2022-08-01 16:39:03.479  INFO   57 --- [   JobScheduler] org.apache.spark.internal.Logging        : Finished job streaming job 1659368339000 ms.0 from job set of time 1659368339000 ms
2022-08-01 16:39:03.479  INFO   57 --- [   JobScheduler] org.apache.spark.internal.Logging        : Total delay: 4.479 s for time 1659368339000 ms (execution: 1.018 s)
2022-08-01 16:39:03.482  INFO   57 --- [   JobGenerator] org.apache.spark.internal.Logging        : Removing RDD 10 from persistence list
2022-08-01 16:39:03.486  INFO   57 --- [   JobGenerator] org.apache.spark.internal.Logging        : Removing RDD 9 from persistence list
2022-08-01 16:39:03.487  INFO   57 --- [   JobScheduler] org.apache.spark.internal.Logging        : Starting job streaming job 1659368340000 ms.0 from job set of time 1659368340000 ms
2022-08-01 16:39:03.488  INFO   57 --- [   JobGenerator] org.apache.spark.internal.Logging        : Removing blocks of RDD BlockRDD[9] at receiverStream at Application.java:122 of time 1659368339000 ms
2022-08-01 16:39:03.489  INFO   57 --- [   JobGenerator] org.apache.spark.internal.Logging        : Deleting batches: 1659368337000 ms
2022-08-01 16:39:03.489  INFO   57 --- [   JobGenerator] org.apache.spark.internal.Logging        : remove old batch metadata: 1659368337000 ms
2022-08-01 16:39:03.490  INFO   57 --- [-thread-pool-18] org.apache.spark.internal.Logging        : Removing RDD 10
2022-08-01 16:39:03.493  INFO   57 --- [-thread-pool-19] org.apache.spark.internal.Logging        : Removing RDD 9
2022-08-01 16:39:03.495  WARN   69 --- [-job-executor-0] org.apache.spark.internal.Logging        : Using an existing SparkSession; the static sql configurations will not take effect.
2022-08-01 16:39:03.496  WARN   69 --- [-job-executor-0] org.apache.spark.internal.Logging        : Using an existing SparkSession; some spark core configurations may not take effect.
2022-08-01 16:39:03.598  INFO   57 --- [   JobScheduler] org.apache.spark.internal.Logging        : Finished job streaming job 1659368340000 ms.0 from job set of time 1659368340000 ms
2022-08-01 16:39:03.599  INFO   57 --- [   JobScheduler] org.apache.spark.internal.Logging        : Total delay: 3.598 s for time 1659368340000 ms (execution: 0.111 s)
2022-08-01 16:39:03.599  INFO   57 --- [   JobScheduler] org.apache.spark.internal.Logging        : Starting job streaming job 1659368341000 ms.0 from job set of time 1659368341000 ms
2022-08-01 16:39:03.602  WARN   69 --- [-job-executor-0] org.apache.spark.internal.Logging        : Using an existing SparkSession; the static sql configurations will not take effect.
2022-08-01 16:39:03.603  WARN   69 --- [-job-executor-0] org.apache.spark.internal.Logging        : Using an existing SparkSession; some spark core configurations may not take effect.
2022-08-01 16:39:03.604  INFO   57 --- [   JobGenerator] org.apache.spark.internal.Logging        : Removing RDD 12 from persistence list
2022-08-01 16:39:03.613  INFO   57 --- [   JobGenerator] org.apache.spark.internal.Logging        : Removing RDD 11 from persistence list
2022-08-01 16:39:03.635  INFO   57 --- [   JobGenerator] org.apache.spark.internal.Logging        : Removing blocks of RDD BlockRDD[11] at receiverStream at Application.java:122 of time 1659368340000 ms
2022-08-01 16:39:03.642  INFO   57 --- [   JobGenerator] org.apache.spark.internal.Logging        : Deleting batches: 1659368338000 ms
2022-08-01 16:39:03.643  INFO   57 --- [   JobGenerator] org.apache.spark.internal.Logging        : remove old batch metadata: 1659368338000 ms
2022-08-01 16:39:03.653  INFO   57 --- [-thread-pool-24] org.apache.spark.internal.Logging        : Removing RDD 12
2022-08-01 16:39:03.657  INFO   57 --- [-thread-pool-26] org.apache.spark.internal.Logging        : Removing RDD 11
2022-08-01 16:39:03.674  INFO   57 --- [ckManagerMaster] org.apache.spark.internal.Logging        : Removed input-0-1659368336226 on host.docker.internal:56118 in memory (size: 5.1 MiB, free: 897.6 MiB)
2022-08-01 16:39:03.677  INFO   57 --- [ckManagerMaster] org.apache.spark.internal.Logging        : Removed broadcast_1_piece0 on host.docker.internal:56118 in memory (size: 5.8 KiB, free: 897.6 MiB)
2022-08-01 16:39:03.711  INFO   57 --- [   JobScheduler] org.apache.spark.internal.Logging        : Finished job streaming job 1659368341000 ms.0 from job set of time 1659368341000 ms
2022-08-01 16:39:03.711  INFO   57 --- [   JobScheduler] org.apache.spark.internal.Logging        : Total delay: 2.711 s for time 1659368341000 ms (execution: 0.112 s)
2022-08-01 16:39:03.712  INFO   57 --- [   JobGenerator] org.apache.spark.internal.Logging        : Removing RDD 14 from persistence list
2022-08-01 16:39:03.712  INFO   57 --- [   JobScheduler] org.apache.spark.internal.Logging        : Starting job streaming job 1659368342000 ms.0 from job set of time 1659368342000 ms
2022-08-01 16:39:03.713  INFO   57 --- [   JobGenerator] org.apache.spark.internal.Logging        : Removing RDD 13 from persistence list
2022-08-01 16:39:03.714  INFO   57 --- [   JobGenerator] org.apache.spark.internal.Logging        : Removing blocks of RDD BlockRDD[13] at receiverStream at Application.java:122 of time 1659368341000 ms
2022-08-01 16:39:03.715  INFO   57 --- [   JobGenerator] org.apache.spark.internal.Logging        : Deleting batches: 1659368339000 ms
2022-08-01 16:39:03.715  INFO   57 --- [   JobGenerator] org.apache.spark.internal.Logging        : remove old batch metadata: 1659368339000 ms
2022-08-01 16:39:03.718  INFO   57 --- [-thread-pool-36] org.apache.spark.internal.Logging        : Removing RDD 14
2022-08-01 16:39:03.720  WARN   69 --- [-job-executor-0] org.apache.spark.internal.Logging        : Using an existing SparkSession; the static sql configurations will not take effect.
2022-08-01 16:39:03.720  WARN   69 --- [-job-executor-0] org.apache.spark.internal.Logging        : Using an existing SparkSession; some spark core configurations may not take effect.
2022-08-01 16:39:03.724  INFO   57 --- [-thread-pool-37] org.apache.spark.internal.Logging        : Removing RDD 13
2022-08-01 16:39:03.781  INFO   57 --- [   JobScheduler] org.apache.spark.internal.Logging        : Finished job streaming job 1659368342000 ms.0 from job set of time 1659368342000 ms
2022-08-01 16:39:03.782  INFO   57 --- [   JobScheduler] org.apache.spark.internal.Logging        : Total delay: 1.781 s for time 1659368342000 ms (execution: 0.069 s)
2022-08-01 16:39:03.782  INFO   57 --- [   JobGenerator] org.apache.spark.internal.Logging        : Removing RDD 16 from persistence list
2022-08-01 16:39:03.782  INFO   57 --- [   JobScheduler] org.apache.spark.internal.Logging        : Starting job streaming job 1659368343000 ms.0 from job set of time 1659368343000 ms
2022-08-01 16:39:03.783  INFO   57 --- [   JobGenerator] org.apache.spark.internal.Logging        : Removing RDD 15 from persistence list
2022-08-01 16:39:03.785  WARN   69 --- [-job-executor-0] org.apache.spark.internal.Logging        : Using an existing SparkSession; the static sql configurations will not take effect.
2022-08-01 16:39:03.785  WARN   69 --- [-job-executor-0] org.apache.spark.internal.Logging        : Using an existing SparkSession; some spark core configurations may not take effect.
2022-08-01 16:39:03.788  INFO   57 --- [   JobGenerator] org.apache.spark.internal.Logging        : Removing blocks of RDD BlockRDD[15] at receiverStream at Application.java:122 of time 1659368342000 ms
2022-08-01 16:39:03.789  INFO   57 --- [   JobGenerator] org.apache.spark.internal.Logging        : Deleting batches: 1659368340000 ms
2022-08-01 16:39:03.789  INFO   57 --- [   JobGenerator] org.apache.spark.internal.Logging        : remove old batch metadata: 1659368340000 ms
2022-08-01 16:39:03.790  INFO   57 --- [-thread-pool-42] org.apache.spark.internal.Logging        : Removing RDD 16
2022-08-01 16:39:03.797  INFO   57 --- [-thread-pool-43] org.apache.spark.internal.Logging        : Removing RDD 15
2022-08-01 16:39:03.892  INFO   57 --- [   JobScheduler] org.apache.spark.internal.Logging        : Finished job streaming job 1659368343000 ms.0 from job set of time 1659368343000 ms
2022-08-01 16:39:03.894  INFO   57 --- [   JobScheduler] org.apache.spark.internal.Logging        : Total delay: 0.892 s for time 1659368343000 ms (execution: 0.110 s)
2022-08-01 16:39:03.897  INFO   57 --- [   JobGenerator] org.apache.spark.internal.Logging        : Removing RDD 18 from persistence list
2022-08-01 16:39:03.898  INFO   57 --- [   JobGenerator] org.apache.spark.internal.Logging        : Removing RDD 17 from persistence list
2022-08-01 16:39:03.908  INFO   57 --- [   JobGenerator] org.apache.spark.internal.Logging        : Removing blocks of RDD BlockRDD[17] at receiverStream at Application.java:122 of time 1659368343000 ms
2022-08-01 16:39:03.908  INFO   57 --- [   JobGenerator] org.apache.spark.internal.Logging        : Deleting batches: 1659368341000 ms
2022-08-01 16:39:03.909  INFO   57 --- [   JobGenerator] org.apache.spark.internal.Logging        : remove old batch metadata: 1659368341000 ms
2022-08-01 16:39:03.913  INFO   57 --- [-thread-pool-48] org.apache.spark.internal.Logging        : Removing RDD 18
2022-08-01 16:39:03.921  INFO   57 --- [-thread-pool-49] org.apache.spark.internal.Logging        : Removing RDD 17
2022-08-01 16:39:04.002  INFO   57 --- [   JobGenerator] org.apache.spark.internal.Logging        : Added jobs for time 1659368344000 ms
2022-08-01 16:39:04.003  INFO   57 --- [   JobScheduler] org.apache.spark.internal.Logging        : Starting job streaming job 1659368344000 ms.0 from job set of time 1659368344000 ms
2022-08-01 16:39:04.006  WARN   69 --- [-job-executor-0] org.apache.spark.internal.Logging        : Using an existing SparkSession; the static sql configurations will not take effect.
2022-08-01 16:39:04.007  WARN   69 --- [-job-executor-0] org.apache.spark.internal.Logging        : Using an existing SparkSession; some spark core configurations may not take effect.
2022-08-01 16:39:04.058  INFO   57 --- [   JobScheduler] org.apache.spark.internal.Logging        : Finished job streaming job 1659368344000 ms.0 from job set of time 1659368344000 ms
2022-08-01 16:39:04.059  INFO   57 --- [   JobScheduler] org.apache.spark.internal.Logging        : Total delay: 0.058 s for time 1659368344000 ms (execution: 0.055 s)
2022-08-01 16:39:04.059  INFO   57 --- [   JobGenerator] org.apache.spark.internal.Logging        : Removing RDD 38 from persistence list
2022-08-01 16:39:04.061  INFO   57 --- [   JobGenerator] org.apache.spark.internal.Logging        : Removing RDD 37 from persistence list
2022-08-01 16:39:04.062  INFO   57 --- [-thread-pool-54] org.apache.spark.internal.Logging        : Removing RDD 38
2022-08-01 16:39:04.063  INFO   57 --- [   JobGenerator] org.apache.spark.internal.Logging        : Removing blocks of RDD BlockRDD[37] at receiverStream at Application.java:122 of time 1659368344000 ms
2022-08-01 16:39:04.063  INFO   57 --- [-thread-pool-55] org.apache.spark.internal.Logging        : Removing RDD 37
2022-08-01 16:39:04.063  INFO   57 --- [   JobGenerator] org.apache.spark.internal.Logging        : Deleting batches: 1659368342000 ms
2022-08-01 16:39:04.064  INFO   57 --- [   JobGenerator] org.apache.spark.internal.Logging        : remove old batch metadata: 1659368342000 ms
2022-08-01 16:39:05.001  INFO   57 --- [   JobGenerator] org.apache.spark.internal.Logging        : Added jobs for time 1659368345000 ms
2022-08-01 16:39:05.002  INFO   57 --- [   JobScheduler] org.apache.spark.internal.Logging        : Starting job streaming job 1659368345000 ms.0 from job set of time 1659368345000 ms
2022-08-01 16:39:05.004  WARN   69 --- [-job-executor-0] org.apache.spark.internal.Logging        : Using an existing SparkSession; the static sql configurations will not take effect.
2022-08-01 16:39:05.004  WARN   69 --- [-job-executor-0] org.apache.spark.internal.Logging        : Using an existing SparkSession; some spark core configurations may not take effect.
2022-08-01 16:39:05.072  INFO   57 --- [   JobScheduler] org.apache.spark.internal.Logging        : Finished job streaming job 1659368345000 ms.0 from job set of time 1659368345000 ms
2022-08-01 16:39:05.073  INFO   57 --- [   JobScheduler] org.apache.spark.internal.Logging        : Total delay: 0.072 s for time 1659368345000 ms (execution: 0.071 s)
2022-08-01 16:39:05.073  INFO   57 --- [   JobGenerator] org.apache.spark.internal.Logging        : Removing RDD 56 from persistence list
2022-08-01 16:39:05.074  INFO   57 --- [   JobGenerator] org.apache.spark.internal.Logging        : Removing RDD 55 from persistence list
2022-08-01 16:39:05.074  INFO   57 --- [-thread-pool-60] org.apache.spark.internal.Logging        : Removing RDD 56
2022-08-01 16:39:05.076  INFO   57 --- [   JobGenerator] org.apache.spark.internal.Logging        : Removing blocks of RDD BlockRDD[55] at receiverStream at Application.java:122 of time 1659368345000 ms
2022-08-01 16:39:05.077  INFO   57 --- [   JobGenerator] org.apache.spark.internal.Logging        : Deleting batches: 1659368343000 ms
2022-08-01 16:39:05.077  INFO   57 --- [   JobGenerator] org.apache.spark.internal.Logging        : remove old batch metadata: 1659368343000 ms
2022-08-01 16:39:05.078  INFO   57 --- [-thread-pool-61] org.apache.spark.internal.Logging        : Removing RDD 55
2022-08-01 16:39:05.762  INFO   57 --- [shutdown-hook-0] org.apache.spark.internal.Logging        : Invoking stop(stopGracefully=false) from shutdown hook
2022-08-01 16:39:05.770  INFO   57 --- [er-event-loop-2] org.apache.spark.internal.Logging        : Sent stop signal to all 1 receivers
2022-08-01 16:39:05.770  INFO   57 --- [er-event-loop-1] org.apache.spark.internal.Logging        : Received stop signal
2022-08-01 16:39:05.772  INFO   57 --- [er-event-loop-1] org.apache.spark.internal.Logging        : Stopping receiver with message: Stopped by driver: 
2022-08-01 16:39:05.772  INFO   57 --- [er-event-loop-1] org.apache.spark.internal.Logging        : Called receiver onStop
2022-08-01 16:39:05.773  INFO   57 --- [er-event-loop-1] org.apache.spark.internal.Logging        : Deregistering receiver 0
2022-08-01 16:39:05.775  ERROR   73 --- [er-event-loop-3] org.apache.spark.internal.Logging        : Deregistered receiver for stream 0: Stopped by driver
2022-08-01 16:39:05.775  INFO   57 --- [er-event-loop-1] org.apache.spark.internal.Logging        : Stopped receiver 0
2022-08-01 16:39:05.777  INFO   57 --- [er-event-loop-1] org.apache.spark.internal.Logging        : Stopping BlockGenerator
2022-08-01 16:39:06.001  INFO   57 --- [er-event-loop-1] org.apache.spark.internal.Logging        : Stopped timer for BlockGenerator after time 1659368346000
2022-08-01 16:39:06.001  INFO   57 --- [er-event-loop-1] org.apache.spark.internal.Logging        : Waiting for block pushing thread to terminate
2022-08-01 16:39:06.001  INFO   57 --- [   JobGenerator] org.apache.spark.internal.Logging        : Added jobs for time 1659368346000 ms
2022-08-01 16:39:06.001  INFO   57 --- [   JobScheduler] org.apache.spark.internal.Logging        : Starting job streaming job 1659368346000 ms.0 from job set of time 1659368346000 ms
2022-08-01 16:39:06.001  WARN   69 --- [-job-executor-0] org.apache.spark.internal.Logging        : Using an existing SparkSession; the static sql configurations will not take effect.
2022-08-01 16:39:06.001  WARN   69 --- [-job-executor-0] org.apache.spark.internal.Logging        : Using an existing SparkSession; some spark core configurations may not take effect.
2022-08-01 16:39:06.017  INFO   57 --- [      Thread-14] org.apache.spark.internal.Logging        : Pushing out the last 0 blocks
2022-08-01 16:39:06.017  INFO   57 --- [      Thread-14] org.apache.spark.internal.Logging        : Stopped block pushing thread
2022-08-01 16:39:06.017  INFO   57 --- [er-event-loop-1] org.apache.spark.internal.Logging        : Stopped BlockGenerator
2022-08-01 16:39:06.017  INFO   57 --- [age 0.0 (TID 0)] org.apache.spark.internal.Logging        : Stopped receiver without error
2022-08-01 16:39:06.033  INFO   57 --- [age 0.0 (TID 0)] org.apache.spark.internal.Logging        : Finished task 0.0 in stage 0.0 (TID 0). 923 bytes result sent to driver
2022-08-01 16:39:06.048  INFO   57 --- [result-getter-1] org.apache.spark.internal.Logging        : Finished task 0.0 in stage 0.0 (TID 0) in 10417 ms on host.docker.internal (executor driver) (1/1)
2022-08-01 16:39:06.048  INFO   57 --- [result-getter-1] org.apache.spark.internal.Logging        : Removed TaskSet 0.0, whose tasks have all completed, from pool 
2022-08-01 16:39:06.048  INFO   57 --- [uler-event-loop] org.apache.spark.internal.Logging        : ResultStage 0 (start at Application.java:156) finished in 10.990 s
2022-08-01 16:39:06.048  INFO   57 --- [uler-event-loop] org.apache.spark.internal.Logging        : Job 0 is finished. Cancelling potential speculative or zombie tasks for this job
2022-08-01 16:39:06.048  INFO   57 --- [uler-event-loop] org.apache.spark.internal.Logging        : Killing all running tasks in stage 0: Stage finished
2022-08-01 16:39:06.048  INFO   57 --- [shutdown-hook-0] org.apache.spark.internal.Logging        : All of the receivers have deregistered successfully
2022-08-01 16:39:06.048  INFO   57 --- [shutdown-hook-0] org.apache.spark.internal.Logging        : ReceiverTracker stopped
2022-08-01 16:39:06.048  INFO   57 --- [shutdown-hook-0] org.apache.spark.internal.Logging        : Stopping JobGenerator immediately
2022-08-01 16:39:06.064  INFO   57 --- [shutdown-hook-0] org.apache.spark.internal.Logging        : Stopped timer for JobGenerator after time 1659368346000
2022-08-01 16:39:06.064  INFO   57 --- [shutdown-hook-0] org.apache.spark.internal.Logging        : Stopped JobGenerator
2022-08-01 16:39:06.080  INFO   57 --- [   JobScheduler] org.apache.spark.internal.Logging        : Finished job streaming job 1659368346000 ms.0 from job set of time 1659368346000 ms
2022-08-01 16:39:06.080  INFO   57 --- [   JobScheduler] org.apache.spark.internal.Logging        : Total delay: 0.080 s for time 1659368346000 ms (execution: 0.079 s)
2022-08-01 16:39:06.080  INFO   57 --- [shutdown-hook-0] org.apache.spark.internal.Logging        : Stopped JobScheduler
2022-08-01 16:39:06.095  INFO 1153 --- [shutdown-hook-0] ject.jetty.server.handler.ContextHandler : Stopped o.s.j.s.ServletContextHandler@3f672204{/streaming,null,STOPPED,@Spark}
2022-08-01 16:39:06.095  INFO 1153 --- [shutdown-hook-0] ject.jetty.server.handler.ContextHandler : Stopped o.s.j.s.ServletContextHandler@2c2db130{/streaming/json,null,STOPPED,@Spark}
2022-08-01 16:39:06.095  INFO 1153 --- [shutdown-hook-0] ject.jetty.server.handler.ContextHandler : Stopped o.s.j.s.ServletContextHandler@7cf283e1{/streaming/batch,null,STOPPED,@Spark}
2022-08-01 16:39:06.095  INFO 1153 --- [shutdown-hook-0] ject.jetty.server.handler.ContextHandler : Stopped o.s.j.s.ServletContextHandler@60737b23{/streaming/batch/json,null,STOPPED,@Spark}
2022-08-01 16:39:06.095  INFO 1153 --- [shutdown-hook-0] ject.jetty.server.handler.ContextHandler : Stopped o.s.j.s.ServletContextHandler@48284d0e{/static/streaming,null,STOPPED,@Spark}
2022-08-01 16:39:06.095  INFO  167 --- [           main] com.elite.cdr.validator.Application      : ****************************************************
2022-08-01 16:39:06.095  INFO  168 --- [           main] com.elite.cdr.validator.Application      : Duration: 0.0 seconds
2022-08-01 16:39:06.095  INFO   57 --- [shutdown-hook-0] org.apache.spark.internal.Logging        : StreamingContext stopped successfully
2022-08-01 16:39:06.095  INFO  169 --- [           main] com.elite.cdr.validator.Application      : Batch executed with success
2022-08-01 16:39:06.111  INFO  170 --- [           main] com.elite.cdr.validator.Application      : ****************************************************
2022-08-01 16:39:06.111  INFO   57 --- [shutdown-hook-0] org.apache.spark.internal.Logging        : Invoking stop() from shutdown hook
2022-08-01 16:39:06.111  INFO  381 --- [shutdown-hook-0] rkproject.jetty.server.AbstractConnector : Stopped Spark@7caa550{HTTP/1.1, (http/1.1)}{0.0.0.0:4040}
2022-08-01 16:39:06.111  INFO   57 --- [shutdown-hook-0] org.apache.spark.internal.Logging        : Stopped Spark web UI at http://host.docker.internal:4040
2022-08-01 16:39:06.142  INFO   57 --- [er-event-loop-3] org.apache.spark.internal.Logging        : MapOutputTrackerMasterEndpoint stopped!
2022-08-01 16:39:06.158  INFO   57 --- [shutdown-hook-0] org.apache.spark.internal.Logging        : MemoryStore cleared
2022-08-01 16:39:06.158  INFO   57 --- [shutdown-hook-0] org.apache.spark.internal.Logging        : BlockManager stopped
2022-08-01 16:39:06.158  INFO   57 --- [shutdown-hook-0] org.apache.spark.internal.Logging        : BlockManagerMaster stopped
2022-08-01 16:39:06.173  INFO   57 --- [er-event-loop-0] org.apache.spark.internal.Logging        : OutputCommitCoordinator stopped!
2022-08-01 16:39:06.173  INFO   57 --- [shutdown-hook-0] org.apache.spark.internal.Logging        : Successfully stopped SparkContext
2022-08-01 16:39:06.173  INFO   57 --- [shutdown-hook-0] org.apache.spark.internal.Logging        : Shutdown hook called
2022-08-01 16:39:06.173  INFO   57 --- [shutdown-hook-0] org.apache.spark.internal.Logging        : Deleting directory C:\Users\Wael Hamdi\AppData\Local\Temp\spark-5c14561d-e104-44fa-9f13-8a90b8d49073
