2022-06-22 17:27:38.975  INFO   46 --- [           main] com.elite.cdr.validator.Application      : Starting ASN1 Reader 
2022-06-22 17:27:38.980  INFO   48 --- [           main] com.elite.cdr.validator.Application      : ############### Run with the args [--env, local, --file, C:\IntelliJProjects\FraudDetectionSpark3\src\main\resources\data\simpleTypes.ber]
2022-06-22 17:27:39.044  INFO   54 --- [           main] com.elite.cdr.validator.Application      : ############### Run in local mode
2022-06-22 17:27:40.584  INFO   57 --- [           main] org.apache.spark.internal.Logging        : Running Spark version 3.2.1
2022-06-22 17:27:41.023  INFO   57 --- [           main] org.apache.spark.internal.Logging        : ==============================================================
2022-06-22 17:27:41.029  INFO   57 --- [           main] org.apache.spark.internal.Logging        : No custom resources configured for spark.driver.
2022-06-22 17:27:41.030  INFO   57 --- [           main] org.apache.spark.internal.Logging        : ==============================================================
2022-06-22 17:27:41.031  INFO   57 --- [           main] org.apache.spark.internal.Logging        : Submitted application: NiFi-Spark Streaming example
2022-06-22 17:27:41.089  INFO   57 --- [           main] org.apache.spark.internal.Logging        : Default ResourceProfile created, executor resources: Map(cores -> name: cores, amount: 1, script: , vendor: , memory -> name: memory, amount: 1024, script: , vendor: , offHeap -> name: offHeap, amount: 0, script: , vendor: ), task resources: Map(cpus -> name: cpus, amount: 1.0)
2022-06-22 17:27:41.132  INFO   57 --- [           main] org.apache.spark.internal.Logging        : Limiting resource is cpu
2022-06-22 17:27:41.140  INFO   57 --- [           main] org.apache.spark.internal.Logging        : Added ResourceProfile id: 0
2022-06-22 17:27:41.439  INFO   57 --- [           main] org.apache.spark.internal.Logging        : Changing view acls to: Wael Hamdi
2022-06-22 17:27:41.441  INFO   57 --- [           main] org.apache.spark.internal.Logging        : Changing modify acls to: Wael Hamdi
2022-06-22 17:27:41.443  INFO   57 --- [           main] org.apache.spark.internal.Logging        : Changing view acls groups to: 
2022-06-22 17:27:41.446  INFO   57 --- [           main] org.apache.spark.internal.Logging        : Changing modify acls groups to: 
2022-06-22 17:27:41.448  INFO   57 --- [           main] org.apache.spark.internal.Logging        : SecurityManager: authentication disabled; ui acls disabled; users  with view permissions: Set(Wael Hamdi); groups with view permissions: Set(); users  with modify permissions: Set(Wael Hamdi); groups with modify permissions: Set()
2022-06-22 17:27:46.388  INFO   57 --- [           main] org.apache.spark.internal.Logging        : Successfully started service 'sparkDriver' on port 63212.
2022-06-22 17:27:46.469  INFO   57 --- [           main] org.apache.spark.internal.Logging        : Registering MapOutputTracker
2022-06-22 17:27:46.563  INFO   57 --- [           main] org.apache.spark.internal.Logging        : Registering BlockManagerMaster
2022-06-22 17:27:46.634  INFO   57 --- [           main] org.apache.spark.internal.Logging        : Using org.apache.spark.storage.DefaultTopologyMapper for getting topology information
2022-06-22 17:27:46.636  INFO   57 --- [           main] org.apache.spark.internal.Logging        : BlockManagerMasterEndpoint up
2022-06-22 17:27:46.646  INFO   57 --- [           main] org.apache.spark.internal.Logging        : Registering BlockManagerMasterHeartbeat
2022-06-22 17:27:46.710  INFO   57 --- [           main] org.apache.spark.internal.Logging        : Created local directory at C:\Users\Wael Hamdi\AppData\Local\Temp\blockmgr-59195b12-06cf-4d92-a64e-fe6cab3aa350
2022-06-22 17:27:46.786  INFO   57 --- [           main] org.apache.spark.internal.Logging        : MemoryStore started with capacity 897.6 MiB
2022-06-22 17:27:46.838  INFO   57 --- [           main] org.apache.spark.internal.Logging        : Registering OutputCommitCoordinator
2022-06-22 17:27:47.154  INFO  170 --- [           main] org.sparkproject.jetty.util.log.Log      : Logging initialized @9071ms to org.sparkproject.jetty.util.log.Slf4jLog
2022-06-22 17:27:47.334  INFO  375 --- [           main] org.sparkproject.jetty.server.Server     : jetty-9.4.43.v20210629; built: 2021-06-30T11:07:22.254Z; git: 526006ecfa3af7f1a27ef3a288e2bef7ea9dd7e8; jvm 1.8.0_301-b09
2022-06-22 17:27:47.402  INFO  415 --- [           main] org.sparkproject.jetty.server.Server     : Started @9322ms
2022-06-22 17:27:47.486  INFO  331 --- [           main] rkproject.jetty.server.AbstractConnector : Started ServerConnector@64da2a7{HTTP/1.1, (http/1.1)}{0.0.0.0:4040}
2022-06-22 17:27:47.488  INFO   57 --- [           main] org.apache.spark.internal.Logging        : Successfully started service 'SparkUI' on port 4040.
2022-06-22 17:27:47.557  INFO  915 --- [           main] ject.jetty.server.handler.ContextHandler : Started o.s.j.s.ServletContextHandler@61d9efe0{/jobs,null,AVAILABLE,@Spark}
2022-06-22 17:27:47.562  INFO  915 --- [           main] ject.jetty.server.handler.ContextHandler : Started o.s.j.s.ServletContextHandler@3574e198{/jobs/json,null,AVAILABLE,@Spark}
2022-06-22 17:27:47.564  INFO  915 --- [           main] ject.jetty.server.handler.ContextHandler : Started o.s.j.s.ServletContextHandler@db44aa2{/jobs/job,null,AVAILABLE,@Spark}
2022-06-22 17:27:47.567  INFO  915 --- [           main] ject.jetty.server.handler.ContextHandler : Started o.s.j.s.ServletContextHandler@61a002b1{/jobs/job/json,null,AVAILABLE,@Spark}
2022-06-22 17:27:47.569  INFO  915 --- [           main] ject.jetty.server.handler.ContextHandler : Started o.s.j.s.ServletContextHandler@780ec4a5{/stages,null,AVAILABLE,@Spark}
2022-06-22 17:27:47.571  INFO  915 --- [           main] ject.jetty.server.handler.ContextHandler : Started o.s.j.s.ServletContextHandler@6f70f32f{/stages/json,null,AVAILABLE,@Spark}
2022-06-22 17:27:47.572  INFO  915 --- [           main] ject.jetty.server.handler.ContextHandler : Started o.s.j.s.ServletContextHandler@5aabbb29{/stages/stage,null,AVAILABLE,@Spark}
2022-06-22 17:27:47.576  INFO  915 --- [           main] ject.jetty.server.handler.ContextHandler : Started o.s.j.s.ServletContextHandler@3aa3193a{/stages/stage/json,null,AVAILABLE,@Spark}
2022-06-22 17:27:47.579  INFO  915 --- [           main] ject.jetty.server.handler.ContextHandler : Started o.s.j.s.ServletContextHandler@59a67c3a{/stages/pool,null,AVAILABLE,@Spark}
2022-06-22 17:27:47.581  INFO  915 --- [           main] ject.jetty.server.handler.ContextHandler : Started o.s.j.s.ServletContextHandler@724bade8{/stages/pool/json,null,AVAILABLE,@Spark}
2022-06-22 17:27:47.583  INFO  915 --- [           main] ject.jetty.server.handler.ContextHandler : Started o.s.j.s.ServletContextHandler@6bc248ed{/storage,null,AVAILABLE,@Spark}
2022-06-22 17:27:47.584  INFO  915 --- [           main] ject.jetty.server.handler.ContextHandler : Started o.s.j.s.ServletContextHandler@ca27722{/storage/json,null,AVAILABLE,@Spark}
2022-06-22 17:27:47.587  INFO  915 --- [           main] ject.jetty.server.handler.ContextHandler : Started o.s.j.s.ServletContextHandler@9573b3b{/storage/rdd,null,AVAILABLE,@Spark}
2022-06-22 17:27:47.589  INFO  915 --- [           main] ject.jetty.server.handler.ContextHandler : Started o.s.j.s.ServletContextHandler@78461bc4{/storage/rdd/json,null,AVAILABLE,@Spark}
2022-06-22 17:27:47.591  INFO  915 --- [           main] ject.jetty.server.handler.ContextHandler : Started o.s.j.s.ServletContextHandler@64f857e7{/environment,null,AVAILABLE,@Spark}
2022-06-22 17:27:47.593  INFO  915 --- [           main] ject.jetty.server.handler.ContextHandler : Started o.s.j.s.ServletContextHandler@58c540cf{/environment/json,null,AVAILABLE,@Spark}
2022-06-22 17:27:47.595  INFO  915 --- [           main] ject.jetty.server.handler.ContextHandler : Started o.s.j.s.ServletContextHandler@1b822fcc{/executors,null,AVAILABLE,@Spark}
2022-06-22 17:27:47.597  INFO  915 --- [           main] ject.jetty.server.handler.ContextHandler : Started o.s.j.s.ServletContextHandler@56102e1c{/executors/json,null,AVAILABLE,@Spark}
2022-06-22 17:27:47.600  INFO  915 --- [           main] ject.jetty.server.handler.ContextHandler : Started o.s.j.s.ServletContextHandler@7927bd9f{/executors/threadDump,null,AVAILABLE,@Spark}
2022-06-22 17:27:47.602  INFO  915 --- [           main] ject.jetty.server.handler.ContextHandler : Started o.s.j.s.ServletContextHandler@410954b{/executors/threadDump/json,null,AVAILABLE,@Spark}
2022-06-22 17:27:47.629  INFO  915 --- [           main] ject.jetty.server.handler.ContextHandler : Started o.s.j.s.ServletContextHandler@3b366632{/static,null,AVAILABLE,@Spark}
2022-06-22 17:27:47.631  INFO  915 --- [           main] ject.jetty.server.handler.ContextHandler : Started o.s.j.s.ServletContextHandler@42257bdd{/,null,AVAILABLE,@Spark}
2022-06-22 17:27:47.634  INFO  915 --- [           main] ject.jetty.server.handler.ContextHandler : Started o.s.j.s.ServletContextHandler@687a762c{/api,null,AVAILABLE,@Spark}
2022-06-22 17:27:47.638  INFO  915 --- [           main] ject.jetty.server.handler.ContextHandler : Started o.s.j.s.ServletContextHandler@1b9ea3e3{/jobs/job/kill,null,AVAILABLE,@Spark}
2022-06-22 17:27:47.645  INFO  915 --- [           main] ject.jetty.server.handler.ContextHandler : Started o.s.j.s.ServletContextHandler@55e7a35c{/stages/stage/kill,null,AVAILABLE,@Spark}
2022-06-22 17:27:47.649  INFO   57 --- [           main] org.apache.spark.internal.Logging        : Bound SparkUI to 0.0.0.0, and started at http://host.docker.internal:4040
2022-06-22 17:27:48.233  INFO   57 --- [           main] org.apache.spark.internal.Logging        : Starting executor ID driver on host host.docker.internal
2022-06-22 17:27:48.353  INFO   57 --- [           main] org.apache.spark.internal.Logging        : Successfully started service 'org.apache.spark.network.netty.NettyBlockTransferService' on port 63237.
2022-06-22 17:27:48.354  INFO   82 --- [           main] .network.netty.NettyBlockTransferService : Server created on host.docker.internal:63237
2022-06-22 17:27:48.358  INFO   57 --- [           main] org.apache.spark.internal.Logging        : Using org.apache.spark.storage.RandomBlockReplicationPolicy for block replication policy
2022-06-22 17:27:48.380  INFO   57 --- [           main] org.apache.spark.internal.Logging        : Registering BlockManager BlockManagerId(driver, host.docker.internal, 63237, None)
2022-06-22 17:27:48.394  INFO   57 --- [ckManagerMaster] org.apache.spark.internal.Logging        : Registering block manager host.docker.internal:63237 with 897.6 MiB RAM, BlockManagerId(driver, host.docker.internal, 63237, None)
2022-06-22 17:27:48.406  INFO   57 --- [           main] org.apache.spark.internal.Logging        : Registered BlockManager BlockManagerId(driver, host.docker.internal, 63237, None)
2022-06-22 17:27:48.409  INFO   57 --- [           main] org.apache.spark.internal.Logging        : Initialized BlockManager: BlockManagerId(driver, host.docker.internal, 63237, None)
2022-06-22 17:27:48.982  INFO  915 --- [           main] ject.jetty.server.handler.ContextHandler : Started o.s.j.s.ServletContextHandler@28cb9120{/metrics/json,null,AVAILABLE,@Spark}
2022-06-22 17:27:50.402  INFO   57 --- [streaming-start] org.apache.spark.internal.Logging        : Starting 1 receivers
2022-06-22 17:27:50.407  INFO   57 --- [streaming-start] org.apache.spark.internal.Logging        : ReceiverTracker started
2022-06-22 17:27:50.423  INFO   57 --- [streaming-start] org.apache.spark.internal.Logging        : Slide time = 1000 ms
2022-06-22 17:27:50.425  INFO   57 --- [streaming-start] org.apache.spark.internal.Logging        : Storage level = Serialized 1x Replicated
2022-06-22 17:27:50.426  INFO   57 --- [streaming-start] org.apache.spark.internal.Logging        : Checkpoint interval = null
2022-06-22 17:27:50.428  INFO   57 --- [streaming-start] org.apache.spark.internal.Logging        : Remember interval = 1000 ms
2022-06-22 17:27:50.429  INFO   57 --- [streaming-start] org.apache.spark.internal.Logging        : Initialized and validated org.apache.spark.streaming.dstream.PluggableInputDStream@6d0ad1d3
2022-06-22 17:27:50.430  INFO   57 --- [streaming-start] org.apache.spark.internal.Logging        : Slide time = 1000 ms
2022-06-22 17:27:50.430  INFO   57 --- [streaming-start] org.apache.spark.internal.Logging        : Storage level = Serialized 1x Replicated
2022-06-22 17:27:50.431  INFO   57 --- [streaming-start] org.apache.spark.internal.Logging        : Checkpoint interval = null
2022-06-22 17:27:50.431  INFO   57 --- [streaming-start] org.apache.spark.internal.Logging        : Remember interval = 1000 ms
2022-06-22 17:27:50.431  INFO   57 --- [streaming-start] org.apache.spark.internal.Logging        : Initialized and validated org.apache.spark.streaming.dstream.MappedDStream@4072ff8d
2022-06-22 17:27:50.432  INFO   57 --- [streaming-start] org.apache.spark.internal.Logging        : Slide time = 1000 ms
2022-06-22 17:27:50.432  INFO   57 --- [streaming-start] org.apache.spark.internal.Logging        : Storage level = Serialized 1x Replicated
2022-06-22 17:27:50.433  INFO   57 --- [streaming-start] org.apache.spark.internal.Logging        : Checkpoint interval = null
2022-06-22 17:27:50.434  INFO   57 --- [streaming-start] org.apache.spark.internal.Logging        : Remember interval = 1000 ms
2022-06-22 17:27:50.434  INFO   57 --- [streaming-start] org.apache.spark.internal.Logging        : Initialized and validated org.apache.spark.streaming.dstream.ForEachDStream@1cdd8510
2022-06-22 17:27:50.663  INFO   57 --- [streaming-start] org.apache.spark.internal.Logging        : Started timer for JobGenerator at time 1655915271000
2022-06-22 17:27:50.687  INFO   57 --- [er-event-loop-3] org.apache.spark.internal.Logging        : Receiver 0 started
2022-06-22 17:27:50.690  INFO   57 --- [streaming-start] org.apache.spark.internal.Logging        : Started JobGenerator at 1655915271000 ms
2022-06-22 17:27:50.702  INFO   57 --- [streaming-start] org.apache.spark.internal.Logging        : Started JobScheduler
2022-06-22 17:27:50.717  INFO   57 --- [uler-event-loop] org.apache.spark.internal.Logging        : Got job 0 (start at Application.java:121) with 1 output partitions
2022-06-22 17:27:50.719  INFO   57 --- [uler-event-loop] org.apache.spark.internal.Logging        : Final stage: ResultStage 0 (start at Application.java:121)
2022-06-22 17:27:50.720  INFO   57 --- [uler-event-loop] org.apache.spark.internal.Logging        : Parents of final stage: List()
2022-06-22 17:27:50.722  INFO  915 --- [           main] ject.jetty.server.handler.ContextHandler : Started o.s.j.s.ServletContextHandler@4a8df3e2{/streaming,null,AVAILABLE,@Spark}
2022-06-22 17:27:50.726  INFO   57 --- [uler-event-loop] org.apache.spark.internal.Logging        : Missing parents: List()
2022-06-22 17:27:50.726  INFO  915 --- [           main] ject.jetty.server.handler.ContextHandler : Started o.s.j.s.ServletContextHandler@2f2d52ef{/streaming/json,null,AVAILABLE,@Spark}
2022-06-22 17:27:50.729  INFO  915 --- [           main] ject.jetty.server.handler.ContextHandler : Started o.s.j.s.ServletContextHandler@dc7b462{/streaming/batch,null,AVAILABLE,@Spark}
2022-06-22 17:27:50.731  INFO  915 --- [           main] ject.jetty.server.handler.ContextHandler : Started o.s.j.s.ServletContextHandler@26a2f7f9{/streaming/batch/json,null,AVAILABLE,@Spark}
2022-06-22 17:27:50.735  INFO  915 --- [           main] ject.jetty.server.handler.ContextHandler : Started o.s.j.s.ServletContextHandler@10ee04df{/static/streaming,null,AVAILABLE,@Spark}
2022-06-22 17:27:50.736  INFO   57 --- [           main] org.apache.spark.internal.Logging        : StreamingContext started
2022-06-22 17:27:50.745  INFO   57 --- [uler-event-loop] org.apache.spark.internal.Logging        : Submitting ResultStage 0 (Receiver 0 ParallelCollectionRDD[0] at makeRDD at ReceiverTracker.scala:609), which has no missing parents
2022-06-22 17:27:51.099  INFO   57 --- [uler-event-loop] org.apache.spark.internal.Logging        : Block broadcast_0 stored as values in memory (estimated size 97.5 KiB, free 897.5 MiB)
2022-06-22 17:27:51.107  INFO   57 --- [   JobGenerator] org.apache.spark.internal.Logging        : Added jobs for time 1655915271000 ms
2022-06-22 17:27:51.120  INFO   57 --- [   JobScheduler] org.apache.spark.internal.Logging        : Starting job streaming job 1655915271000 ms.0 from job set of time 1655915271000 ms
2022-06-22 17:27:51.135  INFO   57 --- [   JobScheduler] org.apache.spark.internal.Logging        : Finished job streaming job 1655915271000 ms.0 from job set of time 1655915271000 ms
2022-06-22 17:27:51.141  INFO   57 --- [   JobScheduler] org.apache.spark.internal.Logging        : Total delay: 0.134 s for time 1655915271000 ms (execution: 0.021 s)
2022-06-22 17:27:51.159  INFO   57 --- [   JobGenerator] org.apache.spark.internal.Logging        : Deleting batches: 
2022-06-22 17:27:51.167  INFO   57 --- [   JobGenerator] org.apache.spark.internal.Logging        : remove old batch metadata: 
2022-06-22 17:27:51.368  INFO   57 --- [uler-event-loop] org.apache.spark.internal.Logging        : Block broadcast_0_piece0 stored as bytes in memory (estimated size 34.2 KiB, free 897.5 MiB)
2022-06-22 17:27:51.376  INFO   57 --- [ckManagerMaster] org.apache.spark.internal.Logging        : Added broadcast_0_piece0 in memory on host.docker.internal:63237 (size: 34.2 KiB, free: 897.6 MiB)
2022-06-22 17:27:51.387  INFO   57 --- [uler-event-loop] org.apache.spark.internal.Logging        : Created broadcast 0 from broadcast at DAGScheduler.scala:1478
2022-06-22 17:27:51.442  INFO   57 --- [uler-event-loop] org.apache.spark.internal.Logging        : Submitting 1 missing tasks from ResultStage 0 (Receiver 0 ParallelCollectionRDD[0] at makeRDD at ReceiverTracker.scala:609) (first 15 tasks are for partitions Vector(0))
2022-06-22 17:27:51.445  INFO   57 --- [uler-event-loop] org.apache.spark.internal.Logging        : Adding task set 0.0 with 1 tasks resource profile 0
2022-06-22 17:27:51.595  INFO   57 --- [er-event-loop-0] org.apache.spark.internal.Logging        : Starting task 0.0 in stage 0.0 (TID 0) (host.docker.internal, executor driver, partition 0, PROCESS_LOCAL, 6213 bytes) taskResourceAssignments Map()
2022-06-22 17:27:51.674  INFO   57 --- [age 0.0 (TID 0)] org.apache.spark.internal.Logging        : Running task 0.0 in stage 0.0 (TID 0)
2022-06-22 17:27:52.007  INFO   57 --- [   JobGenerator] org.apache.spark.internal.Logging        : Added jobs for time 1655915272000 ms
2022-06-22 17:27:52.010  INFO   57 --- [   JobScheduler] org.apache.spark.internal.Logging        : Starting job streaming job 1655915272000 ms.0 from job set of time 1655915272000 ms
2022-06-22 17:27:52.013  INFO   57 --- [   JobScheduler] org.apache.spark.internal.Logging        : Finished job streaming job 1655915272000 ms.0 from job set of time 1655915272000 ms
2022-06-22 17:27:52.014  INFO   57 --- [   JobScheduler] org.apache.spark.internal.Logging        : Total delay: 0.012 s for time 1655915272000 ms (execution: 0.002 s)
2022-06-22 17:27:52.017  INFO   57 --- [   JobGenerator] org.apache.spark.internal.Logging        : Removing RDD 2 from persistence list
2022-06-22 17:27:52.117  INFO   57 --- [   JobGenerator] org.apache.spark.internal.Logging        : Removing RDD 1 from persistence list
2022-06-22 17:27:52.127  INFO   57 --- [   JobGenerator] org.apache.spark.internal.Logging        : Removing blocks of RDD BlockRDD[1] at receiverStream at Application.java:113 of time 1655915272000 ms
2022-06-22 17:27:52.131  INFO   57 --- [   JobGenerator] org.apache.spark.internal.Logging        : Deleting batches: 
2022-06-22 17:27:52.133  INFO   57 --- [   JobGenerator] org.apache.spark.internal.Logging        : remove old batch metadata: 
2022-06-22 17:27:52.131  INFO   57 --- [c-thread-pool-1] org.apache.spark.internal.Logging        : Removing RDD 1
2022-06-22 17:27:52.132  INFO   57 --- [c-thread-pool-0] org.apache.spark.internal.Logging        : Removing RDD 2
2022-06-22 17:27:52.478  INFO   57 --- [age 0.0 (TID 0)] org.apache.spark.internal.Logging        : Started timer for BlockGenerator at time 1655915272600
2022-06-22 17:27:52.481  INFO   57 --- [age 0.0 (TID 0)] org.apache.spark.internal.Logging        : Started BlockGenerator
2022-06-22 17:27:52.485  INFO   57 --- [      Thread-14] org.apache.spark.internal.Logging        : Started block pushing thread
2022-06-22 17:27:52.500  INFO   57 --- [er-event-loop-0] org.apache.spark.internal.Logging        : Registered receiver for stream 0 from host.docker.internal:63212
2022-06-22 17:27:52.502  INFO   57 --- [age 0.0 (TID 0)] org.apache.spark.internal.Logging        : Starting receiver 0
2022-06-22 17:27:52.506  INFO   57 --- [age 0.0 (TID 0)] org.apache.spark.internal.Logging        : Called receiver 0 onStart
2022-06-22 17:27:52.537  INFO   57 --- [age 0.0 (TID 0)] org.apache.spark.internal.Logging        : Waiting for receiver to be stopped
2022-06-22 17:27:52.696  INFO   57 --- [shutdown-hook-0] org.apache.spark.internal.Logging        : Invoking stop(stopGracefully=false) from shutdown hook
2022-06-22 17:27:52.719  INFO   57 --- [er-event-loop-1] org.apache.spark.internal.Logging        : Sent stop signal to all 1 receivers
2022-06-22 17:27:52.722  INFO   57 --- [er-event-loop-2] org.apache.spark.internal.Logging        : Received stop signal
2022-06-22 17:27:52.727  INFO   57 --- [er-event-loop-2] org.apache.spark.internal.Logging        : Stopping receiver with message: Stopped by driver: 
2022-06-22 17:27:52.730  INFO   57 --- [er-event-loop-2] org.apache.spark.internal.Logging        : Called receiver onStop
2022-06-22 17:27:52.732  INFO   57 --- [er-event-loop-2] org.apache.spark.internal.Logging        : Deregistering receiver 0
2022-06-22 17:27:52.741  ERROR   73 --- [er-event-loop-3] org.apache.spark.internal.Logging        : Deregistered receiver for stream 0: Stopped by driver
2022-06-22 17:27:52.747  INFO   57 --- [er-event-loop-2] org.apache.spark.internal.Logging        : Stopped receiver 0
2022-06-22 17:27:52.751  INFO   57 --- [er-event-loop-2] org.apache.spark.internal.Logging        : Stopping BlockGenerator
2022-06-22 17:27:53.002  INFO   57 --- [er-event-loop-2] org.apache.spark.internal.Logging        : Stopped timer for BlockGenerator after time 1655915273000
2022-06-22 17:27:53.003  INFO   57 --- [er-event-loop-2] org.apache.spark.internal.Logging        : Waiting for block pushing thread to terminate
2022-06-22 17:27:53.006  INFO   57 --- [      Thread-14] org.apache.spark.internal.Logging        : Pushing out the last 0 blocks
2022-06-22 17:27:53.007  INFO   57 --- [      Thread-14] org.apache.spark.internal.Logging        : Stopped block pushing thread
2022-06-22 17:27:53.010  INFO   57 --- [er-event-loop-2] org.apache.spark.internal.Logging        : Stopped BlockGenerator
2022-06-22 17:27:53.011  INFO   57 --- [   JobGenerator] org.apache.spark.internal.Logging        : Added jobs for time 1655915273000 ms
2022-06-22 17:27:53.014  INFO   57 --- [   JobScheduler] org.apache.spark.internal.Logging        : Starting job streaming job 1655915273000 ms.0 from job set of time 1655915273000 ms
2022-06-22 17:27:53.015  INFO   57 --- [age 0.0 (TID 0)] org.apache.spark.internal.Logging        : Stopped receiver without error
2022-06-22 17:27:53.017  INFO   57 --- [   JobScheduler] org.apache.spark.internal.Logging        : Finished job streaming job 1655915273000 ms.0 from job set of time 1655915273000 ms
2022-06-22 17:27:53.018  INFO   57 --- [   JobScheduler] org.apache.spark.internal.Logging        : Total delay: 0.016 s for time 1655915273000 ms (execution: 0.002 s)
2022-06-22 17:27:53.020  INFO   57 --- [   JobGenerator] org.apache.spark.internal.Logging        : Removing RDD 4 from persistence list
2022-06-22 17:27:53.025  INFO   57 --- [   JobGenerator] org.apache.spark.internal.Logging        : Removing RDD 3 from persistence list
2022-06-22 17:27:53.034  INFO   57 --- [c-thread-pool-6] org.apache.spark.internal.Logging        : Removing RDD 4
2022-06-22 17:27:53.037  INFO   57 --- [   JobGenerator] org.apache.spark.internal.Logging        : Removing blocks of RDD BlockRDD[3] at receiverStream at Application.java:113 of time 1655915273000 ms
2022-06-22 17:27:53.039  INFO   57 --- [   JobGenerator] org.apache.spark.internal.Logging        : Deleting batches: 1655915271000 ms
2022-06-22 17:27:53.040  INFO   57 --- [   JobGenerator] org.apache.spark.internal.Logging        : remove old batch metadata: 1655915271000 ms
2022-06-22 17:27:53.097  INFO   57 --- [age 0.0 (TID 0)] org.apache.spark.internal.Logging        : Finished task 0.0 in stage 0.0 (TID 0). 923 bytes result sent to driver
2022-06-22 17:27:53.110  INFO   57 --- [c-thread-pool-7] org.apache.spark.internal.Logging        : Removing RDD 3
2022-06-22 17:27:53.123  INFO   57 --- [result-getter-0] org.apache.spark.internal.Logging        : Finished task 0.0 in stage 0.0 (TID 0) in 1568 ms on host.docker.internal (executor driver) (1/1)
2022-06-22 17:27:53.131  INFO   57 --- [result-getter-0] org.apache.spark.internal.Logging        : Removed TaskSet 0.0, whose tasks have all completed, from pool 
2022-06-22 17:27:53.150  INFO   57 --- [uler-event-loop] org.apache.spark.internal.Logging        : ResultStage 0 (start at Application.java:121) finished in 2.363 s
2022-06-22 17:27:53.168  INFO   57 --- [uler-event-loop] org.apache.spark.internal.Logging        : Job 0 is finished. Cancelling potential speculative or zombie tasks for this job
2022-06-22 17:27:53.170  INFO   57 --- [uler-event-loop] org.apache.spark.internal.Logging        : Killing all running tasks in stage 0: Stage finished
2022-06-22 17:27:53.182  INFO   57 --- [shutdown-hook-0] org.apache.spark.internal.Logging        : All of the receivers have deregistered successfully
2022-06-22 17:27:53.184  INFO   57 --- [shutdown-hook-0] org.apache.spark.internal.Logging        : ReceiverTracker stopped
2022-06-22 17:27:53.186  INFO   57 --- [shutdown-hook-0] org.apache.spark.internal.Logging        : Stopping JobGenerator immediately
2022-06-22 17:27:53.191  INFO   57 --- [shutdown-hook-0] org.apache.spark.internal.Logging        : Stopped timer for JobGenerator after time 1655915273000
2022-06-22 17:27:53.194  INFO   57 --- [shutdown-hook-0] org.apache.spark.internal.Logging        : Stopped JobGenerator
2022-06-22 17:27:53.203  INFO   57 --- [shutdown-hook-0] org.apache.spark.internal.Logging        : Stopped JobScheduler
2022-06-22 17:27:53.229  INFO 1153 --- [shutdown-hook-0] ject.jetty.server.handler.ContextHandler : Stopped o.s.j.s.ServletContextHandler@4a8df3e2{/streaming,null,STOPPED,@Spark}
2022-06-22 17:27:53.231  INFO 1153 --- [shutdown-hook-0] ject.jetty.server.handler.ContextHandler : Stopped o.s.j.s.ServletContextHandler@2f2d52ef{/streaming/json,null,STOPPED,@Spark}
2022-06-22 17:27:53.233  INFO 1153 --- [shutdown-hook-0] ject.jetty.server.handler.ContextHandler : Stopped o.s.j.s.ServletContextHandler@dc7b462{/streaming/batch,null,STOPPED,@Spark}
2022-06-22 17:27:53.239  INFO 1153 --- [shutdown-hook-0] ject.jetty.server.handler.ContextHandler : Stopped o.s.j.s.ServletContextHandler@26a2f7f9{/streaming/batch/json,null,STOPPED,@Spark}
2022-06-22 17:27:53.244  INFO 1153 --- [shutdown-hook-0] ject.jetty.server.handler.ContextHandler : Stopped o.s.j.s.ServletContextHandler@10ee04df{/static/streaming,null,STOPPED,@Spark}
2022-06-22 17:27:53.248  INFO  140 --- [           main] com.elite.cdr.validator.Application      : ****************************************************
2022-06-22 17:27:53.249  INFO  141 --- [           main] com.elite.cdr.validator.Application      : Duration: 0.0 seconds
2022-06-22 17:27:53.249  INFO   57 --- [shutdown-hook-0] org.apache.spark.internal.Logging        : StreamingContext stopped successfully
2022-06-22 17:27:53.249  INFO  142 --- [           main] com.elite.cdr.validator.Application      : Batch executed with success
2022-06-22 17:27:53.250  INFO  143 --- [           main] com.elite.cdr.validator.Application      : ****************************************************
2022-06-22 17:27:53.251  INFO   57 --- [shutdown-hook-0] org.apache.spark.internal.Logging        : Invoking stop() from shutdown hook
2022-06-22 17:27:53.276  INFO  381 --- [shutdown-hook-0] rkproject.jetty.server.AbstractConnector : Stopped Spark@64da2a7{HTTP/1.1, (http/1.1)}{0.0.0.0:4040}
2022-06-22 17:27:53.287  INFO   57 --- [shutdown-hook-0] org.apache.spark.internal.Logging        : Stopped Spark web UI at http://host.docker.internal:4040
2022-06-22 17:27:53.339  INFO   57 --- [er-event-loop-2] org.apache.spark.internal.Logging        : MapOutputTrackerMasterEndpoint stopped!
2022-06-22 17:27:53.379  INFO   57 --- [shutdown-hook-0] org.apache.spark.internal.Logging        : MemoryStore cleared
2022-06-22 17:27:53.381  INFO   57 --- [shutdown-hook-0] org.apache.spark.internal.Logging        : BlockManager stopped
2022-06-22 17:27:53.398  INFO   57 --- [shutdown-hook-0] org.apache.spark.internal.Logging        : BlockManagerMaster stopped
2022-06-22 17:27:53.406  INFO   57 --- [er-event-loop-2] org.apache.spark.internal.Logging        : OutputCommitCoordinator stopped!
2022-06-22 17:27:53.423  INFO   57 --- [shutdown-hook-0] org.apache.spark.internal.Logging        : Successfully stopped SparkContext
2022-06-22 17:27:53.425  INFO   57 --- [shutdown-hook-0] org.apache.spark.internal.Logging        : Shutdown hook called
2022-06-22 17:27:53.428  INFO   57 --- [shutdown-hook-0] org.apache.spark.internal.Logging        : Deleting directory C:\Users\Wael Hamdi\AppData\Local\Temp\spark-e5030a7c-4bbf-40c4-bfd8-b42992a568de
