2022-06-25 17:06:49.714  INFO   52 --- [           main] com.elite.cdr.validator.Application      : Starting ASN1 Reader 
2022-06-25 17:06:49.714  INFO   54 --- [           main] com.elite.cdr.validator.Application      : ############### Run with the args [--env, local, --file, C:\IntelliJProjects\FraudDetectionSpark3\src\main\resources\data\simpleTypes.ber]
2022-06-25 17:06:49.816  INFO   60 --- [           main] com.elite.cdr.validator.Application      : ############### Run in local mode
2022-06-25 17:06:51.318  INFO   57 --- [           main] org.apache.spark.internal.Logging        : Running Spark version 3.2.1
2022-06-25 17:06:51.667  INFO   57 --- [           main] org.apache.spark.internal.Logging        : ==============================================================
2022-06-25 17:06:51.667  INFO   57 --- [           main] org.apache.spark.internal.Logging        : No custom resources configured for spark.driver.
2022-06-25 17:06:51.667  INFO   57 --- [           main] org.apache.spark.internal.Logging        : ==============================================================
2022-06-25 17:06:51.682  INFO   57 --- [           main] org.apache.spark.internal.Logging        : Submitted application: NiFi-Spark Streaming example
2022-06-25 17:06:51.729  INFO   57 --- [           main] org.apache.spark.internal.Logging        : Default ResourceProfile created, executor resources: Map(cores -> name: cores, amount: 1, script: , vendor: , memory -> name: memory, amount: 1024, script: , vendor: , offHeap -> name: offHeap, amount: 0, script: , vendor: ), task resources: Map(cpus -> name: cpus, amount: 1.0)
2022-06-25 17:06:51.793  INFO   57 --- [           main] org.apache.spark.internal.Logging        : Limiting resource is cpu
2022-06-25 17:06:51.807  INFO   57 --- [           main] org.apache.spark.internal.Logging        : Added ResourceProfile id: 0
2022-06-25 17:06:52.024  INFO   57 --- [           main] org.apache.spark.internal.Logging        : Changing view acls to: Wael Hamdi
2022-06-25 17:06:52.024  INFO   57 --- [           main] org.apache.spark.internal.Logging        : Changing modify acls to: Wael Hamdi
2022-06-25 17:06:52.024  INFO   57 --- [           main] org.apache.spark.internal.Logging        : Changing view acls groups to: 
2022-06-25 17:06:52.024  INFO   57 --- [           main] org.apache.spark.internal.Logging        : Changing modify acls groups to: 
2022-06-25 17:06:52.024  INFO   57 --- [           main] org.apache.spark.internal.Logging        : SecurityManager: authentication disabled; ui acls disabled; users  with view permissions: Set(Wael Hamdi); groups with view permissions: Set(); users  with modify permissions: Set(Wael Hamdi); groups with modify permissions: Set()
2022-06-25 17:06:54.911  INFO   57 --- [           main] org.apache.spark.internal.Logging        : Successfully started service 'sparkDriver' on port 55389.
2022-06-25 17:06:54.953  INFO   57 --- [           main] org.apache.spark.internal.Logging        : Registering MapOutputTracker
2022-06-25 17:06:55.007  INFO   57 --- [           main] org.apache.spark.internal.Logging        : Registering BlockManagerMaster
2022-06-25 17:06:55.040  INFO   57 --- [           main] org.apache.spark.internal.Logging        : Using org.apache.spark.storage.DefaultTopologyMapper for getting topology information
2022-06-25 17:06:55.041  INFO   57 --- [           main] org.apache.spark.internal.Logging        : BlockManagerMasterEndpoint up
2022-06-25 17:06:55.047  INFO   57 --- [           main] org.apache.spark.internal.Logging        : Registering BlockManagerMasterHeartbeat
2022-06-25 17:06:55.082  INFO   57 --- [           main] org.apache.spark.internal.Logging        : Created local directory at C:\Users\Wael Hamdi\AppData\Local\Temp\blockmgr-e7e8c633-55f4-4c36-87c7-2d239376fdc5
2022-06-25 17:06:55.130  INFO   57 --- [           main] org.apache.spark.internal.Logging        : MemoryStore started with capacity 897.6 MiB
2022-06-25 17:06:55.162  INFO   57 --- [           main] org.apache.spark.internal.Logging        : Registering OutputCommitCoordinator
2022-06-25 17:06:55.311  INFO  170 --- [           main] org.sparkproject.jetty.util.log.Log      : Logging initialized @6566ms to org.sparkproject.jetty.util.log.Slf4jLog
2022-06-25 17:06:55.427  INFO  375 --- [           main] org.sparkproject.jetty.server.Server     : jetty-9.4.43.v20210629; built: 2021-06-30T11:07:22.254Z; git: 526006ecfa3af7f1a27ef3a288e2bef7ea9dd7e8; jvm 1.8.0_301-b09
2022-06-25 17:06:55.474  INFO  415 --- [           main] org.sparkproject.jetty.server.Server     : Started @6731ms
2022-06-25 17:06:55.521  INFO  331 --- [           main] rkproject.jetty.server.AbstractConnector : Started ServerConnector@64da2a7{HTTP/1.1, (http/1.1)}{0.0.0.0:4040}
2022-06-25 17:06:55.521  INFO   57 --- [           main] org.apache.spark.internal.Logging        : Successfully started service 'SparkUI' on port 4040.
2022-06-25 17:06:55.554  INFO  915 --- [           main] ject.jetty.server.handler.ContextHandler : Started o.s.j.s.ServletContextHandler@7e70bd39{/jobs,null,AVAILABLE,@Spark}
2022-06-25 17:06:55.554  INFO  915 --- [           main] ject.jetty.server.handler.ContextHandler : Started o.s.j.s.ServletContextHandler@6db66836{/jobs/json,null,AVAILABLE,@Spark}
2022-06-25 17:06:55.554  INFO  915 --- [           main] ject.jetty.server.handler.ContextHandler : Started o.s.j.s.ServletContextHandler@2de366bb{/jobs/job,null,AVAILABLE,@Spark}
2022-06-25 17:06:55.554  INFO  915 --- [           main] ject.jetty.server.handler.ContextHandler : Started o.s.j.s.ServletContextHandler@4eeea57d{/jobs/job/json,null,AVAILABLE,@Spark}
2022-06-25 17:06:55.554  INFO  915 --- [           main] ject.jetty.server.handler.ContextHandler : Started o.s.j.s.ServletContextHandler@e24ddd0{/stages,null,AVAILABLE,@Spark}
2022-06-25 17:06:55.554  INFO  915 --- [           main] ject.jetty.server.handler.ContextHandler : Started o.s.j.s.ServletContextHandler@548e76f1{/stages/json,null,AVAILABLE,@Spark}
2022-06-25 17:06:55.554  INFO  915 --- [           main] ject.jetty.server.handler.ContextHandler : Started o.s.j.s.ServletContextHandler@72c927f1{/stages/stage,null,AVAILABLE,@Spark}
2022-06-25 17:06:55.554  INFO  915 --- [           main] ject.jetty.server.handler.ContextHandler : Started o.s.j.s.ServletContextHandler@1ee4730{/stages/stage/json,null,AVAILABLE,@Spark}
2022-06-25 17:06:55.569  INFO  915 --- [           main] ject.jetty.server.handler.ContextHandler : Started o.s.j.s.ServletContextHandler@5003041b{/stages/pool,null,AVAILABLE,@Spark}
2022-06-25 17:06:55.569  INFO  915 --- [           main] ject.jetty.server.handler.ContextHandler : Started o.s.j.s.ServletContextHandler@16fb356{/stages/pool/json,null,AVAILABLE,@Spark}
2022-06-25 17:06:55.569  INFO  915 --- [           main] ject.jetty.server.handler.ContextHandler : Started o.s.j.s.ServletContextHandler@23a9ba52{/storage,null,AVAILABLE,@Spark}
2022-06-25 17:06:55.569  INFO  915 --- [           main] ject.jetty.server.handler.ContextHandler : Started o.s.j.s.ServletContextHandler@70ab80e3{/storage/json,null,AVAILABLE,@Spark}
2022-06-25 17:06:55.569  INFO  915 --- [           main] ject.jetty.server.handler.ContextHandler : Started o.s.j.s.ServletContextHandler@67427b69{/storage/rdd,null,AVAILABLE,@Spark}
2022-06-25 17:06:55.569  INFO  915 --- [           main] ject.jetty.server.handler.ContextHandler : Started o.s.j.s.ServletContextHandler@544630b7{/storage/rdd/json,null,AVAILABLE,@Spark}
2022-06-25 17:06:55.569  INFO  915 --- [           main] ject.jetty.server.handler.ContextHandler : Started o.s.j.s.ServletContextHandler@1095f122{/environment,null,AVAILABLE,@Spark}
2022-06-25 17:06:55.569  INFO  915 --- [           main] ject.jetty.server.handler.ContextHandler : Started o.s.j.s.ServletContextHandler@3d6300e8{/environment/json,null,AVAILABLE,@Spark}
2022-06-25 17:06:55.569  INFO  915 --- [           main] ject.jetty.server.handler.ContextHandler : Started o.s.j.s.ServletContextHandler@24a1c17f{/executors,null,AVAILABLE,@Spark}
2022-06-25 17:06:55.569  INFO  915 --- [           main] ject.jetty.server.handler.ContextHandler : Started o.s.j.s.ServletContextHandler@73511076{/executors/json,null,AVAILABLE,@Spark}
2022-06-25 17:06:55.569  INFO  915 --- [           main] ject.jetty.server.handler.ContextHandler : Started o.s.j.s.ServletContextHandler@532721fd{/executors/threadDump,null,AVAILABLE,@Spark}
2022-06-25 17:06:55.585  INFO  915 --- [           main] ject.jetty.server.handler.ContextHandler : Started o.s.j.s.ServletContextHandler@7fb9f71f{/executors/threadDump/json,null,AVAILABLE,@Spark}
2022-06-25 17:06:55.585  INFO  915 --- [           main] ject.jetty.server.handler.ContextHandler : Started o.s.j.s.ServletContextHandler@51f49060{/static,null,AVAILABLE,@Spark}
2022-06-25 17:06:55.585  INFO  915 --- [           main] ject.jetty.server.handler.ContextHandler : Started o.s.j.s.ServletContextHandler@7689ddef{/,null,AVAILABLE,@Spark}
2022-06-25 17:06:55.603  INFO  915 --- [           main] ject.jetty.server.handler.ContextHandler : Started o.s.j.s.ServletContextHandler@1a2e2935{/api,null,AVAILABLE,@Spark}
2022-06-25 17:06:55.605  INFO  915 --- [           main] ject.jetty.server.handler.ContextHandler : Started o.s.j.s.ServletContextHandler@aa22f1c{/jobs/job/kill,null,AVAILABLE,@Spark}
2022-06-25 17:06:55.606  INFO  915 --- [           main] ject.jetty.server.handler.ContextHandler : Started o.s.j.s.ServletContextHandler@37cd92d6{/stages/stage/kill,null,AVAILABLE,@Spark}
2022-06-25 17:06:55.609  INFO   57 --- [           main] org.apache.spark.internal.Logging        : Bound SparkUI to 0.0.0.0, and started at http://host.docker.internal:4040
2022-06-25 17:06:55.818  INFO   57 --- [           main] org.apache.spark.internal.Logging        : Starting executor ID driver on host host.docker.internal
2022-06-25 17:06:55.976  INFO   57 --- [           main] org.apache.spark.internal.Logging        : Successfully started service 'org.apache.spark.network.netty.NettyBlockTransferService' on port 55417.
2022-06-25 17:06:55.976  INFO   82 --- [           main] .network.netty.NettyBlockTransferService : Server created on host.docker.internal:55417
2022-06-25 17:06:55.976  INFO   57 --- [           main] org.apache.spark.internal.Logging        : Using org.apache.spark.storage.RandomBlockReplicationPolicy for block replication policy
2022-06-25 17:06:55.991  INFO   57 --- [           main] org.apache.spark.internal.Logging        : Registering BlockManager BlockManagerId(driver, host.docker.internal, 55417, None)
2022-06-25 17:06:55.991  INFO   57 --- [ckManagerMaster] org.apache.spark.internal.Logging        : Registering block manager host.docker.internal:55417 with 897.6 MiB RAM, BlockManagerId(driver, host.docker.internal, 55417, None)
2022-06-25 17:06:56.007  INFO   57 --- [           main] org.apache.spark.internal.Logging        : Registered BlockManager BlockManagerId(driver, host.docker.internal, 55417, None)
2022-06-25 17:06:56.007  INFO   57 --- [           main] org.apache.spark.internal.Logging        : Initialized BlockManager: BlockManagerId(driver, host.docker.internal, 55417, None)
2022-06-25 17:06:56.338  INFO  915 --- [           main] ject.jetty.server.handler.ContextHandler : Started o.s.j.s.ServletContextHandler@3b152928{/metrics/json,null,AVAILABLE,@Spark}
2022-06-25 17:06:57.243  INFO   57 --- [streaming-start] org.apache.spark.internal.Logging        : Starting 1 receivers
2022-06-25 17:06:57.248  INFO   57 --- [streaming-start] org.apache.spark.internal.Logging        : ReceiverTracker started
2022-06-25 17:06:57.260  INFO   57 --- [streaming-start] org.apache.spark.internal.Logging        : Slide time = 5000 ms
2022-06-25 17:06:57.261  INFO   57 --- [streaming-start] org.apache.spark.internal.Logging        : Storage level = Serialized 1x Replicated
2022-06-25 17:06:57.263  INFO   57 --- [streaming-start] org.apache.spark.internal.Logging        : Checkpoint interval = null
2022-06-25 17:06:57.265  INFO   57 --- [streaming-start] org.apache.spark.internal.Logging        : Remember interval = 5000 ms
2022-06-25 17:06:57.267  INFO   57 --- [streaming-start] org.apache.spark.internal.Logging        : Initialized and validated org.apache.spark.streaming.dstream.PluggableInputDStream@5caf651f
2022-06-25 17:06:57.268  INFO   57 --- [streaming-start] org.apache.spark.internal.Logging        : Slide time = 5000 ms
2022-06-25 17:06:57.268  INFO   57 --- [streaming-start] org.apache.spark.internal.Logging        : Storage level = Serialized 1x Replicated
2022-06-25 17:06:57.268  INFO   57 --- [streaming-start] org.apache.spark.internal.Logging        : Checkpoint interval = null
2022-06-25 17:06:57.269  INFO   57 --- [streaming-start] org.apache.spark.internal.Logging        : Remember interval = 5000 ms
2022-06-25 17:06:57.269  INFO   57 --- [streaming-start] org.apache.spark.internal.Logging        : Initialized and validated org.apache.spark.streaming.dstream.MappedDStream@17f020b8
2022-06-25 17:06:57.269  INFO   57 --- [streaming-start] org.apache.spark.internal.Logging        : Slide time = 5000 ms
2022-06-25 17:06:57.269  INFO   57 --- [streaming-start] org.apache.spark.internal.Logging        : Storage level = Serialized 1x Replicated
2022-06-25 17:06:57.270  INFO   57 --- [streaming-start] org.apache.spark.internal.Logging        : Checkpoint interval = null
2022-06-25 17:06:57.270  INFO   57 --- [streaming-start] org.apache.spark.internal.Logging        : Remember interval = 5000 ms
2022-06-25 17:06:57.270  INFO   57 --- [streaming-start] org.apache.spark.internal.Logging        : Initialized and validated org.apache.spark.streaming.dstream.ForEachDStream@32310354
2022-06-25 17:06:57.270  INFO   57 --- [streaming-start] org.apache.spark.internal.Logging        : Slide time = 5000 ms
2022-06-25 17:06:57.270  INFO   57 --- [streaming-start] org.apache.spark.internal.Logging        : Storage level = Serialized 1x Replicated
2022-06-25 17:06:57.271  INFO   57 --- [streaming-start] org.apache.spark.internal.Logging        : Checkpoint interval = null
2022-06-25 17:06:57.271  INFO   57 --- [streaming-start] org.apache.spark.internal.Logging        : Remember interval = 5000 ms
2022-06-25 17:06:57.271  INFO   57 --- [streaming-start] org.apache.spark.internal.Logging        : Initialized and validated org.apache.spark.streaming.dstream.PluggableInputDStream@5caf651f
2022-06-25 17:06:57.271  INFO   57 --- [streaming-start] org.apache.spark.internal.Logging        : Slide time = 5000 ms
2022-06-25 17:06:57.271  INFO   57 --- [streaming-start] org.apache.spark.internal.Logging        : Storage level = Serialized 1x Replicated
2022-06-25 17:06:57.272  INFO   57 --- [streaming-start] org.apache.spark.internal.Logging        : Checkpoint interval = null
2022-06-25 17:06:57.272  INFO   57 --- [streaming-start] org.apache.spark.internal.Logging        : Remember interval = 5000 ms
2022-06-25 17:06:57.272  INFO   57 --- [streaming-start] org.apache.spark.internal.Logging        : Initialized and validated org.apache.spark.streaming.dstream.MappedDStream@17f020b8
2022-06-25 17:06:57.272  INFO   57 --- [streaming-start] org.apache.spark.internal.Logging        : Slide time = 5000 ms
2022-06-25 17:06:57.273  INFO   57 --- [streaming-start] org.apache.spark.internal.Logging        : Storage level = Serialized 1x Replicated
2022-06-25 17:06:57.273  INFO   57 --- [streaming-start] org.apache.spark.internal.Logging        : Checkpoint interval = null
2022-06-25 17:06:57.273  INFO   57 --- [streaming-start] org.apache.spark.internal.Logging        : Remember interval = 5000 ms
2022-06-25 17:06:57.273  INFO   57 --- [streaming-start] org.apache.spark.internal.Logging        : Initialized and validated org.apache.spark.streaming.dstream.ForEachDStream@15847835
2022-06-25 17:06:57.411  INFO   57 --- [er-event-loop-3] org.apache.spark.internal.Logging        : Receiver 0 started
2022-06-25 17:06:57.416  INFO   57 --- [streaming-start] org.apache.spark.internal.Logging        : Started timer for JobGenerator at time 1656173220000
2022-06-25 17:06:57.417  INFO   57 --- [streaming-start] org.apache.spark.internal.Logging        : Started JobGenerator at 1656173220000 ms
2022-06-25 17:06:57.420  INFO   57 --- [streaming-start] org.apache.spark.internal.Logging        : Started JobScheduler
2022-06-25 17:06:57.426  INFO   57 --- [uler-event-loop] org.apache.spark.internal.Logging        : Got job 0 (start at Application.java:177) with 1 output partitions
2022-06-25 17:06:57.428  INFO   57 --- [uler-event-loop] org.apache.spark.internal.Logging        : Final stage: ResultStage 0 (start at Application.java:177)
2022-06-25 17:06:57.428  INFO   57 --- [uler-event-loop] org.apache.spark.internal.Logging        : Parents of final stage: List()
2022-06-25 17:06:57.430  INFO  915 --- [           main] ject.jetty.server.handler.ContextHandler : Started o.s.j.s.ServletContextHandler@36f1046f{/streaming,null,AVAILABLE,@Spark}
2022-06-25 17:06:57.431  INFO   57 --- [uler-event-loop] org.apache.spark.internal.Logging        : Missing parents: List()
2022-06-25 17:06:57.434  INFO  915 --- [           main] ject.jetty.server.handler.ContextHandler : Started o.s.j.s.ServletContextHandler@1686f0b4{/streaming/json,null,AVAILABLE,@Spark}
2022-06-25 17:06:57.440  INFO  915 --- [           main] ject.jetty.server.handler.ContextHandler : Started o.s.j.s.ServletContextHandler@627d8516{/streaming/batch,null,AVAILABLE,@Spark}
2022-06-25 17:06:57.441  INFO   57 --- [uler-event-loop] org.apache.spark.internal.Logging        : Submitting ResultStage 0 (Receiver 0 ParallelCollectionRDD[0] at makeRDD at ReceiverTracker.scala:609), which has no missing parents
2022-06-25 17:06:57.448  INFO  915 --- [           main] ject.jetty.server.handler.ContextHandler : Started o.s.j.s.ServletContextHandler@6b667cb3{/streaming/batch/json,null,AVAILABLE,@Spark}
2022-06-25 17:06:57.451  INFO  915 --- [           main] ject.jetty.server.handler.ContextHandler : Started o.s.j.s.ServletContextHandler@64b70919{/static/streaming,null,AVAILABLE,@Spark}
2022-06-25 17:06:57.452  INFO   57 --- [           main] org.apache.spark.internal.Logging        : StreamingContext started
2022-06-25 17:06:57.641  INFO   57 --- [uler-event-loop] org.apache.spark.internal.Logging        : Block broadcast_0 stored as values in memory (estimated size 97.5 KiB, free 897.5 MiB)
2022-06-25 17:06:57.766  INFO   57 --- [uler-event-loop] org.apache.spark.internal.Logging        : Block broadcast_0_piece0 stored as bytes in memory (estimated size 34.2 KiB, free 897.5 MiB)
2022-06-25 17:06:57.770  INFO   57 --- [ckManagerMaster] org.apache.spark.internal.Logging        : Added broadcast_0_piece0 in memory on host.docker.internal:55417 (size: 34.2 KiB, free: 897.6 MiB)
2022-06-25 17:06:57.774  INFO   57 --- [uler-event-loop] org.apache.spark.internal.Logging        : Created broadcast 0 from broadcast at DAGScheduler.scala:1478
2022-06-25 17:06:57.792  INFO   57 --- [uler-event-loop] org.apache.spark.internal.Logging        : Submitting 1 missing tasks from ResultStage 0 (Receiver 0 ParallelCollectionRDD[0] at makeRDD at ReceiverTracker.scala:609) (first 15 tasks are for partitions Vector(0))
2022-06-25 17:06:57.794  INFO   57 --- [uler-event-loop] org.apache.spark.internal.Logging        : Adding task set 0.0 with 1 tasks resource profile 0
2022-06-25 17:06:57.905  INFO   57 --- [er-event-loop-0] org.apache.spark.internal.Logging        : Starting task 0.0 in stage 0.0 (TID 0) (host.docker.internal, executor driver, partition 0, PROCESS_LOCAL, 6218 bytes) taskResourceAssignments Map()
2022-06-25 17:06:57.944  INFO   57 --- [age 0.0 (TID 0)] org.apache.spark.internal.Logging        : Running task 0.0 in stage 0.0 (TID 0)
2022-06-25 17:06:58.460  INFO   57 --- [age 0.0 (TID 0)] org.apache.spark.internal.Logging        : Started timer for BlockGenerator at time 1656173218600
2022-06-25 17:06:58.470  INFO   57 --- [age 0.0 (TID 0)] org.apache.spark.internal.Logging        : Started BlockGenerator
2022-06-25 17:06:58.473  INFO   57 --- [      Thread-14] org.apache.spark.internal.Logging        : Started block pushing thread
2022-06-25 17:06:58.487  INFO   57 --- [er-event-loop-0] org.apache.spark.internal.Logging        : Registered receiver for stream 0 from host.docker.internal:55389
2022-06-25 17:06:58.489  INFO   57 --- [age 0.0 (TID 0)] org.apache.spark.internal.Logging        : Starting receiver 0
2022-06-25 17:06:58.491  INFO   57 --- [age 0.0 (TID 0)] org.apache.spark.internal.Logging        : Called receiver 0 onStart
2022-06-25 17:06:58.492  INFO   57 --- [age 0.0 (TID 0)] org.apache.spark.internal.Logging        : Waiting for receiver to be stopped
2022-06-25 17:07:00.091  INFO   57 --- [   JobGenerator] org.apache.spark.internal.Logging        : Added jobs for time 1656173220000 ms
2022-06-25 17:07:00.110  INFO   57 --- [   JobScheduler] org.apache.spark.internal.Logging        : Starting job streaming job 1656173220000 ms.0 from job set of time 1656173220000 ms
2022-06-25 17:07:00.210  WARN   69 --- [-job-executor-0] org.apache.spark.internal.Logging        : Using an existing SparkContext; some configuration may not take effect.
2022-06-25 17:07:01.045  INFO   57 --- [-job-executor-0] org.apache.spark.internal.Logging        : Setting hive.metastore.warehouse.dir ('null') to the value of spark.sql.warehouse.dir.
2022-06-25 17:07:02.147  INFO   57 --- [-job-executor-0] org.apache.spark.internal.Logging        : Warehouse path is 'file:/C:/IntelliJProjects/NifiSparkStreaming/spark-warehouse'.
2022-06-25 17:07:02.176  INFO  915 --- [-job-executor-0] ject.jetty.server.handler.ContextHandler : Started o.s.j.s.ServletContextHandler@264520c0{/SQL,null,AVAILABLE,@Spark}
2022-06-25 17:07:02.177  INFO  915 --- [-job-executor-0] ject.jetty.server.handler.ContextHandler : Started o.s.j.s.ServletContextHandler@388777e3{/SQL/json,null,AVAILABLE,@Spark}
2022-06-25 17:07:02.180  INFO  915 --- [-job-executor-0] ject.jetty.server.handler.ContextHandler : Started o.s.j.s.ServletContextHandler@3f444d16{/SQL/execution,null,AVAILABLE,@Spark}
2022-06-25 17:07:02.181  INFO  915 --- [-job-executor-0] ject.jetty.server.handler.ContextHandler : Started o.s.j.s.ServletContextHandler@3a09a5db{/SQL/execution/json,null,AVAILABLE,@Spark}
2022-06-25 17:07:02.184  INFO  915 --- [-job-executor-0] ject.jetty.server.handler.ContextHandler : Started o.s.j.s.ServletContextHandler@586128f7{/static/sql,null,AVAILABLE,@Spark}
2022-06-25 17:07:02.420  INFO  571 --- [  NiFi Receiver] g.apache.nifi.remote.client.PeerSelector : Successfully refreshed peer status cache; remote group consists of 1 peers
2022-06-25 17:07:02.421  INFO  571 --- [ool Maintenance] g.apache.nifi.remote.client.PeerSelector : Successfully refreshed peer status cache; remote group consists of 1 peers
2022-06-25 17:07:02.742  INFO   57 --- [  NiFi Receiver] org.apache.spark.internal.Logging        : Block input-0-1656173218444 stored as values in memory (estimated size 503.2 KiB, free 897.0 MiB)
2022-06-25 17:07:02.743  INFO   57 --- [ckManagerMaster] org.apache.spark.internal.Logging        : Added input-0-1656173218444 in memory on host.docker.internal:55417 (size: 503.2 KiB, free: 897.1 MiB)
2022-06-25 17:07:05.008  INFO   57 --- [   JobGenerator] org.apache.spark.internal.Logging        : Added jobs for time 1656173225000 ms
2022-06-25 17:07:07.191  INFO   57 --- [-job-executor-0] org.apache.spark.internal.Logging        : Code generated in 370.9358 ms
2022-06-25 17:07:07.232  INFO   57 --- [   JobScheduler] org.apache.spark.internal.Logging        : Finished job streaming job 1656173220000 ms.0 from job set of time 1656173220000 ms
2022-06-25 17:07:07.235  WARN   69 --- [-job-executor-0] org.apache.spark.internal.Logging        : Using an existing SparkSession; the static sql configurations will not take effect.
2022-06-25 17:07:07.235  INFO   57 --- [   JobScheduler] org.apache.spark.internal.Logging        : Starting job streaming job 1656173220000 ms.1 from job set of time 1656173220000 ms
2022-06-25 17:07:07.235  WARN   69 --- [-job-executor-0] org.apache.spark.internal.Logging        : Using an existing SparkSession; some spark core configurations may not take effect.
2022-06-25 17:07:07.235  INFO   57 --- [   JobScheduler] org.apache.spark.internal.Logging        : Finished job streaming job 1656173220000 ms.1 from job set of time 1656173220000 ms
2022-06-25 17:07:07.245  INFO   57 --- [   JobScheduler] org.apache.spark.internal.Logging        : Total delay: 7.235 s for time 1656173220000 ms (execution: 7.126 s)
2022-06-25 17:07:07.252  INFO   57 --- [   JobScheduler] org.apache.spark.internal.Logging        : Starting job streaming job 1656173225000 ms.0 from job set of time 1656173225000 ms
2022-06-25 17:07:07.254  INFO   57 --- [   JobGenerator] org.apache.spark.internal.Logging        : Deleting batches: 
2022-06-25 17:07:07.258  INFO   57 --- [   JobGenerator] org.apache.spark.internal.Logging        : remove old batch metadata: 
2022-06-25 17:07:07.346  INFO   57 --- [-job-executor-0] org.apache.spark.internal.Logging        : Starting job: show at Application.java:144
2022-06-25 17:07:07.350  INFO   57 --- [uler-event-loop] org.apache.spark.internal.Logging        : Got job 1 (show at Application.java:144) with 1 output partitions
2022-06-25 17:07:07.350  INFO   57 --- [uler-event-loop] org.apache.spark.internal.Logging        : Final stage: ResultStage 1 (show at Application.java:144)
2022-06-25 17:07:07.350  INFO   57 --- [uler-event-loop] org.apache.spark.internal.Logging        : Parents of final stage: List()
2022-06-25 17:07:07.351  INFO   57 --- [uler-event-loop] org.apache.spark.internal.Logging        : Missing parents: List()
2022-06-25 17:07:07.355  INFO   57 --- [uler-event-loop] org.apache.spark.internal.Logging        : Submitting ResultStage 1 (MapPartitionsRDD[12] at show at Application.java:144), which has no missing parents
2022-06-25 17:07:07.386  INFO   57 --- [uler-event-loop] org.apache.spark.internal.Logging        : Block broadcast_1 stored as values in memory (estimated size 19.0 KiB, free 897.0 MiB)
2022-06-25 17:07:07.390  INFO   57 --- [uler-event-loop] org.apache.spark.internal.Logging        : Block broadcast_1_piece0 stored as bytes in memory (estimated size 7.3 KiB, free 897.0 MiB)
2022-06-25 17:07:07.391  INFO   57 --- [ckManagerMaster] org.apache.spark.internal.Logging        : Added broadcast_1_piece0 in memory on host.docker.internal:55417 (size: 7.3 KiB, free: 897.1 MiB)
2022-06-25 17:07:07.393  INFO   57 --- [uler-event-loop] org.apache.spark.internal.Logging        : Created broadcast 1 from broadcast at DAGScheduler.scala:1478
2022-06-25 17:07:07.394  INFO   57 --- [uler-event-loop] org.apache.spark.internal.Logging        : Submitting 1 missing tasks from ResultStage 1 (MapPartitionsRDD[12] at show at Application.java:144) (first 15 tasks are for partitions Vector(0))
2022-06-25 17:07:07.394  INFO   57 --- [uler-event-loop] org.apache.spark.internal.Logging        : Adding task set 1.0 with 1 tasks resource profile 0
2022-06-25 17:07:07.399  INFO   57 --- [er-event-loop-2] org.apache.spark.internal.Logging        : Starting task 0.0 in stage 1.0 (TID 1) (host.docker.internal, executor driver, partition 0, PROCESS_LOCAL, 4394 bytes) taskResourceAssignments Map()
2022-06-25 17:07:07.421  INFO   57 --- [age 1.0 (TID 1)] org.apache.spark.internal.Logging        : Running task 0.0 in stage 1.0 (TID 1)
2022-06-25 17:07:07.704  INFO   57 --- [age 1.0 (TID 1)] org.apache.spark.internal.Logging        : Found block input-0-1656173218444 locally
2022-06-25 17:07:07.918  ERROR   94 --- [age 1.0 (TID 1)] org.apache.spark.internal.Logging        : Exception in task 0.0 in stage 1.0 (TID 1)
java.lang.IllegalArgumentException: object is not an instance of declaring class
	at sun.reflect.NativeMethodAccessorImpl.invoke0(Native Method)
	at sun.reflect.NativeMethodAccessorImpl.invoke(NativeMethodAccessorImpl.java:62)
	at sun.reflect.DelegatingMethodAccessorImpl.invoke(DelegatingMethodAccessorImpl.java:43)
	at java.lang.reflect.Method.invoke(Method.java:498)
	at org.apache.spark.sql.SQLContext$.$anonfun$beansToRows$3(SQLContext.scala:1071)
	at scala.collection.TraversableLike.$anonfun$map$1(TraversableLike.scala:286)
	at scala.collection.IndexedSeqOptimized.foreach(IndexedSeqOptimized.scala:36)
	at scala.collection.IndexedSeqOptimized.foreach$(IndexedSeqOptimized.scala:33)
	at scala.collection.mutable.ArrayOps$ofRef.foreach(ArrayOps.scala:198)
	at scala.collection.TraversableLike.map(TraversableLike.scala:286)
	at scala.collection.TraversableLike.map$(TraversableLike.scala:279)
	at scala.collection.mutable.ArrayOps$ofRef.map(ArrayOps.scala:198)
	at org.apache.spark.sql.SQLContext$.$anonfun$beansToRows$2(SQLContext.scala:1070)
	at scala.collection.Iterator$$anon$10.next(Iterator.scala:461)
	at org.apache.spark.sql.catalyst.expressions.GeneratedClass$GeneratedIteratorForCodegenStage1.processNext(Unknown Source)
	at org.apache.spark.sql.execution.BufferedRowIterator.hasNext(BufferedRowIterator.java:43)
	at org.apache.spark.sql.execution.WholeStageCodegenExec$$anon$1.hasNext(WholeStageCodegenExec.scala:759)
	at org.apache.spark.sql.execution.SparkPlan.$anonfun$getByteArrayRdd$1(SparkPlan.scala:349)
	at org.apache.spark.rdd.RDD.$anonfun$mapPartitionsInternal$2(RDD.scala:898)
	at org.apache.spark.rdd.RDD.$anonfun$mapPartitionsInternal$2$adapted(RDD.scala:898)
	at org.apache.spark.rdd.MapPartitionsRDD.compute(MapPartitionsRDD.scala:52)
	at org.apache.spark.rdd.RDD.computeOrReadCheckpoint(RDD.scala:373)
	at org.apache.spark.rdd.RDD.iterator(RDD.scala:337)
	at org.apache.spark.scheduler.ResultTask.runTask(ResultTask.scala:90)
	at org.apache.spark.scheduler.Task.run(Task.scala:131)
	at org.apache.spark.executor.Executor$TaskRunner.$anonfun$run$3(Executor.scala:506)
	at org.apache.spark.util.Utils$.tryWithSafeFinally(Utils.scala:1462)
	at org.apache.spark.executor.Executor$TaskRunner.run(Executor.scala:509)
	at java.util.concurrent.ThreadPoolExecutor.runWorker(ThreadPoolExecutor.java:1149)
	at java.util.concurrent.ThreadPoolExecutor$Worker.run(ThreadPoolExecutor.java:624)
	at java.lang.Thread.run(Thread.java:748)
2022-06-25 17:07:07.976  WARN   69 --- [result-getter-0] org.apache.spark.internal.Logging        : Lost task 0.0 in stage 1.0 (TID 1) (host.docker.internal executor driver): java.lang.IllegalArgumentException: object is not an instance of declaring class
	at sun.reflect.NativeMethodAccessorImpl.invoke0(Native Method)
	at sun.reflect.NativeMethodAccessorImpl.invoke(NativeMethodAccessorImpl.java:62)
	at sun.reflect.DelegatingMethodAccessorImpl.invoke(DelegatingMethodAccessorImpl.java:43)
	at java.lang.reflect.Method.invoke(Method.java:498)
	at org.apache.spark.sql.SQLContext$.$anonfun$beansToRows$3(SQLContext.scala:1071)
	at scala.collection.TraversableLike.$anonfun$map$1(TraversableLike.scala:286)
	at scala.collection.IndexedSeqOptimized.foreach(IndexedSeqOptimized.scala:36)
	at scala.collection.IndexedSeqOptimized.foreach$(IndexedSeqOptimized.scala:33)
	at scala.collection.mutable.ArrayOps$ofRef.foreach(ArrayOps.scala:198)
	at scala.collection.TraversableLike.map(TraversableLike.scala:286)
	at scala.collection.TraversableLike.map$(TraversableLike.scala:279)
	at scala.collection.mutable.ArrayOps$ofRef.map(ArrayOps.scala:198)
	at org.apache.spark.sql.SQLContext$.$anonfun$beansToRows$2(SQLContext.scala:1070)
	at scala.collection.Iterator$$anon$10.next(Iterator.scala:461)
	at org.apache.spark.sql.catalyst.expressions.GeneratedClass$GeneratedIteratorForCodegenStage1.processNext(Unknown Source)
	at org.apache.spark.sql.execution.BufferedRowIterator.hasNext(BufferedRowIterator.java:43)
	at org.apache.spark.sql.execution.WholeStageCodegenExec$$anon$1.hasNext(WholeStageCodegenExec.scala:759)
	at org.apache.spark.sql.execution.SparkPlan.$anonfun$getByteArrayRdd$1(SparkPlan.scala:349)
	at org.apache.spark.rdd.RDD.$anonfun$mapPartitionsInternal$2(RDD.scala:898)
	at org.apache.spark.rdd.RDD.$anonfun$mapPartitionsInternal$2$adapted(RDD.scala:898)
	at org.apache.spark.rdd.MapPartitionsRDD.compute(MapPartitionsRDD.scala:52)
	at org.apache.spark.rdd.RDD.computeOrReadCheckpoint(RDD.scala:373)
	at org.apache.spark.rdd.RDD.iterator(RDD.scala:337)
	at org.apache.spark.scheduler.ResultTask.runTask(ResultTask.scala:90)
	at org.apache.spark.scheduler.Task.run(Task.scala:131)
	at org.apache.spark.executor.Executor$TaskRunner.$anonfun$run$3(Executor.scala:506)
	at org.apache.spark.util.Utils$.tryWithSafeFinally(Utils.scala:1462)
	at org.apache.spark.executor.Executor$TaskRunner.run(Executor.scala:509)
	at java.util.concurrent.ThreadPoolExecutor.runWorker(ThreadPoolExecutor.java:1149)
	at java.util.concurrent.ThreadPoolExecutor$Worker.run(ThreadPoolExecutor.java:624)
	at java.lang.Thread.run(Thread.java:748)

2022-06-25 17:07:07.981  ERROR   73 --- [result-getter-0] org.apache.spark.internal.Logging        : Task 0 in stage 1.0 failed 1 times; aborting job
2022-06-25 17:07:07.984  INFO   57 --- [result-getter-0] org.apache.spark.internal.Logging        : Removed TaskSet 1.0, whose tasks have all completed, from pool 
2022-06-25 17:07:07.995  INFO   57 --- [uler-event-loop] org.apache.spark.internal.Logging        : Cancelling stage 1
2022-06-25 17:07:07.997  INFO   57 --- [uler-event-loop] org.apache.spark.internal.Logging        : Killing all running tasks in stage 1: Stage cancelled
2022-06-25 17:07:07.999  INFO   57 --- [uler-event-loop] org.apache.spark.internal.Logging        : ResultStage 1 (show at Application.java:144) failed in 0.634 s due to Job aborted due to stage failure: Task 0 in stage 1.0 failed 1 times, most recent failure: Lost task 0.0 in stage 1.0 (TID 1) (host.docker.internal executor driver): java.lang.IllegalArgumentException: object is not an instance of declaring class
	at sun.reflect.NativeMethodAccessorImpl.invoke0(Native Method)
	at sun.reflect.NativeMethodAccessorImpl.invoke(NativeMethodAccessorImpl.java:62)
	at sun.reflect.DelegatingMethodAccessorImpl.invoke(DelegatingMethodAccessorImpl.java:43)
	at java.lang.reflect.Method.invoke(Method.java:498)
	at org.apache.spark.sql.SQLContext$.$anonfun$beansToRows$3(SQLContext.scala:1071)
	at scala.collection.TraversableLike.$anonfun$map$1(TraversableLike.scala:286)
	at scala.collection.IndexedSeqOptimized.foreach(IndexedSeqOptimized.scala:36)
	at scala.collection.IndexedSeqOptimized.foreach$(IndexedSeqOptimized.scala:33)
	at scala.collection.mutable.ArrayOps$ofRef.foreach(ArrayOps.scala:198)
	at scala.collection.TraversableLike.map(TraversableLike.scala:286)
	at scala.collection.TraversableLike.map$(TraversableLike.scala:279)
	at scala.collection.mutable.ArrayOps$ofRef.map(ArrayOps.scala:198)
	at org.apache.spark.sql.SQLContext$.$anonfun$beansToRows$2(SQLContext.scala:1070)
	at scala.collection.Iterator$$anon$10.next(Iterator.scala:461)
	at org.apache.spark.sql.catalyst.expressions.GeneratedClass$GeneratedIteratorForCodegenStage1.processNext(Unknown Source)
	at org.apache.spark.sql.execution.BufferedRowIterator.hasNext(BufferedRowIterator.java:43)
	at org.apache.spark.sql.execution.WholeStageCodegenExec$$anon$1.hasNext(WholeStageCodegenExec.scala:759)
	at org.apache.spark.sql.execution.SparkPlan.$anonfun$getByteArrayRdd$1(SparkPlan.scala:349)
	at org.apache.spark.rdd.RDD.$anonfun$mapPartitionsInternal$2(RDD.scala:898)
	at org.apache.spark.rdd.RDD.$anonfun$mapPartitionsInternal$2$adapted(RDD.scala:898)
	at org.apache.spark.rdd.MapPartitionsRDD.compute(MapPartitionsRDD.scala:52)
	at org.apache.spark.rdd.RDD.computeOrReadCheckpoint(RDD.scala:373)
	at org.apache.spark.rdd.RDD.iterator(RDD.scala:337)
	at org.apache.spark.scheduler.ResultTask.runTask(ResultTask.scala:90)
	at org.apache.spark.scheduler.Task.run(Task.scala:131)
	at org.apache.spark.executor.Executor$TaskRunner.$anonfun$run$3(Executor.scala:506)
	at org.apache.spark.util.Utils$.tryWithSafeFinally(Utils.scala:1462)
	at org.apache.spark.executor.Executor$TaskRunner.run(Executor.scala:509)
	at java.util.concurrent.ThreadPoolExecutor.runWorker(ThreadPoolExecutor.java:1149)
	at java.util.concurrent.ThreadPoolExecutor$Worker.run(ThreadPoolExecutor.java:624)
	at java.lang.Thread.run(Thread.java:748)

Driver stacktrace:
2022-06-25 17:07:08.005  INFO   57 --- [-job-executor-0] org.apache.spark.internal.Logging        : Job 1 failed: show at Application.java:144, took 0.657912 s
2022-06-25 17:07:08.010  INFO   57 --- [   JobScheduler] org.apache.spark.internal.Logging        : Finished job streaming job 1656173225000 ms.0 from job set of time 1656173225000 ms
2022-06-25 17:07:08.013  INFO   57 --- [   JobScheduler] org.apache.spark.internal.Logging        : Starting job streaming job 1656173225000 ms.1 from job set of time 1656173225000 ms
2022-06-25 17:07:08.016  ERROR   94 --- [   JobScheduler] org.apache.spark.internal.Logging        : Error running job streaming job 1656173225000 ms.0
org.apache.spark.SparkException: Job aborted due to stage failure: Task 0 in stage 1.0 failed 1 times, most recent failure: Lost task 0.0 in stage 1.0 (TID 1) (host.docker.internal executor driver): java.lang.IllegalArgumentException: object is not an instance of declaring class
	at sun.reflect.NativeMethodAccessorImpl.invoke0(Native Method)
	at sun.reflect.NativeMethodAccessorImpl.invoke(NativeMethodAccessorImpl.java:62)
	at sun.reflect.DelegatingMethodAccessorImpl.invoke(DelegatingMethodAccessorImpl.java:43)
	at java.lang.reflect.Method.invoke(Method.java:498)
	at org.apache.spark.sql.SQLContext$.$anonfun$beansToRows$3(SQLContext.scala:1071)
	at scala.collection.TraversableLike.$anonfun$map$1(TraversableLike.scala:286)
	at scala.collection.IndexedSeqOptimized.foreach(IndexedSeqOptimized.scala:36)
	at scala.collection.IndexedSeqOptimized.foreach$(IndexedSeqOptimized.scala:33)
	at scala.collection.mutable.ArrayOps$ofRef.foreach(ArrayOps.scala:198)
	at scala.collection.TraversableLike.map(TraversableLike.scala:286)
	at scala.collection.TraversableLike.map$(TraversableLike.scala:279)
	at scala.collection.mutable.ArrayOps$ofRef.map(ArrayOps.scala:198)
	at org.apache.spark.sql.SQLContext$.$anonfun$beansToRows$2(SQLContext.scala:1070)
	at scala.collection.Iterator$$anon$10.next(Iterator.scala:461)
	at org.apache.spark.sql.catalyst.expressions.GeneratedClass$GeneratedIteratorForCodegenStage1.processNext(Unknown Source)
	at org.apache.spark.sql.execution.BufferedRowIterator.hasNext(BufferedRowIterator.java:43)
	at org.apache.spark.sql.execution.WholeStageCodegenExec$$anon$1.hasNext(WholeStageCodegenExec.scala:759)
	at org.apache.spark.sql.execution.SparkPlan.$anonfun$getByteArrayRdd$1(SparkPlan.scala:349)
	at org.apache.spark.rdd.RDD.$anonfun$mapPartitionsInternal$2(RDD.scala:898)
	at org.apache.spark.rdd.RDD.$anonfun$mapPartitionsInternal$2$adapted(RDD.scala:898)
	at org.apache.spark.rdd.MapPartitionsRDD.compute(MapPartitionsRDD.scala:52)
	at org.apache.spark.rdd.RDD.computeOrReadCheckpoint(RDD.scala:373)
	at org.apache.spark.rdd.RDD.iterator(RDD.scala:337)
	at org.apache.spark.scheduler.ResultTask.runTask(ResultTask.scala:90)
	at org.apache.spark.scheduler.Task.run(Task.scala:131)
	at org.apache.spark.executor.Executor$TaskRunner.$anonfun$run$3(Executor.scala:506)
	at org.apache.spark.util.Utils$.tryWithSafeFinally(Utils.scala:1462)
	at org.apache.spark.executor.Executor$TaskRunner.run(Executor.scala:509)
	at java.util.concurrent.ThreadPoolExecutor.runWorker(ThreadPoolExecutor.java:1149)
	at java.util.concurrent.ThreadPoolExecutor$Worker.run(ThreadPoolExecutor.java:624)
	at java.lang.Thread.run(Thread.java:748)

Driver stacktrace:
	at org.apache.spark.scheduler.DAGScheduler.failJobAndIndependentStages(DAGScheduler.scala:2454)
	at org.apache.spark.scheduler.DAGScheduler.$anonfun$abortStage$2(DAGScheduler.scala:2403)
	at org.apache.spark.scheduler.DAGScheduler.$anonfun$abortStage$2$adapted(DAGScheduler.scala:2402)
	at scala.collection.mutable.ResizableArray.foreach(ResizableArray.scala:62)
	at scala.collection.mutable.ResizableArray.foreach$(ResizableArray.scala:55)
	at scala.collection.mutable.ArrayBuffer.foreach(ArrayBuffer.scala:49)
	at org.apache.spark.scheduler.DAGScheduler.abortStage(DAGScheduler.scala:2402)
	at org.apache.spark.scheduler.DAGScheduler.$anonfun$handleTaskSetFailed$1(DAGScheduler.scala:1160)
	at org.apache.spark.scheduler.DAGScheduler.$anonfun$handleTaskSetFailed$1$adapted(DAGScheduler.scala:1160)
	at scala.Option.foreach(Option.scala:407)
	at org.apache.spark.scheduler.DAGScheduler.handleTaskSetFailed(DAGScheduler.scala:1160)
	at org.apache.spark.scheduler.DAGSchedulerEventProcessLoop.doOnReceive(DAGScheduler.scala:2642)
	at org.apache.spark.scheduler.DAGSchedulerEventProcessLoop.onReceive(DAGScheduler.scala:2584)
	at org.apache.spark.scheduler.DAGSchedulerEventProcessLoop.onReceive(DAGScheduler.scala:2573)
	at org.apache.spark.util.EventLoop$$anon$1.run(EventLoop.scala:49)
	at org.apache.spark.scheduler.DAGScheduler.runJob(DAGScheduler.scala:938)
	at org.apache.spark.SparkContext.runJob(SparkContext.scala:2214)
	at org.apache.spark.SparkContext.runJob(SparkContext.scala:2235)
	at org.apache.spark.SparkContext.runJob(SparkContext.scala:2254)
	at org.apache.spark.sql.execution.SparkPlan.executeTake(SparkPlan.scala:476)
	at org.apache.spark.sql.execution.SparkPlan.executeTake(SparkPlan.scala:429)
	at org.apache.spark.sql.execution.CollectLimitExec.executeCollect(limit.scala:48)
	at org.apache.spark.sql.Dataset.collectFromPlan(Dataset.scala:3715)
	at org.apache.spark.sql.Dataset.$anonfun$head$1(Dataset.scala:2728)
	at org.apache.spark.sql.Dataset.$anonfun$withAction$1(Dataset.scala:3706)
	at org.apache.spark.sql.execution.SQLExecution$.$anonfun$withNewExecutionId$5(SQLExecution.scala:103)
	at org.apache.spark.sql.execution.SQLExecution$.withSQLConfPropagated(SQLExecution.scala:163)
	at org.apache.spark.sql.execution.SQLExecution$.$anonfun$withNewExecutionId$1(SQLExecution.scala:90)
	at org.apache.spark.sql.SparkSession.withActive(SparkSession.scala:775)
	at org.apache.spark.sql.execution.SQLExecution$.withNewExecutionId(SQLExecution.scala:64)
	at org.apache.spark.sql.Dataset.withAction(Dataset.scala:3704)
	at org.apache.spark.sql.Dataset.head(Dataset.scala:2728)
	at org.apache.spark.sql.Dataset.take(Dataset.scala:2935)
	at org.apache.spark.sql.Dataset.getRows(Dataset.scala:287)
	at org.apache.spark.sql.Dataset.showString(Dataset.scala:326)
	at org.apache.spark.sql.Dataset.show(Dataset.scala:806)
	at org.apache.spark.sql.Dataset.show(Dataset.scala:765)
	at org.apache.spark.sql.Dataset.show(Dataset.scala:774)
	at com.elite.cdr.validator.Application.lambda$main$3dd8454f$1(Application.java:144)
	at org.apache.spark.streaming.api.java.JavaDStreamLike.$anonfun$foreachRDD$2(JavaDStreamLike.scala:280)
	at org.apache.spark.streaming.api.java.JavaDStreamLike.$anonfun$foreachRDD$2$adapted(JavaDStreamLike.scala:280)
	at org.apache.spark.streaming.dstream.ForEachDStream.$anonfun$generateJob$2(ForEachDStream.scala:51)
	at scala.runtime.java8.JFunction0$mcV$sp.apply(JFunction0$mcV$sp.java:23)
	at org.apache.spark.streaming.dstream.DStream.createRDDWithLocalProperties(DStream.scala:417)
	at org.apache.spark.streaming.dstream.ForEachDStream.$anonfun$generateJob$1(ForEachDStream.scala:51)
	at scala.runtime.java8.JFunction0$mcV$sp.apply(JFunction0$mcV$sp.java:23)
	at scala.util.Try$.apply(Try.scala:213)
	at org.apache.spark.streaming.scheduler.Job.run(Job.scala:39)
	at org.apache.spark.streaming.scheduler.JobScheduler$JobHandler.$anonfun$run$1(JobScheduler.scala:256)
	at scala.runtime.java8.JFunction0$mcV$sp.apply(JFunction0$mcV$sp.java:23)
	at scala.util.DynamicVariable.withValue(DynamicVariable.scala:62)
	at org.apache.spark.streaming.scheduler.JobScheduler$JobHandler.run(JobScheduler.scala:256)
	at java.util.concurrent.ThreadPoolExecutor.runWorker(ThreadPoolExecutor.java:1149)
	at java.util.concurrent.ThreadPoolExecutor$Worker.run(ThreadPoolExecutor.java:624)
	at java.lang.Thread.run(Thread.java:748)
Caused by: java.lang.IllegalArgumentException: object is not an instance of declaring class
	at sun.reflect.NativeMethodAccessorImpl.invoke0(Native Method)
	at sun.reflect.NativeMethodAccessorImpl.invoke(NativeMethodAccessorImpl.java:62)
	at sun.reflect.DelegatingMethodAccessorImpl.invoke(DelegatingMethodAccessorImpl.java:43)
	at java.lang.reflect.Method.invoke(Method.java:498)
	at org.apache.spark.sql.SQLContext$.$anonfun$beansToRows$3(SQLContext.scala:1071)
	at scala.collection.TraversableLike.$anonfun$map$1(TraversableLike.scala:286)
	at scala.collection.IndexedSeqOptimized.foreach(IndexedSeqOptimized.scala:36)
	at scala.collection.IndexedSeqOptimized.foreach$(IndexedSeqOptimized.scala:33)
	at scala.collection.mutable.ArrayOps$ofRef.foreach(ArrayOps.scala:198)
	at scala.collection.TraversableLike.map(TraversableLike.scala:286)
	at scala.collection.TraversableLike.map$(TraversableLike.scala:279)
	at scala.collection.mutable.ArrayOps$ofRef.map(ArrayOps.scala:198)
	at org.apache.spark.sql.SQLContext$.$anonfun$beansToRows$2(SQLContext.scala:1070)
	at scala.collection.Iterator$$anon$10.next(Iterator.scala:461)
	at org.apache.spark.sql.catalyst.expressions.GeneratedClass$GeneratedIteratorForCodegenStage1.processNext(Unknown Source)
	at org.apache.spark.sql.execution.BufferedRowIterator.hasNext(BufferedRowIterator.java:43)
	at org.apache.spark.sql.execution.WholeStageCodegenExec$$anon$1.hasNext(WholeStageCodegenExec.scala:759)
	at org.apache.spark.sql.execution.SparkPlan.$anonfun$getByteArrayRdd$1(SparkPlan.scala:349)
	at org.apache.spark.rdd.RDD.$anonfun$mapPartitionsInternal$2(RDD.scala:898)
	at org.apache.spark.rdd.RDD.$anonfun$mapPartitionsInternal$2$adapted(RDD.scala:898)
	at org.apache.spark.rdd.MapPartitionsRDD.compute(MapPartitionsRDD.scala:52)
	at org.apache.spark.rdd.RDD.computeOrReadCheckpoint(RDD.scala:373)
	at org.apache.spark.rdd.RDD.iterator(RDD.scala:337)
	at org.apache.spark.scheduler.ResultTask.runTask(ResultTask.scala:90)
	at org.apache.spark.scheduler.Task.run(Task.scala:131)
	at org.apache.spark.executor.Executor$TaskRunner.$anonfun$run$3(Executor.scala:506)
	at org.apache.spark.util.Utils$.tryWithSafeFinally(Utils.scala:1462)
	at org.apache.spark.executor.Executor$TaskRunner.run(Executor.scala:509)
	... 3 more
2022-06-25 17:07:08.025  INFO   57 --- [-job-executor-0] org.apache.spark.internal.Logging        : Starting job: print at Application.java:174
2022-06-25 17:07:08.037  INFO   57 --- [uler-event-loop] org.apache.spark.internal.Logging        : Got job 2 (print at Application.java:174) with 1 output partitions
2022-06-25 17:07:08.037  INFO   57 --- [uler-event-loop] org.apache.spark.internal.Logging        : Final stage: ResultStage 2 (print at Application.java:174)
2022-06-25 17:07:08.038  INFO   57 --- [uler-event-loop] org.apache.spark.internal.Logging        : Parents of final stage: List()
2022-06-25 17:07:08.038  INFO   57 --- [uler-event-loop] org.apache.spark.internal.Logging        : Missing parents: List()
2022-06-25 17:07:08.042  INFO   57 --- [uler-event-loop] org.apache.spark.internal.Logging        : Submitting ResultStage 2 (MapPartitionsRDD[6] at map at Application.java:128), which has no missing parents
2022-06-25 17:07:08.052  INFO   57 --- [uler-event-loop] org.apache.spark.internal.Logging        : Block broadcast_2 stored as values in memory (estimated size 4.4 KiB, free 896.9 MiB)
2022-06-25 17:07:08.057  INFO   57 --- [uler-event-loop] org.apache.spark.internal.Logging        : Block broadcast_2_piece0 stored as bytes in memory (estimated size 2.4 KiB, free 896.9 MiB)
2022-06-25 17:07:08.059  INFO   57 --- [ckManagerMaster] org.apache.spark.internal.Logging        : Added broadcast_2_piece0 in memory on host.docker.internal:55417 (size: 2.4 KiB, free: 897.1 MiB)
2022-06-25 17:07:08.061  INFO   57 --- [uler-event-loop] org.apache.spark.internal.Logging        : Created broadcast 2 from broadcast at DAGScheduler.scala:1478
2022-06-25 17:07:08.062  INFO   57 --- [uler-event-loop] org.apache.spark.internal.Logging        : Submitting 1 missing tasks from ResultStage 2 (MapPartitionsRDD[6] at map at Application.java:128) (first 15 tasks are for partitions Vector(0))
2022-06-25 17:07:08.063  INFO   57 --- [uler-event-loop] org.apache.spark.internal.Logging        : Adding task set 2.0 with 1 tasks resource profile 0
2022-06-25 17:07:08.066  INFO   57 --- [er-event-loop-1] org.apache.spark.internal.Logging        : Starting task 0.0 in stage 2.0 (TID 2) (host.docker.internal, executor driver, partition 0, PROCESS_LOCAL, 4394 bytes) taskResourceAssignments Map()
2022-06-25 17:07:08.068  INFO   57 --- [shutdown-hook-0] org.apache.spark.internal.Logging        : Invoking stop(stopGracefully=false) from shutdown hook
2022-06-25 17:07:08.070  ERROR   94 --- [er-event-loop-1] org.apache.spark.internal.Logging        : Ignoring error
java.util.concurrent.RejectedExecutionException: Task org.apache.spark.executor.Executor$TaskRunner@2dae8dae rejected from java.util.concurrent.ThreadPoolExecutor@33c89e61[Shutting down, pool size = 1, active threads = 1, queued tasks = 0, completed tasks = 1]
	at java.util.concurrent.ThreadPoolExecutor$AbortPolicy.rejectedExecution(ThreadPoolExecutor.java:2063)
	at java.util.concurrent.ThreadPoolExecutor.reject(ThreadPoolExecutor.java:830)
	at java.util.concurrent.ThreadPoolExecutor.execute(ThreadPoolExecutor.java:1379)
	at org.apache.spark.executor.Executor.launchTask(Executor.scala:270)
	at org.apache.spark.scheduler.local.LocalEndpoint.$anonfun$reviveOffers$1(LocalSchedulerBackend.scala:93)
	at org.apache.spark.scheduler.local.LocalEndpoint.$anonfun$reviveOffers$1$adapted(LocalSchedulerBackend.scala:91)
	at scala.collection.Iterator.foreach(Iterator.scala:943)
	at scala.collection.Iterator.foreach$(Iterator.scala:943)
	at scala.collection.AbstractIterator.foreach(Iterator.scala:1431)
	at scala.collection.IterableLike.foreach(IterableLike.scala:74)
	at scala.collection.IterableLike.foreach$(IterableLike.scala:73)
	at scala.collection.AbstractIterable.foreach(Iterable.scala:56)
	at org.apache.spark.scheduler.local.LocalEndpoint.reviveOffers(LocalSchedulerBackend.scala:91)
	at org.apache.spark.scheduler.local.LocalEndpoint$$anonfun$receive$1.applyOrElse(LocalSchedulerBackend.scala:68)
	at org.apache.spark.rpc.netty.Inbox.$anonfun$process$1(Inbox.scala:115)
	at org.apache.spark.rpc.netty.Inbox.safelyCall(Inbox.scala:213)
	at org.apache.spark.rpc.netty.Inbox.process(Inbox.scala:100)
	at org.apache.spark.rpc.netty.MessageLoop.org$apache$spark$rpc$netty$MessageLoop$$receiveLoop(MessageLoop.scala:75)
	at org.apache.spark.rpc.netty.MessageLoop$$anon$1.run(MessageLoop.scala:41)
	at java.util.concurrent.ThreadPoolExecutor.runWorker(ThreadPoolExecutor.java:1149)
	at java.util.concurrent.ThreadPoolExecutor$Worker.run(ThreadPoolExecutor.java:624)
	at java.lang.Thread.run(Thread.java:748)
2022-06-25 17:07:08.079  INFO   57 --- [er-event-loop-2] org.apache.spark.internal.Logging        : Sent stop signal to all 1 receivers
2022-06-25 17:07:08.082  INFO   57 --- [er-event-loop-3] org.apache.spark.internal.Logging        : Received stop signal
2022-06-25 17:07:08.083  INFO   57 --- [er-event-loop-3] org.apache.spark.internal.Logging        : Stopping receiver with message: Stopped by driver: 
2022-06-25 17:07:08.084  INFO   57 --- [er-event-loop-3] org.apache.spark.internal.Logging        : Called receiver onStop
2022-06-25 17:07:08.085  INFO   57 --- [er-event-loop-3] org.apache.spark.internal.Logging        : Deregistering receiver 0
2022-06-25 17:07:08.088  ERROR   73 --- [er-event-loop-0] org.apache.spark.internal.Logging        : Deregistered receiver for stream 0: Stopped by driver
2022-06-25 17:07:08.089  INFO   57 --- [er-event-loop-3] org.apache.spark.internal.Logging        : Stopped receiver 0
2022-06-25 17:07:08.092  INFO   57 --- [er-event-loop-3] org.apache.spark.internal.Logging        : Stopping BlockGenerator
2022-06-25 17:07:08.400  INFO   57 --- [er-event-loop-3] org.apache.spark.internal.Logging        : Stopped timer for BlockGenerator after time 1656173228400
2022-06-25 17:07:08.400  INFO   57 --- [er-event-loop-3] org.apache.spark.internal.Logging        : Waiting for block pushing thread to terminate
2022-06-25 17:07:08.416  INFO   57 --- [      Thread-14] org.apache.spark.internal.Logging        : Pushing out the last 0 blocks
2022-06-25 17:07:08.416  INFO   57 --- [      Thread-14] org.apache.spark.internal.Logging        : Stopped block pushing thread
2022-06-25 17:07:08.416  INFO   57 --- [er-event-loop-3] org.apache.spark.internal.Logging        : Stopped BlockGenerator
2022-06-25 17:07:08.416  INFO   57 --- [age 0.0 (TID 0)] org.apache.spark.internal.Logging        : Stopped receiver without error
2022-06-25 17:07:08.432  INFO   57 --- [age 0.0 (TID 0)] org.apache.spark.internal.Logging        : Finished task 0.0 in stage 0.0 (TID 0). 880 bytes result sent to driver
2022-06-25 17:07:08.447  INFO   57 --- [result-getter-1] org.apache.spark.internal.Logging        : Finished task 0.0 in stage 0.0 (TID 0) in 10586 ms on host.docker.internal (executor driver) (1/1)
2022-06-25 17:07:08.447  INFO   57 --- [result-getter-1] org.apache.spark.internal.Logging        : Removed TaskSet 0.0, whose tasks have all completed, from pool 
2022-06-25 17:07:08.447  INFO   57 --- [uler-event-loop] org.apache.spark.internal.Logging        : ResultStage 0 (start at Application.java:177) finished in 10.977 s
2022-06-25 17:07:08.447  INFO   57 --- [uler-event-loop] org.apache.spark.internal.Logging        : Job 0 is finished. Cancelling potential speculative or zombie tasks for this job
2022-06-25 17:07:08.447  INFO   57 --- [uler-event-loop] org.apache.spark.internal.Logging        : Killing all running tasks in stage 0: Stage finished
2022-06-25 17:07:08.447  INFO   57 --- [shutdown-hook-0] org.apache.spark.internal.Logging        : All of the receivers have deregistered successfully
2022-06-25 17:07:08.463  INFO   57 --- [shutdown-hook-0] org.apache.spark.internal.Logging        : ReceiverTracker stopped
2022-06-25 17:07:08.463  INFO   57 --- [shutdown-hook-0] org.apache.spark.internal.Logging        : Stopping JobGenerator immediately
2022-06-25 17:07:08.463  INFO   57 --- [shutdown-hook-0] org.apache.spark.internal.Logging        : Stopped timer for JobGenerator after time 1656173225000
2022-06-25 17:07:08.478  INFO   57 --- [shutdown-hook-0] org.apache.spark.internal.Logging        : Stopped JobGenerator
2022-06-25 17:07:09.923  WARN   69 --- [ver-heartbeater] org.apache.spark.internal.Logging        : Exception when trying to compute pagesize, as a result reporting of ProcessTree metrics is stopped
2022-06-25 17:07:10.568  INFO   57 --- [shutdown-hook-0] org.apache.spark.internal.Logging        : Stopped JobScheduler
2022-06-25 17:07:10.662  INFO 1153 --- [shutdown-hook-0] ject.jetty.server.handler.ContextHandler : Stopped o.s.j.s.ServletContextHandler@36f1046f{/streaming,null,STOPPED,@Spark}
2022-06-25 17:07:10.662  INFO 1153 --- [shutdown-hook-0] ject.jetty.server.handler.ContextHandler : Stopped o.s.j.s.ServletContextHandler@1686f0b4{/streaming/json,null,STOPPED,@Spark}
2022-06-25 17:07:10.662  INFO 1153 --- [shutdown-hook-0] ject.jetty.server.handler.ContextHandler : Stopped o.s.j.s.ServletContextHandler@627d8516{/streaming/batch,null,STOPPED,@Spark}
2022-06-25 17:07:10.662  INFO 1153 --- [shutdown-hook-0] ject.jetty.server.handler.ContextHandler : Stopped o.s.j.s.ServletContextHandler@6b667cb3{/streaming/batch/json,null,STOPPED,@Spark}
2022-06-25 17:07:10.677  INFO 1153 --- [shutdown-hook-0] ject.jetty.server.handler.ContextHandler : Stopped o.s.j.s.ServletContextHandler@64b70919{/static/streaming,null,STOPPED,@Spark}
2022-06-25 17:07:10.677  INFO   57 --- [shutdown-hook-0] org.apache.spark.internal.Logging        : StreamingContext stopped successfully
2022-06-25 17:07:10.677  INFO   57 --- [shutdown-hook-0] org.apache.spark.internal.Logging        : Invoking stop() from shutdown hook
2022-06-25 17:07:10.703  INFO  381 --- [shutdown-hook-0] rkproject.jetty.server.AbstractConnector : Stopped Spark@64da2a7{HTTP/1.1, (http/1.1)}{0.0.0.0:4040}
2022-06-25 17:07:10.703  INFO   57 --- [shutdown-hook-0] org.apache.spark.internal.Logging        : Stopped Spark web UI at http://host.docker.internal:4040
2022-06-25 17:07:10.703  INFO   57 --- [shutdown-hook-0] org.apache.spark.internal.Logging        : ResultStage 2 (print at Application.java:174) failed in 2.659 s due to Stage cancelled because SparkContext was shut down
2022-06-25 17:07:10.736  INFO   57 --- [er-event-loop-0] org.apache.spark.internal.Logging        : MapOutputTrackerMasterEndpoint stopped!
2022-06-25 17:07:10.929  INFO   57 --- [shutdown-hook-0] org.apache.spark.internal.Logging        : MemoryStore cleared
2022-06-25 17:07:10.929  INFO   57 --- [shutdown-hook-0] org.apache.spark.internal.Logging        : BlockManager stopped
2022-06-25 17:07:10.948  INFO   57 --- [shutdown-hook-0] org.apache.spark.internal.Logging        : BlockManagerMaster stopped
2022-06-25 17:07:10.948  INFO   57 --- [er-event-loop-0] org.apache.spark.internal.Logging        : OutputCommitCoordinator stopped!
2022-06-25 17:07:10.948  INFO   57 --- [shutdown-hook-0] org.apache.spark.internal.Logging        : Successfully stopped SparkContext
2022-06-25 17:07:10.964  INFO   57 --- [shutdown-hook-0] org.apache.spark.internal.Logging        : Shutdown hook called
2022-06-25 17:07:10.969  INFO   57 --- [shutdown-hook-0] org.apache.spark.internal.Logging        : Deleting directory C:\Users\Wael Hamdi\AppData\Local\Temp\spark-02880eb0-6eaf-4746-8c95-b3e278280868
