2022-06-22 18:19:38.353  INFO   46 --- [           main] com.elite.cdr.validator.Application      : Starting ASN1 Reader 
2022-06-22 18:19:38.357  INFO   48 --- [           main] com.elite.cdr.validator.Application      : ############### Run with the args [--env, local, --file, C:\IntelliJProjects\FraudDetectionSpark3\src\main\resources\data\simpleTypes.ber]
2022-06-22 18:19:38.432  INFO   54 --- [           main] com.elite.cdr.validator.Application      : ############### Run in local mode
2022-06-22 18:19:40.352  INFO   57 --- [           main] org.apache.spark.internal.Logging        : Running Spark version 3.2.1
2022-06-22 18:19:40.812  INFO   57 --- [           main] org.apache.spark.internal.Logging        : ==============================================================
2022-06-22 18:19:40.818  INFO   57 --- [           main] org.apache.spark.internal.Logging        : No custom resources configured for spark.driver.
2022-06-22 18:19:40.819  INFO   57 --- [           main] org.apache.spark.internal.Logging        : ==============================================================
2022-06-22 18:19:40.820  INFO   57 --- [           main] org.apache.spark.internal.Logging        : Submitted application: NiFi-Spark Streaming example
2022-06-22 18:19:40.876  INFO   57 --- [           main] org.apache.spark.internal.Logging        : Default ResourceProfile created, executor resources: Map(cores -> name: cores, amount: 1, script: , vendor: , memory -> name: memory, amount: 1024, script: , vendor: , offHeap -> name: offHeap, amount: 0, script: , vendor: ), task resources: Map(cpus -> name: cpus, amount: 1.0)
2022-06-22 18:19:40.895  INFO   57 --- [           main] org.apache.spark.internal.Logging        : Limiting resource is cpu
2022-06-22 18:19:40.901  INFO   57 --- [           main] org.apache.spark.internal.Logging        : Added ResourceProfile id: 0
2022-06-22 18:19:41.056  INFO   57 --- [           main] org.apache.spark.internal.Logging        : Changing view acls to: Wael Hamdi
2022-06-22 18:19:41.062  INFO   57 --- [           main] org.apache.spark.internal.Logging        : Changing modify acls to: Wael Hamdi
2022-06-22 18:19:41.064  INFO   57 --- [           main] org.apache.spark.internal.Logging        : Changing view acls groups to: 
2022-06-22 18:19:41.066  INFO   57 --- [           main] org.apache.spark.internal.Logging        : Changing modify acls groups to: 
2022-06-22 18:19:41.067  INFO   57 --- [           main] org.apache.spark.internal.Logging        : SecurityManager: authentication disabled; ui acls disabled; users  with view permissions: Set(Wael Hamdi); groups with view permissions: Set(); users  with modify permissions: Set(Wael Hamdi); groups with modify permissions: Set()
2022-06-22 18:19:44.219  INFO   57 --- [           main] org.apache.spark.internal.Logging        : Successfully started service 'sparkDriver' on port 50312.
2022-06-22 18:19:44.254  INFO   57 --- [           main] org.apache.spark.internal.Logging        : Registering MapOutputTracker
2022-06-22 18:19:44.298  INFO   57 --- [           main] org.apache.spark.internal.Logging        : Registering BlockManagerMaster
2022-06-22 18:19:44.326  INFO   57 --- [           main] org.apache.spark.internal.Logging        : Using org.apache.spark.storage.DefaultTopologyMapper for getting topology information
2022-06-22 18:19:44.327  INFO   57 --- [           main] org.apache.spark.internal.Logging        : BlockManagerMasterEndpoint up
2022-06-22 18:19:44.333  INFO   57 --- [           main] org.apache.spark.internal.Logging        : Registering BlockManagerMasterHeartbeat
2022-06-22 18:19:44.364  INFO   57 --- [           main] org.apache.spark.internal.Logging        : Created local directory at C:\Users\Wael Hamdi\AppData\Local\Temp\blockmgr-6976d868-d09d-496b-9ed3-f7d9f57e68d0
2022-06-22 18:19:44.397  INFO   57 --- [           main] org.apache.spark.internal.Logging        : MemoryStore started with capacity 897.6 MiB
2022-06-22 18:19:44.418  INFO   57 --- [           main] org.apache.spark.internal.Logging        : Registering OutputCommitCoordinator
2022-06-22 18:19:44.559  INFO  170 --- [           main] org.sparkproject.jetty.util.log.Log      : Logging initialized @7450ms to org.sparkproject.jetty.util.log.Slf4jLog
2022-06-22 18:19:44.657  INFO  375 --- [           main] org.sparkproject.jetty.server.Server     : jetty-9.4.43.v20210629; built: 2021-06-30T11:07:22.254Z; git: 526006ecfa3af7f1a27ef3a288e2bef7ea9dd7e8; jvm 1.8.0_301-b09
2022-06-22 18:19:44.690  INFO  415 --- [           main] org.sparkproject.jetty.server.Server     : Started @7581ms
2022-06-22 18:19:44.742  INFO  331 --- [           main] rkproject.jetty.server.AbstractConnector : Started ServerConnector@64da2a7{HTTP/1.1, (http/1.1)}{0.0.0.0:4040}
2022-06-22 18:19:44.743  INFO   57 --- [           main] org.apache.spark.internal.Logging        : Successfully started service 'SparkUI' on port 4040.
2022-06-22 18:19:44.787  INFO  915 --- [           main] ject.jetty.server.handler.ContextHandler : Started o.s.j.s.ServletContextHandler@7e70bd39{/jobs,null,AVAILABLE,@Spark}
2022-06-22 18:19:44.790  INFO  915 --- [           main] ject.jetty.server.handler.ContextHandler : Started o.s.j.s.ServletContextHandler@6db66836{/jobs/json,null,AVAILABLE,@Spark}
2022-06-22 18:19:44.791  INFO  915 --- [           main] ject.jetty.server.handler.ContextHandler : Started o.s.j.s.ServletContextHandler@2de366bb{/jobs/job,null,AVAILABLE,@Spark}
2022-06-22 18:19:44.793  INFO  915 --- [           main] ject.jetty.server.handler.ContextHandler : Started o.s.j.s.ServletContextHandler@4eeea57d{/jobs/job/json,null,AVAILABLE,@Spark}
2022-06-22 18:19:44.794  INFO  915 --- [           main] ject.jetty.server.handler.ContextHandler : Started o.s.j.s.ServletContextHandler@e24ddd0{/stages,null,AVAILABLE,@Spark}
2022-06-22 18:19:44.795  INFO  915 --- [           main] ject.jetty.server.handler.ContextHandler : Started o.s.j.s.ServletContextHandler@548e76f1{/stages/json,null,AVAILABLE,@Spark}
2022-06-22 18:19:44.797  INFO  915 --- [           main] ject.jetty.server.handler.ContextHandler : Started o.s.j.s.ServletContextHandler@72c927f1{/stages/stage,null,AVAILABLE,@Spark}
2022-06-22 18:19:44.802  INFO  915 --- [           main] ject.jetty.server.handler.ContextHandler : Started o.s.j.s.ServletContextHandler@1ee4730{/stages/stage/json,null,AVAILABLE,@Spark}
2022-06-22 18:19:44.804  INFO  915 --- [           main] ject.jetty.server.handler.ContextHandler : Started o.s.j.s.ServletContextHandler@5003041b{/stages/pool,null,AVAILABLE,@Spark}
2022-06-22 18:19:44.806  INFO  915 --- [           main] ject.jetty.server.handler.ContextHandler : Started o.s.j.s.ServletContextHandler@16fb356{/stages/pool/json,null,AVAILABLE,@Spark}
2022-06-22 18:19:44.807  INFO  915 --- [           main] ject.jetty.server.handler.ContextHandler : Started o.s.j.s.ServletContextHandler@23a9ba52{/storage,null,AVAILABLE,@Spark}
2022-06-22 18:19:44.808  INFO  915 --- [           main] ject.jetty.server.handler.ContextHandler : Started o.s.j.s.ServletContextHandler@70ab80e3{/storage/json,null,AVAILABLE,@Spark}
2022-06-22 18:19:44.810  INFO  915 --- [           main] ject.jetty.server.handler.ContextHandler : Started o.s.j.s.ServletContextHandler@67427b69{/storage/rdd,null,AVAILABLE,@Spark}
2022-06-22 18:19:44.812  INFO  915 --- [           main] ject.jetty.server.handler.ContextHandler : Started o.s.j.s.ServletContextHandler@544630b7{/storage/rdd/json,null,AVAILABLE,@Spark}
2022-06-22 18:19:44.815  INFO  915 --- [           main] ject.jetty.server.handler.ContextHandler : Started o.s.j.s.ServletContextHandler@1095f122{/environment,null,AVAILABLE,@Spark}
2022-06-22 18:19:44.816  INFO  915 --- [           main] ject.jetty.server.handler.ContextHandler : Started o.s.j.s.ServletContextHandler@3d6300e8{/environment/json,null,AVAILABLE,@Spark}
2022-06-22 18:19:44.818  INFO  915 --- [           main] ject.jetty.server.handler.ContextHandler : Started o.s.j.s.ServletContextHandler@24a1c17f{/executors,null,AVAILABLE,@Spark}
2022-06-22 18:19:44.819  INFO  915 --- [           main] ject.jetty.server.handler.ContextHandler : Started o.s.j.s.ServletContextHandler@73511076{/executors/json,null,AVAILABLE,@Spark}
2022-06-22 18:19:44.820  INFO  915 --- [           main] ject.jetty.server.handler.ContextHandler : Started o.s.j.s.ServletContextHandler@532721fd{/executors/threadDump,null,AVAILABLE,@Spark}
2022-06-22 18:19:44.822  INFO  915 --- [           main] ject.jetty.server.handler.ContextHandler : Started o.s.j.s.ServletContextHandler@7fb9f71f{/executors/threadDump/json,null,AVAILABLE,@Spark}
2022-06-22 18:19:44.835  INFO  915 --- [           main] ject.jetty.server.handler.ContextHandler : Started o.s.j.s.ServletContextHandler@51f49060{/static,null,AVAILABLE,@Spark}
2022-06-22 18:19:44.836  INFO  915 --- [           main] ject.jetty.server.handler.ContextHandler : Started o.s.j.s.ServletContextHandler@7689ddef{/,null,AVAILABLE,@Spark}
2022-06-22 18:19:44.838  INFO  915 --- [           main] ject.jetty.server.handler.ContextHandler : Started o.s.j.s.ServletContextHandler@1a2e2935{/api,null,AVAILABLE,@Spark}
2022-06-22 18:19:44.839  INFO  915 --- [           main] ject.jetty.server.handler.ContextHandler : Started o.s.j.s.ServletContextHandler@aa22f1c{/jobs/job/kill,null,AVAILABLE,@Spark}
2022-06-22 18:19:44.841  INFO  915 --- [           main] ject.jetty.server.handler.ContextHandler : Started o.s.j.s.ServletContextHandler@37cd92d6{/stages/stage/kill,null,AVAILABLE,@Spark}
2022-06-22 18:19:44.843  INFO   57 --- [           main] org.apache.spark.internal.Logging        : Bound SparkUI to 0.0.0.0, and started at http://host.docker.internal:4040
2022-06-22 18:19:45.137  INFO   57 --- [           main] org.apache.spark.internal.Logging        : Starting executor ID driver on host host.docker.internal
2022-06-22 18:19:45.198  INFO   57 --- [           main] org.apache.spark.internal.Logging        : Successfully started service 'org.apache.spark.network.netty.NettyBlockTransferService' on port 50336.
2022-06-22 18:19:45.199  INFO   82 --- [           main] .network.netty.NettyBlockTransferService : Server created on host.docker.internal:50336
2022-06-22 18:19:45.201  INFO   57 --- [           main] org.apache.spark.internal.Logging        : Using org.apache.spark.storage.RandomBlockReplicationPolicy for block replication policy
2022-06-22 18:19:45.211  INFO   57 --- [           main] org.apache.spark.internal.Logging        : Registering BlockManager BlockManagerId(driver, host.docker.internal, 50336, None)
2022-06-22 18:19:45.218  INFO   57 --- [ckManagerMaster] org.apache.spark.internal.Logging        : Registering block manager host.docker.internal:50336 with 897.6 MiB RAM, BlockManagerId(driver, host.docker.internal, 50336, None)
2022-06-22 18:19:45.223  INFO   57 --- [           main] org.apache.spark.internal.Logging        : Registered BlockManager BlockManagerId(driver, host.docker.internal, 50336, None)
2022-06-22 18:19:45.225  INFO   57 --- [           main] org.apache.spark.internal.Logging        : Initialized BlockManager: BlockManagerId(driver, host.docker.internal, 50336, None)
2022-06-22 18:19:45.535  INFO  915 --- [           main] ject.jetty.server.handler.ContextHandler : Started o.s.j.s.ServletContextHandler@3b152928{/metrics/json,null,AVAILABLE,@Spark}
2022-06-22 18:19:46.330  INFO   57 --- [streaming-start] org.apache.spark.internal.Logging        : Starting 1 receivers
2022-06-22 18:19:46.333  INFO   57 --- [streaming-start] org.apache.spark.internal.Logging        : ReceiverTracker started
2022-06-22 18:19:46.341  INFO   57 --- [streaming-start] org.apache.spark.internal.Logging        : Slide time = 1000 ms
2022-06-22 18:19:46.342  INFO   57 --- [streaming-start] org.apache.spark.internal.Logging        : Storage level = Serialized 1x Replicated
2022-06-22 18:19:46.343  INFO   57 --- [streaming-start] org.apache.spark.internal.Logging        : Checkpoint interval = null
2022-06-22 18:19:46.344  INFO   57 --- [streaming-start] org.apache.spark.internal.Logging        : Remember interval = 1000 ms
2022-06-22 18:19:46.345  INFO   57 --- [streaming-start] org.apache.spark.internal.Logging        : Initialized and validated org.apache.spark.streaming.dstream.PluggableInputDStream@4ce4d286
2022-06-22 18:19:46.346  INFO   57 --- [streaming-start] org.apache.spark.internal.Logging        : Slide time = 1000 ms
2022-06-22 18:19:46.346  INFO   57 --- [streaming-start] org.apache.spark.internal.Logging        : Storage level = Serialized 1x Replicated
2022-06-22 18:19:46.347  INFO   57 --- [streaming-start] org.apache.spark.internal.Logging        : Checkpoint interval = null
2022-06-22 18:19:46.347  INFO   57 --- [streaming-start] org.apache.spark.internal.Logging        : Remember interval = 1000 ms
2022-06-22 18:19:46.348  INFO   57 --- [streaming-start] org.apache.spark.internal.Logging        : Initialized and validated org.apache.spark.streaming.dstream.MappedDStream@766aafe7
2022-06-22 18:19:46.348  INFO   57 --- [streaming-start] org.apache.spark.internal.Logging        : Slide time = 1000 ms
2022-06-22 18:19:46.348  INFO   57 --- [streaming-start] org.apache.spark.internal.Logging        : Storage level = Serialized 1x Replicated
2022-06-22 18:19:46.349  INFO   57 --- [streaming-start] org.apache.spark.internal.Logging        : Checkpoint interval = null
2022-06-22 18:19:46.349  INFO   57 --- [streaming-start] org.apache.spark.internal.Logging        : Remember interval = 1000 ms
2022-06-22 18:19:46.350  INFO   57 --- [streaming-start] org.apache.spark.internal.Logging        : Initialized and validated org.apache.spark.streaming.dstream.ForEachDStream@2a685945
2022-06-22 18:19:46.475  INFO   57 --- [er-event-loop-3] org.apache.spark.internal.Logging        : Receiver 0 started
2022-06-22 18:19:46.481  INFO   57 --- [streaming-start] org.apache.spark.internal.Logging        : Started timer for JobGenerator at time 1655918387000
2022-06-22 18:19:46.482  INFO   57 --- [streaming-start] org.apache.spark.internal.Logging        : Started JobGenerator at 1655918387000 ms
2022-06-22 18:19:46.485  INFO   57 --- [streaming-start] org.apache.spark.internal.Logging        : Started JobScheduler
2022-06-22 18:19:46.493  INFO  915 --- [           main] ject.jetty.server.handler.ContextHandler : Started o.s.j.s.ServletContextHandler@3d98d138{/streaming,null,AVAILABLE,@Spark}
2022-06-22 18:19:46.502  INFO   57 --- [uler-event-loop] org.apache.spark.internal.Logging        : Got job 0 (start at Application.java:134) with 1 output partitions
2022-06-22 18:19:46.503  INFO  915 --- [           main] ject.jetty.server.handler.ContextHandler : Started o.s.j.s.ServletContextHandler@f2ce6b{/streaming/json,null,AVAILABLE,@Spark}
2022-06-22 18:19:46.504  INFO   57 --- [uler-event-loop] org.apache.spark.internal.Logging        : Final stage: ResultStage 0 (start at Application.java:134)
2022-06-22 18:19:46.506  INFO   57 --- [uler-event-loop] org.apache.spark.internal.Logging        : Parents of final stage: List()
2022-06-22 18:19:46.505  INFO  915 --- [           main] ject.jetty.server.handler.ContextHandler : Started o.s.j.s.ServletContextHandler@1f51431{/streaming/batch,null,AVAILABLE,@Spark}
2022-06-22 18:19:46.508  INFO   57 --- [uler-event-loop] org.apache.spark.internal.Logging        : Missing parents: List()
2022-06-22 18:19:46.511  INFO  915 --- [           main] ject.jetty.server.handler.ContextHandler : Started o.s.j.s.ServletContextHandler@38eb2c50{/streaming/batch/json,null,AVAILABLE,@Spark}
2022-06-22 18:19:46.514  INFO  915 --- [           main] ject.jetty.server.handler.ContextHandler : Started o.s.j.s.ServletContextHandler@7186333e{/static/streaming,null,AVAILABLE,@Spark}
2022-06-22 18:19:46.514  INFO   57 --- [           main] org.apache.spark.internal.Logging        : StreamingContext started
2022-06-22 18:19:46.519  INFO   57 --- [uler-event-loop] org.apache.spark.internal.Logging        : Submitting ResultStage 0 (Receiver 0 ParallelCollectionRDD[0] at makeRDD at ReceiverTracker.scala:609), which has no missing parents
2022-06-22 18:19:46.748  INFO   57 --- [uler-event-loop] org.apache.spark.internal.Logging        : Block broadcast_0 stored as values in memory (estimated size 97.5 KiB, free 897.5 MiB)
2022-06-22 18:19:46.983  INFO   57 --- [uler-event-loop] org.apache.spark.internal.Logging        : Block broadcast_0_piece0 stored as bytes in memory (estimated size 34.2 KiB, free 897.5 MiB)
2022-06-22 18:19:46.988  INFO   57 --- [ckManagerMaster] org.apache.spark.internal.Logging        : Added broadcast_0_piece0 in memory on host.docker.internal:50336 (size: 34.2 KiB, free: 897.6 MiB)
2022-06-22 18:19:46.994  INFO   57 --- [uler-event-loop] org.apache.spark.internal.Logging        : Created broadcast 0 from broadcast at DAGScheduler.scala:1478
2022-06-22 18:19:47.027  INFO   57 --- [uler-event-loop] org.apache.spark.internal.Logging        : Submitting 1 missing tasks from ResultStage 0 (Receiver 0 ParallelCollectionRDD[0] at makeRDD at ReceiverTracker.scala:609) (first 15 tasks are for partitions Vector(0))
2022-06-22 18:19:47.029  INFO   57 --- [uler-event-loop] org.apache.spark.internal.Logging        : Adding task set 0.0 with 1 tasks resource profile 0
2022-06-22 18:19:47.058  INFO   57 --- [   JobGenerator] org.apache.spark.internal.Logging        : Added jobs for time 1655918387000 ms
2022-06-22 18:19:47.064  INFO   57 --- [   JobScheduler] org.apache.spark.internal.Logging        : Starting job streaming job 1655918387000 ms.0 from job set of time 1655918387000 ms
2022-06-22 18:19:47.073  INFO   57 --- [   JobScheduler] org.apache.spark.internal.Logging        : Finished job streaming job 1655918387000 ms.0 from job set of time 1655918387000 ms
2022-06-22 18:19:47.076  INFO   57 --- [   JobScheduler] org.apache.spark.internal.Logging        : Total delay: 0.072 s for time 1655918387000 ms (execution: 0.010 s)
2022-06-22 18:19:47.090  INFO   57 --- [   JobGenerator] org.apache.spark.internal.Logging        : Deleting batches: 
2022-06-22 18:19:47.093  INFO   57 --- [   JobGenerator] org.apache.spark.internal.Logging        : remove old batch metadata: 
2022-06-22 18:19:47.148  INFO   57 --- [er-event-loop-0] org.apache.spark.internal.Logging        : Starting task 0.0 in stage 0.0 (TID 0) (host.docker.internal, executor driver, partition 0, PROCESS_LOCAL, 6218 bytes) taskResourceAssignments Map()
2022-06-22 18:19:47.189  INFO   57 --- [age 0.0 (TID 0)] org.apache.spark.internal.Logging        : Running task 0.0 in stage 0.0 (TID 0)
2022-06-22 18:19:47.671  INFO   57 --- [age 0.0 (TID 0)] org.apache.spark.internal.Logging        : Started timer for BlockGenerator at time 1655918387800
2022-06-22 18:19:47.673  INFO   57 --- [      Thread-14] org.apache.spark.internal.Logging        : Started block pushing thread
2022-06-22 18:19:47.673  INFO   57 --- [age 0.0 (TID 0)] org.apache.spark.internal.Logging        : Started BlockGenerator
2022-06-22 18:19:47.686  INFO   57 --- [er-event-loop-0] org.apache.spark.internal.Logging        : Registered receiver for stream 0 from host.docker.internal:50312
2022-06-22 18:19:47.688  INFO   57 --- [age 0.0 (TID 0)] org.apache.spark.internal.Logging        : Starting receiver 0
2022-06-22 18:19:47.691  INFO   57 --- [age 0.0 (TID 0)] org.apache.spark.internal.Logging        : Called receiver 0 onStart
2022-06-22 18:19:47.693  INFO   57 --- [age 0.0 (TID 0)] org.apache.spark.internal.Logging        : Waiting for receiver to be stopped
2022-06-22 18:19:48.003  INFO   57 --- [   JobGenerator] org.apache.spark.internal.Logging        : Added jobs for time 1655918388000 ms
2022-06-22 18:19:48.005  INFO   57 --- [   JobScheduler] org.apache.spark.internal.Logging        : Starting job streaming job 1655918388000 ms.0 from job set of time 1655918388000 ms
2022-06-22 18:19:48.007  INFO   57 --- [   JobScheduler] org.apache.spark.internal.Logging        : Finished job streaming job 1655918388000 ms.0 from job set of time 1655918388000 ms
2022-06-22 18:19:48.008  INFO   57 --- [   JobScheduler] org.apache.spark.internal.Logging        : Total delay: 0.007 s for time 1655918388000 ms (execution: 0.003 s)
2022-06-22 18:19:48.009  INFO   57 --- [   JobGenerator] org.apache.spark.internal.Logging        : Removing RDD 2 from persistence list
2022-06-22 18:19:48.046  INFO   57 --- [   JobGenerator] org.apache.spark.internal.Logging        : Removing RDD 1 from persistence list
2022-06-22 18:19:48.051  INFO   57 --- [c-thread-pool-1] org.apache.spark.internal.Logging        : Removing RDD 1
2022-06-22 18:19:48.051  INFO   57 --- [   JobGenerator] org.apache.spark.internal.Logging        : Removing blocks of RDD BlockRDD[1] at receiverStream at Application.java:126 of time 1655918388000 ms
2022-06-22 18:19:48.054  INFO   57 --- [   JobGenerator] org.apache.spark.internal.Logging        : Deleting batches: 
2022-06-22 18:19:48.054  INFO   57 --- [   JobGenerator] org.apache.spark.internal.Logging        : remove old batch metadata: 
2022-06-22 18:19:48.050  INFO   57 --- [c-thread-pool-0] org.apache.spark.internal.Logging        : Removing RDD 2
2022-06-22 18:19:49.004  INFO   57 --- [   JobGenerator] org.apache.spark.internal.Logging        : Added jobs for time 1655918389000 ms
2022-06-22 18:19:49.005  INFO   57 --- [   JobScheduler] org.apache.spark.internal.Logging        : Starting job streaming job 1655918389000 ms.0 from job set of time 1655918389000 ms
2022-06-22 18:19:49.006  INFO   57 --- [   JobScheduler] org.apache.spark.internal.Logging        : Finished job streaming job 1655918389000 ms.0 from job set of time 1655918389000 ms
2022-06-22 18:19:49.007  INFO   57 --- [   JobScheduler] org.apache.spark.internal.Logging        : Total delay: 0.006 s for time 1655918389000 ms (execution: 0.001 s)
2022-06-22 18:19:49.007  INFO   57 --- [   JobGenerator] org.apache.spark.internal.Logging        : Removing RDD 4 from persistence list
2022-06-22 18:19:49.009  INFO   57 --- [   JobGenerator] org.apache.spark.internal.Logging        : Removing RDD 3 from persistence list
2022-06-22 18:19:49.012  INFO   57 --- [   JobGenerator] org.apache.spark.internal.Logging        : Removing blocks of RDD BlockRDD[3] at receiverStream at Application.java:126 of time 1655918389000 ms
2022-06-22 18:19:49.013  INFO   57 --- [   JobGenerator] org.apache.spark.internal.Logging        : Deleting batches: 1655918387000 ms
2022-06-22 18:19:49.014  INFO   57 --- [   JobGenerator] org.apache.spark.internal.Logging        : remove old batch metadata: 1655918387000 ms
2022-06-22 18:19:49.037  INFO   57 --- [c-thread-pool-6] org.apache.spark.internal.Logging        : Removing RDD 4
2022-06-22 18:19:49.037  INFO   57 --- [c-thread-pool-7] org.apache.spark.internal.Logging        : Removing RDD 3
2022-06-22 18:19:50.071  INFO   57 --- [   JobGenerator] org.apache.spark.internal.Logging        : Added jobs for time 1655918390000 ms
2022-06-22 18:19:50.081  INFO   57 --- [   JobScheduler] org.apache.spark.internal.Logging        : Starting job streaming job 1655918390000 ms.0 from job set of time 1655918390000 ms
2022-06-22 18:19:50.086  INFO   57 --- [   JobScheduler] org.apache.spark.internal.Logging        : Finished job streaming job 1655918390000 ms.0 from job set of time 1655918390000 ms
2022-06-22 18:19:50.087  INFO   57 --- [   JobScheduler] org.apache.spark.internal.Logging        : Total delay: 0.086 s for time 1655918390000 ms (execution: 0.005 s)
2022-06-22 18:19:50.089  INFO   57 --- [   JobGenerator] org.apache.spark.internal.Logging        : Removing RDD 6 from persistence list
2022-06-22 18:19:50.093  INFO   57 --- [   JobGenerator] org.apache.spark.internal.Logging        : Removing RDD 5 from persistence list
2022-06-22 18:19:50.095  INFO   57 --- [   JobGenerator] org.apache.spark.internal.Logging        : Removing blocks of RDD BlockRDD[5] at receiverStream at Application.java:126 of time 1655918390000 ms
2022-06-22 18:19:50.098  INFO   57 --- [   JobGenerator] org.apache.spark.internal.Logging        : Deleting batches: 1655918388000 ms
2022-06-22 18:19:50.099  INFO   57 --- [   JobGenerator] org.apache.spark.internal.Logging        : remove old batch metadata: 1655918388000 ms
2022-06-22 18:19:50.149  INFO   57 --- [-thread-pool-12] org.apache.spark.internal.Logging        : Removing RDD 6
2022-06-22 18:19:50.149  INFO   57 --- [-thread-pool-13] org.apache.spark.internal.Logging        : Removing RDD 5
2022-06-22 18:19:51.052  INFO   57 --- [   JobGenerator] org.apache.spark.internal.Logging        : Added jobs for time 1655918391000 ms
2022-06-22 18:19:51.053  INFO   57 --- [   JobScheduler] org.apache.spark.internal.Logging        : Starting job streaming job 1655918391000 ms.0 from job set of time 1655918391000 ms
2022-06-22 18:19:51.054  INFO   57 --- [   JobScheduler] org.apache.spark.internal.Logging        : Finished job streaming job 1655918391000 ms.0 from job set of time 1655918391000 ms
2022-06-22 18:19:51.057  INFO   57 --- [   JobScheduler] org.apache.spark.internal.Logging        : Total delay: 0.054 s for time 1655918391000 ms (execution: 0.001 s)
2022-06-22 18:19:51.061  INFO   57 --- [   JobGenerator] org.apache.spark.internal.Logging        : Removing RDD 8 from persistence list
2022-06-22 18:19:51.064  INFO   57 --- [   JobGenerator] org.apache.spark.internal.Logging        : Removing RDD 7 from persistence list
2022-06-22 18:19:51.068  INFO   57 --- [   JobGenerator] org.apache.spark.internal.Logging        : Removing blocks of RDD BlockRDD[7] at receiverStream at Application.java:126 of time 1655918391000 ms
2022-06-22 18:19:51.069  INFO   57 --- [   JobGenerator] org.apache.spark.internal.Logging        : Deleting batches: 1655918389000 ms
2022-06-22 18:19:51.069  INFO   57 --- [   JobGenerator] org.apache.spark.internal.Logging        : remove old batch metadata: 1655918389000 ms
2022-06-22 18:19:51.194  INFO   57 --- [-thread-pool-19] org.apache.spark.internal.Logging        : Removing RDD 7
2022-06-22 18:19:51.195  INFO   57 --- [-thread-pool-18] org.apache.spark.internal.Logging        : Removing RDD 8
2022-06-22 18:19:52.094  INFO   57 --- [   JobGenerator] org.apache.spark.internal.Logging        : Added jobs for time 1655918392000 ms
2022-06-22 18:19:52.094  INFO   57 --- [   JobScheduler] org.apache.spark.internal.Logging        : Starting job streaming job 1655918392000 ms.0 from job set of time 1655918392000 ms
2022-06-22 18:19:52.095  INFO   57 --- [   JobScheduler] org.apache.spark.internal.Logging        : Finished job streaming job 1655918392000 ms.0 from job set of time 1655918392000 ms
2022-06-22 18:19:52.096  INFO   57 --- [   JobScheduler] org.apache.spark.internal.Logging        : Total delay: 0.095 s for time 1655918392000 ms (execution: 0.001 s)
2022-06-22 18:19:52.096  INFO   57 --- [   JobGenerator] org.apache.spark.internal.Logging        : Removing RDD 10 from persistence list
2022-06-22 18:19:52.097  INFO   57 --- [   JobGenerator] org.apache.spark.internal.Logging        : Removing RDD 9 from persistence list
2022-06-22 18:19:52.099  INFO   57 --- [   JobGenerator] org.apache.spark.internal.Logging        : Removing blocks of RDD BlockRDD[9] at receiverStream at Application.java:126 of time 1655918392000 ms
2022-06-22 18:19:52.100  INFO   57 --- [   JobGenerator] org.apache.spark.internal.Logging        : Deleting batches: 1655918390000 ms
2022-06-22 18:19:52.100  INFO   57 --- [   JobGenerator] org.apache.spark.internal.Logging        : remove old batch metadata: 1655918390000 ms
2022-06-22 18:19:52.119  INFO   57 --- [-thread-pool-24] org.apache.spark.internal.Logging        : Removing RDD 10
2022-06-22 18:19:52.123  INFO   57 --- [-thread-pool-25] org.apache.spark.internal.Logging        : Removing RDD 9
2022-06-22 18:19:52.897  INFO  571 --- [ool Maintenance] g.apache.nifi.remote.client.PeerSelector : Successfully refreshed peer status cache; remote group consists of 1 peers
2022-06-22 18:19:52.922  INFO  571 --- [  NiFi Receiver] g.apache.nifi.remote.client.PeerSelector : Successfully refreshed peer status cache; remote group consists of 1 peers
2022-06-22 18:19:53.004  INFO   57 --- [   JobGenerator] org.apache.spark.internal.Logging        : Added jobs for time 1655918393000 ms
2022-06-22 18:19:53.008  INFO   57 --- [   JobScheduler] org.apache.spark.internal.Logging        : Starting job streaming job 1655918393000 ms.0 from job set of time 1655918393000 ms
2022-06-22 18:19:53.008  INFO   57 --- [   JobScheduler] org.apache.spark.internal.Logging        : Finished job streaming job 1655918393000 ms.0 from job set of time 1655918393000 ms
2022-06-22 18:19:53.009  INFO   57 --- [   JobScheduler] org.apache.spark.internal.Logging        : Total delay: 0.008 s for time 1655918393000 ms (execution: 0.000 s)
2022-06-22 18:19:53.010  INFO   57 --- [   JobGenerator] org.apache.spark.internal.Logging        : Removing RDD 12 from persistence list
2022-06-22 18:19:53.014  INFO   57 --- [   JobGenerator] org.apache.spark.internal.Logging        : Removing RDD 11 from persistence list
2022-06-22 18:19:53.016  INFO   57 --- [   JobGenerator] org.apache.spark.internal.Logging        : Removing blocks of RDD BlockRDD[11] at receiverStream at Application.java:126 of time 1655918393000 ms
2022-06-22 18:19:53.017  INFO   57 --- [   JobGenerator] org.apache.spark.internal.Logging        : Deleting batches: 1655918391000 ms
2022-06-22 18:19:53.017  INFO   57 --- [   JobGenerator] org.apache.spark.internal.Logging        : remove old batch metadata: 1655918391000 ms
2022-06-22 18:19:53.020  INFO   57 --- [-thread-pool-30] org.apache.spark.internal.Logging        : Removing RDD 12
2022-06-22 18:19:53.022  INFO   57 --- [-thread-pool-31] org.apache.spark.internal.Logging        : Removing RDD 11
2022-06-22 18:19:53.116  INFO   57 --- [  NiFi Receiver] org.apache.spark.internal.Logging        : Block input-0-1655918387660 stored as values in memory (estimated size 503.2 KiB, free 897.0 MiB)
2022-06-22 18:19:53.117  INFO   57 --- [ckManagerMaster] org.apache.spark.internal.Logging        : Added input-0-1655918387660 in memory on host.docker.internal:50336 (size: 503.2 KiB, free: 897.1 MiB)
2022-06-22 18:19:54.012  INFO   57 --- [   JobGenerator] org.apache.spark.internal.Logging        : Added jobs for time 1655918394000 ms
2022-06-22 18:19:54.012  INFO   57 --- [   JobScheduler] org.apache.spark.internal.Logging        : Starting job streaming job 1655918394000 ms.0 from job set of time 1655918394000 ms
2022-06-22 18:19:54.038  INFO   57 --- [-job-executor-0] org.apache.spark.internal.Logging        : Starting job: print at Application.java:132
2022-06-22 18:19:54.042  INFO   57 --- [uler-event-loop] org.apache.spark.internal.Logging        : Got job 1 (print at Application.java:132) with 1 output partitions
2022-06-22 18:19:54.042  INFO   57 --- [uler-event-loop] org.apache.spark.internal.Logging        : Final stage: ResultStage 1 (print at Application.java:132)
2022-06-22 18:19:54.043  INFO   57 --- [uler-event-loop] org.apache.spark.internal.Logging        : Parents of final stage: List()
2022-06-22 18:19:54.043  INFO   57 --- [uler-event-loop] org.apache.spark.internal.Logging        : Missing parents: List()
2022-06-22 18:19:54.045  INFO   57 --- [uler-event-loop] org.apache.spark.internal.Logging        : Submitting ResultStage 1 (MapPartitionsRDD[16] at map at Application.java:130), which has no missing parents
2022-06-22 18:19:54.065  INFO   57 --- [uler-event-loop] org.apache.spark.internal.Logging        : Block broadcast_1 stored as values in memory (estimated size 4.3 KiB, free 897.0 MiB)
2022-06-22 18:19:54.070  INFO   57 --- [uler-event-loop] org.apache.spark.internal.Logging        : Block broadcast_1_piece0 stored as bytes in memory (estimated size 2.4 KiB, free 897.0 MiB)
2022-06-22 18:19:54.071  INFO   57 --- [ckManagerMaster] org.apache.spark.internal.Logging        : Added broadcast_1_piece0 in memory on host.docker.internal:50336 (size: 2.4 KiB, free: 897.1 MiB)
2022-06-22 18:19:54.072  INFO   57 --- [uler-event-loop] org.apache.spark.internal.Logging        : Created broadcast 1 from broadcast at DAGScheduler.scala:1478
2022-06-22 18:19:54.074  INFO   57 --- [uler-event-loop] org.apache.spark.internal.Logging        : Submitting 1 missing tasks from ResultStage 1 (MapPartitionsRDD[16] at map at Application.java:130) (first 15 tasks are for partitions Vector(0))
2022-06-22 18:19:54.074  INFO   57 --- [uler-event-loop] org.apache.spark.internal.Logging        : Adding task set 1.0 with 1 tasks resource profile 0
2022-06-22 18:19:54.080  INFO   57 --- [er-event-loop-2] org.apache.spark.internal.Logging        : Starting task 0.0 in stage 1.0 (TID 1) (host.docker.internal, executor driver, partition 0, PROCESS_LOCAL, 4394 bytes) taskResourceAssignments Map()
2022-06-22 18:19:54.083  INFO   57 --- [age 1.0 (TID 1)] org.apache.spark.internal.Logging        : Running task 0.0 in stage 1.0 (TID 1)
2022-06-22 18:19:54.272  INFO   57 --- [age 1.0 (TID 1)] org.apache.spark.internal.Logging        : Found block input-0-1655918387660 locally
2022-06-22 18:19:54.457  INFO   57 --- [age 1.0 (TID 1)] org.apache.spark.internal.Logging        : Finished task 0.0 in stage 1.0 (TID 1). 932 bytes result sent to driver
2022-06-22 18:19:54.468  INFO   57 --- [result-getter-0] org.apache.spark.internal.Logging        : Finished task 0.0 in stage 1.0 (TID 1) in 390 ms on host.docker.internal (executor driver) (1/1)
2022-06-22 18:19:54.472  INFO   57 --- [result-getter-0] org.apache.spark.internal.Logging        : Removed TaskSet 1.0, whose tasks have all completed, from pool 
2022-06-22 18:19:54.484  INFO   57 --- [uler-event-loop] org.apache.spark.internal.Logging        : ResultStage 1 (print at Application.java:132) finished in 0.423 s
2022-06-22 18:19:54.491  INFO   57 --- [uler-event-loop] org.apache.spark.internal.Logging        : Job 1 is finished. Cancelling potential speculative or zombie tasks for this job
2022-06-22 18:19:54.492  INFO   57 --- [uler-event-loop] org.apache.spark.internal.Logging        : Killing all running tasks in stage 1: Stage finished
2022-06-22 18:19:54.507  INFO   57 --- [-job-executor-0] org.apache.spark.internal.Logging        : Job 1 finished: print at Application.java:132, took 0.465411 s
2022-06-22 18:19:54.512  INFO   57 --- [   JobScheduler] org.apache.spark.internal.Logging        : Finished job streaming job 1655918394000 ms.0 from job set of time 1655918394000 ms
2022-06-22 18:19:54.519  INFO   57 --- [   JobScheduler] org.apache.spark.internal.Logging        : Total delay: 0.511 s for time 1655918394000 ms (execution: 0.499 s)
2022-06-22 18:19:54.520  INFO   57 --- [   JobGenerator] org.apache.spark.internal.Logging        : Removing RDD 14 from persistence list
2022-06-22 18:19:54.523  INFO   57 --- [   JobGenerator] org.apache.spark.internal.Logging        : Removing RDD 13 from persistence list
2022-06-22 18:19:54.527  INFO   57 --- [   JobGenerator] org.apache.spark.internal.Logging        : Removing blocks of RDD BlockRDD[13] at receiverStream at Application.java:126 of time 1655918394000 ms
2022-06-22 18:19:54.528  INFO   57 --- [   JobGenerator] org.apache.spark.internal.Logging        : Deleting batches: 1655918392000 ms
2022-06-22 18:19:54.528  INFO   57 --- [   JobGenerator] org.apache.spark.internal.Logging        : remove old batch metadata: 1655918392000 ms
2022-06-22 18:19:54.539  INFO   57 --- [-thread-pool-37] org.apache.spark.internal.Logging        : Removing RDD 13
2022-06-22 18:19:54.539  INFO   57 --- [-thread-pool-36] org.apache.spark.internal.Logging        : Removing RDD 14
2022-06-22 18:19:55.008  INFO   57 --- [   JobGenerator] org.apache.spark.internal.Logging        : Added jobs for time 1655918395000 ms
2022-06-22 18:19:55.009  INFO   57 --- [   JobScheduler] org.apache.spark.internal.Logging        : Starting job streaming job 1655918395000 ms.0 from job set of time 1655918395000 ms
2022-06-22 18:19:55.012  INFO   57 --- [   JobScheduler] org.apache.spark.internal.Logging        : Finished job streaming job 1655918395000 ms.0 from job set of time 1655918395000 ms
2022-06-22 18:19:55.013  INFO   57 --- [   JobScheduler] org.apache.spark.internal.Logging        : Total delay: 0.011 s for time 1655918395000 ms (execution: 0.002 s)
2022-06-22 18:19:55.013  INFO   57 --- [   JobGenerator] org.apache.spark.internal.Logging        : Removing RDD 16 from persistence list
2022-06-22 18:19:55.016  INFO   57 --- [   JobGenerator] org.apache.spark.internal.Logging        : Removing RDD 15 from persistence list
2022-06-22 18:19:55.017  INFO   57 --- [-thread-pool-42] org.apache.spark.internal.Logging        : Removing RDD 16
2022-06-22 18:19:55.020  INFO   57 --- [   JobGenerator] org.apache.spark.internal.Logging        : Removing blocks of RDD BlockRDD[15] at receiverStream at Application.java:126 of time 1655918395000 ms
2022-06-22 18:19:55.021  INFO   57 --- [-thread-pool-43] org.apache.spark.internal.Logging        : Removing RDD 15
2022-06-22 18:19:55.029  INFO   57 --- [   JobGenerator] org.apache.spark.internal.Logging        : Deleting batches: 1655918393000 ms
2022-06-22 18:19:55.030  INFO   57 --- [   JobGenerator] org.apache.spark.internal.Logging        : remove old batch metadata: 1655918393000 ms
2022-06-22 18:19:55.037  INFO   57 --- [ckManagerMaster] org.apache.spark.internal.Logging        : Removed input-0-1655918387660 on host.docker.internal:50336 in memory (size: 503.2 KiB, free: 897.6 MiB)
2022-06-22 18:19:56.004  INFO   57 --- [   JobGenerator] org.apache.spark.internal.Logging        : Added jobs for time 1655918396000 ms
2022-06-22 18:19:56.004  INFO   57 --- [   JobScheduler] org.apache.spark.internal.Logging        : Starting job streaming job 1655918396000 ms.0 from job set of time 1655918396000 ms
2022-06-22 18:19:56.005  INFO   57 --- [   JobScheduler] org.apache.spark.internal.Logging        : Finished job streaming job 1655918396000 ms.0 from job set of time 1655918396000 ms
2022-06-22 18:19:56.006  INFO   57 --- [   JobScheduler] org.apache.spark.internal.Logging        : Total delay: 0.005 s for time 1655918396000 ms (execution: 0.001 s)
2022-06-22 18:19:56.007  INFO   57 --- [   JobGenerator] org.apache.spark.internal.Logging        : Removing RDD 18 from persistence list
2022-06-22 18:19:56.009  INFO   57 --- [   JobGenerator] org.apache.spark.internal.Logging        : Removing RDD 17 from persistence list
2022-06-22 18:19:56.009  INFO   57 --- [-thread-pool-51] org.apache.spark.internal.Logging        : Removing RDD 18
2022-06-22 18:19:56.011  INFO   57 --- [   JobGenerator] org.apache.spark.internal.Logging        : Removing blocks of RDD BlockRDD[17] at receiverStream at Application.java:126 of time 1655918396000 ms
2022-06-22 18:19:56.011  INFO   57 --- [   JobGenerator] org.apache.spark.internal.Logging        : Deleting batches: 1655918394000 ms
2022-06-22 18:19:56.014  INFO   57 --- [   JobGenerator] org.apache.spark.internal.Logging        : remove old batch metadata: 1655918394000 ms
2022-06-22 18:19:56.015  INFO   57 --- [-thread-pool-54] org.apache.spark.internal.Logging        : Removing RDD 17
2022-06-22 18:19:57.014  INFO   57 --- [   JobGenerator] org.apache.spark.internal.Logging        : Added jobs for time 1655918397000 ms
2022-06-22 18:19:57.017  INFO   57 --- [   JobScheduler] org.apache.spark.internal.Logging        : Starting job streaming job 1655918397000 ms.0 from job set of time 1655918397000 ms
2022-06-22 18:19:57.018  INFO   57 --- [   JobScheduler] org.apache.spark.internal.Logging        : Finished job streaming job 1655918397000 ms.0 from job set of time 1655918397000 ms
2022-06-22 18:19:57.019  INFO   57 --- [   JobScheduler] org.apache.spark.internal.Logging        : Total delay: 0.018 s for time 1655918397000 ms (execution: 0.001 s)
2022-06-22 18:19:57.020  INFO   57 --- [   JobGenerator] org.apache.spark.internal.Logging        : Removing RDD 20 from persistence list
2022-06-22 18:19:57.021  INFO   57 --- [   JobGenerator] org.apache.spark.internal.Logging        : Removing RDD 19 from persistence list
2022-06-22 18:19:57.023  INFO   57 --- [   JobGenerator] org.apache.spark.internal.Logging        : Removing blocks of RDD BlockRDD[19] at receiverStream at Application.java:126 of time 1655918397000 ms
2022-06-22 18:19:57.024  INFO   57 --- [   JobGenerator] org.apache.spark.internal.Logging        : Deleting batches: 1655918395000 ms
2022-06-22 18:19:57.024  INFO   57 --- [   JobGenerator] org.apache.spark.internal.Logging        : remove old batch metadata: 1655918395000 ms
2022-06-22 18:19:57.025  INFO   57 --- [-thread-pool-57] org.apache.spark.internal.Logging        : Removing RDD 20
2022-06-22 18:19:57.026  INFO   57 --- [-thread-pool-58] org.apache.spark.internal.Logging        : Removing RDD 19
2022-06-22 18:19:57.244  INFO   57 --- [shutdown-hook-0] org.apache.spark.internal.Logging        : Invoking stop(stopGracefully=false) from shutdown hook
2022-06-22 18:19:57.253  INFO   57 --- [er-event-loop-1] org.apache.spark.internal.Logging        : Sent stop signal to all 1 receivers
2022-06-22 18:19:57.254  INFO   57 --- [er-event-loop-2] org.apache.spark.internal.Logging        : Received stop signal
2022-06-22 18:19:57.256  INFO   57 --- [er-event-loop-2] org.apache.spark.internal.Logging        : Stopping receiver with message: Stopped by driver: 
2022-06-22 18:19:57.256  INFO   57 --- [er-event-loop-2] org.apache.spark.internal.Logging        : Called receiver onStop
2022-06-22 18:19:57.257  INFO   57 --- [er-event-loop-2] org.apache.spark.internal.Logging        : Deregistering receiver 0
2022-06-22 18:19:57.260  ERROR   73 --- [er-event-loop-3] org.apache.spark.internal.Logging        : Deregistered receiver for stream 0: Stopped by driver
2022-06-22 18:19:57.262  INFO   57 --- [er-event-loop-2] org.apache.spark.internal.Logging        : Stopped receiver 0
2022-06-22 18:19:57.267  INFO   57 --- [er-event-loop-2] org.apache.spark.internal.Logging        : Stopping BlockGenerator
2022-06-22 18:19:57.608  INFO   57 --- [er-event-loop-2] org.apache.spark.internal.Logging        : Stopped timer for BlockGenerator after time 1655918397600
2022-06-22 18:19:57.608  INFO   57 --- [er-event-loop-2] org.apache.spark.internal.Logging        : Waiting for block pushing thread to terminate
2022-06-22 18:19:57.622  INFO   57 --- [      Thread-14] org.apache.spark.internal.Logging        : Pushing out the last 0 blocks
2022-06-22 18:19:57.623  INFO   57 --- [      Thread-14] org.apache.spark.internal.Logging        : Stopped block pushing thread
2022-06-22 18:19:57.623  INFO   57 --- [er-event-loop-2] org.apache.spark.internal.Logging        : Stopped BlockGenerator
2022-06-22 18:19:57.625  INFO   57 --- [age 0.0 (TID 0)] org.apache.spark.internal.Logging        : Stopped receiver without error
2022-06-22 18:19:57.627  INFO   57 --- [age 0.0 (TID 0)] org.apache.spark.internal.Logging        : Finished task 0.0 in stage 0.0 (TID 0). 880 bytes result sent to driver
2022-06-22 18:19:57.630  INFO   57 --- [result-getter-1] org.apache.spark.internal.Logging        : Finished task 0.0 in stage 0.0 (TID 0) in 10510 ms on host.docker.internal (executor driver) (1/1)
2022-06-22 18:19:57.631  INFO   57 --- [result-getter-1] org.apache.spark.internal.Logging        : Removed TaskSet 0.0, whose tasks have all completed, from pool 
2022-06-22 18:19:57.632  INFO   57 --- [uler-event-loop] org.apache.spark.internal.Logging        : ResultStage 0 (start at Application.java:134) finished in 11.086 s
2022-06-22 18:19:57.633  INFO   57 --- [uler-event-loop] org.apache.spark.internal.Logging        : Job 0 is finished. Cancelling potential speculative or zombie tasks for this job
2022-06-22 18:19:57.633  INFO   57 --- [uler-event-loop] org.apache.spark.internal.Logging        : Killing all running tasks in stage 0: Stage finished
2022-06-22 18:19:57.635  INFO   57 --- [shutdown-hook-0] org.apache.spark.internal.Logging        : All of the receivers have deregistered successfully
2022-06-22 18:19:57.636  INFO   57 --- [shutdown-hook-0] org.apache.spark.internal.Logging        : ReceiverTracker stopped
2022-06-22 18:19:57.637  INFO   57 --- [shutdown-hook-0] org.apache.spark.internal.Logging        : Stopping JobGenerator immediately
2022-06-22 18:19:57.639  INFO   57 --- [shutdown-hook-0] org.apache.spark.internal.Logging        : Stopped timer for JobGenerator after time 1655918397000
2022-06-22 18:19:57.641  INFO   57 --- [shutdown-hook-0] org.apache.spark.internal.Logging        : Stopped JobGenerator
2022-06-22 18:19:57.644  INFO   57 --- [shutdown-hook-0] org.apache.spark.internal.Logging        : Stopped JobScheduler
2022-06-22 18:19:57.651  INFO 1153 --- [shutdown-hook-0] ject.jetty.server.handler.ContextHandler : Stopped o.s.j.s.ServletContextHandler@3d98d138{/streaming,null,STOPPED,@Spark}
2022-06-22 18:19:57.652  INFO 1153 --- [shutdown-hook-0] ject.jetty.server.handler.ContextHandler : Stopped o.s.j.s.ServletContextHandler@f2ce6b{/streaming/json,null,STOPPED,@Spark}
2022-06-22 18:19:57.653  INFO 1153 --- [shutdown-hook-0] ject.jetty.server.handler.ContextHandler : Stopped o.s.j.s.ServletContextHandler@1f51431{/streaming/batch,null,STOPPED,@Spark}
2022-06-22 18:19:57.654  INFO 1153 --- [shutdown-hook-0] ject.jetty.server.handler.ContextHandler : Stopped o.s.j.s.ServletContextHandler@38eb2c50{/streaming/batch/json,null,STOPPED,@Spark}
2022-06-22 18:19:57.656  INFO 1153 --- [shutdown-hook-0] ject.jetty.server.handler.ContextHandler : Stopped o.s.j.s.ServletContextHandler@7186333e{/static/streaming,null,STOPPED,@Spark}
2022-06-22 18:19:57.658  INFO  153 --- [           main] com.elite.cdr.validator.Application      : ****************************************************
2022-06-22 18:19:57.658  INFO   57 --- [shutdown-hook-0] org.apache.spark.internal.Logging        : StreamingContext stopped successfully
2022-06-22 18:19:57.658  INFO  154 --- [           main] com.elite.cdr.validator.Application      : Duration: 0.0 seconds
2022-06-22 18:19:57.658  INFO  155 --- [           main] com.elite.cdr.validator.Application      : Batch executed with success
2022-06-22 18:19:57.659  INFO  156 --- [           main] com.elite.cdr.validator.Application      : ****************************************************
2022-06-22 18:19:57.659  INFO   57 --- [shutdown-hook-0] org.apache.spark.internal.Logging        : Invoking stop() from shutdown hook
2022-06-22 18:19:57.672  INFO  381 --- [shutdown-hook-0] rkproject.jetty.server.AbstractConnector : Stopped Spark@64da2a7{HTTP/1.1, (http/1.1)}{0.0.0.0:4040}
2022-06-22 18:19:57.675  INFO   57 --- [shutdown-hook-0] org.apache.spark.internal.Logging        : Stopped Spark web UI at http://host.docker.internal:4040
2022-06-22 18:19:57.695  INFO   57 --- [er-event-loop-3] org.apache.spark.internal.Logging        : MapOutputTrackerMasterEndpoint stopped!
2022-06-22 18:19:57.715  INFO   57 --- [shutdown-hook-0] org.apache.spark.internal.Logging        : MemoryStore cleared
2022-06-22 18:19:57.717  INFO   57 --- [shutdown-hook-0] org.apache.spark.internal.Logging        : BlockManager stopped
2022-06-22 18:19:57.721  INFO   57 --- [shutdown-hook-0] org.apache.spark.internal.Logging        : BlockManagerMaster stopped
2022-06-22 18:19:57.726  INFO   57 --- [er-event-loop-3] org.apache.spark.internal.Logging        : OutputCommitCoordinator stopped!
2022-06-22 18:19:57.731  INFO   57 --- [shutdown-hook-0] org.apache.spark.internal.Logging        : Successfully stopped SparkContext
2022-06-22 18:19:57.732  INFO   57 --- [shutdown-hook-0] org.apache.spark.internal.Logging        : Shutdown hook called
2022-06-22 18:19:57.733  INFO   57 --- [shutdown-hook-0] org.apache.spark.internal.Logging        : Deleting directory C:\Users\Wael Hamdi\AppData\Local\Temp\spark-6177377b-1638-4027-8256-a589b05a383b
