2022-06-22 17:43:13.934  INFO   46 --- [           main] com.elite.cdr.validator.Application      : Starting ASN1 Reader 
2022-06-22 17:43:13.940  INFO   48 --- [           main] com.elite.cdr.validator.Application      : ############### Run with the args [--env, local, --file, C:\IntelliJProjects\FraudDetectionSpark3\src\main\resources\data\simpleTypes.ber]
2022-06-22 17:43:14.026  INFO   54 --- [           main] com.elite.cdr.validator.Application      : ############### Run in local mode
2022-06-22 17:43:15.830  INFO   57 --- [           main] org.apache.spark.internal.Logging        : Running Spark version 3.2.1
2022-06-22 17:43:16.146  INFO   57 --- [           main] org.apache.spark.internal.Logging        : ==============================================================
2022-06-22 17:43:16.150  INFO   57 --- [           main] org.apache.spark.internal.Logging        : No custom resources configured for spark.driver.
2022-06-22 17:43:16.150  INFO   57 --- [           main] org.apache.spark.internal.Logging        : ==============================================================
2022-06-22 17:43:16.151  INFO   57 --- [           main] org.apache.spark.internal.Logging        : Submitted application: NiFi-Spark Streaming example
2022-06-22 17:43:16.197  INFO   57 --- [           main] org.apache.spark.internal.Logging        : Default ResourceProfile created, executor resources: Map(cores -> name: cores, amount: 1, script: , vendor: , memory -> name: memory, amount: 1024, script: , vendor: , offHeap -> name: offHeap, amount: 0, script: , vendor: ), task resources: Map(cpus -> name: cpus, amount: 1.0)
2022-06-22 17:43:16.222  INFO   57 --- [           main] org.apache.spark.internal.Logging        : Limiting resource is cpu
2022-06-22 17:43:16.228  INFO   57 --- [           main] org.apache.spark.internal.Logging        : Added ResourceProfile id: 0
2022-06-22 17:43:16.365  INFO   57 --- [           main] org.apache.spark.internal.Logging        : Changing view acls to: Wael Hamdi
2022-06-22 17:43:16.366  INFO   57 --- [           main] org.apache.spark.internal.Logging        : Changing modify acls to: Wael Hamdi
2022-06-22 17:43:16.367  INFO   57 --- [           main] org.apache.spark.internal.Logging        : Changing view acls groups to: 
2022-06-22 17:43:16.367  INFO   57 --- [           main] org.apache.spark.internal.Logging        : Changing modify acls groups to: 
2022-06-22 17:43:16.368  INFO   57 --- [           main] org.apache.spark.internal.Logging        : SecurityManager: authentication disabled; ui acls disabled; users  with view permissions: Set(Wael Hamdi); groups with view permissions: Set(); users  with modify permissions: Set(Wael Hamdi); groups with modify permissions: Set()
2022-06-22 17:43:18.579  INFO   57 --- [           main] org.apache.spark.internal.Logging        : Successfully started service 'sparkDriver' on port 50152.
2022-06-22 17:43:18.662  INFO   57 --- [           main] org.apache.spark.internal.Logging        : Registering MapOutputTracker
2022-06-22 17:43:18.711  INFO   57 --- [           main] org.apache.spark.internal.Logging        : Registering BlockManagerMaster
2022-06-22 17:43:18.742  INFO   57 --- [           main] org.apache.spark.internal.Logging        : Using org.apache.spark.storage.DefaultTopologyMapper for getting topology information
2022-06-22 17:43:18.743  INFO   57 --- [           main] org.apache.spark.internal.Logging        : BlockManagerMasterEndpoint up
2022-06-22 17:43:18.750  INFO   57 --- [           main] org.apache.spark.internal.Logging        : Registering BlockManagerMasterHeartbeat
2022-06-22 17:43:18.786  INFO   57 --- [           main] org.apache.spark.internal.Logging        : Created local directory at C:\Users\Wael Hamdi\AppData\Local\Temp\blockmgr-492c752c-20ad-4ebc-921a-dfd95830f837
2022-06-22 17:43:18.824  INFO   57 --- [           main] org.apache.spark.internal.Logging        : MemoryStore started with capacity 897.6 MiB
2022-06-22 17:43:18.850  INFO   57 --- [           main] org.apache.spark.internal.Logging        : Registering OutputCommitCoordinator
2022-06-22 17:43:18.971  INFO  170 --- [           main] org.sparkproject.jetty.util.log.Log      : Logging initialized @5842ms to org.sparkproject.jetty.util.log.Slf4jLog
2022-06-22 17:43:19.063  INFO  375 --- [           main] org.sparkproject.jetty.server.Server     : jetty-9.4.43.v20210629; built: 2021-06-30T11:07:22.254Z; git: 526006ecfa3af7f1a27ef3a288e2bef7ea9dd7e8; jvm 1.8.0_301-b09
2022-06-22 17:43:19.092  INFO  415 --- [           main] org.sparkproject.jetty.server.Server     : Started @5964ms
2022-06-22 17:43:19.142  INFO  331 --- [           main] rkproject.jetty.server.AbstractConnector : Started ServerConnector@64da2a7{HTTP/1.1, (http/1.1)}{0.0.0.0:4040}
2022-06-22 17:43:19.143  INFO   57 --- [           main] org.apache.spark.internal.Logging        : Successfully started service 'SparkUI' on port 4040.
2022-06-22 17:43:19.178  INFO  915 --- [           main] ject.jetty.server.handler.ContextHandler : Started o.s.j.s.ServletContextHandler@61d9efe0{/jobs,null,AVAILABLE,@Spark}
2022-06-22 17:43:19.181  INFO  915 --- [           main] ject.jetty.server.handler.ContextHandler : Started o.s.j.s.ServletContextHandler@3574e198{/jobs/json,null,AVAILABLE,@Spark}
2022-06-22 17:43:19.182  INFO  915 --- [           main] ject.jetty.server.handler.ContextHandler : Started o.s.j.s.ServletContextHandler@db44aa2{/jobs/job,null,AVAILABLE,@Spark}
2022-06-22 17:43:19.184  INFO  915 --- [           main] ject.jetty.server.handler.ContextHandler : Started o.s.j.s.ServletContextHandler@61a002b1{/jobs/job/json,null,AVAILABLE,@Spark}
2022-06-22 17:43:19.185  INFO  915 --- [           main] ject.jetty.server.handler.ContextHandler : Started o.s.j.s.ServletContextHandler@780ec4a5{/stages,null,AVAILABLE,@Spark}
2022-06-22 17:43:19.186  INFO  915 --- [           main] ject.jetty.server.handler.ContextHandler : Started o.s.j.s.ServletContextHandler@6f70f32f{/stages/json,null,AVAILABLE,@Spark}
2022-06-22 17:43:19.188  INFO  915 --- [           main] ject.jetty.server.handler.ContextHandler : Started o.s.j.s.ServletContextHandler@5aabbb29{/stages/stage,null,AVAILABLE,@Spark}
2022-06-22 17:43:19.190  INFO  915 --- [           main] ject.jetty.server.handler.ContextHandler : Started o.s.j.s.ServletContextHandler@3aa3193a{/stages/stage/json,null,AVAILABLE,@Spark}
2022-06-22 17:43:19.191  INFO  915 --- [           main] ject.jetty.server.handler.ContextHandler : Started o.s.j.s.ServletContextHandler@59a67c3a{/stages/pool,null,AVAILABLE,@Spark}
2022-06-22 17:43:19.192  INFO  915 --- [           main] ject.jetty.server.handler.ContextHandler : Started o.s.j.s.ServletContextHandler@724bade8{/stages/pool/json,null,AVAILABLE,@Spark}
2022-06-22 17:43:19.194  INFO  915 --- [           main] ject.jetty.server.handler.ContextHandler : Started o.s.j.s.ServletContextHandler@6bc248ed{/storage,null,AVAILABLE,@Spark}
2022-06-22 17:43:19.195  INFO  915 --- [           main] ject.jetty.server.handler.ContextHandler : Started o.s.j.s.ServletContextHandler@ca27722{/storage/json,null,AVAILABLE,@Spark}
2022-06-22 17:43:19.196  INFO  915 --- [           main] ject.jetty.server.handler.ContextHandler : Started o.s.j.s.ServletContextHandler@9573b3b{/storage/rdd,null,AVAILABLE,@Spark}
2022-06-22 17:43:19.197  INFO  915 --- [           main] ject.jetty.server.handler.ContextHandler : Started o.s.j.s.ServletContextHandler@78461bc4{/storage/rdd/json,null,AVAILABLE,@Spark}
2022-06-22 17:43:19.198  INFO  915 --- [           main] ject.jetty.server.handler.ContextHandler : Started o.s.j.s.ServletContextHandler@64f857e7{/environment,null,AVAILABLE,@Spark}
2022-06-22 17:43:19.200  INFO  915 --- [           main] ject.jetty.server.handler.ContextHandler : Started o.s.j.s.ServletContextHandler@58c540cf{/environment/json,null,AVAILABLE,@Spark}
2022-06-22 17:43:19.201  INFO  915 --- [           main] ject.jetty.server.handler.ContextHandler : Started o.s.j.s.ServletContextHandler@1b822fcc{/executors,null,AVAILABLE,@Spark}
2022-06-22 17:43:19.202  INFO  915 --- [           main] ject.jetty.server.handler.ContextHandler : Started o.s.j.s.ServletContextHandler@56102e1c{/executors/json,null,AVAILABLE,@Spark}
2022-06-22 17:43:19.203  INFO  915 --- [           main] ject.jetty.server.handler.ContextHandler : Started o.s.j.s.ServletContextHandler@7927bd9f{/executors/threadDump,null,AVAILABLE,@Spark}
2022-06-22 17:43:19.205  INFO  915 --- [           main] ject.jetty.server.handler.ContextHandler : Started o.s.j.s.ServletContextHandler@410954b{/executors/threadDump/json,null,AVAILABLE,@Spark}
2022-06-22 17:43:19.217  INFO  915 --- [           main] ject.jetty.server.handler.ContextHandler : Started o.s.j.s.ServletContextHandler@3b366632{/static,null,AVAILABLE,@Spark}
2022-06-22 17:43:19.219  INFO  915 --- [           main] ject.jetty.server.handler.ContextHandler : Started o.s.j.s.ServletContextHandler@42257bdd{/,null,AVAILABLE,@Spark}
2022-06-22 17:43:19.221  INFO  915 --- [           main] ject.jetty.server.handler.ContextHandler : Started o.s.j.s.ServletContextHandler@687a762c{/api,null,AVAILABLE,@Spark}
2022-06-22 17:43:19.222  INFO  915 --- [           main] ject.jetty.server.handler.ContextHandler : Started o.s.j.s.ServletContextHandler@1b9ea3e3{/jobs/job/kill,null,AVAILABLE,@Spark}
2022-06-22 17:43:19.223  INFO  915 --- [           main] ject.jetty.server.handler.ContextHandler : Started o.s.j.s.ServletContextHandler@55e7a35c{/stages/stage/kill,null,AVAILABLE,@Spark}
2022-06-22 17:43:19.226  INFO   57 --- [           main] org.apache.spark.internal.Logging        : Bound SparkUI to 0.0.0.0, and started at http://host.docker.internal:4040
2022-06-22 17:43:19.558  INFO   57 --- [           main] org.apache.spark.internal.Logging        : Starting executor ID driver on host host.docker.internal
2022-06-22 17:43:19.629  INFO   57 --- [           main] org.apache.spark.internal.Logging        : Successfully started service 'org.apache.spark.network.netty.NettyBlockTransferService' on port 50176.
2022-06-22 17:43:19.629  INFO   82 --- [           main] .network.netty.NettyBlockTransferService : Server created on host.docker.internal:50176
2022-06-22 17:43:19.633  INFO   57 --- [           main] org.apache.spark.internal.Logging        : Using org.apache.spark.storage.RandomBlockReplicationPolicy for block replication policy
2022-06-22 17:43:19.645  INFO   57 --- [           main] org.apache.spark.internal.Logging        : Registering BlockManager BlockManagerId(driver, host.docker.internal, 50176, None)
2022-06-22 17:43:19.657  INFO   57 --- [ckManagerMaster] org.apache.spark.internal.Logging        : Registering block manager host.docker.internal:50176 with 897.6 MiB RAM, BlockManagerId(driver, host.docker.internal, 50176, None)
2022-06-22 17:43:19.667  INFO   57 --- [           main] org.apache.spark.internal.Logging        : Registered BlockManager BlockManagerId(driver, host.docker.internal, 50176, None)
2022-06-22 17:43:19.669  INFO   57 --- [           main] org.apache.spark.internal.Logging        : Initialized BlockManager: BlockManagerId(driver, host.docker.internal, 50176, None)
2022-06-22 17:43:20.032  INFO  915 --- [           main] ject.jetty.server.handler.ContextHandler : Started o.s.j.s.ServletContextHandler@28cb9120{/metrics/json,null,AVAILABLE,@Spark}
2022-06-22 17:43:20.817  INFO   57 --- [streaming-start] org.apache.spark.internal.Logging        : Starting 1 receivers
2022-06-22 17:43:20.821  INFO   57 --- [streaming-start] org.apache.spark.internal.Logging        : ReceiverTracker started
2022-06-22 17:43:20.829  INFO   57 --- [streaming-start] org.apache.spark.internal.Logging        : Slide time = 1000 ms
2022-06-22 17:43:20.831  INFO   57 --- [streaming-start] org.apache.spark.internal.Logging        : Storage level = Serialized 1x Replicated
2022-06-22 17:43:20.832  INFO   57 --- [streaming-start] org.apache.spark.internal.Logging        : Checkpoint interval = null
2022-06-22 17:43:20.833  INFO   57 --- [streaming-start] org.apache.spark.internal.Logging        : Remember interval = 1000 ms
2022-06-22 17:43:20.833  INFO   57 --- [streaming-start] org.apache.spark.internal.Logging        : Initialized and validated org.apache.spark.streaming.dstream.PluggableInputDStream@29921ac5
2022-06-22 17:43:20.834  INFO   57 --- [streaming-start] org.apache.spark.internal.Logging        : Slide time = 1000 ms
2022-06-22 17:43:20.834  INFO   57 --- [streaming-start] org.apache.spark.internal.Logging        : Storage level = Serialized 1x Replicated
2022-06-22 17:43:20.834  INFO   57 --- [streaming-start] org.apache.spark.internal.Logging        : Checkpoint interval = null
2022-06-22 17:43:20.835  INFO   57 --- [streaming-start] org.apache.spark.internal.Logging        : Remember interval = 1000 ms
2022-06-22 17:43:20.835  INFO   57 --- [streaming-start] org.apache.spark.internal.Logging        : Initialized and validated org.apache.spark.streaming.dstream.MappedDStream@5600f19c
2022-06-22 17:43:20.835  INFO   57 --- [streaming-start] org.apache.spark.internal.Logging        : Slide time = 1000 ms
2022-06-22 17:43:20.836  INFO   57 --- [streaming-start] org.apache.spark.internal.Logging        : Storage level = Serialized 1x Replicated
2022-06-22 17:43:20.836  INFO   57 --- [streaming-start] org.apache.spark.internal.Logging        : Checkpoint interval = null
2022-06-22 17:43:20.836  INFO   57 --- [streaming-start] org.apache.spark.internal.Logging        : Remember interval = 1000 ms
2022-06-22 17:43:20.837  INFO   57 --- [streaming-start] org.apache.spark.internal.Logging        : Initialized and validated org.apache.spark.streaming.dstream.ForEachDStream@18e5a2e0
2022-06-22 17:43:20.981  INFO   57 --- [er-event-loop-3] org.apache.spark.internal.Logging        : Receiver 0 started
2022-06-22 17:43:20.985  INFO   57 --- [streaming-start] org.apache.spark.internal.Logging        : Started timer for JobGenerator at time 1655916201000
2022-06-22 17:43:20.985  INFO   57 --- [streaming-start] org.apache.spark.internal.Logging        : Started JobGenerator at 1655916201000 ms
2022-06-22 17:43:20.988  INFO   57 --- [streaming-start] org.apache.spark.internal.Logging        : Started JobScheduler
2022-06-22 17:43:20.996  INFO  915 --- [           main] ject.jetty.server.handler.ContextHandler : Started o.s.j.s.ServletContextHandler@4a8df3e2{/streaming,null,AVAILABLE,@Spark}
2022-06-22 17:43:20.999  INFO  915 --- [           main] ject.jetty.server.handler.ContextHandler : Started o.s.j.s.ServletContextHandler@2f2d52ef{/streaming/json,null,AVAILABLE,@Spark}
2022-06-22 17:43:21.001  INFO  915 --- [           main] ject.jetty.server.handler.ContextHandler : Started o.s.j.s.ServletContextHandler@dc7b462{/streaming/batch,null,AVAILABLE,@Spark}
2022-06-22 17:43:21.002  INFO   57 --- [uler-event-loop] org.apache.spark.internal.Logging        : Got job 0 (start at Application.java:130) with 1 output partitions
2022-06-22 17:43:21.003  INFO  915 --- [           main] ject.jetty.server.handler.ContextHandler : Started o.s.j.s.ServletContextHandler@26a2f7f9{/streaming/batch/json,null,AVAILABLE,@Spark}
2022-06-22 17:43:21.005  INFO   57 --- [uler-event-loop] org.apache.spark.internal.Logging        : Final stage: ResultStage 0 (start at Application.java:130)
2022-06-22 17:43:21.008  INFO  915 --- [           main] ject.jetty.server.handler.ContextHandler : Started o.s.j.s.ServletContextHandler@10ee04df{/static/streaming,null,AVAILABLE,@Spark}
2022-06-22 17:43:21.008  INFO   57 --- [uler-event-loop] org.apache.spark.internal.Logging        : Parents of final stage: List()
2022-06-22 17:43:21.009  INFO   57 --- [           main] org.apache.spark.internal.Logging        : StreamingContext started
2022-06-22 17:43:21.011  INFO   57 --- [uler-event-loop] org.apache.spark.internal.Logging        : Missing parents: List()
2022-06-22 17:43:21.021  INFO   57 --- [uler-event-loop] org.apache.spark.internal.Logging        : Submitting ResultStage 0 (Receiver 0 ParallelCollectionRDD[0] at makeRDD at ReceiverTracker.scala:609), which has no missing parents
2022-06-22 17:43:21.115  INFO   57 --- [   JobGenerator] org.apache.spark.internal.Logging        : Added jobs for time 1655916201000 ms
2022-06-22 17:43:21.139  INFO   57 --- [   JobScheduler] org.apache.spark.internal.Logging        : Starting job streaming job 1655916201000 ms.0 from job set of time 1655916201000 ms
2022-06-22 17:43:21.148  INFO   57 --- [   JobScheduler] org.apache.spark.internal.Logging        : Finished job streaming job 1655916201000 ms.0 from job set of time 1655916201000 ms
2022-06-22 17:43:21.155  INFO   57 --- [   JobScheduler] org.apache.spark.internal.Logging        : Total delay: 0.148 s for time 1655916201000 ms (execution: 0.013 s)
2022-06-22 17:43:21.165  INFO   57 --- [   JobGenerator] org.apache.spark.internal.Logging        : Deleting batches: 
2022-06-22 17:43:21.168  INFO   57 --- [   JobGenerator] org.apache.spark.internal.Logging        : remove old batch metadata: 
2022-06-22 17:43:21.255  INFO   57 --- [uler-event-loop] org.apache.spark.internal.Logging        : Block broadcast_0 stored as values in memory (estimated size 97.5 KiB, free 897.5 MiB)
2022-06-22 17:43:21.348  INFO   57 --- [uler-event-loop] org.apache.spark.internal.Logging        : Block broadcast_0_piece0 stored as bytes in memory (estimated size 34.2 KiB, free 897.5 MiB)
2022-06-22 17:43:21.353  INFO   57 --- [ckManagerMaster] org.apache.spark.internal.Logging        : Added broadcast_0_piece0 in memory on host.docker.internal:50176 (size: 34.2 KiB, free: 897.6 MiB)
2022-06-22 17:43:21.359  INFO   57 --- [uler-event-loop] org.apache.spark.internal.Logging        : Created broadcast 0 from broadcast at DAGScheduler.scala:1478
2022-06-22 17:43:21.386  INFO   57 --- [uler-event-loop] org.apache.spark.internal.Logging        : Submitting 1 missing tasks from ResultStage 0 (Receiver 0 ParallelCollectionRDD[0] at makeRDD at ReceiverTracker.scala:609) (first 15 tasks are for partitions Vector(0))
2022-06-22 17:43:21.388  INFO   57 --- [uler-event-loop] org.apache.spark.internal.Logging        : Adding task set 0.0 with 1 tasks resource profile 0
2022-06-22 17:43:21.482  INFO   57 --- [er-event-loop-0] org.apache.spark.internal.Logging        : Starting task 0.0 in stage 0.0 (TID 0) (host.docker.internal, executor driver, partition 0, PROCESS_LOCAL, 6207 bytes) taskResourceAssignments Map()
2022-06-22 17:43:21.511  INFO   57 --- [age 0.0 (TID 0)] org.apache.spark.internal.Logging        : Running task 0.0 in stage 0.0 (TID 0)
2022-06-22 17:43:21.838  INFO   57 --- [age 0.0 (TID 0)] org.apache.spark.internal.Logging        : Started timer for BlockGenerator at time 1655916202000
2022-06-22 17:43:21.843  INFO   57 --- [age 0.0 (TID 0)] org.apache.spark.internal.Logging        : Started BlockGenerator
2022-06-22 17:43:21.860  INFO   57 --- [er-event-loop-0] org.apache.spark.internal.Logging        : Registered receiver for stream 0 from host.docker.internal:50152
2022-06-22 17:43:21.864  INFO   57 --- [age 0.0 (TID 0)] org.apache.spark.internal.Logging        : Starting receiver 0
2022-06-22 17:43:21.866  INFO   57 --- [age 0.0 (TID 0)] org.apache.spark.internal.Logging        : Called receiver 0 onStart
2022-06-22 17:43:21.867  INFO   57 --- [age 0.0 (TID 0)] org.apache.spark.internal.Logging        : Waiting for receiver to be stopped
2022-06-22 17:43:21.869  INFO   57 --- [      Thread-14] org.apache.spark.internal.Logging        : Started block pushing thread
2022-06-22 17:43:22.004  INFO   57 --- [   JobGenerator] org.apache.spark.internal.Logging        : Added jobs for time 1655916202000 ms
2022-06-22 17:43:22.011  INFO   57 --- [   JobScheduler] org.apache.spark.internal.Logging        : Starting job streaming job 1655916202000 ms.0 from job set of time 1655916202000 ms
2022-06-22 17:43:22.012  INFO   57 --- [   JobScheduler] org.apache.spark.internal.Logging        : Finished job streaming job 1655916202000 ms.0 from job set of time 1655916202000 ms
2022-06-22 17:43:22.014  INFO   57 --- [   JobScheduler] org.apache.spark.internal.Logging        : Total delay: 0.012 s for time 1655916202000 ms (execution: 0.001 s)
2022-06-22 17:43:22.019  INFO   57 --- [   JobGenerator] org.apache.spark.internal.Logging        : Removing RDD 2 from persistence list
2022-06-22 17:43:22.045  INFO   57 --- [   JobGenerator] org.apache.spark.internal.Logging        : Removing RDD 1 from persistence list
2022-06-22 17:43:22.046  INFO   57 --- [c-thread-pool-0] org.apache.spark.internal.Logging        : Removing RDD 2
2022-06-22 17:43:22.047  INFO   57 --- [c-thread-pool-1] org.apache.spark.internal.Logging        : Removing RDD 1
2022-06-22 17:43:22.050  INFO   57 --- [   JobGenerator] org.apache.spark.internal.Logging        : Removing blocks of RDD BlockRDD[1] at receiverStream at Application.java:122 of time 1655916202000 ms
2022-06-22 17:43:22.054  INFO   57 --- [   JobGenerator] org.apache.spark.internal.Logging        : Deleting batches: 
2022-06-22 17:43:22.055  INFO   57 --- [   JobGenerator] org.apache.spark.internal.Logging        : remove old batch metadata: 
2022-06-22 17:43:23.004  INFO   57 --- [   JobGenerator] org.apache.spark.internal.Logging        : Added jobs for time 1655916203000 ms
2022-06-22 17:43:23.005  INFO   57 --- [   JobScheduler] org.apache.spark.internal.Logging        : Starting job streaming job 1655916203000 ms.0 from job set of time 1655916203000 ms
2022-06-22 17:43:23.005  INFO   57 --- [   JobScheduler] org.apache.spark.internal.Logging        : Finished job streaming job 1655916203000 ms.0 from job set of time 1655916203000 ms
2022-06-22 17:43:23.006  INFO   57 --- [   JobScheduler] org.apache.spark.internal.Logging        : Total delay: 0.005 s for time 1655916203000 ms (execution: 0.001 s)
2022-06-22 17:43:23.006  INFO   57 --- [   JobGenerator] org.apache.spark.internal.Logging        : Removing RDD 4 from persistence list
2022-06-22 17:43:23.008  INFO   57 --- [   JobGenerator] org.apache.spark.internal.Logging        : Removing RDD 3 from persistence list
2022-06-22 17:43:23.008  INFO   57 --- [c-thread-pool-6] org.apache.spark.internal.Logging        : Removing RDD 4
2022-06-22 17:43:23.009  INFO   57 --- [   JobGenerator] org.apache.spark.internal.Logging        : Removing blocks of RDD BlockRDD[3] at receiverStream at Application.java:122 of time 1655916203000 ms
2022-06-22 17:43:23.010  INFO   57 --- [c-thread-pool-7] org.apache.spark.internal.Logging        : Removing RDD 3
2022-06-22 17:43:23.011  INFO   57 --- [   JobGenerator] org.apache.spark.internal.Logging        : Deleting batches: 1655916201000 ms
2022-06-22 17:43:23.012  INFO   57 --- [   JobGenerator] org.apache.spark.internal.Logging        : remove old batch metadata: 1655916201000 ms
2022-06-22 17:43:24.008  INFO   57 --- [   JobGenerator] org.apache.spark.internal.Logging        : Added jobs for time 1655916204000 ms
2022-06-22 17:43:24.010  INFO   57 --- [   JobScheduler] org.apache.spark.internal.Logging        : Starting job streaming job 1655916204000 ms.0 from job set of time 1655916204000 ms
2022-06-22 17:43:24.012  INFO   57 --- [   JobScheduler] org.apache.spark.internal.Logging        : Finished job streaming job 1655916204000 ms.0 from job set of time 1655916204000 ms
2022-06-22 17:43:24.013  INFO   57 --- [   JobScheduler] org.apache.spark.internal.Logging        : Total delay: 0.012 s for time 1655916204000 ms (execution: 0.003 s)
2022-06-22 17:43:24.015  INFO   57 --- [   JobGenerator] org.apache.spark.internal.Logging        : Removing RDD 6 from persistence list
2022-06-22 17:43:24.017  INFO   57 --- [   JobGenerator] org.apache.spark.internal.Logging        : Removing RDD 5 from persistence list
2022-06-22 17:43:24.019  INFO   57 --- [   JobGenerator] org.apache.spark.internal.Logging        : Removing blocks of RDD BlockRDD[5] at receiverStream at Application.java:122 of time 1655916204000 ms
2022-06-22 17:43:24.020  INFO   57 --- [   JobGenerator] org.apache.spark.internal.Logging        : Deleting batches: 1655916202000 ms
2022-06-22 17:43:24.020  INFO   57 --- [   JobGenerator] org.apache.spark.internal.Logging        : remove old batch metadata: 1655916202000 ms
2022-06-22 17:43:24.024  INFO   57 --- [-thread-pool-12] org.apache.spark.internal.Logging        : Removing RDD 6
2022-06-22 17:43:24.025  INFO   57 --- [-thread-pool-13] org.apache.spark.internal.Logging        : Removing RDD 5
2022-06-22 17:43:24.921  ERROR  319 --- [  NiFi Receiver] .apache.nifi.security.util.KeyStoreUtils : Encountered an error loading truststore: spark.NifiSparkStreaming.truststoreFilename (The system cannot find the file specified)
2022-06-22 17:43:25.008  INFO   57 --- [   JobGenerator] org.apache.spark.internal.Logging        : Added jobs for time 1655916205000 ms
2022-06-22 17:43:25.009  INFO   57 --- [   JobScheduler] org.apache.spark.internal.Logging        : Starting job streaming job 1655916205000 ms.0 from job set of time 1655916205000 ms
2022-06-22 17:43:25.012  INFO   57 --- [   JobScheduler] org.apache.spark.internal.Logging        : Finished job streaming job 1655916205000 ms.0 from job set of time 1655916205000 ms
2022-06-22 17:43:25.014  INFO   57 --- [   JobScheduler] org.apache.spark.internal.Logging        : Total delay: 0.012 s for time 1655916205000 ms (execution: 0.003 s)
2022-06-22 17:43:25.014  INFO   57 --- [   JobGenerator] org.apache.spark.internal.Logging        : Removing RDD 8 from persistence list
2022-06-22 17:43:25.019  INFO   57 --- [   JobGenerator] org.apache.spark.internal.Logging        : Removing RDD 7 from persistence list
2022-06-22 17:43:25.022  INFO   57 --- [-thread-pool-18] org.apache.spark.internal.Logging        : Removing RDD 8
2022-06-22 17:43:25.024  INFO   57 --- [-thread-pool-19] org.apache.spark.internal.Logging        : Removing RDD 7
2022-06-22 17:43:25.023  INFO   57 --- [   JobGenerator] org.apache.spark.internal.Logging        : Removing blocks of RDD BlockRDD[7] at receiverStream at Application.java:122 of time 1655916205000 ms
2022-06-22 17:43:25.030  INFO   57 --- [   JobGenerator] org.apache.spark.internal.Logging        : Deleting batches: 1655916203000 ms
2022-06-22 17:43:25.031  INFO   57 --- [   JobGenerator] org.apache.spark.internal.Logging        : remove old batch metadata: 1655916203000 ms
2022-06-22 17:43:26.018  INFO   57 --- [   JobGenerator] org.apache.spark.internal.Logging        : Added jobs for time 1655916206000 ms
2022-06-22 17:43:26.022  INFO   57 --- [   JobScheduler] org.apache.spark.internal.Logging        : Starting job streaming job 1655916206000 ms.0 from job set of time 1655916206000 ms
2022-06-22 17:43:26.026  INFO   57 --- [   JobScheduler] org.apache.spark.internal.Logging        : Finished job streaming job 1655916206000 ms.0 from job set of time 1655916206000 ms
2022-06-22 17:43:26.030  INFO   57 --- [   JobScheduler] org.apache.spark.internal.Logging        : Total delay: 0.026 s for time 1655916206000 ms (execution: 0.006 s)
2022-06-22 17:43:26.033  INFO   57 --- [   JobGenerator] org.apache.spark.internal.Logging        : Removing RDD 10 from persistence list
2022-06-22 17:43:26.041  INFO   57 --- [   JobGenerator] org.apache.spark.internal.Logging        : Removing RDD 9 from persistence list
2022-06-22 17:43:26.050  INFO   57 --- [   JobGenerator] org.apache.spark.internal.Logging        : Removing blocks of RDD BlockRDD[9] at receiverStream at Application.java:122 of time 1655916206000 ms
2022-06-22 17:43:26.054  INFO   57 --- [   JobGenerator] org.apache.spark.internal.Logging        : Deleting batches: 1655916204000 ms
2022-06-22 17:43:26.056  INFO   57 --- [-thread-pool-24] org.apache.spark.internal.Logging        : Removing RDD 10
2022-06-22 17:43:26.057  INFO   57 --- [-thread-pool-25] org.apache.spark.internal.Logging        : Removing RDD 9
2022-06-22 17:43:26.056  INFO   57 --- [   JobGenerator] org.apache.spark.internal.Logging        : remove old batch metadata: 1655916204000 ms
2022-06-22 17:43:27.052  INFO   57 --- [   JobGenerator] org.apache.spark.internal.Logging        : Added jobs for time 1655916207000 ms
2022-06-22 17:43:27.070  INFO   57 --- [   JobScheduler] org.apache.spark.internal.Logging        : Starting job streaming job 1655916207000 ms.0 from job set of time 1655916207000 ms
2022-06-22 17:43:27.085  INFO   57 --- [   JobScheduler] org.apache.spark.internal.Logging        : Finished job streaming job 1655916207000 ms.0 from job set of time 1655916207000 ms
2022-06-22 17:43:27.094  INFO   57 --- [   JobScheduler] org.apache.spark.internal.Logging        : Total delay: 0.085 s for time 1655916207000 ms (execution: 0.016 s)
2022-06-22 17:43:27.104  INFO   57 --- [   JobGenerator] org.apache.spark.internal.Logging        : Removing RDD 12 from persistence list
2022-06-22 17:43:27.123  INFO   57 --- [   JobGenerator] org.apache.spark.internal.Logging        : Removing RDD 11 from persistence list
2022-06-22 17:43:27.140  INFO   57 --- [   JobGenerator] org.apache.spark.internal.Logging        : Removing blocks of RDD BlockRDD[11] at receiverStream at Application.java:122 of time 1655916207000 ms
2022-06-22 17:43:27.144  INFO   57 --- [   JobGenerator] org.apache.spark.internal.Logging        : Deleting batches: 1655916205000 ms
2022-06-22 17:43:27.147  INFO   57 --- [   JobGenerator] org.apache.spark.internal.Logging        : remove old batch metadata: 1655916205000 ms
2022-06-22 17:43:27.157  INFO   57 --- [-thread-pool-31] org.apache.spark.internal.Logging        : Removing RDD 11
2022-06-22 17:43:27.158  INFO   57 --- [-thread-pool-30] org.apache.spark.internal.Logging        : Removing RDD 12
2022-06-22 17:43:28.021  INFO   57 --- [   JobGenerator] org.apache.spark.internal.Logging        : Added jobs for time 1655916208000 ms
2022-06-22 17:43:28.024  INFO   57 --- [   JobScheduler] org.apache.spark.internal.Logging        : Starting job streaming job 1655916208000 ms.0 from job set of time 1655916208000 ms
2022-06-22 17:43:28.031  INFO   57 --- [   JobScheduler] org.apache.spark.internal.Logging        : Finished job streaming job 1655916208000 ms.0 from job set of time 1655916208000 ms
2022-06-22 17:43:28.035  INFO   57 --- [   JobScheduler] org.apache.spark.internal.Logging        : Total delay: 0.029 s for time 1655916208000 ms (execution: 0.006 s)
2022-06-22 17:43:28.040  INFO   57 --- [   JobGenerator] org.apache.spark.internal.Logging        : Removing RDD 14 from persistence list
2022-06-22 17:43:28.065  INFO   57 --- [   JobGenerator] org.apache.spark.internal.Logging        : Removing RDD 13 from persistence list
2022-06-22 17:43:28.082  INFO   57 --- [-thread-pool-36] org.apache.spark.internal.Logging        : Removing RDD 14
2022-06-22 17:43:28.093  INFO   57 --- [   JobGenerator] org.apache.spark.internal.Logging        : Removing blocks of RDD BlockRDD[13] at receiverStream at Application.java:122 of time 1655916208000 ms
2022-06-22 17:43:28.096  INFO   57 --- [   JobGenerator] org.apache.spark.internal.Logging        : Deleting batches: 1655916206000 ms
2022-06-22 17:43:28.099  INFO   57 --- [   JobGenerator] org.apache.spark.internal.Logging        : remove old batch metadata: 1655916206000 ms
2022-06-22 17:43:28.101  INFO   57 --- [-thread-pool-37] org.apache.spark.internal.Logging        : Removing RDD 13
2022-06-22 17:43:29.050  INFO   57 --- [   JobGenerator] org.apache.spark.internal.Logging        : Added jobs for time 1655916209000 ms
2022-06-22 17:43:29.062  INFO   57 --- [   JobScheduler] org.apache.spark.internal.Logging        : Starting job streaming job 1655916209000 ms.0 from job set of time 1655916209000 ms
2022-06-22 17:43:29.071  INFO   57 --- [   JobScheduler] org.apache.spark.internal.Logging        : Finished job streaming job 1655916209000 ms.0 from job set of time 1655916209000 ms
2022-06-22 17:43:29.082  INFO   57 --- [   JobScheduler] org.apache.spark.internal.Logging        : Total delay: 0.070 s for time 1655916209000 ms (execution: 0.009 s)
2022-06-22 17:43:29.087  INFO   57 --- [   JobGenerator] org.apache.spark.internal.Logging        : Removing RDD 16 from persistence list
2022-06-22 17:43:29.101  INFO   57 --- [   JobGenerator] org.apache.spark.internal.Logging        : Removing RDD 15 from persistence list
2022-06-22 17:43:29.118  INFO   57 --- [   JobGenerator] org.apache.spark.internal.Logging        : Removing blocks of RDD BlockRDD[15] at receiverStream at Application.java:122 of time 1655916209000 ms
2022-06-22 17:43:29.124  INFO   57 --- [   JobGenerator] org.apache.spark.internal.Logging        : Deleting batches: 1655916207000 ms
2022-06-22 17:43:29.134  INFO   57 --- [   JobGenerator] org.apache.spark.internal.Logging        : remove old batch metadata: 1655916207000 ms
2022-06-22 17:43:29.176  INFO   57 --- [-thread-pool-42] org.apache.spark.internal.Logging        : Removing RDD 16
2022-06-22 17:43:29.186  INFO   57 --- [-thread-pool-43] org.apache.spark.internal.Logging        : Removing RDD 15
2022-06-22 17:43:30.028  INFO   57 --- [   JobGenerator] org.apache.spark.internal.Logging        : Added jobs for time 1655916210000 ms
2022-06-22 17:43:30.053  INFO   57 --- [   JobScheduler] org.apache.spark.internal.Logging        : Starting job streaming job 1655916210000 ms.0 from job set of time 1655916210000 ms
2022-06-22 17:43:30.057  INFO   57 --- [   JobScheduler] org.apache.spark.internal.Logging        : Finished job streaming job 1655916210000 ms.0 from job set of time 1655916210000 ms
2022-06-22 17:43:30.060  INFO   57 --- [   JobScheduler] org.apache.spark.internal.Logging        : Total delay: 0.056 s for time 1655916210000 ms (execution: 0.004 s)
2022-06-22 17:43:30.064  INFO   57 --- [   JobGenerator] org.apache.spark.internal.Logging        : Removing RDD 18 from persistence list
2022-06-22 17:43:30.086  INFO   57 --- [   JobGenerator] org.apache.spark.internal.Logging        : Removing RDD 17 from persistence list
2022-06-22 17:43:30.101  INFO   57 --- [   JobGenerator] org.apache.spark.internal.Logging        : Removing blocks of RDD BlockRDD[17] at receiverStream at Application.java:122 of time 1655916210000 ms
2022-06-22 17:43:30.103  INFO   57 --- [-thread-pool-49] org.apache.spark.internal.Logging        : Removing RDD 17
2022-06-22 17:43:30.102  INFO   57 --- [-thread-pool-48] org.apache.spark.internal.Logging        : Removing RDD 18
2022-06-22 17:43:30.105  INFO   57 --- [   JobGenerator] org.apache.spark.internal.Logging        : Deleting batches: 1655916208000 ms
2022-06-22 17:43:30.120  INFO   57 --- [   JobGenerator] org.apache.spark.internal.Logging        : remove old batch metadata: 1655916208000 ms
2022-06-22 17:43:30.402  WARN   69 --- [ver-heartbeater] org.apache.spark.internal.Logging        : Exception when trying to compute pagesize, as a result reporting of ProcessTree metrics is stopped
2022-06-22 17:43:31.028  INFO   57 --- [   JobGenerator] org.apache.spark.internal.Logging        : Added jobs for time 1655916211000 ms
2022-06-22 17:43:31.046  INFO   57 --- [   JobScheduler] org.apache.spark.internal.Logging        : Starting job streaming job 1655916211000 ms.0 from job set of time 1655916211000 ms
2022-06-22 17:43:31.050  INFO   57 --- [   JobScheduler] org.apache.spark.internal.Logging        : Finished job streaming job 1655916211000 ms.0 from job set of time 1655916211000 ms
2022-06-22 17:43:31.056  INFO   57 --- [   JobScheduler] org.apache.spark.internal.Logging        : Total delay: 0.049 s for time 1655916211000 ms (execution: 0.004 s)
2022-06-22 17:43:31.059  INFO   57 --- [   JobGenerator] org.apache.spark.internal.Logging        : Removing RDD 20 from persistence list
2022-06-22 17:43:31.069  INFO   57 --- [   JobGenerator] org.apache.spark.internal.Logging        : Removing RDD 19 from persistence list
2022-06-22 17:43:31.071  INFO   57 --- [-thread-pool-54] org.apache.spark.internal.Logging        : Removing RDD 20
2022-06-22 17:43:31.078  INFO   57 --- [   JobGenerator] org.apache.spark.internal.Logging        : Removing blocks of RDD BlockRDD[19] at receiverStream at Application.java:122 of time 1655916211000 ms
2022-06-22 17:43:31.090  INFO   57 --- [   JobGenerator] org.apache.spark.internal.Logging        : Deleting batches: 1655916209000 ms
2022-06-22 17:43:31.102  INFO   57 --- [   JobGenerator] org.apache.spark.internal.Logging        : remove old batch metadata: 1655916209000 ms
2022-06-22 17:43:31.091  INFO   57 --- [-thread-pool-55] org.apache.spark.internal.Logging        : Removing RDD 19
2022-06-22 17:43:32.035  INFO   57 --- [   JobGenerator] org.apache.spark.internal.Logging        : Added jobs for time 1655916212000 ms
2022-06-22 17:43:32.053  INFO   57 --- [   JobScheduler] org.apache.spark.internal.Logging        : Starting job streaming job 1655916212000 ms.0 from job set of time 1655916212000 ms
2022-06-22 17:43:32.073  INFO   57 --- [   JobScheduler] org.apache.spark.internal.Logging        : Finished job streaming job 1655916212000 ms.0 from job set of time 1655916212000 ms
2022-06-22 17:43:32.076  INFO   57 --- [   JobScheduler] org.apache.spark.internal.Logging        : Total delay: 0.073 s for time 1655916212000 ms (execution: 0.025 s)
2022-06-22 17:43:32.082  INFO   57 --- [   JobGenerator] org.apache.spark.internal.Logging        : Removing RDD 22 from persistence list
2022-06-22 17:43:32.094  INFO   57 --- [   JobGenerator] org.apache.spark.internal.Logging        : Removing RDD 21 from persistence list
2022-06-22 17:43:32.107  INFO   57 --- [   JobGenerator] org.apache.spark.internal.Logging        : Removing blocks of RDD BlockRDD[21] at receiverStream at Application.java:122 of time 1655916212000 ms
2022-06-22 17:43:32.111  INFO   57 --- [   JobGenerator] org.apache.spark.internal.Logging        : Deleting batches: 1655916210000 ms
2022-06-22 17:43:32.115  INFO   57 --- [   JobGenerator] org.apache.spark.internal.Logging        : remove old batch metadata: 1655916210000 ms
2022-06-22 17:43:32.158  INFO   57 --- [-thread-pool-61] org.apache.spark.internal.Logging        : Removing RDD 21
2022-06-22 17:43:32.158  INFO   57 --- [-thread-pool-60] org.apache.spark.internal.Logging        : Removing RDD 22
2022-06-22 17:43:33.082  INFO   57 --- [   JobGenerator] org.apache.spark.internal.Logging        : Added jobs for time 1655916213000 ms
2022-06-22 17:43:33.091  INFO   57 --- [   JobScheduler] org.apache.spark.internal.Logging        : Starting job streaming job 1655916213000 ms.0 from job set of time 1655916213000 ms
2022-06-22 17:43:33.121  INFO   57 --- [   JobScheduler] org.apache.spark.internal.Logging        : Finished job streaming job 1655916213000 ms.0 from job set of time 1655916213000 ms
2022-06-22 17:43:33.157  INFO   57 --- [   JobScheduler] org.apache.spark.internal.Logging        : Total delay: 0.120 s for time 1655916213000 ms (execution: 0.031 s)
2022-06-22 17:43:33.176  INFO   57 --- [   JobGenerator] org.apache.spark.internal.Logging        : Removing RDD 24 from persistence list
2022-06-22 17:43:33.194  INFO   57 --- [   JobGenerator] org.apache.spark.internal.Logging        : Removing RDD 23 from persistence list
2022-06-22 17:43:33.214  INFO   57 --- [   JobGenerator] org.apache.spark.internal.Logging        : Removing blocks of RDD BlockRDD[23] at receiverStream at Application.java:122 of time 1655916213000 ms
2022-06-22 17:43:33.240  INFO   57 --- [   JobGenerator] org.apache.spark.internal.Logging        : Deleting batches: 1655916211000 ms
2022-06-22 17:43:33.244  INFO   57 --- [   JobGenerator] org.apache.spark.internal.Logging        : remove old batch metadata: 1655916211000 ms
2022-06-22 17:43:33.252  INFO   57 --- [-thread-pool-67] org.apache.spark.internal.Logging        : Removing RDD 23
2022-06-22 17:43:33.252  INFO   57 --- [-thread-pool-66] org.apache.spark.internal.Logging        : Removing RDD 24
2022-06-22 17:43:34.034  INFO   57 --- [   JobGenerator] org.apache.spark.internal.Logging        : Added jobs for time 1655916214000 ms
2022-06-22 17:43:34.042  INFO   57 --- [   JobScheduler] org.apache.spark.internal.Logging        : Starting job streaming job 1655916214000 ms.0 from job set of time 1655916214000 ms
2022-06-22 17:43:34.044  INFO   57 --- [   JobScheduler] org.apache.spark.internal.Logging        : Finished job streaming job 1655916214000 ms.0 from job set of time 1655916214000 ms
2022-06-22 17:43:34.048  INFO   57 --- [   JobScheduler] org.apache.spark.internal.Logging        : Total delay: 0.044 s for time 1655916214000 ms (execution: 0.002 s)
2022-06-22 17:43:34.049  INFO   57 --- [   JobGenerator] org.apache.spark.internal.Logging        : Removing RDD 26 from persistence list
2022-06-22 17:43:34.054  INFO   57 --- [   JobGenerator] org.apache.spark.internal.Logging        : Removing RDD 25 from persistence list
2022-06-22 17:43:34.055  INFO   57 --- [-thread-pool-72] org.apache.spark.internal.Logging        : Removing RDD 26
2022-06-22 17:43:34.061  INFO   57 --- [   JobGenerator] org.apache.spark.internal.Logging        : Removing blocks of RDD BlockRDD[25] at receiverStream at Application.java:122 of time 1655916214000 ms
2022-06-22 17:43:34.065  INFO   57 --- [   JobGenerator] org.apache.spark.internal.Logging        : Deleting batches: 1655916212000 ms
2022-06-22 17:43:34.067  INFO   57 --- [   JobGenerator] org.apache.spark.internal.Logging        : remove old batch metadata: 1655916212000 ms
2022-06-22 17:43:34.070  INFO   57 --- [-thread-pool-74] org.apache.spark.internal.Logging        : Removing RDD 25
2022-06-22 17:43:35.006  INFO   57 --- [   JobGenerator] org.apache.spark.internal.Logging        : Added jobs for time 1655916215000 ms
2022-06-22 17:43:35.006  INFO   57 --- [   JobScheduler] org.apache.spark.internal.Logging        : Starting job streaming job 1655916215000 ms.0 from job set of time 1655916215000 ms
2022-06-22 17:43:35.008  INFO   57 --- [   JobScheduler] org.apache.spark.internal.Logging        : Finished job streaming job 1655916215000 ms.0 from job set of time 1655916215000 ms
2022-06-22 17:43:35.010  INFO   57 --- [   JobScheduler] org.apache.spark.internal.Logging        : Total delay: 0.007 s for time 1655916215000 ms (execution: 0.001 s)
2022-06-22 17:43:35.010  INFO   57 --- [   JobGenerator] org.apache.spark.internal.Logging        : Removing RDD 28 from persistence list
2022-06-22 17:43:35.012  INFO   57 --- [   JobGenerator] org.apache.spark.internal.Logging        : Removing RDD 27 from persistence list
2022-06-22 17:43:35.012  INFO   57 --- [-thread-pool-78] org.apache.spark.internal.Logging        : Removing RDD 28
2022-06-22 17:43:35.015  INFO   57 --- [   JobGenerator] org.apache.spark.internal.Logging        : Removing blocks of RDD BlockRDD[27] at receiverStream at Application.java:122 of time 1655916215000 ms
2022-06-22 17:43:35.016  INFO   57 --- [-thread-pool-79] org.apache.spark.internal.Logging        : Removing RDD 27
2022-06-22 17:43:35.019  INFO   57 --- [   JobGenerator] org.apache.spark.internal.Logging        : Deleting batches: 1655916213000 ms
2022-06-22 17:43:35.020  INFO   57 --- [   JobGenerator] org.apache.spark.internal.Logging        : remove old batch metadata: 1655916213000 ms
2022-06-22 17:43:36.005  INFO   57 --- [   JobGenerator] org.apache.spark.internal.Logging        : Added jobs for time 1655916216000 ms
2022-06-22 17:43:36.005  INFO   57 --- [   JobScheduler] org.apache.spark.internal.Logging        : Starting job streaming job 1655916216000 ms.0 from job set of time 1655916216000 ms
2022-06-22 17:43:36.006  INFO   57 --- [   JobScheduler] org.apache.spark.internal.Logging        : Finished job streaming job 1655916216000 ms.0 from job set of time 1655916216000 ms
2022-06-22 17:43:36.007  INFO   57 --- [   JobGenerator] org.apache.spark.internal.Logging        : Removing RDD 30 from persistence list
2022-06-22 17:43:36.008  INFO   57 --- [   JobScheduler] org.apache.spark.internal.Logging        : Total delay: 0.006 s for time 1655916216000 ms (execution: 0.001 s)
2022-06-22 17:43:36.009  INFO   57 --- [   JobGenerator] org.apache.spark.internal.Logging        : Removing RDD 29 from persistence list
2022-06-22 17:43:36.012  INFO   57 --- [   JobGenerator] org.apache.spark.internal.Logging        : Removing blocks of RDD BlockRDD[29] at receiverStream at Application.java:122 of time 1655916216000 ms
2022-06-22 17:43:36.013  INFO   57 --- [   JobGenerator] org.apache.spark.internal.Logging        : Deleting batches: 1655916214000 ms
2022-06-22 17:43:36.014  INFO   57 --- [   JobGenerator] org.apache.spark.internal.Logging        : remove old batch metadata: 1655916214000 ms
2022-06-22 17:43:36.015  INFO   57 --- [-thread-pool-84] org.apache.spark.internal.Logging        : Removing RDD 30
2022-06-22 17:43:36.016  INFO   57 --- [-thread-pool-85] org.apache.spark.internal.Logging        : Removing RDD 29
2022-06-22 17:43:37.005  INFO   57 --- [   JobGenerator] org.apache.spark.internal.Logging        : Added jobs for time 1655916217000 ms
2022-06-22 17:43:37.006  INFO   57 --- [   JobScheduler] org.apache.spark.internal.Logging        : Starting job streaming job 1655916217000 ms.0 from job set of time 1655916217000 ms
2022-06-22 17:43:37.007  INFO   57 --- [   JobScheduler] org.apache.spark.internal.Logging        : Finished job streaming job 1655916217000 ms.0 from job set of time 1655916217000 ms
2022-06-22 17:43:37.008  INFO   57 --- [   JobScheduler] org.apache.spark.internal.Logging        : Total delay: 0.007 s for time 1655916217000 ms (execution: 0.002 s)
2022-06-22 17:43:37.008  INFO   57 --- [   JobGenerator] org.apache.spark.internal.Logging        : Removing RDD 32 from persistence list
2022-06-22 17:43:37.010  INFO   57 --- [   JobGenerator] org.apache.spark.internal.Logging        : Removing RDD 31 from persistence list
2022-06-22 17:43:37.012  INFO   57 --- [-thread-pool-90] org.apache.spark.internal.Logging        : Removing RDD 32
2022-06-22 17:43:37.014  INFO   57 --- [   JobGenerator] org.apache.spark.internal.Logging        : Removing blocks of RDD BlockRDD[31] at receiverStream at Application.java:122 of time 1655916217000 ms
2022-06-22 17:43:37.015  INFO   57 --- [-thread-pool-91] org.apache.spark.internal.Logging        : Removing RDD 31
2022-06-22 17:43:37.016  INFO   57 --- [   JobGenerator] org.apache.spark.internal.Logging        : Deleting batches: 1655916215000 ms
2022-06-22 17:43:37.018  INFO   57 --- [   JobGenerator] org.apache.spark.internal.Logging        : remove old batch metadata: 1655916215000 ms
2022-06-22 17:43:37.661  INFO   57 --- [shutdown-hook-0] org.apache.spark.internal.Logging        : Invoking stop(stopGracefully=false) from shutdown hook
2022-06-22 17:43:37.671  INFO   57 --- [er-event-loop-1] org.apache.spark.internal.Logging        : Sent stop signal to all 1 receivers
2022-06-22 17:43:37.672  INFO   57 --- [er-event-loop-2] org.apache.spark.internal.Logging        : Received stop signal
2022-06-22 17:43:37.674  INFO   57 --- [er-event-loop-2] org.apache.spark.internal.Logging        : Stopping receiver with message: Stopped by driver: 
2022-06-22 17:43:37.675  INFO   57 --- [er-event-loop-2] org.apache.spark.internal.Logging        : Called receiver onStop
2022-06-22 17:43:37.676  INFO   57 --- [er-event-loop-2] org.apache.spark.internal.Logging        : Deregistering receiver 0
2022-06-22 17:43:37.678  ERROR   73 --- [er-event-loop-3] org.apache.spark.internal.Logging        : Deregistered receiver for stream 0: Stopped by driver
2022-06-22 17:43:37.679  INFO   57 --- [er-event-loop-2] org.apache.spark.internal.Logging        : Stopped receiver 0
2022-06-22 17:43:37.683  INFO   57 --- [er-event-loop-2] org.apache.spark.internal.Logging        : Stopping BlockGenerator
2022-06-22 17:43:38.001  INFO   57 --- [er-event-loop-2] org.apache.spark.internal.Logging        : Stopped timer for BlockGenerator after time 1655916218000
2022-06-22 17:43:38.002  INFO   57 --- [er-event-loop-2] org.apache.spark.internal.Logging        : Waiting for block pushing thread to terminate
2022-06-22 17:43:38.004  INFO   57 --- [   JobGenerator] org.apache.spark.internal.Logging        : Added jobs for time 1655916218000 ms
2022-06-22 17:43:38.006  INFO   57 --- [   JobScheduler] org.apache.spark.internal.Logging        : Starting job streaming job 1655916218000 ms.0 from job set of time 1655916218000 ms
2022-06-22 17:43:38.006  INFO   57 --- [   JobScheduler] org.apache.spark.internal.Logging        : Finished job streaming job 1655916218000 ms.0 from job set of time 1655916218000 ms
2022-06-22 17:43:38.007  INFO   57 --- [      Thread-14] org.apache.spark.internal.Logging        : Pushing out the last 0 blocks
2022-06-22 17:43:38.008  INFO   57 --- [   JobGenerator] org.apache.spark.internal.Logging        : Removing RDD 34 from persistence list
2022-06-22 17:43:38.009  INFO   57 --- [      Thread-14] org.apache.spark.internal.Logging        : Stopped block pushing thread
2022-06-22 17:43:38.007  INFO   57 --- [   JobScheduler] org.apache.spark.internal.Logging        : Total delay: 0.006 s for time 1655916218000 ms (execution: 0.001 s)
2022-06-22 17:43:38.011  INFO   57 --- [er-event-loop-2] org.apache.spark.internal.Logging        : Stopped BlockGenerator
2022-06-22 17:43:38.012  INFO   57 --- [   JobGenerator] org.apache.spark.internal.Logging        : Removing RDD 33 from persistence list
2022-06-22 17:43:38.015  INFO   57 --- [age 0.0 (TID 0)] org.apache.spark.internal.Logging        : Stopped receiver without error
2022-06-22 17:43:38.017  INFO   57 --- [   JobGenerator] org.apache.spark.internal.Logging        : Removing blocks of RDD BlockRDD[33] at receiverStream at Application.java:122 of time 1655916218000 ms
2022-06-22 17:43:38.018  INFO   57 --- [   JobGenerator] org.apache.spark.internal.Logging        : Deleting batches: 1655916216000 ms
2022-06-22 17:43:38.018  INFO   57 --- [   JobGenerator] org.apache.spark.internal.Logging        : remove old batch metadata: 1655916216000 ms
2022-06-22 17:43:38.020  INFO   57 --- [-thread-pool-96] org.apache.spark.internal.Logging        : Removing RDD 34
2022-06-22 17:43:38.021  INFO   57 --- [-thread-pool-97] org.apache.spark.internal.Logging        : Removing RDD 33
2022-06-22 17:43:38.045  INFO   57 --- [age 0.0 (TID 0)] org.apache.spark.internal.Logging        : Finished task 0.0 in stage 0.0 (TID 0). 880 bytes result sent to driver
2022-06-22 17:43:38.057  INFO   57 --- [result-getter-0] org.apache.spark.internal.Logging        : Finished task 0.0 in stage 0.0 (TID 0) in 16597 ms on host.docker.internal (executor driver) (1/1)
2022-06-22 17:43:38.062  INFO   57 --- [result-getter-0] org.apache.spark.internal.Logging        : Removed TaskSet 0.0, whose tasks have all completed, from pool 
2022-06-22 17:43:38.071  INFO   57 --- [uler-event-loop] org.apache.spark.internal.Logging        : ResultStage 0 (start at Application.java:130) finished in 17.012 s
2022-06-22 17:43:38.077  INFO   57 --- [uler-event-loop] org.apache.spark.internal.Logging        : Job 0 is finished. Cancelling potential speculative or zombie tasks for this job
2022-06-22 17:43:38.078  INFO   57 --- [uler-event-loop] org.apache.spark.internal.Logging        : Killing all running tasks in stage 0: Stage finished
2022-06-22 17:43:38.084  INFO   57 --- [shutdown-hook-0] org.apache.spark.internal.Logging        : All of the receivers have deregistered successfully
2022-06-22 17:43:38.086  INFO   57 --- [shutdown-hook-0] org.apache.spark.internal.Logging        : ReceiverTracker stopped
2022-06-22 17:43:38.087  INFO   57 --- [shutdown-hook-0] org.apache.spark.internal.Logging        : Stopping JobGenerator immediately
2022-06-22 17:43:38.089  INFO   57 --- [shutdown-hook-0] org.apache.spark.internal.Logging        : Stopped timer for JobGenerator after time 1655916218000
2022-06-22 17:43:38.092  INFO   57 --- [shutdown-hook-0] org.apache.spark.internal.Logging        : Stopped JobGenerator
2022-06-22 17:43:38.103  INFO   57 --- [shutdown-hook-0] org.apache.spark.internal.Logging        : Stopped JobScheduler
2022-06-22 17:43:38.124  INFO 1153 --- [shutdown-hook-0] ject.jetty.server.handler.ContextHandler : Stopped o.s.j.s.ServletContextHandler@4a8df3e2{/streaming,null,STOPPED,@Spark}
2022-06-22 17:43:38.127  INFO 1153 --- [shutdown-hook-0] ject.jetty.server.handler.ContextHandler : Stopped o.s.j.s.ServletContextHandler@2f2d52ef{/streaming/json,null,STOPPED,@Spark}
2022-06-22 17:43:38.129  INFO 1153 --- [shutdown-hook-0] ject.jetty.server.handler.ContextHandler : Stopped o.s.j.s.ServletContextHandler@dc7b462{/streaming/batch,null,STOPPED,@Spark}
2022-06-22 17:43:38.131  INFO 1153 --- [shutdown-hook-0] ject.jetty.server.handler.ContextHandler : Stopped o.s.j.s.ServletContextHandler@26a2f7f9{/streaming/batch/json,null,STOPPED,@Spark}
2022-06-22 17:43:38.134  INFO 1153 --- [shutdown-hook-0] ject.jetty.server.handler.ContextHandler : Stopped o.s.j.s.ServletContextHandler@10ee04df{/static/streaming,null,STOPPED,@Spark}
2022-06-22 17:43:38.137  INFO  149 --- [           main] com.elite.cdr.validator.Application      : ****************************************************
2022-06-22 17:43:38.138  INFO  150 --- [           main] com.elite.cdr.validator.Application      : Duration: 0.0 seconds
2022-06-22 17:43:38.138  INFO  151 --- [           main] com.elite.cdr.validator.Application      : Batch executed with success
2022-06-22 17:43:38.138  INFO  152 --- [           main] com.elite.cdr.validator.Application      : ****************************************************
2022-06-22 17:43:38.138  INFO   57 --- [shutdown-hook-0] org.apache.spark.internal.Logging        : StreamingContext stopped successfully
2022-06-22 17:43:38.139  INFO   57 --- [shutdown-hook-0] org.apache.spark.internal.Logging        : Invoking stop() from shutdown hook
2022-06-22 17:43:38.156  INFO  381 --- [shutdown-hook-0] rkproject.jetty.server.AbstractConnector : Stopped Spark@64da2a7{HTTP/1.1, (http/1.1)}{0.0.0.0:4040}
2022-06-22 17:43:38.158  INFO   57 --- [shutdown-hook-0] org.apache.spark.internal.Logging        : Stopped Spark web UI at http://host.docker.internal:4040
2022-06-22 17:43:38.182  INFO   57 --- [er-event-loop-3] org.apache.spark.internal.Logging        : MapOutputTrackerMasterEndpoint stopped!
2022-06-22 17:43:38.235  INFO   57 --- [shutdown-hook-0] org.apache.spark.internal.Logging        : MemoryStore cleared
2022-06-22 17:43:38.236  INFO   57 --- [shutdown-hook-0] org.apache.spark.internal.Logging        : BlockManager stopped
2022-06-22 17:43:38.258  INFO   57 --- [shutdown-hook-0] org.apache.spark.internal.Logging        : BlockManagerMaster stopped
2022-06-22 17:43:38.281  INFO   57 --- [er-event-loop-3] org.apache.spark.internal.Logging        : OutputCommitCoordinator stopped!
2022-06-22 17:43:38.294  INFO   57 --- [shutdown-hook-0] org.apache.spark.internal.Logging        : Successfully stopped SparkContext
2022-06-22 17:43:38.294  INFO   57 --- [shutdown-hook-0] org.apache.spark.internal.Logging        : Shutdown hook called
2022-06-22 17:43:38.297  INFO   57 --- [shutdown-hook-0] org.apache.spark.internal.Logging        : Deleting directory C:\Users\Wael Hamdi\AppData\Local\Temp\spark-af897e9a-d878-4b48-ba2a-00209b8b6686
