2022-08-02 17:49:28.112  INFO   53 --- [           main] com.elite.cdr.validator.Application      : Starting ASN1 Reader 
2022-08-02 17:49:28.128  INFO   55 --- [           main] com.elite.cdr.validator.Application      : ############### Run with the args [--env, local, --file, src/main/resources/data/simpleTypes.ber, --prop, src/main/resources/myapp.properties]
2022-08-02 17:49:28.190  INFO   61 --- [           main] com.elite.cdr.validator.Application      : ############### Run in local mode
2022-08-02 17:49:29.768  INFO   57 --- [           main] org.apache.spark.internal.Logging        : Running Spark version 3.2.1
2022-08-02 17:49:30.409  INFO   57 --- [           main] org.apache.spark.internal.Logging        : ==============================================================
2022-08-02 17:49:30.424  INFO   57 --- [           main] org.apache.spark.internal.Logging        : No custom resources configured for spark.driver.
2022-08-02 17:49:30.424  INFO   57 --- [           main] org.apache.spark.internal.Logging        : ==============================================================
2022-08-02 17:49:30.424  INFO   57 --- [           main] org.apache.spark.internal.Logging        : Submitted application: NiFi Spark Streaming example
2022-08-02 17:49:30.487  INFO   57 --- [           main] org.apache.spark.internal.Logging        : Default ResourceProfile created, executor resources: Map(cores -> name: cores, amount: 1, script: , vendor: , memory -> name: memory, amount: 1024, script: , vendor: , offHeap -> name: offHeap, amount: 0, script: , vendor: ), task resources: Map(cpus -> name: cpus, amount: 1.0)
2022-08-02 17:49:30.549  INFO   57 --- [           main] org.apache.spark.internal.Logging        : Limiting resource is cpu
2022-08-02 17:49:30.549  INFO   57 --- [           main] org.apache.spark.internal.Logging        : Added ResourceProfile id: 0
2022-08-02 17:49:30.737  INFO   57 --- [           main] org.apache.spark.internal.Logging        : Changing view acls to: Wael Hamdi
2022-08-02 17:49:30.737  INFO   57 --- [           main] org.apache.spark.internal.Logging        : Changing modify acls to: Wael Hamdi
2022-08-02 17:49:30.737  INFO   57 --- [           main] org.apache.spark.internal.Logging        : Changing view acls groups to: 
2022-08-02 17:49:30.737  INFO   57 --- [           main] org.apache.spark.internal.Logging        : Changing modify acls groups to: 
2022-08-02 17:49:30.753  INFO   57 --- [           main] org.apache.spark.internal.Logging        : SecurityManager: authentication disabled; ui acls disabled; users  with view permissions: Set(Wael Hamdi); groups with view permissions: Set(); users  with modify permissions: Set(Wael Hamdi); groups with modify permissions: Set()
2022-08-02 17:49:33.003  INFO   57 --- [           main] org.apache.spark.internal.Logging        : Successfully started service 'sparkDriver' on port 49227.
2022-08-02 17:49:33.049  INFO   57 --- [           main] org.apache.spark.internal.Logging        : Registering MapOutputTracker
2022-08-02 17:49:33.096  INFO   57 --- [           main] org.apache.spark.internal.Logging        : Registering BlockManagerMaster
2022-08-02 17:49:33.112  INFO   57 --- [           main] org.apache.spark.internal.Logging        : Using org.apache.spark.storage.DefaultTopologyMapper for getting topology information
2022-08-02 17:49:33.112  INFO   57 --- [           main] org.apache.spark.internal.Logging        : BlockManagerMasterEndpoint up
2022-08-02 17:49:33.128  INFO   57 --- [           main] org.apache.spark.internal.Logging        : Registering BlockManagerMasterHeartbeat
2022-08-02 17:49:33.159  INFO   57 --- [           main] org.apache.spark.internal.Logging        : Created local directory at C:\Users\Wael Hamdi\AppData\Local\Temp\blockmgr-ee93523e-ccb3-41db-a854-27066893c274
2022-08-02 17:49:33.190  INFO   57 --- [           main] org.apache.spark.internal.Logging        : MemoryStore started with capacity 897.6 MiB
2022-08-02 17:49:33.206  INFO   57 --- [           main] org.apache.spark.internal.Logging        : Registering OutputCommitCoordinator
2022-08-02 17:49:33.315  INFO  170 --- [           main] org.sparkproject.jetty.util.log.Log      : Logging initialized @6103ms to org.sparkproject.jetty.util.log.Slf4jLog
2022-08-02 17:49:33.409  INFO  375 --- [           main] org.sparkproject.jetty.server.Server     : jetty-9.4.43.v20210629; built: 2021-06-30T11:07:22.254Z; git: 526006ecfa3af7f1a27ef3a288e2bef7ea9dd7e8; jvm 1.8.0_301-b09
2022-08-02 17:49:33.440  INFO  415 --- [           main] org.sparkproject.jetty.server.Server     : Started @6225ms
2022-08-02 17:49:33.487  INFO  331 --- [           main] rkproject.jetty.server.AbstractConnector : Started ServerConnector@476aac9{HTTP/1.1, (http/1.1)}{0.0.0.0:4040}
2022-08-02 17:49:33.487  INFO   57 --- [           main] org.apache.spark.internal.Logging        : Successfully started service 'SparkUI' on port 4040.
2022-08-02 17:49:33.518  INFO  915 --- [           main] ject.jetty.server.handler.ContextHandler : Started o.s.j.s.ServletContextHandler@7e094740{/jobs,null,AVAILABLE,@Spark}
2022-08-02 17:49:33.518  INFO  915 --- [           main] ject.jetty.server.handler.ContextHandler : Started o.s.j.s.ServletContextHandler@24a1c17f{/jobs/json,null,AVAILABLE,@Spark}
2022-08-02 17:49:33.518  INFO  915 --- [           main] ject.jetty.server.handler.ContextHandler : Started o.s.j.s.ServletContextHandler@73511076{/jobs/job,null,AVAILABLE,@Spark}
2022-08-02 17:49:33.518  INFO  915 --- [           main] ject.jetty.server.handler.ContextHandler : Started o.s.j.s.ServletContextHandler@410954b{/jobs/job/json,null,AVAILABLE,@Spark}
2022-08-02 17:49:33.518  INFO  915 --- [           main] ject.jetty.server.handler.ContextHandler : Started o.s.j.s.ServletContextHandler@3b366632{/stages,null,AVAILABLE,@Spark}
2022-08-02 17:49:33.534  INFO  915 --- [           main] ject.jetty.server.handler.ContextHandler : Started o.s.j.s.ServletContextHandler@514eedd8{/stages/json,null,AVAILABLE,@Spark}
2022-08-02 17:49:33.534  INFO  915 --- [           main] ject.jetty.server.handler.ContextHandler : Started o.s.j.s.ServletContextHandler@6970140a{/stages/stage,null,AVAILABLE,@Spark}
2022-08-02 17:49:33.534  INFO  915 --- [           main] ject.jetty.server.handler.ContextHandler : Started o.s.j.s.ServletContextHandler@4d63b624{/stages/stage/json,null,AVAILABLE,@Spark}
2022-08-02 17:49:33.534  INFO  915 --- [           main] ject.jetty.server.handler.ContextHandler : Started o.s.j.s.ServletContextHandler@5b800468{/stages/pool,null,AVAILABLE,@Spark}
2022-08-02 17:49:33.534  INFO  915 --- [           main] ject.jetty.server.handler.ContextHandler : Started o.s.j.s.ServletContextHandler@7e1a1da6{/stages/pool/json,null,AVAILABLE,@Spark}
2022-08-02 17:49:33.534  INFO  915 --- [           main] ject.jetty.server.handler.ContextHandler : Started o.s.j.s.ServletContextHandler@407cf41{/storage,null,AVAILABLE,@Spark}
2022-08-02 17:49:33.534  INFO  915 --- [           main] ject.jetty.server.handler.ContextHandler : Started o.s.j.s.ServletContextHandler@46cc127b{/storage/json,null,AVAILABLE,@Spark}
2022-08-02 17:49:33.534  INFO  915 --- [           main] ject.jetty.server.handler.ContextHandler : Started o.s.j.s.ServletContextHandler@5aceec94{/storage/rdd,null,AVAILABLE,@Spark}
2022-08-02 17:49:33.534  INFO  915 --- [           main] ject.jetty.server.handler.ContextHandler : Started o.s.j.s.ServletContextHandler@3a4b0e5d{/storage/rdd/json,null,AVAILABLE,@Spark}
2022-08-02 17:49:33.549  INFO  915 --- [           main] ject.jetty.server.handler.ContextHandler : Started o.s.j.s.ServletContextHandler@3d3f761a{/environment,null,AVAILABLE,@Spark}
2022-08-02 17:49:33.549  INFO  915 --- [           main] ject.jetty.server.handler.ContextHandler : Started o.s.j.s.ServletContextHandler@579d011c{/environment/json,null,AVAILABLE,@Spark}
2022-08-02 17:49:33.549  INFO  915 --- [           main] ject.jetty.server.handler.ContextHandler : Started o.s.j.s.ServletContextHandler@452e26d0{/executors,null,AVAILABLE,@Spark}
2022-08-02 17:49:33.549  INFO  915 --- [           main] ject.jetty.server.handler.ContextHandler : Started o.s.j.s.ServletContextHandler@790174f2{/executors/json,null,AVAILABLE,@Spark}
2022-08-02 17:49:33.549  INFO  915 --- [           main] ject.jetty.server.handler.ContextHandler : Started o.s.j.s.ServletContextHandler@7689ddef{/executors/threadDump,null,AVAILABLE,@Spark}
2022-08-02 17:49:33.549  INFO  915 --- [           main] ject.jetty.server.handler.ContextHandler : Started o.s.j.s.ServletContextHandler@1a2e2935{/executors/threadDump/json,null,AVAILABLE,@Spark}
2022-08-02 17:49:33.565  INFO  915 --- [           main] ject.jetty.server.handler.ContextHandler : Started o.s.j.s.ServletContextHandler@4b629f13{/static,null,AVAILABLE,@Spark}
2022-08-02 17:49:33.565  INFO  915 --- [           main] ject.jetty.server.handler.ContextHandler : Started o.s.j.s.ServletContextHandler@71a9b4c7{/,null,AVAILABLE,@Spark}
2022-08-02 17:49:33.565  INFO  915 --- [           main] ject.jetty.server.handler.ContextHandler : Started o.s.j.s.ServletContextHandler@77cf3f8b{/api,null,AVAILABLE,@Spark}
2022-08-02 17:49:33.565  INFO  915 --- [           main] ject.jetty.server.handler.ContextHandler : Started o.s.j.s.ServletContextHandler@7d61eccf{/jobs/job/kill,null,AVAILABLE,@Spark}
2022-08-02 17:49:33.565  INFO  915 --- [           main] ject.jetty.server.handler.ContextHandler : Started o.s.j.s.ServletContextHandler@52350abb{/stages/stage/kill,null,AVAILABLE,@Spark}
2022-08-02 17:49:33.565  INFO   57 --- [           main] org.apache.spark.internal.Logging        : Bound SparkUI to 0.0.0.0, and started at http://host.docker.internal:4040
2022-08-02 17:49:33.846  INFO   57 --- [           main] org.apache.spark.internal.Logging        : Starting executor ID driver on host host.docker.internal
2022-08-02 17:49:33.909  INFO   57 --- [           main] org.apache.spark.internal.Logging        : Successfully started service 'org.apache.spark.network.netty.NettyBlockTransferService' on port 49251.
2022-08-02 17:49:33.909  INFO   82 --- [           main] .network.netty.NettyBlockTransferService : Server created on host.docker.internal:49251
2022-08-02 17:49:33.909  INFO   57 --- [           main] org.apache.spark.internal.Logging        : Using org.apache.spark.storage.RandomBlockReplicationPolicy for block replication policy
2022-08-02 17:49:33.924  INFO   57 --- [           main] org.apache.spark.internal.Logging        : Registering BlockManager BlockManagerId(driver, host.docker.internal, 49251, None)
2022-08-02 17:49:33.924  INFO   57 --- [ckManagerMaster] org.apache.spark.internal.Logging        : Registering block manager host.docker.internal:49251 with 897.6 MiB RAM, BlockManagerId(driver, host.docker.internal, 49251, None)
2022-08-02 17:49:33.940  INFO   57 --- [           main] org.apache.spark.internal.Logging        : Registered BlockManager BlockManagerId(driver, host.docker.internal, 49251, None)
2022-08-02 17:49:33.940  INFO   57 --- [           main] org.apache.spark.internal.Logging        : Initialized BlockManager: BlockManagerId(driver, host.docker.internal, 49251, None)
2022-08-02 17:49:34.221  INFO  915 --- [           main] ject.jetty.server.handler.ContextHandler : Started o.s.j.s.ServletContextHandler@60baef24{/metrics/json,null,AVAILABLE,@Spark}
2022-08-02 17:49:35.065  INFO   57 --- [streaming-start] org.apache.spark.internal.Logging        : Starting 1 receivers
2022-08-02 17:49:35.065  INFO   57 --- [streaming-start] org.apache.spark.internal.Logging        : ReceiverTracker started
2022-08-02 17:49:35.081  INFO   57 --- [streaming-start] org.apache.spark.internal.Logging        : Slide time = 1000 ms
2022-08-02 17:49:35.081  INFO   57 --- [streaming-start] org.apache.spark.internal.Logging        : Storage level = Serialized 1x Replicated
2022-08-02 17:49:35.081  INFO   57 --- [streaming-start] org.apache.spark.internal.Logging        : Checkpoint interval = null
2022-08-02 17:49:35.096  INFO   57 --- [streaming-start] org.apache.spark.internal.Logging        : Remember interval = 1000 ms
2022-08-02 17:49:35.096  INFO   57 --- [streaming-start] org.apache.spark.internal.Logging        : Initialized and validated org.apache.spark.streaming.dstream.PluggableInputDStream@7b4b94a8
2022-08-02 17:49:35.096  INFO   57 --- [streaming-start] org.apache.spark.internal.Logging        : Slide time = 1000 ms
2022-08-02 17:49:35.096  INFO   57 --- [streaming-start] org.apache.spark.internal.Logging        : Storage level = Serialized 1x Replicated
2022-08-02 17:49:35.096  INFO   57 --- [streaming-start] org.apache.spark.internal.Logging        : Checkpoint interval = null
2022-08-02 17:49:35.096  INFO   57 --- [streaming-start] org.apache.spark.internal.Logging        : Remember interval = 1000 ms
2022-08-02 17:49:35.096  INFO   57 --- [streaming-start] org.apache.spark.internal.Logging        : Initialized and validated org.apache.spark.streaming.dstream.MappedDStream@3475ff81
2022-08-02 17:49:35.096  INFO   57 --- [streaming-start] org.apache.spark.internal.Logging        : Slide time = 1000 ms
2022-08-02 17:49:35.096  INFO   57 --- [streaming-start] org.apache.spark.internal.Logging        : Storage level = Serialized 1x Replicated
2022-08-02 17:49:35.096  INFO   57 --- [streaming-start] org.apache.spark.internal.Logging        : Checkpoint interval = null
2022-08-02 17:49:35.096  INFO   57 --- [streaming-start] org.apache.spark.internal.Logging        : Remember interval = 1000 ms
2022-08-02 17:49:35.096  INFO   57 --- [streaming-start] org.apache.spark.internal.Logging        : Initialized and validated org.apache.spark.streaming.dstream.ForEachDStream@2cbbd58a
2022-08-02 17:49:35.253  INFO   57 --- [er-event-loop-3] org.apache.spark.internal.Logging        : Receiver 0 started
2022-08-02 17:49:35.263  INFO   57 --- [streaming-start] org.apache.spark.internal.Logging        : Started timer for JobGenerator at time 1659458976000
2022-08-02 17:49:35.264  INFO   57 --- [streaming-start] org.apache.spark.internal.Logging        : Started JobGenerator at 1659458976000 ms
2022-08-02 17:49:35.267  INFO   57 --- [streaming-start] org.apache.spark.internal.Logging        : Started JobScheduler
2022-08-02 17:49:35.284  INFO   57 --- [uler-event-loop] org.apache.spark.internal.Logging        : Got job 0 (start at Application.java:181) with 1 output partitions
2022-08-02 17:49:35.285  INFO  915 --- [           main] ject.jetty.server.handler.ContextHandler : Started o.s.j.s.ServletContextHandler@540a903b{/streaming,null,AVAILABLE,@Spark}
2022-08-02 17:49:35.286  INFO   57 --- [uler-event-loop] org.apache.spark.internal.Logging        : Final stage: ResultStage 0 (start at Application.java:181)
2022-08-02 17:49:35.287  INFO   57 --- [uler-event-loop] org.apache.spark.internal.Logging        : Parents of final stage: List()
2022-08-02 17:49:35.290  INFO   57 --- [uler-event-loop] org.apache.spark.internal.Logging        : Missing parents: List()
2022-08-02 17:49:35.288  INFO  915 --- [           main] ject.jetty.server.handler.ContextHandler : Started o.s.j.s.ServletContextHandler@151db587{/streaming/json,null,AVAILABLE,@Spark}
2022-08-02 17:49:35.307  INFO  915 --- [           main] ject.jetty.server.handler.ContextHandler : Started o.s.j.s.ServletContextHandler@f4c0e4e{/streaming/batch,null,AVAILABLE,@Spark}
2022-08-02 17:49:35.312  INFO  915 --- [           main] ject.jetty.server.handler.ContextHandler : Started o.s.j.s.ServletContextHandler@34e20e6b{/streaming/batch/json,null,AVAILABLE,@Spark}
2022-08-02 17:49:35.326  INFO  915 --- [           main] ject.jetty.server.handler.ContextHandler : Started o.s.j.s.ServletContextHandler@4a8df3e2{/static/streaming,null,AVAILABLE,@Spark}
2022-08-02 17:49:35.327  INFO   57 --- [           main] org.apache.spark.internal.Logging        : StreamingContext started
2022-08-02 17:49:35.342  INFO   57 --- [uler-event-loop] org.apache.spark.internal.Logging        : Submitting ResultStage 0 (Receiver 0 ParallelCollectionRDD[0] at makeRDD at ReceiverTracker.scala:609), which has no missing parents
2022-08-02 17:49:35.597  INFO   57 --- [uler-event-loop] org.apache.spark.internal.Logging        : Block broadcast_0 stored as values in memory (estimated size 97.5 KiB, free 897.5 MiB)
2022-08-02 17:49:35.740  INFO   57 --- [uler-event-loop] org.apache.spark.internal.Logging        : Block broadcast_0_piece0 stored as bytes in memory (estimated size 34.2 KiB, free 897.5 MiB)
2022-08-02 17:49:35.744  INFO   57 --- [ckManagerMaster] org.apache.spark.internal.Logging        : Added broadcast_0_piece0 in memory on host.docker.internal:49251 (size: 34.2 KiB, free: 897.6 MiB)
2022-08-02 17:49:35.751  INFO   57 --- [uler-event-loop] org.apache.spark.internal.Logging        : Created broadcast 0 from broadcast at DAGScheduler.scala:1478
2022-08-02 17:49:35.771  INFO   57 --- [uler-event-loop] org.apache.spark.internal.Logging        : Submitting 1 missing tasks from ResultStage 0 (Receiver 0 ParallelCollectionRDD[0] at makeRDD at ReceiverTracker.scala:609) (first 15 tasks are for partitions Vector(0))
2022-08-02 17:49:35.773  INFO   57 --- [uler-event-loop] org.apache.spark.internal.Logging        : Adding task set 0.0 with 1 tasks resource profile 0
2022-08-02 17:49:35.915  INFO   57 --- [er-event-loop-0] org.apache.spark.internal.Logging        : Starting task 0.0 in stage 0.0 (TID 0) (host.docker.internal, executor driver, partition 0, PROCESS_LOCAL, 5950 bytes) taskResourceAssignments Map()
2022-08-02 17:49:35.974  INFO   57 --- [age 0.0 (TID 0)] org.apache.spark.internal.Logging        : Running task 0.0 in stage 0.0 (TID 0)
2022-08-02 17:49:36.084  INFO   57 --- [   JobGenerator] org.apache.spark.internal.Logging        : Added jobs for time 1659458976000 ms
2022-08-02 17:49:36.139  INFO   57 --- [   JobScheduler] org.apache.spark.internal.Logging        : Starting job streaming job 1659458976000 ms.0 from job set of time 1659458976000 ms
2022-08-02 17:49:36.244  WARN   69 --- [-job-executor-0] org.apache.spark.internal.Logging        : Using an existing SparkContext; some configuration may not take effect.
2022-08-02 17:49:36.502  INFO   57 --- [age 0.0 (TID 0)] org.apache.spark.internal.Logging        : Started timer for BlockGenerator at time 1659458976600
2022-08-02 17:49:36.508  INFO   57 --- [      Thread-14] org.apache.spark.internal.Logging        : Started block pushing thread
2022-08-02 17:49:36.509  INFO   57 --- [age 0.0 (TID 0)] org.apache.spark.internal.Logging        : Started BlockGenerator
2022-08-02 17:49:36.531  INFO   57 --- [er-event-loop-0] org.apache.spark.internal.Logging        : Registered receiver for stream 0 from host.docker.internal:49227
2022-08-02 17:49:36.537  INFO   57 --- [age 0.0 (TID 0)] org.apache.spark.internal.Logging        : Starting receiver 0
2022-08-02 17:49:36.539  INFO   57 --- [age 0.0 (TID 0)] org.apache.spark.internal.Logging        : Called receiver 0 onStart
2022-08-02 17:49:36.540  INFO   57 --- [age 0.0 (TID 0)] org.apache.spark.internal.Logging        : Waiting for receiver to be stopped
2022-08-02 17:49:37.007  INFO   57 --- [   JobGenerator] org.apache.spark.internal.Logging        : Added jobs for time 1659458977000 ms
2022-08-02 17:49:37.049  INFO   57 --- [-job-executor-0] org.apache.spark.internal.Logging        : Setting hive.metastore.warehouse.dir ('null') to the value of spark.sql.warehouse.dir.
2022-08-02 17:49:37.924  INFO   57 --- [-job-executor-0] org.apache.spark.internal.Logging        : Warehouse path is 'file:/C:/IntelliJProjects/NifiSparkStreaming/spark-warehouse'.
2022-08-02 17:49:37.967  INFO  915 --- [-job-executor-0] ject.jetty.server.handler.ContextHandler : Started o.s.j.s.ServletContextHandler@6d2f96fa{/SQL,null,AVAILABLE,@Spark}
2022-08-02 17:49:37.983  INFO  915 --- [-job-executor-0] ject.jetty.server.handler.ContextHandler : Started o.s.j.s.ServletContextHandler@46ae186a{/SQL/json,null,AVAILABLE,@Spark}
2022-08-02 17:49:37.989  INFO  915 --- [-job-executor-0] ject.jetty.server.handler.ContextHandler : Started o.s.j.s.ServletContextHandler@3bbd85df{/SQL/execution,null,AVAILABLE,@Spark}
2022-08-02 17:49:38.000  INFO  915 --- [-job-executor-0] ject.jetty.server.handler.ContextHandler : Started o.s.j.s.ServletContextHandler@20c6fa5c{/SQL/execution/json,null,AVAILABLE,@Spark}
2022-08-02 17:49:38.004  INFO  915 --- [-job-executor-0] ject.jetty.server.handler.ContextHandler : Started o.s.j.s.ServletContextHandler@18b9dd05{/static/sql,null,AVAILABLE,@Spark}
2022-08-02 17:49:38.014  INFO   57 --- [   JobGenerator] org.apache.spark.internal.Logging        : Added jobs for time 1659458978000 ms
2022-08-02 17:49:38.427  INFO  571 --- [  NiFi Receiver] g.apache.nifi.remote.client.PeerSelector : Successfully refreshed peer status cache; remote group consists of 1 peers
2022-08-02 17:49:38.427  INFO  571 --- [ool Maintenance] g.apache.nifi.remote.client.PeerSelector : Successfully refreshed peer status cache; remote group consists of 1 peers
2022-08-02 17:49:39.004  INFO   57 --- [   JobGenerator] org.apache.spark.internal.Logging        : Added jobs for time 1659458979000 ms
2022-08-02 17:49:39.685  INFO   57 --- [  NiFi Receiver] org.apache.spark.internal.Logging        : Block input-0-1659458976491 stored as values in memory (estimated size 55.9 MiB, free 841.6 MiB)
2022-08-02 17:49:39.686  INFO   57 --- [ckManagerMaster] org.apache.spark.internal.Logging        : Added input-0-1659458976491 in memory on host.docker.internal:49251 (size: 55.9 MiB, free: 841.7 MiB)
2022-08-02 17:49:40.008  INFO   57 --- [   JobGenerator] org.apache.spark.internal.Logging        : Added jobs for time 1659458980000 ms
2022-08-02 17:49:41.002  INFO   57 --- [   JobGenerator] org.apache.spark.internal.Logging        : Added jobs for time 1659458981000 ms
2022-08-02 17:49:42.003  INFO   57 --- [   JobGenerator] org.apache.spark.internal.Logging        : Added jobs for time 1659458982000 ms
2022-08-02 17:49:43.014  INFO   57 --- [   JobGenerator] org.apache.spark.internal.Logging        : Added jobs for time 1659458983000 ms
2022-08-02 17:49:43.510  INFO   57 --- [-job-executor-0] org.apache.spark.internal.Logging        : Code generated in 302.0705 ms
2022-08-02 17:49:43.785  INFO   57 --- [-job-executor-0] org.apache.spark.internal.Logging        : Code generated in 31.1362 ms
2022-08-02 17:49:43.854  INFO   57 --- [-job-executor-0] org.apache.spark.internal.Logging        : Code generated in 18.2024 ms
2022-08-02 17:49:43.924  INFO   57 --- [-job-executor-0] org.apache.spark.internal.Logging        : Starting job: count at Application.java:157
2022-08-02 17:49:43.931  INFO   57 --- [uler-event-loop] org.apache.spark.internal.Logging        : Registering RDD 22 (count at Application.java:157) as input to shuffle 0
2022-08-02 17:49:43.936  INFO   57 --- [uler-event-loop] org.apache.spark.internal.Logging        : Got job 1 (count at Application.java:157) with 1 output partitions
2022-08-02 17:49:43.936  INFO   57 --- [uler-event-loop] org.apache.spark.internal.Logging        : Final stage: ResultStage 2 (count at Application.java:157)
2022-08-02 17:49:43.937  INFO   57 --- [uler-event-loop] org.apache.spark.internal.Logging        : Parents of final stage: List(ShuffleMapStage 1)
2022-08-02 17:49:43.938  INFO   57 --- [uler-event-loop] org.apache.spark.internal.Logging        : Missing parents: List()
2022-08-02 17:49:43.940  INFO   57 --- [uler-event-loop] org.apache.spark.internal.Logging        : Submitting ResultStage 2 (MapPartitionsRDD[25] at count at Application.java:157), which has no missing parents
2022-08-02 17:49:43.955  INFO   57 --- [uler-event-loop] org.apache.spark.internal.Logging        : Block broadcast_1 stored as values in memory (estimated size 11.0 KiB, free 841.6 MiB)
2022-08-02 17:49:43.959  INFO   57 --- [uler-event-loop] org.apache.spark.internal.Logging        : Block broadcast_1_piece0 stored as bytes in memory (estimated size 5.4 KiB, free 841.6 MiB)
2022-08-02 17:49:43.961  INFO   57 --- [ckManagerMaster] org.apache.spark.internal.Logging        : Added broadcast_1_piece0 in memory on host.docker.internal:49251 (size: 5.4 KiB, free: 841.7 MiB)
2022-08-02 17:49:43.962  INFO   57 --- [uler-event-loop] org.apache.spark.internal.Logging        : Created broadcast 1 from broadcast at DAGScheduler.scala:1478
2022-08-02 17:49:43.963  INFO   57 --- [uler-event-loop] org.apache.spark.internal.Logging        : Submitting 1 missing tasks from ResultStage 2 (MapPartitionsRDD[25] at count at Application.java:157) (first 15 tasks are for partitions Vector(0))
2022-08-02 17:49:43.964  INFO   57 --- [uler-event-loop] org.apache.spark.internal.Logging        : Adding task set 2.0 with 1 tasks resource profile 0
2022-08-02 17:49:43.966  INFO   57 --- [er-event-loop-2] org.apache.spark.internal.Logging        : Starting task 0.0 in stage 2.0 (TID 1) (host.docker.internal, executor driver, partition 0, PROCESS_LOCAL, 4453 bytes) taskResourceAssignments Map()
2022-08-02 17:49:43.968  INFO   57 --- [age 2.0 (TID 1)] org.apache.spark.internal.Logging        : Running task 0.0 in stage 2.0 (TID 1)
2022-08-02 17:49:44.003  INFO   57 --- [   JobGenerator] org.apache.spark.internal.Logging        : Added jobs for time 1659458984000 ms
2022-08-02 17:49:44.218  INFO   57 --- [age 2.0 (TID 1)] org.apache.spark.internal.Logging        : Getting 0 (0.0 B) non-empty blocks including 0 (0.0 B) local and 0 (0.0 B) host-local and 0 (0.0 B) push-merged-local and 0 (0.0 B) remote blocks
2022-08-02 17:49:44.224  INFO   57 --- [age 2.0 (TID 1)] org.apache.spark.internal.Logging        : Started 0 remote fetches in 16 ms
2022-08-02 17:49:44.256  INFO   57 --- [age 2.0 (TID 1)] org.apache.spark.internal.Logging        : Finished task 0.0 in stage 2.0 (TID 1). 2684 bytes result sent to driver
2022-08-02 17:49:44.265  INFO   57 --- [result-getter-0] org.apache.spark.internal.Logging        : Finished task 0.0 in stage 2.0 (TID 1) in 299 ms on host.docker.internal (executor driver) (1/1)
2022-08-02 17:49:44.268  INFO   57 --- [result-getter-0] org.apache.spark.internal.Logging        : Removed TaskSet 2.0, whose tasks have all completed, from pool 
2022-08-02 17:49:44.276  INFO   57 --- [uler-event-loop] org.apache.spark.internal.Logging        : ResultStage 2 (count at Application.java:157) finished in 0.328 s
2022-08-02 17:49:44.281  INFO   57 --- [uler-event-loop] org.apache.spark.internal.Logging        : Job 1 is finished. Cancelling potential speculative or zombie tasks for this job
2022-08-02 17:49:44.282  INFO   57 --- [uler-event-loop] org.apache.spark.internal.Logging        : Killing all running tasks in stage 2: Stage finished
2022-08-02 17:49:44.284  INFO   57 --- [-job-executor-0] org.apache.spark.internal.Logging        : Job 1 finished: count at Application.java:157, took 0.360065 s
2022-08-02 17:49:44.296  INFO   57 --- [   JobScheduler] org.apache.spark.internal.Logging        : Finished job streaming job 1659458976000 ms.0 from job set of time 1659458976000 ms
2022-08-02 17:49:44.297  INFO   57 --- [   JobScheduler] org.apache.spark.internal.Logging        : Total delay: 8.295 s for time 1659458976000 ms (execution: 8.194 s)
2022-08-02 17:49:44.298  INFO   57 --- [   JobScheduler] org.apache.spark.internal.Logging        : Starting job streaming job 1659458977000 ms.0 from job set of time 1659458977000 ms
2022-08-02 17:49:44.303  WARN   69 --- [-job-executor-0] org.apache.spark.internal.Logging        : Using an existing SparkSession; the static sql configurations will not take effect.
2022-08-02 17:49:44.307  WARN   69 --- [-job-executor-0] org.apache.spark.internal.Logging        : Using an existing SparkSession; some spark core configurations may not take effect.
2022-08-02 17:49:44.314  INFO   57 --- [   JobGenerator] org.apache.spark.internal.Logging        : Deleting batches: 
2022-08-02 17:49:44.319  INFO   57 --- [   JobGenerator] org.apache.spark.internal.Logging        : remove old batch metadata: 
2022-08-02 17:49:44.493  INFO   57 --- [-job-executor-0] org.apache.spark.internal.Logging        : Starting job: count at Application.java:157
2022-08-02 17:49:44.495  INFO   57 --- [uler-event-loop] org.apache.spark.internal.Logging        : Registering RDD 33 (count at Application.java:157) as input to shuffle 1
2022-08-02 17:49:44.496  INFO   57 --- [uler-event-loop] org.apache.spark.internal.Logging        : Got job 2 (count at Application.java:157) with 1 output partitions
2022-08-02 17:49:44.497  INFO   57 --- [uler-event-loop] org.apache.spark.internal.Logging        : Final stage: ResultStage 4 (count at Application.java:157)
2022-08-02 17:49:44.497  INFO   57 --- [uler-event-loop] org.apache.spark.internal.Logging        : Parents of final stage: List(ShuffleMapStage 3)
2022-08-02 17:49:44.497  INFO   57 --- [uler-event-loop] org.apache.spark.internal.Logging        : Missing parents: List()
2022-08-02 17:49:44.499  INFO   57 --- [uler-event-loop] org.apache.spark.internal.Logging        : Submitting ResultStage 4 (MapPartitionsRDD[36] at count at Application.java:157), which has no missing parents
2022-08-02 17:49:44.504  INFO   57 --- [uler-event-loop] org.apache.spark.internal.Logging        : Block broadcast_2 stored as values in memory (estimated size 11.0 KiB, free 841.6 MiB)
2022-08-02 17:49:44.512  INFO   57 --- [uler-event-loop] org.apache.spark.internal.Logging        : Block broadcast_2_piece0 stored as bytes in memory (estimated size 5.4 KiB, free 841.5 MiB)
2022-08-02 17:49:44.516  INFO   57 --- [ckManagerMaster] org.apache.spark.internal.Logging        : Added broadcast_2_piece0 in memory on host.docker.internal:49251 (size: 5.4 KiB, free: 841.7 MiB)
2022-08-02 17:49:44.517  INFO   57 --- [uler-event-loop] org.apache.spark.internal.Logging        : Created broadcast 2 from broadcast at DAGScheduler.scala:1478
2022-08-02 17:49:44.518  INFO   57 --- [uler-event-loop] org.apache.spark.internal.Logging        : Submitting 1 missing tasks from ResultStage 4 (MapPartitionsRDD[36] at count at Application.java:157) (first 15 tasks are for partitions Vector(0))
2022-08-02 17:49:44.518  INFO   57 --- [uler-event-loop] org.apache.spark.internal.Logging        : Adding task set 4.0 with 1 tasks resource profile 0
2022-08-02 17:49:44.519  INFO   57 --- [er-event-loop-1] org.apache.spark.internal.Logging        : Starting task 0.0 in stage 4.0 (TID 2) (host.docker.internal, executor driver, partition 0, PROCESS_LOCAL, 4453 bytes) taskResourceAssignments Map()
2022-08-02 17:49:44.520  INFO   57 --- [age 4.0 (TID 2)] org.apache.spark.internal.Logging        : Running task 0.0 in stage 4.0 (TID 2)
2022-08-02 17:49:44.531  INFO   57 --- [age 4.0 (TID 2)] org.apache.spark.internal.Logging        : Getting 0 (0.0 B) non-empty blocks including 0 (0.0 B) local and 0 (0.0 B) host-local and 0 (0.0 B) push-merged-local and 0 (0.0 B) remote blocks
2022-08-02 17:49:44.531  INFO   57 --- [age 4.0 (TID 2)] org.apache.spark.internal.Logging        : Started 0 remote fetches in 1 ms
2022-08-02 17:49:44.534  INFO   57 --- [age 4.0 (TID 2)] org.apache.spark.internal.Logging        : Finished task 0.0 in stage 4.0 (TID 2). 2598 bytes result sent to driver
2022-08-02 17:49:44.537  INFO   57 --- [result-getter-1] org.apache.spark.internal.Logging        : Finished task 0.0 in stage 4.0 (TID 2) in 18 ms on host.docker.internal (executor driver) (1/1)
2022-08-02 17:49:44.537  INFO   57 --- [result-getter-1] org.apache.spark.internal.Logging        : Removed TaskSet 4.0, whose tasks have all completed, from pool 
2022-08-02 17:49:44.541  INFO   57 --- [uler-event-loop] org.apache.spark.internal.Logging        : ResultStage 4 (count at Application.java:157) finished in 0.040 s
2022-08-02 17:49:44.542  INFO   57 --- [uler-event-loop] org.apache.spark.internal.Logging        : Job 2 is finished. Cancelling potential speculative or zombie tasks for this job
2022-08-02 17:49:44.542  INFO   57 --- [uler-event-loop] org.apache.spark.internal.Logging        : Killing all running tasks in stage 4: Stage finished
2022-08-02 17:49:44.542  INFO   57 --- [-job-executor-0] org.apache.spark.internal.Logging        : Job 2 finished: count at Application.java:157, took 0.048316 s
2022-08-02 17:49:44.544  INFO   57 --- [   JobScheduler] org.apache.spark.internal.Logging        : Finished job streaming job 1659458977000 ms.0 from job set of time 1659458977000 ms
2022-08-02 17:49:44.545  INFO   57 --- [   JobScheduler] org.apache.spark.internal.Logging        : Total delay: 7.544 s for time 1659458977000 ms (execution: 0.246 s)
2022-08-02 17:49:44.546  INFO   57 --- [   JobScheduler] org.apache.spark.internal.Logging        : Starting job streaming job 1659458978000 ms.0 from job set of time 1659458978000 ms
2022-08-02 17:49:44.548  WARN   69 --- [-job-executor-0] org.apache.spark.internal.Logging        : Using an existing SparkSession; the static sql configurations will not take effect.
2022-08-02 17:49:44.549  WARN   69 --- [-job-executor-0] org.apache.spark.internal.Logging        : Using an existing SparkSession; some spark core configurations may not take effect.
2022-08-02 17:49:44.550  INFO   57 --- [   JobGenerator] org.apache.spark.internal.Logging        : Removing RDD 2 from persistence list
2022-08-02 17:49:44.584  INFO   57 --- [   JobGenerator] org.apache.spark.internal.Logging        : Removing RDD 1 from persistence list
2022-08-02 17:49:44.586  INFO   57 --- [   JobGenerator] org.apache.spark.internal.Logging        : Removing blocks of RDD BlockRDD[1] at receiverStream at Application.java:127 of time 1659458977000 ms
2022-08-02 17:49:44.588  INFO   57 --- [c-thread-pool-0] org.apache.spark.internal.Logging        : Removing RDD 2
2022-08-02 17:49:44.589  INFO   57 --- [   JobGenerator] org.apache.spark.internal.Logging        : Deleting batches: 
2022-08-02 17:49:44.588  INFO   57 --- [c-thread-pool-1] org.apache.spark.internal.Logging        : Removing RDD 1
2022-08-02 17:49:44.589  INFO   57 --- [   JobGenerator] org.apache.spark.internal.Logging        : remove old batch metadata: 
2022-08-02 17:49:44.742  INFO   57 --- [-job-executor-0] org.apache.spark.internal.Logging        : Starting job: count at Application.java:157
2022-08-02 17:49:44.744  INFO   57 --- [uler-event-loop] org.apache.spark.internal.Logging        : Registering RDD 42 (count at Application.java:157) as input to shuffle 2
2022-08-02 17:49:44.744  INFO   57 --- [uler-event-loop] org.apache.spark.internal.Logging        : Got job 3 (count at Application.java:157) with 1 output partitions
2022-08-02 17:49:44.746  INFO   57 --- [uler-event-loop] org.apache.spark.internal.Logging        : Final stage: ResultStage 6 (count at Application.java:157)
2022-08-02 17:49:44.746  INFO   57 --- [uler-event-loop] org.apache.spark.internal.Logging        : Parents of final stage: List(ShuffleMapStage 5)
2022-08-02 17:49:44.747  INFO   57 --- [uler-event-loop] org.apache.spark.internal.Logging        : Missing parents: List()
2022-08-02 17:49:44.750  INFO   57 --- [uler-event-loop] org.apache.spark.internal.Logging        : Submitting ResultStage 6 (MapPartitionsRDD[45] at count at Application.java:157), which has no missing parents
2022-08-02 17:49:44.758  INFO   57 --- [uler-event-loop] org.apache.spark.internal.Logging        : Block broadcast_3 stored as values in memory (estimated size 11.0 KiB, free 841.5 MiB)
2022-08-02 17:49:44.762  INFO   57 --- [uler-event-loop] org.apache.spark.internal.Logging        : Block broadcast_3_piece0 stored as bytes in memory (estimated size 5.4 KiB, free 841.5 MiB)
2022-08-02 17:49:44.766  INFO   57 --- [ckManagerMaster] org.apache.spark.internal.Logging        : Added broadcast_3_piece0 in memory on host.docker.internal:49251 (size: 5.4 KiB, free: 841.7 MiB)
2022-08-02 17:49:44.767  INFO   57 --- [uler-event-loop] org.apache.spark.internal.Logging        : Created broadcast 3 from broadcast at DAGScheduler.scala:1478
2022-08-02 17:49:44.769  INFO   57 --- [uler-event-loop] org.apache.spark.internal.Logging        : Submitting 1 missing tasks from ResultStage 6 (MapPartitionsRDD[45] at count at Application.java:157) (first 15 tasks are for partitions Vector(0))
2022-08-02 17:49:44.770  INFO   57 --- [uler-event-loop] org.apache.spark.internal.Logging        : Adding task set 6.0 with 1 tasks resource profile 0
2022-08-02 17:49:44.772  INFO   57 --- [er-event-loop-0] org.apache.spark.internal.Logging        : Starting task 0.0 in stage 6.0 (TID 3) (host.docker.internal, executor driver, partition 0, PROCESS_LOCAL, 4453 bytes) taskResourceAssignments Map()
2022-08-02 17:49:44.774  INFO   57 --- [age 6.0 (TID 3)] org.apache.spark.internal.Logging        : Running task 0.0 in stage 6.0 (TID 3)
2022-08-02 17:49:44.795  INFO   57 --- [age 6.0 (TID 3)] org.apache.spark.internal.Logging        : Getting 0 (0.0 B) non-empty blocks including 0 (0.0 B) local and 0 (0.0 B) host-local and 0 (0.0 B) push-merged-local and 0 (0.0 B) remote blocks
2022-08-02 17:49:44.796  INFO   57 --- [age 6.0 (TID 3)] org.apache.spark.internal.Logging        : Started 0 remote fetches in 1 ms
2022-08-02 17:49:44.799  INFO   57 --- [age 6.0 (TID 3)] org.apache.spark.internal.Logging        : Finished task 0.0 in stage 6.0 (TID 3). 2598 bytes result sent to driver
2022-08-02 17:49:44.803  INFO   57 --- [result-getter-2] org.apache.spark.internal.Logging        : Finished task 0.0 in stage 6.0 (TID 3) in 32 ms on host.docker.internal (executor driver) (1/1)
2022-08-02 17:49:44.804  INFO   57 --- [result-getter-2] org.apache.spark.internal.Logging        : Removed TaskSet 6.0, whose tasks have all completed, from pool 
2022-08-02 17:49:44.805  INFO   57 --- [uler-event-loop] org.apache.spark.internal.Logging        : ResultStage 6 (count at Application.java:157) finished in 0.052 s
2022-08-02 17:49:44.808  INFO   57 --- [uler-event-loop] org.apache.spark.internal.Logging        : Job 3 is finished. Cancelling potential speculative or zombie tasks for this job
2022-08-02 17:49:44.809  INFO   57 --- [uler-event-loop] org.apache.spark.internal.Logging        : Killing all running tasks in stage 6: Stage finished
2022-08-02 17:49:44.810  INFO   57 --- [-job-executor-0] org.apache.spark.internal.Logging        : Job 3 finished: count at Application.java:157, took 0.067207 s
2022-08-02 17:49:44.815  INFO   57 --- [   JobScheduler] org.apache.spark.internal.Logging        : Finished job streaming job 1659458978000 ms.0 from job set of time 1659458978000 ms
2022-08-02 17:49:44.816  INFO   57 --- [   JobScheduler] org.apache.spark.internal.Logging        : Total delay: 6.814 s for time 1659458978000 ms (execution: 0.268 s)
2022-08-02 17:49:44.816  INFO   57 --- [   JobScheduler] org.apache.spark.internal.Logging        : Starting job streaming job 1659458979000 ms.0 from job set of time 1659458979000 ms
2022-08-02 17:49:44.819  WARN   69 --- [-job-executor-0] org.apache.spark.internal.Logging        : Using an existing SparkSession; the static sql configurations will not take effect.
2022-08-02 17:49:44.820  WARN   69 --- [-job-executor-0] org.apache.spark.internal.Logging        : Using an existing SparkSession; some spark core configurations may not take effect.
2022-08-02 17:49:44.821  INFO   57 --- [   JobGenerator] org.apache.spark.internal.Logging        : Removing RDD 6 from persistence list
2022-08-02 17:49:44.825  INFO   57 --- [   JobGenerator] org.apache.spark.internal.Logging        : Removing RDD 5 from persistence list
2022-08-02 17:49:44.843  INFO   57 --- [   JobGenerator] org.apache.spark.internal.Logging        : Removing blocks of RDD BlockRDD[5] at receiverStream at Application.java:127 of time 1659458978000 ms
2022-08-02 17:49:44.850  INFO   57 --- [   JobGenerator] org.apache.spark.internal.Logging        : Deleting batches: 1659458976000 ms
2022-08-02 17:49:44.850  INFO   57 --- [   JobGenerator] org.apache.spark.internal.Logging        : remove old batch metadata: 1659458976000 ms
2022-08-02 17:49:44.862  INFO   57 --- [c-thread-pool-6] org.apache.spark.internal.Logging        : Removing RDD 6
2022-08-02 17:49:44.864  INFO   57 --- [c-thread-pool-7] org.apache.spark.internal.Logging        : Removing RDD 5
2022-08-02 17:49:45.033  INFO   57 --- [   JobGenerator] org.apache.spark.internal.Logging        : Added jobs for time 1659458985000 ms
2022-08-02 17:49:45.041  INFO   57 --- [-job-executor-0] org.apache.spark.internal.Logging        : Starting job: count at Application.java:157
2022-08-02 17:49:45.043  INFO   57 --- [uler-event-loop] org.apache.spark.internal.Logging        : Registering RDD 51 (count at Application.java:157) as input to shuffle 3
2022-08-02 17:49:45.046  INFO   57 --- [uler-event-loop] org.apache.spark.internal.Logging        : Got job 4 (count at Application.java:157) with 1 output partitions
2022-08-02 17:49:45.047  INFO   57 --- [uler-event-loop] org.apache.spark.internal.Logging        : Final stage: ResultStage 8 (count at Application.java:157)
2022-08-02 17:49:45.047  INFO   57 --- [uler-event-loop] org.apache.spark.internal.Logging        : Parents of final stage: List(ShuffleMapStage 7)
2022-08-02 17:49:45.048  INFO   57 --- [uler-event-loop] org.apache.spark.internal.Logging        : Missing parents: List()
2022-08-02 17:49:45.050  INFO   57 --- [uler-event-loop] org.apache.spark.internal.Logging        : Submitting ResultStage 8 (MapPartitionsRDD[54] at count at Application.java:157), which has no missing parents
2022-08-02 17:49:45.057  INFO   57 --- [uler-event-loop] org.apache.spark.internal.Logging        : Block broadcast_4 stored as values in memory (estimated size 11.0 KiB, free 841.5 MiB)
2022-08-02 17:49:45.061  INFO   57 --- [uler-event-loop] org.apache.spark.internal.Logging        : Block broadcast_4_piece0 stored as bytes in memory (estimated size 5.4 KiB, free 841.5 MiB)
2022-08-02 17:49:45.063  INFO   57 --- [ckManagerMaster] org.apache.spark.internal.Logging        : Added broadcast_4_piece0 in memory on host.docker.internal:49251 (size: 5.4 KiB, free: 841.7 MiB)
2022-08-02 17:49:45.064  INFO   57 --- [uler-event-loop] org.apache.spark.internal.Logging        : Created broadcast 4 from broadcast at DAGScheduler.scala:1478
2022-08-02 17:49:45.064  INFO   57 --- [uler-event-loop] org.apache.spark.internal.Logging        : Submitting 1 missing tasks from ResultStage 8 (MapPartitionsRDD[54] at count at Application.java:157) (first 15 tasks are for partitions Vector(0))
2022-08-02 17:49:45.065  INFO   57 --- [uler-event-loop] org.apache.spark.internal.Logging        : Adding task set 8.0 with 1 tasks resource profile 0
2022-08-02 17:49:45.067  INFO   57 --- [er-event-loop-3] org.apache.spark.internal.Logging        : Starting task 0.0 in stage 8.0 (TID 4) (host.docker.internal, executor driver, partition 0, PROCESS_LOCAL, 4453 bytes) taskResourceAssignments Map()
2022-08-02 17:49:45.068  INFO   57 --- [age 8.0 (TID 4)] org.apache.spark.internal.Logging        : Running task 0.0 in stage 8.0 (TID 4)
2022-08-02 17:49:45.078  INFO   57 --- [age 8.0 (TID 4)] org.apache.spark.internal.Logging        : Getting 0 (0.0 B) non-empty blocks including 0 (0.0 B) local and 0 (0.0 B) host-local and 0 (0.0 B) push-merged-local and 0 (0.0 B) remote blocks
2022-08-02 17:49:45.078  INFO   57 --- [age 8.0 (TID 4)] org.apache.spark.internal.Logging        : Started 0 remote fetches in 1 ms
2022-08-02 17:49:45.080  INFO   57 --- [age 8.0 (TID 4)] org.apache.spark.internal.Logging        : Finished task 0.0 in stage 8.0 (TID 4). 2598 bytes result sent to driver
2022-08-02 17:49:45.082  INFO   57 --- [result-getter-3] org.apache.spark.internal.Logging        : Finished task 0.0 in stage 8.0 (TID 4) in 15 ms on host.docker.internal (executor driver) (1/1)
2022-08-02 17:49:45.083  INFO   57 --- [result-getter-3] org.apache.spark.internal.Logging        : Removed TaskSet 8.0, whose tasks have all completed, from pool 
2022-08-02 17:49:45.084  INFO   57 --- [uler-event-loop] org.apache.spark.internal.Logging        : ResultStage 8 (count at Application.java:157) finished in 0.031 s
2022-08-02 17:49:45.085  INFO   57 --- [uler-event-loop] org.apache.spark.internal.Logging        : Job 4 is finished. Cancelling potential speculative or zombie tasks for this job
2022-08-02 17:49:45.085  INFO   57 --- [uler-event-loop] org.apache.spark.internal.Logging        : Killing all running tasks in stage 8: Stage finished
2022-08-02 17:49:45.086  INFO   57 --- [-job-executor-0] org.apache.spark.internal.Logging        : Job 4 finished: count at Application.java:157, took 0.043787 s
2022-08-02 17:49:45.088  INFO   57 --- [   JobScheduler] org.apache.spark.internal.Logging        : Finished job streaming job 1659458979000 ms.0 from job set of time 1659458979000 ms
2022-08-02 17:49:45.089  INFO   57 --- [   JobScheduler] org.apache.spark.internal.Logging        : Total delay: 6.088 s for time 1659458979000 ms (execution: 0.272 s)
2022-08-02 17:49:45.090  INFO   57 --- [   JobScheduler] org.apache.spark.internal.Logging        : Starting job streaming job 1659458980000 ms.0 from job set of time 1659458980000 ms
2022-08-02 17:49:45.093  WARN   69 --- [-job-executor-0] org.apache.spark.internal.Logging        : Using an existing SparkSession; the static sql configurations will not take effect.
2022-08-02 17:49:45.093  WARN   69 --- [-job-executor-0] org.apache.spark.internal.Logging        : Using an existing SparkSession; some spark core configurations may not take effect.
2022-08-02 17:49:45.094  INFO   57 --- [   JobGenerator] org.apache.spark.internal.Logging        : Removing RDD 8 from persistence list
2022-08-02 17:49:45.096  INFO   57 --- [   JobGenerator] org.apache.spark.internal.Logging        : Removing RDD 7 from persistence list
2022-08-02 17:49:45.097  INFO   57 --- [   JobGenerator] org.apache.spark.internal.Logging        : Removing blocks of RDD BlockRDD[7] at receiverStream at Application.java:127 of time 1659458979000 ms
2022-08-02 17:49:45.098  INFO   57 --- [   JobGenerator] org.apache.spark.internal.Logging        : Deleting batches: 1659458977000 ms
2022-08-02 17:49:45.098  INFO   57 --- [   JobGenerator] org.apache.spark.internal.Logging        : remove old batch metadata: 1659458977000 ms
2022-08-02 17:49:45.099  INFO   57 --- [-thread-pool-13] org.apache.spark.internal.Logging        : Removing RDD 7
2022-08-02 17:49:45.099  INFO   57 --- [-thread-pool-12] org.apache.spark.internal.Logging        : Removing RDD 8
2022-08-02 17:49:45.177  INFO   57 --- [-job-executor-0] org.apache.spark.internal.Logging        : Starting job: show at Application.java:154
2022-08-02 17:49:45.179  INFO   57 --- [uler-event-loop] org.apache.spark.internal.Logging        : Got job 5 (show at Application.java:154) with 1 output partitions
2022-08-02 17:49:45.179  INFO   57 --- [uler-event-loop] org.apache.spark.internal.Logging        : Final stage: ResultStage 9 (show at Application.java:154)
2022-08-02 17:49:45.179  INFO   57 --- [uler-event-loop] org.apache.spark.internal.Logging        : Parents of final stage: List()
2022-08-02 17:49:45.179  INFO   57 --- [uler-event-loop] org.apache.spark.internal.Logging        : Missing parents: List()
2022-08-02 17:49:45.181  INFO   57 --- [uler-event-loop] org.apache.spark.internal.Logging        : Submitting ResultStage 9 (MapPartitionsRDD[60] at show at Application.java:154), which has no missing parents
2022-08-02 17:49:45.205  INFO   57 --- [uler-event-loop] org.apache.spark.internal.Logging        : Block broadcast_5 stored as values in memory (estimated size 13.4 KiB, free 841.5 MiB)
2022-08-02 17:49:45.209  INFO   57 --- [uler-event-loop] org.apache.spark.internal.Logging        : Block broadcast_5_piece0 stored as bytes in memory (estimated size 6.1 KiB, free 841.5 MiB)
2022-08-02 17:49:45.210  INFO   57 --- [ckManagerMaster] org.apache.spark.internal.Logging        : Added broadcast_5_piece0 in memory on host.docker.internal:49251 (size: 6.1 KiB, free: 841.6 MiB)
2022-08-02 17:49:45.211  INFO   57 --- [uler-event-loop] org.apache.spark.internal.Logging        : Created broadcast 5 from broadcast at DAGScheduler.scala:1478
2022-08-02 17:49:45.211  INFO   57 --- [uler-event-loop] org.apache.spark.internal.Logging        : Submitting 1 missing tasks from ResultStage 9 (MapPartitionsRDD[60] at show at Application.java:154) (first 15 tasks are for partitions Vector(0))
2022-08-02 17:49:45.211  INFO   57 --- [uler-event-loop] org.apache.spark.internal.Logging        : Adding task set 9.0 with 1 tasks resource profile 0
2022-08-02 17:49:45.214  INFO   57 --- [er-event-loop-2] org.apache.spark.internal.Logging        : Starting task 0.0 in stage 9.0 (TID 5) (host.docker.internal, executor driver, partition 0, PROCESS_LOCAL, 4394 bytes) taskResourceAssignments Map()
2022-08-02 17:49:45.215  INFO   57 --- [age 9.0 (TID 5)] org.apache.spark.internal.Logging        : Running task 0.0 in stage 9.0 (TID 5)
2022-08-02 17:49:45.247  INFO   57 --- [age 9.0 (TID 5)] org.apache.spark.internal.Logging        : Found block input-0-1659458976491 locally
2022-08-02 17:49:45.597  INFO   57 --- [ckManagerMaster] org.apache.spark.internal.Logging        : Removed broadcast_4_piece0 on host.docker.internal:49251 in memory (size: 5.4 KiB, free: 841.7 MiB)
2022-08-02 17:49:45.632  INFO   57 --- [ckManagerMaster] org.apache.spark.internal.Logging        : Removed broadcast_2_piece0 on host.docker.internal:49251 in memory (size: 5.4 KiB, free: 841.7 MiB)
2022-08-02 17:49:45.668  INFO   57 --- [ckManagerMaster] org.apache.spark.internal.Logging        : Removed broadcast_1_piece0 on host.docker.internal:49251 in memory (size: 5.4 KiB, free: 841.7 MiB)
2022-08-02 17:49:45.682  INFO   57 --- [ckManagerMaster] org.apache.spark.internal.Logging        : Removed broadcast_3_piece0 on host.docker.internal:49251 in memory (size: 5.4 KiB, free: 841.7 MiB)
2022-08-02 17:49:46.003  INFO   57 --- [   JobGenerator] org.apache.spark.internal.Logging        : Added jobs for time 1659458986000 ms
2022-08-02 17:49:46.035  INFO   57 --- [age 9.0 (TID 5)] org.apache.spark.internal.Logging        : 1 block locks were not released by task 0.0 in stage 9.0 (TID 5)
[input-0-1659458976491]
2022-08-02 17:49:46.037  INFO   57 --- [age 9.0 (TID 5)] org.apache.spark.internal.Logging        : Finished task 0.0 in stage 9.0 (TID 5). 3052 bytes result sent to driver
2022-08-02 17:49:46.038  INFO   57 --- [result-getter-0] org.apache.spark.internal.Logging        : Finished task 0.0 in stage 9.0 (TID 5) in 825 ms on host.docker.internal (executor driver) (1/1)
2022-08-02 17:49:46.038  INFO   57 --- [result-getter-0] org.apache.spark.internal.Logging        : Removed TaskSet 9.0, whose tasks have all completed, from pool 
2022-08-02 17:49:46.040  INFO   57 --- [uler-event-loop] org.apache.spark.internal.Logging        : ResultStage 9 (show at Application.java:154) finished in 0.854 s
2022-08-02 17:49:46.040  INFO   57 --- [uler-event-loop] org.apache.spark.internal.Logging        : Job 5 is finished. Cancelling potential speculative or zombie tasks for this job
2022-08-02 17:49:46.040  INFO   57 --- [uler-event-loop] org.apache.spark.internal.Logging        : Killing all running tasks in stage 9: Stage finished
2022-08-02 17:49:46.041  INFO   57 --- [-job-executor-0] org.apache.spark.internal.Logging        : Job 5 finished: show at Application.java:154, took 0.863485 s
2022-08-02 17:49:46.105  INFO   57 --- [-job-executor-0] org.apache.spark.internal.Logging        : Code generated in 30.0697 ms
2022-08-02 17:49:46.154  INFO   57 --- [uler-event-loop] org.apache.spark.internal.Logging        : Registering RDD 64 (count at Application.java:157) as input to shuffle 4
2022-08-02 17:49:46.155  INFO   57 --- [uler-event-loop] org.apache.spark.internal.Logging        : Got map stage job 6 (count at Application.java:157) with 1 output partitions
2022-08-02 17:49:46.156  INFO   57 --- [uler-event-loop] org.apache.spark.internal.Logging        : Final stage: ShuffleMapStage 10 (count at Application.java:157)
2022-08-02 17:49:46.156  INFO   57 --- [uler-event-loop] org.apache.spark.internal.Logging        : Parents of final stage: List()
2022-08-02 17:49:46.157  INFO   57 --- [uler-event-loop] org.apache.spark.internal.Logging        : Missing parents: List()
2022-08-02 17:49:46.159  INFO   57 --- [uler-event-loop] org.apache.spark.internal.Logging        : Submitting ShuffleMapStage 10 (MapPartitionsRDD[64] at count at Application.java:157), which has no missing parents
2022-08-02 17:49:46.172  INFO   57 --- [uler-event-loop] org.apache.spark.internal.Logging        : Block broadcast_6 stored as values in memory (estimated size 13.8 KiB, free 841.5 MiB)
2022-08-02 17:49:46.174  INFO   57 --- [uler-event-loop] org.apache.spark.internal.Logging        : Block broadcast_6_piece0 stored as bytes in memory (estimated size 6.8 KiB, free 841.5 MiB)
2022-08-02 17:49:46.175  INFO   57 --- [ckManagerMaster] org.apache.spark.internal.Logging        : Added broadcast_6_piece0 in memory on host.docker.internal:49251 (size: 6.8 KiB, free: 841.7 MiB)
2022-08-02 17:49:46.176  INFO   57 --- [uler-event-loop] org.apache.spark.internal.Logging        : Created broadcast 6 from broadcast at DAGScheduler.scala:1478
2022-08-02 17:49:46.178  INFO   57 --- [uler-event-loop] org.apache.spark.internal.Logging        : Submitting 1 missing tasks from ShuffleMapStage 10 (MapPartitionsRDD[64] at count at Application.java:157) (first 15 tasks are for partitions Vector(0))
2022-08-02 17:49:46.178  INFO   57 --- [uler-event-loop] org.apache.spark.internal.Logging        : Adding task set 10.0 with 1 tasks resource profile 0
2022-08-02 17:49:46.180  INFO   57 --- [er-event-loop-1] org.apache.spark.internal.Logging        : Starting task 0.0 in stage 10.0 (TID 6) (host.docker.internal, executor driver, partition 0, PROCESS_LOCAL, 4383 bytes) taskResourceAssignments Map()
2022-08-02 17:49:46.181  INFO   57 --- [ge 10.0 (TID 6)] org.apache.spark.internal.Logging        : Running task 0.0 in stage 10.0 (TID 6)
2022-08-02 17:49:46.200  INFO   57 --- [ge 10.0 (TID 6)] org.apache.spark.internal.Logging        : Found block input-0-1659458976491 locally
2022-08-02 17:49:46.405  INFO   57 --- [ckManagerMaster] org.apache.spark.internal.Logging        : Removed broadcast_5_piece0 on host.docker.internal:49251 in memory (size: 6.1 KiB, free: 841.7 MiB)
2022-08-02 17:49:47.002  INFO   57 --- [   JobGenerator] org.apache.spark.internal.Logging        : Added jobs for time 1659458987000 ms
2022-08-02 17:49:48.003  INFO   57 --- [   JobGenerator] org.apache.spark.internal.Logging        : Added jobs for time 1659458988000 ms
2022-08-02 17:49:48.187  INFO   57 --- [ge 10.0 (TID 6)] org.apache.spark.internal.Logging        : Finished task 0.0 in stage 10.0 (TID 6). 1881 bytes result sent to driver
2022-08-02 17:49:48.190  INFO   57 --- [result-getter-1] org.apache.spark.internal.Logging        : Finished task 0.0 in stage 10.0 (TID 6) in 2011 ms on host.docker.internal (executor driver) (1/1)
2022-08-02 17:49:48.190  INFO   57 --- [result-getter-1] org.apache.spark.internal.Logging        : Removed TaskSet 10.0, whose tasks have all completed, from pool 
2022-08-02 17:49:48.197  INFO   57 --- [uler-event-loop] org.apache.spark.internal.Logging        : ShuffleMapStage 10 (count at Application.java:157) finished in 2.029 s
2022-08-02 17:49:48.198  INFO   57 --- [uler-event-loop] org.apache.spark.internal.Logging        : looking for newly runnable stages
2022-08-02 17:49:48.199  INFO   57 --- [uler-event-loop] org.apache.spark.internal.Logging        : running: Set(ResultStage 0)
2022-08-02 17:49:48.199  INFO   57 --- [uler-event-loop] org.apache.spark.internal.Logging        : waiting: Set()
2022-08-02 17:49:48.200  INFO   57 --- [uler-event-loop] org.apache.spark.internal.Logging        : failed: Set()
2022-08-02 17:49:48.236  INFO   57 --- [-job-executor-0] org.apache.spark.internal.Logging        : Starting job: count at Application.java:157
2022-08-02 17:49:48.242  INFO   57 --- [uler-event-loop] org.apache.spark.internal.Logging        : Got job 7 (count at Application.java:157) with 1 output partitions
2022-08-02 17:49:48.242  INFO   57 --- [uler-event-loop] org.apache.spark.internal.Logging        : Final stage: ResultStage 12 (count at Application.java:157)
2022-08-02 17:49:48.243  INFO   57 --- [uler-event-loop] org.apache.spark.internal.Logging        : Parents of final stage: List(ShuffleMapStage 11)
2022-08-02 17:49:48.244  INFO   57 --- [uler-event-loop] org.apache.spark.internal.Logging        : Missing parents: List()
2022-08-02 17:49:48.246  INFO   57 --- [uler-event-loop] org.apache.spark.internal.Logging        : Submitting ResultStage 12 (MapPartitionsRDD[71] at count at Application.java:157), which has no missing parents
2022-08-02 17:49:48.261  INFO   57 --- [uler-event-loop] org.apache.spark.internal.Logging        : Block broadcast_7 stored as values in memory (estimated size 11.0 KiB, free 841.6 MiB)
2022-08-02 17:49:48.270  INFO   57 --- [uler-event-loop] org.apache.spark.internal.Logging        : Block broadcast_7_piece0 stored as bytes in memory (estimated size 5.5 KiB, free 841.5 MiB)
2022-08-02 17:49:48.277  INFO   57 --- [ckManagerMaster] org.apache.spark.internal.Logging        : Added broadcast_7_piece0 in memory on host.docker.internal:49251 (size: 5.5 KiB, free: 841.7 MiB)
2022-08-02 17:49:48.280  INFO   57 --- [uler-event-loop] org.apache.spark.internal.Logging        : Created broadcast 7 from broadcast at DAGScheduler.scala:1478
2022-08-02 17:49:48.282  INFO   57 --- [uler-event-loop] org.apache.spark.internal.Logging        : Submitting 1 missing tasks from ResultStage 12 (MapPartitionsRDD[71] at count at Application.java:157) (first 15 tasks are for partitions Vector(0))
2022-08-02 17:49:48.282  INFO   57 --- [uler-event-loop] org.apache.spark.internal.Logging        : Adding task set 12.0 with 1 tasks resource profile 0
2022-08-02 17:49:48.286  INFO   57 --- [er-event-loop-0] org.apache.spark.internal.Logging        : Starting task 0.0 in stage 12.0 (TID 7) (host.docker.internal, executor driver, partition 0, NODE_LOCAL, 4453 bytes) taskResourceAssignments Map()
2022-08-02 17:49:48.286  INFO   57 --- [ge 12.0 (TID 7)] org.apache.spark.internal.Logging        : Running task 0.0 in stage 12.0 (TID 7)
2022-08-02 17:49:48.300  INFO   57 --- [ge 12.0 (TID 7)] org.apache.spark.internal.Logging        : Getting 1 (60.0 B) non-empty blocks including 1 (60.0 B) local and 0 (0.0 B) host-local and 0 (0.0 B) push-merged-local and 0 (0.0 B) remote blocks
2022-08-02 17:49:48.300  INFO   57 --- [ge 12.0 (TID 7)] org.apache.spark.internal.Logging        : Started 0 remote fetches in 3 ms
2022-08-02 17:49:48.327  INFO   57 --- [ge 12.0 (TID 7)] org.apache.spark.internal.Logging        : Finished task 0.0 in stage 12.0 (TID 7). 2605 bytes result sent to driver
2022-08-02 17:49:48.328  INFO   57 --- [result-getter-2] org.apache.spark.internal.Logging        : Finished task 0.0 in stage 12.0 (TID 7) in 43 ms on host.docker.internal (executor driver) (1/1)
2022-08-02 17:49:48.328  INFO   57 --- [result-getter-2] org.apache.spark.internal.Logging        : Removed TaskSet 12.0, whose tasks have all completed, from pool 
2022-08-02 17:49:48.329  INFO   57 --- [uler-event-loop] org.apache.spark.internal.Logging        : ResultStage 12 (count at Application.java:157) finished in 0.071 s
2022-08-02 17:49:48.330  INFO   57 --- [uler-event-loop] org.apache.spark.internal.Logging        : Job 7 is finished. Cancelling potential speculative or zombie tasks for this job
2022-08-02 17:49:48.330  INFO   57 --- [uler-event-loop] org.apache.spark.internal.Logging        : Killing all running tasks in stage 12: Stage finished
2022-08-02 17:49:48.331  INFO   57 --- [-job-executor-0] org.apache.spark.internal.Logging        : Job 7 finished: count at Application.java:157, took 0.094463 s
2022-08-02 17:49:48.361  WARN   69 --- [ver-heartbeater] org.apache.spark.internal.Logging        : Exception when trying to compute pagesize, as a result reporting of ProcessTree metrics is stopped
2022-08-02 17:49:49.009  INFO   57 --- [   JobGenerator] org.apache.spark.internal.Logging        : Added jobs for time 1659458989000 ms
2022-08-02 17:49:49.061  INFO   57 --- [-job-executor-0] org.apache.spark.internal.Logging        : Code generated in 28.9062 ms
2022-08-02 17:49:49.129  INFO   57 --- [-job-executor-0] org.apache.spark.internal.Logging        : Starting job: save at Application.java:170
2022-08-02 17:49:49.130  INFO   57 --- [uler-event-loop] org.apache.spark.internal.Logging        : Got job 8 (save at Application.java:170) with 1 output partitions
2022-08-02 17:49:49.131  INFO   57 --- [uler-event-loop] org.apache.spark.internal.Logging        : Final stage: ResultStage 13 (save at Application.java:170)
2022-08-02 17:49:49.131  INFO   57 --- [uler-event-loop] org.apache.spark.internal.Logging        : Parents of final stage: List()
2022-08-02 17:49:49.131  INFO   57 --- [uler-event-loop] org.apache.spark.internal.Logging        : Missing parents: List()
2022-08-02 17:49:49.133  INFO   57 --- [uler-event-loop] org.apache.spark.internal.Logging        : Submitting ResultStage 13 (MapPartitionsRDD[77] at save at Application.java:170), which has no missing parents
2022-08-02 17:49:49.160  INFO   57 --- [uler-event-loop] org.apache.spark.internal.Logging        : Block broadcast_8 stored as values in memory (estimated size 21.0 KiB, free 841.5 MiB)
2022-08-02 17:49:49.173  INFO   57 --- [uler-event-loop] org.apache.spark.internal.Logging        : Block broadcast_8_piece0 stored as bytes in memory (estimated size 9.6 KiB, free 841.5 MiB)
2022-08-02 17:49:49.175  INFO   57 --- [ckManagerMaster] org.apache.spark.internal.Logging        : Added broadcast_8_piece0 in memory on host.docker.internal:49251 (size: 9.6 KiB, free: 841.7 MiB)
2022-08-02 17:49:49.176  INFO   57 --- [uler-event-loop] org.apache.spark.internal.Logging        : Created broadcast 8 from broadcast at DAGScheduler.scala:1478
2022-08-02 17:49:49.177  INFO   57 --- [uler-event-loop] org.apache.spark.internal.Logging        : Submitting 1 missing tasks from ResultStage 13 (MapPartitionsRDD[77] at save at Application.java:170) (first 15 tasks are for partitions Vector(0))
2022-08-02 17:49:49.177  INFO   57 --- [uler-event-loop] org.apache.spark.internal.Logging        : Adding task set 13.0 with 1 tasks resource profile 0
2022-08-02 17:49:49.178  INFO   57 --- [er-event-loop-1] org.apache.spark.internal.Logging        : Starting task 0.0 in stage 13.0 (TID 8) (host.docker.internal, executor driver, partition 0, PROCESS_LOCAL, 4394 bytes) taskResourceAssignments Map()
2022-08-02 17:49:49.179  INFO   57 --- [ge 13.0 (TID 8)] org.apache.spark.internal.Logging        : Running task 0.0 in stage 13.0 (TID 8)
2022-08-02 17:49:49.275  INFO   57 --- [ge 13.0 (TID 8)] org.apache.spark.internal.Logging        : Found block input-0-1659458976491 locally
2022-08-02 17:49:49.341  INFO   57 --- [ge 13.0 (TID 8)] org.apache.spark.internal.Logging        : Code generated in 52.9705 ms
2022-08-02 17:49:49.509  INFO   57 --- [ckManagerMaster] org.apache.spark.internal.Logging        : Removed broadcast_7_piece0 on host.docker.internal:49251 in memory (size: 5.5 KiB, free: 841.7 MiB)
2022-08-02 17:49:49.636  WARN   69 --- [ge 13.0 (TID 8)] org.apache.spark.internal.Logging        : Requested isolation level 1 is not supported; falling back to default isolation level 4
2022-08-02 17:49:50.005  INFO   57 --- [   JobGenerator] org.apache.spark.internal.Logging        : Added jobs for time 1659458990000 ms
2022-08-02 17:49:51.005  INFO   57 --- [   JobGenerator] org.apache.spark.internal.Logging        : Added jobs for time 1659458991000 ms
2022-08-02 17:49:52.005  INFO   57 --- [   JobGenerator] org.apache.spark.internal.Logging        : Added jobs for time 1659458992000 ms
2022-08-02 17:49:53.005  INFO   57 --- [   JobGenerator] org.apache.spark.internal.Logging        : Added jobs for time 1659458993000 ms
2022-08-02 17:49:54.003  INFO   57 --- [   JobGenerator] org.apache.spark.internal.Logging        : Added jobs for time 1659458994000 ms
2022-08-02 17:49:54.352  ERROR   94 --- [ge 13.0 (TID 8)] org.apache.spark.internal.Logging        : Exception in task 0.0 in stage 13.0 (TID 8)
java.sql.BatchUpdateException: Failed to INSERT some keys because they are already in cache [keys=[1, 2, 3, 4, 5, 6, 7, 8, 9, 10, 11, 12, 13, 14, 15, 16, 17, 18, 19, 20, 21, 22, 23, 24, 25, 26, 27, 28, 29, 30, 31, 32, 33, 34, 35, 36, 37, 38, 39, 40, 41, 42, 43, 44, 45, 46, 47, 48, 49, 50, 51, 52, 53, 54, 55, 56, 57, 58, 59, 60, 61, 62, 63, 64, 65, 66, 67, 68, 69, 70, 71, 72, 73, 74, 75, 76, 77, 78, 79, 80, 81, 82, 83, 84, 85, 86, 87, 88, 89, 90, 91, 92, 93, 94, 95, 96, 97, 98, 99, 100, 101, 102, 103, 104, 105, 106, 107, 108, 109, 110, 111, 112, 113, 114, 115, 116, 117, 118, 119, 120, 121, 122, 123, 124, 125, 126, 127, 128, 129, 130, 131, 132, 133, 134, 135, 136, 137, 138, 139, 140, 141, 142, 143, 144, 145, 146, 147, 148, 149, 150, 151, 152, 153, 154, 155, 156, 157, 158, 159, 160, 161, 162]]
	at org.apache.ignite.internal.jdbc.thin.JdbcThinStatement.executeBatch(JdbcThinStatement.java:724)
	at org.apache.spark.sql.execution.datasources.jdbc.JdbcUtils$.savePartition(JdbcUtils.scala:728)
	at org.apache.spark.sql.execution.datasources.jdbc.JdbcUtils$.$anonfun$saveTable$1(JdbcUtils.scala:895)
	at org.apache.spark.sql.execution.datasources.jdbc.JdbcUtils$.$anonfun$saveTable$1$adapted(JdbcUtils.scala:893)
	at org.apache.spark.rdd.RDD.$anonfun$foreachPartition$2(RDD.scala:1020)
	at org.apache.spark.rdd.RDD.$anonfun$foreachPartition$2$adapted(RDD.scala:1020)
	at org.apache.spark.SparkContext.$anonfun$runJob$5(SparkContext.scala:2254)
	at org.apache.spark.scheduler.ResultTask.runTask(ResultTask.scala:90)
	at org.apache.spark.scheduler.Task.run(Task.scala:131)
	at org.apache.spark.executor.Executor$TaskRunner.$anonfun$run$3(Executor.scala:506)
	at org.apache.spark.util.Utils$.tryWithSafeFinally(Utils.scala:1462)
	at org.apache.spark.executor.Executor$TaskRunner.run(Executor.scala:509)
	at java.util.concurrent.ThreadPoolExecutor.runWorker(ThreadPoolExecutor.java:1149)
	at java.util.concurrent.ThreadPoolExecutor$Worker.run(ThreadPoolExecutor.java:624)
	at java.lang.Thread.run(Thread.java:748)
2022-08-02 17:49:54.694  WARN   69 --- [result-getter-3] org.apache.spark.internal.Logging        : Lost task 0.0 in stage 13.0 (TID 8) (host.docker.internal executor driver): java.sql.BatchUpdateException: Failed to INSERT some keys because they are already in cache [keys=[1, 2, 3, 4, 5, 6, 7, 8, 9, 10, 11, 12, 13, 14, 15, 16, 17, 18, 19, 20, 21, 22, 23, 24, 25, 26, 27, 28, 29, 30, 31, 32, 33, 34, 35, 36, 37, 38, 39, 40, 41, 42, 43, 44, 45, 46, 47, 48, 49, 50, 51, 52, 53, 54, 55, 56, 57, 58, 59, 60, 61, 62, 63, 64, 65, 66, 67, 68, 69, 70, 71, 72, 73, 74, 75, 76, 77, 78, 79, 80, 81, 82, 83, 84, 85, 86, 87, 88, 89, 90, 91, 92, 93, 94, 95, 96, 97, 98, 99, 100, 101, 102, 103, 104, 105, 106, 107, 108, 109, 110, 111, 112, 113, 114, 115, 116, 117, 118, 119, 120, 121, 122, 123, 124, 125, 126, 127, 128, 129, 130, 131, 132, 133, 134, 135, 136, 137, 138, 139, 140, 141, 142, 143, 144, 145, 146, 147, 148, 149, 150, 151, 152, 153, 154, 155, 156, 157, 158, 159, 160, 161, 162]]
	at org.apache.ignite.internal.jdbc.thin.JdbcThinStatement.executeBatch(JdbcThinStatement.java:724)
	at org.apache.spark.sql.execution.datasources.jdbc.JdbcUtils$.savePartition(JdbcUtils.scala:728)
	at org.apache.spark.sql.execution.datasources.jdbc.JdbcUtils$.$anonfun$saveTable$1(JdbcUtils.scala:895)
	at org.apache.spark.sql.execution.datasources.jdbc.JdbcUtils$.$anonfun$saveTable$1$adapted(JdbcUtils.scala:893)
	at org.apache.spark.rdd.RDD.$anonfun$foreachPartition$2(RDD.scala:1020)
	at org.apache.spark.rdd.RDD.$anonfun$foreachPartition$2$adapted(RDD.scala:1020)
	at org.apache.spark.SparkContext.$anonfun$runJob$5(SparkContext.scala:2254)
	at org.apache.spark.scheduler.ResultTask.runTask(ResultTask.scala:90)
	at org.apache.spark.scheduler.Task.run(Task.scala:131)
	at org.apache.spark.executor.Executor$TaskRunner.$anonfun$run$3(Executor.scala:506)
	at org.apache.spark.util.Utils$.tryWithSafeFinally(Utils.scala:1462)
	at org.apache.spark.executor.Executor$TaskRunner.run(Executor.scala:509)
	at java.util.concurrent.ThreadPoolExecutor.runWorker(ThreadPoolExecutor.java:1149)
	at java.util.concurrent.ThreadPoolExecutor$Worker.run(ThreadPoolExecutor.java:624)
	at java.lang.Thread.run(Thread.java:748)

2022-08-02 17:49:54.696  ERROR   73 --- [result-getter-3] org.apache.spark.internal.Logging        : Task 0 in stage 13.0 failed 1 times; aborting job
2022-08-02 17:49:54.710  INFO   57 --- [result-getter-3] org.apache.spark.internal.Logging        : Removed TaskSet 13.0, whose tasks have all completed, from pool 
2022-08-02 17:49:54.714  INFO   57 --- [uler-event-loop] org.apache.spark.internal.Logging        : Cancelling stage 13
2022-08-02 17:49:54.715  INFO   57 --- [uler-event-loop] org.apache.spark.internal.Logging        : Killing all running tasks in stage 13: Stage cancelled
2022-08-02 17:49:54.717  INFO   57 --- [uler-event-loop] org.apache.spark.internal.Logging        : ResultStage 13 (save at Application.java:170) failed in 5.581 s due to Job aborted due to stage failure: Task 0 in stage 13.0 failed 1 times, most recent failure: Lost task 0.0 in stage 13.0 (TID 8) (host.docker.internal executor driver): java.sql.BatchUpdateException: Failed to INSERT some keys because they are already in cache [keys=[1, 2, 3, 4, 5, 6, 7, 8, 9, 10, 11, 12, 13, 14, 15, 16, 17, 18, 19, 20, 21, 22, 23, 24, 25, 26, 27, 28, 29, 30, 31, 32, 33, 34, 35, 36, 37, 38, 39, 40, 41, 42, 43, 44, 45, 46, 47, 48, 49, 50, 51, 52, 53, 54, 55, 56, 57, 58, 59, 60, 61, 62, 63, 64, 65, 66, 67, 68, 69, 70, 71, 72, 73, 74, 75, 76, 77, 78, 79, 80, 81, 82, 83, 84, 85, 86, 87, 88, 89, 90, 91, 92, 93, 94, 95, 96, 97, 98, 99, 100, 101, 102, 103, 104, 105, 106, 107, 108, 109, 110, 111, 112, 113, 114, 115, 116, 117, 118, 119, 120, 121, 122, 123, 124, 125, 126, 127, 128, 129, 130, 131, 132, 133, 134, 135, 136, 137, 138, 139, 140, 141, 142, 143, 144, 145, 146, 147, 148, 149, 150, 151, 152, 153, 154, 155, 156, 157, 158, 159, 160, 161, 162]]
	at org.apache.ignite.internal.jdbc.thin.JdbcThinStatement.executeBatch(JdbcThinStatement.java:724)
	at org.apache.spark.sql.execution.datasources.jdbc.JdbcUtils$.savePartition(JdbcUtils.scala:728)
	at org.apache.spark.sql.execution.datasources.jdbc.JdbcUtils$.$anonfun$saveTable$1(JdbcUtils.scala:895)
	at org.apache.spark.sql.execution.datasources.jdbc.JdbcUtils$.$anonfun$saveTable$1$adapted(JdbcUtils.scala:893)
	at org.apache.spark.rdd.RDD.$anonfun$foreachPartition$2(RDD.scala:1020)
	at org.apache.spark.rdd.RDD.$anonfun$foreachPartition$2$adapted(RDD.scala:1020)
	at org.apache.spark.SparkContext.$anonfun$runJob$5(SparkContext.scala:2254)
	at org.apache.spark.scheduler.ResultTask.runTask(ResultTask.scala:90)
	at org.apache.spark.scheduler.Task.run(Task.scala:131)
	at org.apache.spark.executor.Executor$TaskRunner.$anonfun$run$3(Executor.scala:506)
	at org.apache.spark.util.Utils$.tryWithSafeFinally(Utils.scala:1462)
	at org.apache.spark.executor.Executor$TaskRunner.run(Executor.scala:509)
	at java.util.concurrent.ThreadPoolExecutor.runWorker(ThreadPoolExecutor.java:1149)
	at java.util.concurrent.ThreadPoolExecutor$Worker.run(ThreadPoolExecutor.java:624)
	at java.lang.Thread.run(Thread.java:748)

Driver stacktrace:
2022-08-02 17:49:54.719  INFO   57 --- [-job-executor-0] org.apache.spark.internal.Logging        : Job 8 failed: save at Application.java:170, took 5.589466 s
2022-08-02 17:49:54.726  INFO   57 --- [   JobScheduler] org.apache.spark.internal.Logging        : Finished job streaming job 1659458980000 ms.0 from job set of time 1659458980000 ms
2022-08-02 17:49:54.754  WARN   69 --- [-job-executor-0] org.apache.spark.internal.Logging        : Using an existing SparkSession; the static sql configurations will not take effect.
2022-08-02 17:49:54.754  WARN   69 --- [-job-executor-0] org.apache.spark.internal.Logging        : Using an existing SparkSession; some spark core configurations may not take effect.
2022-08-02 17:49:54.807  INFO   57 --- [   JobScheduler] org.apache.spark.internal.Logging        : Starting job streaming job 1659458981000 ms.0 from job set of time 1659458981000 ms
2022-08-02 17:49:54.807  ERROR   94 --- [   JobScheduler] org.apache.spark.internal.Logging        : Error running job streaming job 1659458980000 ms.0
org.apache.spark.SparkException: Job aborted due to stage failure: Task 0 in stage 13.0 failed 1 times, most recent failure: Lost task 0.0 in stage 13.0 (TID 8) (host.docker.internal executor driver): java.sql.BatchUpdateException: Failed to INSERT some keys because they are already in cache [keys=[1, 2, 3, 4, 5, 6, 7, 8, 9, 10, 11, 12, 13, 14, 15, 16, 17, 18, 19, 20, 21, 22, 23, 24, 25, 26, 27, 28, 29, 30, 31, 32, 33, 34, 35, 36, 37, 38, 39, 40, 41, 42, 43, 44, 45, 46, 47, 48, 49, 50, 51, 52, 53, 54, 55, 56, 57, 58, 59, 60, 61, 62, 63, 64, 65, 66, 67, 68, 69, 70, 71, 72, 73, 74, 75, 76, 77, 78, 79, 80, 81, 82, 83, 84, 85, 86, 87, 88, 89, 90, 91, 92, 93, 94, 95, 96, 97, 98, 99, 100, 101, 102, 103, 104, 105, 106, 107, 108, 109, 110, 111, 112, 113, 114, 115, 116, 117, 118, 119, 120, 121, 122, 123, 124, 125, 126, 127, 128, 129, 130, 131, 132, 133, 134, 135, 136, 137, 138, 139, 140, 141, 142, 143, 144, 145, 146, 147, 148, 149, 150, 151, 152, 153, 154, 155, 156, 157, 158, 159, 160, 161, 162]]
	at org.apache.ignite.internal.jdbc.thin.JdbcThinStatement.executeBatch(JdbcThinStatement.java:724)
	at org.apache.spark.sql.execution.datasources.jdbc.JdbcUtils$.savePartition(JdbcUtils.scala:728)
	at org.apache.spark.sql.execution.datasources.jdbc.JdbcUtils$.$anonfun$saveTable$1(JdbcUtils.scala:895)
	at org.apache.spark.sql.execution.datasources.jdbc.JdbcUtils$.$anonfun$saveTable$1$adapted(JdbcUtils.scala:893)
	at org.apache.spark.rdd.RDD.$anonfun$foreachPartition$2(RDD.scala:1020)
	at org.apache.spark.rdd.RDD.$anonfun$foreachPartition$2$adapted(RDD.scala:1020)
	at org.apache.spark.SparkContext.$anonfun$runJob$5(SparkContext.scala:2254)
	at org.apache.spark.scheduler.ResultTask.runTask(ResultTask.scala:90)
	at org.apache.spark.scheduler.Task.run(Task.scala:131)
	at org.apache.spark.executor.Executor$TaskRunner.$anonfun$run$3(Executor.scala:506)
	at org.apache.spark.util.Utils$.tryWithSafeFinally(Utils.scala:1462)
	at org.apache.spark.executor.Executor$TaskRunner.run(Executor.scala:509)
	at java.util.concurrent.ThreadPoolExecutor.runWorker(ThreadPoolExecutor.java:1149)
	at java.util.concurrent.ThreadPoolExecutor$Worker.run(ThreadPoolExecutor.java:624)
	at java.lang.Thread.run(Thread.java:748)

Driver stacktrace:
	at org.apache.spark.scheduler.DAGScheduler.failJobAndIndependentStages(DAGScheduler.scala:2454)
	at org.apache.spark.scheduler.DAGScheduler.$anonfun$abortStage$2(DAGScheduler.scala:2403)
	at org.apache.spark.scheduler.DAGScheduler.$anonfun$abortStage$2$adapted(DAGScheduler.scala:2402)
	at scala.collection.mutable.ResizableArray.foreach(ResizableArray.scala:62)
	at scala.collection.mutable.ResizableArray.foreach$(ResizableArray.scala:55)
	at scala.collection.mutable.ArrayBuffer.foreach(ArrayBuffer.scala:49)
	at org.apache.spark.scheduler.DAGScheduler.abortStage(DAGScheduler.scala:2402)
	at org.apache.spark.scheduler.DAGScheduler.$anonfun$handleTaskSetFailed$1(DAGScheduler.scala:1160)
	at org.apache.spark.scheduler.DAGScheduler.$anonfun$handleTaskSetFailed$1$adapted(DAGScheduler.scala:1160)
	at scala.Option.foreach(Option.scala:407)
	at org.apache.spark.scheduler.DAGScheduler.handleTaskSetFailed(DAGScheduler.scala:1160)
	at org.apache.spark.scheduler.DAGSchedulerEventProcessLoop.doOnReceive(DAGScheduler.scala:2642)
	at org.apache.spark.scheduler.DAGSchedulerEventProcessLoop.onReceive(DAGScheduler.scala:2584)
	at org.apache.spark.scheduler.DAGSchedulerEventProcessLoop.onReceive(DAGScheduler.scala:2573)
	at org.apache.spark.util.EventLoop$$anon$1.run(EventLoop.scala:49)
	at org.apache.spark.scheduler.DAGScheduler.runJob(DAGScheduler.scala:938)
	at org.apache.spark.SparkContext.runJob(SparkContext.scala:2214)
	at org.apache.spark.SparkContext.runJob(SparkContext.scala:2235)
	at org.apache.spark.SparkContext.runJob(SparkContext.scala:2254)
	at org.apache.spark.SparkContext.runJob(SparkContext.scala:2279)
	at org.apache.spark.rdd.RDD.$anonfun$foreachPartition$1(RDD.scala:1020)
	at org.apache.spark.rdd.RDDOperationScope$.withScope(RDDOperationScope.scala:151)
	at org.apache.spark.rdd.RDDOperationScope$.withScope(RDDOperationScope.scala:112)
	at org.apache.spark.rdd.RDD.withScope(RDD.scala:414)
	at org.apache.spark.rdd.RDD.foreachPartition(RDD.scala:1018)
	at org.apache.spark.sql.execution.datasources.jdbc.JdbcUtils$.saveTable(JdbcUtils.scala:893)
	at org.apache.spark.sql.execution.datasources.jdbc.JdbcRelationProvider.createRelation(JdbcRelationProvider.scala:69)
	at org.apache.spark.sql.execution.datasources.SaveIntoDataSourceCommand.run(SaveIntoDataSourceCommand.scala:45)
	at org.apache.spark.sql.execution.command.ExecutedCommandExec.sideEffectResult$lzycompute(commands.scala:75)
	at org.apache.spark.sql.execution.command.ExecutedCommandExec.sideEffectResult(commands.scala:73)
	at org.apache.spark.sql.execution.command.ExecutedCommandExec.executeCollect(commands.scala:84)
	at org.apache.spark.sql.execution.QueryExecution$$anonfun$eagerlyExecuteCommands$1.$anonfun$applyOrElse$1(QueryExecution.scala:110)
	at org.apache.spark.sql.execution.SQLExecution$.$anonfun$withNewExecutionId$5(SQLExecution.scala:103)
	at org.apache.spark.sql.execution.SQLExecution$.withSQLConfPropagated(SQLExecution.scala:163)
	at org.apache.spark.sql.execution.SQLExecution$.$anonfun$withNewExecutionId$1(SQLExecution.scala:90)
	at org.apache.spark.sql.SparkSession.withActive(SparkSession.scala:775)
	at org.apache.spark.sql.execution.SQLExecution$.withNewExecutionId(SQLExecution.scala:64)
	at org.apache.spark.sql.execution.QueryExecution$$anonfun$eagerlyExecuteCommands$1.applyOrElse(QueryExecution.scala:110)
	at org.apache.spark.sql.execution.QueryExecution$$anonfun$eagerlyExecuteCommands$1.applyOrElse(QueryExecution.scala:106)
	at org.apache.spark.sql.catalyst.trees.TreeNode.$anonfun$transformDownWithPruning$1(TreeNode.scala:481)
	at org.apache.spark.sql.catalyst.trees.CurrentOrigin$.withOrigin(TreeNode.scala:82)
	at org.apache.spark.sql.catalyst.trees.TreeNode.transformDownWithPruning(TreeNode.scala:481)
	at org.apache.spark.sql.catalyst.plans.logical.LogicalPlan.org$apache$spark$sql$catalyst$plans$logical$AnalysisHelper$$super$transformDownWithPruning(LogicalPlan.scala:30)
	at org.apache.spark.sql.catalyst.plans.logical.AnalysisHelper.transformDownWithPruning(AnalysisHelper.scala:267)
	at org.apache.spark.sql.catalyst.plans.logical.AnalysisHelper.transformDownWithPruning$(AnalysisHelper.scala:263)
	at org.apache.spark.sql.catalyst.plans.logical.LogicalPlan.transformDownWithPruning(LogicalPlan.scala:30)
	at org.apache.spark.sql.catalyst.plans.logical.LogicalPlan.transformDownWithPruning(LogicalPlan.scala:30)
	at org.apache.spark.sql.catalyst.trees.TreeNode.transformDown(TreeNode.scala:457)
	at org.apache.spark.sql.execution.QueryExecution.eagerlyExecuteCommands(QueryExecution.scala:106)
	at org.apache.spark.sql.execution.QueryExecution.commandExecuted$lzycompute(QueryExecution.scala:93)
	at org.apache.spark.sql.execution.QueryExecution.commandExecuted(QueryExecution.scala:91)
	at org.apache.spark.sql.execution.QueryExecution.assertCommandExecuted(QueryExecution.scala:128)
	at org.apache.spark.sql.DataFrameWriter.runCommand(DataFrameWriter.scala:848)
	at org.apache.spark.sql.DataFrameWriter.saveToV1Source(DataFrameWriter.scala:382)
	at org.apache.spark.sql.DataFrameWriter.saveInternal(DataFrameWriter.scala:355)
	at org.apache.spark.sql.DataFrameWriter.save(DataFrameWriter.scala:247)
	at com.elite.cdr.validator.Application.lambda$main$1282d8df$1(Application.java:170)
	at org.apache.spark.streaming.api.java.JavaDStreamLike.$anonfun$foreachRDD$1(JavaDStreamLike.scala:272)
	at org.apache.spark.streaming.api.java.JavaDStreamLike.$anonfun$foreachRDD$1$adapted(JavaDStreamLike.scala:272)
	at org.apache.spark.streaming.dstream.DStream.$anonfun$foreachRDD$2(DStream.scala:629)
	at org.apache.spark.streaming.dstream.DStream.$anonfun$foreachRDD$2$adapted(DStream.scala:629)
	at org.apache.spark.streaming.dstream.ForEachDStream.$anonfun$generateJob$2(ForEachDStream.scala:51)
	at scala.runtime.java8.JFunction0$mcV$sp.apply(JFunction0$mcV$sp.java:23)
	at org.apache.spark.streaming.dstream.DStream.createRDDWithLocalProperties(DStream.scala:417)
	at org.apache.spark.streaming.dstream.ForEachDStream.$anonfun$generateJob$1(ForEachDStream.scala:51)
	at scala.runtime.java8.JFunction0$mcV$sp.apply(JFunction0$mcV$sp.java:23)
	at scala.util.Try$.apply(Try.scala:213)
	at org.apache.spark.streaming.scheduler.Job.run(Job.scala:39)
	at org.apache.spark.streaming.scheduler.JobScheduler$JobHandler.$anonfun$run$1(JobScheduler.scala:256)
	at scala.runtime.java8.JFunction0$mcV$sp.apply(JFunction0$mcV$sp.java:23)
	at scala.util.DynamicVariable.withValue(DynamicVariable.scala:62)
	at org.apache.spark.streaming.scheduler.JobScheduler$JobHandler.run(JobScheduler.scala:256)
	at java.util.concurrent.ThreadPoolExecutor.runWorker(ThreadPoolExecutor.java:1149)
	at java.util.concurrent.ThreadPoolExecutor$Worker.run(ThreadPoolExecutor.java:624)
	at java.lang.Thread.run(Thread.java:748)
Caused by: java.sql.BatchUpdateException: Failed to INSERT some keys because they are already in cache [keys=[1, 2, 3, 4, 5, 6, 7, 8, 9, 10, 11, 12, 13, 14, 15, 16, 17, 18, 19, 20, 21, 22, 23, 24, 25, 26, 27, 28, 29, 30, 31, 32, 33, 34, 35, 36, 37, 38, 39, 40, 41, 42, 43, 44, 45, 46, 47, 48, 49, 50, 51, 52, 53, 54, 55, 56, 57, 58, 59, 60, 61, 62, 63, 64, 65, 66, 67, 68, 69, 70, 71, 72, 73, 74, 75, 76, 77, 78, 79, 80, 81, 82, 83, 84, 85, 86, 87, 88, 89, 90, 91, 92, 93, 94, 95, 96, 97, 98, 99, 100, 101, 102, 103, 104, 105, 106, 107, 108, 109, 110, 111, 112, 113, 114, 115, 116, 117, 118, 119, 120, 121, 122, 123, 124, 125, 126, 127, 128, 129, 130, 131, 132, 133, 134, 135, 136, 137, 138, 139, 140, 141, 142, 143, 144, 145, 146, 147, 148, 149, 150, 151, 152, 153, 154, 155, 156, 157, 158, 159, 160, 161, 162]]
	at org.apache.ignite.internal.jdbc.thin.JdbcThinStatement.executeBatch(JdbcThinStatement.java:724)
	at org.apache.spark.sql.execution.datasources.jdbc.JdbcUtils$.savePartition(JdbcUtils.scala:728)
	at org.apache.spark.sql.execution.datasources.jdbc.JdbcUtils$.$anonfun$saveTable$1(JdbcUtils.scala:895)
	at org.apache.spark.sql.execution.datasources.jdbc.JdbcUtils$.$anonfun$saveTable$1$adapted(JdbcUtils.scala:893)
	at org.apache.spark.rdd.RDD.$anonfun$foreachPartition$2(RDD.scala:1020)
	at org.apache.spark.rdd.RDD.$anonfun$foreachPartition$2$adapted(RDD.scala:1020)
	at org.apache.spark.SparkContext.$anonfun$runJob$5(SparkContext.scala:2254)
	at org.apache.spark.scheduler.ResultTask.runTask(ResultTask.scala:90)
	at org.apache.spark.scheduler.Task.run(Task.scala:131)
	at org.apache.spark.executor.Executor$TaskRunner.$anonfun$run$3(Executor.scala:506)
	at org.apache.spark.util.Utils$.tryWithSafeFinally(Utils.scala:1462)
	at org.apache.spark.executor.Executor$TaskRunner.run(Executor.scala:509)
	... 3 more
2022-08-02 17:49:54.829  INFO   57 --- [shutdown-hook-0] org.apache.spark.internal.Logging        : Invoking stop(stopGracefully=false) from shutdown hook
2022-08-02 17:49:54.869  INFO   57 --- [er-event-loop-0] org.apache.spark.internal.Logging        : Sent stop signal to all 1 receivers
2022-08-02 17:49:54.871  INFO   57 --- [er-event-loop-1] org.apache.spark.internal.Logging        : Received stop signal
2022-08-02 17:49:54.874  INFO   57 --- [er-event-loop-1] org.apache.spark.internal.Logging        : Stopping receiver with message: Stopped by driver: 
2022-08-02 17:49:54.878  INFO   57 --- [er-event-loop-1] org.apache.spark.internal.Logging        : Called receiver onStop
2022-08-02 17:49:54.879  INFO   57 --- [er-event-loop-1] org.apache.spark.internal.Logging        : Deregistering receiver 0
2022-08-02 17:49:54.881  ERROR   73 --- [er-event-loop-2] org.apache.spark.internal.Logging        : Deregistered receiver for stream 0: Stopped by driver
2022-08-02 17:49:54.883  INFO   57 --- [er-event-loop-1] org.apache.spark.internal.Logging        : Stopped receiver 0
2022-08-02 17:49:54.886  INFO   57 --- [er-event-loop-1] org.apache.spark.internal.Logging        : Stopping BlockGenerator
2022-08-02 17:49:54.992  INFO   57 --- [-job-executor-0] org.apache.spark.internal.Logging        : Starting job: count at Application.java:157
2022-08-02 17:49:54.995  INFO   57 --- [uler-event-loop] org.apache.spark.internal.Logging        : Registering RDD 93 (count at Application.java:157) as input to shuffle 5
2022-08-02 17:49:54.996  INFO   57 --- [uler-event-loop] org.apache.spark.internal.Logging        : Got job 9 (count at Application.java:157) with 1 output partitions
2022-08-02 17:49:54.996  INFO   57 --- [uler-event-loop] org.apache.spark.internal.Logging        : Final stage: ResultStage 15 (count at Application.java:157)
2022-08-02 17:49:54.997  INFO   57 --- [uler-event-loop] org.apache.spark.internal.Logging        : Parents of final stage: List(ShuffleMapStage 14)
2022-08-02 17:49:54.998  INFO   57 --- [uler-event-loop] org.apache.spark.internal.Logging        : Missing parents: List()
2022-08-02 17:49:55.000  INFO   57 --- [uler-event-loop] org.apache.spark.internal.Logging        : Submitting ResultStage 15 (MapPartitionsRDD[96] at count at Application.java:157), which has no missing parents
2022-08-02 17:49:55.001  INFO   57 --- [uler-event-loop] org.apache.spark.internal.Logging        : Block broadcast_9 stored as values in memory (estimated size 11.0 KiB, free 841.5 MiB)
2022-08-02 17:49:55.029  INFO   57 --- [   JobGenerator] org.apache.spark.internal.Logging        : Added jobs for time 1659458995000 ms
2022-08-02 17:49:55.075  INFO   57 --- [uler-event-loop] org.apache.spark.internal.Logging        : Block broadcast_9_piece0 stored as bytes in memory (estimated size 5.4 KiB, free 841.5 MiB)
2022-08-02 17:49:55.080  INFO   57 --- [ckManagerMaster] org.apache.spark.internal.Logging        : Added broadcast_9_piece0 in memory on host.docker.internal:49251 (size: 5.4 KiB, free: 841.7 MiB)
2022-08-02 17:49:55.082  INFO   57 --- [uler-event-loop] org.apache.spark.internal.Logging        : Created broadcast 9 from broadcast at DAGScheduler.scala:1478
2022-08-02 17:49:55.083  INFO   57 --- [uler-event-loop] org.apache.spark.internal.Logging        : Submitting 1 missing tasks from ResultStage 15 (MapPartitionsRDD[96] at count at Application.java:157) (first 15 tasks are for partitions Vector(0))
2022-08-02 17:49:55.086  INFO   57 --- [uler-event-loop] org.apache.spark.internal.Logging        : Adding task set 15.0 with 1 tasks resource profile 0
2022-08-02 17:49:55.164  INFO   57 --- [er-event-loop-3] org.apache.spark.internal.Logging        : Starting task 0.0 in stage 15.0 (TID 9) (host.docker.internal, executor driver, partition 0, PROCESS_LOCAL, 4453 bytes) taskResourceAssignments Map()
2022-08-02 17:49:55.168  ERROR   94 --- [er-event-loop-3] org.apache.spark.internal.Logging        : Ignoring error
java.util.concurrent.RejectedExecutionException: Task org.apache.spark.executor.Executor$TaskRunner@274306b rejected from java.util.concurrent.ThreadPoolExecutor@71b6bf00[Shutting down, pool size = 1, active threads = 1, queued tasks = 0, completed tasks = 8]
	at java.util.concurrent.ThreadPoolExecutor$AbortPolicy.rejectedExecution(ThreadPoolExecutor.java:2063)
	at java.util.concurrent.ThreadPoolExecutor.reject(ThreadPoolExecutor.java:830)
	at java.util.concurrent.ThreadPoolExecutor.execute(ThreadPoolExecutor.java:1379)
	at org.apache.spark.executor.Executor.launchTask(Executor.scala:270)
	at org.apache.spark.scheduler.local.LocalEndpoint.$anonfun$reviveOffers$1(LocalSchedulerBackend.scala:93)
	at org.apache.spark.scheduler.local.LocalEndpoint.$anonfun$reviveOffers$1$adapted(LocalSchedulerBackend.scala:91)
	at scala.collection.Iterator.foreach(Iterator.scala:943)
	at scala.collection.Iterator.foreach$(Iterator.scala:943)
	at scala.collection.AbstractIterator.foreach(Iterator.scala:1431)
	at scala.collection.IterableLike.foreach(IterableLike.scala:74)
	at scala.collection.IterableLike.foreach$(IterableLike.scala:73)
	at scala.collection.AbstractIterable.foreach(Iterable.scala:56)
	at org.apache.spark.scheduler.local.LocalEndpoint.reviveOffers(LocalSchedulerBackend.scala:91)
	at org.apache.spark.scheduler.local.LocalEndpoint$$anonfun$receive$1.applyOrElse(LocalSchedulerBackend.scala:68)
	at org.apache.spark.rpc.netty.Inbox.$anonfun$process$1(Inbox.scala:115)
	at org.apache.spark.rpc.netty.Inbox.safelyCall(Inbox.scala:213)
	at org.apache.spark.rpc.netty.Inbox.process(Inbox.scala:100)
	at org.apache.spark.rpc.netty.MessageLoop.org$apache$spark$rpc$netty$MessageLoop$$receiveLoop(MessageLoop.scala:75)
	at org.apache.spark.rpc.netty.MessageLoop$$anon$1.run(MessageLoop.scala:41)
	at java.util.concurrent.ThreadPoolExecutor.runWorker(ThreadPoolExecutor.java:1149)
	at java.util.concurrent.ThreadPoolExecutor$Worker.run(ThreadPoolExecutor.java:624)
	at java.lang.Thread.run(Thread.java:748)
2022-08-02 17:49:55.262  INFO   57 --- [er-event-loop-1] org.apache.spark.internal.Logging        : Stopped timer for BlockGenerator after time 1659458995200
2022-08-02 17:49:55.263  INFO   57 --- [er-event-loop-1] org.apache.spark.internal.Logging        : Waiting for block pushing thread to terminate
2022-08-02 17:49:55.275  INFO   57 --- [      Thread-14] org.apache.spark.internal.Logging        : Pushing out the last 0 blocks
2022-08-02 17:49:55.276  INFO   57 --- [      Thread-14] org.apache.spark.internal.Logging        : Stopped block pushing thread
2022-08-02 17:49:55.277  INFO   57 --- [er-event-loop-1] org.apache.spark.internal.Logging        : Stopped BlockGenerator
2022-08-02 17:49:55.281  INFO   57 --- [age 0.0 (TID 0)] org.apache.spark.internal.Logging        : Stopped receiver without error
2022-08-02 17:49:55.288  INFO   57 --- [age 0.0 (TID 0)] org.apache.spark.internal.Logging        : Finished task 0.0 in stage 0.0 (TID 0). 880 bytes result sent to driver
2022-08-02 17:49:55.292  INFO   57 --- [result-getter-0] org.apache.spark.internal.Logging        : Finished task 0.0 in stage 0.0 (TID 0) in 19432 ms on host.docker.internal (executor driver) (1/1)
2022-08-02 17:49:55.293  INFO   57 --- [result-getter-0] org.apache.spark.internal.Logging        : Removed TaskSet 0.0, whose tasks have all completed, from pool 
2022-08-02 17:49:55.295  INFO   57 --- [uler-event-loop] org.apache.spark.internal.Logging        : ResultStage 0 (start at Application.java:181) finished in 19.906 s
2022-08-02 17:49:55.296  INFO   57 --- [uler-event-loop] org.apache.spark.internal.Logging        : Job 0 is finished. Cancelling potential speculative or zombie tasks for this job
2022-08-02 17:49:55.296  INFO   57 --- [uler-event-loop] org.apache.spark.internal.Logging        : Killing all running tasks in stage 0: Stage finished
2022-08-02 17:49:55.327  INFO   57 --- [shutdown-hook-0] org.apache.spark.internal.Logging        : All of the receivers have deregistered successfully
2022-08-02 17:49:55.331  INFO   57 --- [shutdown-hook-0] org.apache.spark.internal.Logging        : ReceiverTracker stopped
2022-08-02 17:49:55.343  INFO   57 --- [shutdown-hook-0] org.apache.spark.internal.Logging        : Stopping JobGenerator immediately
2022-08-02 17:49:55.345  INFO   57 --- [shutdown-hook-0] org.apache.spark.internal.Logging        : Stopped timer for JobGenerator after time 1659458995000
2022-08-02 17:49:55.345  INFO   57 --- [shutdown-hook-0] org.apache.spark.internal.Logging        : Stopped JobGenerator
2022-08-02 17:49:57.361  INFO   57 --- [shutdown-hook-0] org.apache.spark.internal.Logging        : Stopped JobScheduler
2022-08-02 17:49:57.376  INFO 1153 --- [shutdown-hook-0] ject.jetty.server.handler.ContextHandler : Stopped o.s.j.s.ServletContextHandler@540a903b{/streaming,null,STOPPED,@Spark}
2022-08-02 17:49:57.376  INFO 1153 --- [shutdown-hook-0] ject.jetty.server.handler.ContextHandler : Stopped o.s.j.s.ServletContextHandler@151db587{/streaming/json,null,STOPPED,@Spark}
2022-08-02 17:49:57.376  INFO 1153 --- [shutdown-hook-0] ject.jetty.server.handler.ContextHandler : Stopped o.s.j.s.ServletContextHandler@f4c0e4e{/streaming/batch,null,STOPPED,@Spark}
2022-08-02 17:49:57.376  INFO 1153 --- [shutdown-hook-0] ject.jetty.server.handler.ContextHandler : Stopped o.s.j.s.ServletContextHandler@34e20e6b{/streaming/batch/json,null,STOPPED,@Spark}
2022-08-02 17:49:57.376  INFO 1153 --- [shutdown-hook-0] ject.jetty.server.handler.ContextHandler : Stopped o.s.j.s.ServletContextHandler@4a8df3e2{/static/streaming,null,STOPPED,@Spark}
2022-08-02 17:49:57.376  INFO   57 --- [shutdown-hook-0] org.apache.spark.internal.Logging        : StreamingContext stopped successfully
2022-08-02 17:49:57.376  INFO   57 --- [shutdown-hook-0] org.apache.spark.internal.Logging        : Invoking stop() from shutdown hook
2022-08-02 17:49:57.423  INFO  381 --- [shutdown-hook-0] rkproject.jetty.server.AbstractConnector : Stopped Spark@476aac9{HTTP/1.1, (http/1.1)}{0.0.0.0:4040}
2022-08-02 17:49:57.439  INFO   57 --- [shutdown-hook-0] org.apache.spark.internal.Logging        : Stopped Spark web UI at http://host.docker.internal:4040
2022-08-02 17:49:57.439  INFO   57 --- [shutdown-hook-0] org.apache.spark.internal.Logging        : ResultStage 15 (count at Application.java:157) failed in 2.438 s due to Stage cancelled because SparkContext was shut down
2022-08-02 17:49:57.564  INFO   57 --- [er-event-loop-3] org.apache.spark.internal.Logging        : MapOutputTrackerMasterEndpoint stopped!
2022-08-02 17:49:57.658  INFO   57 --- [shutdown-hook-0] org.apache.spark.internal.Logging        : MemoryStore cleared
2022-08-02 17:49:57.658  INFO   57 --- [shutdown-hook-0] org.apache.spark.internal.Logging        : BlockManager stopped
2022-08-02 17:49:57.673  INFO   57 --- [shutdown-hook-0] org.apache.spark.internal.Logging        : BlockManagerMaster stopped
2022-08-02 17:49:57.673  INFO   57 --- [er-event-loop-3] org.apache.spark.internal.Logging        : OutputCommitCoordinator stopped!
2022-08-02 17:49:57.689  INFO   57 --- [shutdown-hook-0] org.apache.spark.internal.Logging        : Successfully stopped SparkContext
2022-08-02 17:49:57.689  INFO   57 --- [shutdown-hook-0] org.apache.spark.internal.Logging        : Shutdown hook called
2022-08-02 17:49:57.689  INFO   57 --- [shutdown-hook-0] org.apache.spark.internal.Logging        : Deleting directory C:\Users\Wael Hamdi\AppData\Local\Temp\spark-a3ab2534-1c53-4347-8af4-1a64894ef5f0
