2022-06-27 14:51:15.968  INFO   54 --- [           main] com.elite.cdr.validator.Application      : Starting ASN1 Reader 
2022-06-27 14:51:15.968  INFO   56 --- [           main] com.elite.cdr.validator.Application      : ############### Run with the args [--env, local, --file, C:\IntelliJProjects\FraudDetectionSpark3\src\main\resources\data\simpleTypes.ber]
2022-06-27 14:51:16.046  INFO   62 --- [           main] com.elite.cdr.validator.Application      : ############### Run in local mode
2022-06-27 14:51:18.311  INFO   57 --- [           main] org.apache.spark.internal.Logging        : Running Spark version 3.2.1
2022-06-27 14:51:18.733  INFO   57 --- [           main] org.apache.spark.internal.Logging        : ==============================================================
2022-06-27 14:51:18.733  INFO   57 --- [           main] org.apache.spark.internal.Logging        : No custom resources configured for spark.driver.
2022-06-27 14:51:18.733  INFO   57 --- [           main] org.apache.spark.internal.Logging        : ==============================================================
2022-06-27 14:51:18.749  INFO   57 --- [           main] org.apache.spark.internal.Logging        : Submitted application: NiFi-Spark Streaming example
2022-06-27 14:51:18.889  INFO   57 --- [           main] org.apache.spark.internal.Logging        : Default ResourceProfile created, executor resources: Map(cores -> name: cores, amount: 1, script: , vendor: , memory -> name: memory, amount: 1024, script: , vendor: , offHeap -> name: offHeap, amount: 0, script: , vendor: ), task resources: Map(cpus -> name: cpus, amount: 1.0)
2022-06-27 14:51:18.936  INFO   57 --- [           main] org.apache.spark.internal.Logging        : Limiting resource is cpu
2022-06-27 14:51:18.936  INFO   57 --- [           main] org.apache.spark.internal.Logging        : Added ResourceProfile id: 0
2022-06-27 14:51:19.186  INFO   57 --- [           main] org.apache.spark.internal.Logging        : Changing view acls to: Wael Hamdi
2022-06-27 14:51:19.186  INFO   57 --- [           main] org.apache.spark.internal.Logging        : Changing modify acls to: Wael Hamdi
2022-06-27 14:51:19.186  INFO   57 --- [           main] org.apache.spark.internal.Logging        : Changing view acls groups to: 
2022-06-27 14:51:19.202  INFO   57 --- [           main] org.apache.spark.internal.Logging        : Changing modify acls groups to: 
2022-06-27 14:51:19.218  INFO   57 --- [           main] org.apache.spark.internal.Logging        : SecurityManager: authentication disabled; ui acls disabled; users  with view permissions: Set(Wael Hamdi); groups with view permissions: Set(); users  with modify permissions: Set(Wael Hamdi); groups with modify permissions: Set()
2022-06-27 14:51:22.139  INFO   57 --- [           main] org.apache.spark.internal.Logging        : Successfully started service 'sparkDriver' on port 54317.
2022-06-27 14:51:22.186  INFO   57 --- [           main] org.apache.spark.internal.Logging        : Registering MapOutputTracker
2022-06-27 14:51:22.233  INFO   57 --- [           main] org.apache.spark.internal.Logging        : Registering BlockManagerMaster
2022-06-27 14:51:22.280  INFO   57 --- [           main] org.apache.spark.internal.Logging        : Using org.apache.spark.storage.DefaultTopologyMapper for getting topology information
2022-06-27 14:51:22.280  INFO   57 --- [           main] org.apache.spark.internal.Logging        : BlockManagerMasterEndpoint up
2022-06-27 14:51:22.280  INFO   57 --- [           main] org.apache.spark.internal.Logging        : Registering BlockManagerMasterHeartbeat
2022-06-27 14:51:22.311  INFO   57 --- [           main] org.apache.spark.internal.Logging        : Created local directory at C:\Users\Wael Hamdi\AppData\Local\Temp\blockmgr-ff24861c-71af-4868-b1c5-e6038e8b0245
2022-06-27 14:51:22.343  INFO   57 --- [           main] org.apache.spark.internal.Logging        : MemoryStore started with capacity 897.6 MiB
2022-06-27 14:51:22.374  INFO   57 --- [           main] org.apache.spark.internal.Logging        : Registering OutputCommitCoordinator
2022-06-27 14:51:22.499  INFO  170 --- [           main] org.sparkproject.jetty.util.log.Log      : Logging initialized @7833ms to org.sparkproject.jetty.util.log.Slf4jLog
2022-06-27 14:51:22.593  INFO  375 --- [           main] org.sparkproject.jetty.server.Server     : jetty-9.4.43.v20210629; built: 2021-06-30T11:07:22.254Z; git: 526006ecfa3af7f1a27ef3a288e2bef7ea9dd7e8; jvm 1.8.0_301-b09
2022-06-27 14:51:22.639  INFO  415 --- [           main] org.sparkproject.jetty.server.Server     : Started @7971ms
2022-06-27 14:51:22.686  INFO  331 --- [           main] rkproject.jetty.server.AbstractConnector : Started ServerConnector@37eeec90{HTTP/1.1, (http/1.1)}{0.0.0.0:4040}
2022-06-27 14:51:22.686  INFO   57 --- [           main] org.apache.spark.internal.Logging        : Successfully started service 'SparkUI' on port 4040.
2022-06-27 14:51:22.733  INFO  915 --- [           main] ject.jetty.server.handler.ContextHandler : Started o.s.j.s.ServletContextHandler@2c95ac9e{/jobs,null,AVAILABLE,@Spark}
2022-06-27 14:51:22.733  INFO  915 --- [           main] ject.jetty.server.handler.ContextHandler : Started o.s.j.s.ServletContextHandler@b5cc23a{/jobs/json,null,AVAILABLE,@Spark}
2022-06-27 14:51:22.733  INFO  915 --- [           main] ject.jetty.server.handler.ContextHandler : Started o.s.j.s.ServletContextHandler@61edc883{/jobs/job,null,AVAILABLE,@Spark}
2022-06-27 14:51:22.733  INFO  915 --- [           main] ject.jetty.server.handler.ContextHandler : Started o.s.j.s.ServletContextHandler@6928f576{/jobs/job/json,null,AVAILABLE,@Spark}
2022-06-27 14:51:22.733  INFO  915 --- [           main] ject.jetty.server.handler.ContextHandler : Started o.s.j.s.ServletContextHandler@69f63d95{/stages,null,AVAILABLE,@Spark}
2022-06-27 14:51:22.733  INFO  915 --- [           main] ject.jetty.server.handler.ContextHandler : Started o.s.j.s.ServletContextHandler@27e0f2f5{/stages/json,null,AVAILABLE,@Spark}
2022-06-27 14:51:22.733  INFO  915 --- [           main] ject.jetty.server.handler.ContextHandler : Started o.s.j.s.ServletContextHandler@6db66836{/stages/stage,null,AVAILABLE,@Spark}
2022-06-27 14:51:22.749  INFO  915 --- [           main] ject.jetty.server.handler.ContextHandler : Started o.s.j.s.ServletContextHandler@61a002b1{/stages/stage/json,null,AVAILABLE,@Spark}
2022-06-27 14:51:22.749  INFO  915 --- [           main] ject.jetty.server.handler.ContextHandler : Started o.s.j.s.ServletContextHandler@780ec4a5{/stages/pool,null,AVAILABLE,@Spark}
2022-06-27 14:51:22.749  INFO  915 --- [           main] ject.jetty.server.handler.ContextHandler : Started o.s.j.s.ServletContextHandler@6f70f32f{/stages/pool/json,null,AVAILABLE,@Spark}
2022-06-27 14:51:22.749  INFO  915 --- [           main] ject.jetty.server.handler.ContextHandler : Started o.s.j.s.ServletContextHandler@5aabbb29{/storage,null,AVAILABLE,@Spark}
2022-06-27 14:51:22.749  INFO  915 --- [           main] ject.jetty.server.handler.ContextHandler : Started o.s.j.s.ServletContextHandler@1ac85b0c{/storage/json,null,AVAILABLE,@Spark}
2022-06-27 14:51:22.749  INFO  915 --- [           main] ject.jetty.server.handler.ContextHandler : Started o.s.j.s.ServletContextHandler@3aa3193a{/storage/rdd,null,AVAILABLE,@Spark}
2022-06-27 14:51:22.749  INFO  915 --- [           main] ject.jetty.server.handler.ContextHandler : Started o.s.j.s.ServletContextHandler@59a67c3a{/storage/rdd/json,null,AVAILABLE,@Spark}
2022-06-27 14:51:22.749  INFO  915 --- [           main] ject.jetty.server.handler.ContextHandler : Started o.s.j.s.ServletContextHandler@724bade8{/environment,null,AVAILABLE,@Spark}
2022-06-27 14:51:22.749  INFO  915 --- [           main] ject.jetty.server.handler.ContextHandler : Started o.s.j.s.ServletContextHandler@6bc248ed{/environment/json,null,AVAILABLE,@Spark}
2022-06-27 14:51:22.749  INFO  915 --- [           main] ject.jetty.server.handler.ContextHandler : Started o.s.j.s.ServletContextHandler@ca27722{/executors,null,AVAILABLE,@Spark}
2022-06-27 14:51:22.764  INFO  915 --- [           main] ject.jetty.server.handler.ContextHandler : Started o.s.j.s.ServletContextHandler@9573b3b{/executors/json,null,AVAILABLE,@Spark}
2022-06-27 14:51:22.764  INFO  915 --- [           main] ject.jetty.server.handler.ContextHandler : Started o.s.j.s.ServletContextHandler@78461bc4{/executors/threadDump,null,AVAILABLE,@Spark}
2022-06-27 14:51:22.764  INFO  915 --- [           main] ject.jetty.server.handler.ContextHandler : Started o.s.j.s.ServletContextHandler@64f857e7{/executors/threadDump/json,null,AVAILABLE,@Spark}
2022-06-27 14:51:22.764  INFO  915 --- [           main] ject.jetty.server.handler.ContextHandler : Started o.s.j.s.ServletContextHandler@58c540cf{/static,null,AVAILABLE,@Spark}
2022-06-27 14:51:22.780  INFO  915 --- [           main] ject.jetty.server.handler.ContextHandler : Started o.s.j.s.ServletContextHandler@1c32886a{/,null,AVAILABLE,@Spark}
2022-06-27 14:51:22.780  INFO  915 --- [           main] ject.jetty.server.handler.ContextHandler : Started o.s.j.s.ServletContextHandler@10b892d5{/api,null,AVAILABLE,@Spark}
2022-06-27 14:51:22.780  INFO  915 --- [           main] ject.jetty.server.handler.ContextHandler : Started o.s.j.s.ServletContextHandler@452e26d0{/jobs/job/kill,null,AVAILABLE,@Spark}
2022-06-27 14:51:22.780  INFO  915 --- [           main] ject.jetty.server.handler.ContextHandler : Started o.s.j.s.ServletContextHandler@790174f2{/stages/stage/kill,null,AVAILABLE,@Spark}
2022-06-27 14:51:22.780  INFO   57 --- [           main] org.apache.spark.internal.Logging        : Bound SparkUI to 0.0.0.0, and started at http://host.docker.internal:4040
2022-06-27 14:51:23.171  INFO   57 --- [           main] org.apache.spark.internal.Logging        : Starting executor ID driver on host host.docker.internal
2022-06-27 14:51:23.218  INFO   57 --- [           main] org.apache.spark.internal.Logging        : Successfully started service 'org.apache.spark.network.netty.NettyBlockTransferService' on port 54342.
2022-06-27 14:51:23.218  INFO   82 --- [           main] .network.netty.NettyBlockTransferService : Server created on host.docker.internal:54342
2022-06-27 14:51:23.233  INFO   57 --- [           main] org.apache.spark.internal.Logging        : Using org.apache.spark.storage.RandomBlockReplicationPolicy for block replication policy
2022-06-27 14:51:23.233  INFO   57 --- [           main] org.apache.spark.internal.Logging        : Registering BlockManager BlockManagerId(driver, host.docker.internal, 54342, None)
2022-06-27 14:51:23.233  INFO   57 --- [ckManagerMaster] org.apache.spark.internal.Logging        : Registering block manager host.docker.internal:54342 with 897.6 MiB RAM, BlockManagerId(driver, host.docker.internal, 54342, None)
2022-06-27 14:51:23.249  INFO   57 --- [           main] org.apache.spark.internal.Logging        : Registered BlockManager BlockManagerId(driver, host.docker.internal, 54342, None)
2022-06-27 14:51:23.249  INFO   57 --- [           main] org.apache.spark.internal.Logging        : Initialized BlockManager: BlockManagerId(driver, host.docker.internal, 54342, None)
2022-06-27 14:51:23.593  INFO  915 --- [           main] ject.jetty.server.handler.ContextHandler : Started o.s.j.s.ServletContextHandler@3eba57a7{/metrics/json,null,AVAILABLE,@Spark}
2022-06-27 14:51:24.374  INFO  131 --- [           main] com.elite.cdr.validator.Application      : ******* org.apache.spark.streaming.api.java.JavaDStream@3fdecce ********
2022-06-27 14:51:24.483  INFO   57 --- [streaming-start] org.apache.spark.internal.Logging        : Starting 1 receivers
2022-06-27 14:51:24.483  INFO   57 --- [streaming-start] org.apache.spark.internal.Logging        : ReceiverTracker started
2022-06-27 14:51:24.483  INFO   57 --- [streaming-start] org.apache.spark.internal.Logging        : Slide time = 5000 ms
2022-06-27 14:51:24.499  INFO   57 --- [streaming-start] org.apache.spark.internal.Logging        : Storage level = Serialized 1x Replicated
2022-06-27 14:51:24.499  INFO   57 --- [streaming-start] org.apache.spark.internal.Logging        : Checkpoint interval = null
2022-06-27 14:51:24.499  INFO   57 --- [streaming-start] org.apache.spark.internal.Logging        : Remember interval = 5000 ms
2022-06-27 14:51:24.499  INFO   57 --- [streaming-start] org.apache.spark.internal.Logging        : Initialized and validated org.apache.spark.streaming.dstream.PluggableInputDStream@63c87d0f
2022-06-27 14:51:24.499  INFO   57 --- [streaming-start] org.apache.spark.internal.Logging        : Slide time = 5000 ms
2022-06-27 14:51:24.499  INFO   57 --- [streaming-start] org.apache.spark.internal.Logging        : Storage level = Serialized 1x Replicated
2022-06-27 14:51:24.499  INFO   57 --- [streaming-start] org.apache.spark.internal.Logging        : Checkpoint interval = null
2022-06-27 14:51:24.499  INFO   57 --- [streaming-start] org.apache.spark.internal.Logging        : Remember interval = 5000 ms
2022-06-27 14:51:24.499  INFO   57 --- [streaming-start] org.apache.spark.internal.Logging        : Initialized and validated org.apache.spark.streaming.dstream.MappedDStream@2cddef80
2022-06-27 14:51:24.499  INFO   57 --- [streaming-start] org.apache.spark.internal.Logging        : Slide time = 5000 ms
2022-06-27 14:51:24.499  INFO   57 --- [streaming-start] org.apache.spark.internal.Logging        : Storage level = Serialized 1x Replicated
2022-06-27 14:51:24.499  INFO   57 --- [streaming-start] org.apache.spark.internal.Logging        : Checkpoint interval = null
2022-06-27 14:51:24.499  INFO   57 --- [streaming-start] org.apache.spark.internal.Logging        : Remember interval = 5000 ms
2022-06-27 14:51:24.499  INFO   57 --- [streaming-start] org.apache.spark.internal.Logging        : Initialized and validated org.apache.spark.streaming.dstream.ForEachDStream@3fdf2ac5
2022-06-27 14:51:24.499  INFO   57 --- [streaming-start] org.apache.spark.internal.Logging        : Slide time = 5000 ms
2022-06-27 14:51:24.499  INFO   57 --- [streaming-start] org.apache.spark.internal.Logging        : Storage level = Serialized 1x Replicated
2022-06-27 14:51:24.499  INFO   57 --- [streaming-start] org.apache.spark.internal.Logging        : Checkpoint interval = null
2022-06-27 14:51:24.499  INFO   57 --- [streaming-start] org.apache.spark.internal.Logging        : Remember interval = 5000 ms
2022-06-27 14:51:24.499  INFO   57 --- [streaming-start] org.apache.spark.internal.Logging        : Initialized and validated org.apache.spark.streaming.dstream.PluggableInputDStream@63c87d0f
2022-06-27 14:51:24.499  INFO   57 --- [streaming-start] org.apache.spark.internal.Logging        : Slide time = 5000 ms
2022-06-27 14:51:24.499  INFO   57 --- [streaming-start] org.apache.spark.internal.Logging        : Storage level = Serialized 1x Replicated
2022-06-27 14:51:24.499  INFO   57 --- [streaming-start] org.apache.spark.internal.Logging        : Checkpoint interval = null
2022-06-27 14:51:24.499  INFO   57 --- [streaming-start] org.apache.spark.internal.Logging        : Remember interval = 5000 ms
2022-06-27 14:51:24.499  INFO   57 --- [streaming-start] org.apache.spark.internal.Logging        : Initialized and validated org.apache.spark.streaming.dstream.MappedDStream@2cddef80
2022-06-27 14:51:24.499  INFO   57 --- [streaming-start] org.apache.spark.internal.Logging        : Slide time = 5000 ms
2022-06-27 14:51:24.499  INFO   57 --- [streaming-start] org.apache.spark.internal.Logging        : Storage level = Serialized 1x Replicated
2022-06-27 14:51:24.499  INFO   57 --- [streaming-start] org.apache.spark.internal.Logging        : Checkpoint interval = null
2022-06-27 14:51:24.499  INFO   57 --- [streaming-start] org.apache.spark.internal.Logging        : Remember interval = 5000 ms
2022-06-27 14:51:24.499  INFO   57 --- [streaming-start] org.apache.spark.internal.Logging        : Initialized and validated org.apache.spark.streaming.dstream.ForEachDStream@46a597da
2022-06-27 14:51:24.686  INFO   57 --- [streaming-start] org.apache.spark.internal.Logging        : Started timer for JobGenerator at time 1656337885000
2022-06-27 14:51:24.702  INFO   57 --- [streaming-start] org.apache.spark.internal.Logging        : Started JobGenerator at 1656337885000 ms
2022-06-27 14:51:24.702  INFO   57 --- [er-event-loop-3] org.apache.spark.internal.Logging        : Receiver 0 started
2022-06-27 14:51:24.710  INFO   57 --- [streaming-start] org.apache.spark.internal.Logging        : Started JobScheduler
2022-06-27 14:51:24.717  INFO  915 --- [           main] ject.jetty.server.handler.ContextHandler : Started o.s.j.s.ServletContextHandler@26a2f7f9{/streaming,null,AVAILABLE,@Spark}
2022-06-27 14:51:24.719  INFO  915 --- [           main] ject.jetty.server.handler.ContextHandler : Started o.s.j.s.ServletContextHandler@8bffb8b{/streaming/json,null,AVAILABLE,@Spark}
2022-06-27 14:51:24.722  INFO  915 --- [           main] ject.jetty.server.handler.ContextHandler : Started o.s.j.s.ServletContextHandler@36f1046f{/streaming/batch,null,AVAILABLE,@Spark}
2022-06-27 14:51:24.724  INFO  915 --- [           main] ject.jetty.server.handler.ContextHandler : Started o.s.j.s.ServletContextHandler@1686f0b4{/streaming/batch/json,null,AVAILABLE,@Spark}
2022-06-27 14:51:24.727  INFO  915 --- [           main] ject.jetty.server.handler.ContextHandler : Started o.s.j.s.ServletContextHandler@7d0614f{/static/streaming,null,AVAILABLE,@Spark}
2022-06-27 14:51:24.728  INFO   57 --- [           main] org.apache.spark.internal.Logging        : StreamingContext started
2022-06-27 14:51:24.740  INFO   57 --- [uler-event-loop] org.apache.spark.internal.Logging        : Got job 0 (start at Application.java:216) with 1 output partitions
2022-06-27 14:51:24.741  INFO   57 --- [uler-event-loop] org.apache.spark.internal.Logging        : Final stage: ResultStage 0 (start at Application.java:216)
2022-06-27 14:51:24.742  INFO   57 --- [uler-event-loop] org.apache.spark.internal.Logging        : Parents of final stage: List()
2022-06-27 14:51:24.744  INFO   57 --- [uler-event-loop] org.apache.spark.internal.Logging        : Missing parents: List()
2022-06-27 14:51:24.752  INFO   57 --- [uler-event-loop] org.apache.spark.internal.Logging        : Submitting ResultStage 0 (Receiver 0 ParallelCollectionRDD[0] at makeRDD at ReceiverTracker.scala:609), which has no missing parents
2022-06-27 14:51:25.027  INFO   57 --- [uler-event-loop] org.apache.spark.internal.Logging        : Block broadcast_0 stored as values in memory (estimated size 97.5 KiB, free 897.5 MiB)
2022-06-27 14:51:25.061  INFO   57 --- [   JobGenerator] org.apache.spark.internal.Logging        : Added jobs for time 1656337885000 ms
2022-06-27 14:51:25.067  INFO   57 --- [   JobScheduler] org.apache.spark.internal.Logging        : Starting job streaming job 1656337885000 ms.0 from job set of time 1656337885000 ms
2022-06-27 14:51:25.072  INFO  133 --- [-job-executor-0] com.elite.cdr.validator.Application      : ******* MapPartitionsRDD[2] at map at Application.java:130 ********
2022-06-27 14:51:25.130  WARN   69 --- [-job-executor-0] org.apache.spark.internal.Logging        : Using an existing SparkContext; some configuration may not take effect.
2022-06-27 14:51:25.173  INFO   57 --- [uler-event-loop] org.apache.spark.internal.Logging        : Block broadcast_0_piece0 stored as bytes in memory (estimated size 34.2 KiB, free 897.5 MiB)
2022-06-27 14:51:25.178  INFO   57 --- [ckManagerMaster] org.apache.spark.internal.Logging        : Added broadcast_0_piece0 in memory on host.docker.internal:54342 (size: 34.2 KiB, free: 897.6 MiB)
2022-06-27 14:51:25.186  INFO   57 --- [uler-event-loop] org.apache.spark.internal.Logging        : Created broadcast 0 from broadcast at DAGScheduler.scala:1478
2022-06-27 14:51:25.233  INFO   57 --- [uler-event-loop] org.apache.spark.internal.Logging        : Submitting 1 missing tasks from ResultStage 0 (Receiver 0 ParallelCollectionRDD[0] at makeRDD at ReceiverTracker.scala:609) (first 15 tasks are for partitions Vector(0))
2022-06-27 14:51:25.238  INFO   57 --- [uler-event-loop] org.apache.spark.internal.Logging        : Adding task set 0.0 with 1 tasks resource profile 0
2022-06-27 14:51:25.408  INFO   57 --- [   JobScheduler] org.apache.spark.internal.Logging        : Finished job streaming job 1656337885000 ms.0 from job set of time 1656337885000 ms
2022-06-27 14:51:25.408  INFO   57 --- [   JobScheduler] org.apache.spark.internal.Logging        : Starting job streaming job 1656337885000 ms.1 from job set of time 1656337885000 ms
2022-06-27 14:51:25.414  INFO   57 --- [er-event-loop-0] org.apache.spark.internal.Logging        : Starting task 0.0 in stage 0.0 (TID 0) (host.docker.internal, executor driver, partition 0, PROCESS_LOCAL, 6218 bytes) taskResourceAssignments Map()
2022-06-27 14:51:25.415  INFO   57 --- [   JobScheduler] org.apache.spark.internal.Logging        : Finished job streaming job 1656337885000 ms.1 from job set of time 1656337885000 ms
2022-06-27 14:51:25.419  INFO   57 --- [   JobScheduler] org.apache.spark.internal.Logging        : Total delay: 0.414 s for time 1656337885000 ms (execution: 0.348 s)
2022-06-27 14:51:25.431  INFO   57 --- [   JobGenerator] org.apache.spark.internal.Logging        : Deleting batches: 
2022-06-27 14:51:25.435  INFO   57 --- [   JobGenerator] org.apache.spark.internal.Logging        : remove old batch metadata: 
2022-06-27 14:51:25.446  INFO   57 --- [age 0.0 (TID 0)] org.apache.spark.internal.Logging        : Running task 0.0 in stage 0.0 (TID 0)
2022-06-27 14:51:25.839  INFO   57 --- [age 0.0 (TID 0)] org.apache.spark.internal.Logging        : Started timer for BlockGenerator at time 1656337886000
2022-06-27 14:51:25.841  INFO   57 --- [age 0.0 (TID 0)] org.apache.spark.internal.Logging        : Started BlockGenerator
2022-06-27 14:51:25.841  INFO   57 --- [      Thread-14] org.apache.spark.internal.Logging        : Started block pushing thread
2022-06-27 14:51:25.858  INFO   57 --- [er-event-loop-0] org.apache.spark.internal.Logging        : Registered receiver for stream 0 from host.docker.internal:54317
2022-06-27 14:51:25.863  INFO   57 --- [age 0.0 (TID 0)] org.apache.spark.internal.Logging        : Starting receiver 0
2022-06-27 14:51:25.865  INFO   57 --- [age 0.0 (TID 0)] org.apache.spark.internal.Logging        : Called receiver 0 onStart
2022-06-27 14:51:25.866  INFO   57 --- [age 0.0 (TID 0)] org.apache.spark.internal.Logging        : Waiting for receiver to be stopped
2022-06-27 14:51:29.288  INFO  571 --- [ool Maintenance] g.apache.nifi.remote.client.PeerSelector : Successfully refreshed peer status cache; remote group consists of 1 peers
2022-06-27 14:51:29.289  INFO  571 --- [  NiFi Receiver] g.apache.nifi.remote.client.PeerSelector : Successfully refreshed peer status cache; remote group consists of 1 peers
2022-06-27 14:51:29.533  INFO   57 --- [  NiFi Receiver] org.apache.spark.internal.Logging        : Block input-0-1656337885826 stored as values in memory (estimated size 503.2 KiB, free 897.0 MiB)
2022-06-27 14:51:29.535  INFO   57 --- [ckManagerMaster] org.apache.spark.internal.Logging        : Added input-0-1656337885826 in memory on host.docker.internal:54342 (size: 503.2 KiB, free: 897.1 MiB)
2022-06-27 14:51:30.022  INFO   57 --- [   JobGenerator] org.apache.spark.internal.Logging        : Added jobs for time 1656337890000 ms
2022-06-27 14:51:30.023  INFO  133 --- [-job-executor-0] com.elite.cdr.validator.Application      : ******* MapPartitionsRDD[5] at map at Application.java:130 ********
2022-06-27 14:51:30.023  INFO   57 --- [   JobScheduler] org.apache.spark.internal.Logging        : Starting job streaming job 1656337890000 ms.0 from job set of time 1656337890000 ms
2022-06-27 14:51:30.127  INFO   57 --- [-job-executor-0] org.apache.spark.internal.Logging        : Setting hive.metastore.warehouse.dir ('null') to the value of spark.sql.warehouse.dir.
2022-06-27 14:51:30.758  INFO   57 --- [-job-executor-0] org.apache.spark.internal.Logging        : Warehouse path is 'file:/C:/IntelliJProjects/NifiSparkStreaming/spark-warehouse'.
2022-06-27 14:51:30.777  INFO  915 --- [-job-executor-0] ject.jetty.server.handler.ContextHandler : Started o.s.j.s.ServletContextHandler@4ccca6b8{/SQL,null,AVAILABLE,@Spark}
2022-06-27 14:51:30.778  INFO  915 --- [-job-executor-0] ject.jetty.server.handler.ContextHandler : Started o.s.j.s.ServletContextHandler@91f3e7f{/SQL/json,null,AVAILABLE,@Spark}
2022-06-27 14:51:30.779  INFO  915 --- [-job-executor-0] ject.jetty.server.handler.ContextHandler : Started o.s.j.s.ServletContextHandler@7b70ed76{/SQL/execution,null,AVAILABLE,@Spark}
2022-06-27 14:51:30.781  INFO  915 --- [-job-executor-0] ject.jetty.server.handler.ContextHandler : Started o.s.j.s.ServletContextHandler@5f989342{/SQL/execution/json,null,AVAILABLE,@Spark}
2022-06-27 14:51:30.783  INFO  915 --- [-job-executor-0] ject.jetty.server.handler.ContextHandler : Started o.s.j.s.ServletContextHandler@2dce9520{/static/sql,null,AVAILABLE,@Spark}
2022-06-27 14:51:31.839  WARN   69 --- [-job-executor-0] org.apache.spark.internal.Logging        : Using an existing SparkSession; some spark core configurations may not take effect.
2022-06-27 14:51:31.842  INFO   57 --- [   JobScheduler] org.apache.spark.internal.Logging        : Finished job streaming job 1656337890000 ms.0 from job set of time 1656337890000 ms
2022-06-27 14:51:31.843  INFO   57 --- [   JobScheduler] org.apache.spark.internal.Logging        : Starting job streaming job 1656337890000 ms.1 from job set of time 1656337890000 ms
2022-06-27 14:51:31.868  INFO   57 --- [-job-executor-0] org.apache.spark.internal.Logging        : Starting job: print at Application.java:213
2022-06-27 14:51:31.872  INFO   57 --- [uler-event-loop] org.apache.spark.internal.Logging        : Got job 1 (print at Application.java:213) with 1 output partitions
2022-06-27 14:51:31.872  INFO   57 --- [uler-event-loop] org.apache.spark.internal.Logging        : Final stage: ResultStage 1 (print at Application.java:213)
2022-06-27 14:51:31.872  INFO   57 --- [uler-event-loop] org.apache.spark.internal.Logging        : Parents of final stage: List()
2022-06-27 14:51:31.873  INFO   57 --- [uler-event-loop] org.apache.spark.internal.Logging        : Missing parents: List()
2022-06-27 14:51:31.874  INFO   57 --- [uler-event-loop] org.apache.spark.internal.Logging        : Submitting ResultStage 1 (MapPartitionsRDD[5] at map at Application.java:130), which has no missing parents
2022-06-27 14:51:31.892  INFO   57 --- [uler-event-loop] org.apache.spark.internal.Logging        : Block broadcast_1 stored as values in memory (estimated size 4.4 KiB, free 897.0 MiB)
2022-06-27 14:51:31.895  INFO   57 --- [uler-event-loop] org.apache.spark.internal.Logging        : Block broadcast_1_piece0 stored as bytes in memory (estimated size 2.4 KiB, free 897.0 MiB)
2022-06-27 14:51:31.896  INFO   57 --- [ckManagerMaster] org.apache.spark.internal.Logging        : Added broadcast_1_piece0 in memory on host.docker.internal:54342 (size: 2.4 KiB, free: 897.1 MiB)
2022-06-27 14:51:31.897  INFO   57 --- [uler-event-loop] org.apache.spark.internal.Logging        : Created broadcast 1 from broadcast at DAGScheduler.scala:1478
2022-06-27 14:51:31.899  INFO   57 --- [uler-event-loop] org.apache.spark.internal.Logging        : Submitting 1 missing tasks from ResultStage 1 (MapPartitionsRDD[5] at map at Application.java:130) (first 15 tasks are for partitions Vector(0))
2022-06-27 14:51:31.900  INFO   57 --- [uler-event-loop] org.apache.spark.internal.Logging        : Adding task set 1.0 with 1 tasks resource profile 0
2022-06-27 14:51:31.906  INFO   57 --- [er-event-loop-2] org.apache.spark.internal.Logging        : Starting task 0.0 in stage 1.0 (TID 1) (host.docker.internal, executor driver, partition 0, PROCESS_LOCAL, 4394 bytes) taskResourceAssignments Map()
2022-06-27 14:51:31.912  INFO   57 --- [age 1.0 (TID 1)] org.apache.spark.internal.Logging        : Running task 0.0 in stage 1.0 (TID 1)
2022-06-27 14:51:32.161  INFO   57 --- [age 1.0 (TID 1)] org.apache.spark.internal.Logging        : Found block input-0-1656337885826 locally
2022-06-27 14:51:32.318  INFO   57 --- [age 1.0 (TID 1)] org.apache.spark.internal.Logging        : Finished task 0.0 in stage 1.0 (TID 1). 39484 bytes result sent to driver
2022-06-27 14:51:32.350  INFO   57 --- [result-getter-0] org.apache.spark.internal.Logging        : Finished task 0.0 in stage 1.0 (TID 1) in 444 ms on host.docker.internal (executor driver) (1/1)
2022-06-27 14:51:32.355  INFO   57 --- [result-getter-0] org.apache.spark.internal.Logging        : Removed TaskSet 1.0, whose tasks have all completed, from pool 
2022-06-27 14:51:32.369  INFO   57 --- [uler-event-loop] org.apache.spark.internal.Logging        : ResultStage 1 (print at Application.java:213) finished in 0.482 s
2022-06-27 14:51:32.383  INFO   57 --- [uler-event-loop] org.apache.spark.internal.Logging        : Job 1 is finished. Cancelling potential speculative or zombie tasks for this job
2022-06-27 14:51:32.384  INFO   57 --- [uler-event-loop] org.apache.spark.internal.Logging        : Killing all running tasks in stage 1: Stage finished
2022-06-27 14:51:32.390  INFO   57 --- [-job-executor-0] org.apache.spark.internal.Logging        : Job 1 finished: print at Application.java:213, took 0.521158 s
2022-06-27 14:51:32.438  INFO   57 --- [   JobScheduler] org.apache.spark.internal.Logging        : Finished job streaming job 1656337890000 ms.1 from job set of time 1656337890000 ms
2022-06-27 14:51:32.439  INFO   57 --- [   JobScheduler] org.apache.spark.internal.Logging        : Total delay: 2.438 s for time 1656337890000 ms (execution: 2.415 s)
2022-06-27 14:51:32.441  INFO   57 --- [   JobGenerator] org.apache.spark.internal.Logging        : Removing RDD 2 from persistence list
2022-06-27 14:51:32.491  INFO   57 --- [   JobGenerator] org.apache.spark.internal.Logging        : Removing RDD 1 from persistence list
2022-06-27 14:51:32.494  INFO   57 --- [c-thread-pool-1] org.apache.spark.internal.Logging        : Removing RDD 2
2022-06-27 14:51:32.501  INFO   57 --- [ckManagerMaster] org.apache.spark.internal.Logging        : Removed broadcast_1_piece0 on host.docker.internal:54342 in memory (size: 2.4 KiB, free: 897.1 MiB)
2022-06-27 14:51:32.502  INFO   57 --- [   JobGenerator] org.apache.spark.internal.Logging        : Removing blocks of RDD BlockRDD[1] at receiverStream at Application.java:125 of time 1656337890000 ms
2022-06-27 14:51:32.504  INFO   57 --- [c-thread-pool-2] org.apache.spark.internal.Logging        : Removing RDD 1
2022-06-27 14:51:32.507  INFO   57 --- [   JobGenerator] org.apache.spark.internal.Logging        : Deleting batches: 
2022-06-27 14:51:32.510  INFO   57 --- [   JobGenerator] org.apache.spark.internal.Logging        : remove old batch metadata: 
2022-06-27 14:51:35.007  INFO   57 --- [   JobGenerator] org.apache.spark.internal.Logging        : Added jobs for time 1656337895000 ms
2022-06-27 14:51:35.009  INFO  133 --- [-job-executor-0] com.elite.cdr.validator.Application      : ******* MapPartitionsRDD[8] at map at Application.java:130 ********
2022-06-27 14:51:35.009  INFO   57 --- [   JobScheduler] org.apache.spark.internal.Logging        : Starting job streaming job 1656337895000 ms.0 from job set of time 1656337895000 ms
2022-06-27 14:51:35.011  WARN   69 --- [-job-executor-0] org.apache.spark.internal.Logging        : Using an existing SparkSession; the static sql configurations will not take effect.
2022-06-27 14:51:35.012  WARN   69 --- [-job-executor-0] org.apache.spark.internal.Logging        : Using an existing SparkSession; some spark core configurations may not take effect.
2022-06-27 14:51:35.016  INFO   57 --- [   JobScheduler] org.apache.spark.internal.Logging        : Finished job streaming job 1656337895000 ms.0 from job set of time 1656337895000 ms
2022-06-27 14:51:35.016  INFO   57 --- [   JobScheduler] org.apache.spark.internal.Logging        : Starting job streaming job 1656337895000 ms.1 from job set of time 1656337895000 ms
2022-06-27 14:51:35.018  INFO   57 --- [   JobScheduler] org.apache.spark.internal.Logging        : Finished job streaming job 1656337895000 ms.1 from job set of time 1656337895000 ms
2022-06-27 14:51:35.019  INFO   57 --- [   JobScheduler] org.apache.spark.internal.Logging        : Total delay: 0.017 s for time 1656337895000 ms (execution: 0.008 s)
2022-06-27 14:51:35.019  INFO   57 --- [   JobGenerator] org.apache.spark.internal.Logging        : Removing RDD 5 from persistence list
2022-06-27 14:51:35.021  INFO   57 --- [   JobGenerator] org.apache.spark.internal.Logging        : Removing RDD 4 from persistence list
2022-06-27 14:51:35.022  INFO   57 --- [c-thread-pool-9] org.apache.spark.internal.Logging        : Removing RDD 5
2022-06-27 14:51:35.024  INFO   57 --- [-thread-pool-10] org.apache.spark.internal.Logging        : Removing RDD 4
2022-06-27 14:51:35.023  INFO   57 --- [   JobGenerator] org.apache.spark.internal.Logging        : Removing blocks of RDD BlockRDD[4] at receiverStream at Application.java:125 of time 1656337895000 ms
2022-06-27 14:51:35.028  INFO   57 --- [   JobGenerator] org.apache.spark.internal.Logging        : Deleting batches: 1656337885000 ms
2022-06-27 14:51:35.029  INFO   57 --- [   JobGenerator] org.apache.spark.internal.Logging        : remove old batch metadata: 1656337885000 ms
2022-06-27 14:51:35.032  INFO   57 --- [ckManagerMaster] org.apache.spark.internal.Logging        : Removed input-0-1656337885826 on host.docker.internal:54342 in memory (size: 503.2 KiB, free: 897.6 MiB)
2022-06-27 14:51:36.267  WARN   69 --- [ver-heartbeater] org.apache.spark.internal.Logging        : Exception when trying to compute pagesize, as a result reporting of ProcessTree metrics is stopped
2022-06-27 14:51:40.005  INFO   57 --- [   JobGenerator] org.apache.spark.internal.Logging        : Added jobs for time 1656337900000 ms
2022-06-27 14:51:40.006  INFO   57 --- [   JobScheduler] org.apache.spark.internal.Logging        : Starting job streaming job 1656337900000 ms.0 from job set of time 1656337900000 ms
2022-06-27 14:51:40.006  INFO  133 --- [-job-executor-0] com.elite.cdr.validator.Application      : ******* MapPartitionsRDD[11] at map at Application.java:130 ********
2022-06-27 14:51:40.008  WARN   69 --- [-job-executor-0] org.apache.spark.internal.Logging        : Using an existing SparkSession; the static sql configurations will not take effect.
2022-06-27 14:51:40.008  WARN   69 --- [-job-executor-0] org.apache.spark.internal.Logging        : Using an existing SparkSession; some spark core configurations may not take effect.
2022-06-27 14:51:40.012  INFO   57 --- [   JobScheduler] org.apache.spark.internal.Logging        : Finished job streaming job 1656337900000 ms.0 from job set of time 1656337900000 ms
2022-06-27 14:51:40.012  INFO   57 --- [   JobScheduler] org.apache.spark.internal.Logging        : Starting job streaming job 1656337900000 ms.1 from job set of time 1656337900000 ms
2022-06-27 14:51:40.012  INFO   57 --- [   JobScheduler] org.apache.spark.internal.Logging        : Finished job streaming job 1656337900000 ms.1 from job set of time 1656337900000 ms
2022-06-27 14:51:40.013  INFO   57 --- [   JobScheduler] org.apache.spark.internal.Logging        : Total delay: 0.012 s for time 1656337900000 ms (execution: 0.006 s)
2022-06-27 14:51:40.013  INFO   57 --- [   JobGenerator] org.apache.spark.internal.Logging        : Removing RDD 8 from persistence list
2022-06-27 14:51:40.015  INFO   57 --- [   JobGenerator] org.apache.spark.internal.Logging        : Removing RDD 7 from persistence list
2022-06-27 14:51:40.015  INFO   57 --- [-thread-pool-18] org.apache.spark.internal.Logging        : Removing RDD 8
2022-06-27 14:51:40.016  INFO   57 --- [   JobGenerator] org.apache.spark.internal.Logging        : Removing blocks of RDD BlockRDD[7] at receiverStream at Application.java:125 of time 1656337900000 ms
2022-06-27 14:51:40.017  INFO   57 --- [-thread-pool-19] org.apache.spark.internal.Logging        : Removing RDD 7
2022-06-27 14:51:40.017  INFO   57 --- [   JobGenerator] org.apache.spark.internal.Logging        : Deleting batches: 1656337890000 ms
2022-06-27 14:51:40.019  INFO   57 --- [   JobGenerator] org.apache.spark.internal.Logging        : remove old batch metadata: 1656337890000 ms
2022-06-27 14:51:45.006  INFO   57 --- [   JobGenerator] org.apache.spark.internal.Logging        : Added jobs for time 1656337905000 ms
2022-06-27 14:51:45.007  INFO   57 --- [   JobScheduler] org.apache.spark.internal.Logging        : Starting job streaming job 1656337905000 ms.0 from job set of time 1656337905000 ms
2022-06-27 14:51:45.007  INFO  133 --- [-job-executor-0] com.elite.cdr.validator.Application      : ******* MapPartitionsRDD[14] at map at Application.java:130 ********
2022-06-27 14:51:45.008  WARN   69 --- [-job-executor-0] org.apache.spark.internal.Logging        : Using an existing SparkSession; the static sql configurations will not take effect.
2022-06-27 14:51:45.009  WARN   69 --- [-job-executor-0] org.apache.spark.internal.Logging        : Using an existing SparkSession; some spark core configurations may not take effect.
2022-06-27 14:51:45.011  INFO   57 --- [   JobScheduler] org.apache.spark.internal.Logging        : Finished job streaming job 1656337905000 ms.0 from job set of time 1656337905000 ms
2022-06-27 14:51:45.012  INFO   57 --- [   JobScheduler] org.apache.spark.internal.Logging        : Starting job streaming job 1656337905000 ms.1 from job set of time 1656337905000 ms
2022-06-27 14:51:45.013  INFO   57 --- [   JobScheduler] org.apache.spark.internal.Logging        : Finished job streaming job 1656337905000 ms.1 from job set of time 1656337905000 ms
2022-06-27 14:51:45.013  INFO   57 --- [   JobScheduler] org.apache.spark.internal.Logging        : Total delay: 0.012 s for time 1656337905000 ms (execution: 0.005 s)
2022-06-27 14:51:45.014  INFO   57 --- [   JobGenerator] org.apache.spark.internal.Logging        : Removing RDD 11 from persistence list
2022-06-27 14:51:45.015  INFO   57 --- [-thread-pool-24] org.apache.spark.internal.Logging        : Removing RDD 11
2022-06-27 14:51:45.015  INFO   57 --- [   JobGenerator] org.apache.spark.internal.Logging        : Removing RDD 10 from persistence list
2022-06-27 14:51:45.017  INFO   57 --- [-thread-pool-27] org.apache.spark.internal.Logging        : Removing RDD 10
2022-06-27 14:51:45.017  INFO   57 --- [   JobGenerator] org.apache.spark.internal.Logging        : Removing blocks of RDD BlockRDD[10] at receiverStream at Application.java:125 of time 1656337905000 ms
2022-06-27 14:51:45.018  INFO   57 --- [   JobGenerator] org.apache.spark.internal.Logging        : Deleting batches: 1656337895000 ms
2022-06-27 14:51:45.019  INFO   57 --- [   JobGenerator] org.apache.spark.internal.Logging        : remove old batch metadata: 1656337895000 ms
2022-06-27 14:51:50.006  INFO   57 --- [   JobGenerator] org.apache.spark.internal.Logging        : Added jobs for time 1656337910000 ms
2022-06-27 14:51:50.006  INFO   57 --- [   JobScheduler] org.apache.spark.internal.Logging        : Starting job streaming job 1656337910000 ms.0 from job set of time 1656337910000 ms
2022-06-27 14:51:50.006  INFO  133 --- [-job-executor-0] com.elite.cdr.validator.Application      : ******* MapPartitionsRDD[17] at map at Application.java:130 ********
2022-06-27 14:51:50.009  WARN   69 --- [-job-executor-0] org.apache.spark.internal.Logging        : Using an existing SparkSession; the static sql configurations will not take effect.
2022-06-27 14:51:50.009  WARN   69 --- [-job-executor-0] org.apache.spark.internal.Logging        : Using an existing SparkSession; some spark core configurations may not take effect.
2022-06-27 14:51:50.011  INFO   57 --- [   JobScheduler] org.apache.spark.internal.Logging        : Finished job streaming job 1656337910000 ms.0 from job set of time 1656337910000 ms
2022-06-27 14:51:50.011  INFO   57 --- [   JobScheduler] org.apache.spark.internal.Logging        : Starting job streaming job 1656337910000 ms.1 from job set of time 1656337910000 ms
2022-06-27 14:51:50.011  INFO   57 --- [   JobScheduler] org.apache.spark.internal.Logging        : Finished job streaming job 1656337910000 ms.1 from job set of time 1656337910000 ms
2022-06-27 14:51:50.012  INFO   57 --- [   JobScheduler] org.apache.spark.internal.Logging        : Total delay: 0.011 s for time 1656337910000 ms (execution: 0.005 s)
2022-06-27 14:51:50.012  INFO   57 --- [   JobGenerator] org.apache.spark.internal.Logging        : Removing RDD 14 from persistence list
2022-06-27 14:51:50.013  INFO   57 --- [   JobGenerator] org.apache.spark.internal.Logging        : Removing RDD 13 from persistence list
2022-06-27 14:51:50.013  INFO   57 --- [-thread-pool-30] org.apache.spark.internal.Logging        : Removing RDD 14
2022-06-27 14:51:50.015  INFO   57 --- [   JobGenerator] org.apache.spark.internal.Logging        : Removing blocks of RDD BlockRDD[13] at receiverStream at Application.java:125 of time 1656337910000 ms
2022-06-27 14:51:50.016  INFO   57 --- [   JobGenerator] org.apache.spark.internal.Logging        : Deleting batches: 1656337900000 ms
2022-06-27 14:51:50.016  INFO   57 --- [-thread-pool-32] org.apache.spark.internal.Logging        : Removing RDD 13
2022-06-27 14:51:50.016  INFO   57 --- [   JobGenerator] org.apache.spark.internal.Logging        : remove old batch metadata: 1656337900000 ms
2022-06-27 14:51:55.010  INFO   57 --- [   JobGenerator] org.apache.spark.internal.Logging        : Added jobs for time 1656337915000 ms
2022-06-27 14:51:55.011  INFO   57 --- [   JobScheduler] org.apache.spark.internal.Logging        : Starting job streaming job 1656337915000 ms.0 from job set of time 1656337915000 ms
2022-06-27 14:51:55.012  INFO  133 --- [-job-executor-0] com.elite.cdr.validator.Application      : ******* MapPartitionsRDD[20] at map at Application.java:130 ********
2022-06-27 14:51:55.017  WARN   69 --- [-job-executor-0] org.apache.spark.internal.Logging        : Using an existing SparkSession; the static sql configurations will not take effect.
2022-06-27 14:51:55.017  WARN   69 --- [-job-executor-0] org.apache.spark.internal.Logging        : Using an existing SparkSession; some spark core configurations may not take effect.
2022-06-27 14:51:55.021  INFO   57 --- [   JobScheduler] org.apache.spark.internal.Logging        : Finished job streaming job 1656337915000 ms.0 from job set of time 1656337915000 ms
2022-06-27 14:51:55.021  INFO   57 --- [   JobScheduler] org.apache.spark.internal.Logging        : Starting job streaming job 1656337915000 ms.1 from job set of time 1656337915000 ms
2022-06-27 14:51:55.022  INFO   57 --- [   JobScheduler] org.apache.spark.internal.Logging        : Finished job streaming job 1656337915000 ms.1 from job set of time 1656337915000 ms
2022-06-27 14:51:55.023  INFO   57 --- [   JobScheduler] org.apache.spark.internal.Logging        : Total delay: 0.022 s for time 1656337915000 ms (execution: 0.011 s)
2022-06-27 14:51:55.023  INFO   57 --- [   JobGenerator] org.apache.spark.internal.Logging        : Removing RDD 17 from persistence list
2022-06-27 14:51:55.025  INFO   57 --- [   JobGenerator] org.apache.spark.internal.Logging        : Removing RDD 16 from persistence list
2022-06-27 14:51:55.025  INFO   57 --- [-thread-pool-36] org.apache.spark.internal.Logging        : Removing RDD 17
2022-06-27 14:51:55.027  INFO   57 --- [   JobGenerator] org.apache.spark.internal.Logging        : Removing blocks of RDD BlockRDD[16] at receiverStream at Application.java:125 of time 1656337915000 ms
2022-06-27 14:51:55.028  INFO   57 --- [   JobGenerator] org.apache.spark.internal.Logging        : Deleting batches: 1656337905000 ms
2022-06-27 14:51:55.028  INFO   57 --- [   JobGenerator] org.apache.spark.internal.Logging        : remove old batch metadata: 1656337905000 ms
2022-06-27 14:51:55.029  INFO   57 --- [-thread-pool-39] org.apache.spark.internal.Logging        : Removing RDD 16
2022-06-27 14:52:00.004  INFO   57 --- [   JobGenerator] org.apache.spark.internal.Logging        : Added jobs for time 1656337920000 ms
2022-06-27 14:52:00.004  INFO   57 --- [   JobScheduler] org.apache.spark.internal.Logging        : Starting job streaming job 1656337920000 ms.0 from job set of time 1656337920000 ms
2022-06-27 14:52:00.005  INFO  133 --- [-job-executor-0] com.elite.cdr.validator.Application      : ******* MapPartitionsRDD[23] at map at Application.java:130 ********
2022-06-27 14:52:00.007  WARN   69 --- [-job-executor-0] org.apache.spark.internal.Logging        : Using an existing SparkSession; the static sql configurations will not take effect.
2022-06-27 14:52:00.007  WARN   69 --- [-job-executor-0] org.apache.spark.internal.Logging        : Using an existing SparkSession; some spark core configurations may not take effect.
2022-06-27 14:52:00.011  INFO   57 --- [   JobScheduler] org.apache.spark.internal.Logging        : Finished job streaming job 1656337920000 ms.0 from job set of time 1656337920000 ms
2022-06-27 14:52:00.013  INFO   57 --- [   JobScheduler] org.apache.spark.internal.Logging        : Starting job streaming job 1656337920000 ms.1 from job set of time 1656337920000 ms
2022-06-27 14:52:00.013  INFO   57 --- [   JobScheduler] org.apache.spark.internal.Logging        : Finished job streaming job 1656337920000 ms.1 from job set of time 1656337920000 ms
2022-06-27 14:52:00.014  INFO   57 --- [   JobScheduler] org.apache.spark.internal.Logging        : Total delay: 0.013 s for time 1656337920000 ms (execution: 0.009 s)
2022-06-27 14:52:00.015  INFO   57 --- [   JobGenerator] org.apache.spark.internal.Logging        : Removing RDD 20 from persistence list
2022-06-27 14:52:00.016  INFO   57 --- [   JobGenerator] org.apache.spark.internal.Logging        : Removing RDD 19 from persistence list
2022-06-27 14:52:00.017  INFO   57 --- [   JobGenerator] org.apache.spark.internal.Logging        : Removing blocks of RDD BlockRDD[19] at receiverStream at Application.java:125 of time 1656337920000 ms
2022-06-27 14:52:00.018  INFO   57 --- [   JobGenerator] org.apache.spark.internal.Logging        : Deleting batches: 1656337910000 ms
2022-06-27 14:52:00.019  INFO   57 --- [   JobGenerator] org.apache.spark.internal.Logging        : remove old batch metadata: 1656337910000 ms
2022-06-27 14:52:00.021  INFO   57 --- [-thread-pool-42] org.apache.spark.internal.Logging        : Removing RDD 20
2022-06-27 14:52:00.023  INFO   57 --- [-thread-pool-43] org.apache.spark.internal.Logging        : Removing RDD 19
2022-06-27 14:52:05.006  INFO   57 --- [   JobGenerator] org.apache.spark.internal.Logging        : Added jobs for time 1656337925000 ms
2022-06-27 14:52:05.006  INFO   57 --- [   JobScheduler] org.apache.spark.internal.Logging        : Starting job streaming job 1656337925000 ms.0 from job set of time 1656337925000 ms
2022-06-27 14:52:05.007  INFO  133 --- [-job-executor-0] com.elite.cdr.validator.Application      : ******* MapPartitionsRDD[26] at map at Application.java:130 ********
2022-06-27 14:52:05.008  WARN   69 --- [-job-executor-0] org.apache.spark.internal.Logging        : Using an existing SparkSession; the static sql configurations will not take effect.
2022-06-27 14:52:05.008  WARN   69 --- [-job-executor-0] org.apache.spark.internal.Logging        : Using an existing SparkSession; some spark core configurations may not take effect.
2022-06-27 14:52:05.010  INFO   57 --- [   JobScheduler] org.apache.spark.internal.Logging        : Finished job streaming job 1656337925000 ms.0 from job set of time 1656337925000 ms
2022-06-27 14:52:05.010  INFO   57 --- [   JobScheduler] org.apache.spark.internal.Logging        : Starting job streaming job 1656337925000 ms.1 from job set of time 1656337925000 ms
2022-06-27 14:52:05.011  INFO   57 --- [   JobScheduler] org.apache.spark.internal.Logging        : Finished job streaming job 1656337925000 ms.1 from job set of time 1656337925000 ms
2022-06-27 14:52:05.011  INFO   57 --- [   JobScheduler] org.apache.spark.internal.Logging        : Total delay: 0.011 s for time 1656337925000 ms (execution: 0.005 s)
2022-06-27 14:52:05.012  INFO   57 --- [   JobGenerator] org.apache.spark.internal.Logging        : Removing RDD 23 from persistence list
2022-06-27 14:52:05.013  INFO   57 --- [   JobGenerator] org.apache.spark.internal.Logging        : Removing RDD 22 from persistence list
2022-06-27 14:52:05.013  INFO   57 --- [-thread-pool-48] org.apache.spark.internal.Logging        : Removing RDD 23
2022-06-27 14:52:05.016  INFO   57 --- [   JobGenerator] org.apache.spark.internal.Logging        : Removing blocks of RDD BlockRDD[22] at receiverStream at Application.java:125 of time 1656337925000 ms
2022-06-27 14:52:05.016  INFO   57 --- [   JobGenerator] org.apache.spark.internal.Logging        : Deleting batches: 1656337915000 ms
2022-06-27 14:52:05.017  INFO   57 --- [   JobGenerator] org.apache.spark.internal.Logging        : remove old batch metadata: 1656337915000 ms
2022-06-27 14:52:05.020  INFO   57 --- [-thread-pool-51] org.apache.spark.internal.Logging        : Removing RDD 22
2022-06-27 14:52:10.007  INFO   57 --- [   JobGenerator] org.apache.spark.internal.Logging        : Added jobs for time 1656337930000 ms
2022-06-27 14:52:10.008  INFO   57 --- [   JobScheduler] org.apache.spark.internal.Logging        : Starting job streaming job 1656337930000 ms.0 from job set of time 1656337930000 ms
2022-06-27 14:52:10.009  INFO  133 --- [-job-executor-0] com.elite.cdr.validator.Application      : ******* MapPartitionsRDD[29] at map at Application.java:130 ********
2022-06-27 14:52:10.012  WARN   69 --- [-job-executor-0] org.apache.spark.internal.Logging        : Using an existing SparkSession; the static sql configurations will not take effect.
2022-06-27 14:52:10.012  WARN   69 --- [-job-executor-0] org.apache.spark.internal.Logging        : Using an existing SparkSession; some spark core configurations may not take effect.
2022-06-27 14:52:10.016  INFO   57 --- [   JobScheduler] org.apache.spark.internal.Logging        : Finished job streaming job 1656337930000 ms.0 from job set of time 1656337930000 ms
2022-06-27 14:52:10.016  INFO   57 --- [   JobScheduler] org.apache.spark.internal.Logging        : Starting job streaming job 1656337930000 ms.1 from job set of time 1656337930000 ms
2022-06-27 14:52:10.019  INFO   57 --- [   JobScheduler] org.apache.spark.internal.Logging        : Finished job streaming job 1656337930000 ms.1 from job set of time 1656337930000 ms
2022-06-27 14:52:10.021  INFO   57 --- [   JobScheduler] org.apache.spark.internal.Logging        : Total delay: 0.019 s for time 1656337930000 ms (execution: 0.011 s)
2022-06-27 14:52:10.021  INFO   57 --- [   JobGenerator] org.apache.spark.internal.Logging        : Removing RDD 26 from persistence list
2022-06-27 14:52:10.023  INFO   57 --- [-thread-pool-54] org.apache.spark.internal.Logging        : Removing RDD 26
2022-06-27 14:52:10.023  INFO   57 --- [   JobGenerator] org.apache.spark.internal.Logging        : Removing RDD 25 from persistence list
2022-06-27 14:52:10.025  INFO   57 --- [   JobGenerator] org.apache.spark.internal.Logging        : Removing blocks of RDD BlockRDD[25] at receiverStream at Application.java:125 of time 1656337930000 ms
2022-06-27 14:52:10.026  INFO   57 --- [   JobGenerator] org.apache.spark.internal.Logging        : Deleting batches: 1656337920000 ms
2022-06-27 14:52:10.027  INFO   57 --- [   JobGenerator] org.apache.spark.internal.Logging        : remove old batch metadata: 1656337920000 ms
2022-06-27 14:52:10.028  INFO   57 --- [-thread-pool-57] org.apache.spark.internal.Logging        : Removing RDD 25
2022-06-27 14:52:15.005  INFO   57 --- [   JobGenerator] org.apache.spark.internal.Logging        : Added jobs for time 1656337935000 ms
2022-06-27 14:52:15.005  INFO   57 --- [   JobScheduler] org.apache.spark.internal.Logging        : Starting job streaming job 1656337935000 ms.0 from job set of time 1656337935000 ms
2022-06-27 14:52:15.005  INFO  133 --- [-job-executor-0] com.elite.cdr.validator.Application      : ******* MapPartitionsRDD[32] at map at Application.java:130 ********
2022-06-27 14:52:15.007  WARN   69 --- [-job-executor-0] org.apache.spark.internal.Logging        : Using an existing SparkSession; the static sql configurations will not take effect.
2022-06-27 14:52:15.007  WARN   69 --- [-job-executor-0] org.apache.spark.internal.Logging        : Using an existing SparkSession; some spark core configurations may not take effect.
2022-06-27 14:52:15.009  INFO   57 --- [   JobScheduler] org.apache.spark.internal.Logging        : Finished job streaming job 1656337935000 ms.0 from job set of time 1656337935000 ms
2022-06-27 14:52:15.009  INFO   57 --- [   JobScheduler] org.apache.spark.internal.Logging        : Starting job streaming job 1656337935000 ms.1 from job set of time 1656337935000 ms
2022-06-27 14:52:15.010  INFO   57 --- [   JobScheduler] org.apache.spark.internal.Logging        : Finished job streaming job 1656337935000 ms.1 from job set of time 1656337935000 ms
2022-06-27 14:52:15.010  INFO   57 --- [   JobScheduler] org.apache.spark.internal.Logging        : Total delay: 0.010 s for time 1656337935000 ms (execution: 0.005 s)
2022-06-27 14:52:15.010  INFO   57 --- [   JobGenerator] org.apache.spark.internal.Logging        : Removing RDD 29 from persistence list
2022-06-27 14:52:15.011  INFO   57 --- [   JobGenerator] org.apache.spark.internal.Logging        : Removing RDD 28 from persistence list
2022-06-27 14:52:15.011  INFO   57 --- [-thread-pool-60] org.apache.spark.internal.Logging        : Removing RDD 29
2022-06-27 14:52:15.013  INFO   57 --- [   JobGenerator] org.apache.spark.internal.Logging        : Removing blocks of RDD BlockRDD[28] at receiverStream at Application.java:125 of time 1656337935000 ms
2022-06-27 14:52:15.013  INFO   57 --- [-thread-pool-61] org.apache.spark.internal.Logging        : Removing RDD 28
2022-06-27 14:52:15.013  INFO   57 --- [   JobGenerator] org.apache.spark.internal.Logging        : Deleting batches: 1656337925000 ms
2022-06-27 14:52:15.014  INFO   57 --- [   JobGenerator] org.apache.spark.internal.Logging        : remove old batch metadata: 1656337925000 ms
2022-06-27 14:52:20.006  INFO   57 --- [   JobGenerator] org.apache.spark.internal.Logging        : Added jobs for time 1656337940000 ms
2022-06-27 14:52:20.008  INFO   57 --- [   JobScheduler] org.apache.spark.internal.Logging        : Starting job streaming job 1656337940000 ms.0 from job set of time 1656337940000 ms
2022-06-27 14:52:20.008  INFO  133 --- [-job-executor-0] com.elite.cdr.validator.Application      : ******* MapPartitionsRDD[35] at map at Application.java:130 ********
2022-06-27 14:52:20.011  WARN   69 --- [-job-executor-0] org.apache.spark.internal.Logging        : Using an existing SparkSession; the static sql configurations will not take effect.
2022-06-27 14:52:20.012  WARN   69 --- [-job-executor-0] org.apache.spark.internal.Logging        : Using an existing SparkSession; some spark core configurations may not take effect.
2022-06-27 14:52:20.018  INFO   57 --- [   JobScheduler] org.apache.spark.internal.Logging        : Finished job streaming job 1656337940000 ms.0 from job set of time 1656337940000 ms
2022-06-27 14:52:20.019  INFO   57 --- [   JobScheduler] org.apache.spark.internal.Logging        : Starting job streaming job 1656337940000 ms.1 from job set of time 1656337940000 ms
2022-06-27 14:52:20.020  INFO   57 --- [   JobScheduler] org.apache.spark.internal.Logging        : Finished job streaming job 1656337940000 ms.1 from job set of time 1656337940000 ms
2022-06-27 14:52:20.021  INFO   57 --- [   JobScheduler] org.apache.spark.internal.Logging        : Total delay: 0.020 s for time 1656337940000 ms (execution: 0.013 s)
2022-06-27 14:52:20.021  INFO   57 --- [   JobGenerator] org.apache.spark.internal.Logging        : Removing RDD 32 from persistence list
2022-06-27 14:52:20.023  INFO   57 --- [   JobGenerator] org.apache.spark.internal.Logging        : Removing RDD 31 from persistence list
2022-06-27 14:52:20.023  INFO   57 --- [-thread-pool-66] org.apache.spark.internal.Logging        : Removing RDD 32
2022-06-27 14:52:20.026  INFO   57 --- [   JobGenerator] org.apache.spark.internal.Logging        : Removing blocks of RDD BlockRDD[31] at receiverStream at Application.java:125 of time 1656337940000 ms
2022-06-27 14:52:20.026  INFO   57 --- [-thread-pool-68] org.apache.spark.internal.Logging        : Removing RDD 31
2022-06-27 14:52:20.027  INFO   57 --- [   JobGenerator] org.apache.spark.internal.Logging        : Deleting batches: 1656337930000 ms
2022-06-27 14:52:20.027  INFO   57 --- [   JobGenerator] org.apache.spark.internal.Logging        : remove old batch metadata: 1656337930000 ms
2022-06-27 14:52:25.003  INFO   57 --- [   JobGenerator] org.apache.spark.internal.Logging        : Added jobs for time 1656337945000 ms
2022-06-27 14:52:25.004  INFO   57 --- [   JobScheduler] org.apache.spark.internal.Logging        : Starting job streaming job 1656337945000 ms.0 from job set of time 1656337945000 ms
2022-06-27 14:52:25.004  INFO  133 --- [-job-executor-0] com.elite.cdr.validator.Application      : ******* MapPartitionsRDD[38] at map at Application.java:130 ********
2022-06-27 14:52:25.005  WARN   69 --- [-job-executor-0] org.apache.spark.internal.Logging        : Using an existing SparkSession; the static sql configurations will not take effect.
2022-06-27 14:52:25.005  WARN   69 --- [-job-executor-0] org.apache.spark.internal.Logging        : Using an existing SparkSession; some spark core configurations may not take effect.
2022-06-27 14:52:25.011  INFO   57 --- [   JobScheduler] org.apache.spark.internal.Logging        : Finished job streaming job 1656337945000 ms.0 from job set of time 1656337945000 ms
2022-06-27 14:52:25.011  INFO   57 --- [   JobScheduler] org.apache.spark.internal.Logging        : Starting job streaming job 1656337945000 ms.1 from job set of time 1656337945000 ms
2022-06-27 14:52:25.012  INFO   57 --- [   JobScheduler] org.apache.spark.internal.Logging        : Finished job streaming job 1656337945000 ms.1 from job set of time 1656337945000 ms
2022-06-27 14:52:25.013  INFO   57 --- [   JobScheduler] org.apache.spark.internal.Logging        : Total delay: 0.012 s for time 1656337945000 ms (execution: 0.009 s)
2022-06-27 14:52:25.013  INFO   57 --- [   JobGenerator] org.apache.spark.internal.Logging        : Removing RDD 35 from persistence list
2022-06-27 14:52:25.014  INFO   57 --- [   JobGenerator] org.apache.spark.internal.Logging        : Removing RDD 34 from persistence list
2022-06-27 14:52:25.015  INFO   57 --- [-thread-pool-72] org.apache.spark.internal.Logging        : Removing RDD 35
2022-06-27 14:52:25.017  INFO   57 --- [-thread-pool-73] org.apache.spark.internal.Logging        : Removing RDD 34
2022-06-27 14:52:25.016  INFO   57 --- [   JobGenerator] org.apache.spark.internal.Logging        : Removing blocks of RDD BlockRDD[34] at receiverStream at Application.java:125 of time 1656337945000 ms
2022-06-27 14:52:25.019  INFO   57 --- [   JobGenerator] org.apache.spark.internal.Logging        : Deleting batches: 1656337935000 ms
2022-06-27 14:52:25.019  INFO   57 --- [   JobGenerator] org.apache.spark.internal.Logging        : remove old batch metadata: 1656337935000 ms
2022-06-27 14:52:29.352  INFO  571 --- [ool Maintenance] g.apache.nifi.remote.client.PeerSelector : Successfully refreshed peer status cache; remote group consists of 1 peers
2022-06-27 14:52:30.008  INFO   57 --- [   JobGenerator] org.apache.spark.internal.Logging        : Added jobs for time 1656337950000 ms
2022-06-27 14:52:30.009  INFO   57 --- [   JobScheduler] org.apache.spark.internal.Logging        : Starting job streaming job 1656337950000 ms.0 from job set of time 1656337950000 ms
2022-06-27 14:52:30.009  INFO  133 --- [-job-executor-0] com.elite.cdr.validator.Application      : ******* MapPartitionsRDD[41] at map at Application.java:130 ********
2022-06-27 14:52:30.011  WARN   69 --- [-job-executor-0] org.apache.spark.internal.Logging        : Using an existing SparkSession; the static sql configurations will not take effect.
2022-06-27 14:52:30.013  WARN   69 --- [-job-executor-0] org.apache.spark.internal.Logging        : Using an existing SparkSession; some spark core configurations may not take effect.
2022-06-27 14:52:30.016  INFO   57 --- [   JobScheduler] org.apache.spark.internal.Logging        : Finished job streaming job 1656337950000 ms.0 from job set of time 1656337950000 ms
2022-06-27 14:52:30.017  INFO   57 --- [   JobScheduler] org.apache.spark.internal.Logging        : Starting job streaming job 1656337950000 ms.1 from job set of time 1656337950000 ms
2022-06-27 14:52:30.017  INFO   57 --- [   JobScheduler] org.apache.spark.internal.Logging        : Finished job streaming job 1656337950000 ms.1 from job set of time 1656337950000 ms
2022-06-27 14:52:30.018  INFO   57 --- [   JobScheduler] org.apache.spark.internal.Logging        : Total delay: 0.017 s for time 1656337950000 ms (execution: 0.009 s)
2022-06-27 14:52:30.018  INFO   57 --- [   JobGenerator] org.apache.spark.internal.Logging        : Removing RDD 38 from persistence list
2022-06-27 14:52:30.020  INFO   57 --- [-thread-pool-78] org.apache.spark.internal.Logging        : Removing RDD 38
2022-06-27 14:52:30.020  INFO   57 --- [   JobGenerator] org.apache.spark.internal.Logging        : Removing RDD 37 from persistence list
2022-06-27 14:52:30.022  INFO   57 --- [   JobGenerator] org.apache.spark.internal.Logging        : Removing blocks of RDD BlockRDD[37] at receiverStream at Application.java:125 of time 1656337950000 ms
2022-06-27 14:52:30.023  INFO   57 --- [-thread-pool-81] org.apache.spark.internal.Logging        : Removing RDD 37
2022-06-27 14:52:30.023  INFO   57 --- [   JobGenerator] org.apache.spark.internal.Logging        : Deleting batches: 1656337940000 ms
2022-06-27 14:52:30.024  INFO   57 --- [   JobGenerator] org.apache.spark.internal.Logging        : remove old batch metadata: 1656337940000 ms
2022-06-27 14:52:35.004  INFO   57 --- [   JobGenerator] org.apache.spark.internal.Logging        : Added jobs for time 1656337955000 ms
2022-06-27 14:52:35.004  INFO   57 --- [   JobScheduler] org.apache.spark.internal.Logging        : Starting job streaming job 1656337955000 ms.0 from job set of time 1656337955000 ms
2022-06-27 14:52:35.004  INFO  133 --- [-job-executor-0] com.elite.cdr.validator.Application      : ******* MapPartitionsRDD[44] at map at Application.java:130 ********
2022-06-27 14:52:35.006  WARN   69 --- [-job-executor-0] org.apache.spark.internal.Logging        : Using an existing SparkSession; the static sql configurations will not take effect.
2022-06-27 14:52:35.006  WARN   69 --- [-job-executor-0] org.apache.spark.internal.Logging        : Using an existing SparkSession; some spark core configurations may not take effect.
2022-06-27 14:52:35.009  INFO   57 --- [   JobScheduler] org.apache.spark.internal.Logging        : Finished job streaming job 1656337955000 ms.0 from job set of time 1656337955000 ms
2022-06-27 14:52:35.009  INFO   57 --- [   JobScheduler] org.apache.spark.internal.Logging        : Starting job streaming job 1656337955000 ms.1 from job set of time 1656337955000 ms
2022-06-27 14:52:35.010  INFO   57 --- [   JobScheduler] org.apache.spark.internal.Logging        : Finished job streaming job 1656337955000 ms.1 from job set of time 1656337955000 ms
2022-06-27 14:52:35.010  INFO   57 --- [   JobScheduler] org.apache.spark.internal.Logging        : Total delay: 0.010 s for time 1656337955000 ms (execution: 0.006 s)
2022-06-27 14:52:35.010  INFO   57 --- [   JobGenerator] org.apache.spark.internal.Logging        : Removing RDD 41 from persistence list
2022-06-27 14:52:35.012  INFO   57 --- [   JobGenerator] org.apache.spark.internal.Logging        : Removing RDD 40 from persistence list
2022-06-27 14:52:35.013  INFO   57 --- [-thread-pool-84] org.apache.spark.internal.Logging        : Removing RDD 41
2022-06-27 14:52:35.014  INFO   57 --- [-thread-pool-85] org.apache.spark.internal.Logging        : Removing RDD 40
2022-06-27 14:52:35.013  INFO   57 --- [   JobGenerator] org.apache.spark.internal.Logging        : Removing blocks of RDD BlockRDD[40] at receiverStream at Application.java:125 of time 1656337955000 ms
2022-06-27 14:52:35.016  INFO   57 --- [   JobGenerator] org.apache.spark.internal.Logging        : Deleting batches: 1656337945000 ms
2022-06-27 14:52:35.017  INFO   57 --- [   JobGenerator] org.apache.spark.internal.Logging        : remove old batch metadata: 1656337945000 ms
2022-06-27 14:52:40.004  INFO   57 --- [   JobGenerator] org.apache.spark.internal.Logging        : Added jobs for time 1656337960000 ms
2022-06-27 14:52:40.005  INFO   57 --- [   JobScheduler] org.apache.spark.internal.Logging        : Starting job streaming job 1656337960000 ms.0 from job set of time 1656337960000 ms
2022-06-27 14:52:40.005  INFO  133 --- [-job-executor-0] com.elite.cdr.validator.Application      : ******* MapPartitionsRDD[47] at map at Application.java:130 ********
2022-06-27 14:52:40.006  WARN   69 --- [-job-executor-0] org.apache.spark.internal.Logging        : Using an existing SparkSession; the static sql configurations will not take effect.
2022-06-27 14:52:40.006  WARN   69 --- [-job-executor-0] org.apache.spark.internal.Logging        : Using an existing SparkSession; some spark core configurations may not take effect.
2022-06-27 14:52:40.008  INFO   57 --- [   JobScheduler] org.apache.spark.internal.Logging        : Finished job streaming job 1656337960000 ms.0 from job set of time 1656337960000 ms
2022-06-27 14:52:40.008  INFO   57 --- [   JobScheduler] org.apache.spark.internal.Logging        : Starting job streaming job 1656337960000 ms.1 from job set of time 1656337960000 ms
2022-06-27 14:52:40.009  INFO   57 --- [   JobScheduler] org.apache.spark.internal.Logging        : Finished job streaming job 1656337960000 ms.1 from job set of time 1656337960000 ms
2022-06-27 14:52:40.009  INFO   57 --- [   JobScheduler] org.apache.spark.internal.Logging        : Total delay: 0.009 s for time 1656337960000 ms (execution: 0.004 s)
2022-06-27 14:52:40.009  INFO   57 --- [   JobGenerator] org.apache.spark.internal.Logging        : Removing RDD 44 from persistence list
2022-06-27 14:52:40.010  INFO   57 --- [   JobGenerator] org.apache.spark.internal.Logging        : Removing RDD 43 from persistence list
2022-06-27 14:52:40.010  INFO   57 --- [-thread-pool-90] org.apache.spark.internal.Logging        : Removing RDD 44
2022-06-27 14:52:40.012  INFO   57 --- [   JobGenerator] org.apache.spark.internal.Logging        : Removing blocks of RDD BlockRDD[43] at receiverStream at Application.java:125 of time 1656337960000 ms
2022-06-27 14:52:40.012  INFO   57 --- [-thread-pool-92] org.apache.spark.internal.Logging        : Removing RDD 43
2022-06-27 14:52:40.013  INFO   57 --- [   JobGenerator] org.apache.spark.internal.Logging        : Deleting batches: 1656337950000 ms
2022-06-27 14:52:40.013  INFO   57 --- [   JobGenerator] org.apache.spark.internal.Logging        : remove old batch metadata: 1656337950000 ms
2022-06-27 14:52:45.006  INFO   57 --- [   JobGenerator] org.apache.spark.internal.Logging        : Added jobs for time 1656337965000 ms
2022-06-27 14:52:45.006  INFO   57 --- [   JobScheduler] org.apache.spark.internal.Logging        : Starting job streaming job 1656337965000 ms.0 from job set of time 1656337965000 ms
2022-06-27 14:52:45.006  INFO  133 --- [-job-executor-0] com.elite.cdr.validator.Application      : ******* MapPartitionsRDD[50] at map at Application.java:130 ********
2022-06-27 14:52:45.007  WARN   69 --- [-job-executor-0] org.apache.spark.internal.Logging        : Using an existing SparkSession; the static sql configurations will not take effect.
2022-06-27 14:52:45.007  WARN   69 --- [-job-executor-0] org.apache.spark.internal.Logging        : Using an existing SparkSession; some spark core configurations may not take effect.
2022-06-27 14:52:45.009  INFO   57 --- [   JobScheduler] org.apache.spark.internal.Logging        : Finished job streaming job 1656337965000 ms.0 from job set of time 1656337965000 ms
2022-06-27 14:52:45.009  INFO   57 --- [   JobScheduler] org.apache.spark.internal.Logging        : Starting job streaming job 1656337965000 ms.1 from job set of time 1656337965000 ms
2022-06-27 14:52:45.009  INFO   57 --- [   JobScheduler] org.apache.spark.internal.Logging        : Finished job streaming job 1656337965000 ms.1 from job set of time 1656337965000 ms
2022-06-27 14:52:45.010  INFO   57 --- [   JobScheduler] org.apache.spark.internal.Logging        : Total delay: 0.009 s for time 1656337965000 ms (execution: 0.003 s)
2022-06-27 14:52:45.010  INFO   57 --- [   JobGenerator] org.apache.spark.internal.Logging        : Removing RDD 47 from persistence list
2022-06-27 14:52:45.011  INFO   57 --- [   JobGenerator] org.apache.spark.internal.Logging        : Removing RDD 46 from persistence list
2022-06-27 14:52:45.011  INFO   57 --- [-thread-pool-96] org.apache.spark.internal.Logging        : Removing RDD 47
2022-06-27 14:52:45.013  INFO   57 --- [   JobGenerator] org.apache.spark.internal.Logging        : Removing blocks of RDD BlockRDD[46] at receiverStream at Application.java:125 of time 1656337965000 ms
2022-06-27 14:52:45.013  INFO   57 --- [-thread-pool-98] org.apache.spark.internal.Logging        : Removing RDD 46
2022-06-27 14:52:45.014  INFO   57 --- [   JobGenerator] org.apache.spark.internal.Logging        : Deleting batches: 1656337955000 ms
2022-06-27 14:52:45.014  INFO   57 --- [   JobGenerator] org.apache.spark.internal.Logging        : remove old batch metadata: 1656337955000 ms
2022-06-27 14:52:50.006  INFO   57 --- [   JobGenerator] org.apache.spark.internal.Logging        : Added jobs for time 1656337970000 ms
2022-06-27 14:52:50.007  INFO   57 --- [   JobScheduler] org.apache.spark.internal.Logging        : Starting job streaming job 1656337970000 ms.0 from job set of time 1656337970000 ms
2022-06-27 14:52:50.007  INFO  133 --- [-job-executor-0] com.elite.cdr.validator.Application      : ******* MapPartitionsRDD[53] at map at Application.java:130 ********
2022-06-27 14:52:50.010  WARN   69 --- [-job-executor-0] org.apache.spark.internal.Logging        : Using an existing SparkSession; the static sql configurations will not take effect.
2022-06-27 14:52:50.010  WARN   69 --- [-job-executor-0] org.apache.spark.internal.Logging        : Using an existing SparkSession; some spark core configurations may not take effect.
2022-06-27 14:52:50.016  INFO   57 --- [   JobScheduler] org.apache.spark.internal.Logging        : Finished job streaming job 1656337970000 ms.0 from job set of time 1656337970000 ms
2022-06-27 14:52:50.018  INFO   57 --- [   JobScheduler] org.apache.spark.internal.Logging        : Starting job streaming job 1656337970000 ms.1 from job set of time 1656337970000 ms
2022-06-27 14:52:50.019  INFO   57 --- [   JobScheduler] org.apache.spark.internal.Logging        : Finished job streaming job 1656337970000 ms.1 from job set of time 1656337970000 ms
2022-06-27 14:52:50.021  INFO   57 --- [   JobScheduler] org.apache.spark.internal.Logging        : Total delay: 0.019 s for time 1656337970000 ms (execution: 0.012 s)
2022-06-27 14:52:50.021  INFO   57 --- [   JobGenerator] org.apache.spark.internal.Logging        : Removing RDD 50 from persistence list
2022-06-27 14:52:50.023  INFO   57 --- [   JobGenerator] org.apache.spark.internal.Logging        : Removing RDD 49 from persistence list
2022-06-27 14:52:50.023  INFO   57 --- [thread-pool-102] org.apache.spark.internal.Logging        : Removing RDD 50
2022-06-27 14:52:50.026  INFO   57 --- [   JobGenerator] org.apache.spark.internal.Logging        : Removing blocks of RDD BlockRDD[49] at receiverStream at Application.java:125 of time 1656337970000 ms
2022-06-27 14:52:50.026  INFO   57 --- [thread-pool-103] org.apache.spark.internal.Logging        : Removing RDD 49
2022-06-27 14:52:50.027  INFO   57 --- [   JobGenerator] org.apache.spark.internal.Logging        : Deleting batches: 1656337960000 ms
2022-06-27 14:52:50.027  INFO   57 --- [   JobGenerator] org.apache.spark.internal.Logging        : remove old batch metadata: 1656337960000 ms
2022-06-27 14:52:55.003  INFO   57 --- [   JobGenerator] org.apache.spark.internal.Logging        : Added jobs for time 1656337975000 ms
2022-06-27 14:52:55.004  INFO   57 --- [   JobScheduler] org.apache.spark.internal.Logging        : Starting job streaming job 1656337975000 ms.0 from job set of time 1656337975000 ms
2022-06-27 14:52:55.004  INFO  133 --- [-job-executor-0] com.elite.cdr.validator.Application      : ******* MapPartitionsRDD[56] at map at Application.java:130 ********
2022-06-27 14:52:55.006  WARN   69 --- [-job-executor-0] org.apache.spark.internal.Logging        : Using an existing SparkSession; the static sql configurations will not take effect.
2022-06-27 14:52:55.007  WARN   69 --- [-job-executor-0] org.apache.spark.internal.Logging        : Using an existing SparkSession; some spark core configurations may not take effect.
2022-06-27 14:52:55.011  INFO   57 --- [   JobScheduler] org.apache.spark.internal.Logging        : Finished job streaming job 1656337975000 ms.0 from job set of time 1656337975000 ms
2022-06-27 14:52:55.013  INFO   57 --- [   JobScheduler] org.apache.spark.internal.Logging        : Starting job streaming job 1656337975000 ms.1 from job set of time 1656337975000 ms
2022-06-27 14:52:55.014  INFO   57 --- [   JobScheduler] org.apache.spark.internal.Logging        : Finished job streaming job 1656337975000 ms.1 from job set of time 1656337975000 ms
2022-06-27 14:52:55.015  INFO   57 --- [   JobScheduler] org.apache.spark.internal.Logging        : Total delay: 0.014 s for time 1656337975000 ms (execution: 0.010 s)
2022-06-27 14:52:55.015  INFO   57 --- [   JobGenerator] org.apache.spark.internal.Logging        : Removing RDD 53 from persistence list
2022-06-27 14:52:55.017  INFO   57 --- [   JobGenerator] org.apache.spark.internal.Logging        : Removing RDD 52 from persistence list
2022-06-27 14:52:55.017  INFO   57 --- [thread-pool-108] org.apache.spark.internal.Logging        : Removing RDD 53
2022-06-27 14:52:55.019  INFO   57 --- [   JobGenerator] org.apache.spark.internal.Logging        : Removing blocks of RDD BlockRDD[52] at receiverStream at Application.java:125 of time 1656337975000 ms
2022-06-27 14:52:55.019  INFO   57 --- [thread-pool-109] org.apache.spark.internal.Logging        : Removing RDD 52
2022-06-27 14:52:55.021  INFO   57 --- [   JobGenerator] org.apache.spark.internal.Logging        : Deleting batches: 1656337965000 ms
2022-06-27 14:52:55.022  INFO   57 --- [   JobGenerator] org.apache.spark.internal.Logging        : remove old batch metadata: 1656337965000 ms
2022-06-27 14:53:00.006  INFO   57 --- [   JobGenerator] org.apache.spark.internal.Logging        : Added jobs for time 1656337980000 ms
2022-06-27 14:53:00.007  INFO   57 --- [   JobScheduler] org.apache.spark.internal.Logging        : Starting job streaming job 1656337980000 ms.0 from job set of time 1656337980000 ms
2022-06-27 14:53:00.007  INFO  133 --- [-job-executor-0] com.elite.cdr.validator.Application      : ******* MapPartitionsRDD[59] at map at Application.java:130 ********
2022-06-27 14:53:00.008  WARN   69 --- [-job-executor-0] org.apache.spark.internal.Logging        : Using an existing SparkSession; the static sql configurations will not take effect.
2022-06-27 14:53:00.008  WARN   69 --- [-job-executor-0] org.apache.spark.internal.Logging        : Using an existing SparkSession; some spark core configurations may not take effect.
2022-06-27 14:53:00.010  INFO   57 --- [   JobScheduler] org.apache.spark.internal.Logging        : Finished job streaming job 1656337980000 ms.0 from job set of time 1656337980000 ms
2022-06-27 14:53:00.010  INFO   57 --- [   JobScheduler] org.apache.spark.internal.Logging        : Starting job streaming job 1656337980000 ms.1 from job set of time 1656337980000 ms
2022-06-27 14:53:00.011  INFO   57 --- [   JobScheduler] org.apache.spark.internal.Logging        : Finished job streaming job 1656337980000 ms.1 from job set of time 1656337980000 ms
2022-06-27 14:53:00.011  INFO   57 --- [   JobScheduler] org.apache.spark.internal.Logging        : Total delay: 0.011 s for time 1656337980000 ms (execution: 0.005 s)
2022-06-27 14:53:00.011  INFO   57 --- [   JobGenerator] org.apache.spark.internal.Logging        : Removing RDD 56 from persistence list
2022-06-27 14:53:00.012  INFO   57 --- [   JobGenerator] org.apache.spark.internal.Logging        : Removing RDD 55 from persistence list
2022-06-27 14:53:00.012  INFO   57 --- [thread-pool-114] org.apache.spark.internal.Logging        : Removing RDD 56
2022-06-27 14:53:00.014  INFO   57 --- [   JobGenerator] org.apache.spark.internal.Logging        : Removing blocks of RDD BlockRDD[55] at receiverStream at Application.java:125 of time 1656337980000 ms
2022-06-27 14:53:00.014  INFO   57 --- [thread-pool-116] org.apache.spark.internal.Logging        : Removing RDD 55
2022-06-27 14:53:00.015  INFO   57 --- [   JobGenerator] org.apache.spark.internal.Logging        : Deleting batches: 1656337970000 ms
2022-06-27 14:53:00.015  INFO   57 --- [   JobGenerator] org.apache.spark.internal.Logging        : remove old batch metadata: 1656337970000 ms
2022-06-27 14:53:05.004  INFO   57 --- [   JobGenerator] org.apache.spark.internal.Logging        : Added jobs for time 1656337985000 ms
2022-06-27 14:53:05.005  INFO   57 --- [   JobScheduler] org.apache.spark.internal.Logging        : Starting job streaming job 1656337985000 ms.0 from job set of time 1656337985000 ms
2022-06-27 14:53:05.005  INFO  133 --- [-job-executor-0] com.elite.cdr.validator.Application      : ******* MapPartitionsRDD[62] at map at Application.java:130 ********
2022-06-27 14:53:05.007  WARN   69 --- [-job-executor-0] org.apache.spark.internal.Logging        : Using an existing SparkSession; the static sql configurations will not take effect.
2022-06-27 14:53:05.008  WARN   69 --- [-job-executor-0] org.apache.spark.internal.Logging        : Using an existing SparkSession; some spark core configurations may not take effect.
2022-06-27 14:53:05.011  INFO   57 --- [   JobScheduler] org.apache.spark.internal.Logging        : Finished job streaming job 1656337985000 ms.0 from job set of time 1656337985000 ms
2022-06-27 14:53:05.012  INFO   57 --- [   JobScheduler] org.apache.spark.internal.Logging        : Starting job streaming job 1656337985000 ms.1 from job set of time 1656337985000 ms
2022-06-27 14:53:05.013  INFO   57 --- [   JobScheduler] org.apache.spark.internal.Logging        : Finished job streaming job 1656337985000 ms.1 from job set of time 1656337985000 ms
2022-06-27 14:53:05.015  INFO   57 --- [   JobScheduler] org.apache.spark.internal.Logging        : Total delay: 0.013 s for time 1656337985000 ms (execution: 0.008 s)
2022-06-27 14:53:05.015  INFO   57 --- [   JobGenerator] org.apache.spark.internal.Logging        : Removing RDD 59 from persistence list
2022-06-27 14:53:05.018  INFO   57 --- [thread-pool-120] org.apache.spark.internal.Logging        : Removing RDD 59
2022-06-27 14:53:05.018  INFO   57 --- [   JobGenerator] org.apache.spark.internal.Logging        : Removing RDD 58 from persistence list
2022-06-27 14:53:05.020  INFO   57 --- [   JobGenerator] org.apache.spark.internal.Logging        : Removing blocks of RDD BlockRDD[58] at receiverStream at Application.java:125 of time 1656337985000 ms
2022-06-27 14:53:05.021  INFO   57 --- [thread-pool-123] org.apache.spark.internal.Logging        : Removing RDD 58
2022-06-27 14:53:05.021  INFO   57 --- [   JobGenerator] org.apache.spark.internal.Logging        : Deleting batches: 1656337975000 ms
2022-06-27 14:53:05.023  INFO   57 --- [   JobGenerator] org.apache.spark.internal.Logging        : remove old batch metadata: 1656337975000 ms
2022-06-27 14:53:06.586  INFO   57 --- [shutdown-hook-0] org.apache.spark.internal.Logging        : Invoking stop(stopGracefully=false) from shutdown hook
2022-06-27 14:53:06.594  INFO   57 --- [er-event-loop-0] org.apache.spark.internal.Logging        : Sent stop signal to all 1 receivers
2022-06-27 14:53:06.595  INFO   57 --- [er-event-loop-1] org.apache.spark.internal.Logging        : Received stop signal
2022-06-27 14:53:06.596  INFO   57 --- [er-event-loop-1] org.apache.spark.internal.Logging        : Stopping receiver with message: Stopped by driver: 
2022-06-27 14:53:06.597  INFO   57 --- [er-event-loop-1] org.apache.spark.internal.Logging        : Called receiver onStop
2022-06-27 14:53:06.597  INFO   57 --- [er-event-loop-1] org.apache.spark.internal.Logging        : Deregistering receiver 0
2022-06-27 14:53:06.600  ERROR   73 --- [er-event-loop-2] org.apache.spark.internal.Logging        : Deregistered receiver for stream 0: Stopped by driver
2022-06-27 14:53:06.600  INFO   57 --- [er-event-loop-1] org.apache.spark.internal.Logging        : Stopped receiver 0
2022-06-27 14:53:06.602  INFO   57 --- [er-event-loop-1] org.apache.spark.internal.Logging        : Stopping BlockGenerator
2022-06-27 14:53:07.000  INFO   57 --- [er-event-loop-1] org.apache.spark.internal.Logging        : Stopped timer for BlockGenerator after time 1656337987000
2022-06-27 14:53:07.001  INFO   57 --- [er-event-loop-1] org.apache.spark.internal.Logging        : Waiting for block pushing thread to terminate
2022-06-27 14:53:07.007  INFO   57 --- [      Thread-14] org.apache.spark.internal.Logging        : Pushing out the last 0 blocks
2022-06-27 14:53:07.008  INFO   57 --- [      Thread-14] org.apache.spark.internal.Logging        : Stopped block pushing thread
2022-06-27 14:53:07.009  INFO   57 --- [er-event-loop-1] org.apache.spark.internal.Logging        : Stopped BlockGenerator
2022-06-27 14:53:07.024  INFO   57 --- [age 0.0 (TID 0)] org.apache.spark.internal.Logging        : Stopped receiver without error
2022-06-27 14:53:07.029  INFO   57 --- [age 0.0 (TID 0)] org.apache.spark.internal.Logging        : Finished task 0.0 in stage 0.0 (TID 0). 880 bytes result sent to driver
2022-06-27 14:53:07.033  INFO   57 --- [result-getter-1] org.apache.spark.internal.Logging        : Finished task 0.0 in stage 0.0 (TID 0) in 101669 ms on host.docker.internal (executor driver) (1/1)
2022-06-27 14:53:07.035  INFO   57 --- [result-getter-1] org.apache.spark.internal.Logging        : Removed TaskSet 0.0, whose tasks have all completed, from pool 
2022-06-27 14:53:07.045  INFO   57 --- [uler-event-loop] org.apache.spark.internal.Logging        : ResultStage 0 (start at Application.java:216) finished in 102.249 s
2022-06-27 14:53:07.046  INFO   57 --- [uler-event-loop] org.apache.spark.internal.Logging        : Job 0 is finished. Cancelling potential speculative or zombie tasks for this job
2022-06-27 14:53:07.046  INFO   57 --- [uler-event-loop] org.apache.spark.internal.Logging        : Killing all running tasks in stage 0: Stage finished
2022-06-27 14:53:07.049  INFO   57 --- [shutdown-hook-0] org.apache.spark.internal.Logging        : All of the receivers have deregistered successfully
2022-06-27 14:53:07.050  INFO   57 --- [shutdown-hook-0] org.apache.spark.internal.Logging        : ReceiverTracker stopped
2022-06-27 14:53:07.051  INFO   57 --- [shutdown-hook-0] org.apache.spark.internal.Logging        : Stopping JobGenerator immediately
2022-06-27 14:53:07.052  INFO   57 --- [shutdown-hook-0] org.apache.spark.internal.Logging        : Stopped timer for JobGenerator after time 1656337985000
2022-06-27 14:53:07.052  INFO   57 --- [shutdown-hook-0] org.apache.spark.internal.Logging        : Stopped JobGenerator
2022-06-27 14:53:07.052  INFO   57 --- [shutdown-hook-0] org.apache.spark.internal.Logging        : Stopped JobScheduler
2022-06-27 14:53:07.052  INFO 1153 --- [shutdown-hook-0] ject.jetty.server.handler.ContextHandler : Stopped o.s.j.s.ServletContextHandler@26a2f7f9{/streaming,null,STOPPED,@Spark}
2022-06-27 14:53:07.052  INFO 1153 --- [shutdown-hook-0] ject.jetty.server.handler.ContextHandler : Stopped o.s.j.s.ServletContextHandler@8bffb8b{/streaming/json,null,STOPPED,@Spark}
2022-06-27 14:53:07.052  INFO 1153 --- [shutdown-hook-0] ject.jetty.server.handler.ContextHandler : Stopped o.s.j.s.ServletContextHandler@36f1046f{/streaming/batch,null,STOPPED,@Spark}
2022-06-27 14:53:07.068  INFO 1153 --- [shutdown-hook-0] ject.jetty.server.handler.ContextHandler : Stopped o.s.j.s.ServletContextHandler@1686f0b4{/streaming/batch/json,null,STOPPED,@Spark}
2022-06-27 14:53:07.068  INFO 1153 --- [shutdown-hook-0] ject.jetty.server.handler.ContextHandler : Stopped o.s.j.s.ServletContextHandler@7d0614f{/static/streaming,null,STOPPED,@Spark}
2022-06-27 14:53:07.068  INFO  235 --- [           main] com.elite.cdr.validator.Application      : ****************************************************
2022-06-27 14:53:07.068  INFO  236 --- [           main] com.elite.cdr.validator.Application      : Duration: 0.0 seconds
2022-06-27 14:53:07.068  INFO  237 --- [           main] com.elite.cdr.validator.Application      : Batch executed with success
2022-06-27 14:53:07.068  INFO  238 --- [           main] com.elite.cdr.validator.Application      : ****************************************************
2022-06-27 14:53:07.068  INFO   57 --- [shutdown-hook-0] org.apache.spark.internal.Logging        : StreamingContext stopped successfully
2022-06-27 14:53:07.068  INFO   57 --- [shutdown-hook-0] org.apache.spark.internal.Logging        : Invoking stop() from shutdown hook
2022-06-27 14:53:07.083  INFO  381 --- [shutdown-hook-0] rkproject.jetty.server.AbstractConnector : Stopped Spark@37eeec90{HTTP/1.1, (http/1.1)}{0.0.0.0:4040}
2022-06-27 14:53:07.083  INFO   57 --- [shutdown-hook-0] org.apache.spark.internal.Logging        : Stopped Spark web UI at http://host.docker.internal:4040
2022-06-27 14:53:07.099  INFO   57 --- [er-event-loop-2] org.apache.spark.internal.Logging        : MapOutputTrackerMasterEndpoint stopped!
2022-06-27 14:53:07.130  INFO   57 --- [shutdown-hook-0] org.apache.spark.internal.Logging        : MemoryStore cleared
2022-06-27 14:53:07.130  INFO   57 --- [shutdown-hook-0] org.apache.spark.internal.Logging        : BlockManager stopped
2022-06-27 14:53:07.146  INFO   57 --- [shutdown-hook-0] org.apache.spark.internal.Logging        : BlockManagerMaster stopped
2022-06-27 14:53:07.146  INFO   57 --- [er-event-loop-1] org.apache.spark.internal.Logging        : OutputCommitCoordinator stopped!
2022-06-27 14:53:07.162  INFO   57 --- [shutdown-hook-0] org.apache.spark.internal.Logging        : Successfully stopped SparkContext
2022-06-27 14:53:07.162  INFO   57 --- [shutdown-hook-0] org.apache.spark.internal.Logging        : Shutdown hook called
2022-06-27 14:53:07.162  INFO   57 --- [shutdown-hook-0] org.apache.spark.internal.Logging        : Deleting directory C:\Users\Wael Hamdi\AppData\Local\Temp\spark-43d6fea2-a730-49d6-b428-47eaa426c2de
