2022-06-22 17:30:09.088  INFO   46 --- [           main] com.elite.cdr.validator.Application      : Starting ASN1 Reader 
2022-06-22 17:30:09.094  INFO   48 --- [           main] com.elite.cdr.validator.Application      : ############### Run with the args [--env, local, --file, C:\IntelliJProjects\FraudDetectionSpark3\src\main\resources\data\simpleTypes.ber]
2022-06-22 17:30:09.158  INFO   54 --- [           main] com.elite.cdr.validator.Application      : ############### Run in local mode
2022-06-22 17:30:10.758  INFO   57 --- [           main] org.apache.spark.internal.Logging        : Running Spark version 3.2.1
2022-06-22 17:30:11.163  INFO   57 --- [           main] org.apache.spark.internal.Logging        : ==============================================================
2022-06-22 17:30:11.170  INFO   57 --- [           main] org.apache.spark.internal.Logging        : No custom resources configured for spark.driver.
2022-06-22 17:30:11.171  INFO   57 --- [           main] org.apache.spark.internal.Logging        : ==============================================================
2022-06-22 17:30:11.173  INFO   57 --- [           main] org.apache.spark.internal.Logging        : Submitted application: NiFi-Spark Streaming example
2022-06-22 17:30:11.240  INFO   57 --- [           main] org.apache.spark.internal.Logging        : Default ResourceProfile created, executor resources: Map(cores -> name: cores, amount: 1, script: , vendor: , memory -> name: memory, amount: 1024, script: , vendor: , offHeap -> name: offHeap, amount: 0, script: , vendor: ), task resources: Map(cpus -> name: cpus, amount: 1.0)
2022-06-22 17:30:11.287  INFO   57 --- [           main] org.apache.spark.internal.Logging        : Limiting resource is cpu
2022-06-22 17:30:11.299  INFO   57 --- [           main] org.apache.spark.internal.Logging        : Added ResourceProfile id: 0
2022-06-22 17:30:11.542  INFO   57 --- [           main] org.apache.spark.internal.Logging        : Changing view acls to: Wael Hamdi
2022-06-22 17:30:11.544  INFO   57 --- [           main] org.apache.spark.internal.Logging        : Changing modify acls to: Wael Hamdi
2022-06-22 17:30:11.545  INFO   57 --- [           main] org.apache.spark.internal.Logging        : Changing view acls groups to: 
2022-06-22 17:30:11.547  INFO   57 --- [           main] org.apache.spark.internal.Logging        : Changing modify acls groups to: 
2022-06-22 17:30:11.549  INFO   57 --- [           main] org.apache.spark.internal.Logging        : SecurityManager: authentication disabled; ui acls disabled; users  with view permissions: Set(Wael Hamdi); groups with view permissions: Set(); users  with modify permissions: Set(Wael Hamdi); groups with modify permissions: Set()
2022-06-22 17:30:14.449  INFO   57 --- [           main] org.apache.spark.internal.Logging        : Successfully started service 'sparkDriver' on port 63429.
2022-06-22 17:30:14.496  INFO   57 --- [           main] org.apache.spark.internal.Logging        : Registering MapOutputTracker
2022-06-22 17:30:14.558  INFO   57 --- [           main] org.apache.spark.internal.Logging        : Registering BlockManagerMaster
2022-06-22 17:30:14.588  INFO   57 --- [           main] org.apache.spark.internal.Logging        : Using org.apache.spark.storage.DefaultTopologyMapper for getting topology information
2022-06-22 17:30:14.589  INFO   57 --- [           main] org.apache.spark.internal.Logging        : BlockManagerMasterEndpoint up
2022-06-22 17:30:14.594  INFO   57 --- [           main] org.apache.spark.internal.Logging        : Registering BlockManagerMasterHeartbeat
2022-06-22 17:30:14.626  INFO   57 --- [           main] org.apache.spark.internal.Logging        : Created local directory at C:\Users\Wael Hamdi\AppData\Local\Temp\blockmgr-01540ca4-fd22-46aa-827f-91952dd07631
2022-06-22 17:30:14.662  INFO   57 --- [           main] org.apache.spark.internal.Logging        : MemoryStore started with capacity 897.6 MiB
2022-06-22 17:30:14.686  INFO   57 --- [           main] org.apache.spark.internal.Logging        : Registering OutputCommitCoordinator
2022-06-22 17:30:14.820  INFO  170 --- [           main] org.sparkproject.jetty.util.log.Log      : Logging initialized @6549ms to org.sparkproject.jetty.util.log.Slf4jLog
2022-06-22 17:30:14.931  INFO  375 --- [           main] org.sparkproject.jetty.server.Server     : jetty-9.4.43.v20210629; built: 2021-06-30T11:07:22.254Z; git: 526006ecfa3af7f1a27ef3a288e2bef7ea9dd7e8; jvm 1.8.0_301-b09
2022-06-22 17:30:14.962  INFO  415 --- [           main] org.sparkproject.jetty.server.Server     : Started @6692ms
2022-06-22 17:30:15.016  INFO  331 --- [           main] rkproject.jetty.server.AbstractConnector : Started ServerConnector@64da2a7{HTTP/1.1, (http/1.1)}{0.0.0.0:4040}
2022-06-22 17:30:15.016  INFO   57 --- [           main] org.apache.spark.internal.Logging        : Successfully started service 'SparkUI' on port 4040.
2022-06-22 17:30:15.050  INFO  915 --- [           main] ject.jetty.server.handler.ContextHandler : Started o.s.j.s.ServletContextHandler@2f4854d6{/jobs,null,AVAILABLE,@Spark}
2022-06-22 17:30:15.053  INFO  915 --- [           main] ject.jetty.server.handler.ContextHandler : Started o.s.j.s.ServletContextHandler@27e0f2f5{/jobs/json,null,AVAILABLE,@Spark}
2022-06-22 17:30:15.055  INFO  915 --- [           main] ject.jetty.server.handler.ContextHandler : Started o.s.j.s.ServletContextHandler@6db66836{/jobs/job,null,AVAILABLE,@Spark}
2022-06-22 17:30:15.056  INFO  915 --- [           main] ject.jetty.server.handler.ContextHandler : Started o.s.j.s.ServletContextHandler@3f093abe{/jobs/job/json,null,AVAILABLE,@Spark}
2022-06-22 17:30:15.058  INFO  915 --- [           main] ject.jetty.server.handler.ContextHandler : Started o.s.j.s.ServletContextHandler@4eeea57d{/stages,null,AVAILABLE,@Spark}
2022-06-22 17:30:15.059  INFO  915 --- [           main] ject.jetty.server.handler.ContextHandler : Started o.s.j.s.ServletContextHandler@e24ddd0{/stages/json,null,AVAILABLE,@Spark}
2022-06-22 17:30:15.060  INFO  915 --- [           main] ject.jetty.server.handler.ContextHandler : Started o.s.j.s.ServletContextHandler@548e76f1{/stages/stage,null,AVAILABLE,@Spark}
2022-06-22 17:30:15.062  INFO  915 --- [           main] ject.jetty.server.handler.ContextHandler : Started o.s.j.s.ServletContextHandler@3dd69f5a{/stages/stage/json,null,AVAILABLE,@Spark}
2022-06-22 17:30:15.064  INFO  915 --- [           main] ject.jetty.server.handler.ContextHandler : Started o.s.j.s.ServletContextHandler@1ee4730{/stages/pool,null,AVAILABLE,@Spark}
2022-06-22 17:30:15.066  INFO  915 --- [           main] ject.jetty.server.handler.ContextHandler : Started o.s.j.s.ServletContextHandler@5003041b{/stages/pool/json,null,AVAILABLE,@Spark}
2022-06-22 17:30:15.067  INFO  915 --- [           main] ject.jetty.server.handler.ContextHandler : Started o.s.j.s.ServletContextHandler@16fb356{/storage,null,AVAILABLE,@Spark}
2022-06-22 17:30:15.068  INFO  915 --- [           main] ject.jetty.server.handler.ContextHandler : Started o.s.j.s.ServletContextHandler@23a9ba52{/storage/json,null,AVAILABLE,@Spark}
2022-06-22 17:30:15.070  INFO  915 --- [           main] ject.jetty.server.handler.ContextHandler : Started o.s.j.s.ServletContextHandler@70ab80e3{/storage/rdd,null,AVAILABLE,@Spark}
2022-06-22 17:30:15.072  INFO  915 --- [           main] ject.jetty.server.handler.ContextHandler : Started o.s.j.s.ServletContextHandler@67427b69{/storage/rdd/json,null,AVAILABLE,@Spark}
2022-06-22 17:30:15.073  INFO  915 --- [           main] ject.jetty.server.handler.ContextHandler : Started o.s.j.s.ServletContextHandler@544630b7{/environment,null,AVAILABLE,@Spark}
2022-06-22 17:30:15.075  INFO  915 --- [           main] ject.jetty.server.handler.ContextHandler : Started o.s.j.s.ServletContextHandler@1095f122{/environment/json,null,AVAILABLE,@Spark}
2022-06-22 17:30:15.076  INFO  915 --- [           main] ject.jetty.server.handler.ContextHandler : Started o.s.j.s.ServletContextHandler@3d6300e8{/executors,null,AVAILABLE,@Spark}
2022-06-22 17:30:15.077  INFO  915 --- [           main] ject.jetty.server.handler.ContextHandler : Started o.s.j.s.ServletContextHandler@24a1c17f{/executors/json,null,AVAILABLE,@Spark}
2022-06-22 17:30:15.079  INFO  915 --- [           main] ject.jetty.server.handler.ContextHandler : Started o.s.j.s.ServletContextHandler@73511076{/executors/threadDump,null,AVAILABLE,@Spark}
2022-06-22 17:30:15.080  INFO  915 --- [           main] ject.jetty.server.handler.ContextHandler : Started o.s.j.s.ServletContextHandler@532721fd{/executors/threadDump/json,null,AVAILABLE,@Spark}
2022-06-22 17:30:15.093  INFO  915 --- [           main] ject.jetty.server.handler.ContextHandler : Started o.s.j.s.ServletContextHandler@7fb9f71f{/static,null,AVAILABLE,@Spark}
2022-06-22 17:30:15.095  INFO  915 --- [           main] ject.jetty.server.handler.ContextHandler : Started o.s.j.s.ServletContextHandler@790174f2{/,null,AVAILABLE,@Spark}
2022-06-22 17:30:15.097  INFO  915 --- [           main] ject.jetty.server.handler.ContextHandler : Started o.s.j.s.ServletContextHandler@7689ddef{/api,null,AVAILABLE,@Spark}
2022-06-22 17:30:15.098  INFO  915 --- [           main] ject.jetty.server.handler.ContextHandler : Started o.s.j.s.ServletContextHandler@70925b45{/jobs/job/kill,null,AVAILABLE,@Spark}
2022-06-22 17:30:15.099  INFO  915 --- [           main] ject.jetty.server.handler.ContextHandler : Started o.s.j.s.ServletContextHandler@aa22f1c{/stages/stage/kill,null,AVAILABLE,@Spark}
2022-06-22 17:30:15.102  INFO   57 --- [           main] org.apache.spark.internal.Logging        : Bound SparkUI to 0.0.0.0, and started at http://host.docker.internal:4040
2022-06-22 17:30:15.411  INFO   57 --- [           main] org.apache.spark.internal.Logging        : Starting executor ID driver on host host.docker.internal
2022-06-22 17:30:15.468  INFO   57 --- [           main] org.apache.spark.internal.Logging        : Successfully started service 'org.apache.spark.network.netty.NettyBlockTransferService' on port 63453.
2022-06-22 17:30:15.468  INFO   82 --- [           main] .network.netty.NettyBlockTransferService : Server created on host.docker.internal:63453
2022-06-22 17:30:15.470  INFO   57 --- [           main] org.apache.spark.internal.Logging        : Using org.apache.spark.storage.RandomBlockReplicationPolicy for block replication policy
2022-06-22 17:30:15.479  INFO   57 --- [           main] org.apache.spark.internal.Logging        : Registering BlockManager BlockManagerId(driver, host.docker.internal, 63453, None)
2022-06-22 17:30:15.485  INFO   57 --- [ckManagerMaster] org.apache.spark.internal.Logging        : Registering block manager host.docker.internal:63453 with 897.6 MiB RAM, BlockManagerId(driver, host.docker.internal, 63453, None)
2022-06-22 17:30:15.490  INFO   57 --- [           main] org.apache.spark.internal.Logging        : Registered BlockManager BlockManagerId(driver, host.docker.internal, 63453, None)
2022-06-22 17:30:15.492  INFO   57 --- [           main] org.apache.spark.internal.Logging        : Initialized BlockManager: BlockManagerId(driver, host.docker.internal, 63453, None)
2022-06-22 17:30:15.805  INFO  915 --- [           main] ject.jetty.server.handler.ContextHandler : Started o.s.j.s.ServletContextHandler@1813f3e9{/metrics/json,null,AVAILABLE,@Spark}
2022-06-22 17:30:16.717  INFO   57 --- [shutdown-hook-0] org.apache.spark.internal.Logging        : Invoking stop() from shutdown hook
2022-06-22 17:30:16.736  INFO  381 --- [shutdown-hook-0] rkproject.jetty.server.AbstractConnector : Stopped Spark@64da2a7{HTTP/1.1, (http/1.1)}{0.0.0.0:4040}
2022-06-22 17:30:16.739  INFO   57 --- [shutdown-hook-0] org.apache.spark.internal.Logging        : Stopped Spark web UI at http://host.docker.internal:4040
2022-06-22 17:30:16.815  ERROR   94 --- [           main] org.apache.spark.internal.Logging        : Error starting the context, marking it as stopped
java.lang.IllegalStateException: LiveListenerBus is stopped.
	at org.apache.spark.scheduler.LiveListenerBus.addToQueue(LiveListenerBus.scala:97)
	at org.apache.spark.scheduler.LiveListenerBus.addToSharedQueue(LiveListenerBus.scala:70)
	at org.apache.spark.SparkContext.addSparkListener(SparkContext.scala:1667)
	at org.apache.spark.streaming.StreamingContext.registerProgressListener(StreamingContext.scala:729)
	at org.apache.spark.streaming.StreamingContext.liftedTree1$1(StreamingContext.scala:580)
	at org.apache.spark.streaming.StreamingContext.start(StreamingContext.scala:577)
	at org.apache.spark.streaming.api.java.JavaStreamingContext.start(JavaStreamingContext.scala:557)
	at com.elite.cdr.validator.Application.main(Application.java:124)
2022-06-22 17:30:16.819  INFO   57 --- [er-event-loop-0] org.apache.spark.internal.Logging        : MapOutputTrackerMasterEndpoint stopped!
2022-06-22 17:30:16.841  INFO   57 --- [shutdown-hook-0] org.apache.spark.internal.Logging        : MemoryStore cleared
2022-06-22 17:30:16.843  INFO   57 --- [shutdown-hook-0] org.apache.spark.internal.Logging        : BlockManager stopped
2022-06-22 17:30:16.858  INFO   57 --- [shutdown-hook-0] org.apache.spark.internal.Logging        : BlockManagerMaster stopped
2022-06-22 17:30:16.865  INFO   57 --- [er-event-loop-1] org.apache.spark.internal.Logging        : OutputCommitCoordinator stopped!
2022-06-22 17:30:16.876  INFO   57 --- [shutdown-hook-0] org.apache.spark.internal.Logging        : Successfully stopped SparkContext
2022-06-22 17:30:16.877  INFO   57 --- [shutdown-hook-0] org.apache.spark.internal.Logging        : Shutdown hook called
2022-06-22 17:30:16.878  INFO   57 --- [shutdown-hook-0] org.apache.spark.internal.Logging        : Deleting directory C:\Users\Wael Hamdi\AppData\Local\Temp\spark-46299a19-b518-445c-a80c-5c16fef3c30d
