2022-07-15 18:14:34.877  INFO   47 --- [           main] com.elite.cdr.validator.Application      : Starting ASN1 Reader 
2022-07-15 18:14:34.877  INFO   49 --- [           main] com.elite.cdr.validator.Application      : ############### Run with the args [--env, local, --file, C:\IntelliJProjects\FraudDetectionSpark3\src\main\resources\data\simpleTypes.ber, --prop, C:\IntelliJProjects\NifiSparkStreaming\src\main\resources\myapp.properties]
2022-07-15 18:14:35.002  INFO   55 --- [           main] com.elite.cdr.validator.Application      : ############### Run in local mode
2022-07-15 18:14:38.671  INFO   57 --- [           main] org.apache.spark.internal.Logging        : Running Spark version 3.2.1
2022-07-15 18:14:43.394  INFO   57 --- [           main] org.apache.spark.internal.Logging        : ==============================================================
2022-07-15 18:14:43.400  INFO   57 --- [           main] org.apache.spark.internal.Logging        : No custom resources configured for spark.driver.
2022-07-15 18:14:43.401  INFO   57 --- [           main] org.apache.spark.internal.Logging        : ==============================================================
2022-07-15 18:14:43.403  INFO   57 --- [           main] org.apache.spark.internal.Logging        : Submitted application: NiFi Spark Streaming example
2022-07-15 18:14:43.697  INFO   57 --- [           main] org.apache.spark.internal.Logging        : Default ResourceProfile created, executor resources: Map(cores -> name: cores, amount: 1, script: , vendor: , memory -> name: memory, amount: 1024, script: , vendor: , offHeap -> name: offHeap, amount: 0, script: , vendor: ), task resources: Map(cpus -> name: cpus, amount: 1.0)
2022-07-15 18:14:43.723  INFO   57 --- [           main] org.apache.spark.internal.Logging        : Limiting resource is cpu
2022-07-15 18:14:43.730  INFO   57 --- [           main] org.apache.spark.internal.Logging        : Added ResourceProfile id: 0
2022-07-15 18:14:44.194  INFO   57 --- [           main] org.apache.spark.internal.Logging        : Changing view acls to: Wael Hamdi
2022-07-15 18:14:44.195  INFO   57 --- [           main] org.apache.spark.internal.Logging        : Changing modify acls to: Wael Hamdi
2022-07-15 18:14:44.196  INFO   57 --- [           main] org.apache.spark.internal.Logging        : Changing view acls groups to: 
2022-07-15 18:14:44.198  INFO   57 --- [           main] org.apache.spark.internal.Logging        : Changing modify acls groups to: 
2022-07-15 18:14:44.199  INFO   57 --- [           main] org.apache.spark.internal.Logging        : SecurityManager: authentication disabled; ui acls disabled; users  with view permissions: Set(Wael Hamdi); groups with view permissions: Set(); users  with modify permissions: Set(Wael Hamdi); groups with modify permissions: Set()
2022-07-15 18:14:48.767  INFO   57 --- [           main] org.apache.spark.internal.Logging        : Successfully started service 'sparkDriver' on port 59493.
2022-07-15 18:14:49.080  INFO   57 --- [           main] org.apache.spark.internal.Logging        : Registering MapOutputTracker
2022-07-15 18:14:49.720  INFO   57 --- [           main] org.apache.spark.internal.Logging        : Registering BlockManagerMaster
2022-07-15 18:14:49.830  INFO   57 --- [           main] org.apache.spark.internal.Logging        : Using org.apache.spark.storage.DefaultTopologyMapper for getting topology information
2022-07-15 18:14:49.830  INFO   57 --- [           main] org.apache.spark.internal.Logging        : BlockManagerMasterEndpoint up
2022-07-15 18:14:49.845  INFO   57 --- [           main] org.apache.spark.internal.Logging        : Registering BlockManagerMasterHeartbeat
2022-07-15 18:14:50.142  INFO   57 --- [           main] org.apache.spark.internal.Logging        : Created local directory at C:\Users\Wael Hamdi\AppData\Local\Temp\blockmgr-c5d68402-c278-4d91-9d4e-960d38bc9cbe
2022-07-15 18:14:50.533  INFO   57 --- [           main] org.apache.spark.internal.Logging        : MemoryStore started with capacity 897.6 MiB
2022-07-15 18:14:51.095  INFO   57 --- [           main] org.apache.spark.internal.Logging        : Registering OutputCommitCoordinator
2022-07-15 18:14:52.580  INFO  170 --- [           main] org.sparkproject.jetty.util.log.Log      : Logging initialized @19929ms to org.sparkproject.jetty.util.log.Slf4jLog
2022-07-15 18:14:53.174  INFO  375 --- [           main] org.sparkproject.jetty.server.Server     : jetty-9.4.43.v20210629; built: 2021-06-30T11:07:22.254Z; git: 526006ecfa3af7f1a27ef3a288e2bef7ea9dd7e8; jvm 1.8.0_301-b09
2022-07-15 18:14:53.220  INFO  415 --- [           main] org.sparkproject.jetty.server.Server     : Started @20564ms
2022-07-15 18:14:53.330  INFO  331 --- [           main] rkproject.jetty.server.AbstractConnector : Started ServerConnector@3b9d6699{HTTP/1.1, (http/1.1)}{0.0.0.0:4040}
2022-07-15 18:14:53.330  INFO   57 --- [           main] org.apache.spark.internal.Logging        : Successfully started service 'SparkUI' on port 4040.
2022-07-15 18:14:53.377  INFO  915 --- [           main] ject.jetty.server.handler.ContextHandler : Started o.s.j.s.ServletContextHandler@43ed0ff3{/jobs,null,AVAILABLE,@Spark}
2022-07-15 18:14:53.377  INFO  915 --- [           main] ject.jetty.server.handler.ContextHandler : Started o.s.j.s.ServletContextHandler@3f093abe{/jobs/json,null,AVAILABLE,@Spark}
2022-07-15 18:14:53.377  INFO  915 --- [           main] ject.jetty.server.handler.ContextHandler : Started o.s.j.s.ServletContextHandler@4eeea57d{/jobs/job,null,AVAILABLE,@Spark}
2022-07-15 18:14:53.392  INFO  915 --- [           main] ject.jetty.server.handler.ContextHandler : Started o.s.j.s.ServletContextHandler@6f70f32f{/jobs/job/json,null,AVAILABLE,@Spark}
2022-07-15 18:14:53.392  INFO  915 --- [           main] ject.jetty.server.handler.ContextHandler : Started o.s.j.s.ServletContextHandler@5aabbb29{/stages,null,AVAILABLE,@Spark}
2022-07-15 18:14:53.392  INFO  915 --- [           main] ject.jetty.server.handler.ContextHandler : Started o.s.j.s.ServletContextHandler@1ac85b0c{/stages/json,null,AVAILABLE,@Spark}
2022-07-15 18:14:53.392  INFO  915 --- [           main] ject.jetty.server.handler.ContextHandler : Started o.s.j.s.ServletContextHandler@3aa3193a{/stages/stage,null,AVAILABLE,@Spark}
2022-07-15 18:14:53.392  INFO  915 --- [           main] ject.jetty.server.handler.ContextHandler : Started o.s.j.s.ServletContextHandler@724bade8{/stages/stage/json,null,AVAILABLE,@Spark}
2022-07-15 18:14:53.392  INFO  915 --- [           main] ject.jetty.server.handler.ContextHandler : Started o.s.j.s.ServletContextHandler@6bc248ed{/stages/pool,null,AVAILABLE,@Spark}
2022-07-15 18:14:53.392  INFO  915 --- [           main] ject.jetty.server.handler.ContextHandler : Started o.s.j.s.ServletContextHandler@ca27722{/stages/pool/json,null,AVAILABLE,@Spark}
2022-07-15 18:14:53.392  INFO  915 --- [           main] ject.jetty.server.handler.ContextHandler : Started o.s.j.s.ServletContextHandler@9573b3b{/storage,null,AVAILABLE,@Spark}
2022-07-15 18:14:53.408  INFO  915 --- [           main] ject.jetty.server.handler.ContextHandler : Started o.s.j.s.ServletContextHandler@78461bc4{/storage/json,null,AVAILABLE,@Spark}
2022-07-15 18:14:53.408  INFO  915 --- [           main] ject.jetty.server.handler.ContextHandler : Started o.s.j.s.ServletContextHandler@64f857e7{/storage/rdd,null,AVAILABLE,@Spark}
2022-07-15 18:14:53.408  INFO  915 --- [           main] ject.jetty.server.handler.ContextHandler : Started o.s.j.s.ServletContextHandler@58c540cf{/storage/rdd/json,null,AVAILABLE,@Spark}
2022-07-15 18:14:53.408  INFO  915 --- [           main] ject.jetty.server.handler.ContextHandler : Started o.s.j.s.ServletContextHandler@1b822fcc{/environment,null,AVAILABLE,@Spark}
2022-07-15 18:14:53.408  INFO  915 --- [           main] ject.jetty.server.handler.ContextHandler : Started o.s.j.s.ServletContextHandler@56102e1c{/environment/json,null,AVAILABLE,@Spark}
2022-07-15 18:14:53.408  INFO  915 --- [           main] ject.jetty.server.handler.ContextHandler : Started o.s.j.s.ServletContextHandler@7927bd9f{/executors,null,AVAILABLE,@Spark}
2022-07-15 18:14:53.408  INFO  915 --- [           main] ject.jetty.server.handler.ContextHandler : Started o.s.j.s.ServletContextHandler@410954b{/executors/json,null,AVAILABLE,@Spark}
2022-07-15 18:14:53.424  INFO  915 --- [           main] ject.jetty.server.handler.ContextHandler : Started o.s.j.s.ServletContextHandler@3b366632{/executors/threadDump,null,AVAILABLE,@Spark}
2022-07-15 18:14:53.424  INFO  915 --- [           main] ject.jetty.server.handler.ContextHandler : Started o.s.j.s.ServletContextHandler@514eedd8{/executors/threadDump/json,null,AVAILABLE,@Spark}
2022-07-15 18:14:53.455  INFO  915 --- [           main] ject.jetty.server.handler.ContextHandler : Started o.s.j.s.ServletContextHandler@6970140a{/static,null,AVAILABLE,@Spark}
2022-07-15 18:14:53.470  INFO  915 --- [           main] ject.jetty.server.handler.ContextHandler : Started o.s.j.s.ServletContextHandler@733c423e{/,null,AVAILABLE,@Spark}
2022-07-15 18:14:53.470  INFO  915 --- [           main] ject.jetty.server.handler.ContextHandler : Started o.s.j.s.ServletContextHandler@70925b45{/api,null,AVAILABLE,@Spark}
2022-07-15 18:14:53.470  INFO  915 --- [           main] ject.jetty.server.handler.ContextHandler : Started o.s.j.s.ServletContextHandler@5922ae77{/jobs/job/kill,null,AVAILABLE,@Spark}
2022-07-15 18:14:53.470  INFO  915 --- [           main] ject.jetty.server.handler.ContextHandler : Started o.s.j.s.ServletContextHandler@2af616d3{/stages/stage/kill,null,AVAILABLE,@Spark}
2022-07-15 18:14:53.486  INFO   57 --- [           main] org.apache.spark.internal.Logging        : Bound SparkUI to 0.0.0.0, and started at http://host.docker.internal:4040
2022-07-15 18:14:54.236  INFO   57 --- [           main] org.apache.spark.internal.Logging        : Starting executor ID driver on host host.docker.internal
2022-07-15 18:14:54.408  INFO   57 --- [           main] org.apache.spark.internal.Logging        : Successfully started service 'org.apache.spark.network.netty.NettyBlockTransferService' on port 59528.
2022-07-15 18:14:54.408  INFO   82 --- [           main] .network.netty.NettyBlockTransferService : Server created on host.docker.internal:59528
2022-07-15 18:14:54.417  INFO   57 --- [           main] org.apache.spark.internal.Logging        : Using org.apache.spark.storage.RandomBlockReplicationPolicy for block replication policy
2022-07-15 18:14:54.480  INFO   57 --- [           main] org.apache.spark.internal.Logging        : Registering BlockManager BlockManagerId(driver, host.docker.internal, 59528, None)
2022-07-15 18:14:54.496  INFO   57 --- [ckManagerMaster] org.apache.spark.internal.Logging        : Registering block manager host.docker.internal:59528 with 897.6 MiB RAM, BlockManagerId(driver, host.docker.internal, 59528, None)
2022-07-15 18:14:54.496  INFO   57 --- [           main] org.apache.spark.internal.Logging        : Registered BlockManager BlockManagerId(driver, host.docker.internal, 59528, None)
2022-07-15 18:14:54.511  INFO   57 --- [           main] org.apache.spark.internal.Logging        : Initialized BlockManager: BlockManagerId(driver, host.docker.internal, 59528, None)
2022-07-15 18:14:55.058  INFO  915 --- [           main] ject.jetty.server.handler.ContextHandler : Started o.s.j.s.ServletContextHandler@25c5e994{/metrics/json,null,AVAILABLE,@Spark}
2022-07-15 18:14:56.703  INFO   57 --- [streaming-start] org.apache.spark.internal.Logging        : Starting 1 receivers
2022-07-15 18:14:56.719  INFO   57 --- [streaming-start] org.apache.spark.internal.Logging        : ReceiverTracker started
2022-07-15 18:14:56.719  INFO   57 --- [streaming-start] org.apache.spark.internal.Logging        : Slide time = 60000 ms
2022-07-15 18:14:56.719  INFO   57 --- [streaming-start] org.apache.spark.internal.Logging        : Storage level = Serialized 1x Replicated
2022-07-15 18:14:56.719  INFO   57 --- [streaming-start] org.apache.spark.internal.Logging        : Checkpoint interval = null
2022-07-15 18:14:56.719  INFO   57 --- [streaming-start] org.apache.spark.internal.Logging        : Remember interval = 60000 ms
2022-07-15 18:14:56.719  INFO   57 --- [streaming-start] org.apache.spark.internal.Logging        : Initialized and validated org.apache.spark.streaming.dstream.PluggableInputDStream@7b4b94a8
2022-07-15 18:14:56.719  INFO   57 --- [streaming-start] org.apache.spark.internal.Logging        : Slide time = 60000 ms
2022-07-15 18:14:56.719  INFO   57 --- [streaming-start] org.apache.spark.internal.Logging        : Storage level = Serialized 1x Replicated
2022-07-15 18:14:56.719  INFO   57 --- [streaming-start] org.apache.spark.internal.Logging        : Checkpoint interval = null
2022-07-15 18:14:56.719  INFO   57 --- [streaming-start] org.apache.spark.internal.Logging        : Remember interval = 60000 ms
2022-07-15 18:14:56.719  INFO   57 --- [streaming-start] org.apache.spark.internal.Logging        : Initialized and validated org.apache.spark.streaming.dstream.MappedDStream@3475ff81
2022-07-15 18:14:56.719  INFO   57 --- [streaming-start] org.apache.spark.internal.Logging        : Slide time = 60000 ms
2022-07-15 18:14:56.719  INFO   57 --- [streaming-start] org.apache.spark.internal.Logging        : Storage level = Serialized 1x Replicated
2022-07-15 18:14:56.719  INFO   57 --- [streaming-start] org.apache.spark.internal.Logging        : Checkpoint interval = null
2022-07-15 18:14:56.719  INFO   57 --- [streaming-start] org.apache.spark.internal.Logging        : Remember interval = 60000 ms
2022-07-15 18:14:56.719  INFO   57 --- [streaming-start] org.apache.spark.internal.Logging        : Initialized and validated org.apache.spark.streaming.dstream.ForEachDStream@2cbbd58a
2022-07-15 18:14:57.000  INFO   57 --- [er-event-loop-3] org.apache.spark.internal.Logging        : Receiver 0 started
2022-07-15 18:14:57.015  INFO   57 --- [streaming-start] org.apache.spark.internal.Logging        : Started timer for JobGenerator at time 1657905300000
2022-07-15 18:14:57.015  INFO   57 --- [streaming-start] org.apache.spark.internal.Logging        : Started JobGenerator at 1657905300000 ms
2022-07-15 18:14:57.015  INFO   57 --- [streaming-start] org.apache.spark.internal.Logging        : Started JobScheduler
2022-07-15 18:14:57.038  INFO  915 --- [           main] ject.jetty.server.handler.ContextHandler : Started o.s.j.s.ServletContextHandler@351e414e{/streaming,null,AVAILABLE,@Spark}
2022-07-15 18:14:57.041  INFO  915 --- [           main] ject.jetty.server.handler.ContextHandler : Started o.s.j.s.ServletContextHandler@5109e8cf{/streaming/json,null,AVAILABLE,@Spark}
2022-07-15 18:14:57.047  INFO  915 --- [           main] ject.jetty.server.handler.ContextHandler : Started o.s.j.s.ServletContextHandler@348d18a3{/streaming/batch,null,AVAILABLE,@Spark}
2022-07-15 18:14:57.047  INFO   57 --- [uler-event-loop] org.apache.spark.internal.Logging        : Got job 0 (start at Application.java:145) with 1 output partitions
2022-07-15 18:14:57.049  INFO   57 --- [uler-event-loop] org.apache.spark.internal.Logging        : Final stage: ResultStage 0 (start at Application.java:145)
2022-07-15 18:14:57.051  INFO   57 --- [uler-event-loop] org.apache.spark.internal.Logging        : Parents of final stage: List()
2022-07-15 18:14:57.052  INFO  915 --- [           main] ject.jetty.server.handler.ContextHandler : Started o.s.j.s.ServletContextHandler@2d000e80{/streaming/batch/json,null,AVAILABLE,@Spark}
2022-07-15 18:14:57.056  INFO   57 --- [uler-event-loop] org.apache.spark.internal.Logging        : Missing parents: List()
2022-07-15 18:14:57.058  INFO  915 --- [           main] ject.jetty.server.handler.ContextHandler : Started o.s.j.s.ServletContextHandler@4d2a1da3{/static/streaming,null,AVAILABLE,@Spark}
2022-07-15 18:14:57.059  INFO   57 --- [           main] org.apache.spark.internal.Logging        : StreamingContext started
2022-07-15 18:14:57.067  INFO   57 --- [uler-event-loop] org.apache.spark.internal.Logging        : Submitting ResultStage 0 (Receiver 0 ParallelCollectionRDD[0] at makeRDD at ReceiverTracker.scala:609), which has no missing parents
2022-07-15 18:14:57.653  INFO   57 --- [uler-event-loop] org.apache.spark.internal.Logging        : Block broadcast_0 stored as values in memory (estimated size 97.5 KiB, free 897.5 MiB)
2022-07-15 18:14:57.910  INFO   57 --- [uler-event-loop] org.apache.spark.internal.Logging        : Block broadcast_0_piece0 stored as bytes in memory (estimated size 34.2 KiB, free 897.5 MiB)
2022-07-15 18:14:57.914  INFO   57 --- [ckManagerMaster] org.apache.spark.internal.Logging        : Added broadcast_0_piece0 in memory on host.docker.internal:59528 (size: 34.2 KiB, free: 897.6 MiB)
2022-07-15 18:14:57.941  INFO   57 --- [uler-event-loop] org.apache.spark.internal.Logging        : Created broadcast 0 from broadcast at DAGScheduler.scala:1478
2022-07-15 18:14:57.960  INFO   57 --- [uler-event-loop] org.apache.spark.internal.Logging        : Submitting 1 missing tasks from ResultStage 0 (Receiver 0 ParallelCollectionRDD[0] at makeRDD at ReceiverTracker.scala:609) (first 15 tasks are for partitions Vector(0))
2022-07-15 18:14:57.962  INFO   57 --- [uler-event-loop] org.apache.spark.internal.Logging        : Adding task set 0.0 with 1 tasks resource profile 0
2022-07-15 18:14:58.100  INFO   57 --- [er-event-loop-0] org.apache.spark.internal.Logging        : Starting task 0.0 in stage 0.0 (TID 0) (host.docker.internal, executor driver, partition 0, PROCESS_LOCAL, 5950 bytes) taskResourceAssignments Map()
2022-07-15 18:14:58.203  INFO   57 --- [age 0.0 (TID 0)] org.apache.spark.internal.Logging        : Running task 0.0 in stage 0.0 (TID 0)
2022-07-15 18:14:58.676  INFO   57 --- [age 0.0 (TID 0)] org.apache.spark.internal.Logging        : Started timer for BlockGenerator at time 1657905298800
2022-07-15 18:14:58.677  INFO   57 --- [      Thread-14] org.apache.spark.internal.Logging        : Started block pushing thread
2022-07-15 18:14:58.677  INFO   57 --- [age 0.0 (TID 0)] org.apache.spark.internal.Logging        : Started BlockGenerator
2022-07-15 18:14:58.690  INFO   57 --- [er-event-loop-0] org.apache.spark.internal.Logging        : Registered receiver for stream 0 from host.docker.internal:59493
2022-07-15 18:14:58.692  INFO   57 --- [age 0.0 (TID 0)] org.apache.spark.internal.Logging        : Starting receiver 0
2022-07-15 18:14:58.694  INFO   57 --- [age 0.0 (TID 0)] org.apache.spark.internal.Logging        : Called receiver 0 onStart
2022-07-15 18:14:58.695  INFO   57 --- [age 0.0 (TID 0)] org.apache.spark.internal.Logging        : Waiting for receiver to be stopped
2022-07-15 18:15:00.122  INFO   57 --- [   JobGenerator] org.apache.spark.internal.Logging        : Added jobs for time 1657905300000 ms
2022-07-15 18:15:00.155  INFO   57 --- [   JobScheduler] org.apache.spark.internal.Logging        : Starting job streaming job 1657905300000 ms.0 from job set of time 1657905300000 ms
2022-07-15 18:15:00.473  WARN   69 --- [-job-executor-0] org.apache.spark.internal.Logging        : Using an existing SparkContext; some configuration may not take effect.
2022-07-15 18:15:01.957  INFO  571 --- [ool Maintenance] g.apache.nifi.remote.client.PeerSelector : Successfully refreshed peer status cache; remote group consists of 1 peers
2022-07-15 18:15:01.957  INFO  571 --- [  NiFi Receiver] g.apache.nifi.remote.client.PeerSelector : Successfully refreshed peer status cache; remote group consists of 1 peers
2022-07-15 18:15:02.678  INFO   57 --- [-job-executor-0] org.apache.spark.internal.Logging        : Setting hive.metastore.warehouse.dir ('null') to the value of spark.sql.warehouse.dir.
2022-07-15 18:15:02.758  INFO   57 --- [  NiFi Receiver] org.apache.spark.internal.Logging        : Block input-0-1657905298666 stored as values in memory (estimated size 25.4 MiB, free 872.1 MiB)
2022-07-15 18:15:02.760  INFO   57 --- [ckManagerMaster] org.apache.spark.internal.Logging        : Added input-0-1657905298666 in memory on host.docker.internal:59528 (size: 25.4 MiB, free: 872.2 MiB)
2022-07-15 18:15:03.567  INFO   57 --- [-job-executor-0] org.apache.spark.internal.Logging        : Warehouse path is 'file:/C:/IntelliJProjects/NifiSparkStreaming/spark-warehouse'.
2022-07-15 18:15:03.641  INFO  915 --- [-job-executor-0] ject.jetty.server.handler.ContextHandler : Started o.s.j.s.ServletContextHandler@766fa699{/SQL,null,AVAILABLE,@Spark}
2022-07-15 18:15:03.643  INFO  915 --- [-job-executor-0] ject.jetty.server.handler.ContextHandler : Started o.s.j.s.ServletContextHandler@5b2c170f{/SQL/json,null,AVAILABLE,@Spark}
2022-07-15 18:15:03.644  INFO  915 --- [-job-executor-0] ject.jetty.server.handler.ContextHandler : Started o.s.j.s.ServletContextHandler@164e045b{/SQL/execution,null,AVAILABLE,@Spark}
2022-07-15 18:15:03.645  INFO  915 --- [-job-executor-0] ject.jetty.server.handler.ContextHandler : Started o.s.j.s.ServletContextHandler@3a987ae7{/SQL/execution/json,null,AVAILABLE,@Spark}
2022-07-15 18:15:03.648  INFO  915 --- [-job-executor-0] ject.jetty.server.handler.ContextHandler : Started o.s.j.s.ServletContextHandler@2bc32d50{/static/sql,null,AVAILABLE,@Spark}
2022-07-15 18:15:09.714  WARN   69 --- [ver-heartbeater] org.apache.spark.internal.Logging        : Exception when trying to compute pagesize, as a result reporting of ProcessTree metrics is stopped
2022-07-15 18:15:12.685  INFO   57 --- [-job-executor-0] org.apache.spark.internal.Logging        : Code generated in 462.0403 ms
2022-07-15 18:15:12.735  INFO   57 --- [   JobScheduler] org.apache.spark.internal.Logging        : Finished job streaming job 1657905300000 ms.0 from job set of time 1657905300000 ms
2022-07-15 18:15:12.750  INFO   57 --- [   JobScheduler] org.apache.spark.internal.Logging        : Total delay: 12.734 s for time 1657905300000 ms (execution: 12.587 s)
2022-07-15 18:15:12.752  INFO   57 --- [   JobGenerator] org.apache.spark.internal.Logging        : Deleting batches: 
2022-07-15 18:15:12.756  INFO   57 --- [   JobGenerator] org.apache.spark.internal.Logging        : remove old batch metadata: 
2022-07-15 18:16:00.014  INFO   57 --- [   JobGenerator] org.apache.spark.internal.Logging        : Added jobs for time 1657905360000 ms
2022-07-15 18:16:00.018  INFO   57 --- [   JobScheduler] org.apache.spark.internal.Logging        : Starting job streaming job 1657905360000 ms.0 from job set of time 1657905360000 ms
2022-07-15 18:16:00.024  WARN   69 --- [-job-executor-0] org.apache.spark.internal.Logging        : Using an existing SparkSession; the static sql configurations will not take effect.
2022-07-15 18:16:00.025  WARN   69 --- [-job-executor-0] org.apache.spark.internal.Logging        : Using an existing SparkSession; some spark core configurations may not take effect.
2022-07-15 18:16:00.153  INFO   57 --- [-job-executor-0] org.apache.spark.internal.Logging        : Starting job: show at Application.java:140
2022-07-15 18:16:00.156  INFO   57 --- [uler-event-loop] org.apache.spark.internal.Logging        : Got job 1 (show at Application.java:140) with 1 output partitions
2022-07-15 18:16:00.156  INFO   57 --- [uler-event-loop] org.apache.spark.internal.Logging        : Final stage: ResultStage 1 (show at Application.java:140)
2022-07-15 18:16:00.157  INFO   57 --- [uler-event-loop] org.apache.spark.internal.Logging        : Parents of final stage: List()
2022-07-15 18:16:00.157  INFO   57 --- [uler-event-loop] org.apache.spark.internal.Logging        : Missing parents: List()
2022-07-15 18:16:00.160  INFO   57 --- [uler-event-loop] org.apache.spark.internal.Logging        : Submitting ResultStage 1 (MapPartitionsRDD[12] at show at Application.java:140), which has no missing parents
2022-07-15 18:16:00.211  INFO   57 --- [uler-event-loop] org.apache.spark.internal.Logging        : Block broadcast_1 stored as values in memory (estimated size 12.9 KiB, free 872.1 MiB)
2022-07-15 18:16:00.216  INFO   57 --- [uler-event-loop] org.apache.spark.internal.Logging        : Block broadcast_1_piece0 stored as bytes in memory (estimated size 5.8 KiB, free 872.0 MiB)
2022-07-15 18:16:00.218  INFO   57 --- [ckManagerMaster] org.apache.spark.internal.Logging        : Added broadcast_1_piece0 in memory on host.docker.internal:59528 (size: 5.8 KiB, free: 872.2 MiB)
2022-07-15 18:16:00.219  INFO   57 --- [uler-event-loop] org.apache.spark.internal.Logging        : Created broadcast 1 from broadcast at DAGScheduler.scala:1478
2022-07-15 18:16:00.221  INFO   57 --- [uler-event-loop] org.apache.spark.internal.Logging        : Submitting 1 missing tasks from ResultStage 1 (MapPartitionsRDD[12] at show at Application.java:140) (first 15 tasks are for partitions Vector(0))
2022-07-15 18:16:00.221  INFO   57 --- [uler-event-loop] org.apache.spark.internal.Logging        : Adding task set 1.0 with 1 tasks resource profile 0
2022-07-15 18:16:00.228  INFO   57 --- [er-event-loop-3] org.apache.spark.internal.Logging        : Starting task 0.0 in stage 1.0 (TID 1) (host.docker.internal, executor driver, partition 0, PROCESS_LOCAL, 4394 bytes) taskResourceAssignments Map()
2022-07-15 18:16:00.241  INFO   57 --- [age 1.0 (TID 1)] org.apache.spark.internal.Logging        : Running task 0.0 in stage 1.0 (TID 1)
2022-07-15 18:16:00.543  INFO   57 --- [age 1.0 (TID 1)] org.apache.spark.internal.Logging        : Found block input-0-1657905298666 locally
2022-07-15 18:16:01.404  INFO   57 --- [age 1.0 (TID 1)] org.apache.spark.internal.Logging        : 1 block locks were not released by task 0.0 in stage 1.0 (TID 1)
[input-0-1657905298666]
2022-07-15 18:16:01.413  INFO   57 --- [age 1.0 (TID 1)] org.apache.spark.internal.Logging        : Finished task 0.0 in stage 1.0 (TID 1). 2374 bytes result sent to driver
2022-07-15 18:16:01.424  INFO   57 --- [result-getter-0] org.apache.spark.internal.Logging        : Finished task 0.0 in stage 1.0 (TID 1) in 1200 ms on host.docker.internal (executor driver) (1/1)
2022-07-15 18:16:01.427  INFO   57 --- [result-getter-0] org.apache.spark.internal.Logging        : Removed TaskSet 1.0, whose tasks have all completed, from pool 
2022-07-15 18:16:01.445  INFO   57 --- [uler-event-loop] org.apache.spark.internal.Logging        : ResultStage 1 (show at Application.java:140) finished in 1.256 s
2022-07-15 18:16:01.451  INFO   57 --- [uler-event-loop] org.apache.spark.internal.Logging        : Job 1 is finished. Cancelling potential speculative or zombie tasks for this job
2022-07-15 18:16:01.453  INFO   57 --- [uler-event-loop] org.apache.spark.internal.Logging        : Killing all running tasks in stage 1: Stage finished
2022-07-15 18:16:01.456  INFO   57 --- [-job-executor-0] org.apache.spark.internal.Logging        : Job 1 finished: show at Application.java:140, took 1.302415 s
2022-07-15 18:16:01.565  INFO   57 --- [-job-executor-0] org.apache.spark.internal.Logging        : Code generated in 42.7361 ms
2022-07-15 18:16:01.590  INFO   57 --- [   JobScheduler] org.apache.spark.internal.Logging        : Finished job streaming job 1657905360000 ms.0 from job set of time 1657905360000 ms
2022-07-15 18:16:01.591  INFO   57 --- [   JobScheduler] org.apache.spark.internal.Logging        : Total delay: 1.590 s for time 1657905360000 ms (execution: 1.573 s)
2022-07-15 18:16:01.594  INFO   57 --- [   JobGenerator] org.apache.spark.internal.Logging        : Removing RDD 2 from persistence list
2022-07-15 18:16:01.637  INFO   57 --- [   JobGenerator] org.apache.spark.internal.Logging        : Removing RDD 1 from persistence list
2022-07-15 18:16:01.640  INFO   57 --- [   JobGenerator] org.apache.spark.internal.Logging        : Removing blocks of RDD BlockRDD[1] at receiverStream at Application.java:121 of time 1657905360000 ms
2022-07-15 18:16:01.643  INFO   57 --- [   JobGenerator] org.apache.spark.internal.Logging        : Deleting batches: 
2022-07-15 18:16:01.643  INFO   57 --- [   JobGenerator] org.apache.spark.internal.Logging        : remove old batch metadata: 
2022-07-15 18:16:01.649  INFO   57 --- [c-thread-pool-0] org.apache.spark.internal.Logging        : Removing RDD 2
2022-07-15 18:16:01.649  INFO   57 --- [c-thread-pool-1] org.apache.spark.internal.Logging        : Removing RDD 1
2022-07-15 18:16:02.003  INFO  571 --- [ool Maintenance] g.apache.nifi.remote.client.PeerSelector : Successfully refreshed peer status cache; remote group consists of 1 peers
2022-07-15 18:17:00.004  INFO   57 --- [   JobGenerator] org.apache.spark.internal.Logging        : Added jobs for time 1657905420000 ms
2022-07-15 18:17:00.005  INFO   57 --- [   JobScheduler] org.apache.spark.internal.Logging        : Starting job streaming job 1657905420000 ms.0 from job set of time 1657905420000 ms
2022-07-15 18:17:00.012  WARN   69 --- [-job-executor-0] org.apache.spark.internal.Logging        : Using an existing SparkSession; the static sql configurations will not take effect.
2022-07-15 18:17:00.013  WARN   69 --- [-job-executor-0] org.apache.spark.internal.Logging        : Using an existing SparkSession; some spark core configurations may not take effect.
2022-07-15 18:17:00.150  INFO   57 --- [   JobScheduler] org.apache.spark.internal.Logging        : Finished job streaming job 1657905420000 ms.0 from job set of time 1657905420000 ms
2022-07-15 18:17:00.151  INFO   57 --- [   JobScheduler] org.apache.spark.internal.Logging        : Total delay: 0.150 s for time 1657905420000 ms (execution: 0.145 s)
2022-07-15 18:17:00.152  INFO   57 --- [   JobGenerator] org.apache.spark.internal.Logging        : Removing RDD 8 from persistence list
2022-07-15 18:17:00.153  INFO   57 --- [   JobGenerator] org.apache.spark.internal.Logging        : Removing RDD 7 from persistence list
2022-07-15 18:17:00.155  INFO   57 --- [   JobGenerator] org.apache.spark.internal.Logging        : Removing blocks of RDD BlockRDD[7] at receiverStream at Application.java:121 of time 1657905420000 ms
2022-07-15 18:17:00.156  INFO   57 --- [c-thread-pool-7] org.apache.spark.internal.Logging        : Removing RDD 7
2022-07-15 18:17:00.157  INFO   57 --- [c-thread-pool-6] org.apache.spark.internal.Logging        : Removing RDD 8
2022-07-15 18:17:00.172  INFO   57 --- [   JobGenerator] org.apache.spark.internal.Logging        : Deleting batches: 1657905300000 ms
2022-07-15 18:17:00.173  INFO   57 --- [   JobGenerator] org.apache.spark.internal.Logging        : remove old batch metadata: 1657905300000 ms
2022-07-15 18:17:00.179  INFO   57 --- [ckManagerMaster] org.apache.spark.internal.Logging        : Removed input-0-1657905298666 on host.docker.internal:59528 in memory (size: 25.4 MiB, free: 897.6 MiB)
2022-07-15 18:17:02.033  INFO  571 --- [ool Maintenance] g.apache.nifi.remote.client.PeerSelector : Successfully refreshed peer status cache; remote group consists of 1 peers
2022-07-15 18:18:00.007  INFO   57 --- [   JobGenerator] org.apache.spark.internal.Logging        : Added jobs for time 1657905480000 ms
2022-07-15 18:18:00.008  INFO   57 --- [   JobScheduler] org.apache.spark.internal.Logging        : Starting job streaming job 1657905480000 ms.0 from job set of time 1657905480000 ms
2022-07-15 18:18:00.012  WARN   69 --- [-job-executor-0] org.apache.spark.internal.Logging        : Using an existing SparkSession; the static sql configurations will not take effect.
2022-07-15 18:18:00.013  WARN   69 --- [-job-executor-0] org.apache.spark.internal.Logging        : Using an existing SparkSession; some spark core configurations may not take effect.
2022-07-15 18:18:00.088  INFO   57 --- [   JobScheduler] org.apache.spark.internal.Logging        : Finished job streaming job 1657905480000 ms.0 from job set of time 1657905480000 ms
2022-07-15 18:18:00.088  INFO   57 --- [   JobScheduler] org.apache.spark.internal.Logging        : Total delay: 0.087 s for time 1657905480000 ms (execution: 0.079 s)
2022-07-15 18:18:00.089  INFO   57 --- [   JobGenerator] org.apache.spark.internal.Logging        : Removing RDD 14 from persistence list
2022-07-15 18:18:00.092  INFO   57 --- [   JobGenerator] org.apache.spark.internal.Logging        : Removing RDD 13 from persistence list
2022-07-15 18:18:00.093  INFO   57 --- [   JobGenerator] org.apache.spark.internal.Logging        : Removing blocks of RDD BlockRDD[13] at receiverStream at Application.java:121 of time 1657905480000 ms
2022-07-15 18:18:00.094  INFO   57 --- [   JobGenerator] org.apache.spark.internal.Logging        : Deleting batches: 1657905360000 ms
2022-07-15 18:18:00.094  INFO   57 --- [   JobGenerator] org.apache.spark.internal.Logging        : remove old batch metadata: 1657905360000 ms
2022-07-15 18:18:00.095  INFO   57 --- [-thread-pool-15] org.apache.spark.internal.Logging        : Removing RDD 14
2022-07-15 18:18:00.095  INFO   57 --- [-thread-pool-16] org.apache.spark.internal.Logging        : Removing RDD 13
2022-07-15 18:18:02.054  INFO  571 --- [ool Maintenance] g.apache.nifi.remote.client.PeerSelector : Successfully refreshed peer status cache; remote group consists of 1 peers
2022-07-15 18:18:12.531  INFO   57 --- [shutdown-hook-0] org.apache.spark.internal.Logging        : Invoking stop(stopGracefully=false) from shutdown hook
2022-07-15 18:18:12.547  INFO   57 --- [er-event-loop-2] org.apache.spark.internal.Logging        : Sent stop signal to all 1 receivers
2022-07-15 18:18:12.551  INFO   57 --- [er-event-loop-3] org.apache.spark.internal.Logging        : Received stop signal
2022-07-15 18:18:12.554  INFO   57 --- [er-event-loop-3] org.apache.spark.internal.Logging        : Stopping receiver with message: Stopped by driver: 
2022-07-15 18:18:12.555  INFO   57 --- [er-event-loop-3] org.apache.spark.internal.Logging        : Called receiver onStop
2022-07-15 18:18:12.555  INFO   57 --- [er-event-loop-3] org.apache.spark.internal.Logging        : Deregistering receiver 0
2022-07-15 18:18:12.559  ERROR   73 --- [er-event-loop-0] org.apache.spark.internal.Logging        : Deregistered receiver for stream 0: Stopped by driver
2022-07-15 18:18:12.560  INFO   57 --- [er-event-loop-3] org.apache.spark.internal.Logging        : Stopped receiver 0
2022-07-15 18:18:12.563  INFO   57 --- [er-event-loop-3] org.apache.spark.internal.Logging        : Stopping BlockGenerator
2022-07-15 18:18:12.801  INFO   57 --- [er-event-loop-3] org.apache.spark.internal.Logging        : Stopped timer for BlockGenerator after time 1657905492800
2022-07-15 18:18:12.802  INFO   57 --- [er-event-loop-3] org.apache.spark.internal.Logging        : Waiting for block pushing thread to terminate
2022-07-15 18:18:12.808  INFO   57 --- [      Thread-14] org.apache.spark.internal.Logging        : Pushing out the last 0 blocks
2022-07-15 18:18:12.809  INFO   57 --- [      Thread-14] org.apache.spark.internal.Logging        : Stopped block pushing thread
2022-07-15 18:18:12.812  INFO   57 --- [er-event-loop-3] org.apache.spark.internal.Logging        : Stopped BlockGenerator
2022-07-15 18:18:12.818  INFO   57 --- [age 0.0 (TID 0)] org.apache.spark.internal.Logging        : Stopped receiver without error
2022-07-15 18:18:12.830  INFO   57 --- [age 0.0 (TID 0)] org.apache.spark.internal.Logging        : Finished task 0.0 in stage 0.0 (TID 0). 923 bytes result sent to driver
2022-07-15 18:18:12.833  INFO   57 --- [result-getter-1] org.apache.spark.internal.Logging        : Finished task 0.0 in stage 0.0 (TID 0) in 194784 ms on host.docker.internal (executor driver) (1/1)
2022-07-15 18:18:12.835  INFO   57 --- [result-getter-1] org.apache.spark.internal.Logging        : Removed TaskSet 0.0, whose tasks have all completed, from pool 
2022-07-15 18:18:12.839  INFO   57 --- [uler-event-loop] org.apache.spark.internal.Logging        : ResultStage 0 (start at Application.java:145) finished in 195.660 s
2022-07-15 18:18:12.841  INFO   57 --- [uler-event-loop] org.apache.spark.internal.Logging        : Job 0 is finished. Cancelling potential speculative or zombie tasks for this job
2022-07-15 18:18:12.841  INFO   57 --- [uler-event-loop] org.apache.spark.internal.Logging        : Killing all running tasks in stage 0: Stage finished
2022-07-15 18:18:12.851  INFO   57 --- [shutdown-hook-0] org.apache.spark.internal.Logging        : All of the receivers have deregistered successfully
2022-07-15 18:18:12.853  INFO   57 --- [shutdown-hook-0] org.apache.spark.internal.Logging        : ReceiverTracker stopped
2022-07-15 18:18:12.854  INFO   57 --- [shutdown-hook-0] org.apache.spark.internal.Logging        : Stopping JobGenerator immediately
2022-07-15 18:18:12.855  INFO   57 --- [shutdown-hook-0] org.apache.spark.internal.Logging        : Stopped timer for JobGenerator after time 1657905480000
2022-07-15 18:18:12.855  INFO   57 --- [shutdown-hook-0] org.apache.spark.internal.Logging        : Stopped JobGenerator
2022-07-15 18:18:12.855  INFO   57 --- [shutdown-hook-0] org.apache.spark.internal.Logging        : Stopped JobScheduler
2022-07-15 18:18:12.855  INFO 1153 --- [shutdown-hook-0] ject.jetty.server.handler.ContextHandler : Stopped o.s.j.s.ServletContextHandler@351e414e{/streaming,null,STOPPED,@Spark}
2022-07-15 18:18:12.855  INFO 1153 --- [shutdown-hook-0] ject.jetty.server.handler.ContextHandler : Stopped o.s.j.s.ServletContextHandler@5109e8cf{/streaming/json,null,STOPPED,@Spark}
2022-07-15 18:18:12.871  INFO 1153 --- [shutdown-hook-0] ject.jetty.server.handler.ContextHandler : Stopped o.s.j.s.ServletContextHandler@348d18a3{/streaming/batch,null,STOPPED,@Spark}
2022-07-15 18:18:12.871  INFO 1153 --- [shutdown-hook-0] ject.jetty.server.handler.ContextHandler : Stopped o.s.j.s.ServletContextHandler@2d000e80{/streaming/batch/json,null,STOPPED,@Spark}
2022-07-15 18:18:12.871  INFO 1153 --- [shutdown-hook-0] ject.jetty.server.handler.ContextHandler : Stopped o.s.j.s.ServletContextHandler@4d2a1da3{/static/streaming,null,STOPPED,@Spark}
2022-07-15 18:18:12.871  INFO  156 --- [           main] com.elite.cdr.validator.Application      : ****************************************************
2022-07-15 18:18:12.871  INFO   57 --- [shutdown-hook-0] org.apache.spark.internal.Logging        : StreamingContext stopped successfully
2022-07-15 18:18:12.871  INFO  157 --- [           main] com.elite.cdr.validator.Application      : Duration: 0.0 seconds
2022-07-15 18:18:12.871  INFO  158 --- [           main] com.elite.cdr.validator.Application      : Batch executed with success
2022-07-15 18:18:12.871  INFO  159 --- [           main] com.elite.cdr.validator.Application      : ****************************************************
2022-07-15 18:18:12.871  INFO   57 --- [shutdown-hook-0] org.apache.spark.internal.Logging        : Invoking stop() from shutdown hook
2022-07-15 18:18:12.887  INFO  381 --- [shutdown-hook-0] rkproject.jetty.server.AbstractConnector : Stopped Spark@3b9d6699{HTTP/1.1, (http/1.1)}{0.0.0.0:4040}
2022-07-15 18:18:12.887  INFO   57 --- [shutdown-hook-0] org.apache.spark.internal.Logging        : Stopped Spark web UI at http://host.docker.internal:4040
2022-07-15 18:18:12.902  INFO   57 --- [er-event-loop-0] org.apache.spark.internal.Logging        : MapOutputTrackerMasterEndpoint stopped!
2022-07-15 18:18:12.965  INFO   57 --- [shutdown-hook-0] org.apache.spark.internal.Logging        : MemoryStore cleared
2022-07-15 18:18:12.965  INFO   57 --- [shutdown-hook-0] org.apache.spark.internal.Logging        : BlockManager stopped
2022-07-15 18:18:12.965  INFO   57 --- [shutdown-hook-0] org.apache.spark.internal.Logging        : BlockManagerMaster stopped
2022-07-15 18:18:12.965  INFO   57 --- [er-event-loop-1] org.apache.spark.internal.Logging        : OutputCommitCoordinator stopped!
2022-07-15 18:18:12.965  INFO   57 --- [shutdown-hook-0] org.apache.spark.internal.Logging        : Successfully stopped SparkContext
2022-07-15 18:18:12.980  INFO   57 --- [shutdown-hook-0] org.apache.spark.internal.Logging        : Shutdown hook called
2022-07-15 18:18:12.980  INFO   57 --- [shutdown-hook-0] org.apache.spark.internal.Logging        : Deleting directory C:\Users\Wael Hamdi\AppData\Local\Temp\spark-72bd5f33-e929-4643-a173-131a86c674ca
