2022-07-12 18:46:26.921  INFO   47 --- [           main] com.elite.cdr.validator.Application      : Starting ASN1 Reader 
2022-07-12 18:46:26.921  INFO   49 --- [           main] com.elite.cdr.validator.Application      : ############### Run with the args [--env, local, --file, C:\IntelliJProjects\FraudDetectionSpark3\src\main\resources\data\simpleTypes.ber, --prop, C:\IntelliJProjects\NifiSparkStreaming\src\main\resources\myapp.properties]
2022-07-12 18:46:26.983  INFO   55 --- [           main] com.elite.cdr.validator.Application      : ############### Run in local mode
2022-07-12 18:46:28.671  INFO   57 --- [           main] org.apache.spark.internal.Logging        : Running Spark version 3.2.1
2022-07-12 18:46:29.124  INFO   57 --- [           main] org.apache.spark.internal.Logging        : ==============================================================
2022-07-12 18:46:29.124  INFO   57 --- [           main] org.apache.spark.internal.Logging        : No custom resources configured for spark.driver.
2022-07-12 18:46:29.139  INFO   57 --- [           main] org.apache.spark.internal.Logging        : ==============================================================
2022-07-12 18:46:29.139  INFO   57 --- [           main] org.apache.spark.internal.Logging        : Submitted application: NiFi-Spark Streaming example
2022-07-12 18:46:29.186  INFO   57 --- [           main] org.apache.spark.internal.Logging        : Default ResourceProfile created, executor resources: Map(cores -> name: cores, amount: 1, script: , vendor: , memory -> name: memory, amount: 1024, script: , vendor: , offHeap -> name: offHeap, amount: 0, script: , vendor: ), task resources: Map(cpus -> name: cpus, amount: 1.0)
2022-07-12 18:46:29.202  INFO   57 --- [           main] org.apache.spark.internal.Logging        : Limiting resource is cpu
2022-07-12 18:46:29.217  INFO   57 --- [           main] org.apache.spark.internal.Logging        : Added ResourceProfile id: 0
2022-07-12 18:46:29.358  INFO   57 --- [           main] org.apache.spark.internal.Logging        : Changing view acls to: Wael Hamdi
2022-07-12 18:46:29.358  INFO   57 --- [           main] org.apache.spark.internal.Logging        : Changing modify acls to: Wael Hamdi
2022-07-12 18:46:29.358  INFO   57 --- [           main] org.apache.spark.internal.Logging        : Changing view acls groups to: 
2022-07-12 18:46:29.358  INFO   57 --- [           main] org.apache.spark.internal.Logging        : Changing modify acls groups to: 
2022-07-12 18:46:29.358  INFO   57 --- [           main] org.apache.spark.internal.Logging        : SecurityManager: authentication disabled; ui acls disabled; users  with view permissions: Set(Wael Hamdi); groups with view permissions: Set(); users  with modify permissions: Set(Wael Hamdi); groups with modify permissions: Set()
2022-07-12 18:46:32.169  INFO   57 --- [           main] org.apache.spark.internal.Logging        : Successfully started service 'sparkDriver' on port 62604.
2022-07-12 18:46:32.216  INFO   57 --- [           main] org.apache.spark.internal.Logging        : Registering MapOutputTracker
2022-07-12 18:46:32.263  INFO   57 --- [           main] org.apache.spark.internal.Logging        : Registering BlockManagerMaster
2022-07-12 18:46:32.294  INFO   57 --- [           main] org.apache.spark.internal.Logging        : Using org.apache.spark.storage.DefaultTopologyMapper for getting topology information
2022-07-12 18:46:32.294  INFO   57 --- [           main] org.apache.spark.internal.Logging        : BlockManagerMasterEndpoint up
2022-07-12 18:46:32.294  INFO   57 --- [           main] org.apache.spark.internal.Logging        : Registering BlockManagerMasterHeartbeat
2022-07-12 18:46:32.326  INFO   57 --- [           main] org.apache.spark.internal.Logging        : Created local directory at C:\Users\Wael Hamdi\AppData\Local\Temp\blockmgr-2f3734f9-4637-4ed4-8b94-c3ee0bc81886
2022-07-12 18:46:32.357  INFO   57 --- [           main] org.apache.spark.internal.Logging        : MemoryStore started with capacity 897.6 MiB
2022-07-12 18:46:32.388  INFO   57 --- [           main] org.apache.spark.internal.Logging        : Registering OutputCommitCoordinator
2022-07-12 18:46:32.498  INFO  170 --- [           main] org.sparkproject.jetty.util.log.Log      : Logging initialized @6391ms to org.sparkproject.jetty.util.log.Slf4jLog
2022-07-12 18:46:32.576  INFO  375 --- [           main] org.sparkproject.jetty.server.Server     : jetty-9.4.43.v20210629; built: 2021-06-30T11:07:22.254Z; git: 526006ecfa3af7f1a27ef3a288e2bef7ea9dd7e8; jvm 1.8.0_301-b09
2022-07-12 18:46:32.607  INFO  415 --- [           main] org.sparkproject.jetty.server.Server     : Started @6506ms
2022-07-12 18:46:32.654  INFO  331 --- [           main] rkproject.jetty.server.AbstractConnector : Started ServerConnector@7caa550{HTTP/1.1, (http/1.1)}{0.0.0.0:4040}
2022-07-12 18:46:32.654  INFO   57 --- [           main] org.apache.spark.internal.Logging        : Successfully started service 'SparkUI' on port 4040.
2022-07-12 18:46:32.701  INFO  915 --- [           main] ject.jetty.server.handler.ContextHandler : Started o.s.j.s.ServletContextHandler@388ffbc2{/jobs,null,AVAILABLE,@Spark}
2022-07-12 18:46:32.701  INFO  915 --- [           main] ject.jetty.server.handler.ContextHandler : Started o.s.j.s.ServletContextHandler@61a002b1{/jobs/json,null,AVAILABLE,@Spark}
2022-07-12 18:46:32.701  INFO  915 --- [           main] ject.jetty.server.handler.ContextHandler : Started o.s.j.s.ServletContextHandler@780ec4a5{/jobs/job,null,AVAILABLE,@Spark}
2022-07-12 18:46:32.701  INFO  915 --- [           main] ject.jetty.server.handler.ContextHandler : Started o.s.j.s.ServletContextHandler@548e76f1{/jobs/job/json,null,AVAILABLE,@Spark}
2022-07-12 18:46:32.701  INFO  915 --- [           main] ject.jetty.server.handler.ContextHandler : Started o.s.j.s.ServletContextHandler@72c927f1{/stages,null,AVAILABLE,@Spark}
2022-07-12 18:46:32.701  INFO  915 --- [           main] ject.jetty.server.handler.ContextHandler : Started o.s.j.s.ServletContextHandler@3dd69f5a{/stages/json,null,AVAILABLE,@Spark}
2022-07-12 18:46:32.701  INFO  915 --- [           main] ject.jetty.server.handler.ContextHandler : Started o.s.j.s.ServletContextHandler@1ee4730{/stages/stage,null,AVAILABLE,@Spark}
2022-07-12 18:46:32.716  INFO  915 --- [           main] ject.jetty.server.handler.ContextHandler : Started o.s.j.s.ServletContextHandler@16fb356{/stages/stage/json,null,AVAILABLE,@Spark}
2022-07-12 18:46:32.716  INFO  915 --- [           main] ject.jetty.server.handler.ContextHandler : Started o.s.j.s.ServletContextHandler@23a9ba52{/stages/pool,null,AVAILABLE,@Spark}
2022-07-12 18:46:32.716  INFO  915 --- [           main] ject.jetty.server.handler.ContextHandler : Started o.s.j.s.ServletContextHandler@70ab80e3{/stages/pool/json,null,AVAILABLE,@Spark}
2022-07-12 18:46:32.716  INFO  915 --- [           main] ject.jetty.server.handler.ContextHandler : Started o.s.j.s.ServletContextHandler@67427b69{/storage,null,AVAILABLE,@Spark}
2022-07-12 18:46:32.716  INFO  915 --- [           main] ject.jetty.server.handler.ContextHandler : Started o.s.j.s.ServletContextHandler@544630b7{/storage/json,null,AVAILABLE,@Spark}
2022-07-12 18:46:32.716  INFO  915 --- [           main] ject.jetty.server.handler.ContextHandler : Started o.s.j.s.ServletContextHandler@1095f122{/storage/rdd,null,AVAILABLE,@Spark}
2022-07-12 18:46:32.716  INFO  915 --- [           main] ject.jetty.server.handler.ContextHandler : Started o.s.j.s.ServletContextHandler@3d6300e8{/storage/rdd/json,null,AVAILABLE,@Spark}
2022-07-12 18:46:32.716  INFO  915 --- [           main] ject.jetty.server.handler.ContextHandler : Started o.s.j.s.ServletContextHandler@24a1c17f{/environment,null,AVAILABLE,@Spark}
2022-07-12 18:46:32.716  INFO  915 --- [           main] ject.jetty.server.handler.ContextHandler : Started o.s.j.s.ServletContextHandler@73511076{/environment/json,null,AVAILABLE,@Spark}
2022-07-12 18:46:32.732  INFO  915 --- [           main] ject.jetty.server.handler.ContextHandler : Started o.s.j.s.ServletContextHandler@532721fd{/executors,null,AVAILABLE,@Spark}
2022-07-12 18:46:32.732  INFO  915 --- [           main] ject.jetty.server.handler.ContextHandler : Started o.s.j.s.ServletContextHandler@7fb9f71f{/executors/json,null,AVAILABLE,@Spark}
2022-07-12 18:46:32.732  INFO  915 --- [           main] ject.jetty.server.handler.ContextHandler : Started o.s.j.s.ServletContextHandler@51f49060{/executors/threadDump,null,AVAILABLE,@Spark}
2022-07-12 18:46:32.732  INFO  915 --- [           main] ject.jetty.server.handler.ContextHandler : Started o.s.j.s.ServletContextHandler@617fe9e1{/executors/threadDump/json,null,AVAILABLE,@Spark}
2022-07-12 18:46:32.747  INFO  915 --- [           main] ject.jetty.server.handler.ContextHandler : Started o.s.j.s.ServletContextHandler@1cf2fed4{/static,null,AVAILABLE,@Spark}
2022-07-12 18:46:32.747  INFO  915 --- [           main] ject.jetty.server.handler.ContextHandler : Started o.s.j.s.ServletContextHandler@4b629f13{/,null,AVAILABLE,@Spark}
2022-07-12 18:46:32.747  INFO  915 --- [           main] ject.jetty.server.handler.ContextHandler : Started o.s.j.s.ServletContextHandler@1b9ea3e3{/api,null,AVAILABLE,@Spark}
2022-07-12 18:46:32.747  INFO  915 --- [           main] ject.jetty.server.handler.ContextHandler : Started o.s.j.s.ServletContextHandler@4263b080{/jobs/job/kill,null,AVAILABLE,@Spark}
2022-07-12 18:46:32.747  INFO  915 --- [           main] ject.jetty.server.handler.ContextHandler : Started o.s.j.s.ServletContextHandler@71f67a79{/stages/stage/kill,null,AVAILABLE,@Spark}
2022-07-12 18:46:32.747  INFO   57 --- [           main] org.apache.spark.internal.Logging        : Bound SparkUI to 0.0.0.0, and started at http://host.docker.internal:4040
2022-07-12 18:46:32.982  INFO   57 --- [           main] org.apache.spark.internal.Logging        : Starting executor ID driver on host host.docker.internal
2022-07-12 18:46:33.122  INFO   57 --- [           main] org.apache.spark.internal.Logging        : Successfully started service 'org.apache.spark.network.netty.NettyBlockTransferService' on port 62628.
2022-07-12 18:46:33.122  INFO   82 --- [           main] .network.netty.NettyBlockTransferService : Server created on host.docker.internal:62628
2022-07-12 18:46:33.122  INFO   57 --- [           main] org.apache.spark.internal.Logging        : Using org.apache.spark.storage.RandomBlockReplicationPolicy for block replication policy
2022-07-12 18:46:33.138  INFO   57 --- [           main] org.apache.spark.internal.Logging        : Registering BlockManager BlockManagerId(driver, host.docker.internal, 62628, None)
2022-07-12 18:46:33.138  INFO   57 --- [ckManagerMaster] org.apache.spark.internal.Logging        : Registering block manager host.docker.internal:62628 with 897.6 MiB RAM, BlockManagerId(driver, host.docker.internal, 62628, None)
2022-07-12 18:46:33.138  INFO   57 --- [           main] org.apache.spark.internal.Logging        : Registered BlockManager BlockManagerId(driver, host.docker.internal, 62628, None)
2022-07-12 18:46:33.154  INFO   57 --- [           main] org.apache.spark.internal.Logging        : Initialized BlockManager: BlockManagerId(driver, host.docker.internal, 62628, None)
2022-07-12 18:46:33.435  INFO  915 --- [           main] ject.jetty.server.handler.ContextHandler : Started o.s.j.s.ServletContextHandler@378bd86d{/metrics/json,null,AVAILABLE,@Spark}
2022-07-12 18:46:34.154  INFO   57 --- [streaming-start] org.apache.spark.internal.Logging        : Starting 1 receivers
2022-07-12 18:46:34.154  INFO   57 --- [streaming-start] org.apache.spark.internal.Logging        : ReceiverTracker started
2022-07-12 18:46:34.154  INFO   57 --- [streaming-start] org.apache.spark.internal.Logging        : Slide time = 60000 ms
2022-07-12 18:46:34.154  INFO   57 --- [streaming-start] org.apache.spark.internal.Logging        : Storage level = Serialized 1x Replicated
2022-07-12 18:46:34.154  INFO   57 --- [streaming-start] org.apache.spark.internal.Logging        : Checkpoint interval = null
2022-07-12 18:46:34.169  INFO   57 --- [streaming-start] org.apache.spark.internal.Logging        : Remember interval = 60000 ms
2022-07-12 18:46:34.169  INFO   57 --- [streaming-start] org.apache.spark.internal.Logging        : Initialized and validated org.apache.spark.streaming.dstream.PluggableInputDStream@6d8fdc72
2022-07-12 18:46:34.169  INFO   57 --- [streaming-start] org.apache.spark.internal.Logging        : Slide time = 60000 ms
2022-07-12 18:46:34.169  INFO   57 --- [streaming-start] org.apache.spark.internal.Logging        : Storage level = Serialized 1x Replicated
2022-07-12 18:46:34.169  INFO   57 --- [streaming-start] org.apache.spark.internal.Logging        : Checkpoint interval = null
2022-07-12 18:46:34.169  INFO   57 --- [streaming-start] org.apache.spark.internal.Logging        : Remember interval = 60000 ms
2022-07-12 18:46:34.169  INFO   57 --- [streaming-start] org.apache.spark.internal.Logging        : Initialized and validated org.apache.spark.streaming.dstream.MappedDStream@56e4a175
2022-07-12 18:46:34.169  INFO   57 --- [streaming-start] org.apache.spark.internal.Logging        : Slide time = 60000 ms
2022-07-12 18:46:34.169  INFO   57 --- [streaming-start] org.apache.spark.internal.Logging        : Storage level = Serialized 1x Replicated
2022-07-12 18:46:34.169  INFO   57 --- [streaming-start] org.apache.spark.internal.Logging        : Checkpoint interval = null
2022-07-12 18:46:34.169  INFO   57 --- [streaming-start] org.apache.spark.internal.Logging        : Remember interval = 60000 ms
2022-07-12 18:46:34.169  INFO   57 --- [streaming-start] org.apache.spark.internal.Logging        : Initialized and validated org.apache.spark.streaming.dstream.ForEachDStream@329a3e6a
2022-07-12 18:46:34.294  INFO   57 --- [streaming-start] org.apache.spark.internal.Logging        : Started timer for JobGenerator at time 1657648020000
2022-07-12 18:46:34.294  INFO   57 --- [er-event-loop-3] org.apache.spark.internal.Logging        : Receiver 0 started
2022-07-12 18:46:34.294  INFO   57 --- [streaming-start] org.apache.spark.internal.Logging        : Started JobGenerator at 1657648020000 ms
2022-07-12 18:46:34.294  INFO   57 --- [streaming-start] org.apache.spark.internal.Logging        : Started JobScheduler
2022-07-12 18:46:34.310  INFO  915 --- [           main] ject.jetty.server.handler.ContextHandler : Started o.s.j.s.ServletContextHandler@6fd77352{/streaming,null,AVAILABLE,@Spark}
2022-07-12 18:46:34.310  INFO  915 --- [           main] ject.jetty.server.handler.ContextHandler : Started o.s.j.s.ServletContextHandler@3f672204{/streaming/json,null,AVAILABLE,@Spark}
2022-07-12 18:46:34.310  INFO  915 --- [           main] ject.jetty.server.handler.ContextHandler : Started o.s.j.s.ServletContextHandler@6c65860d{/streaming/batch,null,AVAILABLE,@Spark}
2022-07-12 18:46:34.310  INFO   57 --- [uler-event-loop] org.apache.spark.internal.Logging        : Got job 0 (start at Application.java:146) with 1 output partitions
2022-07-12 18:46:34.326  INFO  915 --- [           main] ject.jetty.server.handler.ContextHandler : Started o.s.j.s.ServletContextHandler@7cf283e1{/streaming/batch/json,null,AVAILABLE,@Spark}
2022-07-12 18:46:34.326  INFO   57 --- [uler-event-loop] org.apache.spark.internal.Logging        : Final stage: ResultStage 0 (start at Application.java:146)
2022-07-12 18:46:34.326  INFO   57 --- [uler-event-loop] org.apache.spark.internal.Logging        : Parents of final stage: List()
2022-07-12 18:46:34.326  INFO  915 --- [           main] ject.jetty.server.handler.ContextHandler : Started o.s.j.s.ServletContextHandler@252f626c{/static/streaming,null,AVAILABLE,@Spark}
2022-07-12 18:46:34.326  INFO   57 --- [           main] org.apache.spark.internal.Logging        : StreamingContext started
2022-07-12 18:46:34.326  INFO   57 --- [uler-event-loop] org.apache.spark.internal.Logging        : Missing parents: List()
2022-07-12 18:46:34.326  INFO   57 --- [uler-event-loop] org.apache.spark.internal.Logging        : Submitting ResultStage 0 (Receiver 0 ParallelCollectionRDD[0] at makeRDD at ReceiverTracker.scala:609), which has no missing parents
2022-07-12 18:46:34.544  INFO   57 --- [uler-event-loop] org.apache.spark.internal.Logging        : Block broadcast_0 stored as values in memory (estimated size 97.5 KiB, free 897.5 MiB)
2022-07-12 18:46:34.622  INFO   57 --- [uler-event-loop] org.apache.spark.internal.Logging        : Block broadcast_0_piece0 stored as bytes in memory (estimated size 34.2 KiB, free 897.5 MiB)
2022-07-12 18:46:34.622  INFO   57 --- [ckManagerMaster] org.apache.spark.internal.Logging        : Added broadcast_0_piece0 in memory on host.docker.internal:62628 (size: 34.2 KiB, free: 897.6 MiB)
2022-07-12 18:46:34.622  INFO   57 --- [uler-event-loop] org.apache.spark.internal.Logging        : Created broadcast 0 from broadcast at DAGScheduler.scala:1478
2022-07-12 18:46:34.638  INFO   57 --- [uler-event-loop] org.apache.spark.internal.Logging        : Submitting 1 missing tasks from ResultStage 0 (Receiver 0 ParallelCollectionRDD[0] at makeRDD at ReceiverTracker.scala:609) (first 15 tasks are for partitions Vector(0))
2022-07-12 18:46:34.638  INFO   57 --- [uler-event-loop] org.apache.spark.internal.Logging        : Adding task set 0.0 with 1 tasks resource profile 0
2022-07-12 18:46:34.732  INFO   57 --- [er-event-loop-0] org.apache.spark.internal.Logging        : Starting task 0.0 in stage 0.0 (TID 0) (host.docker.internal, executor driver, partition 0, PROCESS_LOCAL, 5950 bytes) taskResourceAssignments Map()
2022-07-12 18:46:34.763  INFO   57 --- [age 0.0 (TID 0)] org.apache.spark.internal.Logging        : Running task 0.0 in stage 0.0 (TID 0)
2022-07-12 18:46:35.060  INFO   57 --- [age 0.0 (TID 0)] org.apache.spark.internal.Logging        : Started timer for BlockGenerator at time 1657647995200
2022-07-12 18:46:35.063  INFO   57 --- [age 0.0 (TID 0)] org.apache.spark.internal.Logging        : Started BlockGenerator
2022-07-12 18:46:35.063  INFO   57 --- [      Thread-14] org.apache.spark.internal.Logging        : Started block pushing thread
2022-07-12 18:46:35.072  INFO   57 --- [er-event-loop-0] org.apache.spark.internal.Logging        : Registered receiver for stream 0 from host.docker.internal:62604
2022-07-12 18:46:35.073  INFO   57 --- [age 0.0 (TID 0)] org.apache.spark.internal.Logging        : Starting receiver 0
2022-07-12 18:46:35.075  INFO   57 --- [age 0.0 (TID 0)] org.apache.spark.internal.Logging        : Called receiver 0 onStart
2022-07-12 18:46:35.076  INFO   57 --- [age 0.0 (TID 0)] org.apache.spark.internal.Logging        : Waiting for receiver to be stopped
2022-07-12 18:46:36.525  INFO  571 --- [ool Maintenance] g.apache.nifi.remote.client.PeerSelector : Successfully refreshed peer status cache; remote group consists of 1 peers
2022-07-12 18:46:36.525  INFO  571 --- [  NiFi Receiver] g.apache.nifi.remote.client.PeerSelector : Successfully refreshed peer status cache; remote group consists of 1 peers
2022-07-12 18:46:37.312  INFO   57 --- [  NiFi Receiver] org.apache.spark.internal.Logging        : Block input-0-1657647995044 stored as values in memory (estimated size 55.9 MiB, free 841.6 MiB)
2022-07-12 18:46:37.313  INFO   57 --- [ckManagerMaster] org.apache.spark.internal.Logging        : Added input-0-1657647995044 in memory on host.docker.internal:62628 (size: 55.9 MiB, free: 841.7 MiB)
2022-07-12 18:46:45.229  WARN   69 --- [tor-heartbeater] org.apache.spark.internal.Logging        : Exception when trying to compute pagesize, as a result reporting of ProcessTree metrics is stopped
2022-07-12 18:47:00.878  INFO   57 --- [   JobGenerator] org.apache.spark.internal.Logging        : Added jobs for time 1657648020000 ms
2022-07-12 18:47:00.994  INFO   57 --- [   JobScheduler] org.apache.spark.internal.Logging        : Starting job streaming job 1657648020000 ms.0 from job set of time 1657648020000 ms
2022-07-12 18:47:01.543  WARN   69 --- [-job-executor-0] org.apache.spark.internal.Logging        : Using an existing SparkContext; some configuration may not take effect.
2022-07-12 18:47:03.222  INFO   57 --- [-job-executor-0] org.apache.spark.internal.Logging        : Setting hive.metastore.warehouse.dir ('null') to the value of spark.sql.warehouse.dir.
2022-07-12 18:47:04.007  INFO   57 --- [-job-executor-0] org.apache.spark.internal.Logging        : Warehouse path is 'file:/C:/IntelliJProjects/NifiSparkStreaming/spark-warehouse'.
2022-07-12 18:47:04.076  INFO  915 --- [-job-executor-0] ject.jetty.server.handler.ContextHandler : Started o.s.j.s.ServletContextHandler@3e3edded{/SQL,null,AVAILABLE,@Spark}
2022-07-12 18:47:04.077  INFO  915 --- [-job-executor-0] ject.jetty.server.handler.ContextHandler : Started o.s.j.s.ServletContextHandler@23322d3b{/SQL/json,null,AVAILABLE,@Spark}
2022-07-12 18:47:04.079  INFO  915 --- [-job-executor-0] ject.jetty.server.handler.ContextHandler : Started o.s.j.s.ServletContextHandler@7d45ab03{/SQL/execution,null,AVAILABLE,@Spark}
2022-07-12 18:47:04.079  INFO  915 --- [-job-executor-0] ject.jetty.server.handler.ContextHandler : Started o.s.j.s.ServletContextHandler@7006f8c6{/SQL/execution/json,null,AVAILABLE,@Spark}
2022-07-12 18:47:04.081  INFO  915 --- [-job-executor-0] ject.jetty.server.handler.ContextHandler : Started o.s.j.s.ServletContextHandler@564f4c95{/static/sql,null,AVAILABLE,@Spark}
2022-07-12 18:47:12.648  INFO   57 --- [-job-executor-0] org.apache.spark.internal.Logging        : Code generated in 306.858 ms
2022-07-12 18:47:12.679  INFO   57 --- [-job-executor-0] org.apache.spark.internal.Logging        : Starting job: show at Application.java:141
2022-07-12 18:47:12.683  INFO   57 --- [uler-event-loop] org.apache.spark.internal.Logging        : Got job 1 (show at Application.java:141) with 1 output partitions
2022-07-12 18:47:12.683  INFO   57 --- [uler-event-loop] org.apache.spark.internal.Logging        : Final stage: ResultStage 1 (show at Application.java:141)
2022-07-12 18:47:12.684  INFO   57 --- [uler-event-loop] org.apache.spark.internal.Logging        : Parents of final stage: List()
2022-07-12 18:47:12.684  INFO   57 --- [uler-event-loop] org.apache.spark.internal.Logging        : Missing parents: List()
2022-07-12 18:47:12.686  INFO   57 --- [uler-event-loop] org.apache.spark.internal.Logging        : Submitting ResultStage 1 (MapPartitionsRDD[6] at show at Application.java:141), which has no missing parents
2022-07-12 18:47:12.722  INFO   57 --- [uler-event-loop] org.apache.spark.internal.Logging        : Block broadcast_1 stored as values in memory (estimated size 12.9 KiB, free 841.6 MiB)
2022-07-12 18:47:12.726  INFO   57 --- [uler-event-loop] org.apache.spark.internal.Logging        : Block broadcast_1_piece0 stored as bytes in memory (estimated size 5.8 KiB, free 841.6 MiB)
2022-07-12 18:47:12.728  INFO   57 --- [ckManagerMaster] org.apache.spark.internal.Logging        : Added broadcast_1_piece0 in memory on host.docker.internal:62628 (size: 5.8 KiB, free: 841.7 MiB)
2022-07-12 18:47:12.729  INFO   57 --- [uler-event-loop] org.apache.spark.internal.Logging        : Created broadcast 1 from broadcast at DAGScheduler.scala:1478
2022-07-12 18:47:12.730  INFO   57 --- [uler-event-loop] org.apache.spark.internal.Logging        : Submitting 1 missing tasks from ResultStage 1 (MapPartitionsRDD[6] at show at Application.java:141) (first 15 tasks are for partitions Vector(0))
2022-07-12 18:47:12.731  INFO   57 --- [uler-event-loop] org.apache.spark.internal.Logging        : Adding task set 1.0 with 1 tasks resource profile 0
2022-07-12 18:47:12.736  INFO   57 --- [er-event-loop-0] org.apache.spark.internal.Logging        : Starting task 0.0 in stage 1.0 (TID 1) (host.docker.internal, executor driver, partition 0, PROCESS_LOCAL, 4394 bytes) taskResourceAssignments Map()
2022-07-12 18:47:12.743  INFO   57 --- [age 1.0 (TID 1)] org.apache.spark.internal.Logging        : Running task 0.0 in stage 1.0 (TID 1)
2022-07-12 18:47:12.977  INFO   57 --- [age 1.0 (TID 1)] org.apache.spark.internal.Logging        : Found block input-0-1657647995044 locally
2022-07-12 18:47:13.766  INFO   57 --- [age 1.0 (TID 1)] org.apache.spark.internal.Logging        : 1 block locks were not released by task 0.0 in stage 1.0 (TID 1)
[input-0-1657647995044]
2022-07-12 18:47:13.777  INFO   57 --- [age 1.0 (TID 1)] org.apache.spark.internal.Logging        : Finished task 0.0 in stage 1.0 (TID 1). 2374 bytes result sent to driver
2022-07-12 18:47:13.788  INFO   57 --- [result-getter-0] org.apache.spark.internal.Logging        : Finished task 0.0 in stage 1.0 (TID 1) in 1054 ms on host.docker.internal (executor driver) (1/1)
2022-07-12 18:47:13.792  INFO   57 --- [result-getter-0] org.apache.spark.internal.Logging        : Removed TaskSet 1.0, whose tasks have all completed, from pool 
2022-07-12 18:47:13.798  INFO   57 --- [uler-event-loop] org.apache.spark.internal.Logging        : ResultStage 1 (show at Application.java:141) finished in 1.098 s
2022-07-12 18:47:13.806  INFO   57 --- [uler-event-loop] org.apache.spark.internal.Logging        : Job 1 is finished. Cancelling potential speculative or zombie tasks for this job
2022-07-12 18:47:13.807  INFO   57 --- [uler-event-loop] org.apache.spark.internal.Logging        : Killing all running tasks in stage 1: Stage finished
2022-07-12 18:47:13.811  INFO   57 --- [-job-executor-0] org.apache.spark.internal.Logging        : Job 1 finished: show at Application.java:141, took 1.131125 s
2022-07-12 18:47:13.910  INFO   57 --- [-job-executor-0] org.apache.spark.internal.Logging        : Code generated in 39.8936 ms
2022-07-12 18:47:13.993  INFO   57 --- [   JobScheduler] org.apache.spark.internal.Logging        : Finished job streaming job 1657648020000 ms.0 from job set of time 1657648020000 ms
2022-07-12 18:47:13.995  INFO   57 --- [   JobScheduler] org.apache.spark.internal.Logging        : Total delay: 13.992 s for time 1657648020000 ms (execution: 12.999 s)
2022-07-12 18:47:14.007  INFO   57 --- [   JobGenerator] org.apache.spark.internal.Logging        : Deleting batches: 
2022-07-12 18:47:14.010  INFO   57 --- [   JobGenerator] org.apache.spark.internal.Logging        : remove old batch metadata: 
2022-07-12 18:47:36.547  INFO  571 --- [ool Maintenance] g.apache.nifi.remote.client.PeerSelector : Successfully refreshed peer status cache; remote group consists of 1 peers
2022-07-12 18:48:00.000  INFO   57 --- [   JobGenerator] org.apache.spark.internal.Logging        : Added jobs for time 1657648080000 ms
2022-07-12 18:48:00.000  INFO   57 --- [   JobScheduler] org.apache.spark.internal.Logging        : Starting job streaming job 1657648080000 ms.0 from job set of time 1657648080000 ms
2022-07-12 18:48:00.000  WARN   69 --- [-job-executor-0] org.apache.spark.internal.Logging        : Using an existing SparkSession; the static sql configurations will not take effect.
2022-07-12 18:48:00.000  WARN   69 --- [-job-executor-0] org.apache.spark.internal.Logging        : Using an existing SparkSession; some spark core configurations may not take effect.
2022-07-12 18:48:00.109  INFO   57 --- [   JobScheduler] org.apache.spark.internal.Logging        : Finished job streaming job 1657648080000 ms.0 from job set of time 1657648080000 ms
2022-07-12 18:48:00.110  INFO   57 --- [   JobScheduler] org.apache.spark.internal.Logging        : Total delay: 0.109 s for time 1657648080000 ms (execution: 0.109 s)
2022-07-12 18:48:00.111  INFO   57 --- [   JobGenerator] org.apache.spark.internal.Logging        : Removing RDD 2 from persistence list
2022-07-12 18:48:00.130  INFO   57 --- [   JobGenerator] org.apache.spark.internal.Logging        : Removing RDD 1 from persistence list
2022-07-12 18:48:00.132  INFO   57 --- [   JobGenerator] org.apache.spark.internal.Logging        : Removing blocks of RDD BlockRDD[1] at receiverStream at Application.java:122 of time 1657648080000 ms
2022-07-12 18:48:00.133  INFO   57 --- [c-thread-pool-0] org.apache.spark.internal.Logging        : Removing RDD 2
2022-07-12 18:48:00.133  INFO   57 --- [c-thread-pool-1] org.apache.spark.internal.Logging        : Removing RDD 1
2022-07-12 18:48:00.137  INFO   57 --- [   JobGenerator] org.apache.spark.internal.Logging        : Deleting batches: 
2022-07-12 18:48:00.137  INFO   57 --- [   JobGenerator] org.apache.spark.internal.Logging        : remove old batch metadata: 
2022-07-12 18:48:00.142  INFO   57 --- [ckManagerMaster] org.apache.spark.internal.Logging        : Removed input-0-1657647995044 on host.docker.internal:62628 in memory (size: 55.9 MiB, free: 897.6 MiB)
2022-07-12 18:48:04.818  INFO   57 --- [shutdown-hook-0] org.apache.spark.internal.Logging        : Invoking stop(stopGracefully=false) from shutdown hook
2022-07-12 18:48:04.829  INFO   57 --- [er-event-loop-2] org.apache.spark.internal.Logging        : Sent stop signal to all 1 receivers
2022-07-12 18:48:04.831  INFO   57 --- [er-event-loop-3] org.apache.spark.internal.Logging        : Received stop signal
2022-07-12 18:48:04.832  INFO   57 --- [er-event-loop-3] org.apache.spark.internal.Logging        : Stopping receiver with message: Stopped by driver: 
2022-07-12 18:48:04.833  INFO   57 --- [er-event-loop-3] org.apache.spark.internal.Logging        : Called receiver onStop
2022-07-12 18:48:04.835  INFO   57 --- [er-event-loop-3] org.apache.spark.internal.Logging        : Deregistering receiver 0
2022-07-12 18:48:04.838  ERROR   73 --- [er-event-loop-0] org.apache.spark.internal.Logging        : Deregistered receiver for stream 0: Stopped by driver
2022-07-12 18:48:04.839  INFO   57 --- [er-event-loop-3] org.apache.spark.internal.Logging        : Stopped receiver 0
2022-07-12 18:48:04.842  INFO   57 --- [er-event-loop-3] org.apache.spark.internal.Logging        : Stopping BlockGenerator
2022-07-12 18:48:05.201  INFO   57 --- [er-event-loop-3] org.apache.spark.internal.Logging        : Stopped timer for BlockGenerator after time 1657648085200
2022-07-12 18:48:05.201  INFO   57 --- [er-event-loop-3] org.apache.spark.internal.Logging        : Waiting for block pushing thread to terminate
2022-07-12 18:48:05.216  INFO   57 --- [      Thread-14] org.apache.spark.internal.Logging        : Pushing out the last 0 blocks
2022-07-12 18:48:05.216  INFO   57 --- [      Thread-14] org.apache.spark.internal.Logging        : Stopped block pushing thread
2022-07-12 18:48:05.216  INFO   57 --- [er-event-loop-3] org.apache.spark.internal.Logging        : Stopped BlockGenerator
2022-07-12 18:48:05.216  INFO   57 --- [age 0.0 (TID 0)] org.apache.spark.internal.Logging        : Stopped receiver without error
2022-07-12 18:48:05.232  INFO   57 --- [age 0.0 (TID 0)] org.apache.spark.internal.Logging        : Finished task 0.0 in stage 0.0 (TID 0). 923 bytes result sent to driver
2022-07-12 18:48:05.232  INFO   57 --- [result-getter-1] org.apache.spark.internal.Logging        : Finished task 0.0 in stage 0.0 (TID 0) in 90531 ms on host.docker.internal (executor driver) (1/1)
2022-07-12 18:48:05.232  INFO   57 --- [result-getter-1] org.apache.spark.internal.Logging        : Removed TaskSet 0.0, whose tasks have all completed, from pool 
2022-07-12 18:48:05.232  INFO   57 --- [uler-event-loop] org.apache.spark.internal.Logging        : ResultStage 0 (start at Application.java:146) finished in 90.875 s
2022-07-12 18:48:05.232  INFO   57 --- [uler-event-loop] org.apache.spark.internal.Logging        : Job 0 is finished. Cancelling potential speculative or zombie tasks for this job
2022-07-12 18:48:05.232  INFO   57 --- [uler-event-loop] org.apache.spark.internal.Logging        : Killing all running tasks in stage 0: Stage finished
2022-07-12 18:48:05.232  INFO   57 --- [shutdown-hook-0] org.apache.spark.internal.Logging        : All of the receivers have deregistered successfully
2022-07-12 18:48:05.232  INFO   57 --- [shutdown-hook-0] org.apache.spark.internal.Logging        : ReceiverTracker stopped
2022-07-12 18:48:05.232  INFO   57 --- [shutdown-hook-0] org.apache.spark.internal.Logging        : Stopping JobGenerator immediately
2022-07-12 18:48:05.247  INFO   57 --- [shutdown-hook-0] org.apache.spark.internal.Logging        : Stopped timer for JobGenerator after time 1657648080000
2022-07-12 18:48:05.247  INFO   57 --- [shutdown-hook-0] org.apache.spark.internal.Logging        : Stopped JobGenerator
2022-07-12 18:48:05.247  INFO   57 --- [shutdown-hook-0] org.apache.spark.internal.Logging        : Stopped JobScheduler
2022-07-12 18:48:05.247  INFO 1153 --- [shutdown-hook-0] ject.jetty.server.handler.ContextHandler : Stopped o.s.j.s.ServletContextHandler@6fd77352{/streaming,null,STOPPED,@Spark}
2022-07-12 18:48:05.247  INFO 1153 --- [shutdown-hook-0] ject.jetty.server.handler.ContextHandler : Stopped o.s.j.s.ServletContextHandler@3f672204{/streaming/json,null,STOPPED,@Spark}
2022-07-12 18:48:05.247  INFO 1153 --- [shutdown-hook-0] ject.jetty.server.handler.ContextHandler : Stopped o.s.j.s.ServletContextHandler@6c65860d{/streaming/batch,null,STOPPED,@Spark}
2022-07-12 18:48:05.247  INFO 1153 --- [shutdown-hook-0] ject.jetty.server.handler.ContextHandler : Stopped o.s.j.s.ServletContextHandler@7cf283e1{/streaming/batch/json,null,STOPPED,@Spark}
2022-07-12 18:48:05.263  INFO 1153 --- [shutdown-hook-0] ject.jetty.server.handler.ContextHandler : Stopped o.s.j.s.ServletContextHandler@252f626c{/static/streaming,null,STOPPED,@Spark}
2022-07-12 18:48:05.263  INFO  165 --- [           main] com.elite.cdr.validator.Application      : ****************************************************
2022-07-12 18:48:05.263  INFO   57 --- [shutdown-hook-0] org.apache.spark.internal.Logging        : StreamingContext stopped successfully
2022-07-12 18:48:05.263  INFO  166 --- [           main] com.elite.cdr.validator.Application      : Duration: 0.0 seconds
2022-07-12 18:48:05.263  INFO  167 --- [           main] com.elite.cdr.validator.Application      : Batch executed with success
2022-07-12 18:48:05.263  INFO  168 --- [           main] com.elite.cdr.validator.Application      : ****************************************************
2022-07-12 18:48:05.263  INFO   57 --- [shutdown-hook-0] org.apache.spark.internal.Logging        : Invoking stop() from shutdown hook
2022-07-12 18:48:05.263  INFO  381 --- [shutdown-hook-0] rkproject.jetty.server.AbstractConnector : Stopped Spark@7caa550{HTTP/1.1, (http/1.1)}{0.0.0.0:4040}
2022-07-12 18:48:05.263  INFO   57 --- [shutdown-hook-0] org.apache.spark.internal.Logging        : Stopped Spark web UI at http://host.docker.internal:4040
2022-07-12 18:48:05.279  INFO   57 --- [er-event-loop-0] org.apache.spark.internal.Logging        : MapOutputTrackerMasterEndpoint stopped!
2022-07-12 18:48:05.294  INFO   57 --- [shutdown-hook-0] org.apache.spark.internal.Logging        : MemoryStore cleared
2022-07-12 18:48:05.294  INFO   57 --- [shutdown-hook-0] org.apache.spark.internal.Logging        : BlockManager stopped
2022-07-12 18:48:05.310  INFO   57 --- [shutdown-hook-0] org.apache.spark.internal.Logging        : BlockManagerMaster stopped
2022-07-12 18:48:05.310  INFO   57 --- [er-event-loop-1] org.apache.spark.internal.Logging        : OutputCommitCoordinator stopped!
2022-07-12 18:48:05.310  INFO   57 --- [shutdown-hook-0] org.apache.spark.internal.Logging        : Successfully stopped SparkContext
2022-07-12 18:48:05.310  INFO   57 --- [shutdown-hook-0] org.apache.spark.internal.Logging        : Shutdown hook called
2022-07-12 18:48:05.310  INFO   57 --- [shutdown-hook-0] org.apache.spark.internal.Logging        : Deleting directory C:\Users\Wael Hamdi\AppData\Local\Temp\spark-ffa027b2-f6de-4343-af75-9a1b6289d2b0
