2022-06-24 14:55:59.706  INFO   50 --- [           main] com.elite.cdr.validator.Application      : Starting ASN1 Reader 
2022-06-24 14:55:59.711  INFO   52 --- [           main] com.elite.cdr.validator.Application      : ############### Run with the args [--env, local, --file, C:\IntelliJProjects\FraudDetectionSpark3\src\main\resources\data\simpleTypes.ber]
2022-06-24 14:55:59.773  INFO   58 --- [           main] com.elite.cdr.validator.Application      : ############### Run in local mode
2022-06-24 14:56:03.437  INFO   57 --- [           main] org.apache.spark.internal.Logging        : Running Spark version 3.2.1
2022-06-24 14:56:06.051  INFO   57 --- [           main] org.apache.spark.internal.Logging        : ==============================================================
2022-06-24 14:56:06.056  INFO   57 --- [           main] org.apache.spark.internal.Logging        : No custom resources configured for spark.driver.
2022-06-24 14:56:06.057  INFO   57 --- [           main] org.apache.spark.internal.Logging        : ==============================================================
2022-06-24 14:56:06.059  INFO   57 --- [           main] org.apache.spark.internal.Logging        : Submitted application: NiFi-Spark Streaming example
2022-06-24 14:56:06.122  INFO   57 --- [           main] org.apache.spark.internal.Logging        : Default ResourceProfile created, executor resources: Map(cores -> name: cores, amount: 1, script: , vendor: , memory -> name: memory, amount: 1024, script: , vendor: , offHeap -> name: offHeap, amount: 0, script: , vendor: ), task resources: Map(cpus -> name: cpus, amount: 1.0)
2022-06-24 14:56:06.148  INFO   57 --- [           main] org.apache.spark.internal.Logging        : Limiting resource is cpu
2022-06-24 14:56:06.156  INFO   57 --- [           main] org.apache.spark.internal.Logging        : Added ResourceProfile id: 0
2022-06-24 14:56:06.448  INFO   57 --- [           main] org.apache.spark.internal.Logging        : Changing view acls to: Wael Hamdi
2022-06-24 14:56:06.449  INFO   57 --- [           main] org.apache.spark.internal.Logging        : Changing modify acls to: Wael Hamdi
2022-06-24 14:56:06.452  INFO   57 --- [           main] org.apache.spark.internal.Logging        : Changing view acls groups to: 
2022-06-24 14:56:06.453  INFO   57 --- [           main] org.apache.spark.internal.Logging        : Changing modify acls groups to: 
2022-06-24 14:56:06.455  INFO   57 --- [           main] org.apache.spark.internal.Logging        : SecurityManager: authentication disabled; ui acls disabled; users  with view permissions: Set(Wael Hamdi); groups with view permissions: Set(); users  with modify permissions: Set(Wael Hamdi); groups with modify permissions: Set()
2022-06-24 14:56:10.542  INFO   57 --- [           main] org.apache.spark.internal.Logging        : Successfully started service 'sparkDriver' on port 57061.
2022-06-24 14:56:10.721  INFO   57 --- [           main] org.apache.spark.internal.Logging        : Registering MapOutputTracker
2022-06-24 14:56:10.889  INFO   57 --- [           main] org.apache.spark.internal.Logging        : Registering BlockManagerMaster
2022-06-24 14:56:10.952  INFO   57 --- [           main] org.apache.spark.internal.Logging        : Using org.apache.spark.storage.DefaultTopologyMapper for getting topology information
2022-06-24 14:56:10.953  INFO   57 --- [           main] org.apache.spark.internal.Logging        : BlockManagerMasterEndpoint up
2022-06-24 14:56:10.959  INFO   57 --- [           main] org.apache.spark.internal.Logging        : Registering BlockManagerMasterHeartbeat
2022-06-24 14:56:11.220  INFO   57 --- [           main] org.apache.spark.internal.Logging        : Created local directory at C:\Users\Wael Hamdi\AppData\Local\Temp\blockmgr-cf9a20b8-be06-48f5-a3f9-fc2576b09e37
2022-06-24 14:56:11.346  INFO   57 --- [           main] org.apache.spark.internal.Logging        : MemoryStore started with capacity 897.6 MiB
2022-06-24 14:56:11.444  INFO   57 --- [           main] org.apache.spark.internal.Logging        : Registering OutputCommitCoordinator
2022-06-24 14:56:11.770  INFO  170 --- [           main] org.sparkproject.jetty.util.log.Log      : Logging initialized @13975ms to org.sparkproject.jetty.util.log.Slf4jLog
2022-06-24 14:56:12.035  INFO  375 --- [           main] org.sparkproject.jetty.server.Server     : jetty-9.4.43.v20210629; built: 2021-06-30T11:07:22.254Z; git: 526006ecfa3af7f1a27ef3a288e2bef7ea9dd7e8; jvm 1.8.0_301-b09
2022-06-24 14:56:12.088  INFO  415 --- [           main] org.sparkproject.jetty.server.Server     : Started @14295ms
2022-06-24 14:56:12.195  INFO  331 --- [           main] rkproject.jetty.server.AbstractConnector : Started ServerConnector@46074492{HTTP/1.1, (http/1.1)}{0.0.0.0:4040}
2022-06-24 14:56:12.195  INFO   57 --- [           main] org.apache.spark.internal.Logging        : Successfully started service 'SparkUI' on port 4040.
2022-06-24 14:56:12.235  INFO  915 --- [           main] ject.jetty.server.handler.ContextHandler : Started o.s.j.s.ServletContextHandler@7a56812e{/jobs,null,AVAILABLE,@Spark}
2022-06-24 14:56:12.239  INFO  915 --- [           main] ject.jetty.server.handler.ContextHandler : Started o.s.j.s.ServletContextHandler@660e9100{/jobs/json,null,AVAILABLE,@Spark}
2022-06-24 14:56:12.241  INFO  915 --- [           main] ject.jetty.server.handler.ContextHandler : Started o.s.j.s.ServletContextHandler@9cd25ff{/jobs/job,null,AVAILABLE,@Spark}
2022-06-24 14:56:12.243  INFO  915 --- [           main] ject.jetty.server.handler.ContextHandler : Started o.s.j.s.ServletContextHandler@6db66836{/jobs/job/json,null,AVAILABLE,@Spark}
2022-06-24 14:56:12.244  INFO  915 --- [           main] ject.jetty.server.handler.ContextHandler : Started o.s.j.s.ServletContextHandler@2de366bb{/stages,null,AVAILABLE,@Spark}
2022-06-24 14:56:12.245  INFO  915 --- [           main] ject.jetty.server.handler.ContextHandler : Started o.s.j.s.ServletContextHandler@61a002b1{/stages/json,null,AVAILABLE,@Spark}
2022-06-24 14:56:12.248  INFO  915 --- [           main] ject.jetty.server.handler.ContextHandler : Started o.s.j.s.ServletContextHandler@780ec4a5{/stages/stage,null,AVAILABLE,@Spark}
2022-06-24 14:56:12.251  INFO  915 --- [           main] ject.jetty.server.handler.ContextHandler : Started o.s.j.s.ServletContextHandler@5aabbb29{/stages/stage/json,null,AVAILABLE,@Spark}
2022-06-24 14:56:12.257  INFO  915 --- [           main] ject.jetty.server.handler.ContextHandler : Started o.s.j.s.ServletContextHandler@1ac85b0c{/stages/pool,null,AVAILABLE,@Spark}
2022-06-24 14:56:12.260  INFO  915 --- [           main] ject.jetty.server.handler.ContextHandler : Started o.s.j.s.ServletContextHandler@3aa3193a{/stages/pool/json,null,AVAILABLE,@Spark}
2022-06-24 14:56:12.263  INFO  915 --- [           main] ject.jetty.server.handler.ContextHandler : Started o.s.j.s.ServletContextHandler@59a67c3a{/storage,null,AVAILABLE,@Spark}
2022-06-24 14:56:12.264  INFO  915 --- [           main] ject.jetty.server.handler.ContextHandler : Started o.s.j.s.ServletContextHandler@724bade8{/storage/json,null,AVAILABLE,@Spark}
2022-06-24 14:56:12.265  INFO  915 --- [           main] ject.jetty.server.handler.ContextHandler : Started o.s.j.s.ServletContextHandler@6bc248ed{/storage/rdd,null,AVAILABLE,@Spark}
2022-06-24 14:56:12.267  INFO  915 --- [           main] ject.jetty.server.handler.ContextHandler : Started o.s.j.s.ServletContextHandler@ca27722{/storage/rdd/json,null,AVAILABLE,@Spark}
2022-06-24 14:56:12.268  INFO  915 --- [           main] ject.jetty.server.handler.ContextHandler : Started o.s.j.s.ServletContextHandler@9573b3b{/environment,null,AVAILABLE,@Spark}
2022-06-24 14:56:12.269  INFO  915 --- [           main] ject.jetty.server.handler.ContextHandler : Started o.s.j.s.ServletContextHandler@78461bc4{/environment/json,null,AVAILABLE,@Spark}
2022-06-24 14:56:12.271  INFO  915 --- [           main] ject.jetty.server.handler.ContextHandler : Started o.s.j.s.ServletContextHandler@64f857e7{/executors,null,AVAILABLE,@Spark}
2022-06-24 14:56:12.272  INFO  915 --- [           main] ject.jetty.server.handler.ContextHandler : Started o.s.j.s.ServletContextHandler@58c540cf{/executors/json,null,AVAILABLE,@Spark}
2022-06-24 14:56:12.274  INFO  915 --- [           main] ject.jetty.server.handler.ContextHandler : Started o.s.j.s.ServletContextHandler@1b822fcc{/executors/threadDump,null,AVAILABLE,@Spark}
2022-06-24 14:56:12.276  INFO  915 --- [           main] ject.jetty.server.handler.ContextHandler : Started o.s.j.s.ServletContextHandler@56102e1c{/executors/threadDump/json,null,AVAILABLE,@Spark}
2022-06-24 14:56:12.298  INFO  915 --- [           main] ject.jetty.server.handler.ContextHandler : Started o.s.j.s.ServletContextHandler@7927bd9f{/static,null,AVAILABLE,@Spark}
2022-06-24 14:56:12.299  INFO  915 --- [           main] ject.jetty.server.handler.ContextHandler : Started o.s.j.s.ServletContextHandler@3670f00{/,null,AVAILABLE,@Spark}
2022-06-24 14:56:12.302  INFO  915 --- [           main] ject.jetty.server.handler.ContextHandler : Started o.s.j.s.ServletContextHandler@46ab18da{/api,null,AVAILABLE,@Spark}
2022-06-24 14:56:12.304  INFO  915 --- [           main] ject.jetty.server.handler.ContextHandler : Started o.s.j.s.ServletContextHandler@1a2e2935{/jobs/job/kill,null,AVAILABLE,@Spark}
2022-06-24 14:56:12.306  INFO  915 --- [           main] ject.jetty.server.handler.ContextHandler : Started o.s.j.s.ServletContextHandler@4b629f13{/stages/stage/kill,null,AVAILABLE,@Spark}
2022-06-24 14:56:12.312  INFO   57 --- [           main] org.apache.spark.internal.Logging        : Bound SparkUI to 0.0.0.0, and started at http://host.docker.internal:4040
2022-06-24 14:56:13.209  INFO   57 --- [           main] org.apache.spark.internal.Logging        : Starting executor ID driver on host host.docker.internal
2022-06-24 14:56:13.400  INFO   57 --- [           main] org.apache.spark.internal.Logging        : Successfully started service 'org.apache.spark.network.netty.NettyBlockTransferService' on port 57087.
2022-06-24 14:56:13.401  INFO   82 --- [           main] .network.netty.NettyBlockTransferService : Server created on host.docker.internal:57087
2022-06-24 14:56:13.410  INFO   57 --- [           main] org.apache.spark.internal.Logging        : Using org.apache.spark.storage.RandomBlockReplicationPolicy for block replication policy
2022-06-24 14:56:13.488  INFO   57 --- [           main] org.apache.spark.internal.Logging        : Registering BlockManager BlockManagerId(driver, host.docker.internal, 57087, None)
2022-06-24 14:56:13.493  INFO   57 --- [ckManagerMaster] org.apache.spark.internal.Logging        : Registering block manager host.docker.internal:57087 with 897.6 MiB RAM, BlockManagerId(driver, host.docker.internal, 57087, None)
2022-06-24 14:56:13.515  INFO   57 --- [           main] org.apache.spark.internal.Logging        : Registered BlockManager BlockManagerId(driver, host.docker.internal, 57087, None)
2022-06-24 14:56:13.517  INFO   57 --- [           main] org.apache.spark.internal.Logging        : Initialized BlockManager: BlockManagerId(driver, host.docker.internal, 57087, None)
2022-06-24 14:56:14.133  INFO  915 --- [           main] ject.jetty.server.handler.ContextHandler : Started o.s.j.s.ServletContextHandler@a619c2{/metrics/json,null,AVAILABLE,@Spark}
2022-06-24 14:56:15.249  INFO   57 --- [shutdown-hook-0] org.apache.spark.internal.Logging        : Invoking stop() from shutdown hook
2022-06-24 14:56:15.314  INFO  381 --- [shutdown-hook-0] rkproject.jetty.server.AbstractConnector : Stopped Spark@46074492{HTTP/1.1, (http/1.1)}{0.0.0.0:4040}
2022-06-24 14:56:15.316  INFO   57 --- [shutdown-hook-0] org.apache.spark.internal.Logging        : Stopped Spark web UI at http://host.docker.internal:4040
2022-06-24 14:56:15.378  INFO   57 --- [er-event-loop-0] org.apache.spark.internal.Logging        : MapOutputTrackerMasterEndpoint stopped!
2022-06-24 14:56:15.408  INFO   57 --- [shutdown-hook-0] org.apache.spark.internal.Logging        : MemoryStore cleared
2022-06-24 14:56:15.409  INFO   57 --- [shutdown-hook-0] org.apache.spark.internal.Logging        : BlockManager stopped
2022-06-24 14:56:15.419  INFO   57 --- [shutdown-hook-0] org.apache.spark.internal.Logging        : BlockManagerMaster stopped
2022-06-24 14:56:15.430  INFO   57 --- [er-event-loop-1] org.apache.spark.internal.Logging        : OutputCommitCoordinator stopped!
2022-06-24 14:56:15.435  INFO   57 --- [shutdown-hook-0] org.apache.spark.internal.Logging        : Successfully stopped SparkContext
2022-06-24 14:56:15.436  INFO   57 --- [shutdown-hook-0] org.apache.spark.internal.Logging        : Shutdown hook called
2022-06-24 14:56:15.437  INFO   57 --- [shutdown-hook-0] org.apache.spark.internal.Logging        : Deleting directory C:\Users\Wael Hamdi\AppData\Local\Temp\spark-54b2ade9-f8f7-4a99-9b06-d4560ae9fb22
