2022-08-02 11:57:04.427  INFO   48 --- [           main] com.elite.cdr.validator.Application      : Starting ASN1 Reader 
2022-08-02 11:57:04.427  INFO   50 --- [           main] com.elite.cdr.validator.Application      : ############### Run with the args [--env, local, --file, src/main/resources/data/simpleTypes.ber, --prop, src/main/resources/myapp.properties]
2022-08-02 11:57:04.521  INFO   56 --- [           main] com.elite.cdr.validator.Application      : ############### Run in local mode
2022-08-02 11:57:06.224  INFO   57 --- [           main] org.apache.spark.internal.Logging        : Running Spark version 3.2.1
2022-08-02 11:57:06.833  INFO   57 --- [           main] org.apache.spark.internal.Logging        : ==============================================================
2022-08-02 11:57:06.849  INFO   57 --- [           main] org.apache.spark.internal.Logging        : No custom resources configured for spark.driver.
2022-08-02 11:57:06.849  INFO   57 --- [           main] org.apache.spark.internal.Logging        : ==============================================================
2022-08-02 11:57:06.849  INFO   57 --- [           main] org.apache.spark.internal.Logging        : Submitted application: NiFi Spark Streaming example
2022-08-02 11:57:06.927  INFO   57 --- [           main] org.apache.spark.internal.Logging        : Default ResourceProfile created, executor resources: Map(cores -> name: cores, amount: 1, script: , vendor: , memory -> name: memory, amount: 1024, script: , vendor: , offHeap -> name: offHeap, amount: 0, script: , vendor: ), task resources: Map(cpus -> name: cpus, amount: 1.0)
2022-08-02 11:57:06.958  INFO   57 --- [           main] org.apache.spark.internal.Logging        : Limiting resource is cpu
2022-08-02 11:57:06.958  INFO   57 --- [           main] org.apache.spark.internal.Logging        : Added ResourceProfile id: 0
2022-08-02 11:57:07.161  INFO   57 --- [           main] org.apache.spark.internal.Logging        : Changing view acls to: Wael Hamdi
2022-08-02 11:57:07.161  INFO   57 --- [           main] org.apache.spark.internal.Logging        : Changing modify acls to: Wael Hamdi
2022-08-02 11:57:07.161  INFO   57 --- [           main] org.apache.spark.internal.Logging        : Changing view acls groups to: 
2022-08-02 11:57:07.161  INFO   57 --- [           main] org.apache.spark.internal.Logging        : Changing modify acls groups to: 
2022-08-02 11:57:07.161  INFO   57 --- [           main] org.apache.spark.internal.Logging        : SecurityManager: authentication disabled; ui acls disabled; users  with view permissions: Set(Wael Hamdi); groups with view permissions: Set(); users  with modify permissions: Set(Wael Hamdi); groups with modify permissions: Set()
2022-08-02 11:57:09.396  INFO   57 --- [           main] org.apache.spark.internal.Logging        : Successfully started service 'sparkDriver' on port 64994.
2022-08-02 11:57:09.443  INFO   57 --- [           main] org.apache.spark.internal.Logging        : Registering MapOutputTracker
2022-08-02 11:57:09.474  INFO   57 --- [           main] org.apache.spark.internal.Logging        : Registering BlockManagerMaster
2022-08-02 11:57:09.505  INFO   57 --- [           main] org.apache.spark.internal.Logging        : Using org.apache.spark.storage.DefaultTopologyMapper for getting topology information
2022-08-02 11:57:09.505  INFO   57 --- [           main] org.apache.spark.internal.Logging        : BlockManagerMasterEndpoint up
2022-08-02 11:57:09.505  INFO   57 --- [           main] org.apache.spark.internal.Logging        : Registering BlockManagerMasterHeartbeat
2022-08-02 11:57:09.536  INFO   57 --- [           main] org.apache.spark.internal.Logging        : Created local directory at C:\Users\Wael Hamdi\AppData\Local\Temp\blockmgr-491a6eff-32df-45e4-a282-756ebec914fd
2022-08-02 11:57:09.568  INFO   57 --- [           main] org.apache.spark.internal.Logging        : MemoryStore started with capacity 897.6 MiB
2022-08-02 11:57:09.599  INFO   57 --- [           main] org.apache.spark.internal.Logging        : Registering OutputCommitCoordinator
2022-08-02 11:57:09.708  INFO  170 --- [           main] org.sparkproject.jetty.util.log.Log      : Logging initialized @6211ms to org.sparkproject.jetty.util.log.Slf4jLog
2022-08-02 11:57:09.802  INFO  375 --- [           main] org.sparkproject.jetty.server.Server     : jetty-9.4.43.v20210629; built: 2021-06-30T11:07:22.254Z; git: 526006ecfa3af7f1a27ef3a288e2bef7ea9dd7e8; jvm 1.8.0_301-b09
2022-08-02 11:57:09.833  INFO  415 --- [           main] org.sparkproject.jetty.server.Server     : Started @6333ms
2022-08-02 11:57:09.880  INFO  331 --- [           main] rkproject.jetty.server.AbstractConnector : Started ServerConnector@476aac9{HTTP/1.1, (http/1.1)}{0.0.0.0:4040}
2022-08-02 11:57:09.880  INFO   57 --- [           main] org.apache.spark.internal.Logging        : Successfully started service 'SparkUI' on port 4040.
2022-08-02 11:57:09.911  INFO  915 --- [           main] ject.jetty.server.handler.ContextHandler : Started o.s.j.s.ServletContextHandler@7555b920{/jobs,null,AVAILABLE,@Spark}
2022-08-02 11:57:09.911  INFO  915 --- [           main] ject.jetty.server.handler.ContextHandler : Started o.s.j.s.ServletContextHandler@7927bd9f{/jobs/json,null,AVAILABLE,@Spark}
2022-08-02 11:57:09.911  INFO  915 --- [           main] ject.jetty.server.handler.ContextHandler : Started o.s.j.s.ServletContextHandler@410954b{/jobs/job,null,AVAILABLE,@Spark}
2022-08-02 11:57:09.927  INFO  915 --- [           main] ject.jetty.server.handler.ContextHandler : Started o.s.j.s.ServletContextHandler@51f49060{/jobs/job/json,null,AVAILABLE,@Spark}
2022-08-02 11:57:09.927  INFO  915 --- [           main] ject.jetty.server.handler.ContextHandler : Started o.s.j.s.ServletContextHandler@617fe9e1{/stages,null,AVAILABLE,@Spark}
2022-08-02 11:57:09.927  INFO  915 --- [           main] ject.jetty.server.handler.ContextHandler : Started o.s.j.s.ServletContextHandler@1cf2fed4{/stages/json,null,AVAILABLE,@Spark}
2022-08-02 11:57:09.927  INFO  915 --- [           main] ject.jetty.server.handler.ContextHandler : Started o.s.j.s.ServletContextHandler@245a26e1{/stages/stage,null,AVAILABLE,@Spark}
2022-08-02 11:57:09.927  INFO  915 --- [           main] ject.jetty.server.handler.ContextHandler : Started o.s.j.s.ServletContextHandler@2e185cd7{/stages/stage/json,null,AVAILABLE,@Spark}
2022-08-02 11:57:09.927  INFO  915 --- [           main] ject.jetty.server.handler.ContextHandler : Started o.s.j.s.ServletContextHandler@5f7f2382{/stages/pool,null,AVAILABLE,@Spark}
2022-08-02 11:57:09.927  INFO  915 --- [           main] ject.jetty.server.handler.ContextHandler : Started o.s.j.s.ServletContextHandler@6815c5f2{/stages/pool/json,null,AVAILABLE,@Spark}
2022-08-02 11:57:09.927  INFO  915 --- [           main] ject.jetty.server.handler.ContextHandler : Started o.s.j.s.ServletContextHandler@60094a13{/storage,null,AVAILABLE,@Spark}
2022-08-02 11:57:09.927  INFO  915 --- [           main] ject.jetty.server.handler.ContextHandler : Started o.s.j.s.ServletContextHandler@1c32886a{/storage/json,null,AVAILABLE,@Spark}
2022-08-02 11:57:09.927  INFO  915 --- [           main] ject.jetty.server.handler.ContextHandler : Started o.s.j.s.ServletContextHandler@10b892d5{/storage/rdd,null,AVAILABLE,@Spark}
2022-08-02 11:57:09.943  INFO  915 --- [           main] ject.jetty.server.handler.ContextHandler : Started o.s.j.s.ServletContextHandler@3546d80f{/storage/rdd/json,null,AVAILABLE,@Spark}
2022-08-02 11:57:09.943  INFO  915 --- [           main] ject.jetty.server.handler.ContextHandler : Started o.s.j.s.ServletContextHandler@3670f00{/environment,null,AVAILABLE,@Spark}
2022-08-02 11:57:09.943  INFO  915 --- [           main] ject.jetty.server.handler.ContextHandler : Started o.s.j.s.ServletContextHandler@46ab18da{/environment/json,null,AVAILABLE,@Spark}
2022-08-02 11:57:09.943  INFO  915 --- [           main] ject.jetty.server.handler.ContextHandler : Started o.s.j.s.ServletContextHandler@42257bdd{/executors,null,AVAILABLE,@Spark}
2022-08-02 11:57:09.943  INFO  915 --- [           main] ject.jetty.server.handler.ContextHandler : Started o.s.j.s.ServletContextHandler@687a762c{/executors/json,null,AVAILABLE,@Spark}
2022-08-02 11:57:09.943  INFO  915 --- [           main] ject.jetty.server.handler.ContextHandler : Started o.s.j.s.ServletContextHandler@733c423e{/executors/threadDump,null,AVAILABLE,@Spark}
2022-08-02 11:57:09.943  INFO  915 --- [           main] ject.jetty.server.handler.ContextHandler : Started o.s.j.s.ServletContextHandler@70925b45{/executors/threadDump/json,null,AVAILABLE,@Spark}
2022-08-02 11:57:09.958  INFO  915 --- [           main] ject.jetty.server.handler.ContextHandler : Started o.s.j.s.ServletContextHandler@aa22f1c{/static,null,AVAILABLE,@Spark}
2022-08-02 11:57:09.958  INFO  915 --- [           main] ject.jetty.server.handler.ContextHandler : Started o.s.j.s.ServletContextHandler@1df98368{/,null,AVAILABLE,@Spark}
2022-08-02 11:57:09.958  INFO  915 --- [           main] ject.jetty.server.handler.ContextHandler : Started o.s.j.s.ServletContextHandler@226f885f{/api,null,AVAILABLE,@Spark}
2022-08-02 11:57:09.958  INFO  915 --- [           main] ject.jetty.server.handler.ContextHandler : Started o.s.j.s.ServletContextHandler@681aad3b{/jobs/job/kill,null,AVAILABLE,@Spark}
2022-08-02 11:57:09.958  INFO  915 --- [           main] ject.jetty.server.handler.ContextHandler : Started o.s.j.s.ServletContextHandler@2427e004{/stages/stage/kill,null,AVAILABLE,@Spark}
2022-08-02 11:57:09.974  INFO   57 --- [           main] org.apache.spark.internal.Logging        : Bound SparkUI to 0.0.0.0, and started at http://host.docker.internal:4040
2022-08-02 11:57:10.177  INFO   57 --- [           main] org.apache.spark.internal.Logging        : Starting executor ID driver on host host.docker.internal
2022-08-02 11:57:10.333  INFO   57 --- [           main] org.apache.spark.internal.Logging        : Successfully started service 'org.apache.spark.network.netty.NettyBlockTransferService' on port 65018.
2022-08-02 11:57:10.349  INFO   82 --- [           main] .network.netty.NettyBlockTransferService : Server created on host.docker.internal:65018
2022-08-02 11:57:10.349  INFO   57 --- [           main] org.apache.spark.internal.Logging        : Using org.apache.spark.storage.RandomBlockReplicationPolicy for block replication policy
2022-08-02 11:57:10.349  INFO   57 --- [           main] org.apache.spark.internal.Logging        : Registering BlockManager BlockManagerId(driver, host.docker.internal, 65018, None)
2022-08-02 11:57:10.364  INFO   57 --- [ckManagerMaster] org.apache.spark.internal.Logging        : Registering block manager host.docker.internal:65018 with 897.6 MiB RAM, BlockManagerId(driver, host.docker.internal, 65018, None)
2022-08-02 11:57:10.364  INFO   57 --- [           main] org.apache.spark.internal.Logging        : Registered BlockManager BlockManagerId(driver, host.docker.internal, 65018, None)
2022-08-02 11:57:10.364  INFO   57 --- [           main] org.apache.spark.internal.Logging        : Initialized BlockManager: BlockManagerId(driver, host.docker.internal, 65018, None)
2022-08-02 11:57:10.693  INFO  915 --- [           main] ject.jetty.server.handler.ContextHandler : Started o.s.j.s.ServletContextHandler@720653c2{/metrics/json,null,AVAILABLE,@Spark}
2022-08-02 11:57:11.505  INFO   57 --- [streaming-start] org.apache.spark.internal.Logging        : Starting 1 receivers
2022-08-02 11:57:11.505  INFO   57 --- [streaming-start] org.apache.spark.internal.Logging        : ReceiverTracker started
2022-08-02 11:57:11.521  INFO   57 --- [streaming-start] org.apache.spark.internal.Logging        : Slide time = 1000 ms
2022-08-02 11:57:11.521  INFO   57 --- [streaming-start] org.apache.spark.internal.Logging        : Storage level = Serialized 1x Replicated
2022-08-02 11:57:11.521  INFO   57 --- [streaming-start] org.apache.spark.internal.Logging        : Checkpoint interval = null
2022-08-02 11:57:11.521  INFO   57 --- [streaming-start] org.apache.spark.internal.Logging        : Remember interval = 1000 ms
2022-08-02 11:57:11.521  INFO   57 --- [streaming-start] org.apache.spark.internal.Logging        : Initialized and validated org.apache.spark.streaming.dstream.PluggableInputDStream@3df44f5b
2022-08-02 11:57:11.521  INFO   57 --- [streaming-start] org.apache.spark.internal.Logging        : Slide time = 1000 ms
2022-08-02 11:57:11.521  INFO   57 --- [streaming-start] org.apache.spark.internal.Logging        : Storage level = Serialized 1x Replicated
2022-08-02 11:57:11.521  INFO   57 --- [streaming-start] org.apache.spark.internal.Logging        : Checkpoint interval = null
2022-08-02 11:57:11.521  INFO   57 --- [streaming-start] org.apache.spark.internal.Logging        : Remember interval = 1000 ms
2022-08-02 11:57:11.521  INFO   57 --- [streaming-start] org.apache.spark.internal.Logging        : Initialized and validated org.apache.spark.streaming.dstream.MappedDStream@51f93b18
2022-08-02 11:57:11.521  INFO   57 --- [streaming-start] org.apache.spark.internal.Logging        : Slide time = 1000 ms
2022-08-02 11:57:11.521  INFO   57 --- [streaming-start] org.apache.spark.internal.Logging        : Storage level = Serialized 1x Replicated
2022-08-02 11:57:11.521  INFO   57 --- [streaming-start] org.apache.spark.internal.Logging        : Checkpoint interval = null
2022-08-02 11:57:11.521  INFO   57 --- [streaming-start] org.apache.spark.internal.Logging        : Remember interval = 1000 ms
2022-08-02 11:57:11.521  INFO   57 --- [streaming-start] org.apache.spark.internal.Logging        : Initialized and validated org.apache.spark.streaming.dstream.ForEachDStream@46779d88
2022-08-02 11:57:11.646  INFO   57 --- [er-event-loop-3] org.apache.spark.internal.Logging        : Receiver 0 started
2022-08-02 11:57:11.661  INFO   57 --- [streaming-start] org.apache.spark.internal.Logging        : Started timer for JobGenerator at time 1659437832000
2022-08-02 11:57:11.665  INFO   57 --- [streaming-start] org.apache.spark.internal.Logging        : Started JobGenerator at 1659437832000 ms
2022-08-02 11:57:11.667  INFO   57 --- [streaming-start] org.apache.spark.internal.Logging        : Started JobScheduler
2022-08-02 11:57:11.679  INFO  915 --- [           main] ject.jetty.server.handler.ContextHandler : Started o.s.j.s.ServletContextHandler@238acd0b{/streaming,null,AVAILABLE,@Spark}
2022-08-02 11:57:11.680  INFO   57 --- [uler-event-loop] org.apache.spark.internal.Logging        : Got job 0 (start at Application.java:178) with 1 output partitions
2022-08-02 11:57:11.682  INFO   57 --- [uler-event-loop] org.apache.spark.internal.Logging        : Final stage: ResultStage 0 (start at Application.java:178)
2022-08-02 11:57:11.683  INFO   57 --- [uler-event-loop] org.apache.spark.internal.Logging        : Parents of final stage: List()
2022-08-02 11:57:11.682  INFO  915 --- [           main] ject.jetty.server.handler.ContextHandler : Started o.s.j.s.ServletContextHandler@2125ad3{/streaming/json,null,AVAILABLE,@Spark}
2022-08-02 11:57:11.684  INFO   57 --- [uler-event-loop] org.apache.spark.internal.Logging        : Missing parents: List()
2022-08-02 11:57:11.686  INFO  915 --- [           main] ject.jetty.server.handler.ContextHandler : Started o.s.j.s.ServletContextHandler@15ac59c2{/streaming/batch,null,AVAILABLE,@Spark}
2022-08-02 11:57:11.687  INFO  915 --- [           main] ject.jetty.server.handler.ContextHandler : Started o.s.j.s.ServletContextHandler@6eb82908{/streaming/batch/json,null,AVAILABLE,@Spark}
2022-08-02 11:57:11.690  INFO  915 --- [           main] ject.jetty.server.handler.ContextHandler : Started o.s.j.s.ServletContextHandler@f2ce6b{/static/streaming,null,AVAILABLE,@Spark}
2022-08-02 11:57:11.691  INFO   57 --- [           main] org.apache.spark.internal.Logging        : StreamingContext started
2022-08-02 11:57:11.697  INFO   57 --- [uler-event-loop] org.apache.spark.internal.Logging        : Submitting ResultStage 0 (Receiver 0 ParallelCollectionRDD[0] at makeRDD at ReceiverTracker.scala:609), which has no missing parents
2022-08-02 11:57:11.901  INFO   57 --- [uler-event-loop] org.apache.spark.internal.Logging        : Block broadcast_0 stored as values in memory (estimated size 97.5 KiB, free 897.5 MiB)
2022-08-02 11:57:12.047  INFO   57 --- [   JobGenerator] org.apache.spark.internal.Logging        : Added jobs for time 1659437832000 ms
2022-08-02 11:57:12.047  INFO   57 --- [   JobScheduler] org.apache.spark.internal.Logging        : Starting job streaming job 1659437832000 ms.0 from job set of time 1659437832000 ms
2022-08-02 11:57:12.063  INFO   57 --- [uler-event-loop] org.apache.spark.internal.Logging        : Block broadcast_0_piece0 stored as bytes in memory (estimated size 34.2 KiB, free 897.5 MiB)
2022-08-02 11:57:12.063  INFO   57 --- [ckManagerMaster] org.apache.spark.internal.Logging        : Added broadcast_0_piece0 in memory on host.docker.internal:65018 (size: 34.2 KiB, free: 897.6 MiB)
2022-08-02 11:57:12.078  INFO   57 --- [uler-event-loop] org.apache.spark.internal.Logging        : Created broadcast 0 from broadcast at DAGScheduler.scala:1478
2022-08-02 11:57:12.094  INFO   57 --- [uler-event-loop] org.apache.spark.internal.Logging        : Submitting 1 missing tasks from ResultStage 0 (Receiver 0 ParallelCollectionRDD[0] at makeRDD at ReceiverTracker.scala:609) (first 15 tasks are for partitions Vector(0))
2022-08-02 11:57:12.094  INFO   57 --- [uler-event-loop] org.apache.spark.internal.Logging        : Adding task set 0.0 with 1 tasks resource profile 0
2022-08-02 11:57:12.141  WARN   69 --- [-job-executor-0] org.apache.spark.internal.Logging        : Using an existing SparkContext; some configuration may not take effect.
2022-08-02 11:57:12.266  INFO   57 --- [er-event-loop-0] org.apache.spark.internal.Logging        : Starting task 0.0 in stage 0.0 (TID 0) (host.docker.internal, executor driver, partition 0, PROCESS_LOCAL, 5950 bytes) taskResourceAssignments Map()
2022-08-02 11:57:12.313  INFO   57 --- [age 0.0 (TID 0)] org.apache.spark.internal.Logging        : Running task 0.0 in stage 0.0 (TID 0)
2022-08-02 11:57:12.703  INFO   57 --- [age 0.0 (TID 0)] org.apache.spark.internal.Logging        : Started timer for BlockGenerator at time 1659437832800
2022-08-02 11:57:12.707  INFO   57 --- [age 0.0 (TID 0)] org.apache.spark.internal.Logging        : Started BlockGenerator
2022-08-02 11:57:12.846  INFO   57 --- [er-event-loop-0] org.apache.spark.internal.Logging        : Registered receiver for stream 0 from host.docker.internal:64994
2022-08-02 11:57:12.855  INFO   57 --- [age 0.0 (TID 0)] org.apache.spark.internal.Logging        : Starting receiver 0
2022-08-02 11:57:12.858  INFO   57 --- [age 0.0 (TID 0)] org.apache.spark.internal.Logging        : Called receiver 0 onStart
2022-08-02 11:57:12.859  INFO   57 --- [age 0.0 (TID 0)] org.apache.spark.internal.Logging        : Waiting for receiver to be stopped
2022-08-02 11:57:12.831  INFO   57 --- [      Thread-14] org.apache.spark.internal.Logging        : Started block pushing thread
2022-08-02 11:57:12.939  INFO   57 --- [-job-executor-0] org.apache.spark.internal.Logging        : Setting hive.metastore.warehouse.dir ('null') to the value of spark.sql.warehouse.dir.
2022-08-02 11:57:13.016  INFO   57 --- [   JobGenerator] org.apache.spark.internal.Logging        : Added jobs for time 1659437833000 ms
2022-08-02 11:57:13.799  INFO   57 --- [-job-executor-0] org.apache.spark.internal.Logging        : Warehouse path is 'file:/C:/IntelliJProjects/NifiSparkStreaming/spark-warehouse'.
2022-08-02 11:57:13.819  INFO  915 --- [-job-executor-0] ject.jetty.server.handler.ContextHandler : Started o.s.j.s.ServletContextHandler@4d3575a{/SQL,null,AVAILABLE,@Spark}
2022-08-02 11:57:13.820  INFO  915 --- [-job-executor-0] ject.jetty.server.handler.ContextHandler : Started o.s.j.s.ServletContextHandler@3b7a28cf{/SQL/json,null,AVAILABLE,@Spark}
2022-08-02 11:57:13.822  INFO  915 --- [-job-executor-0] ject.jetty.server.handler.ContextHandler : Started o.s.j.s.ServletContextHandler@46a6d429{/SQL/execution,null,AVAILABLE,@Spark}
2022-08-02 11:57:13.824  INFO  915 --- [-job-executor-0] ject.jetty.server.handler.ContextHandler : Started o.s.j.s.ServletContextHandler@b8f982c{/SQL/execution/json,null,AVAILABLE,@Spark}
2022-08-02 11:57:13.826  INFO  915 --- [-job-executor-0] ject.jetty.server.handler.ContextHandler : Started o.s.j.s.ServletContextHandler@69a70106{/static/sql,null,AVAILABLE,@Spark}
2022-08-02 11:57:14.003  INFO   57 --- [   JobGenerator] org.apache.spark.internal.Logging        : Added jobs for time 1659437834000 ms
2022-08-02 11:57:14.394  INFO  571 --- [  NiFi Receiver] g.apache.nifi.remote.client.PeerSelector : Successfully refreshed peer status cache; remote group consists of 1 peers
2022-08-02 11:57:14.394  INFO  571 --- [ool Maintenance] g.apache.nifi.remote.client.PeerSelector : Successfully refreshed peer status cache; remote group consists of 1 peers
2022-08-02 11:57:14.611  INFO   57 --- [  NiFi Receiver] org.apache.spark.internal.Logging        : Block input-0-1659437832688 stored as values in memory (estimated size 10.2 MiB, free 887.3 MiB)
2022-08-02 11:57:14.613  INFO   57 --- [ckManagerMaster] org.apache.spark.internal.Logging        : Added input-0-1659437832688 in memory on host.docker.internal:65018 (size: 10.2 MiB, free: 887.4 MiB)
2022-08-02 11:57:15.008  INFO   57 --- [   JobGenerator] org.apache.spark.internal.Logging        : Added jobs for time 1659437835000 ms
2022-08-02 11:57:16.003  INFO   57 --- [   JobGenerator] org.apache.spark.internal.Logging        : Added jobs for time 1659437836000 ms
2022-08-02 11:57:17.004  INFO   57 --- [   JobGenerator] org.apache.spark.internal.Logging        : Added jobs for time 1659437837000 ms
2022-08-02 11:57:18.011  INFO   57 --- [   JobGenerator] org.apache.spark.internal.Logging        : Added jobs for time 1659437838000 ms
2022-08-02 11:57:18.815  INFO   57 --- [-job-executor-0] org.apache.spark.internal.Logging        : Code generated in 324.5606 ms
2022-08-02 11:57:18.883  INFO   57 --- [-job-executor-0] org.apache.spark.internal.Logging        : Code generated in 16.8012 ms
2022-08-02 11:57:18.944  INFO   57 --- [-job-executor-0] org.apache.spark.internal.Logging        : Starting job: count at Application.java:159
2022-08-02 11:57:18.951  INFO   57 --- [uler-event-loop] org.apache.spark.internal.Logging        : Registering RDD 18 (count at Application.java:159) as input to shuffle 0
2022-08-02 11:57:18.955  INFO   57 --- [uler-event-loop] org.apache.spark.internal.Logging        : Got job 1 (count at Application.java:159) with 1 output partitions
2022-08-02 11:57:18.955  INFO   57 --- [uler-event-loop] org.apache.spark.internal.Logging        : Final stage: ResultStage 2 (count at Application.java:159)
2022-08-02 11:57:18.956  INFO   57 --- [uler-event-loop] org.apache.spark.internal.Logging        : Parents of final stage: List(ShuffleMapStage 1)
2022-08-02 11:57:18.957  INFO   57 --- [uler-event-loop] org.apache.spark.internal.Logging        : Missing parents: List()
2022-08-02 11:57:18.959  INFO   57 --- [uler-event-loop] org.apache.spark.internal.Logging        : Submitting ResultStage 2 (MapPartitionsRDD[21] at count at Application.java:159), which has no missing parents
2022-08-02 11:57:18.968  INFO   57 --- [uler-event-loop] org.apache.spark.internal.Logging        : Block broadcast_1 stored as values in memory (estimated size 11.0 KiB, free 887.3 MiB)
2022-08-02 11:57:18.972  INFO   57 --- [uler-event-loop] org.apache.spark.internal.Logging        : Block broadcast_1_piece0 stored as bytes in memory (estimated size 5.4 KiB, free 887.3 MiB)
2022-08-02 11:57:18.973  INFO   57 --- [ckManagerMaster] org.apache.spark.internal.Logging        : Added broadcast_1_piece0 in memory on host.docker.internal:65018 (size: 5.4 KiB, free: 887.4 MiB)
2022-08-02 11:57:18.974  INFO   57 --- [uler-event-loop] org.apache.spark.internal.Logging        : Created broadcast 1 from broadcast at DAGScheduler.scala:1478
2022-08-02 11:57:18.976  INFO   57 --- [uler-event-loop] org.apache.spark.internal.Logging        : Submitting 1 missing tasks from ResultStage 2 (MapPartitionsRDD[21] at count at Application.java:159) (first 15 tasks are for partitions Vector(0))
2022-08-02 11:57:18.976  INFO   57 --- [uler-event-loop] org.apache.spark.internal.Logging        : Adding task set 2.0 with 1 tasks resource profile 0
2022-08-02 11:57:18.979  INFO   57 --- [er-event-loop-2] org.apache.spark.internal.Logging        : Starting task 0.0 in stage 2.0 (TID 1) (host.docker.internal, executor driver, partition 0, PROCESS_LOCAL, 4453 bytes) taskResourceAssignments Map()
2022-08-02 11:57:18.983  INFO   57 --- [age 2.0 (TID 1)] org.apache.spark.internal.Logging        : Running task 0.0 in stage 2.0 (TID 1)
2022-08-02 11:57:19.003  INFO   57 --- [   JobGenerator] org.apache.spark.internal.Logging        : Added jobs for time 1659437839000 ms
2022-08-02 11:57:19.206  INFO   57 --- [age 2.0 (TID 1)] org.apache.spark.internal.Logging        : Getting 0 (0.0 B) non-empty blocks including 0 (0.0 B) local and 0 (0.0 B) host-local and 0 (0.0 B) push-merged-local and 0 (0.0 B) remote blocks
2022-08-02 11:57:19.210  INFO   57 --- [age 2.0 (TID 1)] org.apache.spark.internal.Logging        : Started 0 remote fetches in 11 ms
2022-08-02 11:57:19.235  INFO   57 --- [age 2.0 (TID 1)] org.apache.spark.internal.Logging        : Finished task 0.0 in stage 2.0 (TID 1). 2641 bytes result sent to driver
2022-08-02 11:57:19.243  INFO   57 --- [result-getter-0] org.apache.spark.internal.Logging        : Finished task 0.0 in stage 2.0 (TID 1) in 264 ms on host.docker.internal (executor driver) (1/1)
2022-08-02 11:57:19.246  INFO   57 --- [result-getter-0] org.apache.spark.internal.Logging        : Removed TaskSet 2.0, whose tasks have all completed, from pool 
2022-08-02 11:57:19.253  INFO   57 --- [uler-event-loop] org.apache.spark.internal.Logging        : ResultStage 2 (count at Application.java:159) finished in 0.287 s
2022-08-02 11:57:19.259  INFO   57 --- [uler-event-loop] org.apache.spark.internal.Logging        : Job 1 is finished. Cancelling potential speculative or zombie tasks for this job
2022-08-02 11:57:19.260  INFO   57 --- [uler-event-loop] org.apache.spark.internal.Logging        : Killing all running tasks in stage 2: Stage finished
2022-08-02 11:57:19.263  INFO   57 --- [-job-executor-0] org.apache.spark.internal.Logging        : Job 1 finished: count at Application.java:159, took 0.318190 s
2022-08-02 11:57:19.277  INFO   57 --- [   JobScheduler] org.apache.spark.internal.Logging        : Finished job streaming job 1659437832000 ms.0 from job set of time 1659437832000 ms
2022-08-02 11:57:19.281  INFO   57 --- [   JobScheduler] org.apache.spark.internal.Logging        : Total delay: 7.275 s for time 1659437832000 ms (execution: 7.228 s)
2022-08-02 11:57:19.281  INFO   57 --- [   JobScheduler] org.apache.spark.internal.Logging        : Starting job streaming job 1659437833000 ms.0 from job set of time 1659437833000 ms
2022-08-02 11:57:19.285  WARN   69 --- [-job-executor-0] org.apache.spark.internal.Logging        : Using an existing SparkSession; the static sql configurations will not take effect.
2022-08-02 11:57:19.285  WARN   69 --- [-job-executor-0] org.apache.spark.internal.Logging        : Using an existing SparkSession; some spark core configurations may not take effect.
2022-08-02 11:57:19.300  INFO   57 --- [   JobGenerator] org.apache.spark.internal.Logging        : Deleting batches: 
2022-08-02 11:57:19.303  INFO   57 --- [   JobGenerator] org.apache.spark.internal.Logging        : remove old batch metadata: 
2022-08-02 11:57:19.426  INFO   57 --- [-job-executor-0] org.apache.spark.internal.Logging        : Starting job: count at Application.java:159
2022-08-02 11:57:19.429  INFO   57 --- [uler-event-loop] org.apache.spark.internal.Logging        : Registering RDD 27 (count at Application.java:159) as input to shuffle 1
2022-08-02 11:57:19.431  INFO   57 --- [uler-event-loop] org.apache.spark.internal.Logging        : Got job 2 (count at Application.java:159) with 1 output partitions
2022-08-02 11:57:19.432  INFO   57 --- [uler-event-loop] org.apache.spark.internal.Logging        : Final stage: ResultStage 4 (count at Application.java:159)
2022-08-02 11:57:19.432  INFO   57 --- [uler-event-loop] org.apache.spark.internal.Logging        : Parents of final stage: List(ShuffleMapStage 3)
2022-08-02 11:57:19.433  INFO   57 --- [uler-event-loop] org.apache.spark.internal.Logging        : Missing parents: List()
2022-08-02 11:57:19.435  INFO   57 --- [uler-event-loop] org.apache.spark.internal.Logging        : Submitting ResultStage 4 (MapPartitionsRDD[30] at count at Application.java:159), which has no missing parents
2022-08-02 11:57:19.436  INFO   57 --- [ckManagerMaster] org.apache.spark.internal.Logging        : Removed broadcast_1_piece0 on host.docker.internal:65018 in memory (size: 5.4 KiB, free: 887.4 MiB)
2022-08-02 11:57:19.443  INFO   57 --- [uler-event-loop] org.apache.spark.internal.Logging        : Block broadcast_2 stored as values in memory (estimated size 11.0 KiB, free 887.3 MiB)
2022-08-02 11:57:19.448  INFO   57 --- [uler-event-loop] org.apache.spark.internal.Logging        : Block broadcast_2_piece0 stored as bytes in memory (estimated size 5.4 KiB, free 887.3 MiB)
2022-08-02 11:57:19.450  INFO   57 --- [ckManagerMaster] org.apache.spark.internal.Logging        : Added broadcast_2_piece0 in memory on host.docker.internal:65018 (size: 5.4 KiB, free: 887.4 MiB)
2022-08-02 11:57:19.456  INFO   57 --- [uler-event-loop] org.apache.spark.internal.Logging        : Created broadcast 2 from broadcast at DAGScheduler.scala:1478
2022-08-02 11:57:19.459  INFO   57 --- [uler-event-loop] org.apache.spark.internal.Logging        : Submitting 1 missing tasks from ResultStage 4 (MapPartitionsRDD[30] at count at Application.java:159) (first 15 tasks are for partitions Vector(0))
2022-08-02 11:57:19.459  INFO   57 --- [uler-event-loop] org.apache.spark.internal.Logging        : Adding task set 4.0 with 1 tasks resource profile 0
2022-08-02 11:57:19.461  INFO   57 --- [er-event-loop-1] org.apache.spark.internal.Logging        : Starting task 0.0 in stage 4.0 (TID 2) (host.docker.internal, executor driver, partition 0, PROCESS_LOCAL, 4453 bytes) taskResourceAssignments Map()
2022-08-02 11:57:19.465  INFO   57 --- [age 4.0 (TID 2)] org.apache.spark.internal.Logging        : Running task 0.0 in stage 4.0 (TID 2)
2022-08-02 11:57:19.478  INFO   57 --- [age 4.0 (TID 2)] org.apache.spark.internal.Logging        : Getting 0 (0.0 B) non-empty blocks including 0 (0.0 B) local and 0 (0.0 B) host-local and 0 (0.0 B) push-merged-local and 0 (0.0 B) remote blocks
2022-08-02 11:57:19.478  INFO   57 --- [age 4.0 (TID 2)] org.apache.spark.internal.Logging        : Started 0 remote fetches in 1 ms
2022-08-02 11:57:19.484  INFO   57 --- [age 4.0 (TID 2)] org.apache.spark.internal.Logging        : Finished task 0.0 in stage 4.0 (TID 2). 2598 bytes result sent to driver
2022-08-02 11:57:19.488  INFO   57 --- [result-getter-1] org.apache.spark.internal.Logging        : Finished task 0.0 in stage 4.0 (TID 2) in 27 ms on host.docker.internal (executor driver) (1/1)
2022-08-02 11:57:19.488  INFO   57 --- [result-getter-1] org.apache.spark.internal.Logging        : Removed TaskSet 4.0, whose tasks have all completed, from pool 
2022-08-02 11:57:19.490  INFO   57 --- [uler-event-loop] org.apache.spark.internal.Logging        : ResultStage 4 (count at Application.java:159) finished in 0.054 s
2022-08-02 11:57:19.491  INFO   57 --- [uler-event-loop] org.apache.spark.internal.Logging        : Job 2 is finished. Cancelling potential speculative or zombie tasks for this job
2022-08-02 11:57:19.491  INFO   57 --- [uler-event-loop] org.apache.spark.internal.Logging        : Killing all running tasks in stage 4: Stage finished
2022-08-02 11:57:19.491  INFO   57 --- [-job-executor-0] org.apache.spark.internal.Logging        : Job 2 finished: count at Application.java:159, took 0.064093 s
2022-08-02 11:57:19.493  INFO   57 --- [   JobScheduler] org.apache.spark.internal.Logging        : Finished job streaming job 1659437833000 ms.0 from job set of time 1659437833000 ms
2022-08-02 11:57:19.496  INFO   57 --- [   JobScheduler] org.apache.spark.internal.Logging        : Total delay: 6.493 s for time 1659437833000 ms (execution: 0.212 s)
2022-08-02 11:57:19.498  INFO   57 --- [   JobScheduler] org.apache.spark.internal.Logging        : Starting job streaming job 1659437834000 ms.0 from job set of time 1659437834000 ms
2022-08-02 11:57:19.501  WARN   69 --- [-job-executor-0] org.apache.spark.internal.Logging        : Using an existing SparkSession; the static sql configurations will not take effect.
2022-08-02 11:57:19.501  WARN   69 --- [-job-executor-0] org.apache.spark.internal.Logging        : Using an existing SparkSession; some spark core configurations may not take effect.
2022-08-02 11:57:19.501  INFO   57 --- [   JobGenerator] org.apache.spark.internal.Logging        : Removing RDD 2 from persistence list
2022-08-02 11:57:19.509  INFO   57 --- [c-thread-pool-3] org.apache.spark.internal.Logging        : Removing RDD 2
2022-08-02 11:57:19.510  INFO   57 --- [   JobGenerator] org.apache.spark.internal.Logging        : Removing RDD 1 from persistence list
2022-08-02 11:57:19.519  INFO   57 --- [   JobGenerator] org.apache.spark.internal.Logging        : Removing blocks of RDD BlockRDD[1] at receiverStream at Application.java:122 of time 1659437833000 ms
2022-08-02 11:57:19.520  INFO   57 --- [c-thread-pool-6] org.apache.spark.internal.Logging        : Removing RDD 1
2022-08-02 11:57:19.523  INFO   57 --- [   JobGenerator] org.apache.spark.internal.Logging        : Deleting batches: 
2022-08-02 11:57:19.523  INFO   57 --- [   JobGenerator] org.apache.spark.internal.Logging        : remove old batch metadata: 
2022-08-02 11:57:19.612  INFO   57 --- [-job-executor-0] org.apache.spark.internal.Logging        : Starting job: count at Application.java:159
2022-08-02 11:57:19.614  INFO   57 --- [uler-event-loop] org.apache.spark.internal.Logging        : Registering RDD 34 (count at Application.java:159) as input to shuffle 2
2022-08-02 11:57:19.615  INFO   57 --- [uler-event-loop] org.apache.spark.internal.Logging        : Got job 3 (count at Application.java:159) with 1 output partitions
2022-08-02 11:57:19.616  INFO   57 --- [uler-event-loop] org.apache.spark.internal.Logging        : Final stage: ResultStage 6 (count at Application.java:159)
2022-08-02 11:57:19.616  INFO   57 --- [uler-event-loop] org.apache.spark.internal.Logging        : Parents of final stage: List(ShuffleMapStage 5)
2022-08-02 11:57:19.616  INFO   57 --- [uler-event-loop] org.apache.spark.internal.Logging        : Missing parents: List()
2022-08-02 11:57:19.618  INFO   57 --- [uler-event-loop] org.apache.spark.internal.Logging        : Submitting ResultStage 6 (MapPartitionsRDD[37] at count at Application.java:159), which has no missing parents
2022-08-02 11:57:19.621  INFO   57 --- [uler-event-loop] org.apache.spark.internal.Logging        : Block broadcast_3 stored as values in memory (estimated size 11.0 KiB, free 887.3 MiB)
2022-08-02 11:57:19.625  INFO   57 --- [uler-event-loop] org.apache.spark.internal.Logging        : Block broadcast_3_piece0 stored as bytes in memory (estimated size 5.4 KiB, free 887.3 MiB)
2022-08-02 11:57:19.626  INFO   57 --- [ckManagerMaster] org.apache.spark.internal.Logging        : Added broadcast_3_piece0 in memory on host.docker.internal:65018 (size: 5.4 KiB, free: 887.4 MiB)
2022-08-02 11:57:19.627  INFO   57 --- [uler-event-loop] org.apache.spark.internal.Logging        : Created broadcast 3 from broadcast at DAGScheduler.scala:1478
2022-08-02 11:57:19.627  INFO   57 --- [uler-event-loop] org.apache.spark.internal.Logging        : Submitting 1 missing tasks from ResultStage 6 (MapPartitionsRDD[37] at count at Application.java:159) (first 15 tasks are for partitions Vector(0))
2022-08-02 11:57:19.628  INFO   57 --- [uler-event-loop] org.apache.spark.internal.Logging        : Adding task set 6.0 with 1 tasks resource profile 0
2022-08-02 11:57:19.632  INFO   57 --- [er-event-loop-0] org.apache.spark.internal.Logging        : Starting task 0.0 in stage 6.0 (TID 3) (host.docker.internal, executor driver, partition 0, PROCESS_LOCAL, 4453 bytes) taskResourceAssignments Map()
2022-08-02 11:57:19.633  INFO   57 --- [age 6.0 (TID 3)] org.apache.spark.internal.Logging        : Running task 0.0 in stage 6.0 (TID 3)
2022-08-02 11:57:19.648  INFO   57 --- [age 6.0 (TID 3)] org.apache.spark.internal.Logging        : Getting 0 (0.0 B) non-empty blocks including 0 (0.0 B) local and 0 (0.0 B) host-local and 0 (0.0 B) push-merged-local and 0 (0.0 B) remote blocks
2022-08-02 11:57:19.649  INFO   57 --- [age 6.0 (TID 3)] org.apache.spark.internal.Logging        : Started 0 remote fetches in 1 ms
2022-08-02 11:57:19.652  INFO   57 --- [age 6.0 (TID 3)] org.apache.spark.internal.Logging        : Finished task 0.0 in stage 6.0 (TID 3). 2598 bytes result sent to driver
2022-08-02 11:57:19.655  INFO   57 --- [result-getter-2] org.apache.spark.internal.Logging        : Finished task 0.0 in stage 6.0 (TID 3) in 23 ms on host.docker.internal (executor driver) (1/1)
2022-08-02 11:57:19.655  INFO   57 --- [result-getter-2] org.apache.spark.internal.Logging        : Removed TaskSet 6.0, whose tasks have all completed, from pool 
2022-08-02 11:57:19.657  INFO   57 --- [uler-event-loop] org.apache.spark.internal.Logging        : ResultStage 6 (count at Application.java:159) finished in 0.038 s
2022-08-02 11:57:19.658  INFO   57 --- [uler-event-loop] org.apache.spark.internal.Logging        : Job 3 is finished. Cancelling potential speculative or zombie tasks for this job
2022-08-02 11:57:19.658  INFO   57 --- [uler-event-loop] org.apache.spark.internal.Logging        : Killing all running tasks in stage 6: Stage finished
2022-08-02 11:57:19.661  INFO   57 --- [-job-executor-0] org.apache.spark.internal.Logging        : Job 3 finished: count at Application.java:159, took 0.048271 s
2022-08-02 11:57:19.670  INFO   57 --- [   JobScheduler] org.apache.spark.internal.Logging        : Finished job streaming job 1659437834000 ms.0 from job set of time 1659437834000 ms
2022-08-02 11:57:19.672  INFO   57 --- [   JobScheduler] org.apache.spark.internal.Logging        : Total delay: 5.670 s for time 1659437834000 ms (execution: 0.172 s)
2022-08-02 11:57:19.673  WARN   69 --- [-job-executor-0] org.apache.spark.internal.Logging        : Using an existing SparkSession; the static sql configurations will not take effect.
2022-08-02 11:57:19.673  WARN   69 --- [-job-executor-0] org.apache.spark.internal.Logging        : Using an existing SparkSession; some spark core configurations may not take effect.
2022-08-02 11:57:19.677  INFO   57 --- [   JobScheduler] org.apache.spark.internal.Logging        : Starting job streaming job 1659437835000 ms.0 from job set of time 1659437835000 ms
2022-08-02 11:57:19.685  INFO   57 --- [   JobGenerator] org.apache.spark.internal.Logging        : Removing RDD 6 from persistence list
2022-08-02 11:57:19.698  INFO   57 --- [   JobGenerator] org.apache.spark.internal.Logging        : Removing RDD 5 from persistence list
2022-08-02 11:57:19.700  INFO   57 --- [   JobGenerator] org.apache.spark.internal.Logging        : Removing blocks of RDD BlockRDD[5] at receiverStream at Application.java:122 of time 1659437834000 ms
2022-08-02 11:57:19.700  INFO   57 --- [   JobGenerator] org.apache.spark.internal.Logging        : Deleting batches: 1659437832000 ms
2022-08-02 11:57:19.701  INFO   57 --- [   JobGenerator] org.apache.spark.internal.Logging        : remove old batch metadata: 1659437832000 ms
2022-08-02 11:57:19.703  INFO   57 --- [-thread-pool-10] org.apache.spark.internal.Logging        : Removing RDD 5
2022-08-02 11:57:19.703  INFO   57 --- [c-thread-pool-9] org.apache.spark.internal.Logging        : Removing RDD 6
2022-08-02 11:57:19.765  INFO   57 --- [uler-event-loop] org.apache.spark.internal.Logging        : Registering RDD 41 (count at Application.java:159) as input to shuffle 3
2022-08-02 11:57:19.766  INFO   57 --- [uler-event-loop] org.apache.spark.internal.Logging        : Got map stage job 4 (count at Application.java:159) with 1 output partitions
2022-08-02 11:57:19.767  INFO   57 --- [uler-event-loop] org.apache.spark.internal.Logging        : Final stage: ShuffleMapStage 7 (count at Application.java:159)
2022-08-02 11:57:19.767  INFO   57 --- [uler-event-loop] org.apache.spark.internal.Logging        : Parents of final stage: List()
2022-08-02 11:57:19.769  INFO   57 --- [uler-event-loop] org.apache.spark.internal.Logging        : Missing parents: List()
2022-08-02 11:57:19.772  INFO   57 --- [uler-event-loop] org.apache.spark.internal.Logging        : Submitting ShuffleMapStage 7 (MapPartitionsRDD[41] at count at Application.java:159), which has no missing parents
2022-08-02 11:57:19.794  INFO   57 --- [uler-event-loop] org.apache.spark.internal.Logging        : Block broadcast_4 stored as values in memory (estimated size 13.6 KiB, free 887.3 MiB)
2022-08-02 11:57:19.797  INFO   57 --- [uler-event-loop] org.apache.spark.internal.Logging        : Block broadcast_4_piece0 stored as bytes in memory (estimated size 6.7 KiB, free 887.3 MiB)
2022-08-02 11:57:19.799  INFO   57 --- [ckManagerMaster] org.apache.spark.internal.Logging        : Added broadcast_4_piece0 in memory on host.docker.internal:65018 (size: 6.7 KiB, free: 887.4 MiB)
2022-08-02 11:57:19.801  INFO   57 --- [uler-event-loop] org.apache.spark.internal.Logging        : Created broadcast 4 from broadcast at DAGScheduler.scala:1478
2022-08-02 11:57:19.803  INFO   57 --- [uler-event-loop] org.apache.spark.internal.Logging        : Submitting 1 missing tasks from ShuffleMapStage 7 (MapPartitionsRDD[41] at count at Application.java:159) (first 15 tasks are for partitions Vector(0))
2022-08-02 11:57:19.803  INFO   57 --- [uler-event-loop] org.apache.spark.internal.Logging        : Adding task set 7.0 with 1 tasks resource profile 0
2022-08-02 11:57:19.807  INFO   57 --- [er-event-loop-3] org.apache.spark.internal.Logging        : Starting task 0.0 in stage 7.0 (TID 4) (host.docker.internal, executor driver, partition 0, PROCESS_LOCAL, 4383 bytes) taskResourceAssignments Map()
2022-08-02 11:57:19.809  INFO   57 --- [age 7.0 (TID 4)] org.apache.spark.internal.Logging        : Running task 0.0 in stage 7.0 (TID 4)
2022-08-02 11:57:19.908  INFO   57 --- [age 7.0 (TID 4)] org.apache.spark.internal.Logging        : Found block input-0-1659437832688 locally
2022-08-02 11:57:20.003  INFO   57 --- [   JobGenerator] org.apache.spark.internal.Logging        : Added jobs for time 1659437840000 ms
2022-08-02 11:57:20.328  INFO   57 --- [ckManagerMaster] org.apache.spark.internal.Logging        : Removed broadcast_2_piece0 on host.docker.internal:65018 in memory (size: 5.4 KiB, free: 887.4 MiB)
2022-08-02 11:57:20.353  INFO   57 --- [ckManagerMaster] org.apache.spark.internal.Logging        : Removed broadcast_3_piece0 on host.docker.internal:65018 in memory (size: 5.4 KiB, free: 887.4 MiB)
2022-08-02 11:57:20.972  INFO   57 --- [age 7.0 (TID 4)] org.apache.spark.internal.Logging        : Finished task 0.0 in stage 7.0 (TID 4). 1924 bytes result sent to driver
2022-08-02 11:57:20.978  INFO   57 --- [result-getter-3] org.apache.spark.internal.Logging        : Finished task 0.0 in stage 7.0 (TID 4) in 1172 ms on host.docker.internal (executor driver) (1/1)
2022-08-02 11:57:20.978  INFO   57 --- [result-getter-3] org.apache.spark.internal.Logging        : Removed TaskSet 7.0, whose tasks have all completed, from pool 
2022-08-02 11:57:20.981  INFO   57 --- [uler-event-loop] org.apache.spark.internal.Logging        : ShuffleMapStage 7 (count at Application.java:159) finished in 1.201 s
2022-08-02 11:57:20.981  INFO   57 --- [uler-event-loop] org.apache.spark.internal.Logging        : looking for newly runnable stages
2022-08-02 11:57:20.982  INFO   57 --- [uler-event-loop] org.apache.spark.internal.Logging        : running: Set(ResultStage 0)
2022-08-02 11:57:20.983  INFO   57 --- [uler-event-loop] org.apache.spark.internal.Logging        : waiting: Set()
2022-08-02 11:57:20.984  INFO   57 --- [uler-event-loop] org.apache.spark.internal.Logging        : failed: Set()
2022-08-02 11:57:21.011  INFO   57 --- [   JobGenerator] org.apache.spark.internal.Logging        : Added jobs for time 1659437841000 ms
2022-08-02 11:57:21.023  INFO   57 --- [-job-executor-0] org.apache.spark.internal.Logging        : Starting job: count at Application.java:159
2022-08-02 11:57:21.026  INFO   57 --- [uler-event-loop] org.apache.spark.internal.Logging        : Got job 5 (count at Application.java:159) with 1 output partitions
2022-08-02 11:57:21.026  INFO   57 --- [uler-event-loop] org.apache.spark.internal.Logging        : Final stage: ResultStage 9 (count at Application.java:159)
2022-08-02 11:57:21.026  INFO   57 --- [uler-event-loop] org.apache.spark.internal.Logging        : Parents of final stage: List(ShuffleMapStage 8)
2022-08-02 11:57:21.027  INFO   57 --- [uler-event-loop] org.apache.spark.internal.Logging        : Missing parents: List()
2022-08-02 11:57:21.028  INFO   57 --- [uler-event-loop] org.apache.spark.internal.Logging        : Submitting ResultStage 9 (MapPartitionsRDD[48] at count at Application.java:159), which has no missing parents
2022-08-02 11:57:21.039  INFO   57 --- [uler-event-loop] org.apache.spark.internal.Logging        : Block broadcast_5 stored as values in memory (estimated size 11.0 KiB, free 887.3 MiB)
2022-08-02 11:57:21.042  INFO   57 --- [uler-event-loop] org.apache.spark.internal.Logging        : Block broadcast_5_piece0 stored as bytes in memory (estimated size 5.5 KiB, free 887.3 MiB)
2022-08-02 11:57:21.065  INFO   57 --- [ckManagerMaster] org.apache.spark.internal.Logging        : Added broadcast_5_piece0 in memory on host.docker.internal:65018 (size: 5.5 KiB, free: 887.4 MiB)
2022-08-02 11:57:21.066  INFO   57 --- [uler-event-loop] org.apache.spark.internal.Logging        : Created broadcast 5 from broadcast at DAGScheduler.scala:1478
2022-08-02 11:57:21.066  INFO   57 --- [uler-event-loop] org.apache.spark.internal.Logging        : Submitting 1 missing tasks from ResultStage 9 (MapPartitionsRDD[48] at count at Application.java:159) (first 15 tasks are for partitions Vector(0))
2022-08-02 11:57:21.066  INFO   57 --- [uler-event-loop] org.apache.spark.internal.Logging        : Adding task set 9.0 with 1 tasks resource profile 0
2022-08-02 11:57:21.069  INFO   57 --- [er-event-loop-2] org.apache.spark.internal.Logging        : Starting task 0.0 in stage 9.0 (TID 5) (host.docker.internal, executor driver, partition 0, NODE_LOCAL, 4453 bytes) taskResourceAssignments Map()
2022-08-02 11:57:21.070  INFO   57 --- [age 9.0 (TID 5)] org.apache.spark.internal.Logging        : Running task 0.0 in stage 9.0 (TID 5)
2022-08-02 11:57:21.082  INFO   57 --- [age 9.0 (TID 5)] org.apache.spark.internal.Logging        : Getting 1 (60.0 B) non-empty blocks including 1 (60.0 B) local and 0 (0.0 B) host-local and 0 (0.0 B) push-merged-local and 0 (0.0 B) remote blocks
2022-08-02 11:57:21.083  INFO   57 --- [age 9.0 (TID 5)] org.apache.spark.internal.Logging        : Started 0 remote fetches in 4 ms
2022-08-02 11:57:21.100  INFO   57 --- [age 9.0 (TID 5)] org.apache.spark.internal.Logging        : Finished task 0.0 in stage 9.0 (TID 5). 2648 bytes result sent to driver
2022-08-02 11:57:21.101  INFO   57 --- [result-getter-0] org.apache.spark.internal.Logging        : Finished task 0.0 in stage 9.0 (TID 5) in 32 ms on host.docker.internal (executor driver) (1/1)
2022-08-02 11:57:21.102  INFO   57 --- [result-getter-0] org.apache.spark.internal.Logging        : Removed TaskSet 9.0, whose tasks have all completed, from pool 
2022-08-02 11:57:21.103  INFO   57 --- [uler-event-loop] org.apache.spark.internal.Logging        : ResultStage 9 (count at Application.java:159) finished in 0.068 s
2022-08-02 11:57:21.104  INFO   57 --- [uler-event-loop] org.apache.spark.internal.Logging        : Job 5 is finished. Cancelling potential speculative or zombie tasks for this job
2022-08-02 11:57:21.104  INFO   57 --- [uler-event-loop] org.apache.spark.internal.Logging        : Killing all running tasks in stage 9: Stage finished
2022-08-02 11:57:21.105  INFO   57 --- [-job-executor-0] org.apache.spark.internal.Logging        : Job 5 finished: count at Application.java:159, took 0.080624 s
2022-08-02 11:57:21.804  INFO   57 --- [-job-executor-0] org.apache.spark.internal.Logging        : Code generated in 29.555 ms
2022-08-02 11:57:21.877  INFO   57 --- [-job-executor-0] org.apache.spark.internal.Logging        : Starting job: save at Application.java:167
2022-08-02 11:57:21.879  INFO   57 --- [uler-event-loop] org.apache.spark.internal.Logging        : Got job 6 (save at Application.java:167) with 1 output partitions
2022-08-02 11:57:21.879  INFO   57 --- [uler-event-loop] org.apache.spark.internal.Logging        : Final stage: ResultStage 10 (save at Application.java:167)
2022-08-02 11:57:21.880  INFO   57 --- [uler-event-loop] org.apache.spark.internal.Logging        : Parents of final stage: List()
2022-08-02 11:57:21.880  INFO   57 --- [uler-event-loop] org.apache.spark.internal.Logging        : Missing parents: List()
2022-08-02 11:57:21.882  INFO   57 --- [uler-event-loop] org.apache.spark.internal.Logging        : Submitting ResultStage 10 (MapPartitionsRDD[52] at save at Application.java:167), which has no missing parents
2022-08-02 11:57:21.904  INFO   57 --- [uler-event-loop] org.apache.spark.internal.Logging        : Block broadcast_6 stored as values in memory (estimated size 19.6 KiB, free 887.3 MiB)
2022-08-02 11:57:21.907  INFO   57 --- [uler-event-loop] org.apache.spark.internal.Logging        : Block broadcast_6_piece0 stored as bytes in memory (estimated size 9.1 KiB, free 887.2 MiB)
2022-08-02 11:57:21.909  INFO   57 --- [ckManagerMaster] org.apache.spark.internal.Logging        : Added broadcast_6_piece0 in memory on host.docker.internal:65018 (size: 9.1 KiB, free: 887.4 MiB)
2022-08-02 11:57:21.910  INFO   57 --- [uler-event-loop] org.apache.spark.internal.Logging        : Created broadcast 6 from broadcast at DAGScheduler.scala:1478
2022-08-02 11:57:21.911  INFO   57 --- [uler-event-loop] org.apache.spark.internal.Logging        : Submitting 1 missing tasks from ResultStage 10 (MapPartitionsRDD[52] at save at Application.java:167) (first 15 tasks are for partitions Vector(0))
2022-08-02 11:57:21.911  INFO   57 --- [uler-event-loop] org.apache.spark.internal.Logging        : Adding task set 10.0 with 1 tasks resource profile 0
2022-08-02 11:57:21.913  INFO   57 --- [er-event-loop-1] org.apache.spark.internal.Logging        : Starting task 0.0 in stage 10.0 (TID 6) (host.docker.internal, executor driver, partition 0, PROCESS_LOCAL, 4394 bytes) taskResourceAssignments Map()
2022-08-02 11:57:21.914  INFO   57 --- [ge 10.0 (TID 6)] org.apache.spark.internal.Logging        : Running task 0.0 in stage 10.0 (TID 6)
2022-08-02 11:57:21.987  INFO   57 --- [ge 10.0 (TID 6)] org.apache.spark.internal.Logging        : Found block input-0-1659437832688 locally
2022-08-02 11:57:22.002  INFO   57 --- [   JobGenerator] org.apache.spark.internal.Logging        : Added jobs for time 1659437842000 ms
2022-08-02 11:57:22.132  INFO   57 --- [ge 10.0 (TID 6)] org.apache.spark.internal.Logging        : Code generated in 95.8496 ms
2022-08-02 11:57:22.220  INFO   57 --- [ckManagerMaster] org.apache.spark.internal.Logging        : Removed broadcast_4_piece0 on host.docker.internal:65018 in memory (size: 6.7 KiB, free: 887.4 MiB)
2022-08-02 11:57:22.227  INFO   57 --- [ckManagerMaster] org.apache.spark.internal.Logging        : Removed broadcast_5_piece0 on host.docker.internal:65018 in memory (size: 5.5 KiB, free: 887.4 MiB)
2022-08-02 11:57:22.366  WARN   69 --- [ge 10.0 (TID 6)] org.apache.spark.internal.Logging        : Requested isolation level 1 is not supported; falling back to default isolation level 4
2022-08-02 11:57:22.455  ERROR   94 --- [ge 10.0 (TID 6)] org.apache.spark.internal.Logging        : Exception in task 0.0 in stage 10.0 (TID 6)
java.sql.BatchUpdateException: Failed to prepare update plan.
	at org.apache.ignite.internal.jdbc.thin.JdbcThinStatement.executeBatch(JdbcThinStatement.java:724)
	at org.apache.spark.sql.execution.datasources.jdbc.JdbcUtils$.savePartition(JdbcUtils.scala:728)
	at org.apache.spark.sql.execution.datasources.jdbc.JdbcUtils$.$anonfun$saveTable$1(JdbcUtils.scala:895)
	at org.apache.spark.sql.execution.datasources.jdbc.JdbcUtils$.$anonfun$saveTable$1$adapted(JdbcUtils.scala:893)
	at org.apache.spark.rdd.RDD.$anonfun$foreachPartition$2(RDD.scala:1020)
	at org.apache.spark.rdd.RDD.$anonfun$foreachPartition$2$adapted(RDD.scala:1020)
	at org.apache.spark.SparkContext.$anonfun$runJob$5(SparkContext.scala:2254)
	at org.apache.spark.scheduler.ResultTask.runTask(ResultTask.scala:90)
	at org.apache.spark.scheduler.Task.run(Task.scala:131)
	at org.apache.spark.executor.Executor$TaskRunner.$anonfun$run$3(Executor.scala:506)
	at org.apache.spark.util.Utils$.tryWithSafeFinally(Utils.scala:1462)
	at org.apache.spark.executor.Executor$TaskRunner.run(Executor.scala:509)
	at java.util.concurrent.ThreadPoolExecutor.runWorker(ThreadPoolExecutor.java:1149)
	at java.util.concurrent.ThreadPoolExecutor$Worker.run(ThreadPoolExecutor.java:624)
	at java.lang.Thread.run(Thread.java:748)
2022-08-02 11:57:22.475  WARN   69 --- [result-getter-1] org.apache.spark.internal.Logging        : Lost task 0.0 in stage 10.0 (TID 6) (host.docker.internal executor driver): java.sql.BatchUpdateException: Failed to prepare update plan.
	at org.apache.ignite.internal.jdbc.thin.JdbcThinStatement.executeBatch(JdbcThinStatement.java:724)
	at org.apache.spark.sql.execution.datasources.jdbc.JdbcUtils$.savePartition(JdbcUtils.scala:728)
	at org.apache.spark.sql.execution.datasources.jdbc.JdbcUtils$.$anonfun$saveTable$1(JdbcUtils.scala:895)
	at org.apache.spark.sql.execution.datasources.jdbc.JdbcUtils$.$anonfun$saveTable$1$adapted(JdbcUtils.scala:893)
	at org.apache.spark.rdd.RDD.$anonfun$foreachPartition$2(RDD.scala:1020)
	at org.apache.spark.rdd.RDD.$anonfun$foreachPartition$2$adapted(RDD.scala:1020)
	at org.apache.spark.SparkContext.$anonfun$runJob$5(SparkContext.scala:2254)
	at org.apache.spark.scheduler.ResultTask.runTask(ResultTask.scala:90)
	at org.apache.spark.scheduler.Task.run(Task.scala:131)
	at org.apache.spark.executor.Executor$TaskRunner.$anonfun$run$3(Executor.scala:506)
	at org.apache.spark.util.Utils$.tryWithSafeFinally(Utils.scala:1462)
	at org.apache.spark.executor.Executor$TaskRunner.run(Executor.scala:509)
	at java.util.concurrent.ThreadPoolExecutor.runWorker(ThreadPoolExecutor.java:1149)
	at java.util.concurrent.ThreadPoolExecutor$Worker.run(ThreadPoolExecutor.java:624)
	at java.lang.Thread.run(Thread.java:748)

2022-08-02 11:57:22.477  ERROR   73 --- [result-getter-1] org.apache.spark.internal.Logging        : Task 0 in stage 10.0 failed 1 times; aborting job
2022-08-02 11:57:22.479  INFO   57 --- [result-getter-1] org.apache.spark.internal.Logging        : Removed TaskSet 10.0, whose tasks have all completed, from pool 
2022-08-02 11:57:22.482  INFO   57 --- [uler-event-loop] org.apache.spark.internal.Logging        : Cancelling stage 10
2022-08-02 11:57:22.483  INFO   57 --- [uler-event-loop] org.apache.spark.internal.Logging        : Killing all running tasks in stage 10: Stage cancelled
2022-08-02 11:57:22.484  INFO   57 --- [uler-event-loop] org.apache.spark.internal.Logging        : ResultStage 10 (save at Application.java:167) failed in 0.600 s due to Job aborted due to stage failure: Task 0 in stage 10.0 failed 1 times, most recent failure: Lost task 0.0 in stage 10.0 (TID 6) (host.docker.internal executor driver): java.sql.BatchUpdateException: Failed to prepare update plan.
	at org.apache.ignite.internal.jdbc.thin.JdbcThinStatement.executeBatch(JdbcThinStatement.java:724)
	at org.apache.spark.sql.execution.datasources.jdbc.JdbcUtils$.savePartition(JdbcUtils.scala:728)
	at org.apache.spark.sql.execution.datasources.jdbc.JdbcUtils$.$anonfun$saveTable$1(JdbcUtils.scala:895)
	at org.apache.spark.sql.execution.datasources.jdbc.JdbcUtils$.$anonfun$saveTable$1$adapted(JdbcUtils.scala:893)
	at org.apache.spark.rdd.RDD.$anonfun$foreachPartition$2(RDD.scala:1020)
	at org.apache.spark.rdd.RDD.$anonfun$foreachPartition$2$adapted(RDD.scala:1020)
	at org.apache.spark.SparkContext.$anonfun$runJob$5(SparkContext.scala:2254)
	at org.apache.spark.scheduler.ResultTask.runTask(ResultTask.scala:90)
	at org.apache.spark.scheduler.Task.run(Task.scala:131)
	at org.apache.spark.executor.Executor$TaskRunner.$anonfun$run$3(Executor.scala:506)
	at org.apache.spark.util.Utils$.tryWithSafeFinally(Utils.scala:1462)
	at org.apache.spark.executor.Executor$TaskRunner.run(Executor.scala:509)
	at java.util.concurrent.ThreadPoolExecutor.runWorker(ThreadPoolExecutor.java:1149)
	at java.util.concurrent.ThreadPoolExecutor$Worker.run(ThreadPoolExecutor.java:624)
	at java.lang.Thread.run(Thread.java:748)

Driver stacktrace:
2022-08-02 11:57:22.486  INFO   57 --- [-job-executor-0] org.apache.spark.internal.Logging        : Job 6 failed: save at Application.java:167, took 0.607799 s
2022-08-02 11:57:22.491  INFO   57 --- [   JobScheduler] org.apache.spark.internal.Logging        : Finished job streaming job 1659437835000 ms.0 from job set of time 1659437835000 ms
2022-08-02 11:57:22.494  INFO   57 --- [   JobScheduler] org.apache.spark.internal.Logging        : Starting job streaming job 1659437836000 ms.0 from job set of time 1659437836000 ms
2022-08-02 11:57:22.495  ERROR   94 --- [   JobScheduler] org.apache.spark.internal.Logging        : Error running job streaming job 1659437835000 ms.0
org.apache.spark.SparkException: Job aborted due to stage failure: Task 0 in stage 10.0 failed 1 times, most recent failure: Lost task 0.0 in stage 10.0 (TID 6) (host.docker.internal executor driver): java.sql.BatchUpdateException: Failed to prepare update plan.
	at org.apache.ignite.internal.jdbc.thin.JdbcThinStatement.executeBatch(JdbcThinStatement.java:724)
	at org.apache.spark.sql.execution.datasources.jdbc.JdbcUtils$.savePartition(JdbcUtils.scala:728)
	at org.apache.spark.sql.execution.datasources.jdbc.JdbcUtils$.$anonfun$saveTable$1(JdbcUtils.scala:895)
	at org.apache.spark.sql.execution.datasources.jdbc.JdbcUtils$.$anonfun$saveTable$1$adapted(JdbcUtils.scala:893)
	at org.apache.spark.rdd.RDD.$anonfun$foreachPartition$2(RDD.scala:1020)
	at org.apache.spark.rdd.RDD.$anonfun$foreachPartition$2$adapted(RDD.scala:1020)
	at org.apache.spark.SparkContext.$anonfun$runJob$5(SparkContext.scala:2254)
	at org.apache.spark.scheduler.ResultTask.runTask(ResultTask.scala:90)
	at org.apache.spark.scheduler.Task.run(Task.scala:131)
	at org.apache.spark.executor.Executor$TaskRunner.$anonfun$run$3(Executor.scala:506)
	at org.apache.spark.util.Utils$.tryWithSafeFinally(Utils.scala:1462)
	at org.apache.spark.executor.Executor$TaskRunner.run(Executor.scala:509)
	at java.util.concurrent.ThreadPoolExecutor.runWorker(ThreadPoolExecutor.java:1149)
	at java.util.concurrent.ThreadPoolExecutor$Worker.run(ThreadPoolExecutor.java:624)
	at java.lang.Thread.run(Thread.java:748)

Driver stacktrace:
	at org.apache.spark.scheduler.DAGScheduler.failJobAndIndependentStages(DAGScheduler.scala:2454)
	at org.apache.spark.scheduler.DAGScheduler.$anonfun$abortStage$2(DAGScheduler.scala:2403)
	at org.apache.spark.scheduler.DAGScheduler.$anonfun$abortStage$2$adapted(DAGScheduler.scala:2402)
	at scala.collection.mutable.ResizableArray.foreach(ResizableArray.scala:62)
	at scala.collection.mutable.ResizableArray.foreach$(ResizableArray.scala:55)
	at scala.collection.mutable.ArrayBuffer.foreach(ArrayBuffer.scala:49)
	at org.apache.spark.scheduler.DAGScheduler.abortStage(DAGScheduler.scala:2402)
	at org.apache.spark.scheduler.DAGScheduler.$anonfun$handleTaskSetFailed$1(DAGScheduler.scala:1160)
	at org.apache.spark.scheduler.DAGScheduler.$anonfun$handleTaskSetFailed$1$adapted(DAGScheduler.scala:1160)
	at scala.Option.foreach(Option.scala:407)
	at org.apache.spark.scheduler.DAGScheduler.handleTaskSetFailed(DAGScheduler.scala:1160)
	at org.apache.spark.scheduler.DAGSchedulerEventProcessLoop.doOnReceive(DAGScheduler.scala:2642)
	at org.apache.spark.scheduler.DAGSchedulerEventProcessLoop.onReceive(DAGScheduler.scala:2584)
	at org.apache.spark.scheduler.DAGSchedulerEventProcessLoop.onReceive(DAGScheduler.scala:2573)
	at org.apache.spark.util.EventLoop$$anon$1.run(EventLoop.scala:49)
	at org.apache.spark.scheduler.DAGScheduler.runJob(DAGScheduler.scala:938)
	at org.apache.spark.SparkContext.runJob(SparkContext.scala:2214)
	at org.apache.spark.SparkContext.runJob(SparkContext.scala:2235)
	at org.apache.spark.SparkContext.runJob(SparkContext.scala:2254)
	at org.apache.spark.SparkContext.runJob(SparkContext.scala:2279)
	at org.apache.spark.rdd.RDD.$anonfun$foreachPartition$1(RDD.scala:1020)
	at org.apache.spark.rdd.RDDOperationScope$.withScope(RDDOperationScope.scala:151)
	at org.apache.spark.rdd.RDDOperationScope$.withScope(RDDOperationScope.scala:112)
	at org.apache.spark.rdd.RDD.withScope(RDD.scala:414)
	at org.apache.spark.rdd.RDD.foreachPartition(RDD.scala:1018)
	at org.apache.spark.sql.execution.datasources.jdbc.JdbcUtils$.saveTable(JdbcUtils.scala:893)
	at org.apache.spark.sql.execution.datasources.jdbc.JdbcRelationProvider.createRelation(JdbcRelationProvider.scala:69)
	at org.apache.spark.sql.execution.datasources.SaveIntoDataSourceCommand.run(SaveIntoDataSourceCommand.scala:45)
	at org.apache.spark.sql.execution.command.ExecutedCommandExec.sideEffectResult$lzycompute(commands.scala:75)
	at org.apache.spark.sql.execution.command.ExecutedCommandExec.sideEffectResult(commands.scala:73)
	at org.apache.spark.sql.execution.command.ExecutedCommandExec.executeCollect(commands.scala:84)
	at org.apache.spark.sql.execution.QueryExecution$$anonfun$eagerlyExecuteCommands$1.$anonfun$applyOrElse$1(QueryExecution.scala:110)
	at org.apache.spark.sql.execution.SQLExecution$.$anonfun$withNewExecutionId$5(SQLExecution.scala:103)
	at org.apache.spark.sql.execution.SQLExecution$.withSQLConfPropagated(SQLExecution.scala:163)
	at org.apache.spark.sql.execution.SQLExecution$.$anonfun$withNewExecutionId$1(SQLExecution.scala:90)
	at org.apache.spark.sql.SparkSession.withActive(SparkSession.scala:775)
	at org.apache.spark.sql.execution.SQLExecution$.withNewExecutionId(SQLExecution.scala:64)
	at org.apache.spark.sql.execution.QueryExecution$$anonfun$eagerlyExecuteCommands$1.applyOrElse(QueryExecution.scala:110)
	at org.apache.spark.sql.execution.QueryExecution$$anonfun$eagerlyExecuteCommands$1.applyOrElse(QueryExecution.scala:106)
	at org.apache.spark.sql.catalyst.trees.TreeNode.$anonfun$transformDownWithPruning$1(TreeNode.scala:481)
	at org.apache.spark.sql.catalyst.trees.CurrentOrigin$.withOrigin(TreeNode.scala:82)
	at org.apache.spark.sql.catalyst.trees.TreeNode.transformDownWithPruning(TreeNode.scala:481)
	at org.apache.spark.sql.catalyst.plans.logical.LogicalPlan.org$apache$spark$sql$catalyst$plans$logical$AnalysisHelper$$super$transformDownWithPruning(LogicalPlan.scala:30)
	at org.apache.spark.sql.catalyst.plans.logical.AnalysisHelper.transformDownWithPruning(AnalysisHelper.scala:267)
	at org.apache.spark.sql.catalyst.plans.logical.AnalysisHelper.transformDownWithPruning$(AnalysisHelper.scala:263)
	at org.apache.spark.sql.catalyst.plans.logical.LogicalPlan.transformDownWithPruning(LogicalPlan.scala:30)
	at org.apache.spark.sql.catalyst.plans.logical.LogicalPlan.transformDownWithPruning(LogicalPlan.scala:30)
	at org.apache.spark.sql.catalyst.trees.TreeNode.transformDown(TreeNode.scala:457)
	at org.apache.spark.sql.execution.QueryExecution.eagerlyExecuteCommands(QueryExecution.scala:106)
	at org.apache.spark.sql.execution.QueryExecution.commandExecuted$lzycompute(QueryExecution.scala:93)
	at org.apache.spark.sql.execution.QueryExecution.commandExecuted(QueryExecution.scala:91)
	at org.apache.spark.sql.execution.QueryExecution.assertCommandExecuted(QueryExecution.scala:128)
	at org.apache.spark.sql.DataFrameWriter.runCommand(DataFrameWriter.scala:848)
	at org.apache.spark.sql.DataFrameWriter.saveToV1Source(DataFrameWriter.scala:382)
	at org.apache.spark.sql.DataFrameWriter.saveInternal(DataFrameWriter.scala:355)
	at org.apache.spark.sql.DataFrameWriter.save(DataFrameWriter.scala:247)
	at com.elite.cdr.validator.Application.lambda$main$1282d8df$1(Application.java:167)
	at org.apache.spark.streaming.api.java.JavaDStreamLike.$anonfun$foreachRDD$1(JavaDStreamLike.scala:272)
	at org.apache.spark.streaming.api.java.JavaDStreamLike.$anonfun$foreachRDD$1$adapted(JavaDStreamLike.scala:272)
	at org.apache.spark.streaming.dstream.DStream.$anonfun$foreachRDD$2(DStream.scala:629)
	at org.apache.spark.streaming.dstream.DStream.$anonfun$foreachRDD$2$adapted(DStream.scala:629)
	at org.apache.spark.streaming.dstream.ForEachDStream.$anonfun$generateJob$2(ForEachDStream.scala:51)
	at scala.runtime.java8.JFunction0$mcV$sp.apply(JFunction0$mcV$sp.java:23)
	at org.apache.spark.streaming.dstream.DStream.createRDDWithLocalProperties(DStream.scala:417)
	at org.apache.spark.streaming.dstream.ForEachDStream.$anonfun$generateJob$1(ForEachDStream.scala:51)
	at scala.runtime.java8.JFunction0$mcV$sp.apply(JFunction0$mcV$sp.java:23)
	at scala.util.Try$.apply(Try.scala:213)
	at org.apache.spark.streaming.scheduler.Job.run(Job.scala:39)
	at org.apache.spark.streaming.scheduler.JobScheduler$JobHandler.$anonfun$run$1(JobScheduler.scala:256)
	at scala.runtime.java8.JFunction0$mcV$sp.apply(JFunction0$mcV$sp.java:23)
	at scala.util.DynamicVariable.withValue(DynamicVariable.scala:62)
	at org.apache.spark.streaming.scheduler.JobScheduler$JobHandler.run(JobScheduler.scala:256)
	at java.util.concurrent.ThreadPoolExecutor.runWorker(ThreadPoolExecutor.java:1149)
	at java.util.concurrent.ThreadPoolExecutor$Worker.run(ThreadPoolExecutor.java:624)
	at java.lang.Thread.run(Thread.java:748)
Caused by: java.sql.BatchUpdateException: Failed to prepare update plan.
	at org.apache.ignite.internal.jdbc.thin.JdbcThinStatement.executeBatch(JdbcThinStatement.java:724)
	at org.apache.spark.sql.execution.datasources.jdbc.JdbcUtils$.savePartition(JdbcUtils.scala:728)
	at org.apache.spark.sql.execution.datasources.jdbc.JdbcUtils$.$anonfun$saveTable$1(JdbcUtils.scala:895)
	at org.apache.spark.sql.execution.datasources.jdbc.JdbcUtils$.$anonfun$saveTable$1$adapted(JdbcUtils.scala:893)
	at org.apache.spark.rdd.RDD.$anonfun$foreachPartition$2(RDD.scala:1020)
	at org.apache.spark.rdd.RDD.$anonfun$foreachPartition$2$adapted(RDD.scala:1020)
	at org.apache.spark.SparkContext.$anonfun$runJob$5(SparkContext.scala:2254)
	at org.apache.spark.scheduler.ResultTask.runTask(ResultTask.scala:90)
	at org.apache.spark.scheduler.Task.run(Task.scala:131)
	at org.apache.spark.executor.Executor$TaskRunner.$anonfun$run$3(Executor.scala:506)
	at org.apache.spark.util.Utils$.tryWithSafeFinally(Utils.scala:1462)
	at org.apache.spark.executor.Executor$TaskRunner.run(Executor.scala:509)
	... 3 more
2022-08-02 11:57:22.496  WARN   69 --- [-job-executor-0] org.apache.spark.internal.Logging        : Using an existing SparkSession; the static sql configurations will not take effect.
2022-08-02 11:57:22.498  WARN   69 --- [-job-executor-0] org.apache.spark.internal.Logging        : Using an existing SparkSession; some spark core configurations may not take effect.
2022-08-02 11:57:22.543  INFO   57 --- [shutdown-hook-0] org.apache.spark.internal.Logging        : Invoking stop(stopGracefully=false) from shutdown hook
2022-08-02 11:57:22.555  INFO   57 --- [er-event-loop-0] org.apache.spark.internal.Logging        : Sent stop signal to all 1 receivers
2022-08-02 11:57:22.557  INFO   57 --- [er-event-loop-1] org.apache.spark.internal.Logging        : Received stop signal
2022-08-02 11:57:22.559  INFO   57 --- [er-event-loop-1] org.apache.spark.internal.Logging        : Stopping receiver with message: Stopped by driver: 
2022-08-02 11:57:22.560  INFO   57 --- [er-event-loop-1] org.apache.spark.internal.Logging        : Called receiver onStop
2022-08-02 11:57:22.561  INFO   57 --- [er-event-loop-1] org.apache.spark.internal.Logging        : Deregistering receiver 0
2022-08-02 11:57:22.564  ERROR   73 --- [er-event-loop-2] org.apache.spark.internal.Logging        : Deregistered receiver for stream 0: Stopped by driver
2022-08-02 11:57:22.565  INFO   57 --- [er-event-loop-1] org.apache.spark.internal.Logging        : Stopped receiver 0
2022-08-02 11:57:22.567  INFO   57 --- [er-event-loop-1] org.apache.spark.internal.Logging        : Stopping BlockGenerator
2022-08-02 11:57:22.610  INFO   57 --- [-job-executor-0] org.apache.spark.internal.Logging        : Starting job: count at Application.java:159
2022-08-02 11:57:22.620  INFO   57 --- [uler-event-loop] org.apache.spark.internal.Logging        : Registering RDD 58 (count at Application.java:159) as input to shuffle 4
2022-08-02 11:57:22.621  INFO   57 --- [uler-event-loop] org.apache.spark.internal.Logging        : Got job 7 (count at Application.java:159) with 1 output partitions
2022-08-02 11:57:22.621  INFO   57 --- [uler-event-loop] org.apache.spark.internal.Logging        : Final stage: ResultStage 12 (count at Application.java:159)
2022-08-02 11:57:22.621  INFO   57 --- [uler-event-loop] org.apache.spark.internal.Logging        : Parents of final stage: List(ShuffleMapStage 11)
2022-08-02 11:57:22.622  INFO   57 --- [uler-event-loop] org.apache.spark.internal.Logging        : Missing parents: List()
2022-08-02 11:57:22.623  INFO   57 --- [uler-event-loop] org.apache.spark.internal.Logging        : Submitting ResultStage 12 (MapPartitionsRDD[61] at count at Application.java:159), which has no missing parents
2022-08-02 11:57:22.632  INFO   57 --- [uler-event-loop] org.apache.spark.internal.Logging        : Block broadcast_7 stored as values in memory (estimated size 11.0 KiB, free 887.3 MiB)
2022-08-02 11:57:22.637  INFO   57 --- [uler-event-loop] org.apache.spark.internal.Logging        : Block broadcast_7_piece0 stored as bytes in memory (estimated size 5.4 KiB, free 887.3 MiB)
2022-08-02 11:57:22.639  INFO   57 --- [ckManagerMaster] org.apache.spark.internal.Logging        : Added broadcast_7_piece0 in memory on host.docker.internal:65018 (size: 5.4 KiB, free: 887.4 MiB)
2022-08-02 11:57:22.640  INFO   57 --- [uler-event-loop] org.apache.spark.internal.Logging        : Created broadcast 7 from broadcast at DAGScheduler.scala:1478
2022-08-02 11:57:22.641  INFO   57 --- [uler-event-loop] org.apache.spark.internal.Logging        : Submitting 1 missing tasks from ResultStage 12 (MapPartitionsRDD[61] at count at Application.java:159) (first 15 tasks are for partitions Vector(0))
2022-08-02 11:57:22.642  INFO   57 --- [uler-event-loop] org.apache.spark.internal.Logging        : Adding task set 12.0 with 1 tasks resource profile 0
2022-08-02 11:57:22.649  INFO   57 --- [er-event-loop-3] org.apache.spark.internal.Logging        : Starting task 0.0 in stage 12.0 (TID 7) (host.docker.internal, executor driver, partition 0, PROCESS_LOCAL, 4453 bytes) taskResourceAssignments Map()
2022-08-02 11:57:22.650  ERROR   94 --- [er-event-loop-3] org.apache.spark.internal.Logging        : Ignoring error
java.util.concurrent.RejectedExecutionException: Task org.apache.spark.executor.Executor$TaskRunner@6ad20d32 rejected from java.util.concurrent.ThreadPoolExecutor@29c0bf73[Shutting down, pool size = 1, active threads = 1, queued tasks = 0, completed tasks = 6]
	at java.util.concurrent.ThreadPoolExecutor$AbortPolicy.rejectedExecution(ThreadPoolExecutor.java:2063)
	at java.util.concurrent.ThreadPoolExecutor.reject(ThreadPoolExecutor.java:830)
	at java.util.concurrent.ThreadPoolExecutor.execute(ThreadPoolExecutor.java:1379)
	at org.apache.spark.executor.Executor.launchTask(Executor.scala:270)
	at org.apache.spark.scheduler.local.LocalEndpoint.$anonfun$reviveOffers$1(LocalSchedulerBackend.scala:93)
	at org.apache.spark.scheduler.local.LocalEndpoint.$anonfun$reviveOffers$1$adapted(LocalSchedulerBackend.scala:91)
	at scala.collection.Iterator.foreach(Iterator.scala:943)
	at scala.collection.Iterator.foreach$(Iterator.scala:943)
	at scala.collection.AbstractIterator.foreach(Iterator.scala:1431)
	at scala.collection.IterableLike.foreach(IterableLike.scala:74)
	at scala.collection.IterableLike.foreach$(IterableLike.scala:73)
	at scala.collection.AbstractIterable.foreach(Iterable.scala:56)
	at org.apache.spark.scheduler.local.LocalEndpoint.reviveOffers(LocalSchedulerBackend.scala:91)
	at org.apache.spark.scheduler.local.LocalEndpoint$$anonfun$receive$1.applyOrElse(LocalSchedulerBackend.scala:68)
	at org.apache.spark.rpc.netty.Inbox.$anonfun$process$1(Inbox.scala:115)
	at org.apache.spark.rpc.netty.Inbox.safelyCall(Inbox.scala:213)
	at org.apache.spark.rpc.netty.Inbox.process(Inbox.scala:100)
	at org.apache.spark.rpc.netty.MessageLoop.org$apache$spark$rpc$netty$MessageLoop$$receiveLoop(MessageLoop.scala:75)
	at org.apache.spark.rpc.netty.MessageLoop$$anon$1.run(MessageLoop.scala:41)
	at java.util.concurrent.ThreadPoolExecutor.runWorker(ThreadPoolExecutor.java:1149)
	at java.util.concurrent.ThreadPoolExecutor$Worker.run(ThreadPoolExecutor.java:624)
	at java.lang.Thread.run(Thread.java:748)
2022-08-02 11:57:22.852  INFO   57 --- [er-event-loop-1] org.apache.spark.internal.Logging        : Stopped timer for BlockGenerator after time 1659437842800
2022-08-02 11:57:22.852  INFO   57 --- [er-event-loop-1] org.apache.spark.internal.Logging        : Waiting for block pushing thread to terminate
2022-08-02 11:57:22.868  INFO   57 --- [      Thread-14] org.apache.spark.internal.Logging        : Pushing out the last 0 blocks
2022-08-02 11:57:22.868  INFO   57 --- [      Thread-14] org.apache.spark.internal.Logging        : Stopped block pushing thread
2022-08-02 11:57:22.868  INFO   57 --- [er-event-loop-1] org.apache.spark.internal.Logging        : Stopped BlockGenerator
2022-08-02 11:57:22.868  INFO   57 --- [age 0.0 (TID 0)] org.apache.spark.internal.Logging        : Stopped receiver without error
2022-08-02 11:57:22.868  INFO   57 --- [age 0.0 (TID 0)] org.apache.spark.internal.Logging        : Finished task 0.0 in stage 0.0 (TID 0). 880 bytes result sent to driver
2022-08-02 11:57:22.868  INFO   57 --- [result-getter-2] org.apache.spark.internal.Logging        : Finished task 0.0 in stage 0.0 (TID 0) in 10649 ms on host.docker.internal (executor driver) (1/1)
2022-08-02 11:57:22.868  INFO   57 --- [result-getter-2] org.apache.spark.internal.Logging        : Removed TaskSet 0.0, whose tasks have all completed, from pool 
2022-08-02 11:57:22.868  INFO   57 --- [uler-event-loop] org.apache.spark.internal.Logging        : ResultStage 0 (start at Application.java:178) finished in 11.145 s
2022-08-02 11:57:22.883  INFO   57 --- [uler-event-loop] org.apache.spark.internal.Logging        : Job 0 is finished. Cancelling potential speculative or zombie tasks for this job
2022-08-02 11:57:22.883  INFO   57 --- [uler-event-loop] org.apache.spark.internal.Logging        : Killing all running tasks in stage 0: Stage finished
2022-08-02 11:57:22.883  INFO   57 --- [shutdown-hook-0] org.apache.spark.internal.Logging        : All of the receivers have deregistered successfully
2022-08-02 11:57:22.883  INFO   57 --- [shutdown-hook-0] org.apache.spark.internal.Logging        : ReceiverTracker stopped
2022-08-02 11:57:22.883  INFO   57 --- [shutdown-hook-0] org.apache.spark.internal.Logging        : Stopping JobGenerator immediately
2022-08-02 11:57:22.899  INFO   57 --- [shutdown-hook-0] org.apache.spark.internal.Logging        : Stopped timer for JobGenerator after time 1659437842000
2022-08-02 11:57:22.899  INFO   57 --- [shutdown-hook-0] org.apache.spark.internal.Logging        : Stopped JobGenerator
2022-08-02 11:57:24.932  INFO   57 --- [shutdown-hook-0] org.apache.spark.internal.Logging        : Stopped JobScheduler
2022-08-02 11:57:24.932  INFO 1153 --- [shutdown-hook-0] ject.jetty.server.handler.ContextHandler : Stopped o.s.j.s.ServletContextHandler@238acd0b{/streaming,null,STOPPED,@Spark}
2022-08-02 11:57:24.948  INFO 1153 --- [shutdown-hook-0] ject.jetty.server.handler.ContextHandler : Stopped o.s.j.s.ServletContextHandler@2125ad3{/streaming/json,null,STOPPED,@Spark}
2022-08-02 11:57:24.948  INFO 1153 --- [shutdown-hook-0] ject.jetty.server.handler.ContextHandler : Stopped o.s.j.s.ServletContextHandler@15ac59c2{/streaming/batch,null,STOPPED,@Spark}
2022-08-02 11:57:24.948  INFO 1153 --- [shutdown-hook-0] ject.jetty.server.handler.ContextHandler : Stopped o.s.j.s.ServletContextHandler@6eb82908{/streaming/batch/json,null,STOPPED,@Spark}
2022-08-02 11:57:24.948  INFO 1153 --- [shutdown-hook-0] ject.jetty.server.handler.ContextHandler : Stopped o.s.j.s.ServletContextHandler@f2ce6b{/static/streaming,null,STOPPED,@Spark}
2022-08-02 11:57:24.948  INFO   57 --- [shutdown-hook-0] org.apache.spark.internal.Logging        : StreamingContext stopped successfully
2022-08-02 11:57:24.948  INFO   57 --- [shutdown-hook-0] org.apache.spark.internal.Logging        : Invoking stop() from shutdown hook
2022-08-02 11:57:24.964  INFO  381 --- [shutdown-hook-0] rkproject.jetty.server.AbstractConnector : Stopped Spark@476aac9{HTTP/1.1, (http/1.1)}{0.0.0.0:4040}
2022-08-02 11:57:24.964  INFO   57 --- [shutdown-hook-0] org.apache.spark.internal.Logging        : Stopped Spark web UI at http://host.docker.internal:4040
2022-08-02 11:57:24.979  INFO   57 --- [shutdown-hook-0] org.apache.spark.internal.Logging        : ResultStage 12 (count at Application.java:159) failed in 2.353 s due to Stage cancelled because SparkContext was shut down
2022-08-02 11:57:24.995  INFO   57 --- [er-event-loop-3] org.apache.spark.internal.Logging        : MapOutputTrackerMasterEndpoint stopped!
2022-08-02 11:57:25.042  INFO   57 --- [shutdown-hook-0] org.apache.spark.internal.Logging        : MemoryStore cleared
2022-08-02 11:57:25.042  INFO   57 --- [shutdown-hook-0] org.apache.spark.internal.Logging        : BlockManager stopped
2022-08-02 11:57:25.042  INFO   57 --- [shutdown-hook-0] org.apache.spark.internal.Logging        : BlockManagerMaster stopped
2022-08-02 11:57:25.057  INFO   57 --- [er-event-loop-3] org.apache.spark.internal.Logging        : OutputCommitCoordinator stopped!
2022-08-02 11:57:25.057  INFO   57 --- [shutdown-hook-0] org.apache.spark.internal.Logging        : Successfully stopped SparkContext
2022-08-02 11:57:25.057  INFO   57 --- [shutdown-hook-0] org.apache.spark.internal.Logging        : Shutdown hook called
2022-08-02 11:57:25.057  INFO   57 --- [shutdown-hook-0] org.apache.spark.internal.Logging        : Deleting directory C:\Users\Wael Hamdi\AppData\Local\Temp\spark-3d6e2f70-31fa-4630-a5c2-0b4f9b114cf4
