2022-06-30 17:45:38.708  INFO   46 --- [           main] com.elite.cdr.validator.Application      : Starting ASN1 Reader 
2022-06-30 17:45:38.715  INFO   48 --- [           main] com.elite.cdr.validator.Application      : ############### Run with the args [--env, local, --file, C:\IntelliJProjects\FraudDetectionSpark3\src\main\resources\data\simpleTypes.ber]
2022-06-30 17:45:38.805  INFO   54 --- [           main] com.elite.cdr.validator.Application      : ############### Run in local mode
2022-06-30 17:45:42.389  INFO   57 --- [           main] org.apache.spark.internal.Logging        : Running Spark version 3.2.1
2022-06-30 17:45:43.291  INFO   57 --- [           main] org.apache.spark.internal.Logging        : ==============================================================
2022-06-30 17:45:43.291  INFO   57 --- [           main] org.apache.spark.internal.Logging        : No custom resources configured for spark.driver.
2022-06-30 17:45:43.291  INFO   57 --- [           main] org.apache.spark.internal.Logging        : ==============================================================
2022-06-30 17:45:43.291  INFO   57 --- [           main] org.apache.spark.internal.Logging        : Submitted application: NiFi-Spark Streaming example
2022-06-30 17:45:43.413  INFO   57 --- [           main] org.apache.spark.internal.Logging        : Default ResourceProfile created, executor resources: Map(cores -> name: cores, amount: 1, script: , vendor: , memory -> name: memory, amount: 1024, script: , vendor: , offHeap -> name: offHeap, amount: 0, script: , vendor: ), task resources: Map(cpus -> name: cpus, amount: 1.0)
2022-06-30 17:45:43.444  INFO   57 --- [           main] org.apache.spark.internal.Logging        : Limiting resource is cpu
2022-06-30 17:45:43.444  INFO   57 --- [           main] org.apache.spark.internal.Logging        : Added ResourceProfile id: 0
2022-06-30 17:45:43.860  INFO   57 --- [           main] org.apache.spark.internal.Logging        : Changing view acls to: Wael Hamdi
2022-06-30 17:45:43.860  INFO   57 --- [           main] org.apache.spark.internal.Logging        : Changing modify acls to: Wael Hamdi
2022-06-30 17:45:43.860  INFO   57 --- [           main] org.apache.spark.internal.Logging        : Changing view acls groups to: 
2022-06-30 17:45:43.860  INFO   57 --- [           main] org.apache.spark.internal.Logging        : Changing modify acls groups to: 
2022-06-30 17:45:43.860  INFO   57 --- [           main] org.apache.spark.internal.Logging        : SecurityManager: authentication disabled; ui acls disabled; users  with view permissions: Set(Wael Hamdi); groups with view permissions: Set(); users  with modify permissions: Set(Wael Hamdi); groups with modify permissions: Set()
2022-06-30 17:45:47.338  INFO   57 --- [           main] org.apache.spark.internal.Logging        : Successfully started service 'sparkDriver' on port 59201.
2022-06-30 17:45:47.685  INFO   57 --- [           main] org.apache.spark.internal.Logging        : Registering MapOutputTracker
2022-06-30 17:45:47.939  INFO   57 --- [           main] org.apache.spark.internal.Logging        : Registering BlockManagerMaster
2022-06-30 17:45:48.002  INFO   57 --- [           main] org.apache.spark.internal.Logging        : Using org.apache.spark.storage.DefaultTopologyMapper for getting topology information
2022-06-30 17:45:48.002  INFO   57 --- [           main] org.apache.spark.internal.Logging        : BlockManagerMasterEndpoint up
2022-06-30 17:45:48.002  INFO   57 --- [           main] org.apache.spark.internal.Logging        : Registering BlockManagerMasterHeartbeat
2022-06-30 17:45:48.139  INFO   57 --- [           main] org.apache.spark.internal.Logging        : Created local directory at C:\Users\Wael Hamdi\AppData\Local\Temp\blockmgr-4a4ca3c5-2f12-48d0-b4fa-73a52317ec80
2022-06-30 17:45:48.255  INFO   57 --- [           main] org.apache.spark.internal.Logging        : MemoryStore started with capacity 897.6 MiB
2022-06-30 17:45:48.323  INFO   57 --- [           main] org.apache.spark.internal.Logging        : Registering OutputCommitCoordinator
2022-06-30 17:45:48.555  INFO  170 --- [           main] org.sparkproject.jetty.util.log.Log      : Logging initialized @12669ms to org.sparkproject.jetty.util.log.Slf4jLog
2022-06-30 17:45:48.740  INFO  375 --- [           main] org.sparkproject.jetty.server.Server     : jetty-9.4.43.v20210629; built: 2021-06-30T11:07:22.254Z; git: 526006ecfa3af7f1a27ef3a288e2bef7ea9dd7e8; jvm 1.8.0_301-b09
2022-06-30 17:45:48.825  INFO  415 --- [           main] org.sparkproject.jetty.server.Server     : Started @12929ms
2022-06-30 17:45:48.872  INFO  331 --- [           main] rkproject.jetty.server.AbstractConnector : Started ServerConnector@64712be{HTTP/1.1, (http/1.1)}{0.0.0.0:4040}
2022-06-30 17:45:48.872  INFO   57 --- [           main] org.apache.spark.internal.Logging        : Successfully started service 'SparkUI' on port 4040.
2022-06-30 17:45:48.919  INFO  915 --- [           main] ject.jetty.server.handler.ContextHandler : Started o.s.j.s.ServletContextHandler@5db99216{/jobs,null,AVAILABLE,@Spark}
2022-06-30 17:45:48.919  INFO  915 --- [           main] ject.jetty.server.handler.ContextHandler : Started o.s.j.s.ServletContextHandler@1ee4730{/jobs/json,null,AVAILABLE,@Spark}
2022-06-30 17:45:48.919  INFO  915 --- [           main] ject.jetty.server.handler.ContextHandler : Started o.s.j.s.ServletContextHandler@5003041b{/jobs/job,null,AVAILABLE,@Spark}
2022-06-30 17:45:48.925  INFO  915 --- [           main] ject.jetty.server.handler.ContextHandler : Started o.s.j.s.ServletContextHandler@6bc248ed{/jobs/job/json,null,AVAILABLE,@Spark}
2022-06-30 17:45:48.925  INFO  915 --- [           main] ject.jetty.server.handler.ContextHandler : Started o.s.j.s.ServletContextHandler@ca27722{/stages,null,AVAILABLE,@Spark}
2022-06-30 17:45:48.925  INFO  915 --- [           main] ject.jetty.server.handler.ContextHandler : Started o.s.j.s.ServletContextHandler@9573b3b{/stages/json,null,AVAILABLE,@Spark}
2022-06-30 17:45:48.925  INFO  915 --- [           main] ject.jetty.server.handler.ContextHandler : Started o.s.j.s.ServletContextHandler@78461bc4{/stages/stage,null,AVAILABLE,@Spark}
2022-06-30 17:45:48.925  INFO  915 --- [           main] ject.jetty.server.handler.ContextHandler : Started o.s.j.s.ServletContextHandler@58c540cf{/stages/stage/json,null,AVAILABLE,@Spark}
2022-06-30 17:45:48.925  INFO  915 --- [           main] ject.jetty.server.handler.ContextHandler : Started o.s.j.s.ServletContextHandler@1b822fcc{/stages/pool,null,AVAILABLE,@Spark}
2022-06-30 17:45:48.925  INFO  915 --- [           main] ject.jetty.server.handler.ContextHandler : Started o.s.j.s.ServletContextHandler@56102e1c{/stages/pool/json,null,AVAILABLE,@Spark}
2022-06-30 17:45:48.925  INFO  915 --- [           main] ject.jetty.server.handler.ContextHandler : Started o.s.j.s.ServletContextHandler@7927bd9f{/storage,null,AVAILABLE,@Spark}
2022-06-30 17:45:48.925  INFO  915 --- [           main] ject.jetty.server.handler.ContextHandler : Started o.s.j.s.ServletContextHandler@410954b{/storage/json,null,AVAILABLE,@Spark}
2022-06-30 17:45:48.925  INFO  915 --- [           main] ject.jetty.server.handler.ContextHandler : Started o.s.j.s.ServletContextHandler@3b366632{/storage/rdd,null,AVAILABLE,@Spark}
2022-06-30 17:45:48.925  INFO  915 --- [           main] ject.jetty.server.handler.ContextHandler : Started o.s.j.s.ServletContextHandler@514eedd8{/storage/rdd/json,null,AVAILABLE,@Spark}
2022-06-30 17:45:48.925  INFO  915 --- [           main] ject.jetty.server.handler.ContextHandler : Started o.s.j.s.ServletContextHandler@6970140a{/environment,null,AVAILABLE,@Spark}
2022-06-30 17:45:48.925  INFO  915 --- [           main] ject.jetty.server.handler.ContextHandler : Started o.s.j.s.ServletContextHandler@3af4e0bf{/environment/json,null,AVAILABLE,@Spark}
2022-06-30 17:45:48.941  INFO  915 --- [           main] ject.jetty.server.handler.ContextHandler : Started o.s.j.s.ServletContextHandler@4d63b624{/executors,null,AVAILABLE,@Spark}
2022-06-30 17:45:48.941  INFO  915 --- [           main] ject.jetty.server.handler.ContextHandler : Started o.s.j.s.ServletContextHandler@5b800468{/executors/json,null,AVAILABLE,@Spark}
2022-06-30 17:45:48.941  INFO  915 --- [           main] ject.jetty.server.handler.ContextHandler : Started o.s.j.s.ServletContextHandler@7e1a1da6{/executors/threadDump,null,AVAILABLE,@Spark}
2022-06-30 17:45:48.941  INFO  915 --- [           main] ject.jetty.server.handler.ContextHandler : Started o.s.j.s.ServletContextHandler@407cf41{/executors/threadDump/json,null,AVAILABLE,@Spark}
2022-06-30 17:45:48.956  INFO  915 --- [           main] ject.jetty.server.handler.ContextHandler : Started o.s.j.s.ServletContextHandler@46cc127b{/static,null,AVAILABLE,@Spark}
2022-06-30 17:45:48.956  INFO  915 --- [           main] ject.jetty.server.handler.ContextHandler : Started o.s.j.s.ServletContextHandler@62d363ab{/,null,AVAILABLE,@Spark}
2022-06-30 17:45:48.956  INFO  915 --- [           main] ject.jetty.server.handler.ContextHandler : Started o.s.j.s.ServletContextHandler@3aee3976{/api,null,AVAILABLE,@Spark}
2022-06-30 17:45:48.956  INFO  915 --- [           main] ject.jetty.server.handler.ContextHandler : Started o.s.j.s.ServletContextHandler@4108fa66{/jobs/job/kill,null,AVAILABLE,@Spark}
2022-06-30 17:45:48.956  INFO  915 --- [           main] ject.jetty.server.handler.ContextHandler : Started o.s.j.s.ServletContextHandler@7e0aadd0{/stages/stage/kill,null,AVAILABLE,@Spark}
2022-06-30 17:45:48.956  INFO   57 --- [           main] org.apache.spark.internal.Logging        : Bound SparkUI to 0.0.0.0, and started at http://host.docker.internal:4040
2022-06-30 17:45:49.620  INFO   57 --- [           main] org.apache.spark.internal.Logging        : Starting executor ID driver on host host.docker.internal
2022-06-30 17:45:49.805  INFO   57 --- [           main] org.apache.spark.internal.Logging        : Successfully started service 'org.apache.spark.network.netty.NettyBlockTransferService' on port 59227.
2022-06-30 17:45:49.805  INFO   82 --- [           main] .network.netty.NettyBlockTransferService : Server created on host.docker.internal:59227
2022-06-30 17:45:49.805  INFO   57 --- [           main] org.apache.spark.internal.Logging        : Using org.apache.spark.storage.RandomBlockReplicationPolicy for block replication policy
2022-06-30 17:45:49.843  INFO   57 --- [           main] org.apache.spark.internal.Logging        : Registering BlockManager BlockManagerId(driver, host.docker.internal, 59227, None)
2022-06-30 17:45:49.843  INFO   57 --- [ckManagerMaster] org.apache.spark.internal.Logging        : Registering block manager host.docker.internal:59227 with 897.6 MiB RAM, BlockManagerId(driver, host.docker.internal, 59227, None)
2022-06-30 17:45:49.858  INFO   57 --- [           main] org.apache.spark.internal.Logging        : Registered BlockManager BlockManagerId(driver, host.docker.internal, 59227, None)
2022-06-30 17:45:49.858  INFO   57 --- [           main] org.apache.spark.internal.Logging        : Initialized BlockManager: BlockManagerId(driver, host.docker.internal, 59227, None)
2022-06-30 17:45:50.260  INFO  915 --- [           main] ject.jetty.server.handler.ContextHandler : Started o.s.j.s.ServletContextHandler@3d7fa3ae{/metrics/json,null,AVAILABLE,@Spark}
2022-06-30 17:45:51.342  INFO   57 --- [streaming-start] org.apache.spark.internal.Logging        : Starting 1 receivers
2022-06-30 17:45:51.358  INFO   57 --- [streaming-start] org.apache.spark.internal.Logging        : ReceiverTracker started
2022-06-30 17:45:51.358  INFO   57 --- [streaming-start] org.apache.spark.internal.Logging        : Slide time = 1000 ms
2022-06-30 17:45:51.358  INFO   57 --- [streaming-start] org.apache.spark.internal.Logging        : Storage level = Serialized 1x Replicated
2022-06-30 17:45:51.358  INFO   57 --- [streaming-start] org.apache.spark.internal.Logging        : Checkpoint interval = null
2022-06-30 17:45:51.358  INFO   57 --- [streaming-start] org.apache.spark.internal.Logging        : Remember interval = 1000 ms
2022-06-30 17:45:51.358  INFO   57 --- [streaming-start] org.apache.spark.internal.Logging        : Initialized and validated org.apache.spark.streaming.dstream.PluggableInputDStream@5d800a5c
2022-06-30 17:45:51.358  INFO   57 --- [streaming-start] org.apache.spark.internal.Logging        : Slide time = 1000 ms
2022-06-30 17:45:51.358  INFO   57 --- [streaming-start] org.apache.spark.internal.Logging        : Storage level = Serialized 1x Replicated
2022-06-30 17:45:51.374  INFO   57 --- [streaming-start] org.apache.spark.internal.Logging        : Checkpoint interval = null
2022-06-30 17:45:51.374  INFO   57 --- [streaming-start] org.apache.spark.internal.Logging        : Remember interval = 1000 ms
2022-06-30 17:45:51.374  INFO   57 --- [streaming-start] org.apache.spark.internal.Logging        : Initialized and validated org.apache.spark.streaming.dstream.MappedDStream@256ce5e8
2022-06-30 17:45:51.374  INFO   57 --- [streaming-start] org.apache.spark.internal.Logging        : Slide time = 1000 ms
2022-06-30 17:45:51.374  INFO   57 --- [streaming-start] org.apache.spark.internal.Logging        : Storage level = Serialized 1x Replicated
2022-06-30 17:45:51.374  INFO   57 --- [streaming-start] org.apache.spark.internal.Logging        : Checkpoint interval = null
2022-06-30 17:45:51.374  INFO   57 --- [streaming-start] org.apache.spark.internal.Logging        : Remember interval = 1000 ms
2022-06-30 17:45:51.374  INFO   57 --- [streaming-start] org.apache.spark.internal.Logging        : Initialized and validated org.apache.spark.streaming.dstream.ForEachDStream@211fe935
2022-06-30 17:45:51.374  INFO   57 --- [streaming-start] org.apache.spark.internal.Logging        : Slide time = 1000 ms
2022-06-30 17:45:51.374  INFO   57 --- [streaming-start] org.apache.spark.internal.Logging        : Storage level = Serialized 1x Replicated
2022-06-30 17:45:51.374  INFO   57 --- [streaming-start] org.apache.spark.internal.Logging        : Checkpoint interval = null
2022-06-30 17:45:51.374  INFO   57 --- [streaming-start] org.apache.spark.internal.Logging        : Remember interval = 1000 ms
2022-06-30 17:45:51.374  INFO   57 --- [streaming-start] org.apache.spark.internal.Logging        : Initialized and validated org.apache.spark.streaming.dstream.PluggableInputDStream@5d800a5c
2022-06-30 17:45:51.374  INFO   57 --- [streaming-start] org.apache.spark.internal.Logging        : Slide time = 1000 ms
2022-06-30 17:45:51.374  INFO   57 --- [streaming-start] org.apache.spark.internal.Logging        : Storage level = Serialized 1x Replicated
2022-06-30 17:45:51.374  INFO   57 --- [streaming-start] org.apache.spark.internal.Logging        : Checkpoint interval = null
2022-06-30 17:45:51.374  INFO   57 --- [streaming-start] org.apache.spark.internal.Logging        : Remember interval = 1000 ms
2022-06-30 17:45:51.374  INFO   57 --- [streaming-start] org.apache.spark.internal.Logging        : Initialized and validated org.apache.spark.streaming.dstream.MappedDStream@256ce5e8
2022-06-30 17:45:51.374  INFO   57 --- [streaming-start] org.apache.spark.internal.Logging        : Slide time = 1000 ms
2022-06-30 17:45:51.374  INFO   57 --- [streaming-start] org.apache.spark.internal.Logging        : Storage level = Serialized 1x Replicated
2022-06-30 17:45:51.374  INFO   57 --- [streaming-start] org.apache.spark.internal.Logging        : Checkpoint interval = null
2022-06-30 17:45:51.374  INFO   57 --- [streaming-start] org.apache.spark.internal.Logging        : Remember interval = 1000 ms
2022-06-30 17:45:51.374  INFO   57 --- [streaming-start] org.apache.spark.internal.Logging        : Initialized and validated org.apache.spark.streaming.dstream.ForEachDStream@1eed7546
2022-06-30 17:45:51.703  INFO   57 --- [er-event-loop-3] org.apache.spark.internal.Logging        : Receiver 0 started
2022-06-30 17:45:51.719  INFO   57 --- [uler-event-loop] org.apache.spark.internal.Logging        : Got job 0 (start at Application.java:247) with 1 output partitions
2022-06-30 17:45:51.734  INFO   57 --- [uler-event-loop] org.apache.spark.internal.Logging        : Final stage: ResultStage 0 (start at Application.java:247)
2022-06-30 17:45:51.734  INFO   57 --- [uler-event-loop] org.apache.spark.internal.Logging        : Parents of final stage: List()
2022-06-30 17:45:51.734  INFO   57 --- [uler-event-loop] org.apache.spark.internal.Logging        : Missing parents: List()
2022-06-30 17:45:51.734  INFO   57 --- [streaming-start] org.apache.spark.internal.Logging        : Started timer for JobGenerator at time 1656607552000
2022-06-30 17:45:51.734  INFO   57 --- [streaming-start] org.apache.spark.internal.Logging        : Started JobGenerator at 1656607552000 ms
2022-06-30 17:45:51.734  INFO   57 --- [uler-event-loop] org.apache.spark.internal.Logging        : Submitting ResultStage 0 (Receiver 0 ParallelCollectionRDD[0] at makeRDD at ReceiverTracker.scala:609), which has no missing parents
2022-06-30 17:45:51.734  INFO   57 --- [streaming-start] org.apache.spark.internal.Logging        : Started JobScheduler
2022-06-30 17:45:51.784  INFO  915 --- [           main] ject.jetty.server.handler.ContextHandler : Started o.s.j.s.ServletContextHandler@72e789cb{/streaming,null,AVAILABLE,@Spark}
2022-06-30 17:45:51.789  INFO  915 --- [           main] ject.jetty.server.handler.ContextHandler : Started o.s.j.s.ServletContextHandler@43034809{/streaming/json,null,AVAILABLE,@Spark}
2022-06-30 17:45:51.793  INFO  915 --- [           main] ject.jetty.server.handler.ContextHandler : Started o.s.j.s.ServletContextHandler@18eec010{/streaming/batch,null,AVAILABLE,@Spark}
2022-06-30 17:45:51.796  INFO  915 --- [           main] ject.jetty.server.handler.ContextHandler : Started o.s.j.s.ServletContextHandler@2ca5f1ed{/streaming/batch/json,null,AVAILABLE,@Spark}
2022-06-30 17:45:51.800  INFO  915 --- [           main] ject.jetty.server.handler.ContextHandler : Started o.s.j.s.ServletContextHandler@6e495b48{/static/streaming,null,AVAILABLE,@Spark}
2022-06-30 17:45:51.801  INFO   57 --- [           main] org.apache.spark.internal.Logging        : StreamingContext started
2022-06-30 17:45:52.191  INFO   57 --- [   JobGenerator] org.apache.spark.internal.Logging        : Added jobs for time 1656607552000 ms
2022-06-30 17:45:52.194  INFO   57 --- [   JobScheduler] org.apache.spark.internal.Logging        : Starting job streaming job 1656607552000 ms.0 from job set of time 1656607552000 ms
2022-06-30 17:45:52.228  INFO   57 --- [uler-event-loop] org.apache.spark.internal.Logging        : Block broadcast_0 stored as values in memory (estimated size 97.5 KiB, free 897.5 MiB)
2022-06-30 17:45:52.560  INFO   57 --- [uler-event-loop] org.apache.spark.internal.Logging        : Block broadcast_0_piece0 stored as bytes in memory (estimated size 34.2 KiB, free 897.5 MiB)
2022-06-30 17:45:52.560  INFO   57 --- [ckManagerMaster] org.apache.spark.internal.Logging        : Added broadcast_0_piece0 in memory on host.docker.internal:59227 (size: 34.2 KiB, free: 897.6 MiB)
2022-06-30 17:45:52.591  INFO   57 --- [uler-event-loop] org.apache.spark.internal.Logging        : Created broadcast 0 from broadcast at DAGScheduler.scala:1478
2022-06-30 17:45:52.638  INFO   57 --- [uler-event-loop] org.apache.spark.internal.Logging        : Submitting 1 missing tasks from ResultStage 0 (Receiver 0 ParallelCollectionRDD[0] at makeRDD at ReceiverTracker.scala:609) (first 15 tasks are for partitions Vector(0))
2022-06-30 17:45:52.653  INFO   57 --- [uler-event-loop] org.apache.spark.internal.Logging        : Adding task set 0.0 with 1 tasks resource profile 0
2022-06-30 17:45:52.975  INFO   57 --- [er-event-loop-0] org.apache.spark.internal.Logging        : Starting task 0.0 in stage 0.0 (TID 0) (host.docker.internal, executor driver, partition 0, PROCESS_LOCAL, 6218 bytes) taskResourceAssignments Map()
2022-06-30 17:45:53.027  INFO   57 --- [   JobGenerator] org.apache.spark.internal.Logging        : Added jobs for time 1656607553000 ms
2022-06-30 17:45:53.047  WARN   69 --- [-job-executor-0] org.apache.spark.internal.Logging        : Using an existing SparkContext; some configuration may not take effect.
2022-06-30 17:45:53.084  INFO   57 --- [age 0.0 (TID 0)] org.apache.spark.internal.Logging        : Running task 0.0 in stage 0.0 (TID 0)
2022-06-30 17:45:53.539  INFO   57 --- [-job-executor-0] org.apache.spark.internal.Logging        : Starting job: collect at Application.java:152
2022-06-30 17:45:53.561  INFO   57 --- [-job-executor-0] org.apache.spark.internal.Logging        : Job 1 finished: collect at Application.java:152, took 0.006418 s
2022-06-30 17:45:53.572  INFO   57 --- [   JobScheduler] org.apache.spark.internal.Logging        : Finished job streaming job 1656607552000 ms.0 from job set of time 1656607552000 ms
2022-06-30 17:45:53.573  INFO   57 --- [   JobScheduler] org.apache.spark.internal.Logging        : Starting job streaming job 1656607552000 ms.1 from job set of time 1656607552000 ms
2022-06-30 17:45:53.593  INFO   57 --- [   JobScheduler] org.apache.spark.internal.Logging        : Finished job streaming job 1656607552000 ms.1 from job set of time 1656607552000 ms
2022-06-30 17:45:53.598  INFO   57 --- [   JobScheduler] org.apache.spark.internal.Logging        : Total delay: 1.592 s for time 1656607552000 ms (execution: 1.399 s)
2022-06-30 17:45:53.599  INFO   57 --- [   JobScheduler] org.apache.spark.internal.Logging        : Starting job streaming job 1656607553000 ms.0 from job set of time 1656607553000 ms
2022-06-30 17:45:53.629  INFO   57 --- [   JobGenerator] org.apache.spark.internal.Logging        : Deleting batches: 
2022-06-30 17:45:53.645  INFO   57 --- [   JobGenerator] org.apache.spark.internal.Logging        : remove old batch metadata: 
2022-06-30 17:45:53.686  INFO   57 --- [age 0.0 (TID 0)] org.apache.spark.internal.Logging        : Started timer for BlockGenerator at time 1656607553800
2022-06-30 17:45:53.688  INFO   57 --- [age 0.0 (TID 0)] org.apache.spark.internal.Logging        : Started BlockGenerator
2022-06-30 17:45:53.700  INFO   57 --- [er-event-loop-0] org.apache.spark.internal.Logging        : Registered receiver for stream 0 from host.docker.internal:59201
2022-06-30 17:45:53.701  INFO   57 --- [      Thread-14] org.apache.spark.internal.Logging        : Started block pushing thread
2022-06-30 17:45:53.703  INFO   57 --- [age 0.0 (TID 0)] org.apache.spark.internal.Logging        : Starting receiver 0
2022-06-30 17:45:53.705  INFO   57 --- [age 0.0 (TID 0)] org.apache.spark.internal.Logging        : Called receiver 0 onStart
2022-06-30 17:45:53.706  INFO   57 --- [age 0.0 (TID 0)] org.apache.spark.internal.Logging        : Waiting for receiver to be stopped
2022-06-30 17:45:54.054  INFO   57 --- [   JobGenerator] org.apache.spark.internal.Logging        : Added jobs for time 1656607554000 ms
2022-06-30 17:45:54.410  INFO   57 --- [-job-executor-0] org.apache.spark.internal.Logging        : Setting hive.metastore.warehouse.dir ('null') to the value of spark.sql.warehouse.dir.
2022-06-30 17:45:55.004  INFO   57 --- [   JobGenerator] org.apache.spark.internal.Logging        : Added jobs for time 1656607555000 ms
2022-06-30 17:45:55.499  INFO   57 --- [-job-executor-0] org.apache.spark.internal.Logging        : Warehouse path is 'file:/C:/IntelliJProjects/NifiSparkStreaming/spark-warehouse'.
2022-06-30 17:45:55.583  INFO  915 --- [-job-executor-0] ject.jetty.server.handler.ContextHandler : Started o.s.j.s.ServletContextHandler@fabfb72{/SQL,null,AVAILABLE,@Spark}
2022-06-30 17:45:55.585  INFO  915 --- [-job-executor-0] ject.jetty.server.handler.ContextHandler : Started o.s.j.s.ServletContextHandler@5c82d80c{/SQL/json,null,AVAILABLE,@Spark}
2022-06-30 17:45:55.587  INFO  915 --- [-job-executor-0] ject.jetty.server.handler.ContextHandler : Started o.s.j.s.ServletContextHandler@7085396a{/SQL/execution,null,AVAILABLE,@Spark}
2022-06-30 17:45:55.591  INFO  915 --- [-job-executor-0] ject.jetty.server.handler.ContextHandler : Started o.s.j.s.ServletContextHandler@6b1ce61c{/SQL/execution/json,null,AVAILABLE,@Spark}
2022-06-30 17:45:55.595  INFO  915 --- [-job-executor-0] ject.jetty.server.handler.ContextHandler : Started o.s.j.s.ServletContextHandler@552a8522{/static/sql,null,AVAILABLE,@Spark}
2022-06-30 17:45:56.009  INFO   57 --- [   JobGenerator] org.apache.spark.internal.Logging        : Added jobs for time 1656607556000 ms
2022-06-30 17:45:57.004  INFO   57 --- [   JobGenerator] org.apache.spark.internal.Logging        : Added jobs for time 1656607557000 ms
2022-06-30 17:45:58.000  INFO   57 --- [   JobGenerator] org.apache.spark.internal.Logging        : Added jobs for time 1656607558000 ms
2022-06-30 17:45:59.003  INFO   57 --- [   JobGenerator] org.apache.spark.internal.Logging        : Added jobs for time 1656607559000 ms
2022-06-30 17:45:59.314  INFO  571 --- [  NiFi Receiver] g.apache.nifi.remote.client.PeerSelector : Successfully refreshed peer status cache; remote group consists of 1 peers
2022-06-30 17:45:59.326  INFO  571 --- [ool Maintenance] g.apache.nifi.remote.client.PeerSelector : Successfully refreshed peer status cache; remote group consists of 1 peers
2022-06-30 17:45:59.710  INFO   57 --- [  NiFi Receiver] org.apache.spark.internal.Logging        : Block input-0-1656607553654 stored as values in memory (estimated size 1006.3 KiB, free 896.5 MiB)
2022-06-30 17:45:59.711  INFO   57 --- [ckManagerMaster] org.apache.spark.internal.Logging        : Added input-0-1656607553654 in memory on host.docker.internal:59227 (size: 1006.3 KiB, free: 896.6 MiB)
2022-06-30 17:45:59.786  WARN   69 --- [-job-executor-0] org.apache.spark.internal.Logging        : Using an existing SparkSession; some spark core configurations may not take effect.
2022-06-30 17:45:59.797  INFO   57 --- [-job-executor-0] org.apache.spark.internal.Logging        : Starting job: collect at Application.java:152
2022-06-30 17:45:59.798  INFO   57 --- [-job-executor-0] org.apache.spark.internal.Logging        : Job 2 finished: collect at Application.java:152, took 0.000335 s
2022-06-30 17:45:59.802  INFO   57 --- [   JobScheduler] org.apache.spark.internal.Logging        : Finished job streaming job 1656607553000 ms.0 from job set of time 1656607553000 ms
2022-06-30 17:45:59.802  INFO   57 --- [   JobScheduler] org.apache.spark.internal.Logging        : Starting job streaming job 1656607553000 ms.1 from job set of time 1656607553000 ms
2022-06-30 17:45:59.802  INFO   57 --- [   JobScheduler] org.apache.spark.internal.Logging        : Finished job streaming job 1656607553000 ms.1 from job set of time 1656607553000 ms
2022-06-30 17:45:59.803  INFO   57 --- [   JobScheduler] org.apache.spark.internal.Logging        : Total delay: 6.802 s for time 1656607553000 ms (execution: 6.204 s)
2022-06-30 17:45:59.803  INFO   57 --- [   JobScheduler] org.apache.spark.internal.Logging        : Starting job streaming job 1656607554000 ms.0 from job set of time 1656607554000 ms
2022-06-30 17:45:59.805  INFO   57 --- [   JobGenerator] org.apache.spark.internal.Logging        : Removing RDD 2 from persistence list
2022-06-30 17:45:59.820  WARN   69 --- [-job-executor-0] org.apache.spark.internal.Logging        : Using an existing SparkSession; the static sql configurations will not take effect.
2022-06-30 17:45:59.820  WARN   69 --- [-job-executor-0] org.apache.spark.internal.Logging        : Using an existing SparkSession; some spark core configurations may not take effect.
2022-06-30 17:45:59.851  INFO   57 --- [-job-executor-0] org.apache.spark.internal.Logging        : Starting job: collect at Application.java:152
2022-06-30 17:45:59.853  INFO   57 --- [-job-executor-0] org.apache.spark.internal.Logging        : Job 3 finished: collect at Application.java:152, took 0.000425 s
2022-06-30 17:45:59.858  INFO   57 --- [   JobScheduler] org.apache.spark.internal.Logging        : Finished job streaming job 1656607554000 ms.0 from job set of time 1656607554000 ms
2022-06-30 17:45:59.858  INFO   57 --- [   JobScheduler] org.apache.spark.internal.Logging        : Starting job streaming job 1656607554000 ms.1 from job set of time 1656607554000 ms
2022-06-30 17:45:59.859  INFO   57 --- [   JobScheduler] org.apache.spark.internal.Logging        : Finished job streaming job 1656607554000 ms.1 from job set of time 1656607554000 ms
2022-06-30 17:45:59.859  INFO   57 --- [   JobScheduler] org.apache.spark.internal.Logging        : Total delay: 5.858 s for time 1656607554000 ms (execution: 0.055 s)
2022-06-30 17:45:59.860  INFO   57 --- [   JobScheduler] org.apache.spark.internal.Logging        : Starting job streaming job 1656607555000 ms.0 from job set of time 1656607555000 ms
2022-06-30 17:45:59.862  WARN   69 --- [-job-executor-0] org.apache.spark.internal.Logging        : Using an existing SparkSession; the static sql configurations will not take effect.
2022-06-30 17:45:59.863  WARN   69 --- [-job-executor-0] org.apache.spark.internal.Logging        : Using an existing SparkSession; some spark core configurations may not take effect.
2022-06-30 17:45:59.889  INFO   57 --- [c-thread-pool-0] org.apache.spark.internal.Logging        : Removing RDD 2
2022-06-30 17:45:59.889  INFO   57 --- [   JobGenerator] org.apache.spark.internal.Logging        : Removing RDD 1 from persistence list
2022-06-30 17:45:59.900  INFO   57 --- [-job-executor-0] org.apache.spark.internal.Logging        : Starting job: collect at Application.java:152
2022-06-30 17:45:59.902  INFO   57 --- [-job-executor-0] org.apache.spark.internal.Logging        : Job 4 finished: collect at Application.java:152, took 0.000275 s
2022-06-30 17:45:59.900  INFO   57 --- [   JobGenerator] org.apache.spark.internal.Logging        : Removing blocks of RDD BlockRDD[1] at receiverStream at Application.java:117 of time 1656607553000 ms
2022-06-30 17:45:59.908  INFO   57 --- [   JobGenerator] org.apache.spark.internal.Logging        : Deleting batches: 
2022-06-30 17:45:59.908  INFO   57 --- [   JobGenerator] org.apache.spark.internal.Logging        : remove old batch metadata: 
2022-06-30 17:45:59.909  WARN   69 --- [-job-executor-0] org.apache.spark.internal.Logging        : Using an existing SparkSession; the static sql configurations will not take effect.
2022-06-30 17:45:59.910  WARN   69 --- [-job-executor-0] org.apache.spark.internal.Logging        : Using an existing SparkSession; some spark core configurations may not take effect.
2022-06-30 17:45:59.916  INFO   57 --- [   JobScheduler] org.apache.spark.internal.Logging        : Finished job streaming job 1656607555000 ms.0 from job set of time 1656607555000 ms
2022-06-30 17:45:59.916  INFO   57 --- [   JobScheduler] org.apache.spark.internal.Logging        : Starting job streaming job 1656607555000 ms.1 from job set of time 1656607555000 ms
2022-06-30 17:45:59.916  INFO   57 --- [   JobScheduler] org.apache.spark.internal.Logging        : Finished job streaming job 1656607555000 ms.1 from job set of time 1656607555000 ms
2022-06-30 17:45:59.917  INFO   57 --- [   JobScheduler] org.apache.spark.internal.Logging        : Total delay: 4.916 s for time 1656607555000 ms (execution: 0.057 s)
2022-06-30 17:45:59.917  INFO   57 --- [   JobScheduler] org.apache.spark.internal.Logging        : Starting job streaming job 1656607556000 ms.0 from job set of time 1656607556000 ms
2022-06-30 17:45:59.905  INFO   57 --- [c-thread-pool-3] org.apache.spark.internal.Logging        : Removing RDD 1
2022-06-30 17:45:59.950  INFO   57 --- [-job-executor-0] org.apache.spark.internal.Logging        : Starting job: collect at Application.java:152
2022-06-30 17:45:59.971  INFO   57 --- [-job-executor-0] org.apache.spark.internal.Logging        : Job 5 finished: collect at Application.java:152, took 0.000280 s
2022-06-30 17:45:59.929  INFO   57 --- [   JobGenerator] org.apache.spark.internal.Logging        : Removing RDD 5 from persistence list
2022-06-30 17:46:00.019  INFO   57 --- [   JobScheduler] org.apache.spark.internal.Logging        : Finished job streaming job 1656607556000 ms.0 from job set of time 1656607556000 ms
2022-06-30 17:46:00.020  INFO   57 --- [   JobScheduler] org.apache.spark.internal.Logging        : Starting job streaming job 1656607556000 ms.1 from job set of time 1656607556000 ms
2022-06-30 17:46:00.025  INFO   57 --- [   JobScheduler] org.apache.spark.internal.Logging        : Finished job streaming job 1656607556000 ms.1 from job set of time 1656607556000 ms
2022-06-30 17:46:00.026  INFO   57 --- [   JobScheduler] org.apache.spark.internal.Logging        : Total delay: 4.025 s for time 1656607556000 ms (execution: 0.108 s)
2022-06-30 17:46:00.027  INFO   57 --- [   JobScheduler] org.apache.spark.internal.Logging        : Starting job streaming job 1656607557000 ms.0 from job set of time 1656607557000 ms
2022-06-30 17:46:00.027  INFO   57 --- [   JobGenerator] org.apache.spark.internal.Logging        : Removing RDD 4 from persistence list
2022-06-30 17:46:00.030  WARN   69 --- [-job-executor-0] org.apache.spark.internal.Logging        : Using an existing SparkSession; the static sql configurations will not take effect.
2022-06-30 17:46:00.031  WARN   69 --- [-job-executor-0] org.apache.spark.internal.Logging        : Using an existing SparkSession; some spark core configurations may not take effect.
2022-06-30 17:46:00.032  INFO   57 --- [   JobGenerator] org.apache.spark.internal.Logging        : Removing blocks of RDD BlockRDD[4] at receiverStream at Application.java:117 of time 1656607554000 ms
2022-06-30 17:46:00.035  INFO   57 --- [   JobGenerator] org.apache.spark.internal.Logging        : Deleting batches: 1656607552000 ms
2022-06-30 17:46:00.036  INFO   57 --- [   JobGenerator] org.apache.spark.internal.Logging        : remove old batch metadata: 1656607552000 ms
2022-06-30 17:46:00.037  INFO   57 --- [   JobGenerator] org.apache.spark.internal.Logging        : Removing RDD 8 from persistence list
2022-06-30 17:46:00.042  INFO   57 --- [   JobGenerator] org.apache.spark.internal.Logging        : Removing RDD 7 from persistence list
2022-06-30 17:46:00.044  INFO   57 --- [   JobGenerator] org.apache.spark.internal.Logging        : Removing blocks of RDD BlockRDD[7] at receiverStream at Application.java:117 of time 1656607555000 ms
2022-06-30 17:46:00.046  INFO   57 --- [   JobGenerator] org.apache.spark.internal.Logging        : Deleting batches: 1656607553000 ms
2022-06-30 17:46:00.047  INFO   57 --- [   JobGenerator] org.apache.spark.internal.Logging        : remove old batch metadata: 1656607553000 ms
2022-06-30 17:46:00.047  INFO   57 --- [-job-executor-0] org.apache.spark.internal.Logging        : Starting job: collect at Application.java:152
2022-06-30 17:46:00.049  INFO   57 --- [-job-executor-0] org.apache.spark.internal.Logging        : Job 6 finished: collect at Application.java:152, took 0.000340 s
2022-06-30 17:46:00.076  INFO   57 --- [c-thread-pool-9] org.apache.spark.internal.Logging        : Removing RDD 7
2022-06-30 17:46:00.087  WARN   69 --- [-job-executor-0] org.apache.spark.internal.Logging        : Using an existing SparkSession; the static sql configurations will not take effect.
2022-06-30 17:46:00.088  WARN   69 --- [-job-executor-0] org.apache.spark.internal.Logging        : Using an existing SparkSession; some spark core configurations may not take effect.
2022-06-30 17:46:00.079  INFO   57 --- [   JobScheduler] org.apache.spark.internal.Logging        : Finished job streaming job 1656607557000 ms.0 from job set of time 1656607557000 ms
2022-06-30 17:46:00.091  INFO   57 --- [   JobScheduler] org.apache.spark.internal.Logging        : Starting job streaming job 1656607557000 ms.1 from job set of time 1656607557000 ms
2022-06-30 17:46:00.091  INFO   57 --- [   JobScheduler] org.apache.spark.internal.Logging        : Finished job streaming job 1656607557000 ms.1 from job set of time 1656607557000 ms
2022-06-30 17:46:00.092  INFO   57 --- [   JobScheduler] org.apache.spark.internal.Logging        : Total delay: 3.091 s for time 1656607557000 ms (execution: 0.065 s)
2022-06-30 17:46:00.094  INFO   57 --- [   JobScheduler] org.apache.spark.internal.Logging        : Starting job streaming job 1656607558000 ms.0 from job set of time 1656607558000 ms
2022-06-30 17:46:00.077  INFO   57 --- [c-thread-pool-8] org.apache.spark.internal.Logging        : Removing RDD 8
2022-06-30 17:46:00.077  INFO   57 --- [c-thread-pool-6] org.apache.spark.internal.Logging        : Removing RDD 5
2022-06-30 17:46:00.077  INFO   57 --- [c-thread-pool-7] org.apache.spark.internal.Logging        : Removing RDD 4
2022-06-30 17:46:00.114  INFO   57 --- [   JobGenerator] org.apache.spark.internal.Logging        : Added jobs for time 1656607560000 ms
2022-06-30 17:46:00.115  INFO   57 --- [   JobGenerator] org.apache.spark.internal.Logging        : Removing RDD 10 from persistence list
2022-06-30 17:46:00.115  INFO   57 --- [-job-executor-0] org.apache.spark.internal.Logging        : Starting job: collect at Application.java:152
2022-06-30 17:46:00.118  INFO   57 --- [-job-executor-0] org.apache.spark.internal.Logging        : Job 7 finished: collect at Application.java:152, took 0.000433 s
2022-06-30 17:46:00.124  INFO   57 --- [   JobScheduler] org.apache.spark.internal.Logging        : Finished job streaming job 1656607558000 ms.0 from job set of time 1656607558000 ms
2022-06-30 17:46:00.124  INFO   57 --- [   JobScheduler] org.apache.spark.internal.Logging        : Starting job streaming job 1656607558000 ms.1 from job set of time 1656607558000 ms
2022-06-30 17:46:00.126  INFO   57 --- [   JobGenerator] org.apache.spark.internal.Logging        : Removing RDD 9 from persistence list
2022-06-30 17:46:00.127  INFO   57 --- [   JobScheduler] org.apache.spark.internal.Logging        : Finished job streaming job 1656607558000 ms.1 from job set of time 1656607558000 ms
2022-06-30 17:46:00.127  INFO   57 --- [   JobScheduler] org.apache.spark.internal.Logging        : Total delay: 2.127 s for time 1656607558000 ms (execution: 0.033 s)
2022-06-30 17:46:00.128  INFO   57 --- [   JobScheduler] org.apache.spark.internal.Logging        : Starting job streaming job 1656607559000 ms.0 from job set of time 1656607559000 ms
2022-06-30 17:46:00.131  INFO   57 --- [   JobGenerator] org.apache.spark.internal.Logging        : Removing blocks of RDD BlockRDD[9] at receiverStream at Application.java:117 of time 1656607556000 ms
2022-06-30 17:46:00.132  INFO   57 --- [   JobGenerator] org.apache.spark.internal.Logging        : Deleting batches: 1656607554000 ms
2022-06-30 17:46:00.132  INFO   57 --- [   JobGenerator] org.apache.spark.internal.Logging        : remove old batch metadata: 1656607554000 ms
2022-06-30 17:46:00.133  INFO   57 --- [   JobGenerator] org.apache.spark.internal.Logging        : Removing RDD 12 from persistence list
2022-06-30 17:46:00.133  WARN   69 --- [-job-executor-0] org.apache.spark.internal.Logging        : Using an existing SparkSession; the static sql configurations will not take effect.
2022-06-30 17:46:00.134  WARN   69 --- [-job-executor-0] org.apache.spark.internal.Logging        : Using an existing SparkSession; some spark core configurations may not take effect.
2022-06-30 17:46:00.138  INFO   57 --- [   JobGenerator] org.apache.spark.internal.Logging        : Removing RDD 11 from persistence list
2022-06-30 17:46:00.140  INFO   57 --- [   JobGenerator] org.apache.spark.internal.Logging        : Removing blocks of RDD BlockRDD[11] at receiverStream at Application.java:117 of time 1656607557000 ms
2022-06-30 17:46:00.141  INFO   57 --- [   JobGenerator] org.apache.spark.internal.Logging        : Deleting batches: 1656607555000 ms
2022-06-30 17:46:00.142  INFO   57 --- [   JobGenerator] org.apache.spark.internal.Logging        : remove old batch metadata: 1656607555000 ms
2022-06-30 17:46:00.142  INFO   57 --- [   JobGenerator] org.apache.spark.internal.Logging        : Removing RDD 14 from persistence list
2022-06-30 17:46:00.145  INFO   57 --- [   JobGenerator] org.apache.spark.internal.Logging        : Removing RDD 13 from persistence list
2022-06-30 17:46:00.147  INFO   57 --- [-job-executor-0] org.apache.spark.internal.Logging        : Starting job: collect at Application.java:152
2022-06-30 17:46:00.148  INFO   57 --- [-job-executor-0] org.apache.spark.internal.Logging        : Job 8 finished: collect at Application.java:152, took 0.000348 s
2022-06-30 17:46:00.154  INFO   57 --- [   JobScheduler] org.apache.spark.internal.Logging        : Finished job streaming job 1656607559000 ms.0 from job set of time 1656607559000 ms
2022-06-30 17:46:00.155  INFO   57 --- [   JobScheduler] org.apache.spark.internal.Logging        : Starting job streaming job 1656607559000 ms.1 from job set of time 1656607559000 ms
2022-06-30 17:46:00.154  INFO   57 --- [-thread-pool-23] org.apache.spark.internal.Logging        : Removing RDD 13
2022-06-30 17:46:00.162  INFO   57 --- [-thread-pool-20] org.apache.spark.internal.Logging        : Removing RDD 12
2022-06-30 17:46:00.162  INFO   57 --- [   JobScheduler] org.apache.spark.internal.Logging        : Finished job streaming job 1656607559000 ms.1 from job set of time 1656607559000 ms
2022-06-30 17:46:00.165  INFO   57 --- [   JobScheduler] org.apache.spark.internal.Logging        : Total delay: 1.162 s for time 1656607559000 ms (execution: 0.034 s)
2022-06-30 17:46:00.162  WARN   69 --- [-job-executor-0] org.apache.spark.internal.Logging        : Using an existing SparkSession; the static sql configurations will not take effect.
2022-06-30 17:46:00.166  WARN   69 --- [-job-executor-0] org.apache.spark.internal.Logging        : Using an existing SparkSession; some spark core configurations may not take effect.
2022-06-30 17:46:00.158  INFO   57 --- [   JobGenerator] org.apache.spark.internal.Logging        : Removing blocks of RDD BlockRDD[13] at receiverStream at Application.java:117 of time 1656607558000 ms
2022-06-30 17:46:00.156  INFO   57 --- [-thread-pool-19] org.apache.spark.internal.Logging        : Removing RDD 9
2022-06-30 17:46:00.169  INFO   57 --- [   JobGenerator] org.apache.spark.internal.Logging        : Deleting batches: 1656607556000 ms
2022-06-30 17:46:00.170  INFO   57 --- [   JobGenerator] org.apache.spark.internal.Logging        : remove old batch metadata: 1656607556000 ms
2022-06-30 17:46:00.156  INFO   57 --- [-thread-pool-18] org.apache.spark.internal.Logging        : Removing RDD 10
2022-06-30 17:46:00.156  INFO   57 --- [-thread-pool-21] org.apache.spark.internal.Logging        : Removing RDD 11
2022-06-30 17:46:00.155  INFO   57 --- [-thread-pool-22] org.apache.spark.internal.Logging        : Removing RDD 14
2022-06-30 17:46:00.170  INFO   57 --- [   JobGenerator] org.apache.spark.internal.Logging        : Removing RDD 16 from persistence list
2022-06-30 17:46:00.165  INFO   57 --- [   JobScheduler] org.apache.spark.internal.Logging        : Starting job streaming job 1656607560000 ms.0 from job set of time 1656607560000 ms
2022-06-30 17:46:00.183  INFO   57 --- [   JobGenerator] org.apache.spark.internal.Logging        : Removing RDD 15 from persistence list
2022-06-30 17:46:00.184  INFO   57 --- [-job-executor-0] org.apache.spark.internal.Logging        : Starting job: collect at Application.java:152
2022-06-30 17:46:00.186  INFO   57 --- [   JobGenerator] org.apache.spark.internal.Logging        : Removing blocks of RDD BlockRDD[15] at receiverStream at Application.java:117 of time 1656607559000 ms
2022-06-30 17:46:00.187  INFO   57 --- [   JobGenerator] org.apache.spark.internal.Logging        : Deleting batches: 1656607557000 ms
2022-06-30 17:46:00.189  INFO   57 --- [   JobGenerator] org.apache.spark.internal.Logging        : remove old batch metadata: 1656607557000 ms
2022-06-30 17:46:00.189  INFO   57 --- [uler-event-loop] org.apache.spark.internal.Logging        : Got job 9 (collect at Application.java:152) with 1 output partitions
2022-06-30 17:46:00.192  INFO   57 --- [uler-event-loop] org.apache.spark.internal.Logging        : Final stage: ResultStage 1 (collect at Application.java:152)
2022-06-30 17:46:00.193  INFO   57 --- [uler-event-loop] org.apache.spark.internal.Logging        : Parents of final stage: List()
2022-06-30 17:46:00.195  INFO   57 --- [uler-event-loop] org.apache.spark.internal.Logging        : Missing parents: List()
2022-06-30 17:46:00.200  INFO   57 --- [-thread-pool-37] org.apache.spark.internal.Logging        : Removing RDD 15
2022-06-30 17:46:00.201  INFO   57 --- [-thread-pool-34] org.apache.spark.internal.Logging        : Removing RDD 16
2022-06-30 17:46:00.213  INFO   57 --- [uler-event-loop] org.apache.spark.internal.Logging        : Submitting ResultStage 1 (MapPartitionsRDD[27] at map at Application.java:125), which has no missing parents
2022-06-30 17:46:00.242  INFO   57 --- [uler-event-loop] org.apache.spark.internal.Logging        : Block broadcast_1 stored as values in memory (estimated size 4.7 KiB, free 896.5 MiB)
2022-06-30 17:46:00.264  INFO   57 --- [uler-event-loop] org.apache.spark.internal.Logging        : Block broadcast_1_piece0 stored as bytes in memory (estimated size 2.6 KiB, free 896.5 MiB)
2022-06-30 17:46:00.266  INFO   57 --- [ckManagerMaster] org.apache.spark.internal.Logging        : Added broadcast_1_piece0 in memory on host.docker.internal:59227 (size: 2.6 KiB, free: 896.6 MiB)
2022-06-30 17:46:00.267  INFO   57 --- [uler-event-loop] org.apache.spark.internal.Logging        : Created broadcast 1 from broadcast at DAGScheduler.scala:1478
2022-06-30 17:46:00.268  INFO   57 --- [uler-event-loop] org.apache.spark.internal.Logging        : Submitting 1 missing tasks from ResultStage 1 (MapPartitionsRDD[27] at map at Application.java:125) (first 15 tasks are for partitions Vector(0))
2022-06-30 17:46:00.269  INFO   57 --- [uler-event-loop] org.apache.spark.internal.Logging        : Adding task set 1.0 with 1 tasks resource profile 0
2022-06-30 17:46:00.274  INFO   57 --- [er-event-loop-2] org.apache.spark.internal.Logging        : Starting task 0.0 in stage 1.0 (TID 1) (host.docker.internal, executor driver, partition 0, PROCESS_LOCAL, 4394 bytes) taskResourceAssignments Map()
2022-06-30 17:46:00.278  INFO   57 --- [age 1.0 (TID 1)] org.apache.spark.internal.Logging        : Running task 0.0 in stage 1.0 (TID 1)
2022-06-30 17:46:00.556  INFO   57 --- [age 1.0 (TID 1)] org.apache.spark.internal.Logging        : Found block input-0-1656607553654 locally
2022-06-30 17:46:01.006  INFO   57 --- [   JobGenerator] org.apache.spark.internal.Logging        : Added jobs for time 1656607561000 ms
2022-06-30 17:46:01.137  INFO   57 --- [age 1.0 (TID 1)] org.apache.spark.internal.Logging        : Finished task 0.0 in stage 1.0 (TID 1). 77950 bytes result sent to driver
2022-06-30 17:46:01.304  INFO   57 --- [result-getter-0] org.apache.spark.internal.Logging        : Finished task 0.0 in stage 1.0 (TID 1) in 1031 ms on host.docker.internal (executor driver) (1/1)
2022-06-30 17:46:01.363  INFO   57 --- [result-getter-0] org.apache.spark.internal.Logging        : Removed TaskSet 1.0, whose tasks have all completed, from pool 
2022-06-30 17:46:01.461  INFO   57 --- [uler-event-loop] org.apache.spark.internal.Logging        : ResultStage 1 (collect at Application.java:152) finished in 1.223 s
2022-06-30 17:46:01.473  INFO   57 --- [uler-event-loop] org.apache.spark.internal.Logging        : Job 9 is finished. Cancelling potential speculative or zombie tasks for this job
2022-06-30 17:46:01.474  INFO   57 --- [uler-event-loop] org.apache.spark.internal.Logging        : Killing all running tasks in stage 1: Stage finished
2022-06-30 17:46:01.481  INFO   57 --- [-job-executor-0] org.apache.spark.internal.Logging        : Job 9 finished: collect at Application.java:152, took 1.296455 s
2022-06-30 17:46:01.886  INFO   57 --- [-job-executor-0] org.apache.spark.internal.Logging        : Starting job: print at Application.java:244
2022-06-30 17:46:01.894  INFO   57 --- [   JobScheduler] org.apache.spark.internal.Logging        : Finished job streaming job 1656607560000 ms.0 from job set of time 1656607560000 ms
2022-06-30 17:46:01.895  INFO   57 --- [   JobScheduler] org.apache.spark.internal.Logging        : Starting job streaming job 1656607560000 ms.1 from job set of time 1656607560000 ms
2022-06-30 17:46:01.898  ERROR   94 --- [   JobScheduler] org.apache.spark.internal.Logging        : Error running job streaming job 1656607560000 ms.0
java.lang.IllegalArgumentException: The value ([[SMSMO,610010342429350,354682094969190,null,null]]) of the type (org.apache.spark.sql.catalyst.expressions.GenericRow) cannot be converted to an array of struct<cdr:struct<callType:string,imsi:string,imei:string,mscIncoming:string,mscOutgoing:string>>
	at org.apache.spark.sql.catalyst.CatalystTypeConverters$ArrayConverter.toCatalystImpl(CatalystTypeConverters.scala:185)
	at org.apache.spark.sql.catalyst.CatalystTypeConverters$ArrayConverter.toCatalystImpl(CatalystTypeConverters.scala:164)
	at org.apache.spark.sql.catalyst.CatalystTypeConverters$CatalystTypeConverter.toCatalyst(CatalystTypeConverters.scala:113)
	at org.apache.spark.sql.catalyst.CatalystTypeConverters$StructConverter.toCatalystImpl(CatalystTypeConverters.scala:258)
	at org.apache.spark.sql.catalyst.CatalystTypeConverters$StructConverter.toCatalystImpl(CatalystTypeConverters.scala:248)
	at org.apache.spark.sql.catalyst.CatalystTypeConverters$CatalystTypeConverter.toCatalyst(CatalystTypeConverters.scala:113)
	at org.apache.spark.sql.catalyst.CatalystTypeConverters$.$anonfun$createToCatalystConverter$2(CatalystTypeConverters.scala:485)
	at org.apache.spark.sql.catalyst.plans.logical.LocalRelation$.$anonfun$fromExternalRows$1(LocalRelation.scala:38)
	at scala.collection.TraversableLike.$anonfun$map$1(TraversableLike.scala:286)
	at scala.collection.Iterator.foreach(Iterator.scala:943)
	at scala.collection.Iterator.foreach$(Iterator.scala:943)
	at scala.collection.AbstractIterator.foreach(Iterator.scala:1431)
	at scala.collection.IterableLike.foreach(IterableLike.scala:74)
	at scala.collection.IterableLike.foreach$(IterableLike.scala:73)
	at scala.collection.AbstractIterable.foreach(Iterable.scala:56)
	at scala.collection.TraversableLike.map(TraversableLike.scala:286)
	at scala.collection.TraversableLike.map$(TraversableLike.scala:279)
	at scala.collection.AbstractTraversable.map(Traversable.scala:108)
	at org.apache.spark.sql.catalyst.plans.logical.LocalRelation$.fromExternalRows(LocalRelation.scala:38)
	at org.apache.spark.sql.SparkSession.$anonfun$createDataFrame$4(SparkSession.scala:388)
	at org.apache.spark.sql.SparkSession.withActive(SparkSession.scala:775)
	at org.apache.spark.sql.SparkSession.createDataFrame(SparkSession.scala:386)
	at com.elite.cdr.validator.Application.lambda$main$1282d8df$1(Application.java:158)
	at org.apache.spark.streaming.api.java.JavaDStreamLike.$anonfun$foreachRDD$1(JavaDStreamLike.scala:272)
	at org.apache.spark.streaming.api.java.JavaDStreamLike.$anonfun$foreachRDD$1$adapted(JavaDStreamLike.scala:272)
	at org.apache.spark.streaming.dstream.DStream.$anonfun$foreachRDD$2(DStream.scala:629)
	at org.apache.spark.streaming.dstream.DStream.$anonfun$foreachRDD$2$adapted(DStream.scala:629)
	at org.apache.spark.streaming.dstream.ForEachDStream.$anonfun$generateJob$2(ForEachDStream.scala:51)
	at scala.runtime.java8.JFunction0$mcV$sp.apply(JFunction0$mcV$sp.java:23)
	at org.apache.spark.streaming.dstream.DStream.createRDDWithLocalProperties(DStream.scala:417)
	at org.apache.spark.streaming.dstream.ForEachDStream.$anonfun$generateJob$1(ForEachDStream.scala:51)
	at scala.runtime.java8.JFunction0$mcV$sp.apply(JFunction0$mcV$sp.java:23)
	at scala.util.Try$.apply(Try.scala:213)
	at org.apache.spark.streaming.scheduler.Job.run(Job.scala:39)
	at org.apache.spark.streaming.scheduler.JobScheduler$JobHandler.$anonfun$run$1(JobScheduler.scala:256)
	at scala.runtime.java8.JFunction0$mcV$sp.apply(JFunction0$mcV$sp.java:23)
	at scala.util.DynamicVariable.withValue(DynamicVariable.scala:62)
	at org.apache.spark.streaming.scheduler.JobScheduler$JobHandler.run(JobScheduler.scala:256)
	at java.util.concurrent.ThreadPoolExecutor.runWorker(ThreadPoolExecutor.java:1149)
	at java.util.concurrent.ThreadPoolExecutor$Worker.run(ThreadPoolExecutor.java:624)
	at java.lang.Thread.run(Thread.java:748)
2022-06-30 17:46:01.899  INFO   57 --- [uler-event-loop] org.apache.spark.internal.Logging        : Got job 10 (print at Application.java:244) with 1 output partitions
2022-06-30 17:46:01.902  INFO   57 --- [uler-event-loop] org.apache.spark.internal.Logging        : Final stage: ResultStage 2 (print at Application.java:244)
2022-06-30 17:46:01.903  INFO   57 --- [uler-event-loop] org.apache.spark.internal.Logging        : Parents of final stage: List()
2022-06-30 17:46:01.903  INFO   57 --- [uler-event-loop] org.apache.spark.internal.Logging        : Missing parents: List()
2022-06-30 17:46:01.906  INFO   57 --- [uler-event-loop] org.apache.spark.internal.Logging        : Submitting ResultStage 2 (MapPartitionsRDD[25] at map at Application.java:122), which has no missing parents
2022-06-30 17:46:01.943  INFO   57 --- [uler-event-loop] org.apache.spark.internal.Logging        : Block broadcast_2 stored as values in memory (estimated size 4.4 KiB, free 896.5 MiB)
2022-06-30 17:46:01.952  INFO   57 --- [uler-event-loop] org.apache.spark.internal.Logging        : Block broadcast_2_piece0 stored as bytes in memory (estimated size 2.4 KiB, free 896.5 MiB)
2022-06-30 17:46:01.957  INFO   57 --- [ckManagerMaster] org.apache.spark.internal.Logging        : Added broadcast_2_piece0 in memory on host.docker.internal:59227 (size: 2.4 KiB, free: 896.6 MiB)
2022-06-30 17:46:01.958  INFO   57 --- [uler-event-loop] org.apache.spark.internal.Logging        : Created broadcast 2 from broadcast at DAGScheduler.scala:1478
2022-06-30 17:46:01.960  INFO   57 --- [uler-event-loop] org.apache.spark.internal.Logging        : Submitting 1 missing tasks from ResultStage 2 (MapPartitionsRDD[25] at map at Application.java:122) (first 15 tasks are for partitions Vector(0))
2022-06-30 17:46:01.962  INFO   57 --- [uler-event-loop] org.apache.spark.internal.Logging        : Adding task set 2.0 with 1 tasks resource profile 0
2022-06-30 17:46:01.966  INFO   57 --- [er-event-loop-1] org.apache.spark.internal.Logging        : Starting task 0.0 in stage 2.0 (TID 2) (host.docker.internal, executor driver, partition 0, PROCESS_LOCAL, 4394 bytes) taskResourceAssignments Map()
2022-06-30 17:46:01.967  INFO   57 --- [age 2.0 (TID 2)] org.apache.spark.internal.Logging        : Running task 0.0 in stage 2.0 (TID 2)
2022-06-30 17:46:01.999  INFO   57 --- [age 2.0 (TID 2)] org.apache.spark.internal.Logging        : Found block input-0-1656607553654 locally
2022-06-30 17:46:02.215  INFO   57 --- [   JobGenerator] org.apache.spark.internal.Logging        : Added jobs for time 1656607562000 ms
2022-06-30 17:46:02.314  INFO   57 --- [shutdown-hook-0] org.apache.spark.internal.Logging        : Invoking stop(stopGracefully=false) from shutdown hook
2022-06-30 17:46:02.333  INFO   57 --- [er-event-loop-3] org.apache.spark.internal.Logging        : Sent stop signal to all 1 receivers
2022-06-30 17:46:02.336  INFO   57 --- [er-event-loop-3] org.apache.spark.internal.Logging        : Received stop signal
2022-06-30 17:46:02.341  INFO   57 --- [er-event-loop-3] org.apache.spark.internal.Logging        : Stopping receiver with message: Stopped by driver: 
2022-06-30 17:46:02.343  INFO   57 --- [er-event-loop-3] org.apache.spark.internal.Logging        : Called receiver onStop
2022-06-30 17:46:02.345  INFO   57 --- [er-event-loop-3] org.apache.spark.internal.Logging        : Deregistering receiver 0
2022-06-30 17:46:02.350  ERROR   73 --- [er-event-loop-1] org.apache.spark.internal.Logging        : Deregistered receiver for stream 0: Stopped by driver
2022-06-30 17:46:02.352  INFO   57 --- [er-event-loop-3] org.apache.spark.internal.Logging        : Stopped receiver 0
2022-06-30 17:46:02.357  INFO   57 --- [er-event-loop-3] org.apache.spark.internal.Logging        : Stopping BlockGenerator
2022-06-30 17:46:02.415  INFO   57 --- [age 2.0 (TID 2)] org.apache.spark.internal.Logging        : Finished task 0.0 in stage 2.0 (TID 2). 77809 bytes result sent to driver
2022-06-30 17:46:02.463  INFO   57 --- [result-getter-1] org.apache.spark.internal.Logging        : Finished task 0.0 in stage 2.0 (TID 2) in 498 ms on host.docker.internal (executor driver) (1/1)
2022-06-30 17:46:02.464  INFO   57 --- [result-getter-1] org.apache.spark.internal.Logging        : Removed TaskSet 2.0, whose tasks have all completed, from pool 
2022-06-30 17:46:02.469  INFO   57 --- [uler-event-loop] org.apache.spark.internal.Logging        : ResultStage 2 (print at Application.java:244) finished in 0.559 s
2022-06-30 17:46:02.470  INFO   57 --- [uler-event-loop] org.apache.spark.internal.Logging        : Job 10 is finished. Cancelling potential speculative or zombie tasks for this job
2022-06-30 17:46:02.470  INFO   57 --- [uler-event-loop] org.apache.spark.internal.Logging        : Killing all running tasks in stage 2: Stage finished
2022-06-30 17:46:02.473  INFO   57 --- [-job-executor-0] org.apache.spark.internal.Logging        : Job 10 finished: print at Application.java:244, took 0.579844 s
2022-06-30 17:46:02.526  WARN   69 --- [-job-executor-0] org.apache.spark.internal.Logging        : Using an existing SparkSession; the static sql configurations will not take effect.
2022-06-30 17:46:02.526  WARN   69 --- [-job-executor-0] org.apache.spark.internal.Logging        : Using an existing SparkSession; some spark core configurations may not take effect.
2022-06-30 17:46:02.571  INFO   57 --- [-job-executor-0] org.apache.spark.internal.Logging        : Starting job: collect at Application.java:152
2022-06-30 17:46:02.584  INFO   57 --- [-job-executor-0] org.apache.spark.internal.Logging        : Job 11 finished: collect at Application.java:152, took 0.010335 s
2022-06-30 17:46:02.592  INFO   57 --- [   JobScheduler] org.apache.spark.internal.Logging        : Finished job streaming job 1656607560000 ms.1 from job set of time 1656607560000 ms
2022-06-30 17:46:02.594  INFO   57 --- [   JobScheduler] org.apache.spark.internal.Logging        : Total delay: 2.590 s for time 1656607560000 ms (execution: 2.425 s)
2022-06-30 17:46:02.599  INFO   57 --- [   JobScheduler] org.apache.spark.internal.Logging        : Starting job streaming job 1656607561000 ms.0 from job set of time 1656607561000 ms
2022-06-30 17:46:02.599  INFO   57 --- [   JobScheduler] org.apache.spark.internal.Logging        : Finished job streaming job 1656607561000 ms.0 from job set of time 1656607561000 ms
2022-06-30 17:46:02.600  INFO   57 --- [   JobScheduler] org.apache.spark.internal.Logging        : Starting job streaming job 1656607561000 ms.1 from job set of time 1656607561000 ms
2022-06-30 17:46:02.601  WARN   69 --- [-job-executor-0] org.apache.spark.internal.Logging        : Using an existing SparkSession; the static sql configurations will not take effect.
2022-06-30 17:46:02.602  WARN   69 --- [-job-executor-0] org.apache.spark.internal.Logging        : Using an existing SparkSession; some spark core configurations may not take effect.
2022-06-30 17:46:02.602  INFO   57 --- [   JobScheduler] org.apache.spark.internal.Logging        : Finished job streaming job 1656607561000 ms.1 from job set of time 1656607561000 ms
2022-06-30 17:46:02.602  INFO   57 --- [   JobScheduler] org.apache.spark.internal.Logging        : Total delay: 1.600 s for time 1656607561000 ms (execution: 0.006 s)
2022-06-30 17:46:02.603  INFO   57 --- [   JobScheduler] org.apache.spark.internal.Logging        : Starting job streaming job 1656607562000 ms.0 from job set of time 1656607562000 ms
2022-06-30 17:46:02.667  INFO   57 --- [   JobGenerator] org.apache.spark.internal.Logging        : Removing RDD 18 from persistence list
2022-06-30 17:46:02.669  INFO   57 --- [   JobGenerator] org.apache.spark.internal.Logging        : Removing RDD 17 from persistence list
2022-06-30 17:46:02.671  INFO   57 --- [   JobGenerator] org.apache.spark.internal.Logging        : Removing blocks of RDD BlockRDD[17] at receiverStream at Application.java:117 of time 1656607560000 ms
2022-06-30 17:46:02.673  INFO   57 --- [   JobGenerator] org.apache.spark.internal.Logging        : Deleting batches: 1656607558000 ms
2022-06-30 17:46:02.673  INFO   57 --- [   JobGenerator] org.apache.spark.internal.Logging        : remove old batch metadata: 1656607558000 ms
2022-06-30 17:46:02.674  INFO   57 --- [   JobGenerator] org.apache.spark.internal.Logging        : Removing RDD 25 from persistence list
2022-06-30 17:46:02.675  INFO   57 --- [   JobGenerator] org.apache.spark.internal.Logging        : Removing RDD 24 from persistence list
2022-06-30 17:46:02.676  INFO   57 --- [   JobGenerator] org.apache.spark.internal.Logging        : Removing blocks of RDD BlockRDD[24] at receiverStream at Application.java:117 of time 1656607561000 ms
2022-06-30 17:46:02.681  INFO   57 --- [er-event-loop-3] org.apache.spark.internal.Logging        : Stopped timer for BlockGenerator after time 1656607562600
2022-06-30 17:46:02.681  INFO   57 --- [er-event-loop-3] org.apache.spark.internal.Logging        : Waiting for block pushing thread to terminate
2022-06-30 17:46:02.689  INFO   57 --- [      Thread-14] org.apache.spark.internal.Logging        : Pushing out the last 0 blocks
2022-06-30 17:46:02.690  INFO   57 --- [      Thread-14] org.apache.spark.internal.Logging        : Stopped block pushing thread
2022-06-30 17:46:02.691  INFO   57 --- [er-event-loop-3] org.apache.spark.internal.Logging        : Stopped BlockGenerator
2022-06-30 17:46:02.694  INFO   57 --- [age 0.0 (TID 0)] org.apache.spark.internal.Logging        : Stopped receiver without error
2022-06-30 17:46:02.699  INFO   57 --- [   JobGenerator] org.apache.spark.internal.Logging        : Deleting batches: 1656607559000 ms
2022-06-30 17:46:02.700  INFO   57 --- [   JobGenerator] org.apache.spark.internal.Logging        : remove old batch metadata: 1656607559000 ms
2022-06-30 17:46:02.751  INFO   57 --- [age 0.0 (TID 0)] org.apache.spark.internal.Logging        : Finished task 0.0 in stage 0.0 (TID 0). 923 bytes result sent to driver
2022-06-30 17:46:02.751  INFO   57 --- [-job-executor-0] org.apache.spark.internal.Logging        : Starting job: collect at Application.java:152
2022-06-30 17:46:02.752  INFO   57 --- [-job-executor-0] org.apache.spark.internal.Logging        : Job 12 finished: collect at Application.java:152, took 0.000339 s
2022-06-30 17:46:02.761  INFO   57 --- [-thread-pool-45] org.apache.spark.internal.Logging        : Removing RDD 24
2022-06-30 17:46:02.761  INFO   57 --- [-thread-pool-42] org.apache.spark.internal.Logging        : Removing RDD 18
2022-06-30 17:46:02.761  INFO   57 --- [-thread-pool-44] org.apache.spark.internal.Logging        : Removing RDD 25
2022-06-30 17:46:02.780  INFO   57 --- [ckManagerMaster] org.apache.spark.internal.Logging        : Removed input-0-1656607553654 on host.docker.internal:59227 in memory (size: 1006.3 KiB, free: 897.6 MiB)
2022-06-30 17:46:02.761  INFO   57 --- [-thread-pool-43] org.apache.spark.internal.Logging        : Removing RDD 17
2022-06-30 17:46:02.765  INFO   57 --- [result-getter-2] org.apache.spark.internal.Logging        : Finished task 0.0 in stage 0.0 (TID 0) in 9851 ms on host.docker.internal (executor driver) (1/1)
2022-06-30 17:46:02.794  INFO   57 --- [result-getter-2] org.apache.spark.internal.Logging        : Removed TaskSet 0.0, whose tasks have all completed, from pool 
2022-06-30 17:46:02.765  INFO   57 --- [   JobScheduler] org.apache.spark.internal.Logging        : Finished job streaming job 1656607562000 ms.0 from job set of time 1656607562000 ms
2022-06-30 17:46:02.795  INFO   57 --- [   JobScheduler] org.apache.spark.internal.Logging        : Starting job streaming job 1656607562000 ms.1 from job set of time 1656607562000 ms
2022-06-30 17:46:02.843  INFO   57 --- [   JobScheduler] org.apache.spark.internal.Logging        : Finished job streaming job 1656607562000 ms.1 from job set of time 1656607562000 ms
2022-06-30 17:46:02.844  INFO   57 --- [   JobScheduler] org.apache.spark.internal.Logging        : Total delay: 0.843 s for time 1656607562000 ms (execution: 0.240 s)
2022-06-30 17:46:02.797  INFO   57 --- [uler-event-loop] org.apache.spark.internal.Logging        : ResultStage 0 (start at Application.java:247) finished in 10.975 s
2022-06-30 17:46:02.847  INFO   57 --- [uler-event-loop] org.apache.spark.internal.Logging        : Job 0 is finished. Cancelling potential speculative or zombie tasks for this job
2022-06-30 17:46:02.847  INFO   57 --- [uler-event-loop] org.apache.spark.internal.Logging        : Killing all running tasks in stage 0: Stage finished
2022-06-30 17:46:02.851  INFO   57 --- [   JobGenerator] org.apache.spark.internal.Logging        : Removing RDD 29 from persistence list
2022-06-30 17:46:02.855  INFO   57 --- [   JobGenerator] org.apache.spark.internal.Logging        : Removing RDD 28 from persistence list
2022-06-30 17:46:02.856  INFO   57 --- [shutdown-hook-0] org.apache.spark.internal.Logging        : All of the receivers have deregistered successfully
2022-06-30 17:46:02.857  INFO   57 --- [   JobGenerator] org.apache.spark.internal.Logging        : Removing blocks of RDD BlockRDD[28] at receiverStream at Application.java:117 of time 1656607562000 ms
2022-06-30 17:46:02.858  INFO   57 --- [shutdown-hook-0] org.apache.spark.internal.Logging        : ReceiverTracker stopped
2022-06-30 17:46:02.858  INFO   57 --- [   JobGenerator] org.apache.spark.internal.Logging        : Deleting batches: 1656607560000 ms
2022-06-30 17:46:02.935  INFO   57 --- [   JobGenerator] org.apache.spark.internal.Logging        : remove old batch metadata: 1656607560000 ms
2022-06-30 17:46:02.919  INFO   57 --- [-thread-pool-57] org.apache.spark.internal.Logging        : Removing RDD 29
2022-06-30 17:46:02.920  INFO   57 --- [shutdown-hook-0] org.apache.spark.internal.Logging        : Stopping JobGenerator immediately
2022-06-30 17:46:02.919  INFO   57 --- [-thread-pool-58] org.apache.spark.internal.Logging        : Removing RDD 28
2022-06-30 17:46:03.042  INFO   57 --- [shutdown-hook-0] org.apache.spark.internal.Logging        : Stopped timer for JobGenerator after time 1656607563000
2022-06-30 17:46:03.042  INFO   57 --- [   JobGenerator] org.apache.spark.internal.Logging        : Added jobs for time 1656607563000 ms
2022-06-30 17:46:03.057  WARN   69 --- [-job-executor-0] org.apache.spark.internal.Logging        : Using an existing SparkSession; the static sql configurations will not take effect.
2022-06-30 17:46:03.057  WARN   69 --- [-job-executor-0] org.apache.spark.internal.Logging        : Using an existing SparkSession; some spark core configurations may not take effect.
2022-06-30 17:46:03.057  INFO   57 --- [   JobScheduler] org.apache.spark.internal.Logging        : Starting job streaming job 1656607563000 ms.0 from job set of time 1656607563000 ms
2022-06-30 17:46:03.057  INFO   57 --- [shutdown-hook-0] org.apache.spark.internal.Logging        : Stopped JobGenerator
2022-06-30 17:46:03.120  INFO   57 --- [-job-executor-0] org.apache.spark.internal.Logging        : Starting job: collect at Application.java:152
2022-06-30 17:46:03.135  INFO   57 --- [-job-executor-0] org.apache.spark.internal.Logging        : Job 13 finished: collect at Application.java:152, took 0.000288 s
2022-06-30 17:46:03.339  INFO   57 --- [   JobScheduler] org.apache.spark.internal.Logging        : Finished job streaming job 1656607563000 ms.0 from job set of time 1656607563000 ms
2022-06-30 17:46:03.339  INFO   57 --- [   JobScheduler] org.apache.spark.internal.Logging        : Starting job streaming job 1656607563000 ms.1 from job set of time 1656607563000 ms
2022-06-30 17:46:03.339  INFO   57 --- [   JobScheduler] org.apache.spark.internal.Logging        : Finished job streaming job 1656607563000 ms.1 from job set of time 1656607563000 ms
2022-06-30 17:46:03.339  INFO   57 --- [   JobScheduler] org.apache.spark.internal.Logging        : Total delay: 0.339 s for time 1656607563000 ms (execution: 0.297 s)
2022-06-30 17:46:03.401  INFO   57 --- [shutdown-hook-0] org.apache.spark.internal.Logging        : Stopped JobScheduler
2022-06-30 17:46:03.448  INFO 1153 --- [shutdown-hook-0] ject.jetty.server.handler.ContextHandler : Stopped o.s.j.s.ServletContextHandler@72e789cb{/streaming,null,STOPPED,@Spark}
2022-06-30 17:46:03.448  INFO 1153 --- [shutdown-hook-0] ject.jetty.server.handler.ContextHandler : Stopped o.s.j.s.ServletContextHandler@43034809{/streaming/json,null,STOPPED,@Spark}
2022-06-30 17:46:03.464  INFO 1153 --- [shutdown-hook-0] ject.jetty.server.handler.ContextHandler : Stopped o.s.j.s.ServletContextHandler@18eec010{/streaming/batch,null,STOPPED,@Spark}
2022-06-30 17:46:03.464  INFO 1153 --- [shutdown-hook-0] ject.jetty.server.handler.ContextHandler : Stopped o.s.j.s.ServletContextHandler@2ca5f1ed{/streaming/batch/json,null,STOPPED,@Spark}
2022-06-30 17:46:03.464  INFO 1153 --- [shutdown-hook-0] ject.jetty.server.handler.ContextHandler : Stopped o.s.j.s.ServletContextHandler@6e495b48{/static/streaming,null,STOPPED,@Spark}
2022-06-30 17:46:03.464  INFO   57 --- [shutdown-hook-0] org.apache.spark.internal.Logging        : StreamingContext stopped successfully
2022-06-30 17:46:03.464  INFO   57 --- [shutdown-hook-0] org.apache.spark.internal.Logging        : Invoking stop() from shutdown hook
2022-06-30 17:46:03.510  INFO  381 --- [shutdown-hook-0] rkproject.jetty.server.AbstractConnector : Stopped Spark@64712be{HTTP/1.1, (http/1.1)}{0.0.0.0:4040}
2022-06-30 17:46:03.526  WARN   69 --- [ver-heartbeater] org.apache.spark.internal.Logging        : Exception when trying to compute pagesize, as a result reporting of ProcessTree metrics is stopped
2022-06-30 17:46:03.526  INFO   57 --- [shutdown-hook-0] org.apache.spark.internal.Logging        : Stopped Spark web UI at http://host.docker.internal:4040
2022-06-30 17:46:04.089  INFO   57 --- [er-event-loop-1] org.apache.spark.internal.Logging        : MapOutputTrackerMasterEndpoint stopped!
2022-06-30 17:46:04.479  INFO   57 --- [shutdown-hook-0] org.apache.spark.internal.Logging        : MemoryStore cleared
2022-06-30 17:46:04.479  INFO   57 --- [shutdown-hook-0] org.apache.spark.internal.Logging        : BlockManager stopped
2022-06-30 17:46:04.635  INFO   57 --- [shutdown-hook-0] org.apache.spark.internal.Logging        : BlockManagerMaster stopped
2022-06-30 17:46:04.651  INFO   57 --- [er-event-loop-0] org.apache.spark.internal.Logging        : OutputCommitCoordinator stopped!
2022-06-30 17:46:04.667  INFO   57 --- [shutdown-hook-0] org.apache.spark.internal.Logging        : Successfully stopped SparkContext
2022-06-30 17:46:04.667  INFO   57 --- [shutdown-hook-0] org.apache.spark.internal.Logging        : Shutdown hook called
2022-06-30 17:46:04.667  INFO   57 --- [shutdown-hook-0] org.apache.spark.internal.Logging        : Deleting directory C:\Users\Wael Hamdi\AppData\Local\Temp\spark-95c68bb6-084f-4aae-8838-15506604a0fd
