2022-08-01 16:40:32.669  INFO   48 --- [           main] com.elite.cdr.validator.Application      : Starting ASN1 Reader 
2022-08-01 16:40:32.669  INFO   50 --- [           main] com.elite.cdr.validator.Application      : ############### Run with the args [--env, local, --file, src/main/resources/data/simpleTypes.ber, --prop, src/main/resources/myapp.properties]
2022-08-01 16:40:32.779  INFO   56 --- [           main] com.elite.cdr.validator.Application      : ############### Run in local mode
2022-08-01 16:40:34.482  INFO   57 --- [           main] org.apache.spark.internal.Logging        : Running Spark version 3.2.1
2022-08-01 16:40:34.872  INFO   57 --- [           main] org.apache.spark.internal.Logging        : ==============================================================
2022-08-01 16:40:34.872  INFO   57 --- [           main] org.apache.spark.internal.Logging        : No custom resources configured for spark.driver.
2022-08-01 16:40:34.872  INFO   57 --- [           main] org.apache.spark.internal.Logging        : ==============================================================
2022-08-01 16:40:34.872  INFO   57 --- [           main] org.apache.spark.internal.Logging        : Submitted application: NiFi Spark Streaming example
2022-08-01 16:40:34.951  INFO   57 --- [           main] org.apache.spark.internal.Logging        : Default ResourceProfile created, executor resources: Map(cores -> name: cores, amount: 1, script: , vendor: , memory -> name: memory, amount: 1024, script: , vendor: , offHeap -> name: offHeap, amount: 0, script: , vendor: ), task resources: Map(cpus -> name: cpus, amount: 1.0)
2022-08-01 16:40:34.982  INFO   57 --- [           main] org.apache.spark.internal.Logging        : Limiting resource is cpu
2022-08-01 16:40:34.982  INFO   57 --- [           main] org.apache.spark.internal.Logging        : Added ResourceProfile id: 0
2022-08-01 16:40:35.169  INFO   57 --- [           main] org.apache.spark.internal.Logging        : Changing view acls to: Wael Hamdi
2022-08-01 16:40:35.169  INFO   57 --- [           main] org.apache.spark.internal.Logging        : Changing modify acls to: Wael Hamdi
2022-08-01 16:40:35.169  INFO   57 --- [           main] org.apache.spark.internal.Logging        : Changing view acls groups to: 
2022-08-01 16:40:35.169  INFO   57 --- [           main] org.apache.spark.internal.Logging        : Changing modify acls groups to: 
2022-08-01 16:40:35.185  INFO   57 --- [           main] org.apache.spark.internal.Logging        : SecurityManager: authentication disabled; ui acls disabled; users  with view permissions: Set(Wael Hamdi); groups with view permissions: Set(); users  with modify permissions: Set(Wael Hamdi); groups with modify permissions: Set()
2022-08-01 16:40:37.716  INFO   57 --- [           main] org.apache.spark.internal.Logging        : Successfully started service 'sparkDriver' on port 56263.
2022-08-01 16:40:37.747  INFO   57 --- [           main] org.apache.spark.internal.Logging        : Registering MapOutputTracker
2022-08-01 16:40:37.794  INFO   57 --- [           main] org.apache.spark.internal.Logging        : Registering BlockManagerMaster
2022-08-01 16:40:37.826  INFO   57 --- [           main] org.apache.spark.internal.Logging        : Using org.apache.spark.storage.DefaultTopologyMapper for getting topology information
2022-08-01 16:40:37.826  INFO   57 --- [           main] org.apache.spark.internal.Logging        : BlockManagerMasterEndpoint up
2022-08-01 16:40:37.826  INFO   57 --- [           main] org.apache.spark.internal.Logging        : Registering BlockManagerMasterHeartbeat
2022-08-01 16:40:37.857  INFO   57 --- [           main] org.apache.spark.internal.Logging        : Created local directory at C:\Users\Wael Hamdi\AppData\Local\Temp\blockmgr-bef29dcd-c0a6-4dcc-bdb9-a0a4aba0d5c4
2022-08-01 16:40:37.888  INFO   57 --- [           main] org.apache.spark.internal.Logging        : MemoryStore started with capacity 897.6 MiB
2022-08-01 16:40:37.904  INFO   57 --- [           main] org.apache.spark.internal.Logging        : Registering OutputCommitCoordinator
2022-08-01 16:40:38.029  INFO  170 --- [           main] org.sparkproject.jetty.util.log.Log      : Logging initialized @6534ms to org.sparkproject.jetty.util.log.Slf4jLog
2022-08-01 16:40:38.122  INFO  375 --- [           main] org.sparkproject.jetty.server.Server     : jetty-9.4.43.v20210629; built: 2021-06-30T11:07:22.254Z; git: 526006ecfa3af7f1a27ef3a288e2bef7ea9dd7e8; jvm 1.8.0_301-b09
2022-08-01 16:40:38.154  INFO  415 --- [           main] org.sparkproject.jetty.server.Server     : Started @6662ms
2022-08-01 16:40:38.201  INFO  331 --- [           main] rkproject.jetty.server.AbstractConnector : Started ServerConnector@7caa550{HTTP/1.1, (http/1.1)}{0.0.0.0:4040}
2022-08-01 16:40:38.201  INFO   57 --- [           main] org.apache.spark.internal.Logging        : Successfully started service 'SparkUI' on port 4040.
2022-08-01 16:40:38.232  INFO  915 --- [           main] ject.jetty.server.handler.ContextHandler : Started o.s.j.s.ServletContextHandler@a50b09c{/jobs,null,AVAILABLE,@Spark}
2022-08-01 16:40:38.232  INFO  915 --- [           main] ject.jetty.server.handler.ContextHandler : Started o.s.j.s.ServletContextHandler@4eeea57d{/jobs/json,null,AVAILABLE,@Spark}
2022-08-01 16:40:38.232  INFO  915 --- [           main] ject.jetty.server.handler.ContextHandler : Started o.s.j.s.ServletContextHandler@e24ddd0{/jobs/job,null,AVAILABLE,@Spark}
2022-08-01 16:40:38.232  INFO  915 --- [           main] ject.jetty.server.handler.ContextHandler : Started o.s.j.s.ServletContextHandler@5aabbb29{/jobs/job/json,null,AVAILABLE,@Spark}
2022-08-01 16:40:38.247  INFO  915 --- [           main] ject.jetty.server.handler.ContextHandler : Started o.s.j.s.ServletContextHandler@1ac85b0c{/stages,null,AVAILABLE,@Spark}
2022-08-01 16:40:38.247  INFO  915 --- [           main] ject.jetty.server.handler.ContextHandler : Started o.s.j.s.ServletContextHandler@3aa3193a{/stages/json,null,AVAILABLE,@Spark}
2022-08-01 16:40:38.247  INFO  915 --- [           main] ject.jetty.server.handler.ContextHandler : Started o.s.j.s.ServletContextHandler@59a67c3a{/stages/stage,null,AVAILABLE,@Spark}
2022-08-01 16:40:38.247  INFO  915 --- [           main] ject.jetty.server.handler.ContextHandler : Started o.s.j.s.ServletContextHandler@6bc248ed{/stages/stage/json,null,AVAILABLE,@Spark}
2022-08-01 16:40:38.247  INFO  915 --- [           main] ject.jetty.server.handler.ContextHandler : Started o.s.j.s.ServletContextHandler@ca27722{/stages/pool,null,AVAILABLE,@Spark}
2022-08-01 16:40:38.247  INFO  915 --- [           main] ject.jetty.server.handler.ContextHandler : Started o.s.j.s.ServletContextHandler@9573b3b{/stages/pool/json,null,AVAILABLE,@Spark}
2022-08-01 16:40:38.247  INFO  915 --- [           main] ject.jetty.server.handler.ContextHandler : Started o.s.j.s.ServletContextHandler@78461bc4{/storage,null,AVAILABLE,@Spark}
2022-08-01 16:40:38.247  INFO  915 --- [           main] ject.jetty.server.handler.ContextHandler : Started o.s.j.s.ServletContextHandler@64f857e7{/storage/json,null,AVAILABLE,@Spark}
2022-08-01 16:40:38.247  INFO  915 --- [           main] ject.jetty.server.handler.ContextHandler : Started o.s.j.s.ServletContextHandler@58c540cf{/storage/rdd,null,AVAILABLE,@Spark}
2022-08-01 16:40:38.247  INFO  915 --- [           main] ject.jetty.server.handler.ContextHandler : Started o.s.j.s.ServletContextHandler@1b822fcc{/storage/rdd/json,null,AVAILABLE,@Spark}
2022-08-01 16:40:38.263  INFO  915 --- [           main] ject.jetty.server.handler.ContextHandler : Started o.s.j.s.ServletContextHandler@56102e1c{/environment,null,AVAILABLE,@Spark}
2022-08-01 16:40:38.263  INFO  915 --- [           main] ject.jetty.server.handler.ContextHandler : Started o.s.j.s.ServletContextHandler@7927bd9f{/environment/json,null,AVAILABLE,@Spark}
2022-08-01 16:40:38.263  INFO  915 --- [           main] ject.jetty.server.handler.ContextHandler : Started o.s.j.s.ServletContextHandler@410954b{/executors,null,AVAILABLE,@Spark}
2022-08-01 16:40:38.263  INFO  915 --- [           main] ject.jetty.server.handler.ContextHandler : Started o.s.j.s.ServletContextHandler@3b366632{/executors/json,null,AVAILABLE,@Spark}
2022-08-01 16:40:38.263  INFO  915 --- [           main] ject.jetty.server.handler.ContextHandler : Started o.s.j.s.ServletContextHandler@514eedd8{/executors/threadDump,null,AVAILABLE,@Spark}
2022-08-01 16:40:38.263  INFO  915 --- [           main] ject.jetty.server.handler.ContextHandler : Started o.s.j.s.ServletContextHandler@6970140a{/executors/threadDump/json,null,AVAILABLE,@Spark}
2022-08-01 16:40:38.279  INFO  915 --- [           main] ject.jetty.server.handler.ContextHandler : Started o.s.j.s.ServletContextHandler@3af4e0bf{/static,null,AVAILABLE,@Spark}
2022-08-01 16:40:38.279  INFO  915 --- [           main] ject.jetty.server.handler.ContextHandler : Started o.s.j.s.ServletContextHandler@70925b45{/,null,AVAILABLE,@Spark}
2022-08-01 16:40:38.279  INFO  915 --- [           main] ject.jetty.server.handler.ContextHandler : Started o.s.j.s.ServletContextHandler@aa22f1c{/api,null,AVAILABLE,@Spark}
2022-08-01 16:40:38.279  INFO  915 --- [           main] ject.jetty.server.handler.ContextHandler : Started o.s.j.s.ServletContextHandler@2af616d3{/jobs/job/kill,null,AVAILABLE,@Spark}
2022-08-01 16:40:38.279  INFO  915 --- [           main] ject.jetty.server.handler.ContextHandler : Started o.s.j.s.ServletContextHandler@3deb2326{/stages/stage/kill,null,AVAILABLE,@Spark}
2022-08-01 16:40:38.279  INFO   57 --- [           main] org.apache.spark.internal.Logging        : Bound SparkUI to 0.0.0.0, and started at http://host.docker.internal:4040
2022-08-01 16:40:38.576  INFO   57 --- [           main] org.apache.spark.internal.Logging        : Starting executor ID driver on host host.docker.internal
2022-08-01 16:40:38.622  INFO   57 --- [           main] org.apache.spark.internal.Logging        : Successfully started service 'org.apache.spark.network.netty.NettyBlockTransferService' on port 56287.
2022-08-01 16:40:38.622  INFO   82 --- [           main] .network.netty.NettyBlockTransferService : Server created on host.docker.internal:56287
2022-08-01 16:40:38.622  INFO   57 --- [           main] org.apache.spark.internal.Logging        : Using org.apache.spark.storage.RandomBlockReplicationPolicy for block replication policy
2022-08-01 16:40:38.638  INFO   57 --- [           main] org.apache.spark.internal.Logging        : Registering BlockManager BlockManagerId(driver, host.docker.internal, 56287, None)
2022-08-01 16:40:38.638  INFO   57 --- [ckManagerMaster] org.apache.spark.internal.Logging        : Registering block manager host.docker.internal:56287 with 897.6 MiB RAM, BlockManagerId(driver, host.docker.internal, 56287, None)
2022-08-01 16:40:38.638  INFO   57 --- [           main] org.apache.spark.internal.Logging        : Registered BlockManager BlockManagerId(driver, host.docker.internal, 56287, None)
2022-08-01 16:40:38.654  INFO   57 --- [           main] org.apache.spark.internal.Logging        : Initialized BlockManager: BlockManagerId(driver, host.docker.internal, 56287, None)
2022-08-01 16:40:38.997  INFO  915 --- [           main] ject.jetty.server.handler.ContextHandler : Started o.s.j.s.ServletContextHandler@2189e7a7{/metrics/json,null,AVAILABLE,@Spark}
2022-08-01 16:40:39.732  INFO   57 --- [streaming-start] org.apache.spark.internal.Logging        : Starting 1 receivers
2022-08-01 16:40:39.747  INFO   57 --- [streaming-start] org.apache.spark.internal.Logging        : ReceiverTracker started
2022-08-01 16:40:39.763  INFO   57 --- [streaming-start] org.apache.spark.internal.Logging        : Slide time = 1000 ms
2022-08-01 16:40:39.763  INFO   57 --- [streaming-start] org.apache.spark.internal.Logging        : Storage level = Serialized 1x Replicated
2022-08-01 16:40:39.763  INFO   57 --- [streaming-start] org.apache.spark.internal.Logging        : Checkpoint interval = null
2022-08-01 16:40:39.763  INFO   57 --- [streaming-start] org.apache.spark.internal.Logging        : Remember interval = 1000 ms
2022-08-01 16:40:39.763  INFO   57 --- [streaming-start] org.apache.spark.internal.Logging        : Initialized and validated org.apache.spark.streaming.dstream.PluggableInputDStream@56aaccbd
2022-08-01 16:40:39.763  INFO   57 --- [streaming-start] org.apache.spark.internal.Logging        : Slide time = 1000 ms
2022-08-01 16:40:39.763  INFO   57 --- [streaming-start] org.apache.spark.internal.Logging        : Storage level = Serialized 1x Replicated
2022-08-01 16:40:39.763  INFO   57 --- [streaming-start] org.apache.spark.internal.Logging        : Checkpoint interval = null
2022-08-01 16:40:39.763  INFO   57 --- [streaming-start] org.apache.spark.internal.Logging        : Remember interval = 1000 ms
2022-08-01 16:40:39.763  INFO   57 --- [streaming-start] org.apache.spark.internal.Logging        : Initialized and validated org.apache.spark.streaming.dstream.MappedDStream@516b9a28
2022-08-01 16:40:39.763  INFO   57 --- [streaming-start] org.apache.spark.internal.Logging        : Slide time = 1000 ms
2022-08-01 16:40:39.763  INFO   57 --- [streaming-start] org.apache.spark.internal.Logging        : Storage level = Serialized 1x Replicated
2022-08-01 16:40:39.779  INFO   57 --- [streaming-start] org.apache.spark.internal.Logging        : Checkpoint interval = null
2022-08-01 16:40:39.779  INFO   57 --- [streaming-start] org.apache.spark.internal.Logging        : Remember interval = 1000 ms
2022-08-01 16:40:39.779  INFO   57 --- [streaming-start] org.apache.spark.internal.Logging        : Initialized and validated org.apache.spark.streaming.dstream.ForEachDStream@56b104ad
2022-08-01 16:40:39.889  INFO   57 --- [streaming-start] org.apache.spark.internal.Logging        : Started timer for JobGenerator at time 1659368440000
2022-08-01 16:40:39.890  INFO   57 --- [streaming-start] org.apache.spark.internal.Logging        : Started JobGenerator at 1659368440000 ms
2022-08-01 16:40:39.893  INFO   57 --- [streaming-start] org.apache.spark.internal.Logging        : Started JobScheduler
2022-08-01 16:40:39.896  INFO   57 --- [er-event-loop-3] org.apache.spark.internal.Logging        : Receiver 0 started
2022-08-01 16:40:39.900  INFO  915 --- [           main] ject.jetty.server.handler.ContextHandler : Started o.s.j.s.ServletContextHandler@5109e8cf{/streaming,null,AVAILABLE,@Spark}
2022-08-01 16:40:39.901  INFO  915 --- [           main] ject.jetty.server.handler.ContextHandler : Started o.s.j.s.ServletContextHandler@78b41097{/streaming/json,null,AVAILABLE,@Spark}
2022-08-01 16:40:39.904  INFO  915 --- [           main] ject.jetty.server.handler.ContextHandler : Started o.s.j.s.ServletContextHandler@2d000e80{/streaming/batch,null,AVAILABLE,@Spark}
2022-08-01 16:40:39.905  INFO  915 --- [           main] ject.jetty.server.handler.ContextHandler : Started o.s.j.s.ServletContextHandler@20e6c4dc{/streaming/batch/json,null,AVAILABLE,@Spark}
2022-08-01 16:40:39.908  INFO  915 --- [           main] ject.jetty.server.handler.ContextHandler : Started o.s.j.s.ServletContextHandler@33f98231{/static/streaming,null,AVAILABLE,@Spark}
2022-08-01 16:40:39.909  INFO   57 --- [           main] org.apache.spark.internal.Logging        : StreamingContext started
2022-08-01 16:40:39.919  INFO   57 --- [uler-event-loop] org.apache.spark.internal.Logging        : Got job 0 (start at Application.java:156) with 1 output partitions
2022-08-01 16:40:39.920  INFO   57 --- [uler-event-loop] org.apache.spark.internal.Logging        : Final stage: ResultStage 0 (start at Application.java:156)
2022-08-01 16:40:39.920  INFO   57 --- [uler-event-loop] org.apache.spark.internal.Logging        : Parents of final stage: List()
2022-08-01 16:40:39.922  INFO   57 --- [uler-event-loop] org.apache.spark.internal.Logging        : Missing parents: List()
2022-08-01 16:40:39.928  INFO   57 --- [uler-event-loop] org.apache.spark.internal.Logging        : Submitting ResultStage 0 (Receiver 0 ParallelCollectionRDD[0] at makeRDD at ReceiverTracker.scala:609), which has no missing parents
2022-08-01 16:40:40.102  INFO   57 --- [   JobGenerator] org.apache.spark.internal.Logging        : Added jobs for time 1659368440000 ms
2022-08-01 16:40:40.107  INFO   57 --- [   JobScheduler] org.apache.spark.internal.Logging        : Starting job streaming job 1659368440000 ms.0 from job set of time 1659368440000 ms
2022-08-01 16:40:40.160  INFO   57 --- [uler-event-loop] org.apache.spark.internal.Logging        : Block broadcast_0 stored as values in memory (estimated size 97.5 KiB, free 897.5 MiB)
2022-08-01 16:40:40.170  WARN   69 --- [-job-executor-0] org.apache.spark.internal.Logging        : Using an existing SparkContext; some configuration may not take effect.
2022-08-01 16:40:40.297  INFO   57 --- [uler-event-loop] org.apache.spark.internal.Logging        : Block broadcast_0_piece0 stored as bytes in memory (estimated size 34.2 KiB, free 897.5 MiB)
2022-08-01 16:40:40.302  INFO   57 --- [ckManagerMaster] org.apache.spark.internal.Logging        : Added broadcast_0_piece0 in memory on host.docker.internal:56287 (size: 34.2 KiB, free: 897.6 MiB)
2022-08-01 16:40:40.312  INFO   57 --- [uler-event-loop] org.apache.spark.internal.Logging        : Created broadcast 0 from broadcast at DAGScheduler.scala:1478
2022-08-01 16:40:40.337  INFO   57 --- [uler-event-loop] org.apache.spark.internal.Logging        : Submitting 1 missing tasks from ResultStage 0 (Receiver 0 ParallelCollectionRDD[0] at makeRDD at ReceiverTracker.scala:609) (first 15 tasks are for partitions Vector(0))
2022-08-01 16:40:40.345  INFO   57 --- [uler-event-loop] org.apache.spark.internal.Logging        : Adding task set 0.0 with 1 tasks resource profile 0
2022-08-01 16:40:40.487  INFO   57 --- [er-event-loop-0] org.apache.spark.internal.Logging        : Starting task 0.0 in stage 0.0 (TID 0) (host.docker.internal, executor driver, partition 0, PROCESS_LOCAL, 5950 bytes) taskResourceAssignments Map()
2022-08-01 16:40:40.525  INFO   57 --- [age 0.0 (TID 0)] org.apache.spark.internal.Logging        : Running task 0.0 in stage 0.0 (TID 0)
2022-08-01 16:40:40.751  INFO   57 --- [-job-executor-0] org.apache.spark.internal.Logging        : Setting hive.metastore.warehouse.dir ('null') to the value of spark.sql.warehouse.dir.
2022-08-01 16:40:41.026  INFO   57 --- [   JobGenerator] org.apache.spark.internal.Logging        : Added jobs for time 1659368441000 ms
2022-08-01 16:40:41.080  INFO   57 --- [age 0.0 (TID 0)] org.apache.spark.internal.Logging        : Started timer for BlockGenerator at time 1659368441200
2022-08-01 16:40:41.083  INFO   57 --- [age 0.0 (TID 0)] org.apache.spark.internal.Logging        : Started BlockGenerator
2022-08-01 16:40:41.087  INFO   57 --- [      Thread-14] org.apache.spark.internal.Logging        : Started block pushing thread
2022-08-01 16:40:41.099  INFO   57 --- [er-event-loop-0] org.apache.spark.internal.Logging        : Registered receiver for stream 0 from host.docker.internal:56263
2022-08-01 16:40:41.100  INFO   57 --- [age 0.0 (TID 0)] org.apache.spark.internal.Logging        : Starting receiver 0
2022-08-01 16:40:41.102  INFO   57 --- [age 0.0 (TID 0)] org.apache.spark.internal.Logging        : Called receiver 0 onStart
2022-08-01 16:40:41.103  INFO   57 --- [age 0.0 (TID 0)] org.apache.spark.internal.Logging        : Waiting for receiver to be stopped
2022-08-01 16:40:41.844  INFO   57 --- [-job-executor-0] org.apache.spark.internal.Logging        : Warehouse path is 'file:/C:/IntelliJProjects/NifiSparkStreaming/spark-warehouse'.
2022-08-01 16:40:41.870  INFO  915 --- [-job-executor-0] ject.jetty.server.handler.ContextHandler : Started o.s.j.s.ServletContextHandler@79a5ca7b{/SQL,null,AVAILABLE,@Spark}
2022-08-01 16:40:41.873  INFO  915 --- [-job-executor-0] ject.jetty.server.handler.ContextHandler : Started o.s.j.s.ServletContextHandler@7e8a9f61{/SQL/json,null,AVAILABLE,@Spark}
2022-08-01 16:40:41.875  INFO  915 --- [-job-executor-0] ject.jetty.server.handler.ContextHandler : Started o.s.j.s.ServletContextHandler@68e47531{/SQL/execution,null,AVAILABLE,@Spark}
2022-08-01 16:40:41.877  INFO  915 --- [-job-executor-0] ject.jetty.server.handler.ContextHandler : Started o.s.j.s.ServletContextHandler@20e7215f{/SQL/execution/json,null,AVAILABLE,@Spark}
2022-08-01 16:40:41.881  INFO  915 --- [-job-executor-0] ject.jetty.server.handler.ContextHandler : Started o.s.j.s.ServletContextHandler@3b0cc6ab{/static/sql,null,AVAILABLE,@Spark}
2022-08-01 16:40:42.008  INFO   57 --- [   JobGenerator] org.apache.spark.internal.Logging        : Added jobs for time 1659368442000 ms
2022-08-01 16:40:42.927  INFO  571 --- [  NiFi Receiver] g.apache.nifi.remote.client.PeerSelector : Successfully refreshed peer status cache; remote group consists of 1 peers
2022-08-01 16:40:42.927  INFO  571 --- [ool Maintenance] g.apache.nifi.remote.client.PeerSelector : Successfully refreshed peer status cache; remote group consists of 1 peers
2022-08-01 16:40:43.004  INFO   57 --- [   JobGenerator] org.apache.spark.internal.Logging        : Added jobs for time 1659368443000 ms
2022-08-01 16:40:43.060  INFO   57 --- [  NiFi Receiver] org.apache.spark.internal.Logging        : Block input-0-1659368441064 stored as values in memory (estimated size 5.1 MiB, free 892.4 MiB)
2022-08-01 16:40:43.061  INFO   57 --- [ckManagerMaster] org.apache.spark.internal.Logging        : Added input-0-1659368441064 in memory on host.docker.internal:56287 (size: 5.1 MiB, free: 892.5 MiB)
2022-08-01 16:40:44.006  INFO   57 --- [   JobGenerator] org.apache.spark.internal.Logging        : Added jobs for time 1659368444000 ms
2022-08-01 16:40:45.003  INFO   57 --- [   JobGenerator] org.apache.spark.internal.Logging        : Added jobs for time 1659368445000 ms
2022-08-01 16:40:46.003  INFO   57 --- [   JobGenerator] org.apache.spark.internal.Logging        : Added jobs for time 1659368446000 ms
2022-08-01 16:40:47.004  INFO   57 --- [   JobGenerator] org.apache.spark.internal.Logging        : Added jobs for time 1659368447000 ms
2022-08-01 16:40:47.096  INFO   57 --- [-job-executor-0] org.apache.spark.internal.Logging        : Code generated in 321.8573 ms
2022-08-01 16:40:47.133  INFO   57 --- [   JobScheduler] org.apache.spark.internal.Logging        : Finished job streaming job 1659368440000 ms.0 from job set of time 1659368440000 ms
2022-08-01 16:40:47.136  INFO   57 --- [   JobScheduler] org.apache.spark.internal.Logging        : Total delay: 7.132 s for time 1659368440000 ms (execution: 7.026 s)
2022-08-01 16:40:47.137  INFO   57 --- [   JobScheduler] org.apache.spark.internal.Logging        : Starting job streaming job 1659368441000 ms.0 from job set of time 1659368441000 ms
2022-08-01 16:40:47.142  WARN   69 --- [-job-executor-0] org.apache.spark.internal.Logging        : Using an existing SparkSession; the static sql configurations will not take effect.
2022-08-01 16:40:47.143  WARN   69 --- [-job-executor-0] org.apache.spark.internal.Logging        : Using an existing SparkSession; some spark core configurations may not take effect.
2022-08-01 16:40:47.144  INFO   57 --- [   JobGenerator] org.apache.spark.internal.Logging        : Deleting batches: 
2022-08-01 16:40:47.149  INFO   57 --- [   JobGenerator] org.apache.spark.internal.Logging        : remove old batch metadata: 
2022-08-01 16:40:47.283  INFO   57 --- [   JobScheduler] org.apache.spark.internal.Logging        : Finished job streaming job 1659368441000 ms.0 from job set of time 1659368441000 ms
2022-08-01 16:40:47.286  WARN   69 --- [-job-executor-0] org.apache.spark.internal.Logging        : Using an existing SparkSession; the static sql configurations will not take effect.
2022-08-01 16:40:47.286  WARN   69 --- [-job-executor-0] org.apache.spark.internal.Logging        : Using an existing SparkSession; some spark core configurations may not take effect.
2022-08-01 16:40:47.288  INFO   57 --- [   JobScheduler] org.apache.spark.internal.Logging        : Total delay: 6.283 s for time 1659368441000 ms (execution: 0.146 s)
2022-08-01 16:40:47.296  INFO   57 --- [   JobScheduler] org.apache.spark.internal.Logging        : Starting job streaming job 1659368442000 ms.0 from job set of time 1659368442000 ms
2022-08-01 16:40:47.299  INFO   57 --- [   JobGenerator] org.apache.spark.internal.Logging        : Removing RDD 2 from persistence list
2022-08-01 16:40:47.383  INFO   57 --- [   JobGenerator] org.apache.spark.internal.Logging        : Removing RDD 1 from persistence list
2022-08-01 16:40:47.387  INFO   57 --- [   JobGenerator] org.apache.spark.internal.Logging        : Removing blocks of RDD BlockRDD[1] at receiverStream at Application.java:122 of time 1659368441000 ms
2022-08-01 16:40:47.391  INFO   57 --- [   JobGenerator] org.apache.spark.internal.Logging        : Deleting batches: 
2022-08-01 16:40:47.392  INFO   57 --- [   JobGenerator] org.apache.spark.internal.Logging        : remove old batch metadata: 
2022-08-01 16:40:47.400  INFO   57 --- [c-thread-pool-1] org.apache.spark.internal.Logging        : Removing RDD 1
2022-08-01 16:40:47.401  INFO   57 --- [c-thread-pool-0] org.apache.spark.internal.Logging        : Removing RDD 2
2022-08-01 16:40:47.452  INFO   57 --- [   JobScheduler] org.apache.spark.internal.Logging        : Finished job streaming job 1659368442000 ms.0 from job set of time 1659368442000 ms
2022-08-01 16:40:47.454  INFO   57 --- [   JobScheduler] org.apache.spark.internal.Logging        : Total delay: 5.452 s for time 1659368442000 ms (execution: 0.156 s)
2022-08-01 16:40:47.454  INFO   57 --- [   JobScheduler] org.apache.spark.internal.Logging        : Starting job streaming job 1659368443000 ms.0 from job set of time 1659368443000 ms
2022-08-01 16:40:47.455  WARN   69 --- [-job-executor-0] org.apache.spark.internal.Logging        : Using an existing SparkSession; the static sql configurations will not take effect.
2022-08-01 16:40:47.455  WARN   69 --- [-job-executor-0] org.apache.spark.internal.Logging        : Using an existing SparkSession; some spark core configurations may not take effect.
2022-08-01 16:40:47.459  INFO   57 --- [   JobGenerator] org.apache.spark.internal.Logging        : Removing RDD 6 from persistence list
2022-08-01 16:40:47.461  INFO   57 --- [   JobGenerator] org.apache.spark.internal.Logging        : Removing RDD 5 from persistence list
2022-08-01 16:40:47.468  INFO   57 --- [   JobGenerator] org.apache.spark.internal.Logging        : Removing blocks of RDD BlockRDD[5] at receiverStream at Application.java:122 of time 1659368442000 ms
2022-08-01 16:40:47.470  INFO   57 --- [   JobGenerator] org.apache.spark.internal.Logging        : Deleting batches: 1659368440000 ms
2022-08-01 16:40:47.471  INFO   57 --- [   JobGenerator] org.apache.spark.internal.Logging        : remove old batch metadata: 1659368440000 ms
2022-08-01 16:40:47.472  INFO   57 --- [c-thread-pool-6] org.apache.spark.internal.Logging        : Removing RDD 6
2022-08-01 16:40:47.477  INFO   57 --- [c-thread-pool-7] org.apache.spark.internal.Logging        : Removing RDD 5
2022-08-01 16:40:47.576  INFO   57 --- [   JobScheduler] org.apache.spark.internal.Logging        : Finished job streaming job 1659368443000 ms.0 from job set of time 1659368443000 ms
2022-08-01 16:40:47.577  INFO   57 --- [   JobScheduler] org.apache.spark.internal.Logging        : Total delay: 4.576 s for time 1659368443000 ms (execution: 0.122 s)
2022-08-01 16:40:47.577  INFO   57 --- [   JobScheduler] org.apache.spark.internal.Logging        : Starting job streaming job 1659368444000 ms.0 from job set of time 1659368444000 ms
2022-08-01 16:40:47.578  INFO   57 --- [   JobGenerator] org.apache.spark.internal.Logging        : Removing RDD 8 from persistence list
2022-08-01 16:40:47.580  INFO   57 --- [   JobGenerator] org.apache.spark.internal.Logging        : Removing RDD 7 from persistence list
2022-08-01 16:40:47.584  INFO   57 --- [   JobGenerator] org.apache.spark.internal.Logging        : Removing blocks of RDD BlockRDD[7] at receiverStream at Application.java:122 of time 1659368443000 ms
2022-08-01 16:40:47.585  INFO   57 --- [   JobGenerator] org.apache.spark.internal.Logging        : Deleting batches: 1659368441000 ms
2022-08-01 16:40:47.585  INFO   57 --- [   JobGenerator] org.apache.spark.internal.Logging        : remove old batch metadata: 1659368441000 ms
2022-08-01 16:40:47.586  INFO   57 --- [-thread-pool-12] org.apache.spark.internal.Logging        : Removing RDD 8
2022-08-01 16:40:47.587  INFO   57 --- [-thread-pool-13] org.apache.spark.internal.Logging        : Removing RDD 7
2022-08-01 16:40:47.591  WARN   69 --- [-job-executor-0] org.apache.spark.internal.Logging        : Using an existing SparkSession; the static sql configurations will not take effect.
2022-08-01 16:40:47.592  WARN   69 --- [-job-executor-0] org.apache.spark.internal.Logging        : Using an existing SparkSession; some spark core configurations may not take effect.
2022-08-01 16:40:47.661  INFO   57 --- [-job-executor-0] org.apache.spark.internal.Logging        : Starting job: show at Application.java:146
2022-08-01 16:40:47.664  INFO   57 --- [uler-event-loop] org.apache.spark.internal.Logging        : Got job 1 (show at Application.java:146) with 1 output partitions
2022-08-01 16:40:47.664  INFO   57 --- [uler-event-loop] org.apache.spark.internal.Logging        : Final stage: ResultStage 1 (show at Application.java:146)
2022-08-01 16:40:47.664  INFO   57 --- [uler-event-loop] org.apache.spark.internal.Logging        : Parents of final stage: List()
2022-08-01 16:40:47.665  INFO   57 --- [uler-event-loop] org.apache.spark.internal.Logging        : Missing parents: List()
2022-08-01 16:40:47.666  INFO   57 --- [uler-event-loop] org.apache.spark.internal.Logging        : Submitting ResultStage 1 (MapPartitionsRDD[36] at show at Application.java:146), which has no missing parents
2022-08-01 16:40:47.689  INFO   57 --- [uler-event-loop] org.apache.spark.internal.Logging        : Block broadcast_1 stored as values in memory (estimated size 12.9 KiB, free 892.4 MiB)
2022-08-01 16:40:47.691  INFO   57 --- [uler-event-loop] org.apache.spark.internal.Logging        : Block broadcast_1_piece0 stored as bytes in memory (estimated size 5.8 KiB, free 892.4 MiB)
2022-08-01 16:40:47.692  INFO   57 --- [ckManagerMaster] org.apache.spark.internal.Logging        : Added broadcast_1_piece0 in memory on host.docker.internal:56287 (size: 5.8 KiB, free: 892.5 MiB)
2022-08-01 16:40:47.693  INFO   57 --- [uler-event-loop] org.apache.spark.internal.Logging        : Created broadcast 1 from broadcast at DAGScheduler.scala:1478
2022-08-01 16:40:47.694  INFO   57 --- [uler-event-loop] org.apache.spark.internal.Logging        : Submitting 1 missing tasks from ResultStage 1 (MapPartitionsRDD[36] at show at Application.java:146) (first 15 tasks are for partitions Vector(0))
2022-08-01 16:40:47.694  INFO   57 --- [uler-event-loop] org.apache.spark.internal.Logging        : Adding task set 1.0 with 1 tasks resource profile 0
2022-08-01 16:40:47.697  INFO   57 --- [er-event-loop-2] org.apache.spark.internal.Logging        : Starting task 0.0 in stage 1.0 (TID 1) (host.docker.internal, executor driver, partition 0, PROCESS_LOCAL, 4394 bytes) taskResourceAssignments Map()
2022-08-01 16:40:47.699  INFO   57 --- [age 1.0 (TID 1)] org.apache.spark.internal.Logging        : Running task 0.0 in stage 1.0 (TID 1)
2022-08-01 16:40:47.916  INFO   57 --- [age 1.0 (TID 1)] org.apache.spark.internal.Logging        : Found block input-0-1659368441064 locally
2022-08-01 16:40:48.003  INFO   57 --- [   JobGenerator] org.apache.spark.internal.Logging        : Added jobs for time 1659368448000 ms
2022-08-01 16:40:48.266  INFO   57 --- [age 1.0 (TID 1)] org.apache.spark.internal.Logging        : 1 block locks were not released by task 0.0 in stage 1.0 (TID 1)
[input-0-1659368441064]
2022-08-01 16:40:48.277  INFO   57 --- [age 1.0 (TID 1)] org.apache.spark.internal.Logging        : Finished task 0.0 in stage 1.0 (TID 1). 2439 bytes result sent to driver
2022-08-01 16:40:48.289  INFO   57 --- [result-getter-0] org.apache.spark.internal.Logging        : Finished task 0.0 in stage 1.0 (TID 1) in 591 ms on host.docker.internal (executor driver) (1/1)
2022-08-01 16:40:48.292  INFO   57 --- [result-getter-0] org.apache.spark.internal.Logging        : Removed TaskSet 1.0, whose tasks have all completed, from pool 
2022-08-01 16:40:48.301  INFO   57 --- [uler-event-loop] org.apache.spark.internal.Logging        : ResultStage 1 (show at Application.java:146) finished in 0.627 s
2022-08-01 16:40:48.309  INFO   57 --- [uler-event-loop] org.apache.spark.internal.Logging        : Job 1 is finished. Cancelling potential speculative or zombie tasks for this job
2022-08-01 16:40:48.310  INFO   57 --- [uler-event-loop] org.apache.spark.internal.Logging        : Killing all running tasks in stage 1: Stage finished
2022-08-01 16:40:48.313  INFO   57 --- [-job-executor-0] org.apache.spark.internal.Logging        : Job 1 finished: show at Application.java:146, took 0.650808 s
2022-08-01 16:40:48.397  INFO   57 --- [-job-executor-0] org.apache.spark.internal.Logging        : Code generated in 42.5632 ms
2022-08-01 16:40:48.415  INFO   57 --- [   JobScheduler] org.apache.spark.internal.Logging        : Finished job streaming job 1659368444000 ms.0 from job set of time 1659368444000 ms
2022-08-01 16:40:48.418  INFO   57 --- [   JobGenerator] org.apache.spark.internal.Logging        : Removing RDD 10 from persistence list
2022-08-01 16:40:48.419  INFO   57 --- [   JobScheduler] org.apache.spark.internal.Logging        : Total delay: 4.415 s for time 1659368444000 ms (execution: 0.838 s)
2022-08-01 16:40:48.420  INFO   57 --- [   JobScheduler] org.apache.spark.internal.Logging        : Starting job streaming job 1659368445000 ms.0 from job set of time 1659368445000 ms
2022-08-01 16:40:48.421  INFO   57 --- [   JobGenerator] org.apache.spark.internal.Logging        : Removing RDD 9 from persistence list
2022-08-01 16:40:48.423  INFO   57 --- [   JobGenerator] org.apache.spark.internal.Logging        : Removing blocks of RDD BlockRDD[9] at receiverStream at Application.java:122 of time 1659368444000 ms
2022-08-01 16:40:48.424  INFO   57 --- [   JobGenerator] org.apache.spark.internal.Logging        : Deleting batches: 1659368442000 ms
2022-08-01 16:40:48.425  INFO   57 --- [   JobGenerator] org.apache.spark.internal.Logging        : remove old batch metadata: 1659368442000 ms
2022-08-01 16:40:48.425  INFO   57 --- [-thread-pool-18] org.apache.spark.internal.Logging        : Removing RDD 10
2022-08-01 16:40:48.425  INFO   57 --- [-thread-pool-19] org.apache.spark.internal.Logging        : Removing RDD 9
2022-08-01 16:40:48.428  WARN   69 --- [-job-executor-0] org.apache.spark.internal.Logging        : Using an existing SparkSession; the static sql configurations will not take effect.
2022-08-01 16:40:48.428  WARN   69 --- [-job-executor-0] org.apache.spark.internal.Logging        : Using an existing SparkSession; some spark core configurations may not take effect.
2022-08-01 16:40:48.531  INFO   57 --- [   JobScheduler] org.apache.spark.internal.Logging        : Finished job streaming job 1659368445000 ms.0 from job set of time 1659368445000 ms
2022-08-01 16:40:48.532  INFO   57 --- [   JobScheduler] org.apache.spark.internal.Logging        : Total delay: 3.531 s for time 1659368445000 ms (execution: 0.112 s)
2022-08-01 16:40:48.534  INFO   57 --- [   JobGenerator] org.apache.spark.internal.Logging        : Removing RDD 12 from persistence list
2022-08-01 16:40:48.535  INFO   57 --- [   JobGenerator] org.apache.spark.internal.Logging        : Removing RDD 11 from persistence list
2022-08-01 16:40:48.537  INFO   57 --- [   JobGenerator] org.apache.spark.internal.Logging        : Removing blocks of RDD BlockRDD[11] at receiverStream at Application.java:122 of time 1659368445000 ms
2022-08-01 16:40:48.542  INFO   57 --- [   JobGenerator] org.apache.spark.internal.Logging        : Deleting batches: 1659368443000 ms
2022-08-01 16:40:48.543  INFO   57 --- [   JobGenerator] org.apache.spark.internal.Logging        : remove old batch metadata: 1659368443000 ms
2022-08-01 16:40:48.543  INFO   57 --- [   JobScheduler] org.apache.spark.internal.Logging        : Starting job streaming job 1659368446000 ms.0 from job set of time 1659368446000 ms
2022-08-01 16:40:48.561  WARN   69 --- [-job-executor-0] org.apache.spark.internal.Logging        : Using an existing SparkSession; the static sql configurations will not take effect.
2022-08-01 16:40:48.562  INFO   57 --- [-thread-pool-25] org.apache.spark.internal.Logging        : Removing RDD 11
2022-08-01 16:40:48.561  INFO   57 --- [-thread-pool-24] org.apache.spark.internal.Logging        : Removing RDD 12
2022-08-01 16:40:48.562  WARN   69 --- [-job-executor-0] org.apache.spark.internal.Logging        : Using an existing SparkSession; some spark core configurations may not take effect.
2022-08-01 16:40:48.600  INFO   57 --- [ckManagerMaster] org.apache.spark.internal.Logging        : Removed input-0-1659368441064 on host.docker.internal:56287 in memory (size: 5.1 MiB, free: 897.6 MiB)
2022-08-01 16:40:48.652  INFO   57 --- [   JobScheduler] org.apache.spark.internal.Logging        : Finished job streaming job 1659368446000 ms.0 from job set of time 1659368446000 ms
2022-08-01 16:40:48.653  INFO   57 --- [   JobScheduler] org.apache.spark.internal.Logging        : Total delay: 2.652 s for time 1659368446000 ms (execution: 0.109 s)
2022-08-01 16:40:48.654  INFO   57 --- [   JobGenerator] org.apache.spark.internal.Logging        : Removing RDD 14 from persistence list
2022-08-01 16:40:48.656  INFO   57 --- [   JobGenerator] org.apache.spark.internal.Logging        : Removing RDD 13 from persistence list
2022-08-01 16:40:48.658  INFO   57 --- [   JobGenerator] org.apache.spark.internal.Logging        : Removing blocks of RDD BlockRDD[13] at receiverStream at Application.java:122 of time 1659368446000 ms
2022-08-01 16:40:48.658  INFO   57 --- [   JobGenerator] org.apache.spark.internal.Logging        : Deleting batches: 1659368444000 ms
2022-08-01 16:40:48.658  INFO   57 --- [   JobGenerator] org.apache.spark.internal.Logging        : remove old batch metadata: 1659368444000 ms
2022-08-01 16:40:48.660  INFO   57 --- [   JobScheduler] org.apache.spark.internal.Logging        : Starting job streaming job 1659368447000 ms.0 from job set of time 1659368447000 ms
2022-08-01 16:40:48.664  WARN   69 --- [-job-executor-0] org.apache.spark.internal.Logging        : Using an existing SparkSession; the static sql configurations will not take effect.
2022-08-01 16:40:48.665  WARN   69 --- [-job-executor-0] org.apache.spark.internal.Logging        : Using an existing SparkSession; some spark core configurations may not take effect.
2022-08-01 16:40:48.697  INFO   57 --- [-thread-pool-33] org.apache.spark.internal.Logging        : Removing RDD 14
2022-08-01 16:40:48.700  INFO   57 --- [-thread-pool-34] org.apache.spark.internal.Logging        : Removing RDD 13
2022-08-01 16:40:48.735  INFO   57 --- [   JobScheduler] org.apache.spark.internal.Logging        : Finished job streaming job 1659368447000 ms.0 from job set of time 1659368447000 ms
2022-08-01 16:40:48.737  INFO   57 --- [   JobScheduler] org.apache.spark.internal.Logging        : Total delay: 1.735 s for time 1659368447000 ms (execution: 0.075 s)
2022-08-01 16:40:48.737  INFO   57 --- [   JobScheduler] org.apache.spark.internal.Logging        : Starting job streaming job 1659368448000 ms.0 from job set of time 1659368448000 ms
2022-08-01 16:40:48.736  WARN   69 --- [-job-executor-0] org.apache.spark.internal.Logging        : Using an existing SparkSession; the static sql configurations will not take effect.
2022-08-01 16:40:48.741  WARN   69 --- [-job-executor-0] org.apache.spark.internal.Logging        : Using an existing SparkSession; some spark core configurations may not take effect.
2022-08-01 16:40:48.747  INFO   57 --- [   JobGenerator] org.apache.spark.internal.Logging        : Removing RDD 16 from persistence list
2022-08-01 16:40:48.753  INFO   57 --- [   JobGenerator] org.apache.spark.internal.Logging        : Removing RDD 15 from persistence list
2022-08-01 16:40:48.754  INFO   57 --- [   JobGenerator] org.apache.spark.internal.Logging        : Removing blocks of RDD BlockRDD[15] at receiverStream at Application.java:122 of time 1659368447000 ms
2022-08-01 16:40:48.754  INFO   57 --- [   JobGenerator] org.apache.spark.internal.Logging        : Deleting batches: 1659368445000 ms
2022-08-01 16:40:48.755  INFO   57 --- [   JobGenerator] org.apache.spark.internal.Logging        : remove old batch metadata: 1659368445000 ms
2022-08-01 16:40:48.763  INFO   57 --- [-thread-pool-39] org.apache.spark.internal.Logging        : Removing RDD 16
2022-08-01 16:40:48.764  INFO   57 --- [-thread-pool-40] org.apache.spark.internal.Logging        : Removing RDD 15
2022-08-01 16:40:48.848  INFO   57 --- [   JobScheduler] org.apache.spark.internal.Logging        : Finished job streaming job 1659368448000 ms.0 from job set of time 1659368448000 ms
2022-08-01 16:40:48.848  INFO   57 --- [   JobScheduler] org.apache.spark.internal.Logging        : Total delay: 0.848 s for time 1659368448000 ms (execution: 0.111 s)
2022-08-01 16:40:48.851  INFO   57 --- [   JobGenerator] org.apache.spark.internal.Logging        : Removing RDD 18 from persistence list
2022-08-01 16:40:48.852  INFO   57 --- [   JobGenerator] org.apache.spark.internal.Logging        : Removing RDD 17 from persistence list
2022-08-01 16:40:48.854  INFO   57 --- [   JobGenerator] org.apache.spark.internal.Logging        : Removing blocks of RDD BlockRDD[17] at receiverStream at Application.java:122 of time 1659368448000 ms
2022-08-01 16:40:48.854  INFO   57 --- [-thread-pool-46] org.apache.spark.internal.Logging        : Removing RDD 17
2022-08-01 16:40:48.854  INFO   57 --- [-thread-pool-45] org.apache.spark.internal.Logging        : Removing RDD 18
2022-08-01 16:40:48.854  INFO   57 --- [   JobGenerator] org.apache.spark.internal.Logging        : Deleting batches: 1659368446000 ms
2022-08-01 16:40:48.856  INFO   57 --- [   JobGenerator] org.apache.spark.internal.Logging        : remove old batch metadata: 1659368446000 ms
2022-08-01 16:40:49.000  INFO   57 --- [   JobGenerator] org.apache.spark.internal.Logging        : Added jobs for time 1659368449000 ms
2022-08-01 16:40:49.000  INFO   57 --- [   JobScheduler] org.apache.spark.internal.Logging        : Starting job streaming job 1659368449000 ms.0 from job set of time 1659368449000 ms
2022-08-01 16:40:49.016  WARN   69 --- [-job-executor-0] org.apache.spark.internal.Logging        : Using an existing SparkSession; the static sql configurations will not take effect.
2022-08-01 16:40:49.016  WARN   69 --- [-job-executor-0] org.apache.spark.internal.Logging        : Using an existing SparkSession; some spark core configurations may not take effect.
2022-08-01 16:40:49.109  INFO   57 --- [   JobScheduler] org.apache.spark.internal.Logging        : Finished job streaming job 1659368449000 ms.0 from job set of time 1659368449000 ms
2022-08-01 16:40:49.110  INFO   57 --- [   JobScheduler] org.apache.spark.internal.Logging        : Total delay: 0.109 s for time 1659368449000 ms (execution: 0.109 s)
2022-08-01 16:40:49.110  INFO   57 --- [   JobGenerator] org.apache.spark.internal.Logging        : Removing RDD 38 from persistence list
2022-08-01 16:40:49.111  INFO   57 --- [   JobGenerator] org.apache.spark.internal.Logging        : Removing RDD 37 from persistence list
2022-08-01 16:40:49.111  INFO   57 --- [-thread-pool-51] org.apache.spark.internal.Logging        : Removing RDD 38
2022-08-01 16:40:49.113  INFO   57 --- [   JobGenerator] org.apache.spark.internal.Logging        : Removing blocks of RDD BlockRDD[37] at receiverStream at Application.java:122 of time 1659368449000 ms
2022-08-01 16:40:49.113  INFO   57 --- [   JobGenerator] org.apache.spark.internal.Logging        : Deleting batches: 1659368447000 ms
2022-08-01 16:40:49.114  INFO   57 --- [   JobGenerator] org.apache.spark.internal.Logging        : remove old batch metadata: 1659368447000 ms
2022-08-01 16:40:49.114  INFO   57 --- [-thread-pool-53] org.apache.spark.internal.Logging        : Removing RDD 37
2022-08-01 16:40:49.603  INFO   57 --- [shutdown-hook-0] org.apache.spark.internal.Logging        : Invoking stop(stopGracefully=false) from shutdown hook
2022-08-01 16:40:49.611  INFO   57 --- [er-event-loop-1] org.apache.spark.internal.Logging        : Sent stop signal to all 1 receivers
2022-08-01 16:40:49.612  INFO   57 --- [er-event-loop-2] org.apache.spark.internal.Logging        : Received stop signal
2022-08-01 16:40:49.614  INFO   57 --- [er-event-loop-2] org.apache.spark.internal.Logging        : Stopping receiver with message: Stopped by driver: 
2022-08-01 16:40:49.615  INFO   57 --- [er-event-loop-2] org.apache.spark.internal.Logging        : Called receiver onStop
2022-08-01 16:40:49.616  INFO   57 --- [er-event-loop-2] org.apache.spark.internal.Logging        : Deregistering receiver 0
2022-08-01 16:40:49.619  ERROR   73 --- [er-event-loop-3] org.apache.spark.internal.Logging        : Deregistered receiver for stream 0: Stopped by driver
2022-08-01 16:40:49.620  INFO   57 --- [er-event-loop-2] org.apache.spark.internal.Logging        : Stopped receiver 0
2022-08-01 16:40:49.623  INFO   57 --- [er-event-loop-2] org.apache.spark.internal.Logging        : Stopping BlockGenerator
2022-08-01 16:40:50.000  INFO   57 --- [er-event-loop-2] org.apache.spark.internal.Logging        : Stopped timer for BlockGenerator after time 1659368450000
2022-08-01 16:40:50.000  INFO   57 --- [er-event-loop-2] org.apache.spark.internal.Logging        : Waiting for block pushing thread to terminate
2022-08-01 16:40:50.000  INFO   57 --- [   JobGenerator] org.apache.spark.internal.Logging        : Added jobs for time 1659368450000 ms
2022-08-01 16:40:50.000  INFO   57 --- [   JobScheduler] org.apache.spark.internal.Logging        : Starting job streaming job 1659368450000 ms.0 from job set of time 1659368450000 ms
2022-08-01 16:40:50.000  WARN   69 --- [-job-executor-0] org.apache.spark.internal.Logging        : Using an existing SparkSession; the static sql configurations will not take effect.
2022-08-01 16:40:50.000  WARN   69 --- [-job-executor-0] org.apache.spark.internal.Logging        : Using an existing SparkSession; some spark core configurations may not take effect.
2022-08-01 16:40:50.031  INFO   57 --- [      Thread-14] org.apache.spark.internal.Logging        : Pushing out the last 0 blocks
2022-08-01 16:40:50.031  INFO   57 --- [      Thread-14] org.apache.spark.internal.Logging        : Stopped block pushing thread
2022-08-01 16:40:50.031  INFO   57 --- [er-event-loop-2] org.apache.spark.internal.Logging        : Stopped BlockGenerator
2022-08-01 16:40:50.047  INFO   57 --- [age 0.0 (TID 0)] org.apache.spark.internal.Logging        : Stopped receiver without error
2022-08-01 16:40:50.047  INFO   57 --- [age 0.0 (TID 0)] org.apache.spark.internal.Logging        : Finished task 0.0 in stage 0.0 (TID 0). 923 bytes result sent to driver
2022-08-01 16:40:50.062  INFO   57 --- [result-getter-1] org.apache.spark.internal.Logging        : Finished task 0.0 in stage 0.0 (TID 0) in 9605 ms on host.docker.internal (executor driver) (1/1)
2022-08-01 16:40:50.062  INFO   57 --- [result-getter-1] org.apache.spark.internal.Logging        : Removed TaskSet 0.0, whose tasks have all completed, from pool 
2022-08-01 16:40:50.062  INFO   57 --- [uler-event-loop] org.apache.spark.internal.Logging        : ResultStage 0 (start at Application.java:156) finished in 10.110 s
2022-08-01 16:40:50.078  INFO   57 --- [uler-event-loop] org.apache.spark.internal.Logging        : Job 0 is finished. Cancelling potential speculative or zombie tasks for this job
2022-08-01 16:40:50.078  INFO   57 --- [uler-event-loop] org.apache.spark.internal.Logging        : Killing all running tasks in stage 0: Stage finished
2022-08-01 16:40:50.094  INFO   57 --- [shutdown-hook-0] org.apache.spark.internal.Logging        : All of the receivers have deregistered successfully
2022-08-01 16:40:50.094  INFO   57 --- [shutdown-hook-0] org.apache.spark.internal.Logging        : ReceiverTracker stopped
2022-08-01 16:40:50.109  INFO   57 --- [shutdown-hook-0] org.apache.spark.internal.Logging        : Stopping JobGenerator immediately
2022-08-01 16:40:50.140  INFO   57 --- [shutdown-hook-0] org.apache.spark.internal.Logging        : Stopped timer for JobGenerator after time 1659368450000
2022-08-01 16:40:50.156  INFO   57 --- [   JobScheduler] org.apache.spark.internal.Logging        : Finished job streaming job 1659368450000 ms.0 from job set of time 1659368450000 ms
2022-08-01 16:40:50.156  INFO   57 --- [   JobScheduler] org.apache.spark.internal.Logging        : Total delay: 0.156 s for time 1659368450000 ms (execution: 0.156 s)
2022-08-01 16:40:50.156  INFO   57 --- [   JobGenerator] org.apache.spark.internal.Logging        : Removing RDD 56 from persistence list
2022-08-01 16:40:50.156  INFO   57 --- [shutdown-hook-0] org.apache.spark.internal.Logging        : Stopped JobGenerator
2022-08-01 16:40:50.156  INFO   57 --- [-thread-pool-58] org.apache.spark.internal.Logging        : Removing RDD 56
2022-08-01 16:40:50.172  INFO   57 --- [ckManagerMaster] org.apache.spark.internal.Logging        : Removed broadcast_1_piece0 on host.docker.internal:56287 in memory (size: 5.8 KiB, free: 897.6 MiB)
2022-08-01 16:40:50.172  INFO   57 --- [shutdown-hook-0] org.apache.spark.internal.Logging        : Stopped JobScheduler
2022-08-01 16:40:50.172  INFO 1153 --- [shutdown-hook-0] ject.jetty.server.handler.ContextHandler : Stopped o.s.j.s.ServletContextHandler@5109e8cf{/streaming,null,STOPPED,@Spark}
2022-08-01 16:40:50.172  INFO 1153 --- [shutdown-hook-0] ject.jetty.server.handler.ContextHandler : Stopped o.s.j.s.ServletContextHandler@78b41097{/streaming/json,null,STOPPED,@Spark}
2022-08-01 16:40:50.172  INFO 1153 --- [shutdown-hook-0] ject.jetty.server.handler.ContextHandler : Stopped o.s.j.s.ServletContextHandler@2d000e80{/streaming/batch,null,STOPPED,@Spark}
2022-08-01 16:40:50.172  INFO 1153 --- [shutdown-hook-0] ject.jetty.server.handler.ContextHandler : Stopped o.s.j.s.ServletContextHandler@20e6c4dc{/streaming/batch/json,null,STOPPED,@Spark}
2022-08-01 16:40:50.172  INFO 1153 --- [shutdown-hook-0] ject.jetty.server.handler.ContextHandler : Stopped o.s.j.s.ServletContextHandler@33f98231{/static/streaming,null,STOPPED,@Spark}
2022-08-01 16:40:50.172  INFO  167 --- [           main] com.elite.cdr.validator.Application      : ****************************************************
2022-08-01 16:40:50.172  INFO  168 --- [           main] com.elite.cdr.validator.Application      : Duration: 0.0 seconds
2022-08-01 16:40:50.172  INFO  169 --- [           main] com.elite.cdr.validator.Application      : Batch executed with success
2022-08-01 16:40:50.187  INFO  170 --- [           main] com.elite.cdr.validator.Application      : ****************************************************
2022-08-01 16:40:50.172  INFO   57 --- [shutdown-hook-0] org.apache.spark.internal.Logging        : StreamingContext stopped successfully
2022-08-01 16:40:50.187  INFO   57 --- [shutdown-hook-0] org.apache.spark.internal.Logging        : Invoking stop() from shutdown hook
2022-08-01 16:40:50.187  INFO  381 --- [shutdown-hook-0] rkproject.jetty.server.AbstractConnector : Stopped Spark@7caa550{HTTP/1.1, (http/1.1)}{0.0.0.0:4040}
2022-08-01 16:40:50.187  INFO   57 --- [shutdown-hook-0] org.apache.spark.internal.Logging        : Stopped Spark web UI at http://host.docker.internal:4040
2022-08-01 16:40:50.203  INFO   57 --- [er-event-loop-3] org.apache.spark.internal.Logging        : MapOutputTrackerMasterEndpoint stopped!
2022-08-01 16:40:50.234  INFO   57 --- [shutdown-hook-0] org.apache.spark.internal.Logging        : MemoryStore cleared
2022-08-01 16:40:50.234  INFO   57 --- [shutdown-hook-0] org.apache.spark.internal.Logging        : BlockManager stopped
2022-08-01 16:40:50.250  INFO   57 --- [shutdown-hook-0] org.apache.spark.internal.Logging        : BlockManagerMaster stopped
2022-08-01 16:40:50.250  INFO   57 --- [er-event-loop-2] org.apache.spark.internal.Logging        : OutputCommitCoordinator stopped!
2022-08-01 16:40:50.250  INFO   57 --- [shutdown-hook-0] org.apache.spark.internal.Logging        : Successfully stopped SparkContext
2022-08-01 16:40:50.250  INFO   57 --- [shutdown-hook-0] org.apache.spark.internal.Logging        : Shutdown hook called
2022-08-01 16:40:50.250  INFO   57 --- [shutdown-hook-0] org.apache.spark.internal.Logging        : Deleting directory C:\Users\Wael Hamdi\AppData\Local\Temp\spark-696803de-e265-4684-ae14-87d881534ba2
