2022-08-01 17:32:09.998  INFO   48 --- [           main] com.elite.cdr.validator.Application      : Starting ASN1 Reader 
2022-08-01 17:32:09.998  INFO   50 --- [           main] com.elite.cdr.validator.Application      : ############### Run with the args [--env, local, --file, src/main/resources/data/simpleTypes.ber, --prop, src/main/resources/myapp.properties]
2022-08-01 17:32:10.123  INFO   56 --- [           main] com.elite.cdr.validator.Application      : ############### Run in local mode
2022-08-01 17:32:11.587  INFO   57 --- [           main] org.apache.spark.internal.Logging        : Running Spark version 3.2.1
2022-08-01 17:32:12.009  INFO   57 --- [           main] org.apache.spark.internal.Logging        : ==============================================================
2022-08-01 17:32:12.009  INFO   57 --- [           main] org.apache.spark.internal.Logging        : No custom resources configured for spark.driver.
2022-08-01 17:32:12.009  INFO   57 --- [           main] org.apache.spark.internal.Logging        : ==============================================================
2022-08-01 17:32:12.009  INFO   57 --- [           main] org.apache.spark.internal.Logging        : Submitted application: NiFi Spark Streaming example
2022-08-01 17:32:12.087  INFO   57 --- [           main] org.apache.spark.internal.Logging        : Default ResourceProfile created, executor resources: Map(cores -> name: cores, amount: 1, script: , vendor: , memory -> name: memory, amount: 1024, script: , vendor: , offHeap -> name: offHeap, amount: 0, script: , vendor: ), task resources: Map(cpus -> name: cpus, amount: 1.0)
2022-08-01 17:32:12.102  INFO   57 --- [           main] org.apache.spark.internal.Logging        : Limiting resource is cpu
2022-08-01 17:32:12.102  INFO   57 --- [           main] org.apache.spark.internal.Logging        : Added ResourceProfile id: 0
2022-08-01 17:32:12.259  INFO   57 --- [           main] org.apache.spark.internal.Logging        : Changing view acls to: Wael Hamdi
2022-08-01 17:32:12.259  INFO   57 --- [           main] org.apache.spark.internal.Logging        : Changing modify acls to: Wael Hamdi
2022-08-01 17:32:12.259  INFO   57 --- [           main] org.apache.spark.internal.Logging        : Changing view acls groups to: 
2022-08-01 17:32:12.259  INFO   57 --- [           main] org.apache.spark.internal.Logging        : Changing modify acls groups to: 
2022-08-01 17:32:12.259  INFO   57 --- [           main] org.apache.spark.internal.Logging        : SecurityManager: authentication disabled; ui acls disabled; users  with view permissions: Set(Wael Hamdi); groups with view permissions: Set(); users  with modify permissions: Set(Wael Hamdi); groups with modify permissions: Set()
2022-08-01 17:32:15.098  INFO   57 --- [           main] org.apache.spark.internal.Logging        : Successfully started service 'sparkDriver' on port 59239.
2022-08-01 17:32:15.129  INFO   57 --- [           main] org.apache.spark.internal.Logging        : Registering MapOutputTracker
2022-08-01 17:32:15.161  INFO   57 --- [           main] org.apache.spark.internal.Logging        : Registering BlockManagerMaster
2022-08-01 17:32:15.192  INFO   57 --- [           main] org.apache.spark.internal.Logging        : Using org.apache.spark.storage.DefaultTopologyMapper for getting topology information
2022-08-01 17:32:15.192  INFO   57 --- [           main] org.apache.spark.internal.Logging        : BlockManagerMasterEndpoint up
2022-08-01 17:32:15.192  INFO   57 --- [           main] org.apache.spark.internal.Logging        : Registering BlockManagerMasterHeartbeat
2022-08-01 17:32:15.239  INFO   57 --- [           main] org.apache.spark.internal.Logging        : Created local directory at C:\Users\Wael Hamdi\AppData\Local\Temp\blockmgr-7f16d8c5-b8c7-479c-a07e-340d79cfde18
2022-08-01 17:32:15.270  INFO   57 --- [           main] org.apache.spark.internal.Logging        : MemoryStore started with capacity 897.6 MiB
2022-08-01 17:32:15.286  INFO   57 --- [           main] org.apache.spark.internal.Logging        : Registering OutputCommitCoordinator
2022-08-01 17:32:15.411  INFO  170 --- [           main] org.sparkproject.jetty.util.log.Log      : Logging initialized @6432ms to org.sparkproject.jetty.util.log.Slf4jLog
2022-08-01 17:32:15.489  INFO  375 --- [           main] org.sparkproject.jetty.server.Server     : jetty-9.4.43.v20210629; built: 2021-06-30T11:07:22.254Z; git: 526006ecfa3af7f1a27ef3a288e2bef7ea9dd7e8; jvm 1.8.0_301-b09
2022-08-01 17:32:15.520  INFO  415 --- [           main] org.sparkproject.jetty.server.Server     : Started @6548ms
2022-08-01 17:32:15.567  INFO  331 --- [           main] rkproject.jetty.server.AbstractConnector : Started ServerConnector@7caa550{HTTP/1.1, (http/1.1)}{0.0.0.0:4040}
2022-08-01 17:32:15.567  INFO   57 --- [           main] org.apache.spark.internal.Logging        : Successfully started service 'SparkUI' on port 4040.
2022-08-01 17:32:15.614  INFO  915 --- [           main] ject.jetty.server.handler.ContextHandler : Started o.s.j.s.ServletContextHandler@43ed0ff3{/jobs,null,AVAILABLE,@Spark}
2022-08-01 17:32:15.614  INFO  915 --- [           main] ject.jetty.server.handler.ContextHandler : Started o.s.j.s.ServletContextHandler@3f093abe{/jobs/json,null,AVAILABLE,@Spark}
2022-08-01 17:32:15.614  INFO  915 --- [           main] ject.jetty.server.handler.ContextHandler : Started o.s.j.s.ServletContextHandler@4eeea57d{/jobs/job,null,AVAILABLE,@Spark}
2022-08-01 17:32:15.614  INFO  915 --- [           main] ject.jetty.server.handler.ContextHandler : Started o.s.j.s.ServletContextHandler@6f70f32f{/jobs/job/json,null,AVAILABLE,@Spark}
2022-08-01 17:32:15.614  INFO  915 --- [           main] ject.jetty.server.handler.ContextHandler : Started o.s.j.s.ServletContextHandler@5aabbb29{/stages,null,AVAILABLE,@Spark}
2022-08-01 17:32:15.614  INFO  915 --- [           main] ject.jetty.server.handler.ContextHandler : Started o.s.j.s.ServletContextHandler@1ac85b0c{/stages/json,null,AVAILABLE,@Spark}
2022-08-01 17:32:15.629  INFO  915 --- [           main] ject.jetty.server.handler.ContextHandler : Started o.s.j.s.ServletContextHandler@3aa3193a{/stages/stage,null,AVAILABLE,@Spark}
2022-08-01 17:32:15.629  INFO  915 --- [           main] ject.jetty.server.handler.ContextHandler : Started o.s.j.s.ServletContextHandler@724bade8{/stages/stage/json,null,AVAILABLE,@Spark}
2022-08-01 17:32:15.629  INFO  915 --- [           main] ject.jetty.server.handler.ContextHandler : Started o.s.j.s.ServletContextHandler@6bc248ed{/stages/pool,null,AVAILABLE,@Spark}
2022-08-01 17:32:15.629  INFO  915 --- [           main] ject.jetty.server.handler.ContextHandler : Started o.s.j.s.ServletContextHandler@ca27722{/stages/pool/json,null,AVAILABLE,@Spark}
2022-08-01 17:32:15.629  INFO  915 --- [           main] ject.jetty.server.handler.ContextHandler : Started o.s.j.s.ServletContextHandler@9573b3b{/storage,null,AVAILABLE,@Spark}
2022-08-01 17:32:15.629  INFO  915 --- [           main] ject.jetty.server.handler.ContextHandler : Started o.s.j.s.ServletContextHandler@78461bc4{/storage/json,null,AVAILABLE,@Spark}
2022-08-01 17:32:15.629  INFO  915 --- [           main] ject.jetty.server.handler.ContextHandler : Started o.s.j.s.ServletContextHandler@64f857e7{/storage/rdd,null,AVAILABLE,@Spark}
2022-08-01 17:32:15.629  INFO  915 --- [           main] ject.jetty.server.handler.ContextHandler : Started o.s.j.s.ServletContextHandler@58c540cf{/storage/rdd/json,null,AVAILABLE,@Spark}
2022-08-01 17:32:15.629  INFO  915 --- [           main] ject.jetty.server.handler.ContextHandler : Started o.s.j.s.ServletContextHandler@1b822fcc{/environment,null,AVAILABLE,@Spark}
2022-08-01 17:32:15.645  INFO  915 --- [           main] ject.jetty.server.handler.ContextHandler : Started o.s.j.s.ServletContextHandler@56102e1c{/environment/json,null,AVAILABLE,@Spark}
2022-08-01 17:32:15.645  INFO  915 --- [           main] ject.jetty.server.handler.ContextHandler : Started o.s.j.s.ServletContextHandler@7927bd9f{/executors,null,AVAILABLE,@Spark}
2022-08-01 17:32:15.645  INFO  915 --- [           main] ject.jetty.server.handler.ContextHandler : Started o.s.j.s.ServletContextHandler@410954b{/executors/json,null,AVAILABLE,@Spark}
2022-08-01 17:32:15.645  INFO  915 --- [           main] ject.jetty.server.handler.ContextHandler : Started o.s.j.s.ServletContextHandler@3b366632{/executors/threadDump,null,AVAILABLE,@Spark}
2022-08-01 17:32:15.645  INFO  915 --- [           main] ject.jetty.server.handler.ContextHandler : Started o.s.j.s.ServletContextHandler@514eedd8{/executors/threadDump/json,null,AVAILABLE,@Spark}
2022-08-01 17:32:15.661  INFO  915 --- [           main] ject.jetty.server.handler.ContextHandler : Started o.s.j.s.ServletContextHandler@6970140a{/static,null,AVAILABLE,@Spark}
2022-08-01 17:32:15.661  INFO  915 --- [           main] ject.jetty.server.handler.ContextHandler : Started o.s.j.s.ServletContextHandler@733c423e{/,null,AVAILABLE,@Spark}
2022-08-01 17:32:15.661  INFO  915 --- [           main] ject.jetty.server.handler.ContextHandler : Started o.s.j.s.ServletContextHandler@70925b45{/api,null,AVAILABLE,@Spark}
2022-08-01 17:32:15.661  INFO  915 --- [           main] ject.jetty.server.handler.ContextHandler : Started o.s.j.s.ServletContextHandler@5922ae77{/jobs/job/kill,null,AVAILABLE,@Spark}
2022-08-01 17:32:15.661  INFO  915 --- [           main] ject.jetty.server.handler.ContextHandler : Started o.s.j.s.ServletContextHandler@2af616d3{/stages/stage/kill,null,AVAILABLE,@Spark}
2022-08-01 17:32:15.661  INFO   57 --- [           main] org.apache.spark.internal.Logging        : Bound SparkUI to 0.0.0.0, and started at http://host.docker.internal:4040
2022-08-01 17:32:15.895  INFO   57 --- [           main] org.apache.spark.internal.Logging        : Starting executor ID driver on host host.docker.internal
2022-08-01 17:32:16.020  INFO   57 --- [           main] org.apache.spark.internal.Logging        : Successfully started service 'org.apache.spark.network.netty.NettyBlockTransferService' on port 59263.
2022-08-01 17:32:16.020  INFO   82 --- [           main] .network.netty.NettyBlockTransferService : Server created on host.docker.internal:59263
2022-08-01 17:32:16.020  INFO   57 --- [           main] org.apache.spark.internal.Logging        : Using org.apache.spark.storage.RandomBlockReplicationPolicy for block replication policy
2022-08-01 17:32:16.020  INFO   57 --- [           main] org.apache.spark.internal.Logging        : Registering BlockManager BlockManagerId(driver, host.docker.internal, 59263, None)
2022-08-01 17:32:16.036  INFO   57 --- [ckManagerMaster] org.apache.spark.internal.Logging        : Registering block manager host.docker.internal:59263 with 897.6 MiB RAM, BlockManagerId(driver, host.docker.internal, 59263, None)
2022-08-01 17:32:16.036  INFO   57 --- [           main] org.apache.spark.internal.Logging        : Registered BlockManager BlockManagerId(driver, host.docker.internal, 59263, None)
2022-08-01 17:32:16.036  INFO   57 --- [           main] org.apache.spark.internal.Logging        : Initialized BlockManager: BlockManagerId(driver, host.docker.internal, 59263, None)
2022-08-01 17:32:16.364  INFO  915 --- [           main] ject.jetty.server.handler.ContextHandler : Started o.s.j.s.ServletContextHandler@25c5e994{/metrics/json,null,AVAILABLE,@Spark}
2022-08-01 17:32:17.114  INFO   57 --- [streaming-start] org.apache.spark.internal.Logging        : Starting 1 receivers
2022-08-01 17:32:17.129  INFO   57 --- [streaming-start] org.apache.spark.internal.Logging        : ReceiverTracker started
2022-08-01 17:32:17.129  INFO   57 --- [streaming-start] org.apache.spark.internal.Logging        : Slide time = 1000 ms
2022-08-01 17:32:17.129  INFO   57 --- [streaming-start] org.apache.spark.internal.Logging        : Storage level = Serialized 1x Replicated
2022-08-01 17:32:17.129  INFO   57 --- [streaming-start] org.apache.spark.internal.Logging        : Checkpoint interval = null
2022-08-01 17:32:17.129  INFO   57 --- [streaming-start] org.apache.spark.internal.Logging        : Remember interval = 1000 ms
2022-08-01 17:32:17.145  INFO   57 --- [streaming-start] org.apache.spark.internal.Logging        : Initialized and validated org.apache.spark.streaming.dstream.PluggableInputDStream@5e0afe4d
2022-08-01 17:32:17.145  INFO   57 --- [streaming-start] org.apache.spark.internal.Logging        : Slide time = 1000 ms
2022-08-01 17:32:17.145  INFO   57 --- [streaming-start] org.apache.spark.internal.Logging        : Storage level = Serialized 1x Replicated
2022-08-01 17:32:17.145  INFO   57 --- [streaming-start] org.apache.spark.internal.Logging        : Checkpoint interval = null
2022-08-01 17:32:17.145  INFO   57 --- [streaming-start] org.apache.spark.internal.Logging        : Remember interval = 1000 ms
2022-08-01 17:32:17.145  INFO   57 --- [streaming-start] org.apache.spark.internal.Logging        : Initialized and validated org.apache.spark.streaming.dstream.MappedDStream@7f293e76
2022-08-01 17:32:17.145  INFO   57 --- [streaming-start] org.apache.spark.internal.Logging        : Slide time = 1000 ms
2022-08-01 17:32:17.145  INFO   57 --- [streaming-start] org.apache.spark.internal.Logging        : Storage level = Serialized 1x Replicated
2022-08-01 17:32:17.145  INFO   57 --- [streaming-start] org.apache.spark.internal.Logging        : Checkpoint interval = null
2022-08-01 17:32:17.145  INFO   57 --- [streaming-start] org.apache.spark.internal.Logging        : Remember interval = 1000 ms
2022-08-01 17:32:17.145  INFO   57 --- [streaming-start] org.apache.spark.internal.Logging        : Initialized and validated org.apache.spark.streaming.dstream.ForEachDStream@485bb9c9
2022-08-01 17:32:17.251  INFO   57 --- [streaming-start] org.apache.spark.internal.Logging        : Started timer for JobGenerator at time 1659371538000
2022-08-01 17:32:17.252  INFO   57 --- [streaming-start] org.apache.spark.internal.Logging        : Started JobGenerator at 1659371538000 ms
2022-08-01 17:32:17.255  INFO   57 --- [streaming-start] org.apache.spark.internal.Logging        : Started JobScheduler
2022-08-01 17:32:17.260  INFO  915 --- [           main] ject.jetty.server.handler.ContextHandler : Started o.s.j.s.ServletContextHandler@351e414e{/streaming,null,AVAILABLE,@Spark}
2022-08-01 17:32:17.261  INFO   57 --- [er-event-loop-3] org.apache.spark.internal.Logging        : Receiver 0 started
2022-08-01 17:32:17.262  INFO  915 --- [           main] ject.jetty.server.handler.ContextHandler : Started o.s.j.s.ServletContextHandler@5109e8cf{/streaming/json,null,AVAILABLE,@Spark}
2022-08-01 17:32:17.264  INFO  915 --- [           main] ject.jetty.server.handler.ContextHandler : Started o.s.j.s.ServletContextHandler@348d18a3{/streaming/batch,null,AVAILABLE,@Spark}
2022-08-01 17:32:17.266  INFO  915 --- [           main] ject.jetty.server.handler.ContextHandler : Started o.s.j.s.ServletContextHandler@2d000e80{/streaming/batch/json,null,AVAILABLE,@Spark}
2022-08-01 17:32:17.269  INFO  915 --- [           main] ject.jetty.server.handler.ContextHandler : Started o.s.j.s.ServletContextHandler@4d2a1da3{/static/streaming,null,AVAILABLE,@Spark}
2022-08-01 17:32:17.270  INFO   57 --- [           main] org.apache.spark.internal.Logging        : StreamingContext started
2022-08-01 17:32:17.278  INFO   57 --- [uler-event-loop] org.apache.spark.internal.Logging        : Got job 0 (start at Application.java:156) with 1 output partitions
2022-08-01 17:32:17.279  INFO   57 --- [uler-event-loop] org.apache.spark.internal.Logging        : Final stage: ResultStage 0 (start at Application.java:156)
2022-08-01 17:32:17.279  INFO   57 --- [uler-event-loop] org.apache.spark.internal.Logging        : Parents of final stage: List()
2022-08-01 17:32:17.281  INFO   57 --- [uler-event-loop] org.apache.spark.internal.Logging        : Missing parents: List()
2022-08-01 17:32:17.286  INFO   57 --- [uler-event-loop] org.apache.spark.internal.Logging        : Submitting ResultStage 0 (Receiver 0 ParallelCollectionRDD[0] at makeRDD at ReceiverTracker.scala:609), which has no missing parents
2022-08-01 17:32:17.501  INFO   57 --- [uler-event-loop] org.apache.spark.internal.Logging        : Block broadcast_0 stored as values in memory (estimated size 97.5 KiB, free 897.5 MiB)
2022-08-01 17:32:17.653  INFO   57 --- [uler-event-loop] org.apache.spark.internal.Logging        : Block broadcast_0_piece0 stored as bytes in memory (estimated size 34.2 KiB, free 897.5 MiB)
2022-08-01 17:32:17.657  INFO   57 --- [ckManagerMaster] org.apache.spark.internal.Logging        : Added broadcast_0_piece0 in memory on host.docker.internal:59263 (size: 34.2 KiB, free: 897.6 MiB)
2022-08-01 17:32:17.661  INFO   57 --- [uler-event-loop] org.apache.spark.internal.Logging        : Created broadcast 0 from broadcast at DAGScheduler.scala:1478
2022-08-01 17:32:17.679  INFO   57 --- [uler-event-loop] org.apache.spark.internal.Logging        : Submitting 1 missing tasks from ResultStage 0 (Receiver 0 ParallelCollectionRDD[0] at makeRDD at ReceiverTracker.scala:609) (first 15 tasks are for partitions Vector(0))
2022-08-01 17:32:17.680  INFO   57 --- [uler-event-loop] org.apache.spark.internal.Logging        : Adding task set 0.0 with 1 tasks resource profile 0
2022-08-01 17:32:17.780  INFO   57 --- [er-event-loop-0] org.apache.spark.internal.Logging        : Starting task 0.0 in stage 0.0 (TID 0) (host.docker.internal, executor driver, partition 0, PROCESS_LOCAL, 5950 bytes) taskResourceAssignments Map()
2022-08-01 17:32:17.815  INFO   57 --- [age 0.0 (TID 0)] org.apache.spark.internal.Logging        : Running task 0.0 in stage 0.0 (TID 0)
2022-08-01 17:32:18.065  INFO   57 --- [   JobGenerator] org.apache.spark.internal.Logging        : Added jobs for time 1659371538000 ms
2022-08-01 17:32:18.081  INFO   57 --- [   JobScheduler] org.apache.spark.internal.Logging        : Starting job streaming job 1659371538000 ms.0 from job set of time 1659371538000 ms
2022-08-01 17:32:18.142  INFO   57 --- [age 0.0 (TID 0)] org.apache.spark.internal.Logging        : Started timer for BlockGenerator at time 1659371538200
2022-08-01 17:32:18.144  INFO   57 --- [age 0.0 (TID 0)] org.apache.spark.internal.Logging        : Started BlockGenerator
2022-08-01 17:32:18.165  INFO   57 --- [er-event-loop-0] org.apache.spark.internal.Logging        : Registered receiver for stream 0 from host.docker.internal:59239
2022-08-01 17:32:18.171  INFO   57 --- [age 0.0 (TID 0)] org.apache.spark.internal.Logging        : Starting receiver 0
2022-08-01 17:32:18.173  INFO   57 --- [age 0.0 (TID 0)] org.apache.spark.internal.Logging        : Called receiver 0 onStart
2022-08-01 17:32:18.174  INFO   57 --- [age 0.0 (TID 0)] org.apache.spark.internal.Logging        : Waiting for receiver to be stopped
2022-08-01 17:32:18.179  INFO   57 --- [      Thread-14] org.apache.spark.internal.Logging        : Started block pushing thread
2022-08-01 17:32:18.197  WARN   69 --- [-job-executor-0] org.apache.spark.internal.Logging        : Using an existing SparkContext; some configuration may not take effect.
2022-08-01 17:32:19.005  INFO   57 --- [   JobGenerator] org.apache.spark.internal.Logging        : Added jobs for time 1659371539000 ms
2022-08-01 17:32:19.107  INFO   57 --- [-job-executor-0] org.apache.spark.internal.Logging        : Setting hive.metastore.warehouse.dir ('null') to the value of spark.sql.warehouse.dir.
2022-08-01 17:32:20.012  INFO   57 --- [   JobGenerator] org.apache.spark.internal.Logging        : Added jobs for time 1659371540000 ms
2022-08-01 17:32:20.348  INFO   57 --- [-job-executor-0] org.apache.spark.internal.Logging        : Warehouse path is 'file:/C:/IntelliJProjects/NifiSparkStreaming/spark-warehouse'.
2022-08-01 17:32:20.376  INFO  915 --- [-job-executor-0] ject.jetty.server.handler.ContextHandler : Started o.s.j.s.ServletContextHandler@75b7bd25{/SQL,null,AVAILABLE,@Spark}
2022-08-01 17:32:20.378  INFO  915 --- [-job-executor-0] ject.jetty.server.handler.ContextHandler : Started o.s.j.s.ServletContextHandler@10ad239d{/SQL/json,null,AVAILABLE,@Spark}
2022-08-01 17:32:20.380  INFO  915 --- [-job-executor-0] ject.jetty.server.handler.ContextHandler : Started o.s.j.s.ServletContextHandler@34e5089d{/SQL/execution,null,AVAILABLE,@Spark}
2022-08-01 17:32:20.381  INFO  915 --- [-job-executor-0] ject.jetty.server.handler.ContextHandler : Started o.s.j.s.ServletContextHandler@25f0ff1{/SQL/execution/json,null,AVAILABLE,@Spark}
2022-08-01 17:32:20.385  INFO  915 --- [-job-executor-0] ject.jetty.server.handler.ContextHandler : Started o.s.j.s.ServletContextHandler@6ead8ffd{/static/sql,null,AVAILABLE,@Spark}
2022-08-01 17:32:20.671  INFO  571 --- [ool Maintenance] g.apache.nifi.remote.client.PeerSelector : Successfully refreshed peer status cache; remote group consists of 1 peers
2022-08-01 17:32:20.671  INFO  571 --- [  NiFi Receiver] g.apache.nifi.remote.client.PeerSelector : Successfully refreshed peer status cache; remote group consists of 1 peers
2022-08-01 17:32:20.836  INFO   57 --- [  NiFi Receiver] org.apache.spark.internal.Logging        : Block input-0-1659371538132 stored as values in memory (estimated size 5.1 MiB, free 892.4 MiB)
2022-08-01 17:32:20.837  INFO   57 --- [ckManagerMaster] org.apache.spark.internal.Logging        : Added input-0-1659371538132 in memory on host.docker.internal:59263 (size: 5.1 MiB, free: 892.5 MiB)
2022-08-01 17:32:21.010  INFO   57 --- [   JobGenerator] org.apache.spark.internal.Logging        : Added jobs for time 1659371541000 ms
2022-08-01 17:32:22.003  INFO   57 --- [   JobGenerator] org.apache.spark.internal.Logging        : Added jobs for time 1659371542000 ms
2022-08-01 17:32:23.004  INFO   57 --- [   JobGenerator] org.apache.spark.internal.Logging        : Added jobs for time 1659371543000 ms
2022-08-01 17:32:24.003  INFO   57 --- [   JobGenerator] org.apache.spark.internal.Logging        : Added jobs for time 1659371544000 ms
2022-08-01 17:32:25.003  INFO   57 --- [   JobGenerator] org.apache.spark.internal.Logging        : Added jobs for time 1659371545000 ms
2022-08-01 17:32:25.915  INFO   57 --- [-job-executor-0] org.apache.spark.internal.Logging        : Code generated in 292.779 ms
2022-08-01 17:32:25.956  WARN   69 --- [-job-executor-0] org.apache.spark.internal.Logging        : Using an existing SparkSession; the static sql configurations will not take effect.
2022-08-01 17:32:25.957  WARN   69 --- [-job-executor-0] org.apache.spark.internal.Logging        : Using an existing SparkSession; some spark core configurations may not take effect.
2022-08-01 17:32:25.957  INFO   57 --- [   JobScheduler] org.apache.spark.internal.Logging        : Finished job streaming job 1659371538000 ms.0 from job set of time 1659371538000 ms
2022-08-01 17:32:25.965  INFO   57 --- [   JobScheduler] org.apache.spark.internal.Logging        : Total delay: 7.956 s for time 1659371538000 ms (execution: 7.877 s)
2022-08-01 17:32:25.965  INFO   57 --- [   JobScheduler] org.apache.spark.internal.Logging        : Starting job streaming job 1659371539000 ms.0 from job set of time 1659371539000 ms
2022-08-01 17:32:25.979  INFO   57 --- [   JobGenerator] org.apache.spark.internal.Logging        : Deleting batches: 
2022-08-01 17:32:25.982  INFO   57 --- [   JobGenerator] org.apache.spark.internal.Logging        : remove old batch metadata: 
2022-08-01 17:32:26.012  INFO   57 --- [   JobGenerator] org.apache.spark.internal.Logging        : Added jobs for time 1659371546000 ms
2022-08-01 17:32:26.062  INFO   57 --- [   JobScheduler] org.apache.spark.internal.Logging        : Finished job streaming job 1659371539000 ms.0 from job set of time 1659371539000 ms
2022-08-01 17:32:26.062  INFO   57 --- [   JobScheduler] org.apache.spark.internal.Logging        : Total delay: 7.062 s for time 1659371539000 ms (execution: 0.097 s)
2022-08-01 17:32:26.063  INFO   57 --- [   JobScheduler] org.apache.spark.internal.Logging        : Starting job streaming job 1659371540000 ms.0 from job set of time 1659371540000 ms
2022-08-01 17:32:26.066  INFO   57 --- [   JobGenerator] org.apache.spark.internal.Logging        : Removing RDD 2 from persistence list
2022-08-01 17:32:26.067  WARN   69 --- [-job-executor-0] org.apache.spark.internal.Logging        : Using an existing SparkSession; the static sql configurations will not take effect.
2022-08-01 17:32:26.068  WARN   69 --- [-job-executor-0] org.apache.spark.internal.Logging        : Using an existing SparkSession; some spark core configurations may not take effect.
2022-08-01 17:32:26.093  INFO   57 --- [   JobGenerator] org.apache.spark.internal.Logging        : Removing RDD 1 from persistence list
2022-08-01 17:32:26.095  INFO   57 --- [   JobGenerator] org.apache.spark.internal.Logging        : Removing blocks of RDD BlockRDD[1] at receiverStream at Application.java:122 of time 1659371539000 ms
2022-08-01 17:32:26.096  INFO   57 --- [   JobGenerator] org.apache.spark.internal.Logging        : Deleting batches: 
2022-08-01 17:32:26.098  INFO   57 --- [   JobGenerator] org.apache.spark.internal.Logging        : remove old batch metadata: 
2022-08-01 17:32:26.097  INFO   57 --- [c-thread-pool-0] org.apache.spark.internal.Logging        : Removing RDD 2
2022-08-01 17:32:26.097  INFO   57 --- [c-thread-pool-1] org.apache.spark.internal.Logging        : Removing RDD 1
2022-08-01 17:32:26.174  INFO   57 --- [   JobScheduler] org.apache.spark.internal.Logging        : Finished job streaming job 1659371540000 ms.0 from job set of time 1659371540000 ms
2022-08-01 17:32:26.175  INFO   57 --- [   JobScheduler] org.apache.spark.internal.Logging        : Total delay: 6.174 s for time 1659371540000 ms (execution: 0.111 s)
2022-08-01 17:32:26.176  INFO   57 --- [   JobGenerator] org.apache.spark.internal.Logging        : Removing RDD 6 from persistence list
2022-08-01 17:32:26.176  INFO   57 --- [   JobScheduler] org.apache.spark.internal.Logging        : Starting job streaming job 1659371541000 ms.0 from job set of time 1659371541000 ms
2022-08-01 17:32:26.177  INFO   57 --- [   JobGenerator] org.apache.spark.internal.Logging        : Removing RDD 5 from persistence list
2022-08-01 17:32:26.178  INFO   57 --- [c-thread-pool-6] org.apache.spark.internal.Logging        : Removing RDD 6
2022-08-01 17:32:26.182  INFO   57 --- [   JobGenerator] org.apache.spark.internal.Logging        : Removing blocks of RDD BlockRDD[5] at receiverStream at Application.java:122 of time 1659371540000 ms
2022-08-01 17:32:26.184  INFO   57 --- [   JobGenerator] org.apache.spark.internal.Logging        : Deleting batches: 1659371538000 ms
2022-08-01 17:32:26.184  INFO   57 --- [   JobGenerator] org.apache.spark.internal.Logging        : remove old batch metadata: 1659371538000 ms
2022-08-01 17:32:26.186  WARN   69 --- [-job-executor-0] org.apache.spark.internal.Logging        : Using an existing SparkSession; the static sql configurations will not take effect.
2022-08-01 17:32:26.186  WARN   69 --- [-job-executor-0] org.apache.spark.internal.Logging        : Using an existing SparkSession; some spark core configurations may not take effect.
2022-08-01 17:32:26.186  INFO   57 --- [c-thread-pool-9] org.apache.spark.internal.Logging        : Removing RDD 5
2022-08-01 17:32:26.286  INFO   57 --- [-job-executor-0] org.apache.spark.internal.Logging        : Starting job: show at Application.java:146
2022-08-01 17:32:26.290  INFO   57 --- [uler-event-loop] org.apache.spark.internal.Logging        : Got job 1 (show at Application.java:146) with 1 output partitions
2022-08-01 17:32:26.290  INFO   57 --- [uler-event-loop] org.apache.spark.internal.Logging        : Final stage: ResultStage 1 (show at Application.java:146)
2022-08-01 17:32:26.290  INFO   57 --- [uler-event-loop] org.apache.spark.internal.Logging        : Parents of final stage: List()
2022-08-01 17:32:26.291  INFO   57 --- [uler-event-loop] org.apache.spark.internal.Logging        : Missing parents: List()
2022-08-01 17:32:26.293  INFO   57 --- [uler-event-loop] org.apache.spark.internal.Logging        : Submitting ResultStage 1 (MapPartitionsRDD[34] at show at Application.java:146), which has no missing parents
2022-08-01 17:32:26.318  INFO   57 --- [uler-event-loop] org.apache.spark.internal.Logging        : Block broadcast_1 stored as values in memory (estimated size 12.9 KiB, free 892.4 MiB)
2022-08-01 17:32:26.321  INFO   57 --- [uler-event-loop] org.apache.spark.internal.Logging        : Block broadcast_1_piece0 stored as bytes in memory (estimated size 5.8 KiB, free 892.4 MiB)
2022-08-01 17:32:26.322  INFO   57 --- [ckManagerMaster] org.apache.spark.internal.Logging        : Added broadcast_1_piece0 in memory on host.docker.internal:59263 (size: 5.8 KiB, free: 892.5 MiB)
2022-08-01 17:32:26.322  INFO   57 --- [uler-event-loop] org.apache.spark.internal.Logging        : Created broadcast 1 from broadcast at DAGScheduler.scala:1478
2022-08-01 17:32:26.323  INFO   57 --- [uler-event-loop] org.apache.spark.internal.Logging        : Submitting 1 missing tasks from ResultStage 1 (MapPartitionsRDD[34] at show at Application.java:146) (first 15 tasks are for partitions Vector(0))
2022-08-01 17:32:26.324  INFO   57 --- [uler-event-loop] org.apache.spark.internal.Logging        : Adding task set 1.0 with 1 tasks resource profile 0
2022-08-01 17:32:26.327  INFO   57 --- [er-event-loop-2] org.apache.spark.internal.Logging        : Starting task 0.0 in stage 1.0 (TID 1) (host.docker.internal, executor driver, partition 0, PROCESS_LOCAL, 4394 bytes) taskResourceAssignments Map()
2022-08-01 17:32:26.329  INFO   57 --- [age 1.0 (TID 1)] org.apache.spark.internal.Logging        : Running task 0.0 in stage 1.0 (TID 1)
2022-08-01 17:32:26.659  INFO   57 --- [age 1.0 (TID 1)] org.apache.spark.internal.Logging        : Found block input-0-1659371538132 locally
2022-08-01 17:32:26.818  WARN   69 --- [tor-heartbeater] org.apache.spark.internal.Logging        : Exception when trying to compute pagesize, as a result reporting of ProcessTree metrics is stopped
2022-08-01 17:32:27.004  INFO   57 --- [   JobGenerator] org.apache.spark.internal.Logging        : Added jobs for time 1659371547000 ms
2022-08-01 17:32:27.447  INFO   57 --- [age 1.0 (TID 1)] org.apache.spark.internal.Logging        : 1 block locks were not released by task 0.0 in stage 1.0 (TID 1)
[input-0-1659371538132]
2022-08-01 17:32:27.455  INFO   57 --- [age 1.0 (TID 1)] org.apache.spark.internal.Logging        : Finished task 0.0 in stage 1.0 (TID 1). 2601 bytes result sent to driver
2022-08-01 17:32:27.463  INFO   57 --- [result-getter-0] org.apache.spark.internal.Logging        : Finished task 0.0 in stage 1.0 (TID 1) in 1137 ms on host.docker.internal (executor driver) (1/1)
2022-08-01 17:32:27.466  INFO   57 --- [result-getter-0] org.apache.spark.internal.Logging        : Removed TaskSet 1.0, whose tasks have all completed, from pool 
2022-08-01 17:32:27.471  INFO   57 --- [uler-event-loop] org.apache.spark.internal.Logging        : ResultStage 1 (show at Application.java:146) finished in 1.167 s
2022-08-01 17:32:27.476  INFO   57 --- [uler-event-loop] org.apache.spark.internal.Logging        : Job 1 is finished. Cancelling potential speculative or zombie tasks for this job
2022-08-01 17:32:27.477  INFO   57 --- [uler-event-loop] org.apache.spark.internal.Logging        : Killing all running tasks in stage 1: Stage finished
2022-08-01 17:32:27.479  INFO   57 --- [-job-executor-0] org.apache.spark.internal.Logging        : Job 1 finished: show at Application.java:146, took 1.191907 s
2022-08-01 17:32:27.580  INFO   57 --- [-job-executor-0] org.apache.spark.internal.Logging        : Code generated in 56.4303 ms
2022-08-01 17:32:27.608  INFO   57 --- [   JobScheduler] org.apache.spark.internal.Logging        : Finished job streaming job 1659371541000 ms.0 from job set of time 1659371541000 ms
2022-08-01 17:32:27.610  INFO   57 --- [   JobScheduler] org.apache.spark.internal.Logging        : Total delay: 6.608 s for time 1659371541000 ms (execution: 1.432 s)
2022-08-01 17:32:27.610  INFO   57 --- [   JobScheduler] org.apache.spark.internal.Logging        : Starting job streaming job 1659371542000 ms.0 from job set of time 1659371542000 ms
2022-08-01 17:32:27.613  WARN   69 --- [-job-executor-0] org.apache.spark.internal.Logging        : Using an existing SparkSession; the static sql configurations will not take effect.
2022-08-01 17:32:27.614  WARN   69 --- [-job-executor-0] org.apache.spark.internal.Logging        : Using an existing SparkSession; some spark core configurations may not take effect.
2022-08-01 17:32:27.613  INFO   57 --- [   JobGenerator] org.apache.spark.internal.Logging        : Removing RDD 8 from persistence list
2022-08-01 17:32:27.618  INFO   57 --- [   JobGenerator] org.apache.spark.internal.Logging        : Removing RDD 7 from persistence list
2022-08-01 17:32:27.621  INFO   57 --- [   JobGenerator] org.apache.spark.internal.Logging        : Removing blocks of RDD BlockRDD[7] at receiverStream at Application.java:122 of time 1659371541000 ms
2022-08-01 17:32:27.621  INFO   57 --- [   JobGenerator] org.apache.spark.internal.Logging        : Deleting batches: 1659371539000 ms
2022-08-01 17:32:27.623  INFO   57 --- [   JobGenerator] org.apache.spark.internal.Logging        : remove old batch metadata: 1659371539000 ms
2022-08-01 17:32:27.627  INFO   57 --- [-thread-pool-12] org.apache.spark.internal.Logging        : Removing RDD 8
2022-08-01 17:32:27.629  INFO   57 --- [-thread-pool-13] org.apache.spark.internal.Logging        : Removing RDD 7
2022-08-01 17:32:27.705  WARN   69 --- [-job-executor-0] org.apache.spark.internal.Logging        : Using an existing SparkSession; the static sql configurations will not take effect.
2022-08-01 17:32:27.705  WARN   69 --- [-job-executor-0] org.apache.spark.internal.Logging        : Using an existing SparkSession; some spark core configurations may not take effect.
2022-08-01 17:32:27.706  INFO   57 --- [   JobScheduler] org.apache.spark.internal.Logging        : Finished job streaming job 1659371542000 ms.0 from job set of time 1659371542000 ms
2022-08-01 17:32:27.707  INFO   57 --- [   JobScheduler] org.apache.spark.internal.Logging        : Total delay: 5.706 s for time 1659371542000 ms (execution: 0.096 s)
2022-08-01 17:32:27.708  INFO   57 --- [   JobScheduler] org.apache.spark.internal.Logging        : Starting job streaming job 1659371543000 ms.0 from job set of time 1659371543000 ms
2022-08-01 17:32:27.711  INFO   57 --- [   JobGenerator] org.apache.spark.internal.Logging        : Removing RDD 10 from persistence list
2022-08-01 17:32:27.716  INFO   57 --- [   JobGenerator] org.apache.spark.internal.Logging        : Removing RDD 9 from persistence list
2022-08-01 17:32:27.731  INFO   57 --- [   JobGenerator] org.apache.spark.internal.Logging        : Removing blocks of RDD BlockRDD[9] at receiverStream at Application.java:122 of time 1659371542000 ms
2022-08-01 17:32:27.740  INFO   57 --- [   JobGenerator] org.apache.spark.internal.Logging        : Deleting batches: 1659371540000 ms
2022-08-01 17:32:27.741  INFO   57 --- [   JobGenerator] org.apache.spark.internal.Logging        : remove old batch metadata: 1659371540000 ms
2022-08-01 17:32:27.751  INFO   57 --- [-thread-pool-18] org.apache.spark.internal.Logging        : Removing RDD 10
2022-08-01 17:32:27.760  INFO   57 --- [-thread-pool-19] org.apache.spark.internal.Logging        : Removing RDD 9
2022-08-01 17:32:27.808  INFO   57 --- [ckManagerMaster] org.apache.spark.internal.Logging        : Removed input-0-1659371538132 on host.docker.internal:59263 in memory (size: 5.1 MiB, free: 897.6 MiB)
2022-08-01 17:32:27.856  INFO   57 --- [   JobScheduler] org.apache.spark.internal.Logging        : Finished job streaming job 1659371543000 ms.0 from job set of time 1659371543000 ms
2022-08-01 17:32:27.858  INFO   57 --- [   JobScheduler] org.apache.spark.internal.Logging        : Total delay: 4.856 s for time 1659371543000 ms (execution: 0.149 s)
2022-08-01 17:32:27.858  INFO   57 --- [   JobScheduler] org.apache.spark.internal.Logging        : Starting job streaming job 1659371544000 ms.0 from job set of time 1659371544000 ms
2022-08-01 17:32:27.859  INFO   57 --- [   JobGenerator] org.apache.spark.internal.Logging        : Removing RDD 12 from persistence list
2022-08-01 17:32:27.861  INFO   57 --- [   JobGenerator] org.apache.spark.internal.Logging        : Removing RDD 11 from persistence list
2022-08-01 17:32:27.863  INFO   57 --- [   JobGenerator] org.apache.spark.internal.Logging        : Removing blocks of RDD BlockRDD[11] at receiverStream at Application.java:122 of time 1659371543000 ms
2022-08-01 17:32:27.864  INFO   57 --- [   JobGenerator] org.apache.spark.internal.Logging        : Deleting batches: 1659371541000 ms
2022-08-01 17:32:27.864  INFO   57 --- [   JobGenerator] org.apache.spark.internal.Logging        : remove old batch metadata: 1659371541000 ms
2022-08-01 17:32:27.865  INFO   57 --- [-thread-pool-27] org.apache.spark.internal.Logging        : Removing RDD 12
2022-08-01 17:32:27.865  INFO   57 --- [-thread-pool-28] org.apache.spark.internal.Logging        : Removing RDD 11
2022-08-01 17:32:27.868  WARN   69 --- [-job-executor-0] org.apache.spark.internal.Logging        : Using an existing SparkSession; the static sql configurations will not take effect.
2022-08-01 17:32:27.868  WARN   69 --- [-job-executor-0] org.apache.spark.internal.Logging        : Using an existing SparkSession; some spark core configurations may not take effect.
2022-08-01 17:32:27.946  INFO   57 --- [   JobScheduler] org.apache.spark.internal.Logging        : Finished job streaming job 1659371544000 ms.0 from job set of time 1659371544000 ms
2022-08-01 17:32:27.947  INFO   57 --- [   JobScheduler] org.apache.spark.internal.Logging        : Total delay: 3.946 s for time 1659371544000 ms (execution: 0.088 s)
2022-08-01 17:32:27.947  INFO   57 --- [   JobGenerator] org.apache.spark.internal.Logging        : Removing RDD 14 from persistence list
2022-08-01 17:32:27.948  INFO   57 --- [   JobScheduler] org.apache.spark.internal.Logging        : Starting job streaming job 1659371545000 ms.0 from job set of time 1659371545000 ms
2022-08-01 17:32:27.949  INFO   57 --- [   JobGenerator] org.apache.spark.internal.Logging        : Removing RDD 13 from persistence list
2022-08-01 17:32:27.951  INFO   57 --- [   JobGenerator] org.apache.spark.internal.Logging        : Removing blocks of RDD BlockRDD[13] at receiverStream at Application.java:122 of time 1659371544000 ms
2022-08-01 17:32:27.951  INFO   57 --- [   JobGenerator] org.apache.spark.internal.Logging        : Deleting batches: 1659371542000 ms
2022-08-01 17:32:27.951  INFO   57 --- [   JobGenerator] org.apache.spark.internal.Logging        : remove old batch metadata: 1659371542000 ms
2022-08-01 17:32:27.955  INFO   57 --- [-thread-pool-33] org.apache.spark.internal.Logging        : Removing RDD 14
2022-08-01 17:32:27.958  WARN   69 --- [-job-executor-0] org.apache.spark.internal.Logging        : Using an existing SparkSession; the static sql configurations will not take effect.
2022-08-01 17:32:27.959  WARN   69 --- [-job-executor-0] org.apache.spark.internal.Logging        : Using an existing SparkSession; some spark core configurations may not take effect.
2022-08-01 17:32:27.956  INFO   57 --- [-thread-pool-34] org.apache.spark.internal.Logging        : Removing RDD 13
2022-08-01 17:32:28.010  INFO   57 --- [   JobGenerator] org.apache.spark.internal.Logging        : Added jobs for time 1659371548000 ms
2022-08-01 17:32:28.050  INFO   57 --- [   JobScheduler] org.apache.spark.internal.Logging        : Finished job streaming job 1659371545000 ms.0 from job set of time 1659371545000 ms
2022-08-01 17:32:28.050  INFO   57 --- [   JobScheduler] org.apache.spark.internal.Logging        : Total delay: 3.050 s for time 1659371545000 ms (execution: 0.102 s)
2022-08-01 17:32:28.050  INFO   57 --- [   JobGenerator] org.apache.spark.internal.Logging        : Removing RDD 16 from persistence list
2022-08-01 17:32:28.051  INFO   57 --- [   JobScheduler] org.apache.spark.internal.Logging        : Starting job streaming job 1659371546000 ms.0 from job set of time 1659371546000 ms
2022-08-01 17:32:28.052  INFO   57 --- [   JobGenerator] org.apache.spark.internal.Logging        : Removing RDD 15 from persistence list
2022-08-01 17:32:28.052  INFO   57 --- [-thread-pool-39] org.apache.spark.internal.Logging        : Removing RDD 16
2022-08-01 17:32:28.054  INFO   57 --- [   JobGenerator] org.apache.spark.internal.Logging        : Removing blocks of RDD BlockRDD[15] at receiverStream at Application.java:122 of time 1659371545000 ms
2022-08-01 17:32:28.065  INFO   57 --- [   JobGenerator] org.apache.spark.internal.Logging        : Deleting batches: 1659371543000 ms
2022-08-01 17:32:28.065  INFO   57 --- [   JobGenerator] org.apache.spark.internal.Logging        : remove old batch metadata: 1659371543000 ms
2022-08-01 17:32:28.055  WARN   69 --- [-job-executor-0] org.apache.spark.internal.Logging        : Using an existing SparkSession; the static sql configurations will not take effect.
2022-08-01 17:32:28.067  WARN   69 --- [-job-executor-0] org.apache.spark.internal.Logging        : Using an existing SparkSession; some spark core configurations may not take effect.
2022-08-01 17:32:28.073  INFO   57 --- [-thread-pool-42] org.apache.spark.internal.Logging        : Removing RDD 15
2022-08-01 17:32:28.145  INFO   57 --- [   JobScheduler] org.apache.spark.internal.Logging        : Finished job streaming job 1659371546000 ms.0 from job set of time 1659371546000 ms
2022-08-01 17:32:28.147  INFO   57 --- [   JobScheduler] org.apache.spark.internal.Logging        : Total delay: 2.145 s for time 1659371546000 ms (execution: 0.095 s)
2022-08-01 17:32:28.150  INFO   57 --- [   JobGenerator] org.apache.spark.internal.Logging        : Removing RDD 18 from persistence list
2022-08-01 17:32:28.151  INFO   57 --- [   JobGenerator] org.apache.spark.internal.Logging        : Removing RDD 17 from persistence list
2022-08-01 17:32:28.153  INFO   57 --- [   JobGenerator] org.apache.spark.internal.Logging        : Removing blocks of RDD BlockRDD[17] at receiverStream at Application.java:122 of time 1659371546000 ms
2022-08-01 17:32:28.153  INFO   57 --- [   JobGenerator] org.apache.spark.internal.Logging        : Deleting batches: 1659371544000 ms
2022-08-01 17:32:28.154  INFO   57 --- [   JobGenerator] org.apache.spark.internal.Logging        : remove old batch metadata: 1659371544000 ms
2022-08-01 17:32:28.154  INFO   57 --- [   JobScheduler] org.apache.spark.internal.Logging        : Starting job streaming job 1659371547000 ms.0 from job set of time 1659371547000 ms
2022-08-01 17:32:28.165  WARN   69 --- [-job-executor-0] org.apache.spark.internal.Logging        : Using an existing SparkSession; the static sql configurations will not take effect.
2022-08-01 17:32:28.165  WARN   69 --- [-job-executor-0] org.apache.spark.internal.Logging        : Using an existing SparkSession; some spark core configurations may not take effect.
2022-08-01 17:32:28.195  INFO   57 --- [-thread-pool-45] org.apache.spark.internal.Logging        : Removing RDD 18
2022-08-01 17:32:28.196  INFO   57 --- [-thread-pool-46] org.apache.spark.internal.Logging        : Removing RDD 17
2022-08-01 17:32:28.287  INFO   57 --- [   JobScheduler] org.apache.spark.internal.Logging        : Finished job streaming job 1659371547000 ms.0 from job set of time 1659371547000 ms
2022-08-01 17:32:28.287  INFO   57 --- [   JobScheduler] org.apache.spark.internal.Logging        : Total delay: 1.286 s for time 1659371547000 ms (execution: 0.132 s)
2022-08-01 17:32:28.287  INFO   57 --- [   JobGenerator] org.apache.spark.internal.Logging        : Removing RDD 24 from persistence list
2022-08-01 17:32:28.288  INFO   57 --- [   JobScheduler] org.apache.spark.internal.Logging        : Starting job streaming job 1659371548000 ms.0 from job set of time 1659371548000 ms
2022-08-01 17:32:28.289  INFO   57 --- [   JobGenerator] org.apache.spark.internal.Logging        : Removing RDD 23 from persistence list
2022-08-01 17:32:28.290  INFO   57 --- [   JobGenerator] org.apache.spark.internal.Logging        : Removing blocks of RDD BlockRDD[23] at receiverStream at Application.java:122 of time 1659371547000 ms
2022-08-01 17:32:28.291  INFO   57 --- [   JobGenerator] org.apache.spark.internal.Logging        : Deleting batches: 1659371545000 ms
2022-08-01 17:32:28.291  INFO   57 --- [   JobGenerator] org.apache.spark.internal.Logging        : remove old batch metadata: 1659371545000 ms
2022-08-01 17:32:28.292  INFO   57 --- [-thread-pool-51] org.apache.spark.internal.Logging        : Removing RDD 24
2022-08-01 17:32:28.304  INFO   57 --- [-thread-pool-52] org.apache.spark.internal.Logging        : Removing RDD 23
2022-08-01 17:32:28.306  WARN   69 --- [-job-executor-0] org.apache.spark.internal.Logging        : Using an existing SparkSession; the static sql configurations will not take effect.
2022-08-01 17:32:28.306  WARN   69 --- [-job-executor-0] org.apache.spark.internal.Logging        : Using an existing SparkSession; some spark core configurations may not take effect.
2022-08-01 17:32:28.322  INFO   57 --- [ckManagerMaster] org.apache.spark.internal.Logging        : Removed broadcast_1_piece0 on host.docker.internal:59263 in memory (size: 5.8 KiB, free: 897.6 MiB)
2022-08-01 17:32:28.361  INFO   57 --- [   JobScheduler] org.apache.spark.internal.Logging        : Finished job streaming job 1659371548000 ms.0 from job set of time 1659371548000 ms
2022-08-01 17:32:28.362  INFO   57 --- [   JobScheduler] org.apache.spark.internal.Logging        : Total delay: 0.361 s for time 1659371548000 ms (execution: 0.073 s)
2022-08-01 17:32:28.362  INFO   57 --- [   JobGenerator] org.apache.spark.internal.Logging        : Removing RDD 36 from persistence list
2022-08-01 17:32:28.363  INFO   57 --- [   JobGenerator] org.apache.spark.internal.Logging        : Removing RDD 35 from persistence list
2022-08-01 17:32:28.363  INFO   57 --- [-thread-pool-60] org.apache.spark.internal.Logging        : Removing RDD 36
2022-08-01 17:32:28.364  INFO   57 --- [   JobGenerator] org.apache.spark.internal.Logging        : Removing blocks of RDD BlockRDD[35] at receiverStream at Application.java:122 of time 1659371548000 ms
2022-08-01 17:32:28.365  INFO   57 --- [-thread-pool-61] org.apache.spark.internal.Logging        : Removing RDD 35
2022-08-01 17:32:28.365  INFO   57 --- [   JobGenerator] org.apache.spark.internal.Logging        : Deleting batches: 1659371546000 ms
2022-08-01 17:32:28.366  INFO   57 --- [   JobGenerator] org.apache.spark.internal.Logging        : remove old batch metadata: 1659371546000 ms
2022-08-01 17:32:28.685  INFO   57 --- [shutdown-hook-0] org.apache.spark.internal.Logging        : Invoking stop(stopGracefully=false) from shutdown hook
2022-08-01 17:32:28.693  INFO   57 --- [er-event-loop-3] org.apache.spark.internal.Logging        : Sent stop signal to all 1 receivers
2022-08-01 17:32:28.695  INFO   57 --- [er-event-loop-0] org.apache.spark.internal.Logging        : Received stop signal
2022-08-01 17:32:28.696  INFO   57 --- [er-event-loop-0] org.apache.spark.internal.Logging        : Stopping receiver with message: Stopped by driver: 
2022-08-01 17:32:28.696  INFO   57 --- [er-event-loop-0] org.apache.spark.internal.Logging        : Called receiver onStop
2022-08-01 17:32:28.696  INFO   57 --- [er-event-loop-0] org.apache.spark.internal.Logging        : Deregistering receiver 0
2022-08-01 17:32:28.699  ERROR   73 --- [er-event-loop-1] org.apache.spark.internal.Logging        : Deregistered receiver for stream 0: Stopped by driver
2022-08-01 17:32:28.699  INFO   57 --- [er-event-loop-0] org.apache.spark.internal.Logging        : Stopped receiver 0
2022-08-01 17:32:28.701  INFO   57 --- [er-event-loop-0] org.apache.spark.internal.Logging        : Stopping BlockGenerator
2022-08-01 17:32:29.014  INFO   57 --- [er-event-loop-0] org.apache.spark.internal.Logging        : Stopped timer for BlockGenerator after time 1659371549000
2022-08-01 17:32:29.015  INFO   57 --- [er-event-loop-0] org.apache.spark.internal.Logging        : Waiting for block pushing thread to terminate
2022-08-01 17:32:29.016  INFO   57 --- [   JobGenerator] org.apache.spark.internal.Logging        : Added jobs for time 1659371549000 ms
2022-08-01 17:32:29.017  INFO   57 --- [   JobScheduler] org.apache.spark.internal.Logging        : Starting job streaming job 1659371549000 ms.0 from job set of time 1659371549000 ms
2022-08-01 17:32:29.019  WARN   69 --- [-job-executor-0] org.apache.spark.internal.Logging        : Using an existing SparkSession; the static sql configurations will not take effect.
2022-08-01 17:32:29.019  WARN   69 --- [-job-executor-0] org.apache.spark.internal.Logging        : Using an existing SparkSession; some spark core configurations may not take effect.
2022-08-01 17:32:29.022  INFO   57 --- [      Thread-14] org.apache.spark.internal.Logging        : Pushing out the last 0 blocks
2022-08-01 17:32:29.023  INFO   57 --- [      Thread-14] org.apache.spark.internal.Logging        : Stopped block pushing thread
2022-08-01 17:32:29.024  INFO   57 --- [er-event-loop-0] org.apache.spark.internal.Logging        : Stopped BlockGenerator
2022-08-01 17:32:29.028  INFO   57 --- [age 0.0 (TID 0)] org.apache.spark.internal.Logging        : Stopped receiver without error
2022-08-01 17:32:29.033  INFO   57 --- [age 0.0 (TID 0)] org.apache.spark.internal.Logging        : Finished task 0.0 in stage 0.0 (TID 0). 923 bytes result sent to driver
2022-08-01 17:32:29.039  INFO   57 --- [result-getter-1] org.apache.spark.internal.Logging        : Finished task 0.0 in stage 0.0 (TID 0) in 11290 ms on host.docker.internal (executor driver) (1/1)
2022-08-01 17:32:29.040  INFO   57 --- [result-getter-1] org.apache.spark.internal.Logging        : Removed TaskSet 0.0, whose tasks have all completed, from pool 
2022-08-01 17:32:29.044  INFO   57 --- [uler-event-loop] org.apache.spark.internal.Logging        : ResultStage 0 (start at Application.java:156) finished in 11.737 s
2022-08-01 17:32:29.045  INFO   57 --- [uler-event-loop] org.apache.spark.internal.Logging        : Job 0 is finished. Cancelling potential speculative or zombie tasks for this job
2022-08-01 17:32:29.045  INFO   57 --- [uler-event-loop] org.apache.spark.internal.Logging        : Killing all running tasks in stage 0: Stage finished
2022-08-01 17:32:29.053  INFO   57 --- [shutdown-hook-0] org.apache.spark.internal.Logging        : All of the receivers have deregistered successfully
2022-08-01 17:32:29.054  INFO   57 --- [shutdown-hook-0] org.apache.spark.internal.Logging        : ReceiverTracker stopped
2022-08-01 17:32:29.057  INFO   57 --- [shutdown-hook-0] org.apache.spark.internal.Logging        : Stopping JobGenerator immediately
2022-08-01 17:32:29.059  INFO   57 --- [shutdown-hook-0] org.apache.spark.internal.Logging        : Stopped timer for JobGenerator after time 1659371549000
2022-08-01 17:32:29.059  INFO   57 --- [shutdown-hook-0] org.apache.spark.internal.Logging        : Stopped JobGenerator
2022-08-01 17:32:29.075  INFO   57 --- [   JobScheduler] org.apache.spark.internal.Logging        : Finished job streaming job 1659371549000 ms.0 from job set of time 1659371549000 ms
2022-08-01 17:32:29.090  INFO   57 --- [   JobScheduler] org.apache.spark.internal.Logging        : Total delay: 0.075 s for time 1659371549000 ms (execution: 0.059 s)
2022-08-01 17:32:29.090  INFO   57 --- [shutdown-hook-0] org.apache.spark.internal.Logging        : Stopped JobScheduler
2022-08-01 17:32:29.090  INFO 1153 --- [shutdown-hook-0] ject.jetty.server.handler.ContextHandler : Stopped o.s.j.s.ServletContextHandler@351e414e{/streaming,null,STOPPED,@Spark}
2022-08-01 17:32:29.106  INFO 1153 --- [shutdown-hook-0] ject.jetty.server.handler.ContextHandler : Stopped o.s.j.s.ServletContextHandler@5109e8cf{/streaming/json,null,STOPPED,@Spark}
2022-08-01 17:32:29.106  INFO 1153 --- [shutdown-hook-0] ject.jetty.server.handler.ContextHandler : Stopped o.s.j.s.ServletContextHandler@348d18a3{/streaming/batch,null,STOPPED,@Spark}
2022-08-01 17:32:29.106  INFO 1153 --- [shutdown-hook-0] ject.jetty.server.handler.ContextHandler : Stopped o.s.j.s.ServletContextHandler@2d000e80{/streaming/batch/json,null,STOPPED,@Spark}
2022-08-01 17:32:29.106  INFO 1153 --- [shutdown-hook-0] ject.jetty.server.handler.ContextHandler : Stopped o.s.j.s.ServletContextHandler@4d2a1da3{/static/streaming,null,STOPPED,@Spark}
2022-08-01 17:32:29.106  INFO  167 --- [           main] com.elite.cdr.validator.Application      : ****************************************************
2022-08-01 17:32:29.106  INFO  168 --- [           main] com.elite.cdr.validator.Application      : Duration: 0.0 seconds
2022-08-01 17:32:29.106  INFO  169 --- [           main] com.elite.cdr.validator.Application      : Batch executed with success
2022-08-01 17:32:29.106  INFO   57 --- [shutdown-hook-0] org.apache.spark.internal.Logging        : StreamingContext stopped successfully
2022-08-01 17:32:29.106  INFO  170 --- [           main] com.elite.cdr.validator.Application      : ****************************************************
2022-08-01 17:32:29.106  INFO   57 --- [shutdown-hook-0] org.apache.spark.internal.Logging        : Invoking stop() from shutdown hook
2022-08-01 17:32:29.121  INFO  381 --- [shutdown-hook-0] rkproject.jetty.server.AbstractConnector : Stopped Spark@7caa550{HTTP/1.1, (http/1.1)}{0.0.0.0:4040}
2022-08-01 17:32:29.121  INFO   57 --- [shutdown-hook-0] org.apache.spark.internal.Logging        : Stopped Spark web UI at http://host.docker.internal:4040
2022-08-01 17:32:29.137  INFO   57 --- [er-event-loop-1] org.apache.spark.internal.Logging        : MapOutputTrackerMasterEndpoint stopped!
2022-08-01 17:32:29.153  INFO   57 --- [shutdown-hook-0] org.apache.spark.internal.Logging        : MemoryStore cleared
2022-08-01 17:32:29.168  INFO   57 --- [shutdown-hook-0] org.apache.spark.internal.Logging        : BlockManager stopped
2022-08-01 17:32:29.168  INFO   57 --- [shutdown-hook-0] org.apache.spark.internal.Logging        : BlockManagerMaster stopped
2022-08-01 17:32:29.168  INFO   57 --- [er-event-loop-2] org.apache.spark.internal.Logging        : OutputCommitCoordinator stopped!
2022-08-01 17:32:29.184  INFO   57 --- [shutdown-hook-0] org.apache.spark.internal.Logging        : Successfully stopped SparkContext
2022-08-01 17:32:29.184  INFO   57 --- [shutdown-hook-0] org.apache.spark.internal.Logging        : Shutdown hook called
2022-08-01 17:32:29.184  INFO   57 --- [shutdown-hook-0] org.apache.spark.internal.Logging        : Deleting directory C:\Users\Wael Hamdi\AppData\Local\Temp\spark-2f79f30a-13f9-47cc-bfb2-575f1202519b
