2022-08-02 17:37:29.972  INFO   53 --- [           main] com.elite.cdr.validator.Application      : Starting ASN1 Reader 
2022-08-02 17:37:29.972  INFO   55 --- [           main] com.elite.cdr.validator.Application      : ############### Run with the args [--env, local, --file, src/main/resources/data/simpleTypes.ber, --prop, src/main/resources/myapp.properties]
2022-08-02 17:37:30.050  INFO   61 --- [           main] com.elite.cdr.validator.Application      : ############### Run in local mode
2022-08-02 17:37:32.052  INFO   57 --- [           main] org.apache.spark.internal.Logging        : Running Spark version 3.2.1
2022-08-02 17:37:32.523  INFO   57 --- [           main] org.apache.spark.internal.Logging        : ==============================================================
2022-08-02 17:37:32.528  INFO   57 --- [           main] org.apache.spark.internal.Logging        : No custom resources configured for spark.driver.
2022-08-02 17:37:32.529  INFO   57 --- [           main] org.apache.spark.internal.Logging        : ==============================================================
2022-08-02 17:37:32.530  INFO   57 --- [           main] org.apache.spark.internal.Logging        : Submitted application: NiFi Spark Streaming example
2022-08-02 17:37:32.615  INFO   57 --- [           main] org.apache.spark.internal.Logging        : Default ResourceProfile created, executor resources: Map(cores -> name: cores, amount: 1, script: , vendor: , memory -> name: memory, amount: 1024, script: , vendor: , offHeap -> name: offHeap, amount: 0, script: , vendor: ), task resources: Map(cpus -> name: cpus, amount: 1.0)
2022-08-02 17:37:32.645  INFO   57 --- [           main] org.apache.spark.internal.Logging        : Limiting resource is cpu
2022-08-02 17:37:32.661  INFO   57 --- [           main] org.apache.spark.internal.Logging        : Added ResourceProfile id: 0
2022-08-02 17:37:33.175  INFO   57 --- [           main] org.apache.spark.internal.Logging        : Changing view acls to: Wael Hamdi
2022-08-02 17:37:33.175  INFO   57 --- [           main] org.apache.spark.internal.Logging        : Changing modify acls to: Wael Hamdi
2022-08-02 17:37:33.175  INFO   57 --- [           main] org.apache.spark.internal.Logging        : Changing view acls groups to: 
2022-08-02 17:37:33.190  INFO   57 --- [           main] org.apache.spark.internal.Logging        : Changing modify acls groups to: 
2022-08-02 17:37:33.190  INFO   57 --- [           main] org.apache.spark.internal.Logging        : SecurityManager: authentication disabled; ui acls disabled; users  with view permissions: Set(Wael Hamdi); groups with view permissions: Set(); users  with modify permissions: Set(Wael Hamdi); groups with modify permissions: Set()
2022-08-02 17:37:35.708  INFO   57 --- [           main] org.apache.spark.internal.Logging        : Successfully started service 'sparkDriver' on port 64713.
2022-08-02 17:37:35.739  INFO   57 --- [           main] org.apache.spark.internal.Logging        : Registering MapOutputTracker
2022-08-02 17:37:35.786  INFO   57 --- [           main] org.apache.spark.internal.Logging        : Registering BlockManagerMaster
2022-08-02 17:37:35.817  INFO   57 --- [           main] org.apache.spark.internal.Logging        : Using org.apache.spark.storage.DefaultTopologyMapper for getting topology information
2022-08-02 17:37:35.817  INFO   57 --- [           main] org.apache.spark.internal.Logging        : BlockManagerMasterEndpoint up
2022-08-02 17:37:35.817  INFO   57 --- [           main] org.apache.spark.internal.Logging        : Registering BlockManagerMasterHeartbeat
2022-08-02 17:37:35.849  INFO   57 --- [           main] org.apache.spark.internal.Logging        : Created local directory at C:\Users\Wael Hamdi\AppData\Local\Temp\blockmgr-a52624f1-d2c3-45d2-9614-cb26d9d76f7e
2022-08-02 17:37:35.889  INFO   57 --- [           main] org.apache.spark.internal.Logging        : MemoryStore started with capacity 897.6 MiB
2022-08-02 17:37:35.905  INFO   57 --- [           main] org.apache.spark.internal.Logging        : Registering OutputCommitCoordinator
2022-08-02 17:37:36.030  INFO  170 --- [           main] org.sparkproject.jetty.util.log.Log      : Logging initialized @7101ms to org.sparkproject.jetty.util.log.Slf4jLog
2022-08-02 17:37:36.124  INFO  375 --- [           main] org.sparkproject.jetty.server.Server     : jetty-9.4.43.v20210629; built: 2021-06-30T11:07:22.254Z; git: 526006ecfa3af7f1a27ef3a288e2bef7ea9dd7e8; jvm 1.8.0_301-b09
2022-08-02 17:37:36.155  INFO  415 --- [           main] org.sparkproject.jetty.server.Server     : Started @7230ms
2022-08-02 17:37:36.202  INFO  331 --- [           main] rkproject.jetty.server.AbstractConnector : Started ServerConnector@476aac9{HTTP/1.1, (http/1.1)}{0.0.0.0:4040}
2022-08-02 17:37:36.202  INFO   57 --- [           main] org.apache.spark.internal.Logging        : Successfully started service 'SparkUI' on port 4040.
2022-08-02 17:37:36.233  INFO  915 --- [           main] ject.jetty.server.handler.ContextHandler : Started o.s.j.s.ServletContextHandler@4152d38d{/jobs,null,AVAILABLE,@Spark}
2022-08-02 17:37:36.233  INFO  915 --- [           main] ject.jetty.server.handler.ContextHandler : Started o.s.j.s.ServletContextHandler@532721fd{/jobs/json,null,AVAILABLE,@Spark}
2022-08-02 17:37:36.233  INFO  915 --- [           main] ject.jetty.server.handler.ContextHandler : Started o.s.j.s.ServletContextHandler@7fb9f71f{/jobs/job,null,AVAILABLE,@Spark}
2022-08-02 17:37:36.249  INFO  915 --- [           main] ject.jetty.server.handler.ContextHandler : Started o.s.j.s.ServletContextHandler@514eedd8{/jobs/job/json,null,AVAILABLE,@Spark}
2022-08-02 17:37:36.249  INFO  915 --- [           main] ject.jetty.server.handler.ContextHandler : Started o.s.j.s.ServletContextHandler@6970140a{/stages,null,AVAILABLE,@Spark}
2022-08-02 17:37:36.249  INFO  915 --- [           main] ject.jetty.server.handler.ContextHandler : Started o.s.j.s.ServletContextHandler@3af4e0bf{/stages/json,null,AVAILABLE,@Spark}
2022-08-02 17:37:36.249  INFO  915 --- [           main] ject.jetty.server.handler.ContextHandler : Started o.s.j.s.ServletContextHandler@4d63b624{/stages/stage,null,AVAILABLE,@Spark}
2022-08-02 17:37:36.249  INFO  915 --- [           main] ject.jetty.server.handler.ContextHandler : Started o.s.j.s.ServletContextHandler@7e1a1da6{/stages/stage/json,null,AVAILABLE,@Spark}
2022-08-02 17:37:36.249  INFO  915 --- [           main] ject.jetty.server.handler.ContextHandler : Started o.s.j.s.ServletContextHandler@407cf41{/stages/pool,null,AVAILABLE,@Spark}
2022-08-02 17:37:36.249  INFO  915 --- [           main] ject.jetty.server.handler.ContextHandler : Started o.s.j.s.ServletContextHandler@46cc127b{/stages/pool/json,null,AVAILABLE,@Spark}
2022-08-02 17:37:36.249  INFO  915 --- [           main] ject.jetty.server.handler.ContextHandler : Started o.s.j.s.ServletContextHandler@5aceec94{/storage,null,AVAILABLE,@Spark}
2022-08-02 17:37:36.249  INFO  915 --- [           main] ject.jetty.server.handler.ContextHandler : Started o.s.j.s.ServletContextHandler@3a4b0e5d{/storage/json,null,AVAILABLE,@Spark}
2022-08-02 17:37:36.249  INFO  915 --- [           main] ject.jetty.server.handler.ContextHandler : Started o.s.j.s.ServletContextHandler@3d3f761a{/storage/rdd,null,AVAILABLE,@Spark}
2022-08-02 17:37:36.249  INFO  915 --- [           main] ject.jetty.server.handler.ContextHandler : Started o.s.j.s.ServletContextHandler@579d011c{/storage/rdd/json,null,AVAILABLE,@Spark}
2022-08-02 17:37:36.264  INFO  915 --- [           main] ject.jetty.server.handler.ContextHandler : Started o.s.j.s.ServletContextHandler@452e26d0{/environment,null,AVAILABLE,@Spark}
2022-08-02 17:37:36.264  INFO  915 --- [           main] ject.jetty.server.handler.ContextHandler : Started o.s.j.s.ServletContextHandler@790174f2{/environment/json,null,AVAILABLE,@Spark}
2022-08-02 17:37:36.264  INFO  915 --- [           main] ject.jetty.server.handler.ContextHandler : Started o.s.j.s.ServletContextHandler@7689ddef{/executors,null,AVAILABLE,@Spark}
2022-08-02 17:37:36.264  INFO  915 --- [           main] ject.jetty.server.handler.ContextHandler : Started o.s.j.s.ServletContextHandler@1a2e2935{/executors/json,null,AVAILABLE,@Spark}
2022-08-02 17:37:36.264  INFO  915 --- [           main] ject.jetty.server.handler.ContextHandler : Started o.s.j.s.ServletContextHandler@4b629f13{/executors/threadDump,null,AVAILABLE,@Spark}
2022-08-02 17:37:36.264  INFO  915 --- [           main] ject.jetty.server.handler.ContextHandler : Started o.s.j.s.ServletContextHandler@1b9ea3e3{/executors/threadDump/json,null,AVAILABLE,@Spark}
2022-08-02 17:37:36.280  INFO  915 --- [           main] ject.jetty.server.handler.ContextHandler : Started o.s.j.s.ServletContextHandler@55e7a35c{/static,null,AVAILABLE,@Spark}
2022-08-02 17:37:36.280  INFO  915 --- [           main] ject.jetty.server.handler.ContextHandler : Started o.s.j.s.ServletContextHandler@21ca139c{/,null,AVAILABLE,@Spark}
2022-08-02 17:37:36.280  INFO  915 --- [           main] ject.jetty.server.handler.ContextHandler : Started o.s.j.s.ServletContextHandler@2cd2c8fe{/api,null,AVAILABLE,@Spark}
2022-08-02 17:37:36.280  INFO  915 --- [           main] ject.jetty.server.handler.ContextHandler : Started o.s.j.s.ServletContextHandler@1a6f2363{/jobs/job/kill,null,AVAILABLE,@Spark}
2022-08-02 17:37:36.280  INFO  915 --- [           main] ject.jetty.server.handler.ContextHandler : Started o.s.j.s.ServletContextHandler@5ebd56e9{/stages/stage/kill,null,AVAILABLE,@Spark}
2022-08-02 17:37:36.280  INFO   57 --- [           main] org.apache.spark.internal.Logging        : Bound SparkUI to 0.0.0.0, and started at http://host.docker.internal:4040
2022-08-02 17:37:36.577  INFO   57 --- [           main] org.apache.spark.internal.Logging        : Starting executor ID driver on host host.docker.internal
2022-08-02 17:37:36.639  INFO   57 --- [           main] org.apache.spark.internal.Logging        : Successfully started service 'org.apache.spark.network.netty.NettyBlockTransferService' on port 64737.
2022-08-02 17:37:36.639  INFO   82 --- [           main] .network.netty.NettyBlockTransferService : Server created on host.docker.internal:64737
2022-08-02 17:37:36.639  INFO   57 --- [           main] org.apache.spark.internal.Logging        : Using org.apache.spark.storage.RandomBlockReplicationPolicy for block replication policy
2022-08-02 17:37:36.639  INFO   57 --- [           main] org.apache.spark.internal.Logging        : Registering BlockManager BlockManagerId(driver, host.docker.internal, 64737, None)
2022-08-02 17:37:36.655  INFO   57 --- [ckManagerMaster] org.apache.spark.internal.Logging        : Registering block manager host.docker.internal:64737 with 897.6 MiB RAM, BlockManagerId(driver, host.docker.internal, 64737, None)
2022-08-02 17:37:36.655  INFO   57 --- [           main] org.apache.spark.internal.Logging        : Registered BlockManager BlockManagerId(driver, host.docker.internal, 64737, None)
2022-08-02 17:37:36.655  INFO   57 --- [           main] org.apache.spark.internal.Logging        : Initialized BlockManager: BlockManagerId(driver, host.docker.internal, 64737, None)
2022-08-02 17:37:36.971  INFO  915 --- [           main] ject.jetty.server.handler.ContextHandler : Started o.s.j.s.ServletContextHandler@45f24169{/metrics/json,null,AVAILABLE,@Spark}
2022-08-02 17:37:37.771  INFO   57 --- [streaming-start] org.apache.spark.internal.Logging        : Starting 1 receivers
2022-08-02 17:37:37.771  INFO   57 --- [streaming-start] org.apache.spark.internal.Logging        : ReceiverTracker started
2022-08-02 17:37:37.786  INFO   57 --- [streaming-start] org.apache.spark.internal.Logging        : Slide time = 1000 ms
2022-08-02 17:37:37.786  INFO   57 --- [streaming-start] org.apache.spark.internal.Logging        : Storage level = Serialized 1x Replicated
2022-08-02 17:37:37.786  INFO   57 --- [streaming-start] org.apache.spark.internal.Logging        : Checkpoint interval = null
2022-08-02 17:37:37.786  INFO   57 --- [streaming-start] org.apache.spark.internal.Logging        : Remember interval = 1000 ms
2022-08-02 17:37:37.786  INFO   57 --- [streaming-start] org.apache.spark.internal.Logging        : Initialized and validated org.apache.spark.streaming.dstream.PluggableInputDStream@7b4b94a8
2022-08-02 17:37:37.786  INFO   57 --- [streaming-start] org.apache.spark.internal.Logging        : Slide time = 1000 ms
2022-08-02 17:37:37.786  INFO   57 --- [streaming-start] org.apache.spark.internal.Logging        : Storage level = Serialized 1x Replicated
2022-08-02 17:37:37.786  INFO   57 --- [streaming-start] org.apache.spark.internal.Logging        : Checkpoint interval = null
2022-08-02 17:37:37.786  INFO   57 --- [streaming-start] org.apache.spark.internal.Logging        : Remember interval = 1000 ms
2022-08-02 17:37:37.786  INFO   57 --- [streaming-start] org.apache.spark.internal.Logging        : Initialized and validated org.apache.spark.streaming.dstream.MappedDStream@3475ff81
2022-08-02 17:37:37.786  INFO   57 --- [streaming-start] org.apache.spark.internal.Logging        : Slide time = 1000 ms
2022-08-02 17:37:37.786  INFO   57 --- [streaming-start] org.apache.spark.internal.Logging        : Storage level = Serialized 1x Replicated
2022-08-02 17:37:37.786  INFO   57 --- [streaming-start] org.apache.spark.internal.Logging        : Checkpoint interval = null
2022-08-02 17:37:37.786  INFO   57 --- [streaming-start] org.apache.spark.internal.Logging        : Remember interval = 1000 ms
2022-08-02 17:37:37.786  INFO   57 --- [streaming-start] org.apache.spark.internal.Logging        : Initialized and validated org.apache.spark.streaming.dstream.ForEachDStream@2cbbd58a
2022-08-02 17:37:37.925  INFO   57 --- [er-event-loop-3] org.apache.spark.internal.Logging        : Receiver 0 started
2022-08-02 17:37:37.928  INFO   57 --- [streaming-start] org.apache.spark.internal.Logging        : Started timer for JobGenerator at time 1659458258000
2022-08-02 17:37:37.929  INFO   57 --- [streaming-start] org.apache.spark.internal.Logging        : Started JobGenerator at 1659458258000 ms
2022-08-02 17:37:37.932  INFO   57 --- [streaming-start] org.apache.spark.internal.Logging        : Started JobScheduler
2022-08-02 17:37:37.937  INFO  915 --- [           main] ject.jetty.server.handler.ContextHandler : Started o.s.j.s.ServletContextHandler@23811a09{/streaming,null,AVAILABLE,@Spark}
2022-08-02 17:37:37.939  INFO  915 --- [           main] ject.jetty.server.handler.ContextHandler : Started o.s.j.s.ServletContextHandler@7a5b769b{/streaming/json,null,AVAILABLE,@Spark}
2022-08-02 17:37:37.945  INFO  915 --- [           main] ject.jetty.server.handler.ContextHandler : Started o.s.j.s.ServletContextHandler@7a7d1b47{/streaming/batch,null,AVAILABLE,@Spark}
2022-08-02 17:37:37.946  INFO   57 --- [uler-event-loop] org.apache.spark.internal.Logging        : Got job 0 (start at Application.java:206) with 1 output partitions
2022-08-02 17:37:37.948  INFO   57 --- [uler-event-loop] org.apache.spark.internal.Logging        : Final stage: ResultStage 0 (start at Application.java:206)
2022-08-02 17:37:37.947  INFO  915 --- [           main] ject.jetty.server.handler.ContextHandler : Started o.s.j.s.ServletContextHandler@4a8df3e2{/streaming/batch/json,null,AVAILABLE,@Spark}
2022-08-02 17:37:37.949  INFO   57 --- [uler-event-loop] org.apache.spark.internal.Logging        : Parents of final stage: List()
2022-08-02 17:37:37.950  INFO  915 --- [           main] ject.jetty.server.handler.ContextHandler : Started o.s.j.s.ServletContextHandler@25c53f74{/static/streaming,null,AVAILABLE,@Spark}
2022-08-02 17:37:37.951  INFO   57 --- [           main] org.apache.spark.internal.Logging        : StreamingContext started
2022-08-02 17:37:37.952  INFO   57 --- [uler-event-loop] org.apache.spark.internal.Logging        : Missing parents: List()
2022-08-02 17:37:37.960  INFO   57 --- [uler-event-loop] org.apache.spark.internal.Logging        : Submitting ResultStage 0 (Receiver 0 ParallelCollectionRDD[0] at makeRDD at ReceiverTracker.scala:609), which has no missing parents
2022-08-02 17:37:38.123  INFO   57 --- [   JobGenerator] org.apache.spark.internal.Logging        : Added jobs for time 1659458258000 ms
2022-08-02 17:37:38.131  INFO   57 --- [   JobScheduler] org.apache.spark.internal.Logging        : Starting job streaming job 1659458258000 ms.0 from job set of time 1659458258000 ms
2022-08-02 17:37:38.217  WARN   69 --- [-job-executor-0] org.apache.spark.internal.Logging        : Using an existing SparkContext; some configuration may not take effect.
2022-08-02 17:37:38.249  INFO   57 --- [uler-event-loop] org.apache.spark.internal.Logging        : Block broadcast_0 stored as values in memory (estimated size 97.5 KiB, free 897.5 MiB)
2022-08-02 17:37:38.396  INFO   57 --- [uler-event-loop] org.apache.spark.internal.Logging        : Block broadcast_0_piece0 stored as bytes in memory (estimated size 34.2 KiB, free 897.5 MiB)
2022-08-02 17:37:38.401  INFO   57 --- [ckManagerMaster] org.apache.spark.internal.Logging        : Added broadcast_0_piece0 in memory on host.docker.internal:64737 (size: 34.2 KiB, free: 897.6 MiB)
2022-08-02 17:37:38.405  INFO   57 --- [uler-event-loop] org.apache.spark.internal.Logging        : Created broadcast 0 from broadcast at DAGScheduler.scala:1478
2022-08-02 17:37:38.427  INFO   57 --- [uler-event-loop] org.apache.spark.internal.Logging        : Submitting 1 missing tasks from ResultStage 0 (Receiver 0 ParallelCollectionRDD[0] at makeRDD at ReceiverTracker.scala:609) (first 15 tasks are for partitions Vector(0))
2022-08-02 17:37:38.428  INFO   57 --- [uler-event-loop] org.apache.spark.internal.Logging        : Adding task set 0.0 with 1 tasks resource profile 0
2022-08-02 17:37:38.602  INFO   57 --- [er-event-loop-0] org.apache.spark.internal.Logging        : Starting task 0.0 in stage 0.0 (TID 0) (host.docker.internal, executor driver, partition 0, PROCESS_LOCAL, 5950 bytes) taskResourceAssignments Map()
2022-08-02 17:37:38.664  INFO   57 --- [age 0.0 (TID 0)] org.apache.spark.internal.Logging        : Running task 0.0 in stage 0.0 (TID 0)
2022-08-02 17:37:38.950  INFO   57 --- [-job-executor-0] org.apache.spark.internal.Logging        : Setting hive.metastore.warehouse.dir ('null') to the value of spark.sql.warehouse.dir.
2022-08-02 17:37:39.114  INFO   57 --- [   JobGenerator] org.apache.spark.internal.Logging        : Added jobs for time 1659458259000 ms
2022-08-02 17:37:39.183  INFO   57 --- [age 0.0 (TID 0)] org.apache.spark.internal.Logging        : Started timer for BlockGenerator at time 1659458259200
2022-08-02 17:37:39.185  INFO   57 --- [age 0.0 (TID 0)] org.apache.spark.internal.Logging        : Started BlockGenerator
2022-08-02 17:37:39.185  INFO   57 --- [      Thread-14] org.apache.spark.internal.Logging        : Started block pushing thread
2022-08-02 17:37:39.199  INFO   57 --- [er-event-loop-0] org.apache.spark.internal.Logging        : Registered receiver for stream 0 from host.docker.internal:64713
2022-08-02 17:37:39.201  INFO   57 --- [age 0.0 (TID 0)] org.apache.spark.internal.Logging        : Starting receiver 0
2022-08-02 17:37:39.203  INFO   57 --- [age 0.0 (TID 0)] org.apache.spark.internal.Logging        : Called receiver 0 onStart
2022-08-02 17:37:39.203  INFO   57 --- [age 0.0 (TID 0)] org.apache.spark.internal.Logging        : Waiting for receiver to be stopped
2022-08-02 17:37:39.984  INFO   57 --- [-job-executor-0] org.apache.spark.internal.Logging        : Warehouse path is 'file:/C:/IntelliJProjects/NifiSparkStreaming/spark-warehouse'.
2022-08-02 17:37:40.004  INFO   57 --- [   JobGenerator] org.apache.spark.internal.Logging        : Added jobs for time 1659458260000 ms
2022-08-02 17:37:40.009  INFO  915 --- [-job-executor-0] ject.jetty.server.handler.ContextHandler : Started o.s.j.s.ServletContextHandler@71494c03{/SQL,null,AVAILABLE,@Spark}
2022-08-02 17:37:40.012  INFO  915 --- [-job-executor-0] ject.jetty.server.handler.ContextHandler : Started o.s.j.s.ServletContextHandler@1417fc26{/SQL/json,null,AVAILABLE,@Spark}
2022-08-02 17:37:40.013  INFO  915 --- [-job-executor-0] ject.jetty.server.handler.ContextHandler : Started o.s.j.s.ServletContextHandler@5c405b58{/SQL/execution,null,AVAILABLE,@Spark}
2022-08-02 17:37:40.015  INFO  915 --- [-job-executor-0] ject.jetty.server.handler.ContextHandler : Started o.s.j.s.ServletContextHandler@1a02aafd{/SQL/execution/json,null,AVAILABLE,@Spark}
2022-08-02 17:37:40.018  INFO  915 --- [-job-executor-0] ject.jetty.server.handler.ContextHandler : Started o.s.j.s.ServletContextHandler@7709977a{/static/sql,null,AVAILABLE,@Spark}
2022-08-02 17:37:40.780  INFO  571 --- [ool Maintenance] g.apache.nifi.remote.client.PeerSelector : Successfully refreshed peer status cache; remote group consists of 1 peers
2022-08-02 17:37:40.824  INFO  571 --- [  NiFi Receiver] g.apache.nifi.remote.client.PeerSelector : Successfully refreshed peer status cache; remote group consists of 1 peers
2022-08-02 17:37:40.991  INFO   57 --- [  NiFi Receiver] org.apache.spark.internal.Logging        : Block input-0-1659458259165 stored as values in memory (estimated size 5.1 MiB, free 892.4 MiB)
2022-08-02 17:37:40.992  INFO   57 --- [ckManagerMaster] org.apache.spark.internal.Logging        : Added input-0-1659458259165 in memory on host.docker.internal:64737 (size: 5.1 MiB, free: 892.5 MiB)
2022-08-02 17:37:41.006  INFO   57 --- [   JobGenerator] org.apache.spark.internal.Logging        : Added jobs for time 1659458261000 ms
2022-08-02 17:37:42.007  INFO   57 --- [   JobGenerator] org.apache.spark.internal.Logging        : Added jobs for time 1659458262000 ms
2022-08-02 17:37:43.010  INFO   57 --- [   JobGenerator] org.apache.spark.internal.Logging        : Added jobs for time 1659458263000 ms
2022-08-02 17:37:44.114  INFO   57 --- [   JobGenerator] org.apache.spark.internal.Logging        : Added jobs for time 1659458264000 ms
2022-08-02 17:37:45.034  INFO   57 --- [   JobGenerator] org.apache.spark.internal.Logging        : Added jobs for time 1659458265000 ms
2022-08-02 17:37:46.008  INFO   57 --- [   JobGenerator] org.apache.spark.internal.Logging        : Added jobs for time 1659458266000 ms
2022-08-02 17:37:47.002  INFO   57 --- [   JobGenerator] org.apache.spark.internal.Logging        : Added jobs for time 1659458267000 ms
2022-08-02 17:37:47.298  INFO   57 --- [-job-executor-0] org.apache.spark.internal.Logging        : Code generated in 338.5551 ms
2022-08-02 17:37:47.581  INFO   57 --- [-job-executor-0] org.apache.spark.internal.Logging        : Code generated in 34.724 ms
2022-08-02 17:37:47.657  INFO   57 --- [-job-executor-0] org.apache.spark.internal.Logging        : Code generated in 25.7239 ms
2022-08-02 17:37:47.720  INFO   57 --- [-job-executor-0] org.apache.spark.internal.Logging        : Starting job: count at Application.java:181
2022-08-02 17:37:47.727  INFO   57 --- [uler-event-loop] org.apache.spark.internal.Logging        : Registering RDD 26 (count at Application.java:181) as input to shuffle 0
2022-08-02 17:37:47.734  INFO   57 --- [uler-event-loop] org.apache.spark.internal.Logging        : Got job 1 (count at Application.java:181) with 1 output partitions
2022-08-02 17:37:47.734  INFO   57 --- [uler-event-loop] org.apache.spark.internal.Logging        : Final stage: ResultStage 2 (count at Application.java:181)
2022-08-02 17:37:47.734  INFO   57 --- [uler-event-loop] org.apache.spark.internal.Logging        : Parents of final stage: List(ShuffleMapStage 1)
2022-08-02 17:37:47.736  INFO   57 --- [uler-event-loop] org.apache.spark.internal.Logging        : Missing parents: List()
2022-08-02 17:37:47.737  INFO   57 --- [uler-event-loop] org.apache.spark.internal.Logging        : Submitting ResultStage 2 (MapPartitionsRDD[29] at count at Application.java:181), which has no missing parents
2022-08-02 17:37:47.746  INFO   57 --- [uler-event-loop] org.apache.spark.internal.Logging        : Block broadcast_1 stored as values in memory (estimated size 11.0 KiB, free 892.4 MiB)
2022-08-02 17:37:47.860  INFO   57 --- [uler-event-loop] org.apache.spark.internal.Logging        : Block broadcast_1_piece0 stored as bytes in memory (estimated size 5.4 KiB, free 892.4 MiB)
2022-08-02 17:37:47.863  INFO   57 --- [ckManagerMaster] org.apache.spark.internal.Logging        : Added broadcast_1_piece0 in memory on host.docker.internal:64737 (size: 5.4 KiB, free: 892.5 MiB)
2022-08-02 17:37:47.866  INFO   57 --- [uler-event-loop] org.apache.spark.internal.Logging        : Created broadcast 1 from broadcast at DAGScheduler.scala:1478
2022-08-02 17:37:47.869  INFO   57 --- [uler-event-loop] org.apache.spark.internal.Logging        : Submitting 1 missing tasks from ResultStage 2 (MapPartitionsRDD[29] at count at Application.java:181) (first 15 tasks are for partitions Vector(0))
2022-08-02 17:37:47.870  INFO   57 --- [uler-event-loop] org.apache.spark.internal.Logging        : Adding task set 2.0 with 1 tasks resource profile 0
2022-08-02 17:37:47.879  INFO   57 --- [er-event-loop-2] org.apache.spark.internal.Logging        : Starting task 0.0 in stage 2.0 (TID 1) (host.docker.internal, executor driver, partition 0, PROCESS_LOCAL, 4453 bytes) taskResourceAssignments Map()
2022-08-02 17:37:47.884  INFO   57 --- [age 2.0 (TID 1)] org.apache.spark.internal.Logging        : Running task 0.0 in stage 2.0 (TID 1)
2022-08-02 17:37:48.004  INFO   57 --- [   JobGenerator] org.apache.spark.internal.Logging        : Added jobs for time 1659458268000 ms
2022-08-02 17:37:48.130  INFO   57 --- [age 2.0 (TID 1)] org.apache.spark.internal.Logging        : Getting 0 (0.0 B) non-empty blocks including 0 (0.0 B) local and 0 (0.0 B) host-local and 0 (0.0 B) push-merged-local and 0 (0.0 B) remote blocks
2022-08-02 17:37:48.138  INFO   57 --- [age 2.0 (TID 1)] org.apache.spark.internal.Logging        : Started 0 remote fetches in 19 ms
2022-08-02 17:37:48.167  INFO   57 --- [age 2.0 (TID 1)] org.apache.spark.internal.Logging        : Finished task 0.0 in stage 2.0 (TID 1). 2684 bytes result sent to driver
2022-08-02 17:37:48.178  INFO   57 --- [result-getter-0] org.apache.spark.internal.Logging        : Finished task 0.0 in stage 2.0 (TID 1) in 302 ms on host.docker.internal (executor driver) (1/1)
2022-08-02 17:37:48.181  INFO   57 --- [result-getter-0] org.apache.spark.internal.Logging        : Removed TaskSet 2.0, whose tasks have all completed, from pool 
2022-08-02 17:37:48.191  INFO   57 --- [uler-event-loop] org.apache.spark.internal.Logging        : ResultStage 2 (count at Application.java:181) finished in 0.445 s
2022-08-02 17:37:48.197  INFO   57 --- [uler-event-loop] org.apache.spark.internal.Logging        : Job 1 is finished. Cancelling potential speculative or zombie tasks for this job
2022-08-02 17:37:48.197  INFO   57 --- [uler-event-loop] org.apache.spark.internal.Logging        : Killing all running tasks in stage 2: Stage finished
2022-08-02 17:37:48.200  INFO   57 --- [-job-executor-0] org.apache.spark.internal.Logging        : Job 1 finished: count at Application.java:181, took 0.478974 s
2022-08-02 17:37:48.210  INFO   57 --- [   JobScheduler] org.apache.spark.internal.Logging        : Finished job streaming job 1659458258000 ms.0 from job set of time 1659458258000 ms
2022-08-02 17:37:48.212  INFO   57 --- [   JobScheduler] org.apache.spark.internal.Logging        : Total delay: 10.210 s for time 1659458258000 ms (execution: 10.080 s)
2022-08-02 17:37:48.213  INFO   57 --- [   JobScheduler] org.apache.spark.internal.Logging        : Starting job streaming job 1659458259000 ms.0 from job set of time 1659458259000 ms
2022-08-02 17:37:48.216  WARN   69 --- [-job-executor-0] org.apache.spark.internal.Logging        : Using an existing SparkSession; the static sql configurations will not take effect.
2022-08-02 17:37:48.217  WARN   69 --- [-job-executor-0] org.apache.spark.internal.Logging        : Using an existing SparkSession; some spark core configurations may not take effect.
2022-08-02 17:37:48.223  INFO   57 --- [   JobGenerator] org.apache.spark.internal.Logging        : Deleting batches: 
2022-08-02 17:37:48.227  INFO   57 --- [   JobGenerator] org.apache.spark.internal.Logging        : remove old batch metadata: 
2022-08-02 17:37:48.403  INFO   57 --- [-job-executor-0] org.apache.spark.internal.Logging        : Starting job: count at Application.java:181
2022-08-02 17:37:48.407  INFO   57 --- [uler-event-loop] org.apache.spark.internal.Logging        : Registering RDD 37 (count at Application.java:181) as input to shuffle 1
2022-08-02 17:37:48.407  INFO   57 --- [uler-event-loop] org.apache.spark.internal.Logging        : Got job 2 (count at Application.java:181) with 1 output partitions
2022-08-02 17:37:48.408  INFO   57 --- [uler-event-loop] org.apache.spark.internal.Logging        : Final stage: ResultStage 4 (count at Application.java:181)
2022-08-02 17:37:48.408  INFO   57 --- [uler-event-loop] org.apache.spark.internal.Logging        : Parents of final stage: List(ShuffleMapStage 3)
2022-08-02 17:37:48.408  INFO   57 --- [uler-event-loop] org.apache.spark.internal.Logging        : Missing parents: List()
2022-08-02 17:37:48.409  INFO   57 --- [uler-event-loop] org.apache.spark.internal.Logging        : Submitting ResultStage 4 (MapPartitionsRDD[40] at count at Application.java:181), which has no missing parents
2022-08-02 17:37:48.415  INFO   57 --- [uler-event-loop] org.apache.spark.internal.Logging        : Block broadcast_2 stored as values in memory (estimated size 11.0 KiB, free 892.4 MiB)
2022-08-02 17:37:48.418  INFO   57 --- [uler-event-loop] org.apache.spark.internal.Logging        : Block broadcast_2_piece0 stored as bytes in memory (estimated size 5.4 KiB, free 892.4 MiB)
2022-08-02 17:37:48.782  INFO   57 --- [ckManagerMaster] org.apache.spark.internal.Logging        : Added broadcast_2_piece0 in memory on host.docker.internal:64737 (size: 5.4 KiB, free: 892.5 MiB)
2022-08-02 17:37:48.784  INFO   57 --- [uler-event-loop] org.apache.spark.internal.Logging        : Created broadcast 2 from broadcast at DAGScheduler.scala:1478
2022-08-02 17:37:48.785  INFO   57 --- [uler-event-loop] org.apache.spark.internal.Logging        : Submitting 1 missing tasks from ResultStage 4 (MapPartitionsRDD[40] at count at Application.java:181) (first 15 tasks are for partitions Vector(0))
2022-08-02 17:37:48.785  INFO   57 --- [uler-event-loop] org.apache.spark.internal.Logging        : Adding task set 4.0 with 1 tasks resource profile 0
2022-08-02 17:37:48.788  INFO   57 --- [er-event-loop-1] org.apache.spark.internal.Logging        : Starting task 0.0 in stage 4.0 (TID 2) (host.docker.internal, executor driver, partition 0, PROCESS_LOCAL, 4453 bytes) taskResourceAssignments Map()
2022-08-02 17:37:48.789  INFO   57 --- [age 4.0 (TID 2)] org.apache.spark.internal.Logging        : Running task 0.0 in stage 4.0 (TID 2)
2022-08-02 17:37:48.797  INFO   57 --- [age 4.0 (TID 2)] org.apache.spark.internal.Logging        : Getting 0 (0.0 B) non-empty blocks including 0 (0.0 B) local and 0 (0.0 B) host-local and 0 (0.0 B) push-merged-local and 0 (0.0 B) remote blocks
2022-08-02 17:37:48.797  INFO   57 --- [age 4.0 (TID 2)] org.apache.spark.internal.Logging        : Started 0 remote fetches in 1 ms
2022-08-02 17:37:48.800  INFO   57 --- [age 4.0 (TID 2)] org.apache.spark.internal.Logging        : Finished task 0.0 in stage 4.0 (TID 2). 2598 bytes result sent to driver
2022-08-02 17:37:48.805  INFO   57 --- [result-getter-1] org.apache.spark.internal.Logging        : Finished task 0.0 in stage 4.0 (TID 2) in 18 ms on host.docker.internal (executor driver) (1/1)
2022-08-02 17:37:48.806  INFO   57 --- [result-getter-1] org.apache.spark.internal.Logging        : Removed TaskSet 4.0, whose tasks have all completed, from pool 
2022-08-02 17:37:48.807  INFO   57 --- [uler-event-loop] org.apache.spark.internal.Logging        : ResultStage 4 (count at Application.java:181) finished in 0.396 s
2022-08-02 17:37:48.808  INFO   57 --- [uler-event-loop] org.apache.spark.internal.Logging        : Job 2 is finished. Cancelling potential speculative or zombie tasks for this job
2022-08-02 17:37:48.809  INFO   57 --- [uler-event-loop] org.apache.spark.internal.Logging        : Killing all running tasks in stage 4: Stage finished
2022-08-02 17:37:48.809  INFO   57 --- [-job-executor-0] org.apache.spark.internal.Logging        : Job 2 finished: count at Application.java:181, took 0.405291 s
2022-08-02 17:37:48.811  INFO   57 --- [   JobScheduler] org.apache.spark.internal.Logging        : Finished job streaming job 1659458259000 ms.0 from job set of time 1659458259000 ms
2022-08-02 17:37:48.812  INFO   57 --- [   JobScheduler] org.apache.spark.internal.Logging        : Total delay: 9.811 s for time 1659458259000 ms (execution: 0.599 s)
2022-08-02 17:37:48.812  INFO   57 --- [   JobScheduler] org.apache.spark.internal.Logging        : Starting job streaming job 1659458260000 ms.0 from job set of time 1659458260000 ms
2022-08-02 17:37:48.815  WARN   69 --- [-job-executor-0] org.apache.spark.internal.Logging        : Using an existing SparkSession; the static sql configurations will not take effect.
2022-08-02 17:37:48.816  WARN   69 --- [-job-executor-0] org.apache.spark.internal.Logging        : Using an existing SparkSession; some spark core configurations may not take effect.
2022-08-02 17:37:48.818  INFO   57 --- [   JobGenerator] org.apache.spark.internal.Logging        : Removing RDD 2 from persistence list
2022-08-02 17:37:48.853  INFO   57 --- [   JobGenerator] org.apache.spark.internal.Logging        : Removing RDD 1 from persistence list
2022-08-02 17:37:48.857  INFO   57 --- [   JobGenerator] org.apache.spark.internal.Logging        : Removing blocks of RDD BlockRDD[1] at receiverStream at Application.java:127 of time 1659458259000 ms
2022-08-02 17:37:48.859  INFO   57 --- [   JobGenerator] org.apache.spark.internal.Logging        : Deleting batches: 
2022-08-02 17:37:48.859  INFO   57 --- [   JobGenerator] org.apache.spark.internal.Logging        : remove old batch metadata: 
2022-08-02 17:37:48.860  INFO   57 --- [c-thread-pool-0] org.apache.spark.internal.Logging        : Removing RDD 2
2022-08-02 17:37:48.859  INFO   57 --- [c-thread-pool-1] org.apache.spark.internal.Logging        : Removing RDD 1
2022-08-02 17:37:49.003  INFO   57 --- [   JobGenerator] org.apache.spark.internal.Logging        : Added jobs for time 1659458269000 ms
2022-08-02 17:37:49.004  INFO   57 --- [-job-executor-0] org.apache.spark.internal.Logging        : Starting job: count at Application.java:181
2022-08-02 17:37:49.010  INFO   57 --- [uler-event-loop] org.apache.spark.internal.Logging        : Registering RDD 46 (count at Application.java:181) as input to shuffle 2
2022-08-02 17:37:49.011  INFO   57 --- [uler-event-loop] org.apache.spark.internal.Logging        : Got job 3 (count at Application.java:181) with 1 output partitions
2022-08-02 17:37:49.012  INFO   57 --- [uler-event-loop] org.apache.spark.internal.Logging        : Final stage: ResultStage 6 (count at Application.java:181)
2022-08-02 17:37:49.012  INFO   57 --- [uler-event-loop] org.apache.spark.internal.Logging        : Parents of final stage: List(ShuffleMapStage 5)
2022-08-02 17:37:49.013  INFO   57 --- [uler-event-loop] org.apache.spark.internal.Logging        : Missing parents: List()
2022-08-02 17:37:49.014  INFO   57 --- [uler-event-loop] org.apache.spark.internal.Logging        : Submitting ResultStage 6 (MapPartitionsRDD[49] at count at Application.java:181), which has no missing parents
2022-08-02 17:37:49.018  INFO   57 --- [uler-event-loop] org.apache.spark.internal.Logging        : Block broadcast_3 stored as values in memory (estimated size 11.0 KiB, free 892.3 MiB)
2022-08-02 17:37:49.034  INFO   57 --- [uler-event-loop] org.apache.spark.internal.Logging        : Block broadcast_3_piece0 stored as bytes in memory (estimated size 5.4 KiB, free 892.3 MiB)
2022-08-02 17:37:49.035  INFO   57 --- [ckManagerMaster] org.apache.spark.internal.Logging        : Added broadcast_3_piece0 in memory on host.docker.internal:64737 (size: 5.4 KiB, free: 892.5 MiB)
2022-08-02 17:37:49.041  INFO   57 --- [uler-event-loop] org.apache.spark.internal.Logging        : Created broadcast 3 from broadcast at DAGScheduler.scala:1478
2022-08-02 17:37:49.044  INFO   57 --- [uler-event-loop] org.apache.spark.internal.Logging        : Submitting 1 missing tasks from ResultStage 6 (MapPartitionsRDD[49] at count at Application.java:181) (first 15 tasks are for partitions Vector(0))
2022-08-02 17:37:49.045  INFO   57 --- [uler-event-loop] org.apache.spark.internal.Logging        : Adding task set 6.0 with 1 tasks resource profile 0
2022-08-02 17:37:49.047  INFO   57 --- [er-event-loop-0] org.apache.spark.internal.Logging        : Starting task 0.0 in stage 6.0 (TID 3) (host.docker.internal, executor driver, partition 0, PROCESS_LOCAL, 4453 bytes) taskResourceAssignments Map()
2022-08-02 17:37:49.048  INFO   57 --- [age 6.0 (TID 3)] org.apache.spark.internal.Logging        : Running task 0.0 in stage 6.0 (TID 3)
2022-08-02 17:37:49.062  INFO   57 --- [age 6.0 (TID 3)] org.apache.spark.internal.Logging        : Getting 0 (0.0 B) non-empty blocks including 0 (0.0 B) local and 0 (0.0 B) host-local and 0 (0.0 B) push-merged-local and 0 (0.0 B) remote blocks
2022-08-02 17:37:49.062  INFO   57 --- [age 6.0 (TID 3)] org.apache.spark.internal.Logging        : Started 0 remote fetches in 1 ms
2022-08-02 17:37:49.065  INFO   57 --- [age 6.0 (TID 3)] org.apache.spark.internal.Logging        : Finished task 0.0 in stage 6.0 (TID 3). 2555 bytes result sent to driver
2022-08-02 17:37:49.075  INFO   57 --- [result-getter-2] org.apache.spark.internal.Logging        : Finished task 0.0 in stage 6.0 (TID 3) in 28 ms on host.docker.internal (executor driver) (1/1)
2022-08-02 17:37:49.076  INFO   57 --- [result-getter-2] org.apache.spark.internal.Logging        : Removed TaskSet 6.0, whose tasks have all completed, from pool 
2022-08-02 17:37:49.077  INFO   57 --- [uler-event-loop] org.apache.spark.internal.Logging        : ResultStage 6 (count at Application.java:181) finished in 0.061 s
2022-08-02 17:37:49.079  INFO   57 --- [uler-event-loop] org.apache.spark.internal.Logging        : Job 3 is finished. Cancelling potential speculative or zombie tasks for this job
2022-08-02 17:37:49.079  INFO   57 --- [uler-event-loop] org.apache.spark.internal.Logging        : Killing all running tasks in stage 6: Stage finished
2022-08-02 17:37:49.080  INFO   57 --- [-job-executor-0] org.apache.spark.internal.Logging        : Job 3 finished: count at Application.java:181, took 0.074976 s
2022-08-02 17:37:49.091  INFO   57 --- [   JobScheduler] org.apache.spark.internal.Logging        : Finished job streaming job 1659458260000 ms.0 from job set of time 1659458260000 ms
2022-08-02 17:37:49.093  INFO   57 --- [   JobScheduler] org.apache.spark.internal.Logging        : Total delay: 9.091 s for time 1659458260000 ms (execution: 0.279 s)
2022-08-02 17:37:49.094  INFO   57 --- [   JobScheduler] org.apache.spark.internal.Logging        : Starting job streaming job 1659458261000 ms.0 from job set of time 1659458261000 ms
2022-08-02 17:37:49.094  INFO   57 --- [   JobGenerator] org.apache.spark.internal.Logging        : Removing RDD 6 from persistence list
2022-08-02 17:37:49.091  WARN   69 --- [-job-executor-0] org.apache.spark.internal.Logging        : Using an existing SparkSession; the static sql configurations will not take effect.
2022-08-02 17:37:49.095  WARN   69 --- [-job-executor-0] org.apache.spark.internal.Logging        : Using an existing SparkSession; some spark core configurations may not take effect.
2022-08-02 17:37:49.096  INFO   57 --- [   JobGenerator] org.apache.spark.internal.Logging        : Removing RDD 5 from persistence list
2022-08-02 17:37:49.099  INFO   57 --- [   JobGenerator] org.apache.spark.internal.Logging        : Removing blocks of RDD BlockRDD[5] at receiverStream at Application.java:127 of time 1659458260000 ms
2022-08-02 17:37:49.118  INFO   57 --- [   JobGenerator] org.apache.spark.internal.Logging        : Deleting batches: 1659458258000 ms
2022-08-02 17:37:49.118  INFO   57 --- [   JobGenerator] org.apache.spark.internal.Logging        : remove old batch metadata: 1659458258000 ms
2022-08-02 17:37:49.126  INFO   57 --- [c-thread-pool-6] org.apache.spark.internal.Logging        : Removing RDD 6
2022-08-02 17:37:49.127  INFO   57 --- [c-thread-pool-7] org.apache.spark.internal.Logging        : Removing RDD 5
2022-08-02 17:37:49.267  INFO   57 --- [-job-executor-0] org.apache.spark.internal.Logging        : Starting job: count at Application.java:181
2022-08-02 17:37:49.268  INFO   57 --- [uler-event-loop] org.apache.spark.internal.Logging        : Registering RDD 57 (count at Application.java:181) as input to shuffle 3
2022-08-02 17:37:49.269  INFO   57 --- [uler-event-loop] org.apache.spark.internal.Logging        : Got job 4 (count at Application.java:181) with 1 output partitions
2022-08-02 17:37:49.269  INFO   57 --- [uler-event-loop] org.apache.spark.internal.Logging        : Final stage: ResultStage 8 (count at Application.java:181)
2022-08-02 17:37:49.269  INFO   57 --- [uler-event-loop] org.apache.spark.internal.Logging        : Parents of final stage: List(ShuffleMapStage 7)
2022-08-02 17:37:49.270  INFO   57 --- [uler-event-loop] org.apache.spark.internal.Logging        : Missing parents: List()
2022-08-02 17:37:49.274  INFO   57 --- [uler-event-loop] org.apache.spark.internal.Logging        : Submitting ResultStage 8 (MapPartitionsRDD[60] at count at Application.java:181), which has no missing parents
2022-08-02 17:37:49.282  INFO   57 --- [uler-event-loop] org.apache.spark.internal.Logging        : Block broadcast_4 stored as values in memory (estimated size 11.0 KiB, free 892.3 MiB)
2022-08-02 17:37:49.285  INFO   57 --- [uler-event-loop] org.apache.spark.internal.Logging        : Block broadcast_4_piece0 stored as bytes in memory (estimated size 5.4 KiB, free 892.3 MiB)
2022-08-02 17:37:49.287  INFO   57 --- [ckManagerMaster] org.apache.spark.internal.Logging        : Added broadcast_4_piece0 in memory on host.docker.internal:64737 (size: 5.4 KiB, free: 892.5 MiB)
2022-08-02 17:37:49.290  INFO   57 --- [uler-event-loop] org.apache.spark.internal.Logging        : Created broadcast 4 from broadcast at DAGScheduler.scala:1478
2022-08-02 17:37:49.292  INFO   57 --- [uler-event-loop] org.apache.spark.internal.Logging        : Submitting 1 missing tasks from ResultStage 8 (MapPartitionsRDD[60] at count at Application.java:181) (first 15 tasks are for partitions Vector(0))
2022-08-02 17:37:49.293  INFO   57 --- [uler-event-loop] org.apache.spark.internal.Logging        : Adding task set 8.0 with 1 tasks resource profile 0
2022-08-02 17:37:49.295  INFO   57 --- [er-event-loop-3] org.apache.spark.internal.Logging        : Starting task 0.0 in stage 8.0 (TID 4) (host.docker.internal, executor driver, partition 0, PROCESS_LOCAL, 4453 bytes) taskResourceAssignments Map()
2022-08-02 17:37:49.296  INFO   57 --- [age 8.0 (TID 4)] org.apache.spark.internal.Logging        : Running task 0.0 in stage 8.0 (TID 4)
2022-08-02 17:37:49.311  INFO   57 --- [age 8.0 (TID 4)] org.apache.spark.internal.Logging        : Getting 0 (0.0 B) non-empty blocks including 0 (0.0 B) local and 0 (0.0 B) host-local and 0 (0.0 B) push-merged-local and 0 (0.0 B) remote blocks
2022-08-02 17:37:49.311  INFO   57 --- [age 8.0 (TID 4)] org.apache.spark.internal.Logging        : Started 0 remote fetches in 0 ms
2022-08-02 17:37:49.313  INFO   57 --- [age 8.0 (TID 4)] org.apache.spark.internal.Logging        : Finished task 0.0 in stage 8.0 (TID 4). 2555 bytes result sent to driver
2022-08-02 17:37:49.315  INFO   57 --- [result-getter-3] org.apache.spark.internal.Logging        : Finished task 0.0 in stage 8.0 (TID 4) in 20 ms on host.docker.internal (executor driver) (1/1)
2022-08-02 17:37:49.316  INFO   57 --- [result-getter-3] org.apache.spark.internal.Logging        : Removed TaskSet 8.0, whose tasks have all completed, from pool 
2022-08-02 17:37:49.317  INFO   57 --- [uler-event-loop] org.apache.spark.internal.Logging        : ResultStage 8 (count at Application.java:181) finished in 0.039 s
2022-08-02 17:37:49.317  INFO   57 --- [uler-event-loop] org.apache.spark.internal.Logging        : Job 4 is finished. Cancelling potential speculative or zombie tasks for this job
2022-08-02 17:37:49.318  INFO   57 --- [uler-event-loop] org.apache.spark.internal.Logging        : Killing all running tasks in stage 8: Stage finished
2022-08-02 17:37:49.318  INFO   57 --- [-job-executor-0] org.apache.spark.internal.Logging        : Job 4 finished: count at Application.java:181, took 0.050418 s
2022-08-02 17:37:49.320  INFO   57 --- [   JobScheduler] org.apache.spark.internal.Logging        : Finished job streaming job 1659458261000 ms.0 from job set of time 1659458261000 ms
2022-08-02 17:37:49.320  INFO   57 --- [   JobScheduler] org.apache.spark.internal.Logging        : Total delay: 8.320 s for time 1659458261000 ms (execution: 0.227 s)
2022-08-02 17:37:49.321  INFO   57 --- [   JobScheduler] org.apache.spark.internal.Logging        : Starting job streaming job 1659458262000 ms.0 from job set of time 1659458262000 ms
2022-08-02 17:37:49.325  INFO   57 --- [   JobGenerator] org.apache.spark.internal.Logging        : Removing RDD 8 from persistence list
2022-08-02 17:37:49.327  WARN   69 --- [-job-executor-0] org.apache.spark.internal.Logging        : Using an existing SparkSession; the static sql configurations will not take effect.
2022-08-02 17:37:49.327  WARN   69 --- [-job-executor-0] org.apache.spark.internal.Logging        : Using an existing SparkSession; some spark core configurations may not take effect.
2022-08-02 17:37:49.327  INFO   57 --- [   JobGenerator] org.apache.spark.internal.Logging        : Removing RDD 7 from persistence list
2022-08-02 17:37:49.329  INFO   57 --- [   JobGenerator] org.apache.spark.internal.Logging        : Removing blocks of RDD BlockRDD[7] at receiverStream at Application.java:127 of time 1659458261000 ms
2022-08-02 17:37:49.330  INFO   57 --- [   JobGenerator] org.apache.spark.internal.Logging        : Deleting batches: 1659458259000 ms
2022-08-02 17:37:49.330  INFO   57 --- [   JobGenerator] org.apache.spark.internal.Logging        : remove old batch metadata: 1659458259000 ms
2022-08-02 17:37:49.331  INFO   57 --- [-thread-pool-12] org.apache.spark.internal.Logging        : Removing RDD 8
2022-08-02 17:37:49.332  INFO   57 --- [-thread-pool-13] org.apache.spark.internal.Logging        : Removing RDD 7
2022-08-02 17:37:49.402  INFO   57 --- [-job-executor-0] org.apache.spark.internal.Logging        : Starting job: show at Application.java:178
2022-08-02 17:37:49.404  INFO   57 --- [uler-event-loop] org.apache.spark.internal.Logging        : Got job 5 (show at Application.java:178) with 1 output partitions
2022-08-02 17:37:49.404  INFO   57 --- [uler-event-loop] org.apache.spark.internal.Logging        : Final stage: ResultStage 9 (show at Application.java:178)
2022-08-02 17:37:49.404  INFO   57 --- [uler-event-loop] org.apache.spark.internal.Logging        : Parents of final stage: List()
2022-08-02 17:37:49.404  INFO   57 --- [uler-event-loop] org.apache.spark.internal.Logging        : Missing parents: List()
2022-08-02 17:37:49.406  INFO   57 --- [uler-event-loop] org.apache.spark.internal.Logging        : Submitting ResultStage 9 (MapPartitionsRDD[64] at show at Application.java:178), which has no missing parents
2022-08-02 17:37:49.420  INFO   57 --- [uler-event-loop] org.apache.spark.internal.Logging        : Block broadcast_5 stored as values in memory (estimated size 13.4 KiB, free 892.3 MiB)
2022-08-02 17:37:49.423  INFO   57 --- [uler-event-loop] org.apache.spark.internal.Logging        : Block broadcast_5_piece0 stored as bytes in memory (estimated size 6.1 KiB, free 892.3 MiB)
2022-08-02 17:37:49.424  INFO   57 --- [ckManagerMaster] org.apache.spark.internal.Logging        : Added broadcast_5_piece0 in memory on host.docker.internal:64737 (size: 6.1 KiB, free: 892.5 MiB)
2022-08-02 17:37:49.425  INFO   57 --- [uler-event-loop] org.apache.spark.internal.Logging        : Created broadcast 5 from broadcast at DAGScheduler.scala:1478
2022-08-02 17:37:49.425  INFO   57 --- [uler-event-loop] org.apache.spark.internal.Logging        : Submitting 1 missing tasks from ResultStage 9 (MapPartitionsRDD[64] at show at Application.java:178) (first 15 tasks are for partitions Vector(0))
2022-08-02 17:37:49.426  INFO   57 --- [uler-event-loop] org.apache.spark.internal.Logging        : Adding task set 9.0 with 1 tasks resource profile 0
2022-08-02 17:37:49.429  INFO   57 --- [er-event-loop-2] org.apache.spark.internal.Logging        : Starting task 0.0 in stage 9.0 (TID 5) (host.docker.internal, executor driver, partition 0, PROCESS_LOCAL, 4394 bytes) taskResourceAssignments Map()
2022-08-02 17:37:49.430  INFO   57 --- [age 9.0 (TID 5)] org.apache.spark.internal.Logging        : Running task 0.0 in stage 9.0 (TID 5)
2022-08-02 17:37:49.462  INFO   57 --- [age 9.0 (TID 5)] org.apache.spark.internal.Logging        : Found block input-0-1659458259165 locally
2022-08-02 17:37:50.011  INFO   57 --- [   JobGenerator] org.apache.spark.internal.Logging        : Added jobs for time 1659458270000 ms
2022-08-02 17:37:50.022  INFO   57 --- [ckManagerMaster] org.apache.spark.internal.Logging        : Removed broadcast_3_piece0 on host.docker.internal:64737 in memory (size: 5.4 KiB, free: 892.5 MiB)
2022-08-02 17:37:50.039  INFO   57 --- [ckManagerMaster] org.apache.spark.internal.Logging        : Removed broadcast_2_piece0 on host.docker.internal:64737 in memory (size: 5.4 KiB, free: 892.5 MiB)
2022-08-02 17:37:50.069  INFO   57 --- [ckManagerMaster] org.apache.spark.internal.Logging        : Removed broadcast_1_piece0 on host.docker.internal:64737 in memory (size: 5.4 KiB, free: 892.5 MiB)
2022-08-02 17:37:50.132  INFO   57 --- [ckManagerMaster] org.apache.spark.internal.Logging        : Removed broadcast_4_piece0 on host.docker.internal:64737 in memory (size: 5.4 KiB, free: 892.5 MiB)
2022-08-02 17:37:50.142  WARN   69 --- [tor-heartbeater] org.apache.spark.internal.Logging        : Exception when trying to compute pagesize, as a result reporting of ProcessTree metrics is stopped
2022-08-02 17:37:50.714  INFO   57 --- [age 9.0 (TID 5)] org.apache.spark.internal.Logging        : 1 block locks were not released by task 0.0 in stage 9.0 (TID 5)
[input-0-1659458259165]
2022-08-02 17:37:50.715  INFO   57 --- [age 9.0 (TID 5)] org.apache.spark.internal.Logging        : Finished task 0.0 in stage 9.0 (TID 5). 3052 bytes result sent to driver
2022-08-02 17:37:50.716  INFO   57 --- [result-getter-0] org.apache.spark.internal.Logging        : Finished task 0.0 in stage 9.0 (TID 5) in 1289 ms on host.docker.internal (executor driver) (1/1)
2022-08-02 17:37:50.716  INFO   57 --- [result-getter-0] org.apache.spark.internal.Logging        : Removed TaskSet 9.0, whose tasks have all completed, from pool 
2022-08-02 17:37:50.717  INFO   57 --- [uler-event-loop] org.apache.spark.internal.Logging        : ResultStage 9 (show at Application.java:178) finished in 1.307 s
2022-08-02 17:37:50.718  INFO   57 --- [uler-event-loop] org.apache.spark.internal.Logging        : Job 5 is finished. Cancelling potential speculative or zombie tasks for this job
2022-08-02 17:37:50.718  INFO   57 --- [uler-event-loop] org.apache.spark.internal.Logging        : Killing all running tasks in stage 9: Stage finished
2022-08-02 17:37:50.719  INFO   57 --- [-job-executor-0] org.apache.spark.internal.Logging        : Job 5 finished: show at Application.java:178, took 1.315814 s
2022-08-02 17:37:50.903  INFO   57 --- [-job-executor-0] org.apache.spark.internal.Logging        : Code generated in 64.509 ms
2022-08-02 17:37:51.011  INFO   57 --- [   JobGenerator] org.apache.spark.internal.Logging        : Added jobs for time 1659458271000 ms
2022-08-02 17:37:51.041  INFO   57 --- [uler-event-loop] org.apache.spark.internal.Logging        : Registering RDD 70 (count at Application.java:181) as input to shuffle 4
2022-08-02 17:37:51.042  INFO   57 --- [uler-event-loop] org.apache.spark.internal.Logging        : Got map stage job 6 (count at Application.java:181) with 1 output partitions
2022-08-02 17:37:51.043  INFO   57 --- [uler-event-loop] org.apache.spark.internal.Logging        : Final stage: ShuffleMapStage 10 (count at Application.java:181)
2022-08-02 17:37:51.043  INFO   57 --- [uler-event-loop] org.apache.spark.internal.Logging        : Parents of final stage: List()
2022-08-02 17:37:51.044  INFO   57 --- [uler-event-loop] org.apache.spark.internal.Logging        : Missing parents: List()
2022-08-02 17:37:51.047  INFO   57 --- [uler-event-loop] org.apache.spark.internal.Logging        : Submitting ShuffleMapStage 10 (MapPartitionsRDD[70] at count at Application.java:181), which has no missing parents
2022-08-02 17:37:51.065  INFO   57 --- [uler-event-loop] org.apache.spark.internal.Logging        : Block broadcast_6 stored as values in memory (estimated size 13.8 KiB, free 892.4 MiB)
2022-08-02 17:37:51.069  INFO   57 --- [uler-event-loop] org.apache.spark.internal.Logging        : Block broadcast_6_piece0 stored as bytes in memory (estimated size 6.8 KiB, free 892.4 MiB)
2022-08-02 17:37:51.071  INFO   57 --- [ckManagerMaster] org.apache.spark.internal.Logging        : Added broadcast_6_piece0 in memory on host.docker.internal:64737 (size: 6.8 KiB, free: 892.5 MiB)
2022-08-02 17:37:51.072  INFO   57 --- [uler-event-loop] org.apache.spark.internal.Logging        : Created broadcast 6 from broadcast at DAGScheduler.scala:1478
2022-08-02 17:37:51.074  INFO   57 --- [uler-event-loop] org.apache.spark.internal.Logging        : Submitting 1 missing tasks from ShuffleMapStage 10 (MapPartitionsRDD[70] at count at Application.java:181) (first 15 tasks are for partitions Vector(0))
2022-08-02 17:37:51.075  INFO   57 --- [uler-event-loop] org.apache.spark.internal.Logging        : Adding task set 10.0 with 1 tasks resource profile 0
2022-08-02 17:37:51.077  INFO   57 --- [er-event-loop-3] org.apache.spark.internal.Logging        : Starting task 0.0 in stage 10.0 (TID 6) (host.docker.internal, executor driver, partition 0, PROCESS_LOCAL, 4383 bytes) taskResourceAssignments Map()
2022-08-02 17:37:51.078  INFO   57 --- [ge 10.0 (TID 6)] org.apache.spark.internal.Logging        : Running task 0.0 in stage 10.0 (TID 6)
2022-08-02 17:37:51.473  INFO   57 --- [ge 10.0 (TID 6)] org.apache.spark.internal.Logging        : Found block input-0-1659458259165 locally
2022-08-02 17:37:51.825  INFO   57 --- [ckManagerMaster] org.apache.spark.internal.Logging        : Removed broadcast_5_piece0 on host.docker.internal:64737 in memory (size: 6.1 KiB, free: 892.5 MiB)
2022-08-02 17:37:52.385  INFO   57 --- [   JobGenerator] org.apache.spark.internal.Logging        : Added jobs for time 1659458272000 ms
2022-08-02 17:37:53.003  INFO   57 --- [   JobGenerator] org.apache.spark.internal.Logging        : Added jobs for time 1659458273000 ms
2022-08-02 17:37:53.180  INFO   57 --- [ge 10.0 (TID 6)] org.apache.spark.internal.Logging        : Finished task 0.0 in stage 10.0 (TID 6). 1924 bytes result sent to driver
2022-08-02 17:37:53.182  INFO   57 --- [result-getter-1] org.apache.spark.internal.Logging        : Finished task 0.0 in stage 10.0 (TID 6) in 2106 ms on host.docker.internal (executor driver) (1/1)
2022-08-02 17:37:53.182  INFO   57 --- [result-getter-1] org.apache.spark.internal.Logging        : Removed TaskSet 10.0, whose tasks have all completed, from pool 
2022-08-02 17:37:53.185  INFO   57 --- [uler-event-loop] org.apache.spark.internal.Logging        : ShuffleMapStage 10 (count at Application.java:181) finished in 2.133 s
2022-08-02 17:37:53.185  INFO   57 --- [uler-event-loop] org.apache.spark.internal.Logging        : looking for newly runnable stages
2022-08-02 17:37:53.187  INFO   57 --- [uler-event-loop] org.apache.spark.internal.Logging        : running: Set(ResultStage 0)
2022-08-02 17:37:53.188  INFO   57 --- [uler-event-loop] org.apache.spark.internal.Logging        : waiting: Set()
2022-08-02 17:37:53.189  INFO   57 --- [uler-event-loop] org.apache.spark.internal.Logging        : failed: Set()
2022-08-02 17:37:53.226  INFO   57 --- [-job-executor-0] org.apache.spark.internal.Logging        : Starting job: count at Application.java:181
2022-08-02 17:37:53.230  INFO   57 --- [uler-event-loop] org.apache.spark.internal.Logging        : Got job 7 (count at Application.java:181) with 1 output partitions
2022-08-02 17:37:53.231  INFO   57 --- [uler-event-loop] org.apache.spark.internal.Logging        : Final stage: ResultStage 12 (count at Application.java:181)
2022-08-02 17:37:53.231  INFO   57 --- [uler-event-loop] org.apache.spark.internal.Logging        : Parents of final stage: List(ShuffleMapStage 11)
2022-08-02 17:37:53.232  INFO   57 --- [uler-event-loop] org.apache.spark.internal.Logging        : Missing parents: List()
2022-08-02 17:37:53.236  INFO   57 --- [uler-event-loop] org.apache.spark.internal.Logging        : Submitting ResultStage 12 (MapPartitionsRDD[77] at count at Application.java:181), which has no missing parents
2022-08-02 17:37:53.258  INFO   57 --- [uler-event-loop] org.apache.spark.internal.Logging        : Block broadcast_7 stored as values in memory (estimated size 11.0 KiB, free 892.4 MiB)
2022-08-02 17:37:53.262  INFO   57 --- [uler-event-loop] org.apache.spark.internal.Logging        : Block broadcast_7_piece0 stored as bytes in memory (estimated size 5.5 KiB, free 892.4 MiB)
2022-08-02 17:37:53.267  INFO   57 --- [ckManagerMaster] org.apache.spark.internal.Logging        : Added broadcast_7_piece0 in memory on host.docker.internal:64737 (size: 5.5 KiB, free: 892.5 MiB)
2022-08-02 17:37:53.269  INFO   57 --- [uler-event-loop] org.apache.spark.internal.Logging        : Created broadcast 7 from broadcast at DAGScheduler.scala:1478
2022-08-02 17:37:53.271  INFO   57 --- [uler-event-loop] org.apache.spark.internal.Logging        : Submitting 1 missing tasks from ResultStage 12 (MapPartitionsRDD[77] at count at Application.java:181) (first 15 tasks are for partitions Vector(0))
2022-08-02 17:37:53.271  INFO   57 --- [uler-event-loop] org.apache.spark.internal.Logging        : Adding task set 12.0 with 1 tasks resource profile 0
2022-08-02 17:37:53.276  INFO   57 --- [er-event-loop-2] org.apache.spark.internal.Logging        : Starting task 0.0 in stage 12.0 (TID 7) (host.docker.internal, executor driver, partition 0, NODE_LOCAL, 4453 bytes) taskResourceAssignments Map()
2022-08-02 17:37:53.277  INFO   57 --- [ge 12.0 (TID 7)] org.apache.spark.internal.Logging        : Running task 0.0 in stage 12.0 (TID 7)
2022-08-02 17:37:53.313  INFO   57 --- [ge 12.0 (TID 7)] org.apache.spark.internal.Logging        : Getting 1 (60.0 B) non-empty blocks including 1 (60.0 B) local and 0 (0.0 B) host-local and 0 (0.0 B) push-merged-local and 0 (0.0 B) remote blocks
2022-08-02 17:37:53.313  INFO   57 --- [ge 12.0 (TID 7)] org.apache.spark.internal.Logging        : Started 0 remote fetches in 16 ms
2022-08-02 17:37:53.925  INFO   57 --- [ge 12.0 (TID 7)] org.apache.spark.internal.Logging        : Finished task 0.0 in stage 12.0 (TID 7). 2605 bytes result sent to driver
2022-08-02 17:37:53.926  INFO   57 --- [result-getter-2] org.apache.spark.internal.Logging        : Finished task 0.0 in stage 12.0 (TID 7) in 650 ms on host.docker.internal (executor driver) (1/1)
2022-08-02 17:37:53.926  INFO   57 --- [result-getter-2] org.apache.spark.internal.Logging        : Removed TaskSet 12.0, whose tasks have all completed, from pool 
2022-08-02 17:37:53.927  INFO   57 --- [uler-event-loop] org.apache.spark.internal.Logging        : ResultStage 12 (count at Application.java:181) finished in 0.680 s
2022-08-02 17:37:53.927  INFO   57 --- [uler-event-loop] org.apache.spark.internal.Logging        : Job 7 is finished. Cancelling potential speculative or zombie tasks for this job
2022-08-02 17:37:53.928  INFO   57 --- [uler-event-loop] org.apache.spark.internal.Logging        : Killing all running tasks in stage 12: Stage finished
2022-08-02 17:37:53.928  INFO   57 --- [-job-executor-0] org.apache.spark.internal.Logging        : Job 7 finished: count at Application.java:181, took 0.701056 s
2022-08-02 17:37:54.003  INFO   57 --- [   JobGenerator] org.apache.spark.internal.Logging        : Added jobs for time 1659458274000 ms
2022-08-02 17:37:55.165  INFO   57 --- [   JobGenerator] org.apache.spark.internal.Logging        : Added jobs for time 1659458275000 ms
2022-08-02 17:37:56.275  INFO   57 --- [   JobGenerator] org.apache.spark.internal.Logging        : Added jobs for time 1659458276000 ms
2022-08-02 17:37:57.015  INFO   57 --- [   JobGenerator] org.apache.spark.internal.Logging        : Added jobs for time 1659458277000 ms
2022-08-02 17:37:57.022  INFO   57 --- [shutdown-hook-0] org.apache.spark.internal.Logging        : Invoking stop(stopGracefully=false) from shutdown hook
2022-08-02 17:37:57.368  INFO   57 --- [er-event-loop-1] org.apache.spark.internal.Logging        : Sent stop signal to all 1 receivers
2022-08-02 17:37:57.371  INFO   57 --- [er-event-loop-2] org.apache.spark.internal.Logging        : Received stop signal
2022-08-02 17:37:57.373  INFO   57 --- [er-event-loop-2] org.apache.spark.internal.Logging        : Stopping receiver with message: Stopped by driver: 
2022-08-02 17:37:57.374  INFO   57 --- [er-event-loop-2] org.apache.spark.internal.Logging        : Called receiver onStop
2022-08-02 17:37:57.374  INFO   57 --- [er-event-loop-2] org.apache.spark.internal.Logging        : Deregistering receiver 0
2022-08-02 17:37:57.377  ERROR   73 --- [er-event-loop-3] org.apache.spark.internal.Logging        : Deregistered receiver for stream 0: Stopped by driver
2022-08-02 17:37:57.378  INFO   57 --- [er-event-loop-2] org.apache.spark.internal.Logging        : Stopped receiver 0
2022-08-02 17:37:57.547  INFO   57 --- [er-event-loop-2] org.apache.spark.internal.Logging        : Stopping BlockGenerator
2022-08-02 17:37:57.801  INFO   57 --- [er-event-loop-2] org.apache.spark.internal.Logging        : Stopped timer for BlockGenerator after time 1659458277800
2022-08-02 17:37:57.801  INFO   57 --- [er-event-loop-2] org.apache.spark.internal.Logging        : Waiting for block pushing thread to terminate
2022-08-02 17:37:57.810  INFO   57 --- [      Thread-14] org.apache.spark.internal.Logging        : Pushing out the last 0 blocks
2022-08-02 17:37:57.811  INFO   57 --- [      Thread-14] org.apache.spark.internal.Logging        : Stopped block pushing thread
2022-08-02 17:37:57.811  INFO   57 --- [er-event-loop-2] org.apache.spark.internal.Logging        : Stopped BlockGenerator
2022-08-02 17:37:57.925  INFO   57 --- [age 0.0 (TID 0)] org.apache.spark.internal.Logging        : Stopped receiver without error
2022-08-02 17:37:57.933  INFO   57 --- [age 0.0 (TID 0)] org.apache.spark.internal.Logging        : Finished task 0.0 in stage 0.0 (TID 0). 923 bytes result sent to driver
2022-08-02 17:37:57.935  INFO   57 --- [result-getter-3] org.apache.spark.internal.Logging        : Finished task 0.0 in stage 0.0 (TID 0) in 19385 ms on host.docker.internal (executor driver) (1/1)
2022-08-02 17:37:57.936  INFO   57 --- [result-getter-3] org.apache.spark.internal.Logging        : Removed TaskSet 0.0, whose tasks have all completed, from pool 
2022-08-02 17:37:57.939  INFO   57 --- [uler-event-loop] org.apache.spark.internal.Logging        : ResultStage 0 (start at Application.java:206) finished in 19.951 s
2022-08-02 17:37:57.941  INFO   57 --- [uler-event-loop] org.apache.spark.internal.Logging        : Job 0 is finished. Cancelling potential speculative or zombie tasks for this job
2022-08-02 17:37:57.941  INFO   57 --- [uler-event-loop] org.apache.spark.internal.Logging        : Killing all running tasks in stage 0: Stage finished
2022-08-02 17:37:57.946  INFO   57 --- [shutdown-hook-0] org.apache.spark.internal.Logging        : All of the receivers have deregistered successfully
2022-08-02 17:37:57.948  INFO   57 --- [shutdown-hook-0] org.apache.spark.internal.Logging        : ReceiverTracker stopped
2022-08-02 17:37:57.951  INFO   57 --- [shutdown-hook-0] org.apache.spark.internal.Logging        : Stopping JobGenerator immediately
2022-08-02 17:37:57.953  INFO   57 --- [shutdown-hook-0] org.apache.spark.internal.Logging        : Stopped timer for JobGenerator after time 1659458277000
2022-08-02 17:37:57.953  INFO   57 --- [shutdown-hook-0] org.apache.spark.internal.Logging        : Stopped JobGenerator
2022-08-02 17:37:59.734  INFO  142 --- [-job-executor-0] mapreduce.lib.output.FileOutputCommitter : File Output Committer Algorithm version is 1
2022-08-02 17:37:59.734  INFO  157 --- [-job-executor-0] mapreduce.lib.output.FileOutputCommitter : FileOutputCommitter skip cleanup _temporary folders under output directory:false, ignore cleanup failures: false
2022-08-02 17:37:59.734  INFO   57 --- [-job-executor-0] org.apache.spark.internal.Logging        : Using output committer class org.apache.hadoop.mapreduce.lib.output.FileOutputCommitter
2022-08-02 17:37:59.828  INFO   57 --- [-job-executor-0] org.apache.spark.internal.Logging        : Code generated in 28.7187 ms
2022-08-02 17:37:59.968  INFO   57 --- [shutdown-hook-0] org.apache.spark.internal.Logging        : Stopped JobScheduler
2022-08-02 17:38:00.140  INFO 1153 --- [shutdown-hook-0] ject.jetty.server.handler.ContextHandler : Stopped o.s.j.s.ServletContextHandler@23811a09{/streaming,null,STOPPED,@Spark}
2022-08-02 17:38:00.140  INFO 1153 --- [shutdown-hook-0] ject.jetty.server.handler.ContextHandler : Stopped o.s.j.s.ServletContextHandler@7a5b769b{/streaming/json,null,STOPPED,@Spark}
2022-08-02 17:38:00.140  INFO 1153 --- [shutdown-hook-0] ject.jetty.server.handler.ContextHandler : Stopped o.s.j.s.ServletContextHandler@7a7d1b47{/streaming/batch,null,STOPPED,@Spark}
2022-08-02 17:38:00.140  INFO 1153 --- [shutdown-hook-0] ject.jetty.server.handler.ContextHandler : Stopped o.s.j.s.ServletContextHandler@4a8df3e2{/streaming/batch/json,null,STOPPED,@Spark}
2022-08-02 17:38:00.140  INFO 1153 --- [shutdown-hook-0] ject.jetty.server.handler.ContextHandler : Stopped o.s.j.s.ServletContextHandler@25c53f74{/static/streaming,null,STOPPED,@Spark}
2022-08-02 17:38:00.140  INFO  217 --- [           main] com.elite.cdr.validator.Application      : ****************************************************
2022-08-02 17:38:00.140  INFO  218 --- [           main] com.elite.cdr.validator.Application      : Duration: 0.0 seconds
2022-08-02 17:38:00.140  INFO  219 --- [           main] com.elite.cdr.validator.Application      : Batch executed with success
2022-08-02 17:38:00.140  INFO  220 --- [           main] com.elite.cdr.validator.Application      : ****************************************************
2022-08-02 17:38:00.140  INFO   57 --- [shutdown-hook-0] org.apache.spark.internal.Logging        : StreamingContext stopped successfully
2022-08-02 17:38:00.156  INFO   57 --- [shutdown-hook-0] org.apache.spark.internal.Logging        : Invoking stop() from shutdown hook
2022-08-02 17:38:00.250  INFO  381 --- [shutdown-hook-0] rkproject.jetty.server.AbstractConnector : Stopped Spark@476aac9{HTTP/1.1, (http/1.1)}{0.0.0.0:4040}
2022-08-02 17:38:00.250  INFO   57 --- [shutdown-hook-0] org.apache.spark.internal.Logging        : Stopped Spark web UI at http://host.docker.internal:4040
2022-08-02 17:38:00.281  INFO   57 --- [er-event-loop-3] org.apache.spark.internal.Logging        : MapOutputTrackerMasterEndpoint stopped!
2022-08-02 17:38:00.328  INFO   57 --- [-job-executor-0] org.apache.spark.internal.Logging        : Starting job: csv at Application.java:182
2022-08-02 17:38:00.328  ERROR   94 --- [-job-executor-0] org.apache.spark.internal.Logging        : Aborting job 6cae876c-419d-4bc0-8a1d-685ff0a8f201.
java.lang.NullPointerException
	at org.apache.spark.SparkContext.runJob(SparkContext.scala:2214)
	at org.apache.spark.sql.execution.datasources.FileFormatWriter$.write(FileFormatWriter.scala:218)
	at org.apache.spark.sql.execution.datasources.InsertIntoHadoopFsRelationCommand.run(InsertIntoHadoopFsRelationCommand.scala:186)
	at org.apache.spark.sql.execution.command.DataWritingCommandExec.sideEffectResult$lzycompute(commands.scala:113)
	at org.apache.spark.sql.execution.command.DataWritingCommandExec.sideEffectResult(commands.scala:111)
	at org.apache.spark.sql.execution.command.DataWritingCommandExec.executeCollect(commands.scala:125)
	at org.apache.spark.sql.execution.QueryExecution$$anonfun$eagerlyExecuteCommands$1.$anonfun$applyOrElse$1(QueryExecution.scala:110)
	at org.apache.spark.sql.execution.SQLExecution$.$anonfun$withNewExecutionId$5(SQLExecution.scala:103)
	at org.apache.spark.sql.execution.SQLExecution$.withSQLConfPropagated(SQLExecution.scala:163)
	at org.apache.spark.sql.execution.SQLExecution$.$anonfun$withNewExecutionId$1(SQLExecution.scala:90)
	at org.apache.spark.sql.SparkSession.withActive(SparkSession.scala:775)
	at org.apache.spark.sql.execution.SQLExecution$.withNewExecutionId(SQLExecution.scala:64)
	at org.apache.spark.sql.execution.QueryExecution$$anonfun$eagerlyExecuteCommands$1.applyOrElse(QueryExecution.scala:110)
	at org.apache.spark.sql.execution.QueryExecution$$anonfun$eagerlyExecuteCommands$1.applyOrElse(QueryExecution.scala:106)
	at org.apache.spark.sql.catalyst.trees.TreeNode.$anonfun$transformDownWithPruning$1(TreeNode.scala:481)
	at org.apache.spark.sql.catalyst.trees.CurrentOrigin$.withOrigin(TreeNode.scala:82)
	at org.apache.spark.sql.catalyst.trees.TreeNode.transformDownWithPruning(TreeNode.scala:481)
	at org.apache.spark.sql.catalyst.plans.logical.LogicalPlan.org$apache$spark$sql$catalyst$plans$logical$AnalysisHelper$$super$transformDownWithPruning(LogicalPlan.scala:30)
	at org.apache.spark.sql.catalyst.plans.logical.AnalysisHelper.transformDownWithPruning(AnalysisHelper.scala:267)
	at org.apache.spark.sql.catalyst.plans.logical.AnalysisHelper.transformDownWithPruning$(AnalysisHelper.scala:263)
	at org.apache.spark.sql.catalyst.plans.logical.LogicalPlan.transformDownWithPruning(LogicalPlan.scala:30)
	at org.apache.spark.sql.catalyst.plans.logical.LogicalPlan.transformDownWithPruning(LogicalPlan.scala:30)
	at org.apache.spark.sql.catalyst.trees.TreeNode.transformDown(TreeNode.scala:457)
	at org.apache.spark.sql.execution.QueryExecution.eagerlyExecuteCommands(QueryExecution.scala:106)
	at org.apache.spark.sql.execution.QueryExecution.commandExecuted$lzycompute(QueryExecution.scala:93)
	at org.apache.spark.sql.execution.QueryExecution.commandExecuted(QueryExecution.scala:91)
	at org.apache.spark.sql.execution.QueryExecution.assertCommandExecuted(QueryExecution.scala:128)
	at org.apache.spark.sql.DataFrameWriter.runCommand(DataFrameWriter.scala:848)
	at org.apache.spark.sql.DataFrameWriter.saveToV1Source(DataFrameWriter.scala:382)
	at org.apache.spark.sql.DataFrameWriter.saveInternal(DataFrameWriter.scala:355)
	at org.apache.spark.sql.DataFrameWriter.save(DataFrameWriter.scala:239)
	at org.apache.spark.sql.DataFrameWriter.csv(DataFrameWriter.scala:839)
	at com.elite.cdr.validator.Application.lambda$main$1282d8df$1(Application.java:182)
	at org.apache.spark.streaming.api.java.JavaDStreamLike.$anonfun$foreachRDD$1(JavaDStreamLike.scala:272)
	at org.apache.spark.streaming.api.java.JavaDStreamLike.$anonfun$foreachRDD$1$adapted(JavaDStreamLike.scala:272)
	at org.apache.spark.streaming.dstream.DStream.$anonfun$foreachRDD$2(DStream.scala:629)
	at org.apache.spark.streaming.dstream.DStream.$anonfun$foreachRDD$2$adapted(DStream.scala:629)
	at org.apache.spark.streaming.dstream.ForEachDStream.$anonfun$generateJob$2(ForEachDStream.scala:51)
	at scala.runtime.java8.JFunction0$mcV$sp.apply(JFunction0$mcV$sp.java:23)
	at org.apache.spark.streaming.dstream.DStream.createRDDWithLocalProperties(DStream.scala:417)
	at org.apache.spark.streaming.dstream.ForEachDStream.$anonfun$generateJob$1(ForEachDStream.scala:51)
	at scala.runtime.java8.JFunction0$mcV$sp.apply(JFunction0$mcV$sp.java:23)
	at scala.util.Try$.apply(Try.scala:213)
	at org.apache.spark.streaming.scheduler.Job.run(Job.scala:39)
	at org.apache.spark.streaming.scheduler.JobScheduler$JobHandler.$anonfun$run$1(JobScheduler.scala:256)
	at scala.runtime.java8.JFunction0$mcV$sp.apply(JFunction0$mcV$sp.java:23)
	at scala.util.DynamicVariable.withValue(DynamicVariable.scala:62)
	at org.apache.spark.streaming.scheduler.JobScheduler$JobHandler.run(JobScheduler.scala:256)
	at java.util.concurrent.ThreadPoolExecutor.runWorker(ThreadPoolExecutor.java:1149)
	at java.util.concurrent.ThreadPoolExecutor$Worker.run(ThreadPoolExecutor.java:624)
	at java.lang.Thread.run(Thread.java:748)
2022-08-02 17:38:00.359  INFO   57 --- [shutdown-hook-0] org.apache.spark.internal.Logging        : MemoryStore cleared
2022-08-02 17:38:00.375  INFO   57 --- [shutdown-hook-0] org.apache.spark.internal.Logging        : BlockManager stopped
2022-08-02 17:38:00.375  INFO   57 --- [shutdown-hook-0] org.apache.spark.internal.Logging        : BlockManagerMaster stopped
2022-08-02 17:38:00.390  INFO   57 --- [er-event-loop-3] org.apache.spark.internal.Logging        : OutputCommitCoordinator stopped!
2022-08-02 17:38:00.390  INFO   57 --- [shutdown-hook-0] org.apache.spark.internal.Logging        : Successfully stopped SparkContext
2022-08-02 17:38:00.390  INFO   57 --- [shutdown-hook-0] org.apache.spark.internal.Logging        : Shutdown hook called
2022-08-02 17:38:00.390  INFO   57 --- [shutdown-hook-0] org.apache.spark.internal.Logging        : Deleting directory C:\Users\Wael Hamdi\AppData\Local\Temp\spark-d91f21b0-205f-4648-a1b1-0bc66c099ffa
