2022-08-01 16:44:14.269  INFO   48 --- [           main] com.elite.cdr.validator.Application      : Starting ASN1 Reader 
2022-08-01 16:44:14.269  INFO   50 --- [           main] com.elite.cdr.validator.Application      : ############### Run with the args [--env, local, --file, src/main/resources/data/simpleTypes.ber, --prop, src/main/resources/myapp.properties]
2022-08-01 16:44:14.331  INFO   56 --- [           main] com.elite.cdr.validator.Application      : ############### Run in local mode
2022-08-01 16:44:15.925  INFO   57 --- [           main] org.apache.spark.internal.Logging        : Running Spark version 3.2.1
2022-08-01 16:44:16.331  INFO   57 --- [           main] org.apache.spark.internal.Logging        : ==============================================================
2022-08-01 16:44:16.347  INFO   57 --- [           main] org.apache.spark.internal.Logging        : No custom resources configured for spark.driver.
2022-08-01 16:44:16.347  INFO   57 --- [           main] org.apache.spark.internal.Logging        : ==============================================================
2022-08-01 16:44:16.347  INFO   57 --- [           main] org.apache.spark.internal.Logging        : Submitted application: NiFi Spark Streaming example
2022-08-01 16:44:16.409  INFO   57 --- [           main] org.apache.spark.internal.Logging        : Default ResourceProfile created, executor resources: Map(cores -> name: cores, amount: 1, script: , vendor: , memory -> name: memory, amount: 1024, script: , vendor: , offHeap -> name: offHeap, amount: 0, script: , vendor: ), task resources: Map(cpus -> name: cpus, amount: 1.0)
2022-08-01 16:44:16.440  INFO   57 --- [           main] org.apache.spark.internal.Logging        : Limiting resource is cpu
2022-08-01 16:44:16.456  INFO   57 --- [           main] org.apache.spark.internal.Logging        : Added ResourceProfile id: 0
2022-08-01 16:44:16.612  INFO   57 --- [           main] org.apache.spark.internal.Logging        : Changing view acls to: Wael Hamdi
2022-08-01 16:44:16.612  INFO   57 --- [           main] org.apache.spark.internal.Logging        : Changing modify acls to: Wael Hamdi
2022-08-01 16:44:16.612  INFO   57 --- [           main] org.apache.spark.internal.Logging        : Changing view acls groups to: 
2022-08-01 16:44:16.612  INFO   57 --- [           main] org.apache.spark.internal.Logging        : Changing modify acls groups to: 
2022-08-01 16:44:16.628  INFO   57 --- [           main] org.apache.spark.internal.Logging        : SecurityManager: authentication disabled; ui acls disabled; users  with view permissions: Set(Wael Hamdi); groups with view permissions: Set(); users  with modify permissions: Set(Wael Hamdi); groups with modify permissions: Set()
2022-08-01 16:44:19.159  INFO   57 --- [           main] org.apache.spark.internal.Logging        : Successfully started service 'sparkDriver' on port 56570.
2022-08-01 16:44:19.190  INFO   57 --- [           main] org.apache.spark.internal.Logging        : Registering MapOutputTracker
2022-08-01 16:44:19.237  INFO   57 --- [           main] org.apache.spark.internal.Logging        : Registering BlockManagerMaster
2022-08-01 16:44:19.253  INFO   57 --- [           main] org.apache.spark.internal.Logging        : Using org.apache.spark.storage.DefaultTopologyMapper for getting topology information
2022-08-01 16:44:19.269  INFO   57 --- [           main] org.apache.spark.internal.Logging        : BlockManagerMasterEndpoint up
2022-08-01 16:44:19.269  INFO   57 --- [           main] org.apache.spark.internal.Logging        : Registering BlockManagerMasterHeartbeat
2022-08-01 16:44:19.300  INFO   57 --- [           main] org.apache.spark.internal.Logging        : Created local directory at C:\Users\Wael Hamdi\AppData\Local\Temp\blockmgr-43d71940-8b43-4a71-bddb-653d878203fb
2022-08-01 16:44:19.331  INFO   57 --- [           main] org.apache.spark.internal.Logging        : MemoryStore started with capacity 897.6 MiB
2022-08-01 16:44:19.347  INFO   57 --- [           main] org.apache.spark.internal.Logging        : Registering OutputCommitCoordinator
2022-08-01 16:44:19.472  INFO  170 --- [           main] org.sparkproject.jetty.util.log.Log      : Logging initialized @6266ms to org.sparkproject.jetty.util.log.Slf4jLog
2022-08-01 16:44:19.550  INFO  375 --- [           main] org.sparkproject.jetty.server.Server     : jetty-9.4.43.v20210629; built: 2021-06-30T11:07:22.254Z; git: 526006ecfa3af7f1a27ef3a288e2bef7ea9dd7e8; jvm 1.8.0_301-b09
2022-08-01 16:44:19.581  INFO  415 --- [           main] org.sparkproject.jetty.server.Server     : Started @6382ms
2022-08-01 16:44:19.628  INFO  331 --- [           main] rkproject.jetty.server.AbstractConnector : Started ServerConnector@7caa550{HTTP/1.1, (http/1.1)}{0.0.0.0:4040}
2022-08-01 16:44:19.628  INFO   57 --- [           main] org.apache.spark.internal.Logging        : Successfully started service 'SparkUI' on port 4040.
2022-08-01 16:44:19.659  INFO  915 --- [           main] ject.jetty.server.handler.ContextHandler : Started o.s.j.s.ServletContextHandler@43ed0ff3{/jobs,null,AVAILABLE,@Spark}
2022-08-01 16:44:19.659  INFO  915 --- [           main] ject.jetty.server.handler.ContextHandler : Started o.s.j.s.ServletContextHandler@3f093abe{/jobs/json,null,AVAILABLE,@Spark}
2022-08-01 16:44:19.659  INFO  915 --- [           main] ject.jetty.server.handler.ContextHandler : Started o.s.j.s.ServletContextHandler@4eeea57d{/jobs/job,null,AVAILABLE,@Spark}
2022-08-01 16:44:19.659  INFO  915 --- [           main] ject.jetty.server.handler.ContextHandler : Started o.s.j.s.ServletContextHandler@6f70f32f{/jobs/job/json,null,AVAILABLE,@Spark}
2022-08-01 16:44:19.659  INFO  915 --- [           main] ject.jetty.server.handler.ContextHandler : Started o.s.j.s.ServletContextHandler@5aabbb29{/stages,null,AVAILABLE,@Spark}
2022-08-01 16:44:19.659  INFO  915 --- [           main] ject.jetty.server.handler.ContextHandler : Started o.s.j.s.ServletContextHandler@1ac85b0c{/stages/json,null,AVAILABLE,@Spark}
2022-08-01 16:44:19.659  INFO  915 --- [           main] ject.jetty.server.handler.ContextHandler : Started o.s.j.s.ServletContextHandler@3aa3193a{/stages/stage,null,AVAILABLE,@Spark}
2022-08-01 16:44:19.675  INFO  915 --- [           main] ject.jetty.server.handler.ContextHandler : Started o.s.j.s.ServletContextHandler@724bade8{/stages/stage/json,null,AVAILABLE,@Spark}
2022-08-01 16:44:19.675  INFO  915 --- [           main] ject.jetty.server.handler.ContextHandler : Started o.s.j.s.ServletContextHandler@6bc248ed{/stages/pool,null,AVAILABLE,@Spark}
2022-08-01 16:44:19.675  INFO  915 --- [           main] ject.jetty.server.handler.ContextHandler : Started o.s.j.s.ServletContextHandler@ca27722{/stages/pool/json,null,AVAILABLE,@Spark}
2022-08-01 16:44:19.675  INFO  915 --- [           main] ject.jetty.server.handler.ContextHandler : Started o.s.j.s.ServletContextHandler@9573b3b{/storage,null,AVAILABLE,@Spark}
2022-08-01 16:44:19.675  INFO  915 --- [           main] ject.jetty.server.handler.ContextHandler : Started o.s.j.s.ServletContextHandler@78461bc4{/storage/json,null,AVAILABLE,@Spark}
2022-08-01 16:44:19.675  INFO  915 --- [           main] ject.jetty.server.handler.ContextHandler : Started o.s.j.s.ServletContextHandler@64f857e7{/storage/rdd,null,AVAILABLE,@Spark}
2022-08-01 16:44:19.675  INFO  915 --- [           main] ject.jetty.server.handler.ContextHandler : Started o.s.j.s.ServletContextHandler@58c540cf{/storage/rdd/json,null,AVAILABLE,@Spark}
2022-08-01 16:44:19.675  INFO  915 --- [           main] ject.jetty.server.handler.ContextHandler : Started o.s.j.s.ServletContextHandler@1b822fcc{/environment,null,AVAILABLE,@Spark}
2022-08-01 16:44:19.675  INFO  915 --- [           main] ject.jetty.server.handler.ContextHandler : Started o.s.j.s.ServletContextHandler@56102e1c{/environment/json,null,AVAILABLE,@Spark}
2022-08-01 16:44:19.690  INFO  915 --- [           main] ject.jetty.server.handler.ContextHandler : Started o.s.j.s.ServletContextHandler@7927bd9f{/executors,null,AVAILABLE,@Spark}
2022-08-01 16:44:19.690  INFO  915 --- [           main] ject.jetty.server.handler.ContextHandler : Started o.s.j.s.ServletContextHandler@410954b{/executors/json,null,AVAILABLE,@Spark}
2022-08-01 16:44:19.690  INFO  915 --- [           main] ject.jetty.server.handler.ContextHandler : Started o.s.j.s.ServletContextHandler@3b366632{/executors/threadDump,null,AVAILABLE,@Spark}
2022-08-01 16:44:19.690  INFO  915 --- [           main] ject.jetty.server.handler.ContextHandler : Started o.s.j.s.ServletContextHandler@514eedd8{/executors/threadDump/json,null,AVAILABLE,@Spark}
2022-08-01 16:44:19.690  INFO  915 --- [           main] ject.jetty.server.handler.ContextHandler : Started o.s.j.s.ServletContextHandler@6970140a{/static,null,AVAILABLE,@Spark}
2022-08-01 16:44:19.706  INFO  915 --- [           main] ject.jetty.server.handler.ContextHandler : Started o.s.j.s.ServletContextHandler@733c423e{/,null,AVAILABLE,@Spark}
2022-08-01 16:44:19.706  INFO  915 --- [           main] ject.jetty.server.handler.ContextHandler : Started o.s.j.s.ServletContextHandler@70925b45{/api,null,AVAILABLE,@Spark}
2022-08-01 16:44:19.706  INFO  915 --- [           main] ject.jetty.server.handler.ContextHandler : Started o.s.j.s.ServletContextHandler@5922ae77{/jobs/job/kill,null,AVAILABLE,@Spark}
2022-08-01 16:44:19.706  INFO  915 --- [           main] ject.jetty.server.handler.ContextHandler : Started o.s.j.s.ServletContextHandler@2af616d3{/stages/stage/kill,null,AVAILABLE,@Spark}
2022-08-01 16:44:19.706  INFO   57 --- [           main] org.apache.spark.internal.Logging        : Bound SparkUI to 0.0.0.0, and started at http://host.docker.internal:4040
2022-08-01 16:44:20.019  INFO   57 --- [           main] org.apache.spark.internal.Logging        : Starting executor ID driver on host host.docker.internal
2022-08-01 16:44:20.065  INFO   57 --- [           main] org.apache.spark.internal.Logging        : Successfully started service 'org.apache.spark.network.netty.NettyBlockTransferService' on port 56594.
2022-08-01 16:44:20.065  INFO   82 --- [           main] .network.netty.NettyBlockTransferService : Server created on host.docker.internal:56594
2022-08-01 16:44:20.081  INFO   57 --- [           main] org.apache.spark.internal.Logging        : Using org.apache.spark.storage.RandomBlockReplicationPolicy for block replication policy
2022-08-01 16:44:20.081  INFO   57 --- [           main] org.apache.spark.internal.Logging        : Registering BlockManager BlockManagerId(driver, host.docker.internal, 56594, None)
2022-08-01 16:44:20.097  INFO   57 --- [ckManagerMaster] org.apache.spark.internal.Logging        : Registering block manager host.docker.internal:56594 with 897.6 MiB RAM, BlockManagerId(driver, host.docker.internal, 56594, None)
2022-08-01 16:44:20.097  INFO   57 --- [           main] org.apache.spark.internal.Logging        : Registered BlockManager BlockManagerId(driver, host.docker.internal, 56594, None)
2022-08-01 16:44:20.097  INFO   57 --- [           main] org.apache.spark.internal.Logging        : Initialized BlockManager: BlockManagerId(driver, host.docker.internal, 56594, None)
2022-08-01 16:44:20.394  INFO  915 --- [           main] ject.jetty.server.handler.ContextHandler : Started o.s.j.s.ServletContextHandler@25c5e994{/metrics/json,null,AVAILABLE,@Spark}
2022-08-01 16:44:21.159  INFO   57 --- [streaming-start] org.apache.spark.internal.Logging        : Starting 1 receivers
2022-08-01 16:44:21.159  INFO   57 --- [streaming-start] org.apache.spark.internal.Logging        : ReceiverTracker started
2022-08-01 16:44:21.159  INFO   57 --- [streaming-start] org.apache.spark.internal.Logging        : Slide time = 1000 ms
2022-08-01 16:44:21.159  INFO   57 --- [streaming-start] org.apache.spark.internal.Logging        : Storage level = Serialized 1x Replicated
2022-08-01 16:44:21.175  INFO   57 --- [streaming-start] org.apache.spark.internal.Logging        : Checkpoint interval = null
2022-08-01 16:44:21.175  INFO   57 --- [streaming-start] org.apache.spark.internal.Logging        : Remember interval = 1000 ms
2022-08-01 16:44:21.175  INFO   57 --- [streaming-start] org.apache.spark.internal.Logging        : Initialized and validated org.apache.spark.streaming.dstream.PluggableInputDStream@4493fd87
2022-08-01 16:44:21.175  INFO   57 --- [streaming-start] org.apache.spark.internal.Logging        : Slide time = 1000 ms
2022-08-01 16:44:21.175  INFO   57 --- [streaming-start] org.apache.spark.internal.Logging        : Storage level = Serialized 1x Replicated
2022-08-01 16:44:21.175  INFO   57 --- [streaming-start] org.apache.spark.internal.Logging        : Checkpoint interval = null
2022-08-01 16:44:21.175  INFO   57 --- [streaming-start] org.apache.spark.internal.Logging        : Remember interval = 1000 ms
2022-08-01 16:44:21.175  INFO   57 --- [streaming-start] org.apache.spark.internal.Logging        : Initialized and validated org.apache.spark.streaming.dstream.MappedDStream@d6091dc
2022-08-01 16:44:21.175  INFO   57 --- [streaming-start] org.apache.spark.internal.Logging        : Slide time = 1000 ms
2022-08-01 16:44:21.175  INFO   57 --- [streaming-start] org.apache.spark.internal.Logging        : Storage level = Serialized 1x Replicated
2022-08-01 16:44:21.175  INFO   57 --- [streaming-start] org.apache.spark.internal.Logging        : Checkpoint interval = null
2022-08-01 16:44:21.175  INFO   57 --- [streaming-start] org.apache.spark.internal.Logging        : Remember interval = 1000 ms
2022-08-01 16:44:21.175  INFO   57 --- [streaming-start] org.apache.spark.internal.Logging        : Initialized and validated org.apache.spark.streaming.dstream.ForEachDStream@562f6f5c
2022-08-01 16:44:21.284  INFO   57 --- [er-event-loop-3] org.apache.spark.internal.Logging        : Receiver 0 started
2022-08-01 16:44:21.300  INFO   57 --- [streaming-start] org.apache.spark.internal.Logging        : Started timer for JobGenerator at time 1659368662000
2022-08-01 16:44:21.300  INFO   57 --- [streaming-start] org.apache.spark.internal.Logging        : Started JobGenerator at 1659368662000 ms
2022-08-01 16:44:21.300  INFO   57 --- [streaming-start] org.apache.spark.internal.Logging        : Started JobScheduler
2022-08-01 16:44:21.300  INFO  915 --- [           main] ject.jetty.server.handler.ContextHandler : Started o.s.j.s.ServletContextHandler@351e414e{/streaming,null,AVAILABLE,@Spark}
2022-08-01 16:44:21.315  INFO  915 --- [           main] ject.jetty.server.handler.ContextHandler : Started o.s.j.s.ServletContextHandler@5109e8cf{/streaming/json,null,AVAILABLE,@Spark}
2022-08-01 16:44:21.315  INFO  915 --- [           main] ject.jetty.server.handler.ContextHandler : Started o.s.j.s.ServletContextHandler@348d18a3{/streaming/batch,null,AVAILABLE,@Spark}
2022-08-01 16:44:21.315  INFO  915 --- [           main] ject.jetty.server.handler.ContextHandler : Started o.s.j.s.ServletContextHandler@2d000e80{/streaming/batch/json,null,AVAILABLE,@Spark}
2022-08-01 16:44:21.315  INFO  915 --- [           main] ject.jetty.server.handler.ContextHandler : Started o.s.j.s.ServletContextHandler@4d2a1da3{/static/streaming,null,AVAILABLE,@Spark}
2022-08-01 16:44:21.315  INFO   57 --- [uler-event-loop] org.apache.spark.internal.Logging        : Got job 0 (start at Application.java:156) with 1 output partitions
2022-08-01 16:44:21.315  INFO   57 --- [           main] org.apache.spark.internal.Logging        : StreamingContext started
2022-08-01 16:44:21.315  INFO   57 --- [uler-event-loop] org.apache.spark.internal.Logging        : Final stage: ResultStage 0 (start at Application.java:156)
2022-08-01 16:44:21.315  INFO   57 --- [uler-event-loop] org.apache.spark.internal.Logging        : Parents of final stage: List()
2022-08-01 16:44:21.315  INFO   57 --- [uler-event-loop] org.apache.spark.internal.Logging        : Missing parents: List()
2022-08-01 16:44:21.331  INFO   57 --- [uler-event-loop] org.apache.spark.internal.Logging        : Submitting ResultStage 0 (Receiver 0 ParallelCollectionRDD[0] at makeRDD at ReceiverTracker.scala:609), which has no missing parents
2022-08-01 16:44:21.565  INFO   57 --- [uler-event-loop] org.apache.spark.internal.Logging        : Block broadcast_0 stored as values in memory (estimated size 97.5 KiB, free 897.5 MiB)
2022-08-01 16:44:21.706  INFO   57 --- [uler-event-loop] org.apache.spark.internal.Logging        : Block broadcast_0_piece0 stored as bytes in memory (estimated size 34.2 KiB, free 897.5 MiB)
2022-08-01 16:44:21.706  INFO   57 --- [ckManagerMaster] org.apache.spark.internal.Logging        : Added broadcast_0_piece0 in memory on host.docker.internal:56594 (size: 34.2 KiB, free: 897.6 MiB)
2022-08-01 16:44:21.722  INFO   57 --- [uler-event-loop] org.apache.spark.internal.Logging        : Created broadcast 0 from broadcast at DAGScheduler.scala:1478
2022-08-01 16:44:21.753  INFO   57 --- [uler-event-loop] org.apache.spark.internal.Logging        : Submitting 1 missing tasks from ResultStage 0 (Receiver 0 ParallelCollectionRDD[0] at makeRDD at ReceiverTracker.scala:609) (first 15 tasks are for partitions Vector(0))
2022-08-01 16:44:21.753  INFO   57 --- [uler-event-loop] org.apache.spark.internal.Logging        : Adding task set 0.0 with 1 tasks resource profile 0
2022-08-01 16:44:21.847  INFO   57 --- [er-event-loop-0] org.apache.spark.internal.Logging        : Starting task 0.0 in stage 0.0 (TID 0) (host.docker.internal, executor driver, partition 0, PROCESS_LOCAL, 5950 bytes) taskResourceAssignments Map()
2022-08-01 16:44:21.878  INFO   57 --- [age 0.0 (TID 0)] org.apache.spark.internal.Logging        : Running task 0.0 in stage 0.0 (TID 0)
2022-08-01 16:44:22.062  INFO   57 --- [   JobGenerator] org.apache.spark.internal.Logging        : Added jobs for time 1659368662000 ms
2022-08-01 16:44:22.088  INFO   57 --- [   JobScheduler] org.apache.spark.internal.Logging        : Starting job streaming job 1659368662000 ms.0 from job set of time 1659368662000 ms
2022-08-01 16:44:22.209  WARN   69 --- [-job-executor-0] org.apache.spark.internal.Logging        : Using an existing SparkContext; some configuration may not take effect.
2022-08-01 16:44:22.260  INFO   57 --- [age 0.0 (TID 0)] org.apache.spark.internal.Logging        : Started timer for BlockGenerator at time 1659368662400
2022-08-01 16:44:22.281  INFO   57 --- [age 0.0 (TID 0)] org.apache.spark.internal.Logging        : Started BlockGenerator
2022-08-01 16:44:22.284  INFO   57 --- [      Thread-14] org.apache.spark.internal.Logging        : Started block pushing thread
2022-08-01 16:44:22.307  INFO   57 --- [er-event-loop-0] org.apache.spark.internal.Logging        : Registered receiver for stream 0 from host.docker.internal:56570
2022-08-01 16:44:22.314  INFO   57 --- [age 0.0 (TID 0)] org.apache.spark.internal.Logging        : Starting receiver 0
2022-08-01 16:44:22.316  INFO   57 --- [age 0.0 (TID 0)] org.apache.spark.internal.Logging        : Called receiver 0 onStart
2022-08-01 16:44:22.318  INFO   57 --- [age 0.0 (TID 0)] org.apache.spark.internal.Logging        : Waiting for receiver to be stopped
2022-08-01 16:44:22.914  INFO   57 --- [-job-executor-0] org.apache.spark.internal.Logging        : Setting hive.metastore.warehouse.dir ('null') to the value of spark.sql.warehouse.dir.
2022-08-01 16:44:23.005  INFO   57 --- [   JobGenerator] org.apache.spark.internal.Logging        : Added jobs for time 1659368663000 ms
2022-08-01 16:44:23.780  INFO   57 --- [-job-executor-0] org.apache.spark.internal.Logging        : Warehouse path is 'file:/C:/IntelliJProjects/NifiSparkStreaming/spark-warehouse'.
2022-08-01 16:44:23.808  INFO  915 --- [-job-executor-0] ject.jetty.server.handler.ContextHandler : Started o.s.j.s.ServletContextHandler@2ac43664{/SQL,null,AVAILABLE,@Spark}
2022-08-01 16:44:23.810  INFO  915 --- [-job-executor-0] ject.jetty.server.handler.ContextHandler : Started o.s.j.s.ServletContextHandler@524ae2c5{/SQL/json,null,AVAILABLE,@Spark}
2022-08-01 16:44:23.812  INFO  915 --- [-job-executor-0] ject.jetty.server.handler.ContextHandler : Started o.s.j.s.ServletContextHandler@628aca18{/SQL/execution,null,AVAILABLE,@Spark}
2022-08-01 16:44:23.813  INFO  915 --- [-job-executor-0] ject.jetty.server.handler.ContextHandler : Started o.s.j.s.ServletContextHandler@5027a611{/SQL/execution/json,null,AVAILABLE,@Spark}
2022-08-01 16:44:23.816  INFO  915 --- [-job-executor-0] ject.jetty.server.handler.ContextHandler : Started o.s.j.s.ServletContextHandler@45e16fd5{/static/sql,null,AVAILABLE,@Spark}
2022-08-01 16:44:24.015  INFO   57 --- [   JobGenerator] org.apache.spark.internal.Logging        : Added jobs for time 1659368664000 ms
2022-08-01 16:44:24.086  INFO  571 --- [  NiFi Receiver] g.apache.nifi.remote.client.PeerSelector : Successfully refreshed peer status cache; remote group consists of 1 peers
2022-08-01 16:44:24.086  INFO  571 --- [ool Maintenance] g.apache.nifi.remote.client.PeerSelector : Successfully refreshed peer status cache; remote group consists of 1 peers
2022-08-01 16:44:24.231  INFO   57 --- [  NiFi Receiver] org.apache.spark.internal.Logging        : Block input-0-1659368662249 stored as values in memory (estimated size 5.1 MiB, free 892.4 MiB)
2022-08-01 16:44:24.235  INFO   57 --- [ckManagerMaster] org.apache.spark.internal.Logging        : Added input-0-1659368662249 in memory on host.docker.internal:56594 (size: 5.1 MiB, free: 892.5 MiB)
2022-08-01 16:44:25.008  INFO   57 --- [   JobGenerator] org.apache.spark.internal.Logging        : Added jobs for time 1659368665000 ms
2022-08-01 16:44:26.002  INFO   57 --- [   JobGenerator] org.apache.spark.internal.Logging        : Added jobs for time 1659368666000 ms
2022-08-01 16:44:27.005  INFO   57 --- [   JobGenerator] org.apache.spark.internal.Logging        : Added jobs for time 1659368667000 ms
2022-08-01 16:44:28.012  INFO   57 --- [   JobGenerator] org.apache.spark.internal.Logging        : Added jobs for time 1659368668000 ms
2022-08-01 16:44:28.653  INFO   57 --- [-job-executor-0] org.apache.spark.internal.Logging        : Code generated in 344.5277 ms
2022-08-01 16:44:28.690  INFO   57 --- [   JobScheduler] org.apache.spark.internal.Logging        : Finished job streaming job 1659368662000 ms.0 from job set of time 1659368662000 ms
2022-08-01 16:44:28.692  INFO   57 --- [   JobScheduler] org.apache.spark.internal.Logging        : Total delay: 6.689 s for time 1659368662000 ms (execution: 6.602 s)
2022-08-01 16:44:28.693  INFO   57 --- [   JobScheduler] org.apache.spark.internal.Logging        : Starting job streaming job 1659368663000 ms.0 from job set of time 1659368663000 ms
2022-08-01 16:44:28.696  WARN   69 --- [-job-executor-0] org.apache.spark.internal.Logging        : Using an existing SparkSession; the static sql configurations will not take effect.
2022-08-01 16:44:28.697  WARN   69 --- [-job-executor-0] org.apache.spark.internal.Logging        : Using an existing SparkSession; some spark core configurations may not take effect.
2022-08-01 16:44:28.703  INFO   57 --- [   JobGenerator] org.apache.spark.internal.Logging        : Deleting batches: 
2022-08-01 16:44:28.706  INFO   57 --- [   JobGenerator] org.apache.spark.internal.Logging        : remove old batch metadata: 
2022-08-01 16:44:28.799  INFO   57 --- [   JobScheduler] org.apache.spark.internal.Logging        : Finished job streaming job 1659368663000 ms.0 from job set of time 1659368663000 ms
2022-08-01 16:44:28.800  INFO   57 --- [   JobScheduler] org.apache.spark.internal.Logging        : Total delay: 5.799 s for time 1659368663000 ms (execution: 0.106 s)
2022-08-01 16:44:28.803  INFO   57 --- [   JobScheduler] org.apache.spark.internal.Logging        : Starting job streaming job 1659368664000 ms.0 from job set of time 1659368664000 ms
2022-08-01 16:44:28.802  WARN   69 --- [-job-executor-0] org.apache.spark.internal.Logging        : Using an existing SparkSession; the static sql configurations will not take effect.
2022-08-01 16:44:28.805  WARN   69 --- [-job-executor-0] org.apache.spark.internal.Logging        : Using an existing SparkSession; some spark core configurations may not take effect.
2022-08-01 16:44:28.808  INFO   57 --- [   JobGenerator] org.apache.spark.internal.Logging        : Removing RDD 2 from persistence list
2022-08-01 16:44:28.839  INFO   57 --- [   JobGenerator] org.apache.spark.internal.Logging        : Removing RDD 1 from persistence list
2022-08-01 16:44:28.840  INFO   57 --- [c-thread-pool-0] org.apache.spark.internal.Logging        : Removing RDD 2
2022-08-01 16:44:28.842  INFO   57 --- [   JobGenerator] org.apache.spark.internal.Logging        : Removing blocks of RDD BlockRDD[1] at receiverStream at Application.java:122 of time 1659368663000 ms
2022-08-01 16:44:28.841  INFO   57 --- [c-thread-pool-1] org.apache.spark.internal.Logging        : Removing RDD 1
2022-08-01 16:44:28.849  INFO   57 --- [   JobGenerator] org.apache.spark.internal.Logging        : Deleting batches: 
2022-08-01 16:44:28.849  INFO   57 --- [   JobGenerator] org.apache.spark.internal.Logging        : remove old batch metadata: 
2022-08-01 16:44:28.932  INFO   57 --- [   JobScheduler] org.apache.spark.internal.Logging        : Finished job streaming job 1659368664000 ms.0 from job set of time 1659368664000 ms
2022-08-01 16:44:28.934  INFO   57 --- [   JobScheduler] org.apache.spark.internal.Logging        : Total delay: 4.932 s for time 1659368664000 ms (execution: 0.130 s)
2022-08-01 16:44:28.935  INFO   57 --- [   JobGenerator] org.apache.spark.internal.Logging        : Removing RDD 6 from persistence list
2022-08-01 16:44:28.936  INFO   57 --- [   JobGenerator] org.apache.spark.internal.Logging        : Removing RDD 5 from persistence list
2022-08-01 16:44:28.938  INFO   57 --- [   JobGenerator] org.apache.spark.internal.Logging        : Removing blocks of RDD BlockRDD[5] at receiverStream at Application.java:122 of time 1659368664000 ms
2022-08-01 16:44:28.940  INFO   57 --- [   JobGenerator] org.apache.spark.internal.Logging        : Deleting batches: 1659368662000 ms
2022-08-01 16:44:28.938  INFO   57 --- [   JobScheduler] org.apache.spark.internal.Logging        : Starting job streaming job 1659368665000 ms.0 from job set of time 1659368665000 ms
2022-08-01 16:44:28.940  INFO   57 --- [   JobGenerator] org.apache.spark.internal.Logging        : remove old batch metadata: 1659368662000 ms
2022-08-01 16:44:28.941  INFO   57 --- [c-thread-pool-6] org.apache.spark.internal.Logging        : Removing RDD 6
2022-08-01 16:44:28.942  INFO   57 --- [c-thread-pool-7] org.apache.spark.internal.Logging        : Removing RDD 5
2022-08-01 16:44:28.949  WARN   69 --- [-job-executor-0] org.apache.spark.internal.Logging        : Using an existing SparkSession; the static sql configurations will not take effect.
2022-08-01 16:44:28.950  WARN   69 --- [-job-executor-0] org.apache.spark.internal.Logging        : Using an existing SparkSession; some spark core configurations may not take effect.
2022-08-01 16:44:29.004  INFO   57 --- [   JobGenerator] org.apache.spark.internal.Logging        : Added jobs for time 1659368669000 ms
2022-08-01 16:44:29.041  INFO   57 --- [-job-executor-0] org.apache.spark.internal.Logging        : Starting job: show at Application.java:146
2022-08-01 16:44:29.044  INFO   57 --- [uler-event-loop] org.apache.spark.internal.Logging        : Got job 1 (show at Application.java:146) with 1 output partitions
2022-08-01 16:44:29.044  INFO   57 --- [uler-event-loop] org.apache.spark.internal.Logging        : Final stage: ResultStage 1 (show at Application.java:146)
2022-08-01 16:44:29.045  INFO   57 --- [uler-event-loop] org.apache.spark.internal.Logging        : Parents of final stage: List()
2022-08-01 16:44:29.045  INFO   57 --- [uler-event-loop] org.apache.spark.internal.Logging        : Missing parents: List()
2022-08-01 16:44:29.047  INFO   57 --- [uler-event-loop] org.apache.spark.internal.Logging        : Submitting ResultStage 1 (MapPartitionsRDD[32] at show at Application.java:146), which has no missing parents
2022-08-01 16:44:29.075  INFO   57 --- [uler-event-loop] org.apache.spark.internal.Logging        : Block broadcast_1 stored as values in memory (estimated size 12.9 KiB, free 892.4 MiB)
2022-08-01 16:44:29.078  INFO   57 --- [uler-event-loop] org.apache.spark.internal.Logging        : Block broadcast_1_piece0 stored as bytes in memory (estimated size 5.8 KiB, free 892.4 MiB)
2022-08-01 16:44:29.079  INFO   57 --- [ckManagerMaster] org.apache.spark.internal.Logging        : Added broadcast_1_piece0 in memory on host.docker.internal:56594 (size: 5.8 KiB, free: 892.5 MiB)
2022-08-01 16:44:29.080  INFO   57 --- [uler-event-loop] org.apache.spark.internal.Logging        : Created broadcast 1 from broadcast at DAGScheduler.scala:1478
2022-08-01 16:44:29.082  INFO   57 --- [uler-event-loop] org.apache.spark.internal.Logging        : Submitting 1 missing tasks from ResultStage 1 (MapPartitionsRDD[32] at show at Application.java:146) (first 15 tasks are for partitions Vector(0))
2022-08-01 16:44:29.082  INFO   57 --- [uler-event-loop] org.apache.spark.internal.Logging        : Adding task set 1.0 with 1 tasks resource profile 0
2022-08-01 16:44:29.087  INFO   57 --- [er-event-loop-2] org.apache.spark.internal.Logging        : Starting task 0.0 in stage 1.0 (TID 1) (host.docker.internal, executor driver, partition 0, PROCESS_LOCAL, 4394 bytes) taskResourceAssignments Map()
2022-08-01 16:44:29.089  INFO   57 --- [age 1.0 (TID 1)] org.apache.spark.internal.Logging        : Running task 0.0 in stage 1.0 (TID 1)
2022-08-01 16:44:29.317  INFO   57 --- [age 1.0 (TID 1)] org.apache.spark.internal.Logging        : Found block input-0-1659368662249 locally
2022-08-01 16:44:30.002  INFO   57 --- [   JobGenerator] org.apache.spark.internal.Logging        : Added jobs for time 1659368670000 ms
2022-08-01 16:44:30.243  INFO   57 --- [age 1.0 (TID 1)] org.apache.spark.internal.Logging        : 1 block locks were not released by task 0.0 in stage 1.0 (TID 1)
[input-0-1659368662249]
2022-08-01 16:44:30.259  INFO   57 --- [age 1.0 (TID 1)] org.apache.spark.internal.Logging        : Finished task 0.0 in stage 1.0 (TID 1). 2414 bytes result sent to driver
2022-08-01 16:44:30.277  INFO   57 --- [result-getter-0] org.apache.spark.internal.Logging        : Finished task 0.0 in stage 1.0 (TID 1) in 1191 ms on host.docker.internal (executor driver) (1/1)
2022-08-01 16:44:30.286  INFO   57 --- [result-getter-0] org.apache.spark.internal.Logging        : Removed TaskSet 1.0, whose tasks have all completed, from pool 
2022-08-01 16:44:30.294  INFO   57 --- [uler-event-loop] org.apache.spark.internal.Logging        : ResultStage 1 (show at Application.java:146) finished in 1.240 s
2022-08-01 16:44:30.306  INFO   57 --- [uler-event-loop] org.apache.spark.internal.Logging        : Job 1 is finished. Cancelling potential speculative or zombie tasks for this job
2022-08-01 16:44:30.307  INFO   57 --- [uler-event-loop] org.apache.spark.internal.Logging        : Killing all running tasks in stage 1: Stage finished
2022-08-01 16:44:30.311  INFO   57 --- [-job-executor-0] org.apache.spark.internal.Logging        : Job 1 finished: show at Application.java:146, took 1.269871 s
2022-08-01 16:44:30.431  INFO   57 --- [-job-executor-0] org.apache.spark.internal.Logging        : Code generated in 59.2084 ms
2022-08-01 16:44:30.477  INFO   57 --- [   JobScheduler] org.apache.spark.internal.Logging        : Finished job streaming job 1659368665000 ms.0 from job set of time 1659368665000 ms
2022-08-01 16:44:30.478  INFO   57 --- [   JobScheduler] org.apache.spark.internal.Logging        : Total delay: 5.477 s for time 1659368665000 ms (execution: 1.539 s)
2022-08-01 16:44:30.489  INFO   57 --- [   JobScheduler] org.apache.spark.internal.Logging        : Starting job streaming job 1659368666000 ms.0 from job set of time 1659368666000 ms
2022-08-01 16:44:30.490  INFO   57 --- [   JobGenerator] org.apache.spark.internal.Logging        : Removing RDD 8 from persistence list
2022-08-01 16:44:30.486  WARN   69 --- [-job-executor-0] org.apache.spark.internal.Logging        : Using an existing SparkSession; the static sql configurations will not take effect.
2022-08-01 16:44:30.491  WARN   69 --- [-job-executor-0] org.apache.spark.internal.Logging        : Using an existing SparkSession; some spark core configurations may not take effect.
2022-08-01 16:44:30.533  INFO   57 --- [   JobGenerator] org.apache.spark.internal.Logging        : Removing RDD 7 from persistence list
2022-08-01 16:44:30.535  INFO   57 --- [   JobGenerator] org.apache.spark.internal.Logging        : Removing blocks of RDD BlockRDD[7] at receiverStream at Application.java:122 of time 1659368665000 ms
2022-08-01 16:44:30.536  INFO   57 --- [   JobGenerator] org.apache.spark.internal.Logging        : Deleting batches: 1659368663000 ms
2022-08-01 16:44:30.536  INFO   57 --- [   JobGenerator] org.apache.spark.internal.Logging        : remove old batch metadata: 1659368663000 ms
2022-08-01 16:44:30.598  INFO   57 --- [-thread-pool-13] org.apache.spark.internal.Logging        : Removing RDD 8
2022-08-01 16:44:30.598  INFO   57 --- [-thread-pool-14] org.apache.spark.internal.Logging        : Removing RDD 7
2022-08-01 16:44:30.609  INFO   57 --- [ckManagerMaster] org.apache.spark.internal.Logging        : Removed broadcast_1_piece0 on host.docker.internal:56594 in memory (size: 5.8 KiB, free: 892.5 MiB)
2022-08-01 16:44:30.629  INFO   57 --- [   JobScheduler] org.apache.spark.internal.Logging        : Finished job streaming job 1659368666000 ms.0 from job set of time 1659368666000 ms
2022-08-01 16:44:30.630  INFO   57 --- [   JobScheduler] org.apache.spark.internal.Logging        : Total delay: 4.629 s for time 1659368666000 ms (execution: 0.140 s)
2022-08-01 16:44:30.631  INFO   57 --- [   JobScheduler] org.apache.spark.internal.Logging        : Starting job streaming job 1659368667000 ms.0 from job set of time 1659368667000 ms
2022-08-01 16:44:30.632  INFO   57 --- [   JobGenerator] org.apache.spark.internal.Logging        : Removing RDD 10 from persistence list
2022-08-01 16:44:30.634  INFO   57 --- [   JobGenerator] org.apache.spark.internal.Logging        : Removing RDD 9 from persistence list
2022-08-01 16:44:30.635  INFO   57 --- [   JobGenerator] org.apache.spark.internal.Logging        : Removing blocks of RDD BlockRDD[9] at receiverStream at Application.java:122 of time 1659368666000 ms
2022-08-01 16:44:30.637  INFO   57 --- [-thread-pool-21] org.apache.spark.internal.Logging        : Removing RDD 10
2022-08-01 16:44:30.637  INFO   57 --- [-thread-pool-22] org.apache.spark.internal.Logging        : Removing RDD 9
2022-08-01 16:44:30.638  WARN   69 --- [-job-executor-0] org.apache.spark.internal.Logging        : Using an existing SparkSession; the static sql configurations will not take effect.
2022-08-01 16:44:30.639  WARN   69 --- [-job-executor-0] org.apache.spark.internal.Logging        : Using an existing SparkSession; some spark core configurations may not take effect.
2022-08-01 16:44:30.639  INFO   57 --- [   JobGenerator] org.apache.spark.internal.Logging        : Deleting batches: 1659368664000 ms
2022-08-01 16:44:30.639  INFO   57 --- [   JobGenerator] org.apache.spark.internal.Logging        : remove old batch metadata: 1659368664000 ms
2022-08-01 16:44:30.644  INFO   57 --- [ckManagerMaster] org.apache.spark.internal.Logging        : Removed input-0-1659368662249 on host.docker.internal:56594 in memory (size: 5.1 MiB, free: 897.6 MiB)
2022-08-01 16:44:30.742  INFO   57 --- [   JobScheduler] org.apache.spark.internal.Logging        : Finished job streaming job 1659368667000 ms.0 from job set of time 1659368667000 ms
2022-08-01 16:44:30.743  INFO   57 --- [   JobScheduler] org.apache.spark.internal.Logging        : Total delay: 3.742 s for time 1659368667000 ms (execution: 0.111 s)
2022-08-01 16:44:30.743  INFO   57 --- [   JobScheduler] org.apache.spark.internal.Logging        : Starting job streaming job 1659368668000 ms.0 from job set of time 1659368668000 ms
2022-08-01 16:44:30.745  INFO   57 --- [   JobGenerator] org.apache.spark.internal.Logging        : Removing RDD 12 from persistence list
2022-08-01 16:44:30.749  WARN   69 --- [-job-executor-0] org.apache.spark.internal.Logging        : Using an existing SparkSession; the static sql configurations will not take effect.
2022-08-01 16:44:30.749  INFO   57 --- [   JobGenerator] org.apache.spark.internal.Logging        : Removing RDD 11 from persistence list
2022-08-01 16:44:30.749  WARN   69 --- [-job-executor-0] org.apache.spark.internal.Logging        : Using an existing SparkSession; some spark core configurations may not take effect.
2022-08-01 16:44:30.752  INFO   57 --- [   JobGenerator] org.apache.spark.internal.Logging        : Removing blocks of RDD BlockRDD[11] at receiverStream at Application.java:122 of time 1659368667000 ms
2022-08-01 16:44:30.753  INFO   57 --- [   JobGenerator] org.apache.spark.internal.Logging        : Deleting batches: 1659368665000 ms
2022-08-01 16:44:30.753  INFO   57 --- [   JobGenerator] org.apache.spark.internal.Logging        : remove old batch metadata: 1659368665000 ms
2022-08-01 16:44:30.776  INFO   57 --- [-thread-pool-30] org.apache.spark.internal.Logging        : Removing RDD 12
2022-08-01 16:44:30.777  INFO   57 --- [-thread-pool-31] org.apache.spark.internal.Logging        : Removing RDD 11
2022-08-01 16:44:30.853  INFO   57 --- [   JobScheduler] org.apache.spark.internal.Logging        : Finished job streaming job 1659368668000 ms.0 from job set of time 1659368668000 ms
2022-08-01 16:44:30.854  INFO   57 --- [   JobScheduler] org.apache.spark.internal.Logging        : Total delay: 2.853 s for time 1659368668000 ms (execution: 0.110 s)
2022-08-01 16:44:30.854  INFO   57 --- [   JobScheduler] org.apache.spark.internal.Logging        : Starting job streaming job 1659368669000 ms.0 from job set of time 1659368669000 ms
2022-08-01 16:44:30.855  INFO   57 --- [   JobGenerator] org.apache.spark.internal.Logging        : Removing RDD 14 from persistence list
2022-08-01 16:44:30.858  WARN   69 --- [-job-executor-0] org.apache.spark.internal.Logging        : Using an existing SparkSession; the static sql configurations will not take effect.
2022-08-01 16:44:30.858  WARN   69 --- [-job-executor-0] org.apache.spark.internal.Logging        : Using an existing SparkSession; some spark core configurations may not take effect.
2022-08-01 16:44:30.859  INFO   57 --- [   JobGenerator] org.apache.spark.internal.Logging        : Removing RDD 13 from persistence list
2022-08-01 16:44:30.863  INFO   57 --- [   JobGenerator] org.apache.spark.internal.Logging        : Removing blocks of RDD BlockRDD[13] at receiverStream at Application.java:122 of time 1659368668000 ms
2022-08-01 16:44:30.865  INFO   57 --- [   JobGenerator] org.apache.spark.internal.Logging        : Deleting batches: 1659368666000 ms
2022-08-01 16:44:30.868  INFO   57 --- [   JobGenerator] org.apache.spark.internal.Logging        : remove old batch metadata: 1659368666000 ms
2022-08-01 16:44:30.870  INFO   57 --- [-thread-pool-36] org.apache.spark.internal.Logging        : Removing RDD 14
2022-08-01 16:44:30.870  INFO   57 --- [-thread-pool-37] org.apache.spark.internal.Logging        : Removing RDD 13
2022-08-01 16:44:30.937  INFO   57 --- [   JobScheduler] org.apache.spark.internal.Logging        : Finished job streaming job 1659368669000 ms.0 from job set of time 1659368669000 ms
2022-08-01 16:44:30.937  INFO   57 --- [   JobScheduler] org.apache.spark.internal.Logging        : Total delay: 1.937 s for time 1659368669000 ms (execution: 0.083 s)
2022-08-01 16:44:30.937  INFO   57 --- [   JobScheduler] org.apache.spark.internal.Logging        : Starting job streaming job 1659368670000 ms.0 from job set of time 1659368670000 ms
2022-08-01 16:44:30.937  INFO   57 --- [   JobGenerator] org.apache.spark.internal.Logging        : Removing RDD 16 from persistence list
2022-08-01 16:44:30.939  INFO   57 --- [   JobGenerator] org.apache.spark.internal.Logging        : Removing RDD 15 from persistence list
2022-08-01 16:44:30.939  INFO   57 --- [-thread-pool-42] org.apache.spark.internal.Logging        : Removing RDD 16
2022-08-01 16:44:30.941  INFO   57 --- [   JobGenerator] org.apache.spark.internal.Logging        : Removing blocks of RDD BlockRDD[15] at receiverStream at Application.java:122 of time 1659368669000 ms
2022-08-01 16:44:30.942  INFO   57 --- [   JobGenerator] org.apache.spark.internal.Logging        : Deleting batches: 1659368667000 ms
2022-08-01 16:44:30.943  INFO   57 --- [   JobGenerator] org.apache.spark.internal.Logging        : remove old batch metadata: 1659368667000 ms
2022-08-01 16:44:30.943  WARN   69 --- [-job-executor-0] org.apache.spark.internal.Logging        : Using an existing SparkSession; the static sql configurations will not take effect.
2022-08-01 16:44:30.944  WARN   69 --- [-job-executor-0] org.apache.spark.internal.Logging        : Using an existing SparkSession; some spark core configurations may not take effect.
2022-08-01 16:44:30.947  INFO   57 --- [-thread-pool-45] org.apache.spark.internal.Logging        : Removing RDD 15
2022-08-01 16:44:31.007  INFO   57 --- [   JobGenerator] org.apache.spark.internal.Logging        : Added jobs for time 1659368671000 ms
2022-08-01 16:44:31.092  INFO   57 --- [   JobScheduler] org.apache.spark.internal.Logging        : Finished job streaming job 1659368670000 ms.0 from job set of time 1659368670000 ms
2022-08-01 16:44:31.094  INFO   57 --- [   JobScheduler] org.apache.spark.internal.Logging        : Total delay: 1.092 s for time 1659368670000 ms (execution: 0.155 s)
2022-08-01 16:44:31.098  INFO   57 --- [   JobScheduler] org.apache.spark.internal.Logging        : Starting job streaming job 1659368671000 ms.0 from job set of time 1659368671000 ms
2022-08-01 16:44:31.102  WARN   69 --- [-job-executor-0] org.apache.spark.internal.Logging        : Using an existing SparkSession; the static sql configurations will not take effect.
2022-08-01 16:44:31.103  WARN   69 --- [-job-executor-0] org.apache.spark.internal.Logging        : Using an existing SparkSession; some spark core configurations may not take effect.
2022-08-01 16:44:31.109  INFO   57 --- [   JobGenerator] org.apache.spark.internal.Logging        : Removing RDD 30 from persistence list
2022-08-01 16:44:31.112  INFO   57 --- [   JobGenerator] org.apache.spark.internal.Logging        : Removing RDD 29 from persistence list
2022-08-01 16:44:31.114  INFO   57 --- [   JobGenerator] org.apache.spark.internal.Logging        : Removing blocks of RDD BlockRDD[29] at receiverStream at Application.java:122 of time 1659368670000 ms
2022-08-01 16:44:31.115  INFO   57 --- [   JobGenerator] org.apache.spark.internal.Logging        : Deleting batches: 1659368668000 ms
2022-08-01 16:44:31.115  INFO   57 --- [   JobGenerator] org.apache.spark.internal.Logging        : remove old batch metadata: 1659368668000 ms
2022-08-01 16:44:31.117  INFO   57 --- [-thread-pool-48] org.apache.spark.internal.Logging        : Removing RDD 30
2022-08-01 16:44:31.118  INFO   57 --- [-thread-pool-49] org.apache.spark.internal.Logging        : Removing RDD 29
2022-08-01 16:44:31.180  INFO   57 --- [   JobScheduler] org.apache.spark.internal.Logging        : Finished job streaming job 1659368671000 ms.0 from job set of time 1659368671000 ms
2022-08-01 16:44:31.180  INFO   57 --- [   JobScheduler] org.apache.spark.internal.Logging        : Total delay: 0.180 s for time 1659368671000 ms (execution: 0.086 s)
2022-08-01 16:44:31.180  INFO   57 --- [   JobGenerator] org.apache.spark.internal.Logging        : Removing RDD 34 from persistence list
2022-08-01 16:44:31.181  INFO   57 --- [   JobGenerator] org.apache.spark.internal.Logging        : Removing RDD 33 from persistence list
2022-08-01 16:44:31.181  INFO   57 --- [-thread-pool-54] org.apache.spark.internal.Logging        : Removing RDD 34
2022-08-01 16:44:31.183  INFO   57 --- [   JobGenerator] org.apache.spark.internal.Logging        : Removing blocks of RDD BlockRDD[33] at receiverStream at Application.java:122 of time 1659368671000 ms
2022-08-01 16:44:31.183  INFO   57 --- [-thread-pool-55] org.apache.spark.internal.Logging        : Removing RDD 33
2022-08-01 16:44:31.183  INFO   57 --- [   JobGenerator] org.apache.spark.internal.Logging        : Deleting batches: 1659368669000 ms
2022-08-01 16:44:31.184  INFO   57 --- [   JobGenerator] org.apache.spark.internal.Logging        : remove old batch metadata: 1659368669000 ms
2022-08-01 16:44:32.003  INFO   57 --- [   JobGenerator] org.apache.spark.internal.Logging        : Added jobs for time 1659368672000 ms
2022-08-01 16:44:32.004  INFO   57 --- [   JobScheduler] org.apache.spark.internal.Logging        : Starting job streaming job 1659368672000 ms.0 from job set of time 1659368672000 ms
2022-08-01 16:44:32.009  WARN   69 --- [-job-executor-0] org.apache.spark.internal.Logging        : Using an existing SparkSession; the static sql configurations will not take effect.
2022-08-01 16:44:32.010  WARN   69 --- [-job-executor-0] org.apache.spark.internal.Logging        : Using an existing SparkSession; some spark core configurations may not take effect.
2022-08-01 16:44:32.073  INFO   57 --- [   JobScheduler] org.apache.spark.internal.Logging        : Finished job streaming job 1659368672000 ms.0 from job set of time 1659368672000 ms
2022-08-01 16:44:32.073  INFO   57 --- [   JobScheduler] org.apache.spark.internal.Logging        : Total delay: 0.073 s for time 1659368672000 ms (execution: 0.069 s)
2022-08-01 16:44:32.073  INFO   57 --- [   JobGenerator] org.apache.spark.internal.Logging        : Removing RDD 54 from persistence list
2022-08-01 16:44:32.074  INFO   57 --- [   JobGenerator] org.apache.spark.internal.Logging        : Removing RDD 53 from persistence list
2022-08-01 16:44:32.074  INFO   57 --- [-thread-pool-60] org.apache.spark.internal.Logging        : Removing RDD 54
2022-08-01 16:44:32.076  INFO   57 --- [   JobGenerator] org.apache.spark.internal.Logging        : Removing blocks of RDD BlockRDD[53] at receiverStream at Application.java:122 of time 1659368672000 ms
2022-08-01 16:44:32.076  INFO   57 --- [-thread-pool-61] org.apache.spark.internal.Logging        : Removing RDD 53
2022-08-01 16:44:32.077  INFO   57 --- [   JobGenerator] org.apache.spark.internal.Logging        : Deleting batches: 1659368670000 ms
2022-08-01 16:44:32.077  INFO   57 --- [   JobGenerator] org.apache.spark.internal.Logging        : remove old batch metadata: 1659368670000 ms
2022-08-01 16:44:33.005  INFO   57 --- [   JobGenerator] org.apache.spark.internal.Logging        : Added jobs for time 1659368673000 ms
2022-08-01 16:44:33.005  INFO   57 --- [   JobScheduler] org.apache.spark.internal.Logging        : Starting job streaming job 1659368673000 ms.0 from job set of time 1659368673000 ms
2022-08-01 16:44:33.012  WARN   69 --- [-job-executor-0] org.apache.spark.internal.Logging        : Using an existing SparkSession; the static sql configurations will not take effect.
2022-08-01 16:44:33.012  WARN   69 --- [-job-executor-0] org.apache.spark.internal.Logging        : Using an existing SparkSession; some spark core configurations may not take effect.
2022-08-01 16:44:33.057  INFO   57 --- [   JobScheduler] org.apache.spark.internal.Logging        : Finished job streaming job 1659368673000 ms.0 from job set of time 1659368673000 ms
2022-08-01 16:44:33.057  INFO   57 --- [   JobScheduler] org.apache.spark.internal.Logging        : Total delay: 0.056 s for time 1659368673000 ms (execution: 0.051 s)
2022-08-01 16:44:33.057  INFO   57 --- [   JobGenerator] org.apache.spark.internal.Logging        : Removing RDD 62 from persistence list
2022-08-01 16:44:33.058  INFO   57 --- [   JobGenerator] org.apache.spark.internal.Logging        : Removing RDD 61 from persistence list
2022-08-01 16:44:33.059  INFO   57 --- [-thread-pool-66] org.apache.spark.internal.Logging        : Removing RDD 62
2022-08-01 16:44:33.060  INFO   57 --- [   JobGenerator] org.apache.spark.internal.Logging        : Removing blocks of RDD BlockRDD[61] at receiverStream at Application.java:122 of time 1659368673000 ms
2022-08-01 16:44:33.061  INFO   57 --- [   JobGenerator] org.apache.spark.internal.Logging        : Deleting batches: 1659368671000 ms
2022-08-01 16:44:33.061  INFO   57 --- [   JobGenerator] org.apache.spark.internal.Logging        : remove old batch metadata: 1659368671000 ms
2022-08-01 16:44:33.061  INFO   57 --- [-thread-pool-68] org.apache.spark.internal.Logging        : Removing RDD 61
2022-08-01 16:44:34.003  INFO   57 --- [   JobGenerator] org.apache.spark.internal.Logging        : Added jobs for time 1659368674000 ms
2022-08-01 16:44:34.004  INFO   57 --- [   JobScheduler] org.apache.spark.internal.Logging        : Starting job streaming job 1659368674000 ms.0 from job set of time 1659368674000 ms
2022-08-01 16:44:34.008  WARN   69 --- [-job-executor-0] org.apache.spark.internal.Logging        : Using an existing SparkSession; the static sql configurations will not take effect.
2022-08-01 16:44:34.009  WARN   69 --- [-job-executor-0] org.apache.spark.internal.Logging        : Using an existing SparkSession; some spark core configurations may not take effect.
2022-08-01 16:44:34.068  INFO   57 --- [   JobScheduler] org.apache.spark.internal.Logging        : Finished job streaming job 1659368674000 ms.0 from job set of time 1659368674000 ms
2022-08-01 16:44:34.069  INFO   57 --- [   JobScheduler] org.apache.spark.internal.Logging        : Total delay: 0.068 s for time 1659368674000 ms (execution: 0.064 s)
2022-08-01 16:44:34.069  INFO   57 --- [   JobGenerator] org.apache.spark.internal.Logging        : Removing RDD 68 from persistence list
2022-08-01 16:44:34.070  INFO   57 --- [   JobGenerator] org.apache.spark.internal.Logging        : Removing RDD 67 from persistence list
2022-08-01 16:44:34.071  INFO   57 --- [   JobGenerator] org.apache.spark.internal.Logging        : Removing blocks of RDD BlockRDD[67] at receiverStream at Application.java:122 of time 1659368674000 ms
2022-08-01 16:44:34.072  INFO   57 --- [   JobGenerator] org.apache.spark.internal.Logging        : Deleting batches: 1659368672000 ms
2022-08-01 16:44:34.072  INFO   57 --- [   JobGenerator] org.apache.spark.internal.Logging        : remove old batch metadata: 1659368672000 ms
2022-08-01 16:44:34.072  INFO   57 --- [-thread-pool-72] org.apache.spark.internal.Logging        : Removing RDD 68
2022-08-01 16:44:34.073  INFO   57 --- [-thread-pool-73] org.apache.spark.internal.Logging        : Removing RDD 67
2022-08-01 16:44:34.390  WARN   69 --- [tor-heartbeater] org.apache.spark.internal.Logging        : Exception when trying to compute pagesize, as a result reporting of ProcessTree metrics is stopped
2022-08-01 16:44:35.003  INFO   57 --- [   JobGenerator] org.apache.spark.internal.Logging        : Added jobs for time 1659368675000 ms
2022-08-01 16:44:35.003  INFO   57 --- [   JobScheduler] org.apache.spark.internal.Logging        : Starting job streaming job 1659368675000 ms.0 from job set of time 1659368675000 ms
2022-08-01 16:44:35.007  WARN   69 --- [-job-executor-0] org.apache.spark.internal.Logging        : Using an existing SparkSession; the static sql configurations will not take effect.
2022-08-01 16:44:35.007  WARN   69 --- [-job-executor-0] org.apache.spark.internal.Logging        : Using an existing SparkSession; some spark core configurations may not take effect.
2022-08-01 16:44:35.045  INFO   57 --- [   JobScheduler] org.apache.spark.internal.Logging        : Finished job streaming job 1659368675000 ms.0 from job set of time 1659368675000 ms
2022-08-01 16:44:35.046  INFO   57 --- [   JobScheduler] org.apache.spark.internal.Logging        : Total delay: 0.045 s for time 1659368675000 ms (execution: 0.042 s)
2022-08-01 16:44:35.046  INFO   57 --- [   JobGenerator] org.apache.spark.internal.Logging        : Removing RDD 74 from persistence list
2022-08-01 16:44:35.047  INFO   57 --- [   JobGenerator] org.apache.spark.internal.Logging        : Removing RDD 73 from persistence list
2022-08-01 16:44:35.047  INFO   57 --- [-thread-pool-78] org.apache.spark.internal.Logging        : Removing RDD 74
2022-08-01 16:44:35.048  INFO   57 --- [   JobGenerator] org.apache.spark.internal.Logging        : Removing blocks of RDD BlockRDD[73] at receiverStream at Application.java:122 of time 1659368675000 ms
2022-08-01 16:44:35.048  INFO   57 --- [-thread-pool-80] org.apache.spark.internal.Logging        : Removing RDD 73
2022-08-01 16:44:35.048  INFO   57 --- [   JobGenerator] org.apache.spark.internal.Logging        : Deleting batches: 1659368673000 ms
2022-08-01 16:44:35.049  INFO   57 --- [   JobGenerator] org.apache.spark.internal.Logging        : remove old batch metadata: 1659368673000 ms
2022-08-01 16:44:36.003  INFO   57 --- [   JobGenerator] org.apache.spark.internal.Logging        : Added jobs for time 1659368676000 ms
2022-08-01 16:44:36.003  INFO   57 --- [   JobScheduler] org.apache.spark.internal.Logging        : Starting job streaming job 1659368676000 ms.0 from job set of time 1659368676000 ms
2022-08-01 16:44:36.006  WARN   69 --- [-job-executor-0] org.apache.spark.internal.Logging        : Using an existing SparkSession; the static sql configurations will not take effect.
2022-08-01 16:44:36.006  WARN   69 --- [-job-executor-0] org.apache.spark.internal.Logging        : Using an existing SparkSession; some spark core configurations may not take effect.
2022-08-01 16:44:36.044  INFO   57 --- [   JobScheduler] org.apache.spark.internal.Logging        : Finished job streaming job 1659368676000 ms.0 from job set of time 1659368676000 ms
2022-08-01 16:44:36.045  INFO   57 --- [   JobScheduler] org.apache.spark.internal.Logging        : Total delay: 0.044 s for time 1659368676000 ms (execution: 0.041 s)
2022-08-01 16:44:36.045  INFO   57 --- [   JobGenerator] org.apache.spark.internal.Logging        : Removing RDD 80 from persistence list
2022-08-01 16:44:36.046  INFO   57 --- [   JobGenerator] org.apache.spark.internal.Logging        : Removing RDD 79 from persistence list
2022-08-01 16:44:36.046  INFO   57 --- [-thread-pool-84] org.apache.spark.internal.Logging        : Removing RDD 80
2022-08-01 16:44:36.047  INFO   57 --- [   JobGenerator] org.apache.spark.internal.Logging        : Removing blocks of RDD BlockRDD[79] at receiverStream at Application.java:122 of time 1659368676000 ms
2022-08-01 16:44:36.047  INFO   57 --- [-thread-pool-85] org.apache.spark.internal.Logging        : Removing RDD 79
2022-08-01 16:44:36.047  INFO   57 --- [   JobGenerator] org.apache.spark.internal.Logging        : Deleting batches: 1659368674000 ms
2022-08-01 16:44:36.048  INFO   57 --- [   JobGenerator] org.apache.spark.internal.Logging        : remove old batch metadata: 1659368674000 ms
2022-08-01 16:44:37.002  INFO   57 --- [   JobGenerator] org.apache.spark.internal.Logging        : Added jobs for time 1659368677000 ms
2022-08-01 16:44:37.003  INFO   57 --- [   JobScheduler] org.apache.spark.internal.Logging        : Starting job streaming job 1659368677000 ms.0 from job set of time 1659368677000 ms
2022-08-01 16:44:37.007  WARN   69 --- [-job-executor-0] org.apache.spark.internal.Logging        : Using an existing SparkSession; the static sql configurations will not take effect.
2022-08-01 16:44:37.007  WARN   69 --- [-job-executor-0] org.apache.spark.internal.Logging        : Using an existing SparkSession; some spark core configurations may not take effect.
2022-08-01 16:44:37.085  INFO   57 --- [   JobScheduler] org.apache.spark.internal.Logging        : Finished job streaming job 1659368677000 ms.0 from job set of time 1659368677000 ms
2022-08-01 16:44:37.086  INFO   57 --- [   JobScheduler] org.apache.spark.internal.Logging        : Total delay: 0.085 s for time 1659368677000 ms (execution: 0.082 s)
2022-08-01 16:44:37.086  INFO   57 --- [   JobGenerator] org.apache.spark.internal.Logging        : Removing RDD 86 from persistence list
2022-08-01 16:44:37.087  INFO   57 --- [   JobGenerator] org.apache.spark.internal.Logging        : Removing RDD 85 from persistence list
2022-08-01 16:44:37.089  INFO   57 --- [   JobGenerator] org.apache.spark.internal.Logging        : Removing blocks of RDD BlockRDD[85] at receiverStream at Application.java:122 of time 1659368677000 ms
2022-08-01 16:44:37.090  INFO   57 --- [   JobGenerator] org.apache.spark.internal.Logging        : Deleting batches: 1659368675000 ms
2022-08-01 16:44:37.091  INFO   57 --- [   JobGenerator] org.apache.spark.internal.Logging        : remove old batch metadata: 1659368675000 ms
2022-08-01 16:44:37.088  INFO   57 --- [-thread-pool-90] org.apache.spark.internal.Logging        : Removing RDD 86
2022-08-01 16:44:37.094  INFO   57 --- [-thread-pool-91] org.apache.spark.internal.Logging        : Removing RDD 85
2022-08-01 16:44:38.001  INFO   57 --- [   JobGenerator] org.apache.spark.internal.Logging        : Added jobs for time 1659368678000 ms
2022-08-01 16:44:38.001  INFO   57 --- [   JobScheduler] org.apache.spark.internal.Logging        : Starting job streaming job 1659368678000 ms.0 from job set of time 1659368678000 ms
2022-08-01 16:44:38.004  WARN   69 --- [-job-executor-0] org.apache.spark.internal.Logging        : Using an existing SparkSession; the static sql configurations will not take effect.
2022-08-01 16:44:38.005  WARN   69 --- [-job-executor-0] org.apache.spark.internal.Logging        : Using an existing SparkSession; some spark core configurations may not take effect.
2022-08-01 16:44:38.082  INFO   57 --- [   JobScheduler] org.apache.spark.internal.Logging        : Finished job streaming job 1659368678000 ms.0 from job set of time 1659368678000 ms
2022-08-01 16:44:38.082  INFO   57 --- [   JobScheduler] org.apache.spark.internal.Logging        : Total delay: 0.082 s for time 1659368678000 ms (execution: 0.081 s)
2022-08-01 16:44:38.084  INFO   57 --- [   JobGenerator] org.apache.spark.internal.Logging        : Removing RDD 92 from persistence list
2022-08-01 16:44:38.088  INFO   57 --- [   JobGenerator] org.apache.spark.internal.Logging        : Removing RDD 91 from persistence list
2022-08-01 16:44:38.090  INFO   57 --- [   JobGenerator] org.apache.spark.internal.Logging        : Removing blocks of RDD BlockRDD[91] at receiverStream at Application.java:122 of time 1659368678000 ms
2022-08-01 16:44:38.091  INFO   57 --- [   JobGenerator] org.apache.spark.internal.Logging        : Deleting batches: 1659368676000 ms
2022-08-01 16:44:38.092  INFO   57 --- [   JobGenerator] org.apache.spark.internal.Logging        : remove old batch metadata: 1659368676000 ms
2022-08-01 16:44:38.092  INFO   57 --- [-thread-pool-97] org.apache.spark.internal.Logging        : Removing RDD 91
2022-08-01 16:44:38.092  INFO   57 --- [-thread-pool-96] org.apache.spark.internal.Logging        : Removing RDD 92
2022-08-01 16:44:39.001  INFO   57 --- [   JobGenerator] org.apache.spark.internal.Logging        : Added jobs for time 1659368679000 ms
2022-08-01 16:44:39.002  INFO   57 --- [   JobScheduler] org.apache.spark.internal.Logging        : Starting job streaming job 1659368679000 ms.0 from job set of time 1659368679000 ms
2022-08-01 16:44:39.006  WARN   69 --- [-job-executor-0] org.apache.spark.internal.Logging        : Using an existing SparkSession; the static sql configurations will not take effect.
2022-08-01 16:44:39.006  WARN   69 --- [-job-executor-0] org.apache.spark.internal.Logging        : Using an existing SparkSession; some spark core configurations may not take effect.
2022-08-01 16:44:39.056  INFO   57 --- [   JobScheduler] org.apache.spark.internal.Logging        : Finished job streaming job 1659368679000 ms.0 from job set of time 1659368679000 ms
2022-08-01 16:44:39.056  INFO   57 --- [   JobScheduler] org.apache.spark.internal.Logging        : Total delay: 0.056 s for time 1659368679000 ms (execution: 0.054 s)
2022-08-01 16:44:39.056  INFO   57 --- [   JobGenerator] org.apache.spark.internal.Logging        : Removing RDD 98 from persistence list
2022-08-01 16:44:39.057  INFO   57 --- [c-thread-pool-1] org.apache.spark.internal.Logging        : Removing RDD 98
2022-08-01 16:44:39.057  INFO   57 --- [   JobGenerator] org.apache.spark.internal.Logging        : Removing RDD 97 from persistence list
2022-08-01 16:44:39.058  INFO   57 --- [c-thread-pool-5] org.apache.spark.internal.Logging        : Removing RDD 97
2022-08-01 16:44:39.058  INFO   57 --- [   JobGenerator] org.apache.spark.internal.Logging        : Removing blocks of RDD BlockRDD[97] at receiverStream at Application.java:122 of time 1659368679000 ms
2022-08-01 16:44:39.059  INFO   57 --- [   JobGenerator] org.apache.spark.internal.Logging        : Deleting batches: 1659368677000 ms
2022-08-01 16:44:39.059  INFO   57 --- [   JobGenerator] org.apache.spark.internal.Logging        : remove old batch metadata: 1659368677000 ms
2022-08-01 16:44:40.002  INFO   57 --- [   JobGenerator] org.apache.spark.internal.Logging        : Added jobs for time 1659368680000 ms
2022-08-01 16:44:40.003  INFO   57 --- [   JobScheduler] org.apache.spark.internal.Logging        : Starting job streaming job 1659368680000 ms.0 from job set of time 1659368680000 ms
2022-08-01 16:44:40.005  WARN   69 --- [-job-executor-0] org.apache.spark.internal.Logging        : Using an existing SparkSession; the static sql configurations will not take effect.
2022-08-01 16:44:40.005  WARN   69 --- [-job-executor-0] org.apache.spark.internal.Logging        : Using an existing SparkSession; some spark core configurations may not take effect.
2022-08-01 16:44:40.072  INFO   57 --- [   JobScheduler] org.apache.spark.internal.Logging        : Finished job streaming job 1659368680000 ms.0 from job set of time 1659368680000 ms
2022-08-01 16:44:40.073  INFO   57 --- [   JobScheduler] org.apache.spark.internal.Logging        : Total delay: 0.072 s for time 1659368680000 ms (execution: 0.069 s)
2022-08-01 16:44:40.074  INFO   57 --- [   JobGenerator] org.apache.spark.internal.Logging        : Removing RDD 104 from persistence list
2022-08-01 16:44:40.082  INFO   57 --- [   JobGenerator] org.apache.spark.internal.Logging        : Removing RDD 103 from persistence list
2022-08-01 16:44:40.083  INFO   57 --- [c-thread-pool-7] org.apache.spark.internal.Logging        : Removing RDD 104
2022-08-01 16:44:40.085  INFO   57 --- [-thread-pool-10] org.apache.spark.internal.Logging        : Removing RDD 103
2022-08-01 16:44:40.085  INFO   57 --- [   JobGenerator] org.apache.spark.internal.Logging        : Removing blocks of RDD BlockRDD[103] at receiverStream at Application.java:122 of time 1659368680000 ms
2022-08-01 16:44:40.086  INFO   57 --- [   JobGenerator] org.apache.spark.internal.Logging        : Deleting batches: 1659368678000 ms
2022-08-01 16:44:40.087  INFO   57 --- [   JobGenerator] org.apache.spark.internal.Logging        : remove old batch metadata: 1659368678000 ms
2022-08-01 16:44:41.002  INFO   57 --- [   JobGenerator] org.apache.spark.internal.Logging        : Added jobs for time 1659368681000 ms
2022-08-01 16:44:41.003  INFO   57 --- [   JobScheduler] org.apache.spark.internal.Logging        : Starting job streaming job 1659368681000 ms.0 from job set of time 1659368681000 ms
2022-08-01 16:44:41.006  WARN   69 --- [-job-executor-0] org.apache.spark.internal.Logging        : Using an existing SparkSession; the static sql configurations will not take effect.
2022-08-01 16:44:41.006  WARN   69 --- [-job-executor-0] org.apache.spark.internal.Logging        : Using an existing SparkSession; some spark core configurations may not take effect.
2022-08-01 16:44:41.087  INFO   57 --- [   JobScheduler] org.apache.spark.internal.Logging        : Finished job streaming job 1659368681000 ms.0 from job set of time 1659368681000 ms
2022-08-01 16:44:41.088  INFO   57 --- [   JobScheduler] org.apache.spark.internal.Logging        : Total delay: 0.087 s for time 1659368681000 ms (execution: 0.085 s)
2022-08-01 16:44:41.089  INFO   57 --- [   JobGenerator] org.apache.spark.internal.Logging        : Removing RDD 110 from persistence list
2022-08-01 16:44:41.090  INFO   57 --- [-thread-pool-13] org.apache.spark.internal.Logging        : Removing RDD 110
2022-08-01 16:44:41.091  INFO   57 --- [   JobGenerator] org.apache.spark.internal.Logging        : Removing RDD 109 from persistence list
2022-08-01 16:44:41.093  INFO   57 --- [   JobGenerator] org.apache.spark.internal.Logging        : Removing blocks of RDD BlockRDD[109] at receiverStream at Application.java:122 of time 1659368681000 ms
2022-08-01 16:44:41.094  INFO   57 --- [   JobGenerator] org.apache.spark.internal.Logging        : Deleting batches: 1659368679000 ms
2022-08-01 16:44:41.094  INFO   57 --- [-thread-pool-16] org.apache.spark.internal.Logging        : Removing RDD 109
2022-08-01 16:44:41.094  INFO   57 --- [   JobGenerator] org.apache.spark.internal.Logging        : remove old batch metadata: 1659368679000 ms
2022-08-01 16:44:42.003  INFO   57 --- [   JobGenerator] org.apache.spark.internal.Logging        : Added jobs for time 1659368682000 ms
2022-08-01 16:44:42.003  INFO   57 --- [   JobScheduler] org.apache.spark.internal.Logging        : Starting job streaming job 1659368682000 ms.0 from job set of time 1659368682000 ms
2022-08-01 16:44:42.006  WARN   69 --- [-job-executor-0] org.apache.spark.internal.Logging        : Using an existing SparkSession; the static sql configurations will not take effect.
2022-08-01 16:44:42.006  WARN   69 --- [-job-executor-0] org.apache.spark.internal.Logging        : Using an existing SparkSession; some spark core configurations may not take effect.
2022-08-01 16:44:42.040  INFO   57 --- [   JobScheduler] org.apache.spark.internal.Logging        : Finished job streaming job 1659368682000 ms.0 from job set of time 1659368682000 ms
2022-08-01 16:44:42.041  INFO   57 --- [   JobScheduler] org.apache.spark.internal.Logging        : Total delay: 0.040 s for time 1659368682000 ms (execution: 0.037 s)
2022-08-01 16:44:42.041  INFO   57 --- [   JobGenerator] org.apache.spark.internal.Logging        : Removing RDD 116 from persistence list
2022-08-01 16:44:42.042  INFO   57 --- [-thread-pool-20] org.apache.spark.internal.Logging        : Removing RDD 116
2022-08-01 16:44:42.042  INFO   57 --- [   JobGenerator] org.apache.spark.internal.Logging        : Removing RDD 115 from persistence list
2022-08-01 16:44:42.043  INFO   57 --- [-thread-pool-22] org.apache.spark.internal.Logging        : Removing RDD 115
2022-08-01 16:44:42.043  INFO   57 --- [   JobGenerator] org.apache.spark.internal.Logging        : Removing blocks of RDD BlockRDD[115] at receiverStream at Application.java:122 of time 1659368682000 ms
2022-08-01 16:44:42.043  INFO   57 --- [   JobGenerator] org.apache.spark.internal.Logging        : Deleting batches: 1659368680000 ms
2022-08-01 16:44:42.044  INFO   57 --- [   JobGenerator] org.apache.spark.internal.Logging        : remove old batch metadata: 1659368680000 ms
2022-08-01 16:44:43.001  INFO   57 --- [   JobGenerator] org.apache.spark.internal.Logging        : Added jobs for time 1659368683000 ms
2022-08-01 16:44:43.002  INFO   57 --- [   JobScheduler] org.apache.spark.internal.Logging        : Starting job streaming job 1659368683000 ms.0 from job set of time 1659368683000 ms
2022-08-01 16:44:43.004  WARN   69 --- [-job-executor-0] org.apache.spark.internal.Logging        : Using an existing SparkSession; the static sql configurations will not take effect.
2022-08-01 16:44:43.004  WARN   69 --- [-job-executor-0] org.apache.spark.internal.Logging        : Using an existing SparkSession; some spark core configurations may not take effect.
2022-08-01 16:44:43.048  INFO   57 --- [   JobScheduler] org.apache.spark.internal.Logging        : Finished job streaming job 1659368683000 ms.0 from job set of time 1659368683000 ms
2022-08-01 16:44:43.049  INFO   57 --- [   JobScheduler] org.apache.spark.internal.Logging        : Total delay: 0.048 s for time 1659368683000 ms (execution: 0.046 s)
2022-08-01 16:44:43.049  INFO   57 --- [   JobGenerator] org.apache.spark.internal.Logging        : Removing RDD 122 from persistence list
2022-08-01 16:44:43.050  INFO   57 --- [-thread-pool-26] org.apache.spark.internal.Logging        : Removing RDD 122
2022-08-01 16:44:43.050  INFO   57 --- [   JobGenerator] org.apache.spark.internal.Logging        : Removing RDD 121 from persistence list
2022-08-01 16:44:43.051  INFO   57 --- [-thread-pool-29] org.apache.spark.internal.Logging        : Removing RDD 121
2022-08-01 16:44:43.051  INFO   57 --- [   JobGenerator] org.apache.spark.internal.Logging        : Removing blocks of RDD BlockRDD[121] at receiverStream at Application.java:122 of time 1659368683000 ms
2022-08-01 16:44:43.052  INFO   57 --- [   JobGenerator] org.apache.spark.internal.Logging        : Deleting batches: 1659368681000 ms
2022-08-01 16:44:43.052  INFO   57 --- [   JobGenerator] org.apache.spark.internal.Logging        : remove old batch metadata: 1659368681000 ms
2022-08-01 16:44:43.198  INFO   57 --- [shutdown-hook-0] org.apache.spark.internal.Logging        : Invoking stop(stopGracefully=false) from shutdown hook
2022-08-01 16:44:43.204  INFO   57 --- [er-event-loop-3] org.apache.spark.internal.Logging        : Sent stop signal to all 1 receivers
2022-08-01 16:44:43.205  INFO   57 --- [er-event-loop-0] org.apache.spark.internal.Logging        : Received stop signal
2022-08-01 16:44:43.207  INFO   57 --- [er-event-loop-0] org.apache.spark.internal.Logging        : Stopping receiver with message: Stopped by driver: 
2022-08-01 16:44:43.207  INFO   57 --- [er-event-loop-0] org.apache.spark.internal.Logging        : Called receiver onStop
2022-08-01 16:44:43.208  INFO   57 --- [er-event-loop-0] org.apache.spark.internal.Logging        : Deregistering receiver 0
2022-08-01 16:44:43.210  ERROR   73 --- [er-event-loop-1] org.apache.spark.internal.Logging        : Deregistered receiver for stream 0: Stopped by driver
2022-08-01 16:44:43.211  INFO   57 --- [er-event-loop-0] org.apache.spark.internal.Logging        : Stopped receiver 0
2022-08-01 16:44:43.213  INFO   57 --- [er-event-loop-0] org.apache.spark.internal.Logging        : Stopping BlockGenerator
2022-08-01 16:44:43.612  INFO   57 --- [er-event-loop-0] org.apache.spark.internal.Logging        : Stopped timer for BlockGenerator after time 1659368683600
2022-08-01 16:44:43.612  INFO   57 --- [er-event-loop-0] org.apache.spark.internal.Logging        : Waiting for block pushing thread to terminate
2022-08-01 16:44:43.627  INFO   57 --- [      Thread-14] org.apache.spark.internal.Logging        : Pushing out the last 0 blocks
2022-08-01 16:44:43.627  INFO   57 --- [      Thread-14] org.apache.spark.internal.Logging        : Stopped block pushing thread
2022-08-01 16:44:43.627  INFO   57 --- [er-event-loop-0] org.apache.spark.internal.Logging        : Stopped BlockGenerator
2022-08-01 16:44:43.627  INFO   57 --- [age 0.0 (TID 0)] org.apache.spark.internal.Logging        : Stopped receiver without error
2022-08-01 16:44:43.643  INFO   57 --- [age 0.0 (TID 0)] org.apache.spark.internal.Logging        : Finished task 0.0 in stage 0.0 (TID 0). 923 bytes result sent to driver
2022-08-01 16:44:43.643  INFO   57 --- [result-getter-1] org.apache.spark.internal.Logging        : Finished task 0.0 in stage 0.0 (TID 0) in 21828 ms on host.docker.internal (executor driver) (1/1)
2022-08-01 16:44:43.643  INFO   57 --- [result-getter-1] org.apache.spark.internal.Logging        : Removed TaskSet 0.0, whose tasks have all completed, from pool 
2022-08-01 16:44:43.643  INFO   57 --- [uler-event-loop] org.apache.spark.internal.Logging        : ResultStage 0 (start at Application.java:156) finished in 22.281 s
2022-08-01 16:44:43.643  INFO   57 --- [uler-event-loop] org.apache.spark.internal.Logging        : Job 0 is finished. Cancelling potential speculative or zombie tasks for this job
2022-08-01 16:44:43.643  INFO   57 --- [uler-event-loop] org.apache.spark.internal.Logging        : Killing all running tasks in stage 0: Stage finished
2022-08-01 16:44:43.658  INFO   57 --- [shutdown-hook-0] org.apache.spark.internal.Logging        : All of the receivers have deregistered successfully
2022-08-01 16:44:43.658  INFO   57 --- [shutdown-hook-0] org.apache.spark.internal.Logging        : ReceiverTracker stopped
2022-08-01 16:44:43.658  INFO   57 --- [shutdown-hook-0] org.apache.spark.internal.Logging        : Stopping JobGenerator immediately
2022-08-01 16:44:43.658  INFO   57 --- [shutdown-hook-0] org.apache.spark.internal.Logging        : Stopped timer for JobGenerator after time 1659368683000
2022-08-01 16:44:43.658  INFO   57 --- [shutdown-hook-0] org.apache.spark.internal.Logging        : Stopped JobGenerator
2022-08-01 16:44:43.674  INFO   57 --- [shutdown-hook-0] org.apache.spark.internal.Logging        : Stopped JobScheduler
2022-08-01 16:44:43.674  INFO 1153 --- [shutdown-hook-0] ject.jetty.server.handler.ContextHandler : Stopped o.s.j.s.ServletContextHandler@351e414e{/streaming,null,STOPPED,@Spark}
2022-08-01 16:44:43.674  INFO 1153 --- [shutdown-hook-0] ject.jetty.server.handler.ContextHandler : Stopped o.s.j.s.ServletContextHandler@5109e8cf{/streaming/json,null,STOPPED,@Spark}
2022-08-01 16:44:43.674  INFO 1153 --- [shutdown-hook-0] ject.jetty.server.handler.ContextHandler : Stopped o.s.j.s.ServletContextHandler@348d18a3{/streaming/batch,null,STOPPED,@Spark}
2022-08-01 16:44:43.674  INFO 1153 --- [shutdown-hook-0] ject.jetty.server.handler.ContextHandler : Stopped o.s.j.s.ServletContextHandler@2d000e80{/streaming/batch/json,null,STOPPED,@Spark}
2022-08-01 16:44:43.674  INFO 1153 --- [shutdown-hook-0] ject.jetty.server.handler.ContextHandler : Stopped o.s.j.s.ServletContextHandler@4d2a1da3{/static/streaming,null,STOPPED,@Spark}
2022-08-01 16:44:43.674  INFO  167 --- [           main] com.elite.cdr.validator.Application      : ****************************************************
2022-08-01 16:44:43.674  INFO   57 --- [shutdown-hook-0] org.apache.spark.internal.Logging        : StreamingContext stopped successfully
2022-08-01 16:44:43.674  INFO  168 --- [           main] com.elite.cdr.validator.Application      : Duration: 0.0 seconds
2022-08-01 16:44:43.674  INFO  169 --- [           main] com.elite.cdr.validator.Application      : Batch executed with success
2022-08-01 16:44:43.674  INFO  170 --- [           main] com.elite.cdr.validator.Application      : ****************************************************
2022-08-01 16:44:43.674  INFO   57 --- [shutdown-hook-0] org.apache.spark.internal.Logging        : Invoking stop() from shutdown hook
2022-08-01 16:44:43.689  INFO  381 --- [shutdown-hook-0] rkproject.jetty.server.AbstractConnector : Stopped Spark@7caa550{HTTP/1.1, (http/1.1)}{0.0.0.0:4040}
2022-08-01 16:44:43.689  INFO   57 --- [shutdown-hook-0] org.apache.spark.internal.Logging        : Stopped Spark web UI at http://host.docker.internal:4040
2022-08-01 16:44:43.705  INFO   57 --- [er-event-loop-1] org.apache.spark.internal.Logging        : MapOutputTrackerMasterEndpoint stopped!
2022-08-01 16:44:43.721  INFO   57 --- [shutdown-hook-0] org.apache.spark.internal.Logging        : MemoryStore cleared
2022-08-01 16:44:43.721  INFO   57 --- [shutdown-hook-0] org.apache.spark.internal.Logging        : BlockManager stopped
2022-08-01 16:44:43.736  INFO   57 --- [shutdown-hook-0] org.apache.spark.internal.Logging        : BlockManagerMaster stopped
2022-08-01 16:44:43.736  INFO   57 --- [er-event-loop-2] org.apache.spark.internal.Logging        : OutputCommitCoordinator stopped!
2022-08-01 16:44:43.752  INFO   57 --- [shutdown-hook-0] org.apache.spark.internal.Logging        : Successfully stopped SparkContext
2022-08-01 16:44:43.752  INFO   57 --- [shutdown-hook-0] org.apache.spark.internal.Logging        : Shutdown hook called
2022-08-01 16:44:43.752  INFO   57 --- [shutdown-hook-0] org.apache.spark.internal.Logging        : Deleting directory C:\Users\Wael Hamdi\AppData\Local\Temp\spark-36e01a3c-a873-4230-ad46-14f1bec854a9
