2022-06-30 17:58:39.986  INFO   46 --- [           main] com.elite.cdr.validator.Application      : Starting ASN1 Reader 
2022-06-30 17:58:39.996  INFO   48 --- [           main] com.elite.cdr.validator.Application      : ############### Run with the args [--env, local, --file, C:\IntelliJProjects\FraudDetectionSpark3\src\main\resources\data\simpleTypes.ber]
2022-06-30 17:58:40.056  INFO   54 --- [           main] com.elite.cdr.validator.Application      : ############### Run in local mode
2022-06-30 17:58:41.706  INFO   57 --- [           main] org.apache.spark.internal.Logging        : Running Spark version 3.2.1
2022-06-30 17:58:42.271  INFO   57 --- [           main] org.apache.spark.internal.Logging        : ==============================================================
2022-06-30 17:58:42.281  INFO   57 --- [           main] org.apache.spark.internal.Logging        : No custom resources configured for spark.driver.
2022-06-30 17:58:42.281  INFO   57 --- [           main] org.apache.spark.internal.Logging        : ==============================================================
2022-06-30 17:58:42.281  INFO   57 --- [           main] org.apache.spark.internal.Logging        : Submitted application: NiFi-Spark Streaming example
2022-06-30 17:58:42.390  INFO   57 --- [           main] org.apache.spark.internal.Logging        : Default ResourceProfile created, executor resources: Map(cores -> name: cores, amount: 1, script: , vendor: , memory -> name: memory, amount: 1024, script: , vendor: , offHeap -> name: offHeap, amount: 0, script: , vendor: ), task resources: Map(cpus -> name: cpus, amount: 1.0)
2022-06-30 17:58:42.423  INFO   57 --- [           main] org.apache.spark.internal.Logging        : Limiting resource is cpu
2022-06-30 17:58:42.431  INFO   57 --- [           main] org.apache.spark.internal.Logging        : Added ResourceProfile id: 0
2022-06-30 17:58:42.635  INFO   57 --- [           main] org.apache.spark.internal.Logging        : Changing view acls to: Wael Hamdi
2022-06-30 17:58:42.643  INFO   57 --- [           main] org.apache.spark.internal.Logging        : Changing modify acls to: Wael Hamdi
2022-06-30 17:58:42.645  INFO   57 --- [           main] org.apache.spark.internal.Logging        : Changing view acls groups to: 
2022-06-30 17:58:42.645  INFO   57 --- [           main] org.apache.spark.internal.Logging        : Changing modify acls groups to: 
2022-06-30 17:58:42.665  INFO   57 --- [           main] org.apache.spark.internal.Logging        : SecurityManager: authentication disabled; ui acls disabled; users  with view permissions: Set(Wael Hamdi); groups with view permissions: Set(); users  with modify permissions: Set(Wael Hamdi); groups with modify permissions: Set()
2022-06-30 17:58:45.385  INFO   57 --- [           main] org.apache.spark.internal.Logging        : Successfully started service 'sparkDriver' on port 60143.
2022-06-30 17:58:45.416  INFO   57 --- [           main] org.apache.spark.internal.Logging        : Registering MapOutputTracker
2022-06-30 17:58:45.469  INFO   57 --- [           main] org.apache.spark.internal.Logging        : Registering BlockManagerMaster
2022-06-30 17:58:45.501  INFO   57 --- [           main] org.apache.spark.internal.Logging        : Using org.apache.spark.storage.DefaultTopologyMapper for getting topology information
2022-06-30 17:58:45.501  INFO   57 --- [           main] org.apache.spark.internal.Logging        : BlockManagerMasterEndpoint up
2022-06-30 17:58:45.501  INFO   57 --- [           main] org.apache.spark.internal.Logging        : Registering BlockManagerMasterHeartbeat
2022-06-30 17:58:45.532  INFO   57 --- [           main] org.apache.spark.internal.Logging        : Created local directory at C:\Users\Wael Hamdi\AppData\Local\Temp\blockmgr-3d135f63-7f7c-484a-9374-e107ae6f3bf6
2022-06-30 17:58:45.570  INFO   57 --- [           main] org.apache.spark.internal.Logging        : MemoryStore started with capacity 897.6 MiB
2022-06-30 17:58:45.601  INFO   57 --- [           main] org.apache.spark.internal.Logging        : Registering OutputCommitCoordinator
2022-06-30 17:58:45.717  INFO  170 --- [           main] org.sparkproject.jetty.util.log.Log      : Logging initialized @6859ms to org.sparkproject.jetty.util.log.Slf4jLog
2022-06-30 17:58:45.833  INFO  375 --- [           main] org.sparkproject.jetty.server.Server     : jetty-9.4.43.v20210629; built: 2021-06-30T11:07:22.254Z; git: 526006ecfa3af7f1a27ef3a288e2bef7ea9dd7e8; jvm 1.8.0_301-b09
2022-06-30 17:58:45.871  INFO  415 --- [           main] org.sparkproject.jetty.server.Server     : Started @7013ms
2022-06-30 17:58:45.918  INFO  331 --- [           main] rkproject.jetty.server.AbstractConnector : Started ServerConnector@64712be{HTTP/1.1, (http/1.1)}{0.0.0.0:4040}
2022-06-30 17:58:45.918  INFO   57 --- [           main] org.apache.spark.internal.Logging        : Successfully started service 'SparkUI' on port 4040.
2022-06-30 17:58:45.955  INFO  915 --- [           main] ject.jetty.server.handler.ContextHandler : Started o.s.j.s.ServletContextHandler@4de025bf{/jobs,null,AVAILABLE,@Spark}
2022-06-30 17:58:45.955  INFO  915 --- [           main] ject.jetty.server.handler.ContextHandler : Started o.s.j.s.ServletContextHandler@72c927f1{/jobs/json,null,AVAILABLE,@Spark}
2022-06-30 17:58:45.955  INFO  915 --- [           main] ject.jetty.server.handler.ContextHandler : Started o.s.j.s.ServletContextHandler@3dd69f5a{/jobs/job,null,AVAILABLE,@Spark}
2022-06-30 17:58:45.955  INFO  915 --- [           main] ject.jetty.server.handler.ContextHandler : Started o.s.j.s.ServletContextHandler@59a67c3a{/jobs/job/json,null,AVAILABLE,@Spark}
2022-06-30 17:58:45.955  INFO  915 --- [           main] ject.jetty.server.handler.ContextHandler : Started o.s.j.s.ServletContextHandler@724bade8{/stages,null,AVAILABLE,@Spark}
2022-06-30 17:58:45.955  INFO  915 --- [           main] ject.jetty.server.handler.ContextHandler : Started o.s.j.s.ServletContextHandler@6bc248ed{/stages/json,null,AVAILABLE,@Spark}
2022-06-30 17:58:45.971  INFO  915 --- [           main] ject.jetty.server.handler.ContextHandler : Started o.s.j.s.ServletContextHandler@ca27722{/stages/stage,null,AVAILABLE,@Spark}
2022-06-30 17:58:45.971  INFO  915 --- [           main] ject.jetty.server.handler.ContextHandler : Started o.s.j.s.ServletContextHandler@78461bc4{/stages/stage/json,null,AVAILABLE,@Spark}
2022-06-30 17:58:45.971  INFO  915 --- [           main] ject.jetty.server.handler.ContextHandler : Started o.s.j.s.ServletContextHandler@64f857e7{/stages/pool,null,AVAILABLE,@Spark}
2022-06-30 17:58:45.971  INFO  915 --- [           main] ject.jetty.server.handler.ContextHandler : Started o.s.j.s.ServletContextHandler@58c540cf{/stages/pool/json,null,AVAILABLE,@Spark}
2022-06-30 17:58:45.971  INFO  915 --- [           main] ject.jetty.server.handler.ContextHandler : Started o.s.j.s.ServletContextHandler@1b822fcc{/storage,null,AVAILABLE,@Spark}
2022-06-30 17:58:45.971  INFO  915 --- [           main] ject.jetty.server.handler.ContextHandler : Started o.s.j.s.ServletContextHandler@56102e1c{/storage/json,null,AVAILABLE,@Spark}
2022-06-30 17:58:45.971  INFO  915 --- [           main] ject.jetty.server.handler.ContextHandler : Started o.s.j.s.ServletContextHandler@7927bd9f{/storage/rdd,null,AVAILABLE,@Spark}
2022-06-30 17:58:45.971  INFO  915 --- [           main] ject.jetty.server.handler.ContextHandler : Started o.s.j.s.ServletContextHandler@410954b{/storage/rdd/json,null,AVAILABLE,@Spark}
2022-06-30 17:58:45.971  INFO  915 --- [           main] ject.jetty.server.handler.ContextHandler : Started o.s.j.s.ServletContextHandler@3b366632{/environment,null,AVAILABLE,@Spark}
2022-06-30 17:58:45.971  INFO  915 --- [           main] ject.jetty.server.handler.ContextHandler : Started o.s.j.s.ServletContextHandler@514eedd8{/environment/json,null,AVAILABLE,@Spark}
2022-06-30 17:58:45.971  INFO  915 --- [           main] ject.jetty.server.handler.ContextHandler : Started o.s.j.s.ServletContextHandler@6970140a{/executors,null,AVAILABLE,@Spark}
2022-06-30 17:58:45.987  INFO  915 --- [           main] ject.jetty.server.handler.ContextHandler : Started o.s.j.s.ServletContextHandler@3af4e0bf{/executors/json,null,AVAILABLE,@Spark}
2022-06-30 17:58:45.987  INFO  915 --- [           main] ject.jetty.server.handler.ContextHandler : Started o.s.j.s.ServletContextHandler@4d63b624{/executors/threadDump,null,AVAILABLE,@Spark}
2022-06-30 17:58:45.987  INFO  915 --- [           main] ject.jetty.server.handler.ContextHandler : Started o.s.j.s.ServletContextHandler@5b800468{/executors/threadDump/json,null,AVAILABLE,@Spark}
2022-06-30 17:58:45.987  INFO  915 --- [           main] ject.jetty.server.handler.ContextHandler : Started o.s.j.s.ServletContextHandler@7e1a1da6{/static,null,AVAILABLE,@Spark}
2022-06-30 17:58:46.002  INFO  915 --- [           main] ject.jetty.server.handler.ContextHandler : Started o.s.j.s.ServletContextHandler@4263b080{/,null,AVAILABLE,@Spark}
2022-06-30 17:58:46.002  INFO  915 --- [           main] ject.jetty.server.handler.ContextHandler : Started o.s.j.s.ServletContextHandler@71f67a79{/api,null,AVAILABLE,@Spark}
2022-06-30 17:58:46.002  INFO  915 --- [           main] ject.jetty.server.handler.ContextHandler : Started o.s.j.s.ServletContextHandler@5ef8df1e{/jobs/job/kill,null,AVAILABLE,@Spark}
2022-06-30 17:58:46.002  INFO  915 --- [           main] ject.jetty.server.handler.ContextHandler : Started o.s.j.s.ServletContextHandler@127e70c5{/stages/stage/kill,null,AVAILABLE,@Spark}
2022-06-30 17:58:46.002  INFO   57 --- [           main] org.apache.spark.internal.Logging        : Bound SparkUI to 0.0.0.0, and started at http://host.docker.internal:4040
2022-06-30 17:58:46.319  INFO   57 --- [           main] org.apache.spark.internal.Logging        : Starting executor ID driver on host host.docker.internal
2022-06-30 17:58:46.372  INFO   57 --- [           main] org.apache.spark.internal.Logging        : Successfully started service 'org.apache.spark.network.netty.NettyBlockTransferService' on port 60167.
2022-06-30 17:58:46.372  INFO   82 --- [           main] .network.netty.NettyBlockTransferService : Server created on host.docker.internal:60167
2022-06-30 17:58:46.372  INFO   57 --- [           main] org.apache.spark.internal.Logging        : Using org.apache.spark.storage.RandomBlockReplicationPolicy for block replication policy
2022-06-30 17:58:46.372  INFO   57 --- [           main] org.apache.spark.internal.Logging        : Registering BlockManager BlockManagerId(driver, host.docker.internal, 60167, None)
2022-06-30 17:58:46.388  INFO   57 --- [ckManagerMaster] org.apache.spark.internal.Logging        : Registering block manager host.docker.internal:60167 with 897.6 MiB RAM, BlockManagerId(driver, host.docker.internal, 60167, None)
2022-06-30 17:58:46.388  INFO   57 --- [           main] org.apache.spark.internal.Logging        : Registered BlockManager BlockManagerId(driver, host.docker.internal, 60167, None)
2022-06-30 17:58:46.388  INFO   57 --- [           main] org.apache.spark.internal.Logging        : Initialized BlockManager: BlockManagerId(driver, host.docker.internal, 60167, None)
2022-06-30 17:58:46.673  INFO  915 --- [           main] ject.jetty.server.handler.ContextHandler : Started o.s.j.s.ServletContextHandler@70325d20{/metrics/json,null,AVAILABLE,@Spark}
2022-06-30 17:58:47.606  INFO   57 --- [streaming-start] org.apache.spark.internal.Logging        : Starting 1 receivers
2022-06-30 17:58:47.606  INFO   57 --- [streaming-start] org.apache.spark.internal.Logging        : ReceiverTracker started
2022-06-30 17:58:47.622  INFO   57 --- [streaming-start] org.apache.spark.internal.Logging        : Slide time = 1000 ms
2022-06-30 17:58:47.622  INFO   57 --- [streaming-start] org.apache.spark.internal.Logging        : Storage level = Serialized 1x Replicated
2022-06-30 17:58:47.622  INFO   57 --- [streaming-start] org.apache.spark.internal.Logging        : Checkpoint interval = null
2022-06-30 17:58:47.622  INFO   57 --- [streaming-start] org.apache.spark.internal.Logging        : Remember interval = 1000 ms
2022-06-30 17:58:47.622  INFO   57 --- [streaming-start] org.apache.spark.internal.Logging        : Initialized and validated org.apache.spark.streaming.dstream.PluggableInputDStream@50a16d02
2022-06-30 17:58:47.622  INFO   57 --- [streaming-start] org.apache.spark.internal.Logging        : Slide time = 1000 ms
2022-06-30 17:58:47.622  INFO   57 --- [streaming-start] org.apache.spark.internal.Logging        : Storage level = Serialized 1x Replicated
2022-06-30 17:58:47.622  INFO   57 --- [streaming-start] org.apache.spark.internal.Logging        : Checkpoint interval = null
2022-06-30 17:58:47.622  INFO   57 --- [streaming-start] org.apache.spark.internal.Logging        : Remember interval = 1000 ms
2022-06-30 17:58:47.622  INFO   57 --- [streaming-start] org.apache.spark.internal.Logging        : Initialized and validated org.apache.spark.streaming.dstream.MappedDStream@4f11b019
2022-06-30 17:58:47.622  INFO   57 --- [streaming-start] org.apache.spark.internal.Logging        : Slide time = 1000 ms
2022-06-30 17:58:47.622  INFO   57 --- [streaming-start] org.apache.spark.internal.Logging        : Storage level = Serialized 1x Replicated
2022-06-30 17:58:47.622  INFO   57 --- [streaming-start] org.apache.spark.internal.Logging        : Checkpoint interval = null
2022-06-30 17:58:47.622  INFO   57 --- [streaming-start] org.apache.spark.internal.Logging        : Remember interval = 1000 ms
2022-06-30 17:58:47.622  INFO   57 --- [streaming-start] org.apache.spark.internal.Logging        : Initialized and validated org.apache.spark.streaming.dstream.ForEachDStream@5f21311f
2022-06-30 17:58:47.622  INFO   57 --- [streaming-start] org.apache.spark.internal.Logging        : Slide time = 1000 ms
2022-06-30 17:58:47.622  INFO   57 --- [streaming-start] org.apache.spark.internal.Logging        : Storage level = Serialized 1x Replicated
2022-06-30 17:58:47.622  INFO   57 --- [streaming-start] org.apache.spark.internal.Logging        : Checkpoint interval = null
2022-06-30 17:58:47.622  INFO   57 --- [streaming-start] org.apache.spark.internal.Logging        : Remember interval = 1000 ms
2022-06-30 17:58:47.622  INFO   57 --- [streaming-start] org.apache.spark.internal.Logging        : Initialized and validated org.apache.spark.streaming.dstream.PluggableInputDStream@50a16d02
2022-06-30 17:58:47.622  INFO   57 --- [streaming-start] org.apache.spark.internal.Logging        : Slide time = 1000 ms
2022-06-30 17:58:47.622  INFO   57 --- [streaming-start] org.apache.spark.internal.Logging        : Storage level = Serialized 1x Replicated
2022-06-30 17:58:47.622  INFO   57 --- [streaming-start] org.apache.spark.internal.Logging        : Checkpoint interval = null
2022-06-30 17:58:47.622  INFO   57 --- [streaming-start] org.apache.spark.internal.Logging        : Remember interval = 1000 ms
2022-06-30 17:58:47.622  INFO   57 --- [streaming-start] org.apache.spark.internal.Logging        : Initialized and validated org.apache.spark.streaming.dstream.MappedDStream@4f11b019
2022-06-30 17:58:47.622  INFO   57 --- [streaming-start] org.apache.spark.internal.Logging        : Slide time = 1000 ms
2022-06-30 17:58:47.622  INFO   57 --- [streaming-start] org.apache.spark.internal.Logging        : Storage level = Serialized 1x Replicated
2022-06-30 17:58:47.622  INFO   57 --- [streaming-start] org.apache.spark.internal.Logging        : Checkpoint interval = null
2022-06-30 17:58:47.622  INFO   57 --- [streaming-start] org.apache.spark.internal.Logging        : Remember interval = 1000 ms
2022-06-30 17:58:47.622  INFO   57 --- [streaming-start] org.apache.spark.internal.Logging        : Initialized and validated org.apache.spark.streaming.dstream.ForEachDStream@41e71a66
2022-06-30 17:58:47.737  INFO   57 --- [streaming-start] org.apache.spark.internal.Logging        : Started timer for JobGenerator at time 1656608328000
2022-06-30 17:58:47.737  INFO   57 --- [streaming-start] org.apache.spark.internal.Logging        : Started JobGenerator at 1656608328000 ms
2022-06-30 17:58:47.737  INFO   57 --- [er-event-loop-3] org.apache.spark.internal.Logging        : Receiver 0 started
2022-06-30 17:58:47.753  INFO   57 --- [streaming-start] org.apache.spark.internal.Logging        : Started JobScheduler
2022-06-30 17:58:47.764  INFO  915 --- [           main] ject.jetty.server.handler.ContextHandler : Started o.s.j.s.ServletContextHandler@4e31c3ec{/streaming,null,AVAILABLE,@Spark}
2022-06-30 17:58:47.767  INFO  915 --- [           main] ject.jetty.server.handler.ContextHandler : Started o.s.j.s.ServletContextHandler@6eaa21d8{/streaming/json,null,AVAILABLE,@Spark}
2022-06-30 17:58:47.770  INFO  915 --- [           main] ject.jetty.server.handler.ContextHandler : Started o.s.j.s.ServletContextHandler@39e67516{/streaming/batch,null,AVAILABLE,@Spark}
2022-06-30 17:58:47.771  INFO  915 --- [           main] ject.jetty.server.handler.ContextHandler : Started o.s.j.s.ServletContextHandler@4bb003e9{/streaming/batch/json,null,AVAILABLE,@Spark}
2022-06-30 17:58:47.773  INFO  915 --- [           main] ject.jetty.server.handler.ContextHandler : Started o.s.j.s.ServletContextHandler@2ca5f1ed{/static/streaming,null,AVAILABLE,@Spark}
2022-06-30 17:58:47.774  INFO   57 --- [           main] org.apache.spark.internal.Logging        : StreamingContext started
2022-06-30 17:58:47.775  INFO   57 --- [uler-event-loop] org.apache.spark.internal.Logging        : Got job 0 (start at Application.java:250) with 1 output partitions
2022-06-30 17:58:47.776  INFO   57 --- [uler-event-loop] org.apache.spark.internal.Logging        : Final stage: ResultStage 0 (start at Application.java:250)
2022-06-30 17:58:47.777  INFO   57 --- [uler-event-loop] org.apache.spark.internal.Logging        : Parents of final stage: List()
2022-06-30 17:58:47.778  INFO   57 --- [uler-event-loop] org.apache.spark.internal.Logging        : Missing parents: List()
2022-06-30 17:58:47.785  INFO   57 --- [uler-event-loop] org.apache.spark.internal.Logging        : Submitting ResultStage 0 (Receiver 0 ParallelCollectionRDD[0] at makeRDD at ReceiverTracker.scala:609), which has no missing parents
2022-06-30 17:58:48.015  INFO   57 --- [uler-event-loop] org.apache.spark.internal.Logging        : Block broadcast_0 stored as values in memory (estimated size 97.5 KiB, free 897.5 MiB)
2022-06-30 17:58:48.047  INFO   57 --- [   JobGenerator] org.apache.spark.internal.Logging        : Added jobs for time 1656608328000 ms
2022-06-30 17:58:48.047  INFO   57 --- [   JobScheduler] org.apache.spark.internal.Logging        : Starting job streaming job 1656608328000 ms.0 from job set of time 1656608328000 ms
2022-06-30 17:58:48.144  INFO   57 --- [uler-event-loop] org.apache.spark.internal.Logging        : Block broadcast_0_piece0 stored as bytes in memory (estimated size 34.2 KiB, free 897.5 MiB)
2022-06-30 17:58:48.144  INFO   57 --- [ckManagerMaster] org.apache.spark.internal.Logging        : Added broadcast_0_piece0 in memory on host.docker.internal:60167 (size: 34.2 KiB, free: 897.6 MiB)
2022-06-30 17:58:48.160  INFO   57 --- [uler-event-loop] org.apache.spark.internal.Logging        : Created broadcast 0 from broadcast at DAGScheduler.scala:1478
2022-06-30 17:58:48.182  WARN   69 --- [-job-executor-0] org.apache.spark.internal.Logging        : Using an existing SparkContext; some configuration may not take effect.
2022-06-30 17:58:48.182  INFO   57 --- [uler-event-loop] org.apache.spark.internal.Logging        : Submitting 1 missing tasks from ResultStage 0 (Receiver 0 ParallelCollectionRDD[0] at makeRDD at ReceiverTracker.scala:609) (first 15 tasks are for partitions Vector(0))
2022-06-30 17:58:48.182  INFO   57 --- [uler-event-loop] org.apache.spark.internal.Logging        : Adding task set 0.0 with 1 tasks resource profile 0
2022-06-30 17:58:48.335  INFO   57 --- [er-event-loop-0] org.apache.spark.internal.Logging        : Starting task 0.0 in stage 0.0 (TID 0) (host.docker.internal, executor driver, partition 0, PROCESS_LOCAL, 6218 bytes) taskResourceAssignments Map()
2022-06-30 17:58:48.385  INFO   57 --- [-job-executor-0] org.apache.spark.internal.Logging        : Starting job: collect at Application.java:152
2022-06-30 17:58:48.395  INFO   57 --- [-job-executor-0] org.apache.spark.internal.Logging        : Job 1 finished: collect at Application.java:152, took 0.003755 s
2022-06-30 17:58:48.406  INFO   57 --- [age 0.0 (TID 0)] org.apache.spark.internal.Logging        : Running task 0.0 in stage 0.0 (TID 0)
2022-06-30 17:58:48.416  INFO   57 --- [   JobScheduler] org.apache.spark.internal.Logging        : Finished job streaming job 1656608328000 ms.0 from job set of time 1656608328000 ms
2022-06-30 17:58:48.426  INFO   57 --- [   JobScheduler] org.apache.spark.internal.Logging        : Starting job streaming job 1656608328000 ms.1 from job set of time 1656608328000 ms
2022-06-30 17:58:48.426  INFO   57 --- [   JobScheduler] org.apache.spark.internal.Logging        : Finished job streaming job 1656608328000 ms.1 from job set of time 1656608328000 ms
2022-06-30 17:58:48.426  INFO   57 --- [   JobScheduler] org.apache.spark.internal.Logging        : Total delay: 0.426 s for time 1656608328000 ms (execution: 0.379 s)
2022-06-30 17:58:48.456  INFO   57 --- [   JobGenerator] org.apache.spark.internal.Logging        : Deleting batches: 
2022-06-30 17:58:48.456  INFO   57 --- [   JobGenerator] org.apache.spark.internal.Logging        : remove old batch metadata: 
2022-06-30 17:58:48.768  INFO   57 --- [age 0.0 (TID 0)] org.apache.spark.internal.Logging        : Started timer for BlockGenerator at time 1656608328800
2022-06-30 17:58:48.770  INFO   57 --- [age 0.0 (TID 0)] org.apache.spark.internal.Logging        : Started BlockGenerator
2022-06-30 17:58:48.770  INFO   57 --- [      Thread-14] org.apache.spark.internal.Logging        : Started block pushing thread
2022-06-30 17:58:48.783  INFO   57 --- [er-event-loop-0] org.apache.spark.internal.Logging        : Registered receiver for stream 0 from host.docker.internal:60143
2022-06-30 17:58:48.784  INFO   57 --- [age 0.0 (TID 0)] org.apache.spark.internal.Logging        : Starting receiver 0
2022-06-30 17:58:48.787  INFO   57 --- [age 0.0 (TID 0)] org.apache.spark.internal.Logging        : Called receiver 0 onStart
2022-06-30 17:58:48.788  INFO   57 --- [age 0.0 (TID 0)] org.apache.spark.internal.Logging        : Waiting for receiver to be stopped
2022-06-30 17:58:49.008  INFO   57 --- [   JobGenerator] org.apache.spark.internal.Logging        : Added jobs for time 1656608329000 ms
2022-06-30 17:58:49.019  INFO   57 --- [   JobScheduler] org.apache.spark.internal.Logging        : Starting job streaming job 1656608329000 ms.0 from job set of time 1656608329000 ms
2022-06-30 17:58:49.395  INFO   57 --- [-job-executor-0] org.apache.spark.internal.Logging        : Setting hive.metastore.warehouse.dir ('null') to the value of spark.sql.warehouse.dir.
2022-06-30 17:58:50.004  INFO   57 --- [   JobGenerator] org.apache.spark.internal.Logging        : Added jobs for time 1656608330000 ms
2022-06-30 17:58:50.310  INFO   57 --- [-job-executor-0] org.apache.spark.internal.Logging        : Warehouse path is 'file:/C:/IntelliJProjects/NifiSparkStreaming/spark-warehouse'.
2022-06-30 17:58:50.328  INFO  915 --- [-job-executor-0] ject.jetty.server.handler.ContextHandler : Started o.s.j.s.ServletContextHandler@212dbe0{/SQL,null,AVAILABLE,@Spark}
2022-06-30 17:58:50.329  INFO  915 --- [-job-executor-0] ject.jetty.server.handler.ContextHandler : Started o.s.j.s.ServletContextHandler@26602af9{/SQL/json,null,AVAILABLE,@Spark}
2022-06-30 17:58:50.330  INFO  915 --- [-job-executor-0] ject.jetty.server.handler.ContextHandler : Started o.s.j.s.ServletContextHandler@830d18a{/SQL/execution,null,AVAILABLE,@Spark}
2022-06-30 17:58:50.331  INFO  915 --- [-job-executor-0] ject.jetty.server.handler.ContextHandler : Started o.s.j.s.ServletContextHandler@54508a84{/SQL/execution/json,null,AVAILABLE,@Spark}
2022-06-30 17:58:50.334  INFO  915 --- [-job-executor-0] ject.jetty.server.handler.ContextHandler : Started o.s.j.s.ServletContextHandler@483b3e93{/static/sql,null,AVAILABLE,@Spark}
2022-06-30 17:58:51.016  INFO   57 --- [   JobGenerator] org.apache.spark.internal.Logging        : Added jobs for time 1656608331000 ms
2022-06-30 17:58:51.862  WARN   69 --- [-job-executor-0] org.apache.spark.internal.Logging        : Using an existing SparkSession; some spark core configurations may not take effect.
2022-06-30 17:58:51.875  INFO   57 --- [-job-executor-0] org.apache.spark.internal.Logging        : Starting job: collect at Application.java:152
2022-06-30 17:58:51.876  INFO   57 --- [-job-executor-0] org.apache.spark.internal.Logging        : Job 2 finished: collect at Application.java:152, took 0.000670 s
2022-06-30 17:58:51.880  INFO   57 --- [   JobScheduler] org.apache.spark.internal.Logging        : Finished job streaming job 1656608329000 ms.0 from job set of time 1656608329000 ms
2022-06-30 17:58:51.881  INFO   57 --- [   JobScheduler] org.apache.spark.internal.Logging        : Starting job streaming job 1656608329000 ms.1 from job set of time 1656608329000 ms
2022-06-30 17:58:51.881  INFO   57 --- [   JobScheduler] org.apache.spark.internal.Logging        : Finished job streaming job 1656608329000 ms.1 from job set of time 1656608329000 ms
2022-06-30 17:58:51.881  INFO   57 --- [   JobScheduler] org.apache.spark.internal.Logging        : Total delay: 2.881 s for time 1656608329000 ms (execution: 2.863 s)
2022-06-30 17:58:51.882  INFO   57 --- [   JobScheduler] org.apache.spark.internal.Logging        : Starting job streaming job 1656608330000 ms.0 from job set of time 1656608330000 ms
2022-06-30 17:58:51.883  WARN   69 --- [-job-executor-0] org.apache.spark.internal.Logging        : Using an existing SparkSession; the static sql configurations will not take effect.
2022-06-30 17:58:51.884  WARN   69 --- [-job-executor-0] org.apache.spark.internal.Logging        : Using an existing SparkSession; some spark core configurations may not take effect.
2022-06-30 17:58:51.884  INFO   57 --- [   JobGenerator] org.apache.spark.internal.Logging        : Removing RDD 2 from persistence list
2022-06-30 17:58:51.898  INFO   57 --- [-job-executor-0] org.apache.spark.internal.Logging        : Starting job: collect at Application.java:152
2022-06-30 17:58:51.899  INFO   57 --- [-job-executor-0] org.apache.spark.internal.Logging        : Job 3 finished: collect at Application.java:152, took 0.000368 s
2022-06-30 17:58:51.900  INFO   57 --- [   JobScheduler] org.apache.spark.internal.Logging        : Finished job streaming job 1656608330000 ms.0 from job set of time 1656608330000 ms
2022-06-30 17:58:51.901  INFO   57 --- [   JobScheduler] org.apache.spark.internal.Logging        : Starting job streaming job 1656608330000 ms.1 from job set of time 1656608330000 ms
2022-06-30 17:58:51.902  INFO   57 --- [   JobScheduler] org.apache.spark.internal.Logging        : Finished job streaming job 1656608330000 ms.1 from job set of time 1656608330000 ms
2022-06-30 17:58:51.903  INFO   57 --- [   JobScheduler] org.apache.spark.internal.Logging        : Total delay: 1.902 s for time 1656608330000 ms (execution: 0.020 s)
2022-06-30 17:58:51.903  INFO   57 --- [   JobScheduler] org.apache.spark.internal.Logging        : Starting job streaming job 1656608331000 ms.0 from job set of time 1656608331000 ms
2022-06-30 17:58:51.915  INFO   57 --- [   JobGenerator] org.apache.spark.internal.Logging        : Removing RDD 1 from persistence list
2022-06-30 17:58:51.917  INFO   57 --- [   JobGenerator] org.apache.spark.internal.Logging        : Removing blocks of RDD BlockRDD[1] at receiverStream at Application.java:117 of time 1656608329000 ms
2022-06-30 17:58:51.918  WARN   69 --- [-job-executor-0] org.apache.spark.internal.Logging        : Using an existing SparkSession; the static sql configurations will not take effect.
2022-06-30 17:58:51.919  WARN   69 --- [-job-executor-0] org.apache.spark.internal.Logging        : Using an existing SparkSession; some spark core configurations may not take effect.
2022-06-30 17:58:51.919  INFO   57 --- [   JobGenerator] org.apache.spark.internal.Logging        : Deleting batches: 
2022-06-30 17:58:51.921  INFO   57 --- [   JobGenerator] org.apache.spark.internal.Logging        : remove old batch metadata: 
2022-06-30 17:58:51.922  INFO   57 --- [   JobGenerator] org.apache.spark.internal.Logging        : Removing RDD 5 from persistence list
2022-06-30 17:58:51.921  INFO   57 --- [c-thread-pool-0] org.apache.spark.internal.Logging        : Removing RDD 2
2022-06-30 17:58:51.920  INFO   57 --- [c-thread-pool-1] org.apache.spark.internal.Logging        : Removing RDD 1
2022-06-30 17:58:51.936  INFO   57 --- [   JobGenerator] org.apache.spark.internal.Logging        : Removing RDD 4 from persistence list
2022-06-30 17:58:51.941  INFO   57 --- [   JobGenerator] org.apache.spark.internal.Logging        : Removing blocks of RDD BlockRDD[4] at receiverStream at Application.java:117 of time 1656608330000 ms
2022-06-30 17:58:51.943  INFO   57 --- [-job-executor-0] org.apache.spark.internal.Logging        : Starting job: collect at Application.java:152
2022-06-30 17:58:51.944  INFO   57 --- [-job-executor-0] org.apache.spark.internal.Logging        : Job 4 finished: collect at Application.java:152, took 0.000268 s
2022-06-30 17:58:51.948  INFO   57 --- [c-thread-pool-7] org.apache.spark.internal.Logging        : Removing RDD 4
2022-06-30 17:58:51.949  INFO   57 --- [   JobGenerator] org.apache.spark.internal.Logging        : Deleting batches: 1656608328000 ms
2022-06-30 17:58:51.949  INFO   57 --- [   JobScheduler] org.apache.spark.internal.Logging        : Finished job streaming job 1656608331000 ms.0 from job set of time 1656608331000 ms
2022-06-30 17:58:51.950  INFO   57 --- [   JobScheduler] org.apache.spark.internal.Logging        : Starting job streaming job 1656608331000 ms.1 from job set of time 1656608331000 ms
2022-06-30 17:58:51.951  INFO   57 --- [   JobScheduler] org.apache.spark.internal.Logging        : Finished job streaming job 1656608331000 ms.1 from job set of time 1656608331000 ms
2022-06-30 17:58:51.951  INFO   57 --- [   JobScheduler] org.apache.spark.internal.Logging        : Total delay: 0.951 s for time 1656608331000 ms (execution: 0.048 s)
2022-06-30 17:58:51.948  INFO   57 --- [c-thread-pool-6] org.apache.spark.internal.Logging        : Removing RDD 5
2022-06-30 17:58:51.950  INFO   57 --- [   JobGenerator] org.apache.spark.internal.Logging        : remove old batch metadata: 1656608328000 ms
2022-06-30 17:58:51.962  INFO   57 --- [   JobGenerator] org.apache.spark.internal.Logging        : Removing RDD 8 from persistence list
2022-06-30 17:58:51.967  INFO   57 --- [   JobGenerator] org.apache.spark.internal.Logging        : Removing RDD 7 from persistence list
2022-06-30 17:58:51.972  INFO   57 --- [   JobGenerator] org.apache.spark.internal.Logging        : Removing blocks of RDD BlockRDD[7] at receiverStream at Application.java:117 of time 1656608331000 ms
2022-06-30 17:58:51.973  INFO   57 --- [   JobGenerator] org.apache.spark.internal.Logging        : Deleting batches: 1656608329000 ms
2022-06-30 17:58:51.973  INFO   57 --- [   JobGenerator] org.apache.spark.internal.Logging        : remove old batch metadata: 1656608329000 ms
2022-06-30 17:58:51.980  INFO   57 --- [-thread-pool-12] org.apache.spark.internal.Logging        : Removing RDD 8
2022-06-30 17:58:51.982  INFO   57 --- [-thread-pool-13] org.apache.spark.internal.Logging        : Removing RDD 7
2022-06-30 17:58:52.003  INFO   57 --- [   JobGenerator] org.apache.spark.internal.Logging        : Added jobs for time 1656608332000 ms
2022-06-30 17:58:52.020  INFO   57 --- [   JobScheduler] org.apache.spark.internal.Logging        : Starting job streaming job 1656608332000 ms.0 from job set of time 1656608332000 ms
2022-06-30 17:58:52.021  WARN   69 --- [-job-executor-0] org.apache.spark.internal.Logging        : Using an existing SparkSession; the static sql configurations will not take effect.
2022-06-30 17:58:52.022  WARN   69 --- [-job-executor-0] org.apache.spark.internal.Logging        : Using an existing SparkSession; some spark core configurations may not take effect.
2022-06-30 17:58:52.035  INFO   57 --- [-job-executor-0] org.apache.spark.internal.Logging        : Starting job: collect at Application.java:152
2022-06-30 17:58:52.037  INFO   57 --- [-job-executor-0] org.apache.spark.internal.Logging        : Job 5 finished: collect at Application.java:152, took 0.000735 s
2022-06-30 17:58:52.039  INFO   57 --- [   JobScheduler] org.apache.spark.internal.Logging        : Finished job streaming job 1656608332000 ms.0 from job set of time 1656608332000 ms
2022-06-30 17:58:52.039  INFO   57 --- [   JobScheduler] org.apache.spark.internal.Logging        : Starting job streaming job 1656608332000 ms.1 from job set of time 1656608332000 ms
2022-06-30 17:58:52.039  INFO   57 --- [   JobScheduler] org.apache.spark.internal.Logging        : Finished job streaming job 1656608332000 ms.1 from job set of time 1656608332000 ms
2022-06-30 17:58:52.040  INFO   57 --- [   JobScheduler] org.apache.spark.internal.Logging        : Total delay: 0.039 s for time 1656608332000 ms (execution: 0.019 s)
2022-06-30 17:58:52.045  INFO   57 --- [   JobGenerator] org.apache.spark.internal.Logging        : Removing RDD 10 from persistence list
2022-06-30 17:58:52.059  INFO   57 --- [   JobGenerator] org.apache.spark.internal.Logging        : Removing RDD 9 from persistence list
2022-06-30 17:58:52.062  INFO   57 --- [   JobGenerator] org.apache.spark.internal.Logging        : Removing blocks of RDD BlockRDD[9] at receiverStream at Application.java:117 of time 1656608332000 ms
2022-06-30 17:58:52.064  INFO   57 --- [   JobGenerator] org.apache.spark.internal.Logging        : Deleting batches: 1656608330000 ms
2022-06-30 17:58:52.064  INFO   57 --- [   JobGenerator] org.apache.spark.internal.Logging        : remove old batch metadata: 1656608330000 ms
2022-06-30 17:58:52.068  INFO   57 --- [-thread-pool-18] org.apache.spark.internal.Logging        : Removing RDD 10
2022-06-30 17:58:52.069  INFO   57 --- [-thread-pool-19] org.apache.spark.internal.Logging        : Removing RDD 9
2022-06-30 17:58:52.801  INFO  571 --- [  NiFi Receiver] g.apache.nifi.remote.client.PeerSelector : Successfully refreshed peer status cache; remote group consists of 1 peers
2022-06-30 17:58:52.801  INFO  571 --- [ool Maintenance] g.apache.nifi.remote.client.PeerSelector : Successfully refreshed peer status cache; remote group consists of 1 peers
2022-06-30 17:58:53.005  INFO   57 --- [   JobGenerator] org.apache.spark.internal.Logging        : Added jobs for time 1656608333000 ms
2022-06-30 17:58:53.007  INFO   57 --- [   JobScheduler] org.apache.spark.internal.Logging        : Starting job streaming job 1656608333000 ms.0 from job set of time 1656608333000 ms
2022-06-30 17:58:53.009  WARN   69 --- [-job-executor-0] org.apache.spark.internal.Logging        : Using an existing SparkSession; the static sql configurations will not take effect.
2022-06-30 17:58:53.011  WARN   69 --- [-job-executor-0] org.apache.spark.internal.Logging        : Using an existing SparkSession; some spark core configurations may not take effect.
2022-06-30 17:58:53.025  INFO   57 --- [-job-executor-0] org.apache.spark.internal.Logging        : Starting job: collect at Application.java:152
2022-06-30 17:58:53.026  INFO   57 --- [-job-executor-0] org.apache.spark.internal.Logging        : Job 6 finished: collect at Application.java:152, took 0.000506 s
2022-06-30 17:58:53.030  INFO   57 --- [   JobScheduler] org.apache.spark.internal.Logging        : Finished job streaming job 1656608333000 ms.0 from job set of time 1656608333000 ms
2022-06-30 17:58:53.030  INFO   57 --- [   JobScheduler] org.apache.spark.internal.Logging        : Starting job streaming job 1656608333000 ms.1 from job set of time 1656608333000 ms
2022-06-30 17:58:53.030  INFO   57 --- [   JobScheduler] org.apache.spark.internal.Logging        : Finished job streaming job 1656608333000 ms.1 from job set of time 1656608333000 ms
2022-06-30 17:58:53.031  INFO   57 --- [   JobScheduler] org.apache.spark.internal.Logging        : Total delay: 0.030 s for time 1656608333000 ms (execution: 0.023 s)
2022-06-30 17:58:53.032  INFO   57 --- [   JobGenerator] org.apache.spark.internal.Logging        : Removing RDD 14 from persistence list
2022-06-30 17:58:53.035  INFO   57 --- [   JobGenerator] org.apache.spark.internal.Logging        : Removing RDD 13 from persistence list
2022-06-30 17:58:53.036  INFO   57 --- [   JobGenerator] org.apache.spark.internal.Logging        : Removing blocks of RDD BlockRDD[13] at receiverStream at Application.java:117 of time 1656608333000 ms
2022-06-30 17:58:53.037  INFO   57 --- [   JobGenerator] org.apache.spark.internal.Logging        : Deleting batches: 1656608331000 ms
2022-06-30 17:58:53.038  INFO   57 --- [   JobGenerator] org.apache.spark.internal.Logging        : remove old batch metadata: 1656608331000 ms
2022-06-30 17:58:53.080  INFO   57 --- [-thread-pool-24] org.apache.spark.internal.Logging        : Removing RDD 14
2022-06-30 17:58:53.080  INFO   57 --- [-thread-pool-25] org.apache.spark.internal.Logging        : Removing RDD 13
2022-06-30 17:58:53.105  INFO   57 --- [  NiFi Receiver] org.apache.spark.internal.Logging        : Block input-0-1656608328760 stored as values in memory (estimated size 503.2 KiB, free 897.0 MiB)
2022-06-30 17:58:53.106  INFO   57 --- [ckManagerMaster] org.apache.spark.internal.Logging        : Added input-0-1656608328760 in memory on host.docker.internal:60167 (size: 503.2 KiB, free: 897.1 MiB)
2022-06-30 17:58:54.016  INFO   57 --- [   JobGenerator] org.apache.spark.internal.Logging        : Added jobs for time 1656608334000 ms
2022-06-30 17:58:54.017  INFO   57 --- [   JobScheduler] org.apache.spark.internal.Logging        : Starting job streaming job 1656608334000 ms.0 from job set of time 1656608334000 ms
2022-06-30 17:58:54.023  WARN   69 --- [-job-executor-0] org.apache.spark.internal.Logging        : Using an existing SparkSession; the static sql configurations will not take effect.
2022-06-30 17:58:54.023  WARN   69 --- [-job-executor-0] org.apache.spark.internal.Logging        : Using an existing SparkSession; some spark core configurations may not take effect.
2022-06-30 17:58:54.035  INFO   57 --- [-job-executor-0] org.apache.spark.internal.Logging        : Starting job: collect at Application.java:152
2022-06-30 17:58:54.038  INFO   57 --- [uler-event-loop] org.apache.spark.internal.Logging        : Got job 7 (collect at Application.java:152) with 1 output partitions
2022-06-30 17:58:54.039  INFO   57 --- [uler-event-loop] org.apache.spark.internal.Logging        : Final stage: ResultStage 1 (collect at Application.java:152)
2022-06-30 17:58:54.039  INFO   57 --- [uler-event-loop] org.apache.spark.internal.Logging        : Parents of final stage: List()
2022-06-30 17:58:54.039  INFO   57 --- [uler-event-loop] org.apache.spark.internal.Logging        : Missing parents: List()
2022-06-30 17:58:54.041  INFO   57 --- [uler-event-loop] org.apache.spark.internal.Logging        : Submitting ResultStage 1 (MapPartitionsRDD[21] at map at Application.java:125), which has no missing parents
2022-06-30 17:58:54.049  INFO   57 --- [uler-event-loop] org.apache.spark.internal.Logging        : Block broadcast_1 stored as values in memory (estimated size 4.7 KiB, free 897.0 MiB)
2022-06-30 17:58:54.053  INFO   57 --- [uler-event-loop] org.apache.spark.internal.Logging        : Block broadcast_1_piece0 stored as bytes in memory (estimated size 2.6 KiB, free 897.0 MiB)
2022-06-30 17:58:54.053  INFO   57 --- [ckManagerMaster] org.apache.spark.internal.Logging        : Added broadcast_1_piece0 in memory on host.docker.internal:60167 (size: 2.6 KiB, free: 897.1 MiB)
2022-06-30 17:58:54.054  INFO   57 --- [uler-event-loop] org.apache.spark.internal.Logging        : Created broadcast 1 from broadcast at DAGScheduler.scala:1478
2022-06-30 17:58:54.055  INFO   57 --- [uler-event-loop] org.apache.spark.internal.Logging        : Submitting 1 missing tasks from ResultStage 1 (MapPartitionsRDD[21] at map at Application.java:125) (first 15 tasks are for partitions Vector(0))
2022-06-30 17:58:54.055  INFO   57 --- [uler-event-loop] org.apache.spark.internal.Logging        : Adding task set 1.0 with 1 tasks resource profile 0
2022-06-30 17:58:54.058  INFO   57 --- [er-event-loop-2] org.apache.spark.internal.Logging        : Starting task 0.0 in stage 1.0 (TID 1) (host.docker.internal, executor driver, partition 0, PROCESS_LOCAL, 4394 bytes) taskResourceAssignments Map()
2022-06-30 17:58:54.060  INFO   57 --- [age 1.0 (TID 1)] org.apache.spark.internal.Logging        : Running task 0.0 in stage 1.0 (TID 1)
2022-06-30 17:58:54.229  INFO   57 --- [age 1.0 (TID 1)] org.apache.spark.internal.Logging        : Found block input-0-1656608328760 locally
2022-06-30 17:58:54.395  INFO   57 --- [age 1.0 (TID 1)] org.apache.spark.internal.Logging        : Finished task 0.0 in stage 1.0 (TID 1). 39576 bytes result sent to driver
2022-06-30 17:58:54.416  INFO   57 --- [result-getter-0] org.apache.spark.internal.Logging        : Finished task 0.0 in stage 1.0 (TID 1) in 357 ms on host.docker.internal (executor driver) (1/1)
2022-06-30 17:58:54.420  INFO   57 --- [result-getter-0] org.apache.spark.internal.Logging        : Removed TaskSet 1.0, whose tasks have all completed, from pool 
2022-06-30 17:58:54.432  INFO   57 --- [uler-event-loop] org.apache.spark.internal.Logging        : ResultStage 1 (collect at Application.java:152) finished in 0.384 s
2022-06-30 17:58:54.442  INFO   57 --- [uler-event-loop] org.apache.spark.internal.Logging        : Job 7 is finished. Cancelling potential speculative or zombie tasks for this job
2022-06-30 17:58:54.443  INFO   57 --- [uler-event-loop] org.apache.spark.internal.Logging        : Killing all running tasks in stage 1: Stage finished
2022-06-30 17:58:54.445  INFO   57 --- [-job-executor-0] org.apache.spark.internal.Logging        : Job 7 finished: collect at Application.java:152, took 0.409878 s
2022-06-30 17:58:55.000  INFO   57 --- [   JobGenerator] org.apache.spark.internal.Logging        : Added jobs for time 1656608335000 ms
2022-06-30 17:58:55.780  INFO   57 --- [ckManagerMaster] org.apache.spark.internal.Logging        : Removed broadcast_1_piece0 on host.docker.internal:60167 in memory (size: 2.6 KiB, free: 897.1 MiB)
2022-06-30 17:58:56.003  INFO   57 --- [   JobGenerator] org.apache.spark.internal.Logging        : Added jobs for time 1656608336000 ms
2022-06-30 17:58:57.004  INFO   57 --- [   JobGenerator] org.apache.spark.internal.Logging        : Added jobs for time 1656608337000 ms
2022-06-30 17:58:57.074  WARN   69 --- [tor-heartbeater] org.apache.spark.internal.Logging        : Exception when trying to compute pagesize, as a result reporting of ProcessTree metrics is stopped
2022-06-30 17:58:58.005  INFO   57 --- [   JobGenerator] org.apache.spark.internal.Logging        : Added jobs for time 1656608338000 ms
2022-06-30 17:58:59.005  INFO   57 --- [   JobGenerator] org.apache.spark.internal.Logging        : Added jobs for time 1656608339000 ms
2022-06-30 17:58:59.258  INFO   57 --- [   JobScheduler] org.apache.spark.internal.Logging        : Finished job streaming job 1656608334000 ms.0 from job set of time 1656608334000 ms
2022-06-30 17:58:59.259  INFO   57 --- [   JobScheduler] org.apache.spark.internal.Logging        : Starting job streaming job 1656608334000 ms.1 from job set of time 1656608334000 ms
2022-06-30 17:58:59.260  ERROR   94 --- [   JobScheduler] org.apache.spark.internal.Logging        : Error running job streaming job 1656608334000 ms.0
java.lang.NullPointerException
	at org.apache.spark.sql.catalyst.InternalRow$.$anonfun$getWriter$11(InternalRow.scala:184)
	at org.apache.spark.sql.catalyst.InternalRow$.$anonfun$getWriter$11$adapted(InternalRow.scala:184)
	at org.apache.spark.sql.catalyst.expressions.InterpretedMutableProjection.$anonfun$fieldWriters$2(InterpretedMutableProjection.scala:76)
	at org.apache.spark.sql.catalyst.expressions.InterpretedMutableProjection.$anonfun$fieldWriters$2$adapted(InterpretedMutableProjection.scala:76)
	at org.apache.spark.sql.catalyst.expressions.InterpretedMutableProjection.apply(InterpretedMutableProjection.scala:103)
	at org.apache.spark.sql.catalyst.optimizer.ConvertToLocalRelation$$anonfun$apply$43.$anonfun$applyOrElse$78(Optimizer.scala:1846)
	at scala.collection.TraversableLike.$anonfun$map$1(TraversableLike.scala:286)
	at scala.collection.mutable.ResizableArray.foreach(ResizableArray.scala:62)
	at scala.collection.mutable.ResizableArray.foreach$(ResizableArray.scala:55)
	at scala.collection.mutable.ArrayBuffer.foreach(ArrayBuffer.scala:49)
	at scala.collection.TraversableLike.map(TraversableLike.scala:286)
	at scala.collection.TraversableLike.map$(TraversableLike.scala:279)
	at scala.collection.AbstractTraversable.map(Traversable.scala:108)
	at org.apache.spark.sql.catalyst.optimizer.ConvertToLocalRelation$$anonfun$apply$43.applyOrElse(Optimizer.scala:1846)
	at org.apache.spark.sql.catalyst.optimizer.ConvertToLocalRelation$$anonfun$apply$43.applyOrElse(Optimizer.scala:1841)
	at org.apache.spark.sql.catalyst.trees.TreeNode.$anonfun$transformDownWithPruning$1(TreeNode.scala:481)
	at org.apache.spark.sql.catalyst.trees.CurrentOrigin$.withOrigin(TreeNode.scala:82)
	at org.apache.spark.sql.catalyst.trees.TreeNode.transformDownWithPruning(TreeNode.scala:481)
	at org.apache.spark.sql.catalyst.plans.logical.LogicalPlan.org$apache$spark$sql$catalyst$plans$logical$AnalysisHelper$$super$transformDownWithPruning(LogicalPlan.scala:30)
	at org.apache.spark.sql.catalyst.plans.logical.AnalysisHelper.transformDownWithPruning(AnalysisHelper.scala:267)
	at org.apache.spark.sql.catalyst.plans.logical.AnalysisHelper.transformDownWithPruning$(AnalysisHelper.scala:263)
	at org.apache.spark.sql.catalyst.plans.logical.LogicalPlan.transformDownWithPruning(LogicalPlan.scala:30)
	at org.apache.spark.sql.catalyst.plans.logical.LogicalPlan.transformDownWithPruning(LogicalPlan.scala:30)
	at org.apache.spark.sql.catalyst.trees.TreeNode.$anonfun$transformDownWithPruning$3(TreeNode.scala:486)
	at org.apache.spark.sql.catalyst.trees.UnaryLike.mapChildren(TreeNode.scala:1122)
	at org.apache.spark.sql.catalyst.trees.UnaryLike.mapChildren$(TreeNode.scala:1121)
	at org.apache.spark.sql.catalyst.plans.logical.OrderPreservingUnaryNode.mapChildren(LogicalPlan.scala:206)
	at org.apache.spark.sql.catalyst.trees.TreeNode.transformDownWithPruning(TreeNode.scala:486)
	at org.apache.spark.sql.catalyst.plans.logical.LogicalPlan.org$apache$spark$sql$catalyst$plans$logical$AnalysisHelper$$super$transformDownWithPruning(LogicalPlan.scala:30)
	at org.apache.spark.sql.catalyst.plans.logical.AnalysisHelper.transformDownWithPruning(AnalysisHelper.scala:267)
	at org.apache.spark.sql.catalyst.plans.logical.AnalysisHelper.transformDownWithPruning$(AnalysisHelper.scala:263)
	at org.apache.spark.sql.catalyst.plans.logical.LogicalPlan.transformDownWithPruning(LogicalPlan.scala:30)
	at org.apache.spark.sql.catalyst.plans.logical.LogicalPlan.transformDownWithPruning(LogicalPlan.scala:30)
	at org.apache.spark.sql.catalyst.trees.TreeNode.$anonfun$transformDownWithPruning$3(TreeNode.scala:486)
	at org.apache.spark.sql.catalyst.trees.UnaryLike.mapChildren(TreeNode.scala:1122)
	at org.apache.spark.sql.catalyst.trees.UnaryLike.mapChildren$(TreeNode.scala:1121)
	at org.apache.spark.sql.catalyst.plans.logical.OrderPreservingUnaryNode.mapChildren(LogicalPlan.scala:206)
	at org.apache.spark.sql.catalyst.trees.TreeNode.transformDownWithPruning(TreeNode.scala:486)
	at org.apache.spark.sql.catalyst.plans.logical.LogicalPlan.org$apache$spark$sql$catalyst$plans$logical$AnalysisHelper$$super$transformDownWithPruning(LogicalPlan.scala:30)
	at org.apache.spark.sql.catalyst.plans.logical.AnalysisHelper.transformDownWithPruning(AnalysisHelper.scala:267)
	at org.apache.spark.sql.catalyst.plans.logical.AnalysisHelper.transformDownWithPruning$(AnalysisHelper.scala:263)
	at org.apache.spark.sql.catalyst.plans.logical.LogicalPlan.transformDownWithPruning(LogicalPlan.scala:30)
	at org.apache.spark.sql.catalyst.plans.logical.LogicalPlan.transformDownWithPruning(LogicalPlan.scala:30)
	at org.apache.spark.sql.catalyst.trees.TreeNode.transformWithPruning(TreeNode.scala:447)
	at org.apache.spark.sql.catalyst.optimizer.ConvertToLocalRelation$.apply(Optimizer.scala:1841)
	at org.apache.spark.sql.catalyst.optimizer.ConvertToLocalRelation$.apply(Optimizer.scala:1839)
	at org.apache.spark.sql.catalyst.rules.RuleExecutor.$anonfun$execute$2(RuleExecutor.scala:211)
	at scala.collection.IndexedSeqOptimized.foldLeft(IndexedSeqOptimized.scala:60)
	at scala.collection.IndexedSeqOptimized.foldLeft$(IndexedSeqOptimized.scala:68)
	at scala.collection.mutable.WrappedArray.foldLeft(WrappedArray.scala:38)
	at org.apache.spark.sql.catalyst.rules.RuleExecutor.$anonfun$execute$1(RuleExecutor.scala:208)
	at org.apache.spark.sql.catalyst.rules.RuleExecutor.$anonfun$execute$1$adapted(RuleExecutor.scala:200)
	at scala.collection.immutable.List.foreach(List.scala:431)
	at org.apache.spark.sql.catalyst.rules.RuleExecutor.execute(RuleExecutor.scala:200)
	at org.apache.spark.sql.catalyst.rules.RuleExecutor.$anonfun$executeAndTrack$1(RuleExecutor.scala:179)
	at org.apache.spark.sql.catalyst.QueryPlanningTracker$.withTracker(QueryPlanningTracker.scala:88)
	at org.apache.spark.sql.catalyst.rules.RuleExecutor.executeAndTrack(RuleExecutor.scala:179)
	at org.apache.spark.sql.execution.QueryExecution.$anonfun$optimizedPlan$1(QueryExecution.scala:138)
	at org.apache.spark.sql.catalyst.QueryPlanningTracker.measurePhase(QueryPlanningTracker.scala:111)
	at org.apache.spark.sql.execution.QueryExecution.$anonfun$executePhase$1(QueryExecution.scala:196)
	at org.apache.spark.sql.SparkSession.withActive(SparkSession.scala:775)
	at org.apache.spark.sql.execution.QueryExecution.executePhase(QueryExecution.scala:196)
	at org.apache.spark.sql.execution.QueryExecution.optimizedPlan$lzycompute(QueryExecution.scala:134)
	at org.apache.spark.sql.execution.QueryExecution.optimizedPlan(QueryExecution.scala:130)
	at org.apache.spark.sql.execution.QueryExecution.assertOptimized(QueryExecution.scala:148)
	at org.apache.spark.sql.execution.QueryExecution.$anonfun$executedPlan$1(QueryExecution.scala:166)
	at org.apache.spark.sql.execution.QueryExecution.withCteMap(QueryExecution.scala:73)
	at org.apache.spark.sql.execution.QueryExecution.executedPlan$lzycompute(QueryExecution.scala:163)
	at org.apache.spark.sql.execution.QueryExecution.executedPlan(QueryExecution.scala:163)
	at org.apache.spark.sql.execution.QueryExecution.simpleString(QueryExecution.scala:214)
	at org.apache.spark.sql.execution.QueryExecution.org$apache$spark$sql$execution$QueryExecution$$explainString(QueryExecution.scala:259)
	at org.apache.spark.sql.execution.QueryExecution.explainString(QueryExecution.scala:228)
	at org.apache.spark.sql.execution.SQLExecution$.$anonfun$withNewExecutionId$5(SQLExecution.scala:98)
	at org.apache.spark.sql.execution.SQLExecution$.withSQLConfPropagated(SQLExecution.scala:163)
	at org.apache.spark.sql.execution.SQLExecution$.$anonfun$withNewExecutionId$1(SQLExecution.scala:90)
	at org.apache.spark.sql.SparkSession.withActive(SparkSession.scala:775)
	at org.apache.spark.sql.execution.SQLExecution$.withNewExecutionId(SQLExecution.scala:64)
	at org.apache.spark.sql.Dataset.withAction(Dataset.scala:3704)
	at org.apache.spark.sql.Dataset.head(Dataset.scala:2728)
	at org.apache.spark.sql.Dataset.take(Dataset.scala:2935)
	at org.apache.spark.sql.Dataset.getRows(Dataset.scala:287)
	at org.apache.spark.sql.Dataset.showString(Dataset.scala:326)
	at org.apache.spark.sql.Dataset.show(Dataset.scala:806)
	at org.apache.spark.sql.Dataset.show(Dataset.scala:765)
	at org.apache.spark.sql.Dataset.show(Dataset.scala:774)
	at com.elite.cdr.validator.Application.lambda$main$1282d8df$1(Application.java:162)
	at org.apache.spark.streaming.api.java.JavaDStreamLike.$anonfun$foreachRDD$1(JavaDStreamLike.scala:272)
	at org.apache.spark.streaming.api.java.JavaDStreamLike.$anonfun$foreachRDD$1$adapted(JavaDStreamLike.scala:272)
	at org.apache.spark.streaming.dstream.DStream.$anonfun$foreachRDD$2(DStream.scala:629)
	at org.apache.spark.streaming.dstream.DStream.$anonfun$foreachRDD$2$adapted(DStream.scala:629)
	at org.apache.spark.streaming.dstream.ForEachDStream.$anonfun$generateJob$2(ForEachDStream.scala:51)
	at scala.runtime.java8.JFunction0$mcV$sp.apply(JFunction0$mcV$sp.java:23)
	at org.apache.spark.streaming.dstream.DStream.createRDDWithLocalProperties(DStream.scala:417)
	at org.apache.spark.streaming.dstream.ForEachDStream.$anonfun$generateJob$1(ForEachDStream.scala:51)
	at scala.runtime.java8.JFunction0$mcV$sp.apply(JFunction0$mcV$sp.java:23)
	at scala.util.Try$.apply(Try.scala:213)
	at org.apache.spark.streaming.scheduler.Job.run(Job.scala:39)
	at org.apache.spark.streaming.scheduler.JobScheduler$JobHandler.$anonfun$run$1(JobScheduler.scala:256)
	at scala.runtime.java8.JFunction0$mcV$sp.apply(JFunction0$mcV$sp.java:23)
	at scala.util.DynamicVariable.withValue(DynamicVariable.scala:62)
	at org.apache.spark.streaming.scheduler.JobScheduler$JobHandler.run(JobScheduler.scala:256)
	at java.util.concurrent.ThreadPoolExecutor.runWorker(ThreadPoolExecutor.java:1149)
	at java.util.concurrent.ThreadPoolExecutor$Worker.run(ThreadPoolExecutor.java:624)
	at java.lang.Thread.run(Thread.java:748)
2022-06-30 17:58:59.269  INFO   57 --- [-job-executor-0] org.apache.spark.internal.Logging        : Starting job: print at Application.java:247
2022-06-30 17:58:59.270  INFO   57 --- [uler-event-loop] org.apache.spark.internal.Logging        : Got job 8 (print at Application.java:247) with 1 output partitions
2022-06-30 17:58:59.270  INFO   57 --- [uler-event-loop] org.apache.spark.internal.Logging        : Final stage: ResultStage 2 (print at Application.java:247)
2022-06-30 17:58:59.271  INFO   57 --- [uler-event-loop] org.apache.spark.internal.Logging        : Parents of final stage: List()
2022-06-30 17:58:59.271  INFO   57 --- [uler-event-loop] org.apache.spark.internal.Logging        : Missing parents: List()
2022-06-30 17:58:59.273  INFO   57 --- [uler-event-loop] org.apache.spark.internal.Logging        : Submitting ResultStage 2 (MapPartitionsRDD[20] at map at Application.java:122), which has no missing parents
2022-06-30 17:58:59.275  INFO   57 --- [shutdown-hook-0] org.apache.spark.internal.Logging        : Invoking stop(stopGracefully=false) from shutdown hook
2022-06-30 17:58:59.282  INFO   57 --- [uler-event-loop] org.apache.spark.internal.Logging        : Block broadcast_2 stored as values in memory (estimated size 4.4 KiB, free 897.0 MiB)
2022-06-30 17:58:59.287  INFO   57 --- [uler-event-loop] org.apache.spark.internal.Logging        : Block broadcast_2_piece0 stored as bytes in memory (estimated size 2.4 KiB, free 897.0 MiB)
2022-06-30 17:58:59.288  INFO   57 --- [ckManagerMaster] org.apache.spark.internal.Logging        : Added broadcast_2_piece0 in memory on host.docker.internal:60167 (size: 2.4 KiB, free: 897.1 MiB)
2022-06-30 17:58:59.288  INFO   57 --- [er-event-loop-3] org.apache.spark.internal.Logging        : Sent stop signal to all 1 receivers
2022-06-30 17:58:59.289  INFO   57 --- [er-event-loop-0] org.apache.spark.internal.Logging        : Received stop signal
2022-06-30 17:58:59.290  INFO   57 --- [uler-event-loop] org.apache.spark.internal.Logging        : Created broadcast 2 from broadcast at DAGScheduler.scala:1478
2022-06-30 17:58:59.291  INFO   57 --- [uler-event-loop] org.apache.spark.internal.Logging        : Submitting 1 missing tasks from ResultStage 2 (MapPartitionsRDD[20] at map at Application.java:122) (first 15 tasks are for partitions Vector(0))
2022-06-30 17:58:59.292  INFO   57 --- [uler-event-loop] org.apache.spark.internal.Logging        : Adding task set 2.0 with 1 tasks resource profile 0
2022-06-30 17:58:59.293  INFO   57 --- [er-event-loop-0] org.apache.spark.internal.Logging        : Stopping receiver with message: Stopped by driver: 
2022-06-30 17:58:59.294  INFO   57 --- [er-event-loop-0] org.apache.spark.internal.Logging        : Called receiver onStop
2022-06-30 17:58:59.295  INFO   57 --- [er-event-loop-0] org.apache.spark.internal.Logging        : Deregistering receiver 0
2022-06-30 17:58:59.296  INFO   57 --- [er-event-loop-1] org.apache.spark.internal.Logging        : Starting task 0.0 in stage 2.0 (TID 2) (host.docker.internal, executor driver, partition 0, PROCESS_LOCAL, 4394 bytes) taskResourceAssignments Map()
2022-06-30 17:58:59.300  ERROR   73 --- [er-event-loop-2] org.apache.spark.internal.Logging        : Deregistered receiver for stream 0: Stopped by driver
2022-06-30 17:58:59.301  ERROR   94 --- [er-event-loop-1] org.apache.spark.internal.Logging        : Ignoring error
java.util.concurrent.RejectedExecutionException: Task org.apache.spark.executor.Executor$TaskRunner@365696c4 rejected from java.util.concurrent.ThreadPoolExecutor@34ae30d8[Shutting down, pool size = 1, active threads = 1, queued tasks = 0, completed tasks = 1]
	at java.util.concurrent.ThreadPoolExecutor$AbortPolicy.rejectedExecution(ThreadPoolExecutor.java:2063)
	at java.util.concurrent.ThreadPoolExecutor.reject(ThreadPoolExecutor.java:830)
	at java.util.concurrent.ThreadPoolExecutor.execute(ThreadPoolExecutor.java:1379)
	at org.apache.spark.executor.Executor.launchTask(Executor.scala:270)
	at org.apache.spark.scheduler.local.LocalEndpoint.$anonfun$reviveOffers$1(LocalSchedulerBackend.scala:93)
	at org.apache.spark.scheduler.local.LocalEndpoint.$anonfun$reviveOffers$1$adapted(LocalSchedulerBackend.scala:91)
	at scala.collection.Iterator.foreach(Iterator.scala:943)
	at scala.collection.Iterator.foreach$(Iterator.scala:943)
	at scala.collection.AbstractIterator.foreach(Iterator.scala:1431)
	at scala.collection.IterableLike.foreach(IterableLike.scala:74)
	at scala.collection.IterableLike.foreach$(IterableLike.scala:73)
	at scala.collection.AbstractIterable.foreach(Iterable.scala:56)
	at org.apache.spark.scheduler.local.LocalEndpoint.reviveOffers(LocalSchedulerBackend.scala:91)
	at org.apache.spark.scheduler.local.LocalEndpoint$$anonfun$receive$1.applyOrElse(LocalSchedulerBackend.scala:68)
	at org.apache.spark.rpc.netty.Inbox.$anonfun$process$1(Inbox.scala:115)
	at org.apache.spark.rpc.netty.Inbox.safelyCall(Inbox.scala:213)
	at org.apache.spark.rpc.netty.Inbox.process(Inbox.scala:100)
	at org.apache.spark.rpc.netty.MessageLoop.org$apache$spark$rpc$netty$MessageLoop$$receiveLoop(MessageLoop.scala:75)
	at org.apache.spark.rpc.netty.MessageLoop$$anon$1.run(MessageLoop.scala:41)
	at java.util.concurrent.ThreadPoolExecutor.runWorker(ThreadPoolExecutor.java:1149)
	at java.util.concurrent.ThreadPoolExecutor$Worker.run(ThreadPoolExecutor.java:624)
	at java.lang.Thread.run(Thread.java:748)
2022-06-30 17:58:59.302  INFO   57 --- [er-event-loop-0] org.apache.spark.internal.Logging        : Stopped receiver 0
2022-06-30 17:58:59.305  INFO   57 --- [er-event-loop-0] org.apache.spark.internal.Logging        : Stopping BlockGenerator
2022-06-30 17:58:59.600  INFO   57 --- [er-event-loop-0] org.apache.spark.internal.Logging        : Stopped timer for BlockGenerator after time 1656608339600
2022-06-30 17:58:59.601  INFO   57 --- [er-event-loop-0] org.apache.spark.internal.Logging        : Waiting for block pushing thread to terminate
2022-06-30 17:58:59.610  INFO   57 --- [      Thread-14] org.apache.spark.internal.Logging        : Pushing out the last 0 blocks
2022-06-30 17:58:59.612  INFO   57 --- [      Thread-14] org.apache.spark.internal.Logging        : Stopped block pushing thread
2022-06-30 17:58:59.613  INFO   57 --- [er-event-loop-0] org.apache.spark.internal.Logging        : Stopped BlockGenerator
2022-06-30 17:58:59.614  INFO   57 --- [age 0.0 (TID 0)] org.apache.spark.internal.Logging        : Stopped receiver without error
2022-06-30 17:58:59.616  INFO   57 --- [age 0.0 (TID 0)] org.apache.spark.internal.Logging        : Finished task 0.0 in stage 0.0 (TID 0). 880 bytes result sent to driver
2022-06-30 17:58:59.618  INFO   57 --- [result-getter-1] org.apache.spark.internal.Logging        : Finished task 0.0 in stage 0.0 (TID 0) in 11334 ms on host.docker.internal (executor driver) (1/1)
2022-06-30 17:58:59.619  INFO   57 --- [result-getter-1] org.apache.spark.internal.Logging        : Removed TaskSet 0.0, whose tasks have all completed, from pool 
2022-06-30 17:58:59.621  INFO   57 --- [uler-event-loop] org.apache.spark.internal.Logging        : ResultStage 0 (start at Application.java:250) finished in 11.805 s
2022-06-30 17:58:59.621  INFO   57 --- [uler-event-loop] org.apache.spark.internal.Logging        : Job 0 is finished. Cancelling potential speculative or zombie tasks for this job
2022-06-30 17:58:59.621  INFO   57 --- [uler-event-loop] org.apache.spark.internal.Logging        : Killing all running tasks in stage 0: Stage finished
2022-06-30 17:58:59.625  INFO   57 --- [shutdown-hook-0] org.apache.spark.internal.Logging        : All of the receivers have deregistered successfully
2022-06-30 17:58:59.627  INFO   57 --- [shutdown-hook-0] org.apache.spark.internal.Logging        : ReceiverTracker stopped
2022-06-30 17:58:59.628  INFO   57 --- [shutdown-hook-0] org.apache.spark.internal.Logging        : Stopping JobGenerator immediately
2022-06-30 17:58:59.629  INFO   57 --- [shutdown-hook-0] org.apache.spark.internal.Logging        : Stopped timer for JobGenerator after time 1656608339000
2022-06-30 17:58:59.629  INFO   57 --- [shutdown-hook-0] org.apache.spark.internal.Logging        : Stopped JobGenerator
2022-06-30 17:59:01.645  INFO   57 --- [shutdown-hook-0] org.apache.spark.internal.Logging        : Stopped JobScheduler
2022-06-30 17:59:01.651  INFO 1153 --- [shutdown-hook-0] ject.jetty.server.handler.ContextHandler : Stopped o.s.j.s.ServletContextHandler@4e31c3ec{/streaming,null,STOPPED,@Spark}
2022-06-30 17:59:01.653  INFO 1153 --- [shutdown-hook-0] ject.jetty.server.handler.ContextHandler : Stopped o.s.j.s.ServletContextHandler@6eaa21d8{/streaming/json,null,STOPPED,@Spark}
2022-06-30 17:59:01.656  INFO 1153 --- [shutdown-hook-0] ject.jetty.server.handler.ContextHandler : Stopped o.s.j.s.ServletContextHandler@39e67516{/streaming/batch,null,STOPPED,@Spark}
2022-06-30 17:59:01.658  INFO 1153 --- [shutdown-hook-0] ject.jetty.server.handler.ContextHandler : Stopped o.s.j.s.ServletContextHandler@4bb003e9{/streaming/batch/json,null,STOPPED,@Spark}
2022-06-30 17:59:01.660  INFO 1153 --- [shutdown-hook-0] ject.jetty.server.handler.ContextHandler : Stopped o.s.j.s.ServletContextHandler@2ca5f1ed{/static/streaming,null,STOPPED,@Spark}
2022-06-30 17:59:01.661  INFO   57 --- [shutdown-hook-0] org.apache.spark.internal.Logging        : StreamingContext stopped successfully
2022-06-30 17:59:01.662  INFO   57 --- [shutdown-hook-0] org.apache.spark.internal.Logging        : Invoking stop() from shutdown hook
2022-06-30 17:59:01.676  INFO  381 --- [shutdown-hook-0] rkproject.jetty.server.AbstractConnector : Stopped Spark@64712be{HTTP/1.1, (http/1.1)}{0.0.0.0:4040}
2022-06-30 17:59:01.677  INFO   57 --- [shutdown-hook-0] org.apache.spark.internal.Logging        : Stopped Spark web UI at http://host.docker.internal:4040
2022-06-30 17:59:01.682  INFO   57 --- [shutdown-hook-0] org.apache.spark.internal.Logging        : ResultStage 2 (print at Application.java:247) failed in 2.407 s due to Stage cancelled because SparkContext was shut down
2022-06-30 17:59:01.700  INFO   57 --- [er-event-loop-1] org.apache.spark.internal.Logging        : MapOutputTrackerMasterEndpoint stopped!
2022-06-30 17:59:01.727  INFO   57 --- [shutdown-hook-0] org.apache.spark.internal.Logging        : MemoryStore cleared
2022-06-30 17:59:01.729  INFO   57 --- [shutdown-hook-0] org.apache.spark.internal.Logging        : BlockManager stopped
2022-06-30 17:59:01.732  INFO   57 --- [shutdown-hook-0] org.apache.spark.internal.Logging        : BlockManagerMaster stopped
2022-06-30 17:59:01.742  INFO   57 --- [er-event-loop-3] org.apache.spark.internal.Logging        : OutputCommitCoordinator stopped!
2022-06-30 17:59:01.747  INFO   57 --- [shutdown-hook-0] org.apache.spark.internal.Logging        : Successfully stopped SparkContext
2022-06-30 17:59:01.747  INFO   57 --- [shutdown-hook-0] org.apache.spark.internal.Logging        : Shutdown hook called
2022-06-30 17:59:01.748  INFO   57 --- [shutdown-hook-0] org.apache.spark.internal.Logging        : Deleting directory C:\Users\Wael Hamdi\AppData\Local\Temp\spark-4232839a-7daa-433b-90d0-5eacebacaa66
