2022-06-27 11:35:29.792  INFO   54 --- [           main] com.elite.cdr.validator.Application      : Starting ASN1 Reader 
2022-06-27 11:35:29.792  INFO   56 --- [           main] com.elite.cdr.validator.Application      : ############### Run with the args [--env, local, --file, C:\IntelliJProjects\FraudDetectionSpark3\src\main\resources\data\simpleTypes.ber]
2022-06-27 11:35:29.886  INFO   62 --- [           main] com.elite.cdr.validator.Application      : ############### Run in local mode
2022-06-27 11:35:33.355  INFO   57 --- [           main] org.apache.spark.internal.Logging        : Running Spark version 3.2.1
2022-06-27 11:35:34.230  INFO   57 --- [           main] org.apache.spark.internal.Logging        : ==============================================================
2022-06-27 11:35:34.230  INFO   57 --- [           main] org.apache.spark.internal.Logging        : No custom resources configured for spark.driver.
2022-06-27 11:35:34.246  INFO   57 --- [           main] org.apache.spark.internal.Logging        : ==============================================================
2022-06-27 11:35:34.246  INFO   57 --- [           main] org.apache.spark.internal.Logging        : Submitted application: NiFi-Spark Streaming example
2022-06-27 11:35:34.355  INFO   57 --- [           main] org.apache.spark.internal.Logging        : Default ResourceProfile created, executor resources: Map(cores -> name: cores, amount: 1, script: , vendor: , memory -> name: memory, amount: 1024, script: , vendor: , offHeap -> name: offHeap, amount: 0, script: , vendor: ), task resources: Map(cpus -> name: cpus, amount: 1.0)
2022-06-27 11:35:34.386  INFO   57 --- [           main] org.apache.spark.internal.Logging        : Limiting resource is cpu
2022-06-27 11:35:34.386  INFO   57 --- [           main] org.apache.spark.internal.Logging        : Added ResourceProfile id: 0
2022-06-27 11:35:34.839  INFO   57 --- [           main] org.apache.spark.internal.Logging        : Changing view acls to: Wael Hamdi
2022-06-27 11:35:34.839  INFO   57 --- [           main] org.apache.spark.internal.Logging        : Changing modify acls to: Wael Hamdi
2022-06-27 11:35:34.855  INFO   57 --- [           main] org.apache.spark.internal.Logging        : Changing view acls groups to: 
2022-06-27 11:35:34.855  INFO   57 --- [           main] org.apache.spark.internal.Logging        : Changing modify acls groups to: 
2022-06-27 11:35:34.855  INFO   57 --- [           main] org.apache.spark.internal.Logging        : SecurityManager: authentication disabled; ui acls disabled; users  with view permissions: Set(Wael Hamdi); groups with view permissions: Set(); users  with modify permissions: Set(Wael Hamdi); groups with modify permissions: Set()
2022-06-27 11:35:39.136  INFO   57 --- [           main] org.apache.spark.internal.Logging        : Successfully started service 'sparkDriver' on port 61434.
2022-06-27 11:35:39.293  INFO   57 --- [           main] org.apache.spark.internal.Logging        : Registering MapOutputTracker
2022-06-27 11:35:39.464  INFO   57 --- [           main] org.apache.spark.internal.Logging        : Registering BlockManagerMaster
2022-06-27 11:35:39.527  INFO   57 --- [           main] org.apache.spark.internal.Logging        : Using org.apache.spark.storage.DefaultTopologyMapper for getting topology information
2022-06-27 11:35:39.527  INFO   57 --- [           main] org.apache.spark.internal.Logging        : BlockManagerMasterEndpoint up
2022-06-27 11:35:39.527  INFO   57 --- [           main] org.apache.spark.internal.Logging        : Registering BlockManagerMasterHeartbeat
2022-06-27 11:35:39.683  INFO   57 --- [           main] org.apache.spark.internal.Logging        : Created local directory at C:\Users\Wael Hamdi\AppData\Local\Temp\blockmgr-bcdfcfb4-ec19-48c4-b172-6c1d725a36d3
2022-06-27 11:35:39.745  INFO   57 --- [           main] org.apache.spark.internal.Logging        : MemoryStore started with capacity 897.6 MiB
2022-06-27 11:35:39.839  INFO   57 --- [           main] org.apache.spark.internal.Logging        : Registering OutputCommitCoordinator
2022-06-27 11:35:40.167  INFO  170 --- [           main] org.sparkproject.jetty.util.log.Log      : Logging initialized @11656ms to org.sparkproject.jetty.util.log.Slf4jLog
2022-06-27 11:35:40.464  INFO  375 --- [           main] org.sparkproject.jetty.server.Server     : jetty-9.4.43.v20210629; built: 2021-06-30T11:07:22.254Z; git: 526006ecfa3af7f1a27ef3a288e2bef7ea9dd7e8; jvm 1.8.0_301-b09
2022-06-27 11:35:40.495  INFO  415 --- [           main] org.sparkproject.jetty.server.Server     : Started @11981ms
2022-06-27 11:35:40.542  INFO  331 --- [           main] rkproject.jetty.server.AbstractConnector : Started ServerConnector@d78795{HTTP/1.1, (http/1.1)}{0.0.0.0:4040}
2022-06-27 11:35:40.542  INFO   57 --- [           main] org.apache.spark.internal.Logging        : Successfully started service 'SparkUI' on port 4040.
2022-06-27 11:35:40.574  INFO  915 --- [           main] ject.jetty.server.handler.ContextHandler : Started o.s.j.s.ServletContextHandler@7e70bd39{/jobs,null,AVAILABLE,@Spark}
2022-06-27 11:35:40.589  INFO  915 --- [           main] ject.jetty.server.handler.ContextHandler : Started o.s.j.s.ServletContextHandler@6db66836{/jobs/json,null,AVAILABLE,@Spark}
2022-06-27 11:35:40.589  INFO  915 --- [           main] ject.jetty.server.handler.ContextHandler : Started o.s.j.s.ServletContextHandler@2de366bb{/jobs/job,null,AVAILABLE,@Spark}
2022-06-27 11:35:40.589  INFO  915 --- [           main] ject.jetty.server.handler.ContextHandler : Started o.s.j.s.ServletContextHandler@4eeea57d{/jobs/job/json,null,AVAILABLE,@Spark}
2022-06-27 11:35:40.589  INFO  915 --- [           main] ject.jetty.server.handler.ContextHandler : Started o.s.j.s.ServletContextHandler@e24ddd0{/stages,null,AVAILABLE,@Spark}
2022-06-27 11:35:40.589  INFO  915 --- [           main] ject.jetty.server.handler.ContextHandler : Started o.s.j.s.ServletContextHandler@548e76f1{/stages/json,null,AVAILABLE,@Spark}
2022-06-27 11:35:40.589  INFO  915 --- [           main] ject.jetty.server.handler.ContextHandler : Started o.s.j.s.ServletContextHandler@72c927f1{/stages/stage,null,AVAILABLE,@Spark}
2022-06-27 11:35:40.589  INFO  915 --- [           main] ject.jetty.server.handler.ContextHandler : Started o.s.j.s.ServletContextHandler@1ee4730{/stages/stage/json,null,AVAILABLE,@Spark}
2022-06-27 11:35:40.589  INFO  915 --- [           main] ject.jetty.server.handler.ContextHandler : Started o.s.j.s.ServletContextHandler@5003041b{/stages/pool,null,AVAILABLE,@Spark}
2022-06-27 11:35:40.589  INFO  915 --- [           main] ject.jetty.server.handler.ContextHandler : Started o.s.j.s.ServletContextHandler@16fb356{/stages/pool/json,null,AVAILABLE,@Spark}
2022-06-27 11:35:40.589  INFO  915 --- [           main] ject.jetty.server.handler.ContextHandler : Started o.s.j.s.ServletContextHandler@23a9ba52{/storage,null,AVAILABLE,@Spark}
2022-06-27 11:35:40.589  INFO  915 --- [           main] ject.jetty.server.handler.ContextHandler : Started o.s.j.s.ServletContextHandler@70ab80e3{/storage/json,null,AVAILABLE,@Spark}
2022-06-27 11:35:40.605  INFO  915 --- [           main] ject.jetty.server.handler.ContextHandler : Started o.s.j.s.ServletContextHandler@67427b69{/storage/rdd,null,AVAILABLE,@Spark}
2022-06-27 11:35:40.605  INFO  915 --- [           main] ject.jetty.server.handler.ContextHandler : Started o.s.j.s.ServletContextHandler@544630b7{/storage/rdd/json,null,AVAILABLE,@Spark}
2022-06-27 11:35:40.605  INFO  915 --- [           main] ject.jetty.server.handler.ContextHandler : Started o.s.j.s.ServletContextHandler@1095f122{/environment,null,AVAILABLE,@Spark}
2022-06-27 11:35:40.605  INFO  915 --- [           main] ject.jetty.server.handler.ContextHandler : Started o.s.j.s.ServletContextHandler@3d6300e8{/environment/json,null,AVAILABLE,@Spark}
2022-06-27 11:35:40.605  INFO  915 --- [           main] ject.jetty.server.handler.ContextHandler : Started o.s.j.s.ServletContextHandler@24a1c17f{/executors,null,AVAILABLE,@Spark}
2022-06-27 11:35:40.605  INFO  915 --- [           main] ject.jetty.server.handler.ContextHandler : Started o.s.j.s.ServletContextHandler@73511076{/executors/json,null,AVAILABLE,@Spark}
2022-06-27 11:35:40.605  INFO  915 --- [           main] ject.jetty.server.handler.ContextHandler : Started o.s.j.s.ServletContextHandler@532721fd{/executors/threadDump,null,AVAILABLE,@Spark}
2022-06-27 11:35:40.605  INFO  915 --- [           main] ject.jetty.server.handler.ContextHandler : Started o.s.j.s.ServletContextHandler@7fb9f71f{/executors/threadDump/json,null,AVAILABLE,@Spark}
2022-06-27 11:35:40.620  INFO  915 --- [           main] ject.jetty.server.handler.ContextHandler : Started o.s.j.s.ServletContextHandler@51f49060{/static,null,AVAILABLE,@Spark}
2022-06-27 11:35:40.620  INFO  915 --- [           main] ject.jetty.server.handler.ContextHandler : Started o.s.j.s.ServletContextHandler@7689ddef{/,null,AVAILABLE,@Spark}
2022-06-27 11:35:40.620  INFO  915 --- [           main] ject.jetty.server.handler.ContextHandler : Started o.s.j.s.ServletContextHandler@1a2e2935{/api,null,AVAILABLE,@Spark}
2022-06-27 11:35:40.620  INFO  915 --- [           main] ject.jetty.server.handler.ContextHandler : Started o.s.j.s.ServletContextHandler@aa22f1c{/jobs/job/kill,null,AVAILABLE,@Spark}
2022-06-27 11:35:40.620  INFO  915 --- [           main] ject.jetty.server.handler.ContextHandler : Started o.s.j.s.ServletContextHandler@37cd92d6{/stages/stage/kill,null,AVAILABLE,@Spark}
2022-06-27 11:35:40.620  INFO   57 --- [           main] org.apache.spark.internal.Logging        : Bound SparkUI to 0.0.0.0, and started at http://host.docker.internal:4040
2022-06-27 11:35:41.292  INFO   57 --- [           main] org.apache.spark.internal.Logging        : Starting executor ID driver on host host.docker.internal
2022-06-27 11:35:41.449  INFO   57 --- [           main] org.apache.spark.internal.Logging        : Successfully started service 'org.apache.spark.network.netty.NettyBlockTransferService' on port 61459.
2022-06-27 11:35:41.449  INFO   82 --- [           main] .network.netty.NettyBlockTransferService : Server created on host.docker.internal:61459
2022-06-27 11:35:41.480  INFO   57 --- [           main] org.apache.spark.internal.Logging        : Using org.apache.spark.storage.RandomBlockReplicationPolicy for block replication policy
2022-06-27 11:35:41.511  INFO   57 --- [           main] org.apache.spark.internal.Logging        : Registering BlockManager BlockManagerId(driver, host.docker.internal, 61459, None)
2022-06-27 11:35:41.527  INFO   57 --- [ckManagerMaster] org.apache.spark.internal.Logging        : Registering block manager host.docker.internal:61459 with 897.6 MiB RAM, BlockManagerId(driver, host.docker.internal, 61459, None)
2022-06-27 11:35:41.542  INFO   57 --- [           main] org.apache.spark.internal.Logging        : Registered BlockManager BlockManagerId(driver, host.docker.internal, 61459, None)
2022-06-27 11:35:41.542  INFO   57 --- [           main] org.apache.spark.internal.Logging        : Initialized BlockManager: BlockManagerId(driver, host.docker.internal, 61459, None)
2022-06-27 11:35:42.074  INFO  915 --- [           main] ject.jetty.server.handler.ContextHandler : Started o.s.j.s.ServletContextHandler@3b152928{/metrics/json,null,AVAILABLE,@Spark}
2022-06-27 11:35:43.199  INFO   57 --- [streaming-start] org.apache.spark.internal.Logging        : Starting 1 receivers
2022-06-27 11:35:43.199  INFO   57 --- [streaming-start] org.apache.spark.internal.Logging        : ReceiverTracker started
2022-06-27 11:35:43.199  INFO   57 --- [streaming-start] org.apache.spark.internal.Logging        : Slide time = 5000 ms
2022-06-27 11:35:43.199  INFO   57 --- [streaming-start] org.apache.spark.internal.Logging        : Storage level = Serialized 1x Replicated
2022-06-27 11:35:43.199  INFO   57 --- [streaming-start] org.apache.spark.internal.Logging        : Checkpoint interval = null
2022-06-27 11:35:43.214  INFO   57 --- [streaming-start] org.apache.spark.internal.Logging        : Remember interval = 5000 ms
2022-06-27 11:35:43.214  INFO   57 --- [streaming-start] org.apache.spark.internal.Logging        : Initialized and validated org.apache.spark.streaming.dstream.PluggableInputDStream@77a76ec8
2022-06-27 11:35:43.214  INFO   57 --- [streaming-start] org.apache.spark.internal.Logging        : Slide time = 5000 ms
2022-06-27 11:35:43.214  INFO   57 --- [streaming-start] org.apache.spark.internal.Logging        : Storage level = Serialized 1x Replicated
2022-06-27 11:35:43.214  INFO   57 --- [streaming-start] org.apache.spark.internal.Logging        : Checkpoint interval = null
2022-06-27 11:35:43.214  INFO   57 --- [streaming-start] org.apache.spark.internal.Logging        : Remember interval = 5000 ms
2022-06-27 11:35:43.214  INFO   57 --- [streaming-start] org.apache.spark.internal.Logging        : Initialized and validated org.apache.spark.streaming.dstream.MappedDStream@71802009
2022-06-27 11:35:43.214  INFO   57 --- [streaming-start] org.apache.spark.internal.Logging        : Slide time = 5000 ms
2022-06-27 11:35:43.214  INFO   57 --- [streaming-start] org.apache.spark.internal.Logging        : Storage level = Serialized 1x Replicated
2022-06-27 11:35:43.214  INFO   57 --- [streaming-start] org.apache.spark.internal.Logging        : Checkpoint interval = null
2022-06-27 11:35:43.214  INFO   57 --- [streaming-start] org.apache.spark.internal.Logging        : Remember interval = 5000 ms
2022-06-27 11:35:43.214  INFO   57 --- [streaming-start] org.apache.spark.internal.Logging        : Initialized and validated org.apache.spark.streaming.dstream.ForEachDStream@5e1b0ae8
2022-06-27 11:35:43.214  INFO   57 --- [streaming-start] org.apache.spark.internal.Logging        : Slide time = 5000 ms
2022-06-27 11:35:43.214  INFO   57 --- [streaming-start] org.apache.spark.internal.Logging        : Storage level = Serialized 1x Replicated
2022-06-27 11:35:43.214  INFO   57 --- [streaming-start] org.apache.spark.internal.Logging        : Checkpoint interval = null
2022-06-27 11:35:43.214  INFO   57 --- [streaming-start] org.apache.spark.internal.Logging        : Remember interval = 5000 ms
2022-06-27 11:35:43.214  INFO   57 --- [streaming-start] org.apache.spark.internal.Logging        : Initialized and validated org.apache.spark.streaming.dstream.PluggableInputDStream@77a76ec8
2022-06-27 11:35:43.214  INFO   57 --- [streaming-start] org.apache.spark.internal.Logging        : Slide time = 5000 ms
2022-06-27 11:35:43.214  INFO   57 --- [streaming-start] org.apache.spark.internal.Logging        : Storage level = Serialized 1x Replicated
2022-06-27 11:35:43.214  INFO   57 --- [streaming-start] org.apache.spark.internal.Logging        : Checkpoint interval = null
2022-06-27 11:35:43.214  INFO   57 --- [streaming-start] org.apache.spark.internal.Logging        : Remember interval = 5000 ms
2022-06-27 11:35:43.214  INFO   57 --- [streaming-start] org.apache.spark.internal.Logging        : Initialized and validated org.apache.spark.streaming.dstream.MappedDStream@71802009
2022-06-27 11:35:43.214  INFO   57 --- [streaming-start] org.apache.spark.internal.Logging        : Slide time = 5000 ms
2022-06-27 11:35:43.214  INFO   57 --- [streaming-start] org.apache.spark.internal.Logging        : Storage level = Serialized 1x Replicated
2022-06-27 11:35:43.214  INFO   57 --- [streaming-start] org.apache.spark.internal.Logging        : Checkpoint interval = null
2022-06-27 11:35:43.214  INFO   57 --- [streaming-start] org.apache.spark.internal.Logging        : Remember interval = 5000 ms
2022-06-27 11:35:43.214  INFO   57 --- [streaming-start] org.apache.spark.internal.Logging        : Initialized and validated org.apache.spark.streaming.dstream.ForEachDStream@746ae478
2022-06-27 11:35:43.511  INFO   57 --- [streaming-start] org.apache.spark.internal.Logging        : Started timer for JobGenerator at time 1656326145000
2022-06-27 11:35:43.517  INFO   57 --- [streaming-start] org.apache.spark.internal.Logging        : Started JobGenerator at 1656326145000 ms
2022-06-27 11:35:43.522  INFO   57 --- [streaming-start] org.apache.spark.internal.Logging        : Started JobScheduler
2022-06-27 11:35:43.523  INFO   57 --- [er-event-loop-3] org.apache.spark.internal.Logging        : Receiver 0 started
2022-06-27 11:35:43.528  INFO  915 --- [           main] ject.jetty.server.handler.ContextHandler : Started o.s.j.s.ServletContextHandler@76c548f{/streaming,null,AVAILABLE,@Spark}
2022-06-27 11:35:43.531  INFO  915 --- [           main] ject.jetty.server.handler.ContextHandler : Started o.s.j.s.ServletContextHandler@26722665{/streaming/json,null,AVAILABLE,@Spark}
2022-06-27 11:35:43.533  INFO  915 --- [           main] ject.jetty.server.handler.ContextHandler : Started o.s.j.s.ServletContextHandler@6f38a289{/streaming/batch,null,AVAILABLE,@Spark}
2022-06-27 11:35:43.534  INFO  915 --- [           main] ject.jetty.server.handler.ContextHandler : Started o.s.j.s.ServletContextHandler@3cec79d3{/streaming/batch/json,null,AVAILABLE,@Spark}
2022-06-27 11:35:43.537  INFO  915 --- [           main] ject.jetty.server.handler.ContextHandler : Started o.s.j.s.ServletContextHandler@6eaa21d8{/static/streaming,null,AVAILABLE,@Spark}
2022-06-27 11:35:43.538  INFO   57 --- [           main] org.apache.spark.internal.Logging        : StreamingContext started
2022-06-27 11:35:43.541  INFO   57 --- [uler-event-loop] org.apache.spark.internal.Logging        : Got job 0 (start at Application.java:204) with 1 output partitions
2022-06-27 11:35:43.542  INFO   57 --- [uler-event-loop] org.apache.spark.internal.Logging        : Final stage: ResultStage 0 (start at Application.java:204)
2022-06-27 11:35:43.543  INFO   57 --- [uler-event-loop] org.apache.spark.internal.Logging        : Parents of final stage: List()
2022-06-27 11:35:43.545  INFO   57 --- [uler-event-loop] org.apache.spark.internal.Logging        : Missing parents: List()
2022-06-27 11:35:43.551  INFO   57 --- [uler-event-loop] org.apache.spark.internal.Logging        : Submitting ResultStage 0 (Receiver 0 ParallelCollectionRDD[0] at makeRDD at ReceiverTracker.scala:609), which has no missing parents
2022-06-27 11:35:43.998  INFO   57 --- [uler-event-loop] org.apache.spark.internal.Logging        : Block broadcast_0 stored as values in memory (estimated size 97.5 KiB, free 897.5 MiB)
2022-06-27 11:35:44.296  INFO   57 --- [uler-event-loop] org.apache.spark.internal.Logging        : Block broadcast_0_piece0 stored as bytes in memory (estimated size 34.2 KiB, free 897.5 MiB)
2022-06-27 11:35:44.299  INFO   57 --- [ckManagerMaster] org.apache.spark.internal.Logging        : Added broadcast_0_piece0 in memory on host.docker.internal:61459 (size: 34.2 KiB, free: 897.6 MiB)
2022-06-27 11:35:44.394  INFO   57 --- [uler-event-loop] org.apache.spark.internal.Logging        : Created broadcast 0 from broadcast at DAGScheduler.scala:1478
2022-06-27 11:35:44.431  INFO   57 --- [uler-event-loop] org.apache.spark.internal.Logging        : Submitting 1 missing tasks from ResultStage 0 (Receiver 0 ParallelCollectionRDD[0] at makeRDD at ReceiverTracker.scala:609) (first 15 tasks are for partitions Vector(0))
2022-06-27 11:35:44.432  INFO   57 --- [uler-event-loop] org.apache.spark.internal.Logging        : Adding task set 0.0 with 1 tasks resource profile 0
2022-06-27 11:35:44.638  INFO   57 --- [er-event-loop-0] org.apache.spark.internal.Logging        : Starting task 0.0 in stage 0.0 (TID 0) (host.docker.internal, executor driver, partition 0, PROCESS_LOCAL, 6218 bytes) taskResourceAssignments Map()
2022-06-27 11:35:44.708  INFO   57 --- [age 0.0 (TID 0)] org.apache.spark.internal.Logging        : Running task 0.0 in stage 0.0 (TID 0)
2022-06-27 11:35:45.149  INFO   57 --- [age 0.0 (TID 0)] org.apache.spark.internal.Logging        : Started timer for BlockGenerator at time 1656326145200
2022-06-27 11:35:45.152  INFO   57 --- [age 0.0 (TID 0)] org.apache.spark.internal.Logging        : Started BlockGenerator
2022-06-27 11:35:45.165  INFO   57 --- [er-event-loop-0] org.apache.spark.internal.Logging        : Registered receiver for stream 0 from host.docker.internal:61434
2022-06-27 11:35:45.166  INFO   57 --- [age 0.0 (TID 0)] org.apache.spark.internal.Logging        : Starting receiver 0
2022-06-27 11:35:45.168  INFO   57 --- [age 0.0 (TID 0)] org.apache.spark.internal.Logging        : Called receiver 0 onStart
2022-06-27 11:35:45.171  INFO   57 --- [age 0.0 (TID 0)] org.apache.spark.internal.Logging        : Waiting for receiver to be stopped
2022-06-27 11:35:45.164  INFO   57 --- [      Thread-14] org.apache.spark.internal.Logging        : Started block pushing thread
2022-06-27 11:35:45.172  INFO   57 --- [   JobGenerator] org.apache.spark.internal.Logging        : Added jobs for time 1656326145000 ms
2022-06-27 11:35:45.193  INFO   57 --- [   JobScheduler] org.apache.spark.internal.Logging        : Starting job streaming job 1656326145000 ms.0 from job set of time 1656326145000 ms
2022-06-27 11:35:45.399  WARN   69 --- [-job-executor-0] org.apache.spark.internal.Logging        : Using an existing SparkContext; some configuration may not take effect.
2022-06-27 11:35:47.556  INFO   57 --- [-job-executor-0] org.apache.spark.internal.Logging        : Setting hive.metastore.warehouse.dir ('null') to the value of spark.sql.warehouse.dir.
2022-06-27 11:35:48.442  INFO   57 --- [-job-executor-0] org.apache.spark.internal.Logging        : Warehouse path is 'file:/C:/IntelliJProjects/NifiSparkStreaming/spark-warehouse'.
2022-06-27 11:35:48.521  INFO  915 --- [-job-executor-0] ject.jetty.server.handler.ContextHandler : Started o.s.j.s.ServletContextHandler@23675b34{/SQL,null,AVAILABLE,@Spark}
2022-06-27 11:35:48.523  INFO  915 --- [-job-executor-0] ject.jetty.server.handler.ContextHandler : Started o.s.j.s.ServletContextHandler@371d3a4c{/SQL/json,null,AVAILABLE,@Spark}
2022-06-27 11:35:48.525  INFO  915 --- [-job-executor-0] ject.jetty.server.handler.ContextHandler : Started o.s.j.s.ServletContextHandler@6fedc4dd{/SQL/execution,null,AVAILABLE,@Spark}
2022-06-27 11:35:48.526  INFO  915 --- [-job-executor-0] ject.jetty.server.handler.ContextHandler : Started o.s.j.s.ServletContextHandler@35254585{/SQL/execution/json,null,AVAILABLE,@Spark}
2022-06-27 11:35:48.529  INFO  915 --- [-job-executor-0] ject.jetty.server.handler.ContextHandler : Started o.s.j.s.ServletContextHandler@34bec915{/static/sql,null,AVAILABLE,@Spark}
2022-06-27 11:35:50.004  INFO   57 --- [   JobGenerator] org.apache.spark.internal.Logging        : Added jobs for time 1656326150000 ms
2022-06-27 11:35:52.988  INFO  571 --- [ool Maintenance] g.apache.nifi.remote.client.PeerSelector : Successfully refreshed peer status cache; remote group consists of 1 peers
2022-06-27 11:35:52.988  INFO  571 --- [  NiFi Receiver] g.apache.nifi.remote.client.PeerSelector : Successfully refreshed peer status cache; remote group consists of 1 peers
2022-06-27 11:35:53.327  INFO   57 --- [  NiFi Receiver] org.apache.spark.internal.Logging        : Block input-0-1656326145137 stored as values in memory (estimated size 503.2 KiB, free 897.0 MiB)
2022-06-27 11:35:53.328  INFO   57 --- [ckManagerMaster] org.apache.spark.internal.Logging        : Added input-0-1656326145137 in memory on host.docker.internal:61459 (size: 503.2 KiB, free: 897.1 MiB)
2022-06-27 11:35:55.013  INFO   57 --- [   JobGenerator] org.apache.spark.internal.Logging        : Added jobs for time 1656326155000 ms
2022-06-27 11:35:59.285  WARN   69 --- [tor-heartbeater] org.apache.spark.internal.Logging        : Exception when trying to compute pagesize, as a result reporting of ProcessTree metrics is stopped
2022-06-27 11:36:00.002  INFO   57 --- [   JobGenerator] org.apache.spark.internal.Logging        : Added jobs for time 1656326160000 ms
2022-06-27 11:36:00.047  INFO   57 --- [-job-executor-0] org.apache.spark.internal.Logging        : Code generated in 399.6123 ms
2022-06-27 11:36:00.124  INFO   57 --- [-job-executor-0] org.apache.spark.internal.Logging        : Code generated in 23.1055 ms
2022-06-27 11:36:00.212  INFO   57 --- [-job-executor-0] org.apache.spark.internal.Logging        : Starting job: show at Application.java:149
2022-06-27 11:36:00.223  INFO   57 --- [uler-event-loop] org.apache.spark.internal.Logging        : Registering RDD 12 (show at Application.java:149) as input to shuffle 0
2022-06-27 11:36:00.241  INFO   57 --- [uler-event-loop] org.apache.spark.internal.Logging        : Got job 1 (show at Application.java:149) with 1 output partitions
2022-06-27 11:36:00.242  INFO   57 --- [uler-event-loop] org.apache.spark.internal.Logging        : Final stage: ResultStage 2 (show at Application.java:149)
2022-06-27 11:36:00.242  INFO   57 --- [uler-event-loop] org.apache.spark.internal.Logging        : Parents of final stage: List(ShuffleMapStage 1)
2022-06-27 11:36:00.246  INFO   57 --- [uler-event-loop] org.apache.spark.internal.Logging        : Missing parents: List()
2022-06-27 11:36:00.249  INFO   57 --- [uler-event-loop] org.apache.spark.internal.Logging        : Submitting ResultStage 2 (MapPartitionsRDD[15] at show at Application.java:149), which has no missing parents
2022-06-27 11:36:00.258  INFO   57 --- [uler-event-loop] org.apache.spark.internal.Logging        : Block broadcast_1 stored as values in memory (estimated size 11.1 KiB, free 897.0 MiB)
2022-06-27 11:36:00.271  INFO   57 --- [uler-event-loop] org.apache.spark.internal.Logging        : Block broadcast_1_piece0 stored as bytes in memory (estimated size 5.5 KiB, free 897.0 MiB)
2022-06-27 11:36:00.272  INFO   57 --- [ckManagerMaster] org.apache.spark.internal.Logging        : Added broadcast_1_piece0 in memory on host.docker.internal:61459 (size: 5.5 KiB, free: 897.1 MiB)
2022-06-27 11:36:00.273  INFO   57 --- [uler-event-loop] org.apache.spark.internal.Logging        : Created broadcast 1 from broadcast at DAGScheduler.scala:1478
2022-06-27 11:36:00.275  INFO   57 --- [uler-event-loop] org.apache.spark.internal.Logging        : Submitting 1 missing tasks from ResultStage 2 (MapPartitionsRDD[15] at show at Application.java:149) (first 15 tasks are for partitions Vector(0))
2022-06-27 11:36:00.275  INFO   57 --- [uler-event-loop] org.apache.spark.internal.Logging        : Adding task set 2.0 with 1 tasks resource profile 0
2022-06-27 11:36:00.277  INFO   57 --- [er-event-loop-0] org.apache.spark.internal.Logging        : Starting task 0.0 in stage 2.0 (TID 1) (host.docker.internal, executor driver, partition 0, PROCESS_LOCAL, 4453 bytes) taskResourceAssignments Map()
2022-06-27 11:36:00.279  INFO   57 --- [age 2.0 (TID 1)] org.apache.spark.internal.Logging        : Running task 0.0 in stage 2.0 (TID 1)
2022-06-27 11:36:00.602  INFO   57 --- [age 2.0 (TID 1)] org.apache.spark.internal.Logging        : Getting 0 (0.0 B) non-empty blocks including 0 (0.0 B) local and 0 (0.0 B) host-local and 0 (0.0 B) push-merged-local and 0 (0.0 B) remote blocks
2022-06-27 11:36:00.607  INFO   57 --- [age 2.0 (TID 1)] org.apache.spark.internal.Logging        : Started 0 remote fetches in 11 ms
2022-06-27 11:36:00.748  INFO   57 --- [age 2.0 (TID 1)] org.apache.spark.internal.Logging        : Finished task 0.0 in stage 2.0 (TID 1). 2700 bytes result sent to driver
2022-06-27 11:36:00.783  INFO   57 --- [result-getter-0] org.apache.spark.internal.Logging        : Finished task 0.0 in stage 2.0 (TID 1) in 503 ms on host.docker.internal (executor driver) (1/1)
2022-06-27 11:36:00.791  INFO   57 --- [result-getter-0] org.apache.spark.internal.Logging        : Removed TaskSet 2.0, whose tasks have all completed, from pool 
2022-06-27 11:36:00.831  INFO   57 --- [uler-event-loop] org.apache.spark.internal.Logging        : ResultStage 2 (show at Application.java:149) finished in 0.557 s
2022-06-27 11:36:00.835  INFO   57 --- [uler-event-loop] org.apache.spark.internal.Logging        : Job 1 is finished. Cancelling potential speculative or zombie tasks for this job
2022-06-27 11:36:00.836  INFO   57 --- [uler-event-loop] org.apache.spark.internal.Logging        : Killing all running tasks in stage 2: Stage finished
2022-06-27 11:36:00.844  INFO   57 --- [-job-executor-0] org.apache.spark.internal.Logging        : Job 1 finished: show at Application.java:149, took 0.627188 s
2022-06-27 11:36:00.921  INFO   57 --- [-job-executor-0] org.apache.spark.internal.Logging        : Code generated in 21.9138 ms
2022-06-27 11:36:00.982  INFO   57 --- [   JobScheduler] org.apache.spark.internal.Logging        : Finished job streaming job 1656326145000 ms.0 from job set of time 1656326145000 ms
2022-06-27 11:36:00.982  INFO   57 --- [   JobScheduler] org.apache.spark.internal.Logging        : Starting job streaming job 1656326145000 ms.1 from job set of time 1656326145000 ms
2022-06-27 11:36:00.984  INFO   57 --- [   JobScheduler] org.apache.spark.internal.Logging        : Finished job streaming job 1656326145000 ms.1 from job set of time 1656326145000 ms
2022-06-27 11:36:00.986  INFO   57 --- [   JobScheduler] org.apache.spark.internal.Logging        : Total delay: 15.984 s for time 1656326145000 ms (execution: 15.793 s)
2022-06-27 11:36:00.986  INFO   57 --- [   JobScheduler] org.apache.spark.internal.Logging        : Starting job streaming job 1656326150000 ms.0 from job set of time 1656326150000 ms
2022-06-27 11:36:00.988  WARN   69 --- [-job-executor-0] org.apache.spark.internal.Logging        : Using an existing SparkSession; the static sql configurations will not take effect.
2022-06-27 11:36:00.989  WARN   69 --- [-job-executor-0] org.apache.spark.internal.Logging        : Using an existing SparkSession; some spark core configurations may not take effect.
2022-06-27 11:36:01.004  INFO   57 --- [   JobGenerator] org.apache.spark.internal.Logging        : Deleting batches: 
2022-06-27 11:36:01.008  INFO   57 --- [   JobGenerator] org.apache.spark.internal.Logging        : remove old batch metadata: 
2022-06-27 11:36:01.256  INFO   57 --- [-job-executor-0] org.apache.spark.internal.Logging        : Starting job: show at Application.java:149
2022-06-27 11:36:01.258  INFO   57 --- [uler-event-loop] org.apache.spark.internal.Logging        : Registering RDD 19 (show at Application.java:149) as input to shuffle 1
2022-06-27 11:36:01.260  INFO   57 --- [uler-event-loop] org.apache.spark.internal.Logging        : Got job 2 (show at Application.java:149) with 1 output partitions
2022-06-27 11:36:01.260  INFO   57 --- [uler-event-loop] org.apache.spark.internal.Logging        : Final stage: ResultStage 4 (show at Application.java:149)
2022-06-27 11:36:01.261  INFO   57 --- [uler-event-loop] org.apache.spark.internal.Logging        : Parents of final stage: List(ShuffleMapStage 3)
2022-06-27 11:36:01.261  INFO   57 --- [uler-event-loop] org.apache.spark.internal.Logging        : Missing parents: List()
2022-06-27 11:36:01.263  INFO   57 --- [uler-event-loop] org.apache.spark.internal.Logging        : Submitting ResultStage 4 (MapPartitionsRDD[22] at show at Application.java:149), which has no missing parents
2022-06-27 11:36:01.268  INFO   57 --- [uler-event-loop] org.apache.spark.internal.Logging        : Block broadcast_2 stored as values in memory (estimated size 11.1 KiB, free 897.0 MiB)
2022-06-27 11:36:01.273  INFO   57 --- [uler-event-loop] org.apache.spark.internal.Logging        : Block broadcast_2_piece0 stored as bytes in memory (estimated size 5.5 KiB, free 896.9 MiB)
2022-06-27 11:36:01.275  INFO   57 --- [ckManagerMaster] org.apache.spark.internal.Logging        : Added broadcast_2_piece0 in memory on host.docker.internal:61459 (size: 5.5 KiB, free: 897.1 MiB)
2022-06-27 11:36:01.277  INFO   57 --- [uler-event-loop] org.apache.spark.internal.Logging        : Created broadcast 2 from broadcast at DAGScheduler.scala:1478
2022-06-27 11:36:01.278  INFO   57 --- [uler-event-loop] org.apache.spark.internal.Logging        : Submitting 1 missing tasks from ResultStage 4 (MapPartitionsRDD[22] at show at Application.java:149) (first 15 tasks are for partitions Vector(0))
2022-06-27 11:36:01.278  INFO   57 --- [uler-event-loop] org.apache.spark.internal.Logging        : Adding task set 4.0 with 1 tasks resource profile 0
2022-06-27 11:36:01.280  INFO   57 --- [er-event-loop-3] org.apache.spark.internal.Logging        : Starting task 0.0 in stage 4.0 (TID 2) (host.docker.internal, executor driver, partition 0, PROCESS_LOCAL, 4453 bytes) taskResourceAssignments Map()
2022-06-27 11:36:01.281  INFO   57 --- [age 4.0 (TID 2)] org.apache.spark.internal.Logging        : Running task 0.0 in stage 4.0 (TID 2)
2022-06-27 11:36:01.288  INFO   57 --- [age 4.0 (TID 2)] org.apache.spark.internal.Logging        : Getting 0 (0.0 B) non-empty blocks including 0 (0.0 B) local and 0 (0.0 B) host-local and 0 (0.0 B) push-merged-local and 0 (0.0 B) remote blocks
2022-06-27 11:36:01.289  INFO   57 --- [age 4.0 (TID 2)] org.apache.spark.internal.Logging        : Started 0 remote fetches in 1 ms
2022-06-27 11:36:01.291  INFO   57 --- [age 4.0 (TID 2)] org.apache.spark.internal.Logging        : Finished task 0.0 in stage 4.0 (TID 2). 2614 bytes result sent to driver
2022-06-27 11:36:01.295  INFO   57 --- [result-getter-1] org.apache.spark.internal.Logging        : Finished task 0.0 in stage 4.0 (TID 2) in 15 ms on host.docker.internal (executor driver) (1/1)
2022-06-27 11:36:01.295  INFO   57 --- [result-getter-1] org.apache.spark.internal.Logging        : Removed TaskSet 4.0, whose tasks have all completed, from pool 
2022-06-27 11:36:01.298  INFO   57 --- [uler-event-loop] org.apache.spark.internal.Logging        : ResultStage 4 (show at Application.java:149) finished in 0.033 s
2022-06-27 11:36:01.298  INFO   57 --- [uler-event-loop] org.apache.spark.internal.Logging        : Job 2 is finished. Cancelling potential speculative or zombie tasks for this job
2022-06-27 11:36:01.299  INFO   57 --- [uler-event-loop] org.apache.spark.internal.Logging        : Killing all running tasks in stage 4: Stage finished
2022-06-27 11:36:01.300  INFO   57 --- [-job-executor-0] org.apache.spark.internal.Logging        : Job 2 finished: show at Application.java:149, took 0.041875 s
2022-06-27 11:36:01.306  WARN   69 --- [-job-executor-0] org.apache.spark.internal.Logging        : Using an existing SparkSession; the static sql configurations will not take effect.
2022-06-27 11:36:01.306  WARN   69 --- [-job-executor-0] org.apache.spark.internal.Logging        : Using an existing SparkSession; some spark core configurations may not take effect.
2022-06-27 11:36:01.308  INFO   57 --- [   JobScheduler] org.apache.spark.internal.Logging        : Finished job streaming job 1656326150000 ms.0 from job set of time 1656326150000 ms
2022-06-27 11:36:01.308  INFO   57 --- [   JobScheduler] org.apache.spark.internal.Logging        : Starting job streaming job 1656326150000 ms.1 from job set of time 1656326150000 ms
2022-06-27 11:36:01.308  INFO   57 --- [   JobScheduler] org.apache.spark.internal.Logging        : Finished job streaming job 1656326150000 ms.1 from job set of time 1656326150000 ms
2022-06-27 11:36:01.309  INFO   57 --- [   JobScheduler] org.apache.spark.internal.Logging        : Total delay: 11.308 s for time 1656326150000 ms (execution: 0.322 s)
2022-06-27 11:36:01.309  INFO   57 --- [   JobScheduler] org.apache.spark.internal.Logging        : Starting job streaming job 1656326155000 ms.0 from job set of time 1656326155000 ms
2022-06-27 11:36:01.311  INFO   57 --- [   JobGenerator] org.apache.spark.internal.Logging        : Removing RDD 2 from persistence list
2022-06-27 11:36:01.373  INFO   57 --- [   JobGenerator] org.apache.spark.internal.Logging        : Removing RDD 1 from persistence list
2022-06-27 11:36:01.377  INFO   57 --- [   JobGenerator] org.apache.spark.internal.Logging        : Removing blocks of RDD BlockRDD[1] at receiverStream at Application.java:125 of time 1656326150000 ms
2022-06-27 11:36:01.380  INFO   57 --- [c-thread-pool-0] org.apache.spark.internal.Logging        : Removing RDD 2
2022-06-27 11:36:01.381  INFO   57 --- [   JobGenerator] org.apache.spark.internal.Logging        : Deleting batches: 
2022-06-27 11:36:01.382  INFO   57 --- [   JobGenerator] org.apache.spark.internal.Logging        : remove old batch metadata: 
2022-06-27 11:36:01.385  INFO   57 --- [c-thread-pool-1] org.apache.spark.internal.Logging        : Removing RDD 1
2022-06-27 11:36:01.430  INFO   57 --- [uler-event-loop] org.apache.spark.internal.Logging        : Registering RDD 26 (show at Application.java:149) as input to shuffle 2
2022-06-27 11:36:01.431  INFO   57 --- [uler-event-loop] org.apache.spark.internal.Logging        : Got map stage job 3 (show at Application.java:149) with 1 output partitions
2022-06-27 11:36:01.431  INFO   57 --- [uler-event-loop] org.apache.spark.internal.Logging        : Final stage: ShuffleMapStage 5 (show at Application.java:149)
2022-06-27 11:36:01.432  INFO   57 --- [uler-event-loop] org.apache.spark.internal.Logging        : Parents of final stage: List()
2022-06-27 11:36:01.433  INFO   57 --- [uler-event-loop] org.apache.spark.internal.Logging        : Missing parents: List()
2022-06-27 11:36:01.436  INFO   57 --- [uler-event-loop] org.apache.spark.internal.Logging        : Submitting ShuffleMapStage 5 (MapPartitionsRDD[26] at show at Application.java:149), which has no missing parents
2022-06-27 11:36:01.464  INFO   57 --- [uler-event-loop] org.apache.spark.internal.Logging        : Block broadcast_3 stored as values in memory (estimated size 15.9 KiB, free 896.9 MiB)
2022-06-27 11:36:01.467  INFO   57 --- [uler-event-loop] org.apache.spark.internal.Logging        : Block broadcast_3_piece0 stored as bytes in memory (estimated size 7.3 KiB, free 896.9 MiB)
2022-06-27 11:36:01.488  INFO   57 --- [ckManagerMaster] org.apache.spark.internal.Logging        : Added broadcast_3_piece0 in memory on host.docker.internal:61459 (size: 7.3 KiB, free: 897.1 MiB)
2022-06-27 11:36:01.502  INFO   57 --- [uler-event-loop] org.apache.spark.internal.Logging        : Created broadcast 3 from broadcast at DAGScheduler.scala:1478
2022-06-27 11:36:01.521  INFO   57 --- [uler-event-loop] org.apache.spark.internal.Logging        : Submitting 1 missing tasks from ShuffleMapStage 5 (MapPartitionsRDD[26] at show at Application.java:149) (first 15 tasks are for partitions Vector(0))
2022-06-27 11:36:01.521  INFO   57 --- [uler-event-loop] org.apache.spark.internal.Logging        : Adding task set 5.0 with 1 tasks resource profile 0
2022-06-27 11:36:01.548  INFO   57 --- [er-event-loop-2] org.apache.spark.internal.Logging        : Starting task 0.0 in stage 5.0 (TID 3) (host.docker.internal, executor driver, partition 0, PROCESS_LOCAL, 4383 bytes) taskResourceAssignments Map()
2022-06-27 11:36:01.551  INFO   57 --- [age 5.0 (TID 3)] org.apache.spark.internal.Logging        : Running task 0.0 in stage 5.0 (TID 3)
2022-06-27 11:36:01.714  INFO   57 --- [age 5.0 (TID 3)] org.apache.spark.internal.Logging        : Found block input-0-1656326145137 locally
2022-06-27 11:36:01.958  ERROR   94 --- [age 5.0 (TID 3)] org.apache.spark.internal.Logging        : Exception in task 0.0 in stage 5.0 (TID 3)
java.lang.IllegalArgumentException: The value (com.elite.cdr.validator.Asn1Classes.Cdr@32315dbe) of the type (com.elite.cdr.validator.Asn1Classes.Cdr) cannot be converted to struct<answerTime:string,callType:string,calledNumber:string,callingNumber:string,imei:string,imsi:string,location:string,mscIncoming:string,mscOutgoing:string,msisdn:string>
	at org.apache.spark.sql.catalyst.CatalystTypeConverters$StructConverter.toCatalystImpl(CatalystTypeConverters.scala:274)
	at org.apache.spark.sql.catalyst.CatalystTypeConverters$StructConverter.toCatalystImpl(CatalystTypeConverters.scala:248)
	at org.apache.spark.sql.catalyst.CatalystTypeConverters$CatalystTypeConverter.toCatalyst(CatalystTypeConverters.scala:113)
	at org.apache.spark.sql.catalyst.CatalystTypeConverters$ArrayConverter.toCatalystImpl(CatalystTypeConverters.scala:180)
	at org.apache.spark.sql.catalyst.CatalystTypeConverters$ArrayConverter.toCatalystImpl(CatalystTypeConverters.scala:164)
	at org.apache.spark.sql.catalyst.CatalystTypeConverters$CatalystTypeConverter.toCatalyst(CatalystTypeConverters.scala:113)
	at org.apache.spark.sql.catalyst.CatalystTypeConverters$.$anonfun$createToCatalystConverter$2(CatalystTypeConverters.scala:485)
	at org.apache.spark.sql.SQLContext$.$anonfun$beansToRows$3(SQLContext.scala:1071)
	at scala.collection.TraversableLike.$anonfun$map$1(TraversableLike.scala:286)
	at scala.collection.IndexedSeqOptimized.foreach(IndexedSeqOptimized.scala:36)
	at scala.collection.IndexedSeqOptimized.foreach$(IndexedSeqOptimized.scala:33)
	at scala.collection.mutable.ArrayOps$ofRef.foreach(ArrayOps.scala:198)
	at scala.collection.TraversableLike.map(TraversableLike.scala:286)
	at scala.collection.TraversableLike.map$(TraversableLike.scala:279)
	at scala.collection.mutable.ArrayOps$ofRef.map(ArrayOps.scala:198)
	at org.apache.spark.sql.SQLContext$.$anonfun$beansToRows$2(SQLContext.scala:1070)
	at scala.collection.Iterator$$anon$10.next(Iterator.scala:461)
	at org.apache.spark.sql.catalyst.expressions.GeneratedClass$GeneratedIteratorForCodegenStage1.agg_doAggregateWithoutKey_0$(Unknown Source)
	at org.apache.spark.sql.catalyst.expressions.GeneratedClass$GeneratedIteratorForCodegenStage1.processNext(Unknown Source)
	at org.apache.spark.sql.execution.BufferedRowIterator.hasNext(BufferedRowIterator.java:43)
	at org.apache.spark.sql.execution.WholeStageCodegenExec$$anon$1.hasNext(WholeStageCodegenExec.scala:759)
	at scala.collection.Iterator$$anon$10.hasNext(Iterator.scala:460)
	at org.apache.spark.shuffle.sort.BypassMergeSortShuffleWriter.write(BypassMergeSortShuffleWriter.java:140)
	at org.apache.spark.shuffle.ShuffleWriteProcessor.write(ShuffleWriteProcessor.scala:59)
	at org.apache.spark.scheduler.ShuffleMapTask.runTask(ShuffleMapTask.scala:99)
	at org.apache.spark.scheduler.ShuffleMapTask.runTask(ShuffleMapTask.scala:52)
	at org.apache.spark.scheduler.Task.run(Task.scala:131)
	at org.apache.spark.executor.Executor$TaskRunner.$anonfun$run$3(Executor.scala:506)
	at org.apache.spark.util.Utils$.tryWithSafeFinally(Utils.scala:1462)
	at org.apache.spark.executor.Executor$TaskRunner.run(Executor.scala:509)
	at java.util.concurrent.ThreadPoolExecutor.runWorker(ThreadPoolExecutor.java:1149)
	at java.util.concurrent.ThreadPoolExecutor$Worker.run(ThreadPoolExecutor.java:624)
	at java.lang.Thread.run(Thread.java:748)
2022-06-27 11:36:02.003  WARN   69 --- [result-getter-2] org.apache.spark.internal.Logging        : Lost task 0.0 in stage 5.0 (TID 3) (host.docker.internal executor driver): java.lang.IllegalArgumentException: The value (com.elite.cdr.validator.Asn1Classes.Cdr@32315dbe) of the type (com.elite.cdr.validator.Asn1Classes.Cdr) cannot be converted to struct<answerTime:string,callType:string,calledNumber:string,callingNumber:string,imei:string,imsi:string,location:string,mscIncoming:string,mscOutgoing:string,msisdn:string>
	at org.apache.spark.sql.catalyst.CatalystTypeConverters$StructConverter.toCatalystImpl(CatalystTypeConverters.scala:274)
	at org.apache.spark.sql.catalyst.CatalystTypeConverters$StructConverter.toCatalystImpl(CatalystTypeConverters.scala:248)
	at org.apache.spark.sql.catalyst.CatalystTypeConverters$CatalystTypeConverter.toCatalyst(CatalystTypeConverters.scala:113)
	at org.apache.spark.sql.catalyst.CatalystTypeConverters$ArrayConverter.toCatalystImpl(CatalystTypeConverters.scala:180)
	at org.apache.spark.sql.catalyst.CatalystTypeConverters$ArrayConverter.toCatalystImpl(CatalystTypeConverters.scala:164)
	at org.apache.spark.sql.catalyst.CatalystTypeConverters$CatalystTypeConverter.toCatalyst(CatalystTypeConverters.scala:113)
	at org.apache.spark.sql.catalyst.CatalystTypeConverters$.$anonfun$createToCatalystConverter$2(CatalystTypeConverters.scala:485)
	at org.apache.spark.sql.SQLContext$.$anonfun$beansToRows$3(SQLContext.scala:1071)
	at scala.collection.TraversableLike.$anonfun$map$1(TraversableLike.scala:286)
	at scala.collection.IndexedSeqOptimized.foreach(IndexedSeqOptimized.scala:36)
	at scala.collection.IndexedSeqOptimized.foreach$(IndexedSeqOptimized.scala:33)
	at scala.collection.mutable.ArrayOps$ofRef.foreach(ArrayOps.scala:198)
	at scala.collection.TraversableLike.map(TraversableLike.scala:286)
	at scala.collection.TraversableLike.map$(TraversableLike.scala:279)
	at scala.collection.mutable.ArrayOps$ofRef.map(ArrayOps.scala:198)
	at org.apache.spark.sql.SQLContext$.$anonfun$beansToRows$2(SQLContext.scala:1070)
	at scala.collection.Iterator$$anon$10.next(Iterator.scala:461)
	at org.apache.spark.sql.catalyst.expressions.GeneratedClass$GeneratedIteratorForCodegenStage1.agg_doAggregateWithoutKey_0$(Unknown Source)
	at org.apache.spark.sql.catalyst.expressions.GeneratedClass$GeneratedIteratorForCodegenStage1.processNext(Unknown Source)
	at org.apache.spark.sql.execution.BufferedRowIterator.hasNext(BufferedRowIterator.java:43)
	at org.apache.spark.sql.execution.WholeStageCodegenExec$$anon$1.hasNext(WholeStageCodegenExec.scala:759)
	at scala.collection.Iterator$$anon$10.hasNext(Iterator.scala:460)
	at org.apache.spark.shuffle.sort.BypassMergeSortShuffleWriter.write(BypassMergeSortShuffleWriter.java:140)
	at org.apache.spark.shuffle.ShuffleWriteProcessor.write(ShuffleWriteProcessor.scala:59)
	at org.apache.spark.scheduler.ShuffleMapTask.runTask(ShuffleMapTask.scala:99)
	at org.apache.spark.scheduler.ShuffleMapTask.runTask(ShuffleMapTask.scala:52)
	at org.apache.spark.scheduler.Task.run(Task.scala:131)
	at org.apache.spark.executor.Executor$TaskRunner.$anonfun$run$3(Executor.scala:506)
	at org.apache.spark.util.Utils$.tryWithSafeFinally(Utils.scala:1462)
	at org.apache.spark.executor.Executor$TaskRunner.run(Executor.scala:509)
	at java.util.concurrent.ThreadPoolExecutor.runWorker(ThreadPoolExecutor.java:1149)
	at java.util.concurrent.ThreadPoolExecutor$Worker.run(ThreadPoolExecutor.java:624)
	at java.lang.Thread.run(Thread.java:748)

2022-06-27 11:36:02.011  ERROR   73 --- [result-getter-2] org.apache.spark.internal.Logging        : Task 0 in stage 5.0 failed 1 times; aborting job
2022-06-27 11:36:02.013  INFO   57 --- [result-getter-2] org.apache.spark.internal.Logging        : Removed TaskSet 5.0, whose tasks have all completed, from pool 
2022-06-27 11:36:02.021  INFO   57 --- [uler-event-loop] org.apache.spark.internal.Logging        : Cancelling stage 5
2022-06-27 11:36:02.021  INFO   57 --- [uler-event-loop] org.apache.spark.internal.Logging        : Killing all running tasks in stage 5: Stage cancelled
2022-06-27 11:36:02.023  INFO   57 --- [uler-event-loop] org.apache.spark.internal.Logging        : ShuffleMapStage 5 (show at Application.java:149) failed in 0.577 s due to Job aborted due to stage failure: Task 0 in stage 5.0 failed 1 times, most recent failure: Lost task 0.0 in stage 5.0 (TID 3) (host.docker.internal executor driver): java.lang.IllegalArgumentException: The value (com.elite.cdr.validator.Asn1Classes.Cdr@32315dbe) of the type (com.elite.cdr.validator.Asn1Classes.Cdr) cannot be converted to struct<answerTime:string,callType:string,calledNumber:string,callingNumber:string,imei:string,imsi:string,location:string,mscIncoming:string,mscOutgoing:string,msisdn:string>
	at org.apache.spark.sql.catalyst.CatalystTypeConverters$StructConverter.toCatalystImpl(CatalystTypeConverters.scala:274)
	at org.apache.spark.sql.catalyst.CatalystTypeConverters$StructConverter.toCatalystImpl(CatalystTypeConverters.scala:248)
	at org.apache.spark.sql.catalyst.CatalystTypeConverters$CatalystTypeConverter.toCatalyst(CatalystTypeConverters.scala:113)
	at org.apache.spark.sql.catalyst.CatalystTypeConverters$ArrayConverter.toCatalystImpl(CatalystTypeConverters.scala:180)
	at org.apache.spark.sql.catalyst.CatalystTypeConverters$ArrayConverter.toCatalystImpl(CatalystTypeConverters.scala:164)
	at org.apache.spark.sql.catalyst.CatalystTypeConverters$CatalystTypeConverter.toCatalyst(CatalystTypeConverters.scala:113)
	at org.apache.spark.sql.catalyst.CatalystTypeConverters$.$anonfun$createToCatalystConverter$2(CatalystTypeConverters.scala:485)
	at org.apache.spark.sql.SQLContext$.$anonfun$beansToRows$3(SQLContext.scala:1071)
	at scala.collection.TraversableLike.$anonfun$map$1(TraversableLike.scala:286)
	at scala.collection.IndexedSeqOptimized.foreach(IndexedSeqOptimized.scala:36)
	at scala.collection.IndexedSeqOptimized.foreach$(IndexedSeqOptimized.scala:33)
	at scala.collection.mutable.ArrayOps$ofRef.foreach(ArrayOps.scala:198)
	at scala.collection.TraversableLike.map(TraversableLike.scala:286)
	at scala.collection.TraversableLike.map$(TraversableLike.scala:279)
	at scala.collection.mutable.ArrayOps$ofRef.map(ArrayOps.scala:198)
	at org.apache.spark.sql.SQLContext$.$anonfun$beansToRows$2(SQLContext.scala:1070)
	at scala.collection.Iterator$$anon$10.next(Iterator.scala:461)
	at org.apache.spark.sql.catalyst.expressions.GeneratedClass$GeneratedIteratorForCodegenStage1.agg_doAggregateWithoutKey_0$(Unknown Source)
	at org.apache.spark.sql.catalyst.expressions.GeneratedClass$GeneratedIteratorForCodegenStage1.processNext(Unknown Source)
	at org.apache.spark.sql.execution.BufferedRowIterator.hasNext(BufferedRowIterator.java:43)
	at org.apache.spark.sql.execution.WholeStageCodegenExec$$anon$1.hasNext(WholeStageCodegenExec.scala:759)
	at scala.collection.Iterator$$anon$10.hasNext(Iterator.scala:460)
	at org.apache.spark.shuffle.sort.BypassMergeSortShuffleWriter.write(BypassMergeSortShuffleWriter.java:140)
	at org.apache.spark.shuffle.ShuffleWriteProcessor.write(ShuffleWriteProcessor.scala:59)
	at org.apache.spark.scheduler.ShuffleMapTask.runTask(ShuffleMapTask.scala:99)
	at org.apache.spark.scheduler.ShuffleMapTask.runTask(ShuffleMapTask.scala:52)
	at org.apache.spark.scheduler.Task.run(Task.scala:131)
	at org.apache.spark.executor.Executor$TaskRunner.$anonfun$run$3(Executor.scala:506)
	at org.apache.spark.util.Utils$.tryWithSafeFinally(Utils.scala:1462)
	at org.apache.spark.executor.Executor$TaskRunner.run(Executor.scala:509)
	at java.util.concurrent.ThreadPoolExecutor.runWorker(ThreadPoolExecutor.java:1149)
	at java.util.concurrent.ThreadPoolExecutor$Worker.run(ThreadPoolExecutor.java:624)
	at java.lang.Thread.run(Thread.java:748)

Driver stacktrace:
2022-06-27 11:36:02.042  INFO   57 --- [   JobScheduler] org.apache.spark.internal.Logging        : Finished job streaming job 1656326155000 ms.0 from job set of time 1656326155000 ms
2022-06-27 11:36:02.044  INFO   57 --- [   JobScheduler] org.apache.spark.internal.Logging        : Starting job streaming job 1656326155000 ms.1 from job set of time 1656326155000 ms
2022-06-27 11:36:02.045  ERROR   94 --- [   JobScheduler] org.apache.spark.internal.Logging        : Error running job streaming job 1656326155000 ms.0
org.apache.spark.SparkException: Job aborted due to stage failure: Task 0 in stage 5.0 failed 1 times, most recent failure: Lost task 0.0 in stage 5.0 (TID 3) (host.docker.internal executor driver): java.lang.IllegalArgumentException: The value (com.elite.cdr.validator.Asn1Classes.Cdr@32315dbe) of the type (com.elite.cdr.validator.Asn1Classes.Cdr) cannot be converted to struct<answerTime:string,callType:string,calledNumber:string,callingNumber:string,imei:string,imsi:string,location:string,mscIncoming:string,mscOutgoing:string,msisdn:string>
	at org.apache.spark.sql.catalyst.CatalystTypeConverters$StructConverter.toCatalystImpl(CatalystTypeConverters.scala:274)
	at org.apache.spark.sql.catalyst.CatalystTypeConverters$StructConverter.toCatalystImpl(CatalystTypeConverters.scala:248)
	at org.apache.spark.sql.catalyst.CatalystTypeConverters$CatalystTypeConverter.toCatalyst(CatalystTypeConverters.scala:113)
	at org.apache.spark.sql.catalyst.CatalystTypeConverters$ArrayConverter.toCatalystImpl(CatalystTypeConverters.scala:180)
	at org.apache.spark.sql.catalyst.CatalystTypeConverters$ArrayConverter.toCatalystImpl(CatalystTypeConverters.scala:164)
	at org.apache.spark.sql.catalyst.CatalystTypeConverters$CatalystTypeConverter.toCatalyst(CatalystTypeConverters.scala:113)
	at org.apache.spark.sql.catalyst.CatalystTypeConverters$.$anonfun$createToCatalystConverter$2(CatalystTypeConverters.scala:485)
	at org.apache.spark.sql.SQLContext$.$anonfun$beansToRows$3(SQLContext.scala:1071)
	at scala.collection.TraversableLike.$anonfun$map$1(TraversableLike.scala:286)
	at scala.collection.IndexedSeqOptimized.foreach(IndexedSeqOptimized.scala:36)
	at scala.collection.IndexedSeqOptimized.foreach$(IndexedSeqOptimized.scala:33)
	at scala.collection.mutable.ArrayOps$ofRef.foreach(ArrayOps.scala:198)
	at scala.collection.TraversableLike.map(TraversableLike.scala:286)
	at scala.collection.TraversableLike.map$(TraversableLike.scala:279)
	at scala.collection.mutable.ArrayOps$ofRef.map(ArrayOps.scala:198)
	at org.apache.spark.sql.SQLContext$.$anonfun$beansToRows$2(SQLContext.scala:1070)
	at scala.collection.Iterator$$anon$10.next(Iterator.scala:461)
	at org.apache.spark.sql.catalyst.expressions.GeneratedClass$GeneratedIteratorForCodegenStage1.agg_doAggregateWithoutKey_0$(Unknown Source)
	at org.apache.spark.sql.catalyst.expressions.GeneratedClass$GeneratedIteratorForCodegenStage1.processNext(Unknown Source)
	at org.apache.spark.sql.execution.BufferedRowIterator.hasNext(BufferedRowIterator.java:43)
	at org.apache.spark.sql.execution.WholeStageCodegenExec$$anon$1.hasNext(WholeStageCodegenExec.scala:759)
	at scala.collection.Iterator$$anon$10.hasNext(Iterator.scala:460)
	at org.apache.spark.shuffle.sort.BypassMergeSortShuffleWriter.write(BypassMergeSortShuffleWriter.java:140)
	at org.apache.spark.shuffle.ShuffleWriteProcessor.write(ShuffleWriteProcessor.scala:59)
	at org.apache.spark.scheduler.ShuffleMapTask.runTask(ShuffleMapTask.scala:99)
	at org.apache.spark.scheduler.ShuffleMapTask.runTask(ShuffleMapTask.scala:52)
	at org.apache.spark.scheduler.Task.run(Task.scala:131)
	at org.apache.spark.executor.Executor$TaskRunner.$anonfun$run$3(Executor.scala:506)
	at org.apache.spark.util.Utils$.tryWithSafeFinally(Utils.scala:1462)
	at org.apache.spark.executor.Executor$TaskRunner.run(Executor.scala:509)
	at java.util.concurrent.ThreadPoolExecutor.runWorker(ThreadPoolExecutor.java:1149)
	at java.util.concurrent.ThreadPoolExecutor$Worker.run(ThreadPoolExecutor.java:624)
	at java.lang.Thread.run(Thread.java:748)

Driver stacktrace:
	at org.apache.spark.scheduler.DAGScheduler.failJobAndIndependentStages(DAGScheduler.scala:2454)
	at org.apache.spark.scheduler.DAGScheduler.$anonfun$abortStage$2(DAGScheduler.scala:2403)
	at org.apache.spark.scheduler.DAGScheduler.$anonfun$abortStage$2$adapted(DAGScheduler.scala:2402)
	at scala.collection.mutable.ResizableArray.foreach(ResizableArray.scala:62)
	at scala.collection.mutable.ResizableArray.foreach$(ResizableArray.scala:55)
	at scala.collection.mutable.ArrayBuffer.foreach(ArrayBuffer.scala:49)
	at org.apache.spark.scheduler.DAGScheduler.abortStage(DAGScheduler.scala:2402)
	at org.apache.spark.scheduler.DAGScheduler.$anonfun$handleTaskSetFailed$1(DAGScheduler.scala:1160)
	at org.apache.spark.scheduler.DAGScheduler.$anonfun$handleTaskSetFailed$1$adapted(DAGScheduler.scala:1160)
	at scala.Option.foreach(Option.scala:407)
	at org.apache.spark.scheduler.DAGScheduler.handleTaskSetFailed(DAGScheduler.scala:1160)
	at org.apache.spark.scheduler.DAGSchedulerEventProcessLoop.doOnReceive(DAGScheduler.scala:2642)
	at org.apache.spark.scheduler.DAGSchedulerEventProcessLoop.onReceive(DAGScheduler.scala:2584)
	at org.apache.spark.scheduler.DAGSchedulerEventProcessLoop.onReceive(DAGScheduler.scala:2573)
	at org.apache.spark.util.EventLoop$$anon$1.run(EventLoop.scala:49)
Caused by: java.lang.IllegalArgumentException: The value (com.elite.cdr.validator.Asn1Classes.Cdr@32315dbe) of the type (com.elite.cdr.validator.Asn1Classes.Cdr) cannot be converted to struct<answerTime:string,callType:string,calledNumber:string,callingNumber:string,imei:string,imsi:string,location:string,mscIncoming:string,mscOutgoing:string,msisdn:string>
	at org.apache.spark.sql.catalyst.CatalystTypeConverters$StructConverter.toCatalystImpl(CatalystTypeConverters.scala:274)
	at org.apache.spark.sql.catalyst.CatalystTypeConverters$StructConverter.toCatalystImpl(CatalystTypeConverters.scala:248)
	at org.apache.spark.sql.catalyst.CatalystTypeConverters$CatalystTypeConverter.toCatalyst(CatalystTypeConverters.scala:113)
	at org.apache.spark.sql.catalyst.CatalystTypeConverters$ArrayConverter.toCatalystImpl(CatalystTypeConverters.scala:180)
	at org.apache.spark.sql.catalyst.CatalystTypeConverters$ArrayConverter.toCatalystImpl(CatalystTypeConverters.scala:164)
	at org.apache.spark.sql.catalyst.CatalystTypeConverters$CatalystTypeConverter.toCatalyst(CatalystTypeConverters.scala:113)
	at org.apache.spark.sql.catalyst.CatalystTypeConverters$.$anonfun$createToCatalystConverter$2(CatalystTypeConverters.scala:485)
	at org.apache.spark.sql.SQLContext$.$anonfun$beansToRows$3(SQLContext.scala:1071)
	at scala.collection.TraversableLike.$anonfun$map$1(TraversableLike.scala:286)
	at scala.collection.IndexedSeqOptimized.foreach(IndexedSeqOptimized.scala:36)
	at scala.collection.IndexedSeqOptimized.foreach$(IndexedSeqOptimized.scala:33)
	at scala.collection.mutable.ArrayOps$ofRef.foreach(ArrayOps.scala:198)
	at scala.collection.TraversableLike.map(TraversableLike.scala:286)
	at scala.collection.TraversableLike.map$(TraversableLike.scala:279)
	at scala.collection.mutable.ArrayOps$ofRef.map(ArrayOps.scala:198)
	at org.apache.spark.sql.SQLContext$.$anonfun$beansToRows$2(SQLContext.scala:1070)
	at scala.collection.Iterator$$anon$10.next(Iterator.scala:461)
	at org.apache.spark.sql.catalyst.expressions.GeneratedClass$GeneratedIteratorForCodegenStage1.agg_doAggregateWithoutKey_0$(Unknown Source)
	at org.apache.spark.sql.catalyst.expressions.GeneratedClass$GeneratedIteratorForCodegenStage1.processNext(Unknown Source)
	at org.apache.spark.sql.execution.BufferedRowIterator.hasNext(BufferedRowIterator.java:43)
	at org.apache.spark.sql.execution.WholeStageCodegenExec$$anon$1.hasNext(WholeStageCodegenExec.scala:759)
	at scala.collection.Iterator$$anon$10.hasNext(Iterator.scala:460)
	at org.apache.spark.shuffle.sort.BypassMergeSortShuffleWriter.write(BypassMergeSortShuffleWriter.java:140)
	at org.apache.spark.shuffle.ShuffleWriteProcessor.write(ShuffleWriteProcessor.scala:59)
	at org.apache.spark.scheduler.ShuffleMapTask.runTask(ShuffleMapTask.scala:99)
	at org.apache.spark.scheduler.ShuffleMapTask.runTask(ShuffleMapTask.scala:52)
	at org.apache.spark.scheduler.Task.run(Task.scala:131)
	at org.apache.spark.executor.Executor$TaskRunner.$anonfun$run$3(Executor.scala:506)
	at org.apache.spark.util.Utils$.tryWithSafeFinally(Utils.scala:1462)
	at org.apache.spark.executor.Executor$TaskRunner.run(Executor.scala:509)
	at java.util.concurrent.ThreadPoolExecutor.runWorker(ThreadPoolExecutor.java:1149)
	at java.util.concurrent.ThreadPoolExecutor$Worker.run(ThreadPoolExecutor.java:624)
	at java.lang.Thread.run(Thread.java:748)
2022-06-27 11:36:02.122  INFO   57 --- [-job-executor-0] org.apache.spark.internal.Logging        : Starting job: print at Application.java:201
2022-06-27 11:36:02.135  INFO   57 --- [uler-event-loop] org.apache.spark.internal.Logging        : Got job 4 (print at Application.java:201) with 1 output partitions
2022-06-27 11:36:02.136  INFO   57 --- [uler-event-loop] org.apache.spark.internal.Logging        : Final stage: ResultStage 6 (print at Application.java:201)
2022-06-27 11:36:02.136  INFO   57 --- [uler-event-loop] org.apache.spark.internal.Logging        : Parents of final stage: List()
2022-06-27 11:36:02.136  INFO   57 --- [uler-event-loop] org.apache.spark.internal.Logging        : Missing parents: List()
2022-06-27 11:36:02.138  INFO   57 --- [uler-event-loop] org.apache.spark.internal.Logging        : Submitting ResultStage 6 (MapPartitionsRDD[8] at map at Application.java:130), which has no missing parents
2022-06-27 11:36:02.146  INFO   57 --- [uler-event-loop] org.apache.spark.internal.Logging        : Block broadcast_4 stored as values in memory (estimated size 4.4 KiB, free 896.9 MiB)
2022-06-27 11:36:02.165  INFO   57 --- [uler-event-loop] org.apache.spark.internal.Logging        : Block broadcast_4_piece0 stored as bytes in memory (estimated size 2.4 KiB, free 896.9 MiB)
2022-06-27 11:36:02.217  INFO   57 --- [ckManagerMaster] org.apache.spark.internal.Logging        : Added broadcast_4_piece0 in memory on host.docker.internal:61459 (size: 2.4 KiB, free: 897.1 MiB)
2022-06-27 11:36:02.219  INFO   57 --- [uler-event-loop] org.apache.spark.internal.Logging        : Created broadcast 4 from broadcast at DAGScheduler.scala:1478
2022-06-27 11:36:02.221  INFO   57 --- [uler-event-loop] org.apache.spark.internal.Logging        : Submitting 1 missing tasks from ResultStage 6 (MapPartitionsRDD[8] at map at Application.java:130) (first 15 tasks are for partitions Vector(0))
2022-06-27 11:36:02.233  INFO   57 --- [uler-event-loop] org.apache.spark.internal.Logging        : Adding task set 6.0 with 1 tasks resource profile 0
2022-06-27 11:36:02.283  INFO   57 --- [er-event-loop-1] org.apache.spark.internal.Logging        : Starting task 0.0 in stage 6.0 (TID 4) (host.docker.internal, executor driver, partition 0, PROCESS_LOCAL, 4394 bytes) taskResourceAssignments Map()
2022-06-27 11:36:02.300  INFO   57 --- [age 6.0 (TID 4)] org.apache.spark.internal.Logging        : Running task 0.0 in stage 6.0 (TID 4)
2022-06-27 11:36:02.309  INFO   57 --- [age 6.0 (TID 4)] org.apache.spark.internal.Logging        : Found block input-0-1656326145137 locally
2022-06-27 11:36:02.315  INFO   57 --- [shutdown-hook-0] org.apache.spark.internal.Logging        : Invoking stop(stopGracefully=false) from shutdown hook
2022-06-27 11:36:02.356  INFO   57 --- [er-event-loop-3] org.apache.spark.internal.Logging        : Sent stop signal to all 1 receivers
2022-06-27 11:36:02.359  INFO   57 --- [er-event-loop-3] org.apache.spark.internal.Logging        : Received stop signal
2022-06-27 11:36:02.363  INFO   57 --- [er-event-loop-3] org.apache.spark.internal.Logging        : Stopping receiver with message: Stopped by driver: 
2022-06-27 11:36:02.363  INFO   57 --- [er-event-loop-3] org.apache.spark.internal.Logging        : Called receiver onStop
2022-06-27 11:36:02.364  INFO   57 --- [er-event-loop-3] org.apache.spark.internal.Logging        : Deregistering receiver 0
2022-06-27 11:36:02.367  INFO   57 --- [ckManagerMaster] org.apache.spark.internal.Logging        : Removed broadcast_2_piece0 on host.docker.internal:61459 in memory (size: 5.5 KiB, free: 897.1 MiB)
2022-06-27 11:36:02.380  ERROR   73 --- [er-event-loop-1] org.apache.spark.internal.Logging        : Deregistered receiver for stream 0: Stopped by driver
2022-06-27 11:36:02.383  INFO   57 --- [age 6.0 (TID 4)] org.apache.spark.internal.Logging        : Finished task 0.0 in stage 6.0 (TID 4). 39441 bytes result sent to driver
2022-06-27 11:36:02.385  INFO   57 --- [er-event-loop-3] org.apache.spark.internal.Logging        : Stopped receiver 0
2022-06-27 11:36:02.387  INFO   57 --- [er-event-loop-3] org.apache.spark.internal.Logging        : Stopping BlockGenerator
2022-06-27 11:36:02.400  INFO   57 --- [result-getter-3] org.apache.spark.internal.Logging        : Finished task 0.0 in stage 6.0 (TID 4) in 131 ms on host.docker.internal (executor driver) (1/1)
2022-06-27 11:36:02.402  INFO   57 --- [result-getter-3] org.apache.spark.internal.Logging        : Removed TaskSet 6.0, whose tasks have all completed, from pool 
2022-06-27 11:36:02.404  INFO   57 --- [uler-event-loop] org.apache.spark.internal.Logging        : ResultStage 6 (print at Application.java:201) finished in 0.262 s
2022-06-27 11:36:02.405  INFO   57 --- [uler-event-loop] org.apache.spark.internal.Logging        : Job 4 is finished. Cancelling potential speculative or zombie tasks for this job
2022-06-27 11:36:02.405  INFO   57 --- [uler-event-loop] org.apache.spark.internal.Logging        : Killing all running tasks in stage 6: Stage finished
2022-06-27 11:36:02.407  INFO   57 --- [-job-executor-0] org.apache.spark.internal.Logging        : Job 4 finished: print at Application.java:201, took 0.274877 s
2022-06-27 11:36:02.415  INFO   57 --- [   JobScheduler] org.apache.spark.internal.Logging        : Finished job streaming job 1656326155000 ms.1 from job set of time 1656326155000 ms
2022-06-27 11:36:02.416  INFO   57 --- [   JobScheduler] org.apache.spark.internal.Logging        : Total delay: 7.412 s for time 1656326155000 ms (execution: 1.103 s)
2022-06-27 11:36:02.416  INFO   57 --- [   JobScheduler] org.apache.spark.internal.Logging        : Starting job streaming job 1656326160000 ms.0 from job set of time 1656326160000 ms
2022-06-27 11:36:02.417  INFO   57 --- [   JobGenerator] org.apache.spark.internal.Logging        : Removing RDD 6 from persistence list
2022-06-27 11:36:02.418  WARN   69 --- [-job-executor-0] org.apache.spark.internal.Logging        : Using an existing SparkSession; the static sql configurations will not take effect.
2022-06-27 11:36:02.419  WARN   69 --- [-job-executor-0] org.apache.spark.internal.Logging        : Using an existing SparkSession; some spark core configurations may not take effect.
2022-06-27 11:36:02.466  INFO   57 --- [   JobGenerator] org.apache.spark.internal.Logging        : Removing RDD 5 from persistence list
2022-06-27 11:36:02.501  INFO   57 --- [   JobGenerator] org.apache.spark.internal.Logging        : Removing blocks of RDD BlockRDD[5] at receiverStream at Application.java:125 of time 1656326155000 ms
2022-06-27 11:36:02.502  INFO   57 --- [   JobGenerator] org.apache.spark.internal.Logging        : Deleting batches: 1656326145000 ms
2022-06-27 11:36:02.502  INFO   57 --- [   JobGenerator] org.apache.spark.internal.Logging        : remove old batch metadata: 1656326145000 ms
2022-06-27 11:36:02.652  INFO   57 --- [er-event-loop-3] org.apache.spark.internal.Logging        : Stopped timer for BlockGenerator after time 1656326162600
2022-06-27 11:36:02.652  INFO   57 --- [er-event-loop-3] org.apache.spark.internal.Logging        : Waiting for block pushing thread to terminate
2022-06-27 11:36:02.683  INFO   57 --- [      Thread-14] org.apache.spark.internal.Logging        : Pushing out the last 0 blocks
2022-06-27 11:36:02.683  INFO   57 --- [      Thread-14] org.apache.spark.internal.Logging        : Stopped block pushing thread
2022-06-27 11:36:02.683  INFO   57 --- [er-event-loop-3] org.apache.spark.internal.Logging        : Stopped BlockGenerator
2022-06-27 11:36:02.683  INFO   57 --- [age 0.0 (TID 0)] org.apache.spark.internal.Logging        : Stopped receiver without error
2022-06-27 11:36:02.730  INFO   57 --- [-thread-pool-13] org.apache.spark.internal.Logging        : Removing RDD 5
2022-06-27 11:36:02.745  INFO   57 --- [ckManagerMaster] org.apache.spark.internal.Logging        : Removed broadcast_1_piece0 on host.docker.internal:61459 in memory (size: 5.5 KiB, free: 897.1 MiB)
2022-06-27 11:36:02.730  INFO   57 --- [age 0.0 (TID 0)] org.apache.spark.internal.Logging        : Finished task 0.0 in stage 0.0 (TID 0). 923 bytes result sent to driver
2022-06-27 11:36:02.730  INFO   57 --- [-thread-pool-12] org.apache.spark.internal.Logging        : Removing RDD 6
2022-06-27 11:36:02.761  INFO   57 --- [result-getter-0] org.apache.spark.internal.Logging        : Finished task 0.0 in stage 0.0 (TID 0) in 18168 ms on host.docker.internal (executor driver) (1/1)
2022-06-27 11:36:02.761  INFO   57 --- [result-getter-0] org.apache.spark.internal.Logging        : Removed TaskSet 0.0, whose tasks have all completed, from pool 
2022-06-27 11:36:02.792  INFO   57 --- [uler-event-loop] org.apache.spark.internal.Logging        : ResultStage 0 (start at Application.java:204) finished in 19.195 s
2022-06-27 11:36:02.792  INFO   57 --- [uler-event-loop] org.apache.spark.internal.Logging        : Job 0 is finished. Cancelling potential speculative or zombie tasks for this job
2022-06-27 11:36:02.792  INFO   57 --- [uler-event-loop] org.apache.spark.internal.Logging        : Killing all running tasks in stage 0: Stage finished
2022-06-27 11:36:02.823  INFO   57 --- [shutdown-hook-0] org.apache.spark.internal.Logging        : All of the receivers have deregistered successfully
2022-06-27 11:36:02.823  INFO   57 --- [shutdown-hook-0] org.apache.spark.internal.Logging        : ReceiverTracker stopped
2022-06-27 11:36:02.839  INFO   57 --- [shutdown-hook-0] org.apache.spark.internal.Logging        : Stopping JobGenerator immediately
2022-06-27 11:36:02.855  INFO   57 --- [shutdown-hook-0] org.apache.spark.internal.Logging        : Stopped timer for JobGenerator after time 1656326160000
2022-06-27 11:36:02.870  INFO   57 --- [shutdown-hook-0] org.apache.spark.internal.Logging        : Stopped JobGenerator
2022-06-27 11:36:02.917  INFO   57 --- [ckManagerMaster] org.apache.spark.internal.Logging        : Removed broadcast_3_piece0 on host.docker.internal:61459 in memory (size: 7.3 KiB, free: 897.1 MiB)
2022-06-27 11:36:02.964  INFO   57 --- [-job-executor-0] org.apache.spark.internal.Logging        : Starting job: show at Application.java:149
2022-06-27 11:36:02.964  INFO   57 --- [uler-event-loop] org.apache.spark.internal.Logging        : Registering RDD 30 (show at Application.java:149) as input to shuffle 3
2022-06-27 11:36:02.964  INFO   57 --- [uler-event-loop] org.apache.spark.internal.Logging        : Got job 5 (show at Application.java:149) with 1 output partitions
2022-06-27 11:36:02.964  INFO   57 --- [uler-event-loop] org.apache.spark.internal.Logging        : Final stage: ResultStage 8 (show at Application.java:149)
2022-06-27 11:36:02.964  INFO   57 --- [uler-event-loop] org.apache.spark.internal.Logging        : Parents of final stage: List(ShuffleMapStage 7)
2022-06-27 11:36:02.980  INFO   57 --- [uler-event-loop] org.apache.spark.internal.Logging        : Missing parents: List()
2022-06-27 11:36:02.980  INFO   57 --- [uler-event-loop] org.apache.spark.internal.Logging        : Submitting ResultStage 8 (MapPartitionsRDD[33] at show at Application.java:149), which has no missing parents
2022-06-27 11:36:02.995  INFO   57 --- [uler-event-loop] org.apache.spark.internal.Logging        : Block broadcast_5 stored as values in memory (estimated size 11.1 KiB, free 897.0 MiB)
2022-06-27 11:36:03.011  INFO   57 --- [uler-event-loop] org.apache.spark.internal.Logging        : Block broadcast_5_piece0 stored as bytes in memory (estimated size 5.5 KiB, free 897.0 MiB)
2022-06-27 11:36:03.027  INFO   57 --- [ckManagerMaster] org.apache.spark.internal.Logging        : Added broadcast_5_piece0 in memory on host.docker.internal:61459 (size: 5.5 KiB, free: 897.1 MiB)
2022-06-27 11:36:03.027  INFO   57 --- [uler-event-loop] org.apache.spark.internal.Logging        : Created broadcast 5 from broadcast at DAGScheduler.scala:1478
2022-06-27 11:36:03.027  INFO   57 --- [uler-event-loop] org.apache.spark.internal.Logging        : Submitting 1 missing tasks from ResultStage 8 (MapPartitionsRDD[33] at show at Application.java:149) (first 15 tasks are for partitions Vector(0))
2022-06-27 11:36:03.027  INFO   57 --- [uler-event-loop] org.apache.spark.internal.Logging        : Adding task set 8.0 with 1 tasks resource profile 0
2022-06-27 11:36:03.027  INFO   57 --- [er-event-loop-3] org.apache.spark.internal.Logging        : Starting task 0.0 in stage 8.0 (TID 5) (host.docker.internal, executor driver, partition 0, PROCESS_LOCAL, 4453 bytes) taskResourceAssignments Map()
2022-06-27 11:36:03.027  ERROR   94 --- [er-event-loop-3] org.apache.spark.internal.Logging        : Ignoring error
java.util.concurrent.RejectedExecutionException: Task org.apache.spark.executor.Executor$TaskRunner@4f9058a1 rejected from java.util.concurrent.ThreadPoolExecutor@28c04ed7[Terminated, pool size = 0, active threads = 0, queued tasks = 0, completed tasks = 5]
	at java.util.concurrent.ThreadPoolExecutor$AbortPolicy.rejectedExecution(ThreadPoolExecutor.java:2063)
	at java.util.concurrent.ThreadPoolExecutor.reject(ThreadPoolExecutor.java:830)
	at java.util.concurrent.ThreadPoolExecutor.execute(ThreadPoolExecutor.java:1379)
	at org.apache.spark.executor.Executor.launchTask(Executor.scala:270)
	at org.apache.spark.scheduler.local.LocalEndpoint.$anonfun$reviveOffers$1(LocalSchedulerBackend.scala:93)
	at org.apache.spark.scheduler.local.LocalEndpoint.$anonfun$reviveOffers$1$adapted(LocalSchedulerBackend.scala:91)
	at scala.collection.Iterator.foreach(Iterator.scala:943)
	at scala.collection.Iterator.foreach$(Iterator.scala:943)
	at scala.collection.AbstractIterator.foreach(Iterator.scala:1431)
	at scala.collection.IterableLike.foreach(IterableLike.scala:74)
	at scala.collection.IterableLike.foreach$(IterableLike.scala:73)
	at scala.collection.AbstractIterable.foreach(Iterable.scala:56)
	at org.apache.spark.scheduler.local.LocalEndpoint.reviveOffers(LocalSchedulerBackend.scala:91)
	at org.apache.spark.scheduler.local.LocalEndpoint$$anonfun$receive$1.applyOrElse(LocalSchedulerBackend.scala:68)
	at org.apache.spark.rpc.netty.Inbox.$anonfun$process$1(Inbox.scala:115)
	at org.apache.spark.rpc.netty.Inbox.safelyCall(Inbox.scala:213)
	at org.apache.spark.rpc.netty.Inbox.process(Inbox.scala:100)
	at org.apache.spark.rpc.netty.MessageLoop.org$apache$spark$rpc$netty$MessageLoop$$receiveLoop(MessageLoop.scala:75)
	at org.apache.spark.rpc.netty.MessageLoop$$anon$1.run(MessageLoop.scala:41)
	at java.util.concurrent.ThreadPoolExecutor.runWorker(ThreadPoolExecutor.java:1149)
	at java.util.concurrent.ThreadPoolExecutor$Worker.run(ThreadPoolExecutor.java:624)
	at java.lang.Thread.run(Thread.java:748)
2022-06-27 11:36:04.896  INFO   57 --- [shutdown-hook-0] org.apache.spark.internal.Logging        : Stopped JobScheduler
2022-06-27 11:36:04.912  INFO 1153 --- [shutdown-hook-0] ject.jetty.server.handler.ContextHandler : Stopped o.s.j.s.ServletContextHandler@76c548f{/streaming,null,STOPPED,@Spark}
2022-06-27 11:36:04.912  INFO 1153 --- [shutdown-hook-0] ject.jetty.server.handler.ContextHandler : Stopped o.s.j.s.ServletContextHandler@26722665{/streaming/json,null,STOPPED,@Spark}
2022-06-27 11:36:04.912  INFO 1153 --- [shutdown-hook-0] ject.jetty.server.handler.ContextHandler : Stopped o.s.j.s.ServletContextHandler@6f38a289{/streaming/batch,null,STOPPED,@Spark}
2022-06-27 11:36:04.912  INFO 1153 --- [shutdown-hook-0] ject.jetty.server.handler.ContextHandler : Stopped o.s.j.s.ServletContextHandler@3cec79d3{/streaming/batch/json,null,STOPPED,@Spark}
2022-06-27 11:36:04.912  INFO 1153 --- [shutdown-hook-0] ject.jetty.server.handler.ContextHandler : Stopped o.s.j.s.ServletContextHandler@6eaa21d8{/static/streaming,null,STOPPED,@Spark}
2022-06-27 11:36:04.912  INFO   57 --- [shutdown-hook-0] org.apache.spark.internal.Logging        : StreamingContext stopped successfully
2022-06-27 11:36:04.912  INFO   57 --- [shutdown-hook-0] org.apache.spark.internal.Logging        : Invoking stop() from shutdown hook
2022-06-27 11:36:04.928  INFO  381 --- [shutdown-hook-0] rkproject.jetty.server.AbstractConnector : Stopped Spark@d78795{HTTP/1.1, (http/1.1)}{0.0.0.0:4040}
2022-06-27 11:36:04.928  INFO   57 --- [shutdown-hook-0] org.apache.spark.internal.Logging        : Stopped Spark web UI at http://host.docker.internal:4040
2022-06-27 11:36:04.928  INFO   57 --- [shutdown-hook-0] org.apache.spark.internal.Logging        : ResultStage 8 (show at Application.java:149) failed in 1.948 s due to Stage cancelled because SparkContext was shut down
2022-06-27 11:36:04.990  INFO   57 --- [er-event-loop-0] org.apache.spark.internal.Logging        : MapOutputTrackerMasterEndpoint stopped!
2022-06-27 11:36:05.021  INFO   57 --- [shutdown-hook-0] org.apache.spark.internal.Logging        : MemoryStore cleared
2022-06-27 11:36:05.021  INFO   57 --- [shutdown-hook-0] org.apache.spark.internal.Logging        : BlockManager stopped
2022-06-27 11:36:05.037  INFO   57 --- [shutdown-hook-0] org.apache.spark.internal.Logging        : BlockManagerMaster stopped
2022-06-27 11:36:05.037  INFO   57 --- [er-event-loop-0] org.apache.spark.internal.Logging        : OutputCommitCoordinator stopped!
2022-06-27 11:36:05.053  INFO   57 --- [shutdown-hook-0] org.apache.spark.internal.Logging        : Successfully stopped SparkContext
2022-06-27 11:36:05.053  INFO   57 --- [shutdown-hook-0] org.apache.spark.internal.Logging        : Shutdown hook called
2022-06-27 11:36:05.053  INFO   57 --- [shutdown-hook-0] org.apache.spark.internal.Logging        : Deleting directory C:\Users\Wael Hamdi\AppData\Local\Temp\spark-d67f4b35-f8f9-4a2b-9a51-2d20e5f2c38c
