2022-06-30 11:39:36.080  INFO   44 --- [           main] com.elite.cdr.validator.Application      : Starting ASN1 Reader 
2022-06-30 11:39:36.095  INFO   46 --- [           main] com.elite.cdr.validator.Application      : ############### Run with the args [--env, local, --file, C:\IntelliJProjects\FraudDetectionSpark3\src\main\resources\data\simpleTypes.ber]
2022-06-30 11:39:36.174  INFO   52 --- [           main] com.elite.cdr.validator.Application      : ############### Run in local mode
2022-06-30 11:39:37.752  INFO   57 --- [           main] org.apache.spark.internal.Logging        : Running Spark version 3.2.1
2022-06-30 11:39:38.283  INFO   57 --- [           main] org.apache.spark.internal.Logging        : ==============================================================
2022-06-30 11:39:38.283  INFO   57 --- [           main] org.apache.spark.internal.Logging        : No custom resources configured for spark.driver.
2022-06-30 11:39:38.283  INFO   57 --- [           main] org.apache.spark.internal.Logging        : ==============================================================
2022-06-30 11:39:38.283  INFO   57 --- [           main] org.apache.spark.internal.Logging        : Submitted application: NiFi-Spark Streaming example
2022-06-30 11:39:38.361  INFO   57 --- [           main] org.apache.spark.internal.Logging        : Default ResourceProfile created, executor resources: Map(cores -> name: cores, amount: 1, script: , vendor: , memory -> name: memory, amount: 1024, script: , vendor: , offHeap -> name: offHeap, amount: 0, script: , vendor: ), task resources: Map(cpus -> name: cpus, amount: 1.0)
2022-06-30 11:39:38.392  INFO   57 --- [           main] org.apache.spark.internal.Logging        : Limiting resource is cpu
2022-06-30 11:39:38.408  INFO   57 --- [           main] org.apache.spark.internal.Logging        : Added ResourceProfile id: 0
2022-06-30 11:39:38.660  INFO   57 --- [           main] org.apache.spark.internal.Logging        : Changing view acls to: Wael Hamdi
2022-06-30 11:39:38.660  INFO   57 --- [           main] org.apache.spark.internal.Logging        : Changing modify acls to: Wael Hamdi
2022-06-30 11:39:38.660  INFO   57 --- [           main] org.apache.spark.internal.Logging        : Changing view acls groups to: 
2022-06-30 11:39:38.660  INFO   57 --- [           main] org.apache.spark.internal.Logging        : Changing modify acls groups to: 
2022-06-30 11:39:38.660  INFO   57 --- [           main] org.apache.spark.internal.Logging        : SecurityManager: authentication disabled; ui acls disabled; users  with view permissions: Set(Wael Hamdi); groups with view permissions: Set(); users  with modify permissions: Set(Wael Hamdi); groups with modify permissions: Set()
2022-06-30 11:39:41.020  INFO   57 --- [           main] org.apache.spark.internal.Logging        : Successfully started service 'sparkDriver' on port 64497.
2022-06-30 11:39:41.051  INFO   57 --- [           main] org.apache.spark.internal.Logging        : Registering MapOutputTracker
2022-06-30 11:39:41.098  INFO   57 --- [           main] org.apache.spark.internal.Logging        : Registering BlockManagerMaster
2022-06-30 11:39:41.113  INFO   57 --- [           main] org.apache.spark.internal.Logging        : Using org.apache.spark.storage.DefaultTopologyMapper for getting topology information
2022-06-30 11:39:41.113  INFO   57 --- [           main] org.apache.spark.internal.Logging        : BlockManagerMasterEndpoint up
2022-06-30 11:39:41.129  INFO   57 --- [           main] org.apache.spark.internal.Logging        : Registering BlockManagerMasterHeartbeat
2022-06-30 11:39:41.160  INFO   57 --- [           main] org.apache.spark.internal.Logging        : Created local directory at C:\Users\Wael Hamdi\AppData\Local\Temp\blockmgr-94235d2a-60a0-4b31-b852-9eb1731ca00c
2022-06-30 11:39:41.191  INFO   57 --- [           main] org.apache.spark.internal.Logging        : MemoryStore started with capacity 897.6 MiB
2022-06-30 11:39:41.223  INFO   57 --- [           main] org.apache.spark.internal.Logging        : Registering OutputCommitCoordinator
2022-06-30 11:39:41.348  INFO  170 --- [           main] org.sparkproject.jetty.util.log.Log      : Logging initialized @6628ms to org.sparkproject.jetty.util.log.Slf4jLog
2022-06-30 11:39:41.457  INFO  375 --- [           main] org.sparkproject.jetty.server.Server     : jetty-9.4.43.v20210629; built: 2021-06-30T11:07:22.254Z; git: 526006ecfa3af7f1a27ef3a288e2bef7ea9dd7e8; jvm 1.8.0_301-b09
2022-06-30 11:39:41.488  INFO  415 --- [           main] org.sparkproject.jetty.server.Server     : Started @6776ms
2022-06-30 11:39:41.535  INFO  331 --- [           main] rkproject.jetty.server.AbstractConnector : Started ServerConnector@2c715e84{HTTP/1.1, (http/1.1)}{0.0.0.0:4040}
2022-06-30 11:39:41.535  INFO   57 --- [           main] org.apache.spark.internal.Logging        : Successfully started service 'SparkUI' on port 4040.
2022-06-30 11:39:41.582  INFO  915 --- [           main] ject.jetty.server.handler.ContextHandler : Started o.s.j.s.ServletContextHandler@6de54b40{/jobs,null,AVAILABLE,@Spark}
2022-06-30 11:39:41.582  INFO  915 --- [           main] ject.jetty.server.handler.ContextHandler : Started o.s.j.s.ServletContextHandler@2de366bb{/jobs/json,null,AVAILABLE,@Spark}
2022-06-30 11:39:41.582  INFO  915 --- [           main] ject.jetty.server.handler.ContextHandler : Started o.s.j.s.ServletContextHandler@61a002b1{/jobs/job,null,AVAILABLE,@Spark}
2022-06-30 11:39:41.582  INFO  915 --- [           main] ject.jetty.server.handler.ContextHandler : Started o.s.j.s.ServletContextHandler@e24ddd0{/jobs/job/json,null,AVAILABLE,@Spark}
2022-06-30 11:39:41.582  INFO  915 --- [           main] ject.jetty.server.handler.ContextHandler : Started o.s.j.s.ServletContextHandler@548e76f1{/stages,null,AVAILABLE,@Spark}
2022-06-30 11:39:41.582  INFO  915 --- [           main] ject.jetty.server.handler.ContextHandler : Started o.s.j.s.ServletContextHandler@72c927f1{/stages/json,null,AVAILABLE,@Spark}
2022-06-30 11:39:41.582  INFO  915 --- [           main] ject.jetty.server.handler.ContextHandler : Started o.s.j.s.ServletContextHandler@3dd69f5a{/stages/stage,null,AVAILABLE,@Spark}
2022-06-30 11:39:41.598  INFO  915 --- [           main] ject.jetty.server.handler.ContextHandler : Started o.s.j.s.ServletContextHandler@5003041b{/stages/stage/json,null,AVAILABLE,@Spark}
2022-06-30 11:39:41.598  INFO  915 --- [           main] ject.jetty.server.handler.ContextHandler : Started o.s.j.s.ServletContextHandler@16fb356{/stages/pool,null,AVAILABLE,@Spark}
2022-06-30 11:39:41.598  INFO  915 --- [           main] ject.jetty.server.handler.ContextHandler : Started o.s.j.s.ServletContextHandler@23a9ba52{/stages/pool/json,null,AVAILABLE,@Spark}
2022-06-30 11:39:41.598  INFO  915 --- [           main] ject.jetty.server.handler.ContextHandler : Started o.s.j.s.ServletContextHandler@70ab80e3{/storage,null,AVAILABLE,@Spark}
2022-06-30 11:39:41.598  INFO  915 --- [           main] ject.jetty.server.handler.ContextHandler : Started o.s.j.s.ServletContextHandler@67427b69{/storage/json,null,AVAILABLE,@Spark}
2022-06-30 11:39:41.598  INFO  915 --- [           main] ject.jetty.server.handler.ContextHandler : Started o.s.j.s.ServletContextHandler@544630b7{/storage/rdd,null,AVAILABLE,@Spark}
2022-06-30 11:39:41.598  INFO  915 --- [           main] ject.jetty.server.handler.ContextHandler : Started o.s.j.s.ServletContextHandler@1095f122{/storage/rdd/json,null,AVAILABLE,@Spark}
2022-06-30 11:39:41.598  INFO  915 --- [           main] ject.jetty.server.handler.ContextHandler : Started o.s.j.s.ServletContextHandler@3d6300e8{/environment,null,AVAILABLE,@Spark}
2022-06-30 11:39:41.613  INFO  915 --- [           main] ject.jetty.server.handler.ContextHandler : Started o.s.j.s.ServletContextHandler@24a1c17f{/environment/json,null,AVAILABLE,@Spark}
2022-06-30 11:39:41.613  INFO  915 --- [           main] ject.jetty.server.handler.ContextHandler : Started o.s.j.s.ServletContextHandler@73511076{/executors,null,AVAILABLE,@Spark}
2022-06-30 11:39:41.613  INFO  915 --- [           main] ject.jetty.server.handler.ContextHandler : Started o.s.j.s.ServletContextHandler@532721fd{/executors/json,null,AVAILABLE,@Spark}
2022-06-30 11:39:41.613  INFO  915 --- [           main] ject.jetty.server.handler.ContextHandler : Started o.s.j.s.ServletContextHandler@7fb9f71f{/executors/threadDump,null,AVAILABLE,@Spark}
2022-06-30 11:39:41.613  INFO  915 --- [           main] ject.jetty.server.handler.ContextHandler : Started o.s.j.s.ServletContextHandler@51f49060{/executors/threadDump/json,null,AVAILABLE,@Spark}
2022-06-30 11:39:41.629  INFO  915 --- [           main] ject.jetty.server.handler.ContextHandler : Started o.s.j.s.ServletContextHandler@617fe9e1{/static,null,AVAILABLE,@Spark}
2022-06-30 11:39:41.629  INFO  915 --- [           main] ject.jetty.server.handler.ContextHandler : Started o.s.j.s.ServletContextHandler@1a2e2935{/,null,AVAILABLE,@Spark}
2022-06-30 11:39:41.629  INFO  915 --- [           main] ject.jetty.server.handler.ContextHandler : Started o.s.j.s.ServletContextHandler@4b629f13{/api,null,AVAILABLE,@Spark}
2022-06-30 11:39:41.629  INFO  915 --- [           main] ject.jetty.server.handler.ContextHandler : Started o.s.j.s.ServletContextHandler@37cd92d6{/jobs/job/kill,null,AVAILABLE,@Spark}
2022-06-30 11:39:41.629  INFO  915 --- [           main] ject.jetty.server.handler.ContextHandler : Started o.s.j.s.ServletContextHandler@4263b080{/stages/stage/kill,null,AVAILABLE,@Spark}
2022-06-30 11:39:41.629  INFO   57 --- [           main] org.apache.spark.internal.Logging        : Bound SparkUI to 0.0.0.0, and started at http://host.docker.internal:4040
2022-06-30 11:39:41.926  INFO   57 --- [           main] org.apache.spark.internal.Logging        : Starting executor ID driver on host host.docker.internal
2022-06-30 11:39:41.988  INFO   57 --- [           main] org.apache.spark.internal.Logging        : Successfully started service 'org.apache.spark.network.netty.NettyBlockTransferService' on port 64521.
2022-06-30 11:39:41.988  INFO   82 --- [           main] .network.netty.NettyBlockTransferService : Server created on host.docker.internal:64521
2022-06-30 11:39:41.988  INFO   57 --- [           main] org.apache.spark.internal.Logging        : Using org.apache.spark.storage.RandomBlockReplicationPolicy for block replication policy
2022-06-30 11:39:42.004  INFO   57 --- [           main] org.apache.spark.internal.Logging        : Registering BlockManager BlockManagerId(driver, host.docker.internal, 64521, None)
2022-06-30 11:39:42.020  INFO   57 --- [ckManagerMaster] org.apache.spark.internal.Logging        : Registering block manager host.docker.internal:64521 with 897.6 MiB RAM, BlockManagerId(driver, host.docker.internal, 64521, None)
2022-06-30 11:39:42.020  INFO   57 --- [           main] org.apache.spark.internal.Logging        : Registered BlockManager BlockManagerId(driver, host.docker.internal, 64521, None)
2022-06-30 11:39:42.020  INFO   57 --- [           main] org.apache.spark.internal.Logging        : Initialized BlockManager: BlockManagerId(driver, host.docker.internal, 64521, None)
2022-06-30 11:39:42.434  INFO  915 --- [           main] ject.jetty.server.handler.ContextHandler : Started o.s.j.s.ServletContextHandler@5173200b{/metrics/json,null,AVAILABLE,@Spark}
2022-06-30 11:39:43.356  INFO   57 --- [streaming-start] org.apache.spark.internal.Logging        : Starting 1 receivers
2022-06-30 11:39:43.372  INFO   57 --- [streaming-start] org.apache.spark.internal.Logging        : ReceiverTracker started
2022-06-30 11:39:43.403  INFO   57 --- [streaming-start] org.apache.spark.internal.Logging        : Slide time = 1000 ms
2022-06-30 11:39:43.419  INFO   57 --- [streaming-start] org.apache.spark.internal.Logging        : Storage level = Serialized 1x Replicated
2022-06-30 11:39:43.419  INFO   57 --- [streaming-start] org.apache.spark.internal.Logging        : Checkpoint interval = null
2022-06-30 11:39:43.419  INFO   57 --- [streaming-start] org.apache.spark.internal.Logging        : Remember interval = 1000 ms
2022-06-30 11:39:43.419  INFO   57 --- [streaming-start] org.apache.spark.internal.Logging        : Initialized and validated org.apache.spark.streaming.dstream.PluggableInputDStream@23273edc
2022-06-30 11:39:43.419  INFO   57 --- [streaming-start] org.apache.spark.internal.Logging        : Slide time = 1000 ms
2022-06-30 11:39:43.419  INFO   57 --- [streaming-start] org.apache.spark.internal.Logging        : Storage level = Serialized 1x Replicated
2022-06-30 11:39:43.419  INFO   57 --- [streaming-start] org.apache.spark.internal.Logging        : Checkpoint interval = null
2022-06-30 11:39:43.419  INFO   57 --- [streaming-start] org.apache.spark.internal.Logging        : Remember interval = 1000 ms
2022-06-30 11:39:43.419  INFO   57 --- [streaming-start] org.apache.spark.internal.Logging        : Initialized and validated org.apache.spark.streaming.dstream.MappedDStream@4b5d2f6b
2022-06-30 11:39:43.419  INFO   57 --- [streaming-start] org.apache.spark.internal.Logging        : Slide time = 1000 ms
2022-06-30 11:39:43.419  INFO   57 --- [streaming-start] org.apache.spark.internal.Logging        : Storage level = Serialized 1x Replicated
2022-06-30 11:39:43.419  INFO   57 --- [streaming-start] org.apache.spark.internal.Logging        : Checkpoint interval = null
2022-06-30 11:39:43.419  INFO   57 --- [streaming-start] org.apache.spark.internal.Logging        : Remember interval = 1000 ms
2022-06-30 11:39:43.419  INFO   57 --- [streaming-start] org.apache.spark.internal.Logging        : Initialized and validated org.apache.spark.streaming.dstream.ForEachDStream@1b1748db
2022-06-30 11:39:43.419  INFO   57 --- [streaming-start] org.apache.spark.internal.Logging        : Slide time = 1000 ms
2022-06-30 11:39:43.419  INFO   57 --- [streaming-start] org.apache.spark.internal.Logging        : Storage level = Serialized 1x Replicated
2022-06-30 11:39:43.419  INFO   57 --- [streaming-start] org.apache.spark.internal.Logging        : Checkpoint interval = null
2022-06-30 11:39:43.419  INFO   57 --- [streaming-start] org.apache.spark.internal.Logging        : Remember interval = 1000 ms
2022-06-30 11:39:43.419  INFO   57 --- [streaming-start] org.apache.spark.internal.Logging        : Initialized and validated org.apache.spark.streaming.dstream.PluggableInputDStream@23273edc
2022-06-30 11:39:43.419  INFO   57 --- [streaming-start] org.apache.spark.internal.Logging        : Slide time = 1000 ms
2022-06-30 11:39:43.419  INFO   57 --- [streaming-start] org.apache.spark.internal.Logging        : Storage level = Serialized 1x Replicated
2022-06-30 11:39:43.419  INFO   57 --- [streaming-start] org.apache.spark.internal.Logging        : Checkpoint interval = null
2022-06-30 11:39:43.419  INFO   57 --- [streaming-start] org.apache.spark.internal.Logging        : Remember interval = 1000 ms
2022-06-30 11:39:43.434  INFO   57 --- [streaming-start] org.apache.spark.internal.Logging        : Initialized and validated org.apache.spark.streaming.dstream.MappedDStream@4b5d2f6b
2022-06-30 11:39:43.434  INFO   57 --- [streaming-start] org.apache.spark.internal.Logging        : Slide time = 1000 ms
2022-06-30 11:39:43.434  INFO   57 --- [streaming-start] org.apache.spark.internal.Logging        : Storage level = Serialized 1x Replicated
2022-06-30 11:39:43.434  INFO   57 --- [streaming-start] org.apache.spark.internal.Logging        : Checkpoint interval = null
2022-06-30 11:39:43.434  INFO   57 --- [streaming-start] org.apache.spark.internal.Logging        : Remember interval = 1000 ms
2022-06-30 11:39:43.434  INFO   57 --- [streaming-start] org.apache.spark.internal.Logging        : Initialized and validated org.apache.spark.streaming.dstream.ForEachDStream@5b1d32b8
2022-06-30 11:39:43.606  INFO   57 --- [er-event-loop-3] org.apache.spark.internal.Logging        : Receiver 0 started
2022-06-30 11:39:43.622  INFO   57 --- [streaming-start] org.apache.spark.internal.Logging        : Started timer for JobGenerator at time 1656585584000
2022-06-30 11:39:43.622  INFO   57 --- [streaming-start] org.apache.spark.internal.Logging        : Started JobGenerator at 1656585584000 ms
2022-06-30 11:39:43.622  INFO   57 --- [streaming-start] org.apache.spark.internal.Logging        : Started JobScheduler
2022-06-30 11:39:43.622  INFO   57 --- [uler-event-loop] org.apache.spark.internal.Logging        : Got job 0 (start at Application.java:219) with 1 output partitions
2022-06-30 11:39:43.638  INFO   57 --- [uler-event-loop] org.apache.spark.internal.Logging        : Final stage: ResultStage 0 (start at Application.java:219)
2022-06-30 11:39:43.638  INFO   57 --- [uler-event-loop] org.apache.spark.internal.Logging        : Parents of final stage: List()
2022-06-30 11:39:43.648  INFO   57 --- [uler-event-loop] org.apache.spark.internal.Logging        : Missing parents: List()
2022-06-30 11:39:43.655  INFO  915 --- [           main] ject.jetty.server.handler.ContextHandler : Started o.s.j.s.ServletContextHandler@26722665{/streaming,null,AVAILABLE,@Spark}
2022-06-30 11:39:43.660  INFO  915 --- [           main] ject.jetty.server.handler.ContextHandler : Started o.s.j.s.ServletContextHandler@627d8516{/streaming/json,null,AVAILABLE,@Spark}
2022-06-30 11:39:43.666  INFO  915 --- [           main] ject.jetty.server.handler.ContextHandler : Started o.s.j.s.ServletContextHandler@3cec79d3{/streaming/batch,null,AVAILABLE,@Spark}
2022-06-30 11:39:43.667  INFO  915 --- [           main] ject.jetty.server.handler.ContextHandler : Started o.s.j.s.ServletContextHandler@4e31c3ec{/streaming/batch/json,null,AVAILABLE,@Spark}
2022-06-30 11:39:43.673  INFO  915 --- [           main] ject.jetty.server.handler.ContextHandler : Started o.s.j.s.ServletContextHandler@72e789cb{/static/streaming,null,AVAILABLE,@Spark}
2022-06-30 11:39:43.674  INFO   57 --- [           main] org.apache.spark.internal.Logging        : StreamingContext started
2022-06-30 11:39:43.686  INFO   57 --- [uler-event-loop] org.apache.spark.internal.Logging        : Submitting ResultStage 0 (Receiver 0 ParallelCollectionRDD[0] at makeRDD at ReceiverTracker.scala:609), which has no missing parents
2022-06-30 11:39:43.922  INFO   57 --- [uler-event-loop] org.apache.spark.internal.Logging        : Block broadcast_0 stored as values in memory (estimated size 97.5 KiB, free 897.5 MiB)
2022-06-30 11:39:44.034  INFO   57 --- [uler-event-loop] org.apache.spark.internal.Logging        : Block broadcast_0_piece0 stored as bytes in memory (estimated size 34.2 KiB, free 897.5 MiB)
2022-06-30 11:39:44.038  INFO   57 --- [ckManagerMaster] org.apache.spark.internal.Logging        : Added broadcast_0_piece0 in memory on host.docker.internal:64521 (size: 34.2 KiB, free: 897.6 MiB)
2022-06-30 11:39:44.045  INFO   57 --- [uler-event-loop] org.apache.spark.internal.Logging        : Created broadcast 0 from broadcast at DAGScheduler.scala:1478
2022-06-30 11:39:44.061  INFO   57 --- [   JobGenerator] org.apache.spark.internal.Logging        : Added jobs for time 1656585584000 ms
2022-06-30 11:39:44.071  INFO   57 --- [uler-event-loop] org.apache.spark.internal.Logging        : Submitting 1 missing tasks from ResultStage 0 (Receiver 0 ParallelCollectionRDD[0] at makeRDD at ReceiverTracker.scala:609) (first 15 tasks are for partitions Vector(0))
2022-06-30 11:39:44.073  INFO   57 --- [uler-event-loop] org.apache.spark.internal.Logging        : Adding task set 0.0 with 1 tasks resource profile 0
2022-06-30 11:39:44.078  INFO   57 --- [   JobScheduler] org.apache.spark.internal.Logging        : Starting job streaming job 1656585584000 ms.0 from job set of time 1656585584000 ms
2022-06-30 11:39:44.156  WARN   69 --- [-job-executor-0] org.apache.spark.internal.Logging        : Using an existing SparkContext; some configuration may not take effect.
2022-06-30 11:39:44.250  INFO   57 --- [er-event-loop-0] org.apache.spark.internal.Logging        : Starting task 0.0 in stage 0.0 (TID 0) (host.docker.internal, executor driver, partition 0, PROCESS_LOCAL, 6218 bytes) taskResourceAssignments Map()
2022-06-30 11:39:44.308  INFO   57 --- [age 0.0 (TID 0)] org.apache.spark.internal.Logging        : Running task 0.0 in stage 0.0 (TID 0)
2022-06-30 11:39:44.714  INFO   57 --- [age 0.0 (TID 0)] org.apache.spark.internal.Logging        : Started timer for BlockGenerator at time 1656585584800
2022-06-30 11:39:44.715  INFO   57 --- [age 0.0 (TID 0)] org.apache.spark.internal.Logging        : Started BlockGenerator
2022-06-30 11:39:44.728  INFO   57 --- [er-event-loop-0] org.apache.spark.internal.Logging        : Registered receiver for stream 0 from host.docker.internal:64497
2022-06-30 11:39:44.830  INFO   57 --- [age 0.0 (TID 0)] org.apache.spark.internal.Logging        : Starting receiver 0
2022-06-30 11:39:44.835  INFO   57 --- [age 0.0 (TID 0)] org.apache.spark.internal.Logging        : Called receiver 0 onStart
2022-06-30 11:39:44.841  INFO   57 --- [age 0.0 (TID 0)] org.apache.spark.internal.Logging        : Waiting for receiver to be stopped
2022-06-30 11:39:44.834  INFO   57 --- [      Thread-14] org.apache.spark.internal.Logging        : Started block pushing thread
2022-06-30 11:39:45.006  INFO   57 --- [   JobGenerator] org.apache.spark.internal.Logging        : Added jobs for time 1656585585000 ms
2022-06-30 11:39:45.200  INFO   57 --- [-job-executor-0] org.apache.spark.internal.Logging        : Setting hive.metastore.warehouse.dir ('null') to the value of spark.sql.warehouse.dir.
2022-06-30 11:39:46.004  INFO   57 --- [   JobGenerator] org.apache.spark.internal.Logging        : Added jobs for time 1656585586000 ms
2022-06-30 11:39:46.017  INFO   57 --- [-job-executor-0] org.apache.spark.internal.Logging        : Warehouse path is 'file:/C:/IntelliJProjects/NifiSparkStreaming/spark-warehouse'.
2022-06-30 11:39:46.035  INFO  915 --- [-job-executor-0] ject.jetty.server.handler.ContextHandler : Started o.s.j.s.ServletContextHandler@1da4286c{/SQL,null,AVAILABLE,@Spark}
2022-06-30 11:39:46.036  INFO  915 --- [-job-executor-0] ject.jetty.server.handler.ContextHandler : Started o.s.j.s.ServletContextHandler@55e84265{/SQL/json,null,AVAILABLE,@Spark}
2022-06-30 11:39:46.038  INFO  915 --- [-job-executor-0] ject.jetty.server.handler.ContextHandler : Started o.s.j.s.ServletContextHandler@5dabebdf{/SQL/execution,null,AVAILABLE,@Spark}
2022-06-30 11:39:46.039  INFO  915 --- [-job-executor-0] ject.jetty.server.handler.ContextHandler : Started o.s.j.s.ServletContextHandler@4c5329f2{/SQL/execution/json,null,AVAILABLE,@Spark}
2022-06-30 11:39:46.042  INFO  915 --- [-job-executor-0] ject.jetty.server.handler.ContextHandler : Started o.s.j.s.ServletContextHandler@bca86c9{/static/sql,null,AVAILABLE,@Spark}
2022-06-30 11:39:47.009  INFO   57 --- [   JobGenerator] org.apache.spark.internal.Logging        : Added jobs for time 1656585587000 ms
2022-06-30 11:39:48.003  INFO   57 --- [   JobGenerator] org.apache.spark.internal.Logging        : Added jobs for time 1656585588000 ms
2022-06-30 11:39:48.504  INFO  571 --- [ool Maintenance] g.apache.nifi.remote.client.PeerSelector : Successfully refreshed peer status cache; remote group consists of 1 peers
2022-06-30 11:39:48.508  INFO  571 --- [  NiFi Receiver] g.apache.nifi.remote.client.PeerSelector : Successfully refreshed peer status cache; remote group consists of 1 peers
2022-06-30 11:39:48.724  INFO   57 --- [  NiFi Receiver] org.apache.spark.internal.Logging        : Block input-0-1656585584703 stored as values in memory (estimated size 503.2 KiB, free 897.0 MiB)
2022-06-30 11:39:48.725  INFO   57 --- [ckManagerMaster] org.apache.spark.internal.Logging        : Added input-0-1656585584703 in memory on host.docker.internal:64521 (size: 503.2 KiB, free: 897.1 MiB)
2022-06-30 11:39:49.009  INFO   57 --- [   JobGenerator] org.apache.spark.internal.Logging        : Added jobs for time 1656585589000 ms
2022-06-30 11:39:50.002  INFO   57 --- [   JobGenerator] org.apache.spark.internal.Logging        : Added jobs for time 1656585590000 ms
2022-06-30 11:39:51.003  INFO   57 --- [   JobGenerator] org.apache.spark.internal.Logging        : Added jobs for time 1656585591000 ms
2022-06-30 11:39:51.870  INFO   57 --- [-job-executor-0] org.apache.spark.internal.Logging        : Code generated in 375.026 ms
2022-06-30 11:39:51.907  INFO   57 --- [   JobScheduler] org.apache.spark.internal.Logging        : Finished job streaming job 1656585584000 ms.0 from job set of time 1656585584000 ms
2022-06-30 11:39:51.907  INFO   57 --- [   JobScheduler] org.apache.spark.internal.Logging        : Starting job streaming job 1656585584000 ms.1 from job set of time 1656585584000 ms
2022-06-30 11:39:51.910  INFO   57 --- [   JobScheduler] org.apache.spark.internal.Logging        : Finished job streaming job 1656585584000 ms.1 from job set of time 1656585584000 ms
2022-06-30 11:39:51.917  INFO   57 --- [   JobScheduler] org.apache.spark.internal.Logging        : Total delay: 7.909 s for time 1656585584000 ms (execution: 7.839 s)
2022-06-30 11:39:51.917  INFO   57 --- [   JobScheduler] org.apache.spark.internal.Logging        : Starting job streaming job 1656585585000 ms.0 from job set of time 1656585585000 ms
2022-06-30 11:39:51.914  WARN   69 --- [-job-executor-0] org.apache.spark.internal.Logging        : Using an existing SparkSession; the static sql configurations will not take effect.
2022-06-30 11:39:51.923  WARN   69 --- [-job-executor-0] org.apache.spark.internal.Logging        : Using an existing SparkSession; some spark core configurations may not take effect.
2022-06-30 11:39:51.935  INFO   57 --- [   JobGenerator] org.apache.spark.internal.Logging        : Deleting batches: 
2022-06-30 11:39:51.939  INFO   57 --- [   JobGenerator] org.apache.spark.internal.Logging        : remove old batch metadata: 
2022-06-30 11:39:52.013  INFO   57 --- [   JobGenerator] org.apache.spark.internal.Logging        : Added jobs for time 1656585592000 ms
2022-06-30 11:39:52.071  INFO   57 --- [   JobScheduler] org.apache.spark.internal.Logging        : Finished job streaming job 1656585585000 ms.0 from job set of time 1656585585000 ms
2022-06-30 11:39:52.072  INFO   57 --- [   JobScheduler] org.apache.spark.internal.Logging        : Starting job streaming job 1656585585000 ms.1 from job set of time 1656585585000 ms
2022-06-30 11:39:52.074  INFO   57 --- [   JobScheduler] org.apache.spark.internal.Logging        : Finished job streaming job 1656585585000 ms.1 from job set of time 1656585585000 ms
2022-06-30 11:39:52.075  INFO   57 --- [   JobScheduler] org.apache.spark.internal.Logging        : Total delay: 7.074 s for time 1656585585000 ms (execution: 0.157 s)
2022-06-30 11:39:52.078  INFO   57 --- [   JobGenerator] org.apache.spark.internal.Logging        : Removing RDD 2 from persistence list
2022-06-30 11:39:52.091  INFO   57 --- [   JobScheduler] org.apache.spark.internal.Logging        : Starting job streaming job 1656585586000 ms.0 from job set of time 1656585586000 ms
2022-06-30 11:39:52.100  WARN   69 --- [-job-executor-0] org.apache.spark.internal.Logging        : Using an existing SparkSession; the static sql configurations will not take effect.
2022-06-30 11:39:52.101  WARN   69 --- [-job-executor-0] org.apache.spark.internal.Logging        : Using an existing SparkSession; some spark core configurations may not take effect.
2022-06-30 11:39:52.120  INFO   57 --- [   JobGenerator] org.apache.spark.internal.Logging        : Removing RDD 1 from persistence list
2022-06-30 11:39:52.125  INFO   57 --- [   JobGenerator] org.apache.spark.internal.Logging        : Removing blocks of RDD BlockRDD[1] at receiverStream at Application.java:115 of time 1656585585000 ms
2022-06-30 11:39:52.131  INFO   57 --- [   JobGenerator] org.apache.spark.internal.Logging        : Deleting batches: 
2022-06-30 11:39:52.131  INFO   57 --- [   JobGenerator] org.apache.spark.internal.Logging        : remove old batch metadata: 
2022-06-30 11:39:52.131  INFO   57 --- [c-thread-pool-0] org.apache.spark.internal.Logging        : Removing RDD 2
2022-06-30 11:39:52.147  INFO   57 --- [c-thread-pool-1] org.apache.spark.internal.Logging        : Removing RDD 1
2022-06-30 11:39:52.245  INFO   57 --- [   JobScheduler] org.apache.spark.internal.Logging        : Finished job streaming job 1656585586000 ms.0 from job set of time 1656585586000 ms
2022-06-30 11:39:52.246  INFO   57 --- [   JobScheduler] org.apache.spark.internal.Logging        : Starting job streaming job 1656585586000 ms.1 from job set of time 1656585586000 ms
2022-06-30 11:39:52.248  INFO   57 --- [   JobScheduler] org.apache.spark.internal.Logging        : Finished job streaming job 1656585586000 ms.1 from job set of time 1656585586000 ms
2022-06-30 11:39:52.249  INFO   57 --- [   JobScheduler] org.apache.spark.internal.Logging        : Total delay: 6.248 s for time 1656585586000 ms (execution: 0.157 s)
2022-06-30 11:39:52.251  INFO   57 --- [   JobGenerator] org.apache.spark.internal.Logging        : Removing RDD 6 from persistence list
2022-06-30 11:39:52.252  INFO   57 --- [   JobScheduler] org.apache.spark.internal.Logging        : Starting job streaming job 1656585587000 ms.0 from job set of time 1656585587000 ms
2022-06-30 11:39:52.253  INFO   57 --- [   JobGenerator] org.apache.spark.internal.Logging        : Removing RDD 5 from persistence list
2022-06-30 11:39:52.255  INFO   57 --- [   JobGenerator] org.apache.spark.internal.Logging        : Removing blocks of RDD BlockRDD[5] at receiverStream at Application.java:115 of time 1656585586000 ms
2022-06-30 11:39:52.258  INFO   57 --- [   JobGenerator] org.apache.spark.internal.Logging        : Deleting batches: 1656585584000 ms
2022-06-30 11:39:52.258  INFO   57 --- [   JobGenerator] org.apache.spark.internal.Logging        : remove old batch metadata: 1656585584000 ms
2022-06-30 11:39:52.263  WARN   69 --- [-job-executor-0] org.apache.spark.internal.Logging        : Using an existing SparkSession; the static sql configurations will not take effect.
2022-06-30 11:39:52.263  WARN   69 --- [-job-executor-0] org.apache.spark.internal.Logging        : Using an existing SparkSession; some spark core configurations may not take effect.
2022-06-30 11:39:52.416  INFO   57 --- [c-thread-pool-6] org.apache.spark.internal.Logging        : Removing RDD 6
2022-06-30 11:39:52.419  INFO   57 --- [c-thread-pool-7] org.apache.spark.internal.Logging        : Removing RDD 5
2022-06-30 11:39:52.442  INFO   57 --- [   JobScheduler] org.apache.spark.internal.Logging        : Finished job streaming job 1656585587000 ms.0 from job set of time 1656585587000 ms
2022-06-30 11:39:52.442  INFO   57 --- [   JobScheduler] org.apache.spark.internal.Logging        : Starting job streaming job 1656585587000 ms.1 from job set of time 1656585587000 ms
2022-06-30 11:39:52.443  INFO   57 --- [   JobScheduler] org.apache.spark.internal.Logging        : Finished job streaming job 1656585587000 ms.1 from job set of time 1656585587000 ms
2022-06-30 11:39:52.443  INFO   57 --- [   JobScheduler] org.apache.spark.internal.Logging        : Total delay: 5.442 s for time 1656585587000 ms (execution: 0.191 s)
2022-06-30 11:39:52.443  INFO   57 --- [   JobScheduler] org.apache.spark.internal.Logging        : Starting job streaming job 1656585588000 ms.0 from job set of time 1656585588000 ms
2022-06-30 11:39:52.444  WARN   69 --- [-job-executor-0] org.apache.spark.internal.Logging        : Using an existing SparkSession; the static sql configurations will not take effect.
2022-06-30 11:39:52.445  WARN   69 --- [-job-executor-0] org.apache.spark.internal.Logging        : Using an existing SparkSession; some spark core configurations may not take effect.
2022-06-30 11:39:52.446  INFO   57 --- [   JobGenerator] org.apache.spark.internal.Logging        : Removing RDD 8 from persistence list
2022-06-30 11:39:52.455  INFO   57 --- [   JobGenerator] org.apache.spark.internal.Logging        : Removing RDD 7 from persistence list
2022-06-30 11:39:52.461  INFO   57 --- [   JobGenerator] org.apache.spark.internal.Logging        : Removing blocks of RDD BlockRDD[7] at receiverStream at Application.java:115 of time 1656585587000 ms
2022-06-30 11:39:52.462  INFO   57 --- [   JobGenerator] org.apache.spark.internal.Logging        : Deleting batches: 1656585585000 ms
2022-06-30 11:39:52.462  INFO   57 --- [   JobGenerator] org.apache.spark.internal.Logging        : remove old batch metadata: 1656585585000 ms
2022-06-30 11:39:52.465  INFO   57 --- [-thread-pool-12] org.apache.spark.internal.Logging        : Removing RDD 8
2022-06-30 11:39:52.467  INFO   57 --- [-thread-pool-13] org.apache.spark.internal.Logging        : Removing RDD 7
2022-06-30 11:39:52.514  INFO   57 --- [   JobScheduler] org.apache.spark.internal.Logging        : Finished job streaming job 1656585588000 ms.0 from job set of time 1656585588000 ms
2022-06-30 11:39:52.515  INFO   57 --- [   JobScheduler] org.apache.spark.internal.Logging        : Starting job streaming job 1656585588000 ms.1 from job set of time 1656585588000 ms
2022-06-30 11:39:52.515  INFO   57 --- [   JobScheduler] org.apache.spark.internal.Logging        : Finished job streaming job 1656585588000 ms.1 from job set of time 1656585588000 ms
2022-06-30 11:39:52.516  INFO   57 --- [   JobScheduler] org.apache.spark.internal.Logging        : Total delay: 4.515 s for time 1656585588000 ms (execution: 0.072 s)
2022-06-30 11:39:52.516  INFO   57 --- [   JobScheduler] org.apache.spark.internal.Logging        : Starting job streaming job 1656585589000 ms.0 from job set of time 1656585589000 ms
2022-06-30 11:39:52.518  INFO   57 --- [   JobGenerator] org.apache.spark.internal.Logging        : Removing RDD 10 from persistence list
2022-06-30 11:39:52.520  INFO   57 --- [   JobGenerator] org.apache.spark.internal.Logging        : Removing RDD 9 from persistence list
2022-06-30 11:39:52.522  WARN   69 --- [-job-executor-0] org.apache.spark.internal.Logging        : Using an existing SparkSession; the static sql configurations will not take effect.
2022-06-30 11:39:52.523  WARN   69 --- [-job-executor-0] org.apache.spark.internal.Logging        : Using an existing SparkSession; some spark core configurations may not take effect.
2022-06-30 11:39:52.527  INFO   57 --- [   JobGenerator] org.apache.spark.internal.Logging        : Removing blocks of RDD BlockRDD[9] at receiverStream at Application.java:115 of time 1656585588000 ms
2022-06-30 11:39:52.529  INFO   57 --- [   JobGenerator] org.apache.spark.internal.Logging        : Deleting batches: 1656585586000 ms
2022-06-30 11:39:52.530  INFO   57 --- [   JobGenerator] org.apache.spark.internal.Logging        : remove old batch metadata: 1656585586000 ms
2022-06-30 11:39:52.531  INFO   57 --- [-thread-pool-18] org.apache.spark.internal.Logging        : Removing RDD 10
2022-06-30 11:39:52.532  INFO   57 --- [-thread-pool-19] org.apache.spark.internal.Logging        : Removing RDD 9
2022-06-30 11:39:52.596  INFO   57 --- [-job-executor-0] org.apache.spark.internal.Logging        : Starting job: show at Application.java:132
2022-06-30 11:39:52.601  INFO   57 --- [uler-event-loop] org.apache.spark.internal.Logging        : Got job 1 (show at Application.java:132) with 1 output partitions
2022-06-30 11:39:52.601  INFO   57 --- [uler-event-loop] org.apache.spark.internal.Logging        : Final stage: ResultStage 1 (show at Application.java:132)
2022-06-30 11:39:52.601  INFO   57 --- [uler-event-loop] org.apache.spark.internal.Logging        : Parents of final stage: List()
2022-06-30 11:39:52.602  INFO   57 --- [uler-event-loop] org.apache.spark.internal.Logging        : Missing parents: List()
2022-06-30 11:39:52.603  INFO   57 --- [uler-event-loop] org.apache.spark.internal.Logging        : Submitting ResultStage 1 (MapPartitionsRDD[42] at show at Application.java:132), which has no missing parents
2022-06-30 11:39:52.653  INFO   57 --- [uler-event-loop] org.apache.spark.internal.Logging        : Block broadcast_1 stored as values in memory (estimated size 19.0 KiB, free 897.0 MiB)
2022-06-30 11:39:52.673  INFO   57 --- [uler-event-loop] org.apache.spark.internal.Logging        : Block broadcast_1_piece0 stored as bytes in memory (estimated size 7.3 KiB, free 897.0 MiB)
2022-06-30 11:39:52.675  INFO   57 --- [ckManagerMaster] org.apache.spark.internal.Logging        : Added broadcast_1_piece0 in memory on host.docker.internal:64521 (size: 7.3 KiB, free: 897.1 MiB)
2022-06-30 11:39:52.679  INFO   57 --- [uler-event-loop] org.apache.spark.internal.Logging        : Created broadcast 1 from broadcast at DAGScheduler.scala:1478
2022-06-30 11:39:52.689  INFO   57 --- [uler-event-loop] org.apache.spark.internal.Logging        : Submitting 1 missing tasks from ResultStage 1 (MapPartitionsRDD[42] at show at Application.java:132) (first 15 tasks are for partitions Vector(0))
2022-06-30 11:39:52.690  INFO   57 --- [uler-event-loop] org.apache.spark.internal.Logging        : Adding task set 1.0 with 1 tasks resource profile 0
2022-06-30 11:39:52.718  INFO   57 --- [er-event-loop-2] org.apache.spark.internal.Logging        : Starting task 0.0 in stage 1.0 (TID 1) (host.docker.internal, executor driver, partition 0, PROCESS_LOCAL, 4394 bytes) taskResourceAssignments Map()
2022-06-30 11:39:52.756  INFO   57 --- [age 1.0 (TID 1)] org.apache.spark.internal.Logging        : Running task 0.0 in stage 1.0 (TID 1)
2022-06-30 11:39:53.010  INFO   57 --- [   JobGenerator] org.apache.spark.internal.Logging        : Added jobs for time 1656585593000 ms
2022-06-30 11:39:53.022  INFO   57 --- [age 1.0 (TID 1)] org.apache.spark.internal.Logging        : Found block input-0-1656585584703 locally
2022-06-30 11:39:53.210  ERROR   94 --- [age 1.0 (TID 1)] org.apache.spark.internal.Logging        : Exception in task 0.0 in stage 1.0 (TID 1)
java.lang.IllegalArgumentException: The value (com.elite.cdr.validator.Asn1Classes.Cdr@1739cfa6) of the type (com.elite.cdr.validator.Asn1Classes.Cdr) cannot be converted to struct<answerTime:string,callType:string,calledNumber:string,callingNumber:string,imei:string,imsi:string,location:string,mscIncoming:string,mscOutgoing:string,msisdn:string>
	at org.apache.spark.sql.catalyst.CatalystTypeConverters$StructConverter.toCatalystImpl(CatalystTypeConverters.scala:274)
	at org.apache.spark.sql.catalyst.CatalystTypeConverters$StructConverter.toCatalystImpl(CatalystTypeConverters.scala:248)
	at org.apache.spark.sql.catalyst.CatalystTypeConverters$CatalystTypeConverter.toCatalyst(CatalystTypeConverters.scala:113)
	at org.apache.spark.sql.catalyst.CatalystTypeConverters$ArrayConverter.toCatalystImpl(CatalystTypeConverters.scala:180)
	at org.apache.spark.sql.catalyst.CatalystTypeConverters$ArrayConverter.toCatalystImpl(CatalystTypeConverters.scala:164)
	at org.apache.spark.sql.catalyst.CatalystTypeConverters$CatalystTypeConverter.toCatalyst(CatalystTypeConverters.scala:113)
	at org.apache.spark.sql.catalyst.CatalystTypeConverters$.$anonfun$createToCatalystConverter$2(CatalystTypeConverters.scala:485)
	at org.apache.spark.sql.SQLContext$.$anonfun$beansToRows$3(SQLContext.scala:1071)
	at scala.collection.TraversableLike.$anonfun$map$1(TraversableLike.scala:286)
	at scala.collection.IndexedSeqOptimized.foreach(IndexedSeqOptimized.scala:36)
	at scala.collection.IndexedSeqOptimized.foreach$(IndexedSeqOptimized.scala:33)
	at scala.collection.mutable.ArrayOps$ofRef.foreach(ArrayOps.scala:198)
	at scala.collection.TraversableLike.map(TraversableLike.scala:286)
	at scala.collection.TraversableLike.map$(TraversableLike.scala:279)
	at scala.collection.mutable.ArrayOps$ofRef.map(ArrayOps.scala:198)
	at org.apache.spark.sql.SQLContext$.$anonfun$beansToRows$2(SQLContext.scala:1070)
	at scala.collection.Iterator$$anon$10.next(Iterator.scala:461)
	at org.apache.spark.sql.catalyst.expressions.GeneratedClass$GeneratedIteratorForCodegenStage1.processNext(Unknown Source)
	at org.apache.spark.sql.execution.BufferedRowIterator.hasNext(BufferedRowIterator.java:43)
	at org.apache.spark.sql.execution.WholeStageCodegenExec$$anon$1.hasNext(WholeStageCodegenExec.scala:759)
	at org.apache.spark.sql.execution.SparkPlan.$anonfun$getByteArrayRdd$1(SparkPlan.scala:349)
	at org.apache.spark.rdd.RDD.$anonfun$mapPartitionsInternal$2(RDD.scala:898)
	at org.apache.spark.rdd.RDD.$anonfun$mapPartitionsInternal$2$adapted(RDD.scala:898)
	at org.apache.spark.rdd.MapPartitionsRDD.compute(MapPartitionsRDD.scala:52)
	at org.apache.spark.rdd.RDD.computeOrReadCheckpoint(RDD.scala:373)
	at org.apache.spark.rdd.RDD.iterator(RDD.scala:337)
	at org.apache.spark.scheduler.ResultTask.runTask(ResultTask.scala:90)
	at org.apache.spark.scheduler.Task.run(Task.scala:131)
	at org.apache.spark.executor.Executor$TaskRunner.$anonfun$run$3(Executor.scala:506)
	at org.apache.spark.util.Utils$.tryWithSafeFinally(Utils.scala:1462)
	at org.apache.spark.executor.Executor$TaskRunner.run(Executor.scala:509)
	at java.util.concurrent.ThreadPoolExecutor.runWorker(ThreadPoolExecutor.java:1149)
	at java.util.concurrent.ThreadPoolExecutor$Worker.run(ThreadPoolExecutor.java:624)
	at java.lang.Thread.run(Thread.java:748)
2022-06-30 11:39:53.267  WARN   69 --- [result-getter-0] org.apache.spark.internal.Logging        : Lost task 0.0 in stage 1.0 (TID 1) (host.docker.internal executor driver): java.lang.IllegalArgumentException: The value (com.elite.cdr.validator.Asn1Classes.Cdr@1739cfa6) of the type (com.elite.cdr.validator.Asn1Classes.Cdr) cannot be converted to struct<answerTime:string,callType:string,calledNumber:string,callingNumber:string,imei:string,imsi:string,location:string,mscIncoming:string,mscOutgoing:string,msisdn:string>
	at org.apache.spark.sql.catalyst.CatalystTypeConverters$StructConverter.toCatalystImpl(CatalystTypeConverters.scala:274)
	at org.apache.spark.sql.catalyst.CatalystTypeConverters$StructConverter.toCatalystImpl(CatalystTypeConverters.scala:248)
	at org.apache.spark.sql.catalyst.CatalystTypeConverters$CatalystTypeConverter.toCatalyst(CatalystTypeConverters.scala:113)
	at org.apache.spark.sql.catalyst.CatalystTypeConverters$ArrayConverter.toCatalystImpl(CatalystTypeConverters.scala:180)
	at org.apache.spark.sql.catalyst.CatalystTypeConverters$ArrayConverter.toCatalystImpl(CatalystTypeConverters.scala:164)
	at org.apache.spark.sql.catalyst.CatalystTypeConverters$CatalystTypeConverter.toCatalyst(CatalystTypeConverters.scala:113)
	at org.apache.spark.sql.catalyst.CatalystTypeConverters$.$anonfun$createToCatalystConverter$2(CatalystTypeConverters.scala:485)
	at org.apache.spark.sql.SQLContext$.$anonfun$beansToRows$3(SQLContext.scala:1071)
	at scala.collection.TraversableLike.$anonfun$map$1(TraversableLike.scala:286)
	at scala.collection.IndexedSeqOptimized.foreach(IndexedSeqOptimized.scala:36)
	at scala.collection.IndexedSeqOptimized.foreach$(IndexedSeqOptimized.scala:33)
	at scala.collection.mutable.ArrayOps$ofRef.foreach(ArrayOps.scala:198)
	at scala.collection.TraversableLike.map(TraversableLike.scala:286)
	at scala.collection.TraversableLike.map$(TraversableLike.scala:279)
	at scala.collection.mutable.ArrayOps$ofRef.map(ArrayOps.scala:198)
	at org.apache.spark.sql.SQLContext$.$anonfun$beansToRows$2(SQLContext.scala:1070)
	at scala.collection.Iterator$$anon$10.next(Iterator.scala:461)
	at org.apache.spark.sql.catalyst.expressions.GeneratedClass$GeneratedIteratorForCodegenStage1.processNext(Unknown Source)
	at org.apache.spark.sql.execution.BufferedRowIterator.hasNext(BufferedRowIterator.java:43)
	at org.apache.spark.sql.execution.WholeStageCodegenExec$$anon$1.hasNext(WholeStageCodegenExec.scala:759)
	at org.apache.spark.sql.execution.SparkPlan.$anonfun$getByteArrayRdd$1(SparkPlan.scala:349)
	at org.apache.spark.rdd.RDD.$anonfun$mapPartitionsInternal$2(RDD.scala:898)
	at org.apache.spark.rdd.RDD.$anonfun$mapPartitionsInternal$2$adapted(RDD.scala:898)
	at org.apache.spark.rdd.MapPartitionsRDD.compute(MapPartitionsRDD.scala:52)
	at org.apache.spark.rdd.RDD.computeOrReadCheckpoint(RDD.scala:373)
	at org.apache.spark.rdd.RDD.iterator(RDD.scala:337)
	at org.apache.spark.scheduler.ResultTask.runTask(ResultTask.scala:90)
	at org.apache.spark.scheduler.Task.run(Task.scala:131)
	at org.apache.spark.executor.Executor$TaskRunner.$anonfun$run$3(Executor.scala:506)
	at org.apache.spark.util.Utils$.tryWithSafeFinally(Utils.scala:1462)
	at org.apache.spark.executor.Executor$TaskRunner.run(Executor.scala:509)
	at java.util.concurrent.ThreadPoolExecutor.runWorker(ThreadPoolExecutor.java:1149)
	at java.util.concurrent.ThreadPoolExecutor$Worker.run(ThreadPoolExecutor.java:624)
	at java.lang.Thread.run(Thread.java:748)

2022-06-30 11:39:53.272  ERROR   73 --- [result-getter-0] org.apache.spark.internal.Logging        : Task 0 in stage 1.0 failed 1 times; aborting job
2022-06-30 11:39:53.275  INFO   57 --- [result-getter-0] org.apache.spark.internal.Logging        : Removed TaskSet 1.0, whose tasks have all completed, from pool 
2022-06-30 11:39:53.288  INFO   57 --- [uler-event-loop] org.apache.spark.internal.Logging        : Cancelling stage 1
2022-06-30 11:39:53.290  INFO   57 --- [uler-event-loop] org.apache.spark.internal.Logging        : Killing all running tasks in stage 1: Stage cancelled
2022-06-30 11:39:53.296  INFO   57 --- [uler-event-loop] org.apache.spark.internal.Logging        : ResultStage 1 (show at Application.java:132) failed in 0.676 s due to Job aborted due to stage failure: Task 0 in stage 1.0 failed 1 times, most recent failure: Lost task 0.0 in stage 1.0 (TID 1) (host.docker.internal executor driver): java.lang.IllegalArgumentException: The value (com.elite.cdr.validator.Asn1Classes.Cdr@1739cfa6) of the type (com.elite.cdr.validator.Asn1Classes.Cdr) cannot be converted to struct<answerTime:string,callType:string,calledNumber:string,callingNumber:string,imei:string,imsi:string,location:string,mscIncoming:string,mscOutgoing:string,msisdn:string>
	at org.apache.spark.sql.catalyst.CatalystTypeConverters$StructConverter.toCatalystImpl(CatalystTypeConverters.scala:274)
	at org.apache.spark.sql.catalyst.CatalystTypeConverters$StructConverter.toCatalystImpl(CatalystTypeConverters.scala:248)
	at org.apache.spark.sql.catalyst.CatalystTypeConverters$CatalystTypeConverter.toCatalyst(CatalystTypeConverters.scala:113)
	at org.apache.spark.sql.catalyst.CatalystTypeConverters$ArrayConverter.toCatalystImpl(CatalystTypeConverters.scala:180)
	at org.apache.spark.sql.catalyst.CatalystTypeConverters$ArrayConverter.toCatalystImpl(CatalystTypeConverters.scala:164)
	at org.apache.spark.sql.catalyst.CatalystTypeConverters$CatalystTypeConverter.toCatalyst(CatalystTypeConverters.scala:113)
	at org.apache.spark.sql.catalyst.CatalystTypeConverters$.$anonfun$createToCatalystConverter$2(CatalystTypeConverters.scala:485)
	at org.apache.spark.sql.SQLContext$.$anonfun$beansToRows$3(SQLContext.scala:1071)
	at scala.collection.TraversableLike.$anonfun$map$1(TraversableLike.scala:286)
	at scala.collection.IndexedSeqOptimized.foreach(IndexedSeqOptimized.scala:36)
	at scala.collection.IndexedSeqOptimized.foreach$(IndexedSeqOptimized.scala:33)
	at scala.collection.mutable.ArrayOps$ofRef.foreach(ArrayOps.scala:198)
	at scala.collection.TraversableLike.map(TraversableLike.scala:286)
	at scala.collection.TraversableLike.map$(TraversableLike.scala:279)
	at scala.collection.mutable.ArrayOps$ofRef.map(ArrayOps.scala:198)
	at org.apache.spark.sql.SQLContext$.$anonfun$beansToRows$2(SQLContext.scala:1070)
	at scala.collection.Iterator$$anon$10.next(Iterator.scala:461)
	at org.apache.spark.sql.catalyst.expressions.GeneratedClass$GeneratedIteratorForCodegenStage1.processNext(Unknown Source)
	at org.apache.spark.sql.execution.BufferedRowIterator.hasNext(BufferedRowIterator.java:43)
	at org.apache.spark.sql.execution.WholeStageCodegenExec$$anon$1.hasNext(WholeStageCodegenExec.scala:759)
	at org.apache.spark.sql.execution.SparkPlan.$anonfun$getByteArrayRdd$1(SparkPlan.scala:349)
	at org.apache.spark.rdd.RDD.$anonfun$mapPartitionsInternal$2(RDD.scala:898)
	at org.apache.spark.rdd.RDD.$anonfun$mapPartitionsInternal$2$adapted(RDD.scala:898)
	at org.apache.spark.rdd.MapPartitionsRDD.compute(MapPartitionsRDD.scala:52)
	at org.apache.spark.rdd.RDD.computeOrReadCheckpoint(RDD.scala:373)
	at org.apache.spark.rdd.RDD.iterator(RDD.scala:337)
	at org.apache.spark.scheduler.ResultTask.runTask(ResultTask.scala:90)
	at org.apache.spark.scheduler.Task.run(Task.scala:131)
	at org.apache.spark.executor.Executor$TaskRunner.$anonfun$run$3(Executor.scala:506)
	at org.apache.spark.util.Utils$.tryWithSafeFinally(Utils.scala:1462)
	at org.apache.spark.executor.Executor$TaskRunner.run(Executor.scala:509)
	at java.util.concurrent.ThreadPoolExecutor.runWorker(ThreadPoolExecutor.java:1149)
	at java.util.concurrent.ThreadPoolExecutor$Worker.run(ThreadPoolExecutor.java:624)
	at java.lang.Thread.run(Thread.java:748)

Driver stacktrace:
2022-06-30 11:39:53.304  INFO   57 --- [-job-executor-0] org.apache.spark.internal.Logging        : Job 1 failed: show at Application.java:132, took 0.707036 s
2022-06-30 11:39:53.323  INFO   57 --- [   JobScheduler] org.apache.spark.internal.Logging        : Finished job streaming job 1656585589000 ms.0 from job set of time 1656585589000 ms
2022-06-30 11:39:53.327  INFO   57 --- [-job-executor-0] org.apache.spark.internal.Logging        : Starting job: print at Application.java:216
2022-06-30 11:39:53.328  INFO   57 --- [   JobScheduler] org.apache.spark.internal.Logging        : Starting job streaming job 1656585589000 ms.1 from job set of time 1656585589000 ms
2022-06-30 11:39:53.329  INFO   57 --- [uler-event-loop] org.apache.spark.internal.Logging        : Got job 2 (print at Application.java:216) with 1 output partitions
2022-06-30 11:39:53.329  INFO   57 --- [uler-event-loop] org.apache.spark.internal.Logging        : Final stage: ResultStage 2 (print at Application.java:216)
2022-06-30 11:39:53.329  INFO   57 --- [uler-event-loop] org.apache.spark.internal.Logging        : Parents of final stage: List()
2022-06-30 11:39:53.329  ERROR   94 --- [   JobScheduler] org.apache.spark.internal.Logging        : Error running job streaming job 1656585589000 ms.0
org.apache.spark.SparkException: Job aborted due to stage failure: Task 0 in stage 1.0 failed 1 times, most recent failure: Lost task 0.0 in stage 1.0 (TID 1) (host.docker.internal executor driver): java.lang.IllegalArgumentException: The value (com.elite.cdr.validator.Asn1Classes.Cdr@1739cfa6) of the type (com.elite.cdr.validator.Asn1Classes.Cdr) cannot be converted to struct<answerTime:string,callType:string,calledNumber:string,callingNumber:string,imei:string,imsi:string,location:string,mscIncoming:string,mscOutgoing:string,msisdn:string>
	at org.apache.spark.sql.catalyst.CatalystTypeConverters$StructConverter.toCatalystImpl(CatalystTypeConverters.scala:274)
	at org.apache.spark.sql.catalyst.CatalystTypeConverters$StructConverter.toCatalystImpl(CatalystTypeConverters.scala:248)
	at org.apache.spark.sql.catalyst.CatalystTypeConverters$CatalystTypeConverter.toCatalyst(CatalystTypeConverters.scala:113)
	at org.apache.spark.sql.catalyst.CatalystTypeConverters$ArrayConverter.toCatalystImpl(CatalystTypeConverters.scala:180)
	at org.apache.spark.sql.catalyst.CatalystTypeConverters$ArrayConverter.toCatalystImpl(CatalystTypeConverters.scala:164)
	at org.apache.spark.sql.catalyst.CatalystTypeConverters$CatalystTypeConverter.toCatalyst(CatalystTypeConverters.scala:113)
	at org.apache.spark.sql.catalyst.CatalystTypeConverters$.$anonfun$createToCatalystConverter$2(CatalystTypeConverters.scala:485)
	at org.apache.spark.sql.SQLContext$.$anonfun$beansToRows$3(SQLContext.scala:1071)
	at scala.collection.TraversableLike.$anonfun$map$1(TraversableLike.scala:286)
	at scala.collection.IndexedSeqOptimized.foreach(IndexedSeqOptimized.scala:36)
	at scala.collection.IndexedSeqOptimized.foreach$(IndexedSeqOptimized.scala:33)
	at scala.collection.mutable.ArrayOps$ofRef.foreach(ArrayOps.scala:198)
	at scala.collection.TraversableLike.map(TraversableLike.scala:286)
	at scala.collection.TraversableLike.map$(TraversableLike.scala:279)
	at scala.collection.mutable.ArrayOps$ofRef.map(ArrayOps.scala:198)
	at org.apache.spark.sql.SQLContext$.$anonfun$beansToRows$2(SQLContext.scala:1070)
	at scala.collection.Iterator$$anon$10.next(Iterator.scala:461)
	at org.apache.spark.sql.catalyst.expressions.GeneratedClass$GeneratedIteratorForCodegenStage1.processNext(Unknown Source)
	at org.apache.spark.sql.execution.BufferedRowIterator.hasNext(BufferedRowIterator.java:43)
	at org.apache.spark.sql.execution.WholeStageCodegenExec$$anon$1.hasNext(WholeStageCodegenExec.scala:759)
	at org.apache.spark.sql.execution.SparkPlan.$anonfun$getByteArrayRdd$1(SparkPlan.scala:349)
	at org.apache.spark.rdd.RDD.$anonfun$mapPartitionsInternal$2(RDD.scala:898)
	at org.apache.spark.rdd.RDD.$anonfun$mapPartitionsInternal$2$adapted(RDD.scala:898)
	at org.apache.spark.rdd.MapPartitionsRDD.compute(MapPartitionsRDD.scala:52)
	at org.apache.spark.rdd.RDD.computeOrReadCheckpoint(RDD.scala:373)
	at org.apache.spark.rdd.RDD.iterator(RDD.scala:337)
	at org.apache.spark.scheduler.ResultTask.runTask(ResultTask.scala:90)
	at org.apache.spark.scheduler.Task.run(Task.scala:131)
	at org.apache.spark.executor.Executor$TaskRunner.$anonfun$run$3(Executor.scala:506)
	at org.apache.spark.util.Utils$.tryWithSafeFinally(Utils.scala:1462)
	at org.apache.spark.executor.Executor$TaskRunner.run(Executor.scala:509)
	at java.util.concurrent.ThreadPoolExecutor.runWorker(ThreadPoolExecutor.java:1149)
	at java.util.concurrent.ThreadPoolExecutor$Worker.run(ThreadPoolExecutor.java:624)
	at java.lang.Thread.run(Thread.java:748)

Driver stacktrace:
	at org.apache.spark.scheduler.DAGScheduler.failJobAndIndependentStages(DAGScheduler.scala:2454)
	at org.apache.spark.scheduler.DAGScheduler.$anonfun$abortStage$2(DAGScheduler.scala:2403)
	at org.apache.spark.scheduler.DAGScheduler.$anonfun$abortStage$2$adapted(DAGScheduler.scala:2402)
	at scala.collection.mutable.ResizableArray.foreach(ResizableArray.scala:62)
	at scala.collection.mutable.ResizableArray.foreach$(ResizableArray.scala:55)
	at scala.collection.mutable.ArrayBuffer.foreach(ArrayBuffer.scala:49)
	at org.apache.spark.scheduler.DAGScheduler.abortStage(DAGScheduler.scala:2402)
	at org.apache.spark.scheduler.DAGScheduler.$anonfun$handleTaskSetFailed$1(DAGScheduler.scala:1160)
	at org.apache.spark.scheduler.DAGScheduler.$anonfun$handleTaskSetFailed$1$adapted(DAGScheduler.scala:1160)
	at scala.Option.foreach(Option.scala:407)
	at org.apache.spark.scheduler.DAGScheduler.handleTaskSetFailed(DAGScheduler.scala:1160)
	at org.apache.spark.scheduler.DAGSchedulerEventProcessLoop.doOnReceive(DAGScheduler.scala:2642)
	at org.apache.spark.scheduler.DAGSchedulerEventProcessLoop.onReceive(DAGScheduler.scala:2584)
	at org.apache.spark.scheduler.DAGSchedulerEventProcessLoop.onReceive(DAGScheduler.scala:2573)
	at org.apache.spark.util.EventLoop$$anon$1.run(EventLoop.scala:49)
	at org.apache.spark.scheduler.DAGScheduler.runJob(DAGScheduler.scala:938)
	at org.apache.spark.SparkContext.runJob(SparkContext.scala:2214)
	at org.apache.spark.SparkContext.runJob(SparkContext.scala:2235)
	at org.apache.spark.SparkContext.runJob(SparkContext.scala:2254)
	at org.apache.spark.sql.execution.SparkPlan.executeTake(SparkPlan.scala:476)
	at org.apache.spark.sql.execution.SparkPlan.executeTake(SparkPlan.scala:429)
	at org.apache.spark.sql.execution.CollectLimitExec.executeCollect(limit.scala:48)
	at org.apache.spark.sql.Dataset.collectFromPlan(Dataset.scala:3715)
	at org.apache.spark.sql.Dataset.$anonfun$head$1(Dataset.scala:2728)
	at org.apache.spark.sql.Dataset.$anonfun$withAction$1(Dataset.scala:3706)
	at org.apache.spark.sql.execution.SQLExecution$.$anonfun$withNewExecutionId$5(SQLExecution.scala:103)
	at org.apache.spark.sql.execution.SQLExecution$.withSQLConfPropagated(SQLExecution.scala:163)
	at org.apache.spark.sql.execution.SQLExecution$.$anonfun$withNewExecutionId$1(SQLExecution.scala:90)
	at org.apache.spark.sql.SparkSession.withActive(SparkSession.scala:775)
	at org.apache.spark.sql.execution.SQLExecution$.withNewExecutionId(SQLExecution.scala:64)
	at org.apache.spark.sql.Dataset.withAction(Dataset.scala:3704)
	at org.apache.spark.sql.Dataset.head(Dataset.scala:2728)
	at org.apache.spark.sql.Dataset.take(Dataset.scala:2935)
	at org.apache.spark.sql.Dataset.getRows(Dataset.scala:287)
	at org.apache.spark.sql.Dataset.showString(Dataset.scala:326)
	at org.apache.spark.sql.Dataset.show(Dataset.scala:806)
	at org.apache.spark.sql.Dataset.show(Dataset.scala:765)
	at org.apache.spark.sql.Dataset.show(Dataset.scala:774)
	at com.elite.cdr.validator.Application.lambda$main$1282d8df$1(Application.java:132)
	at org.apache.spark.streaming.api.java.JavaDStreamLike.$anonfun$foreachRDD$1(JavaDStreamLike.scala:272)
	at org.apache.spark.streaming.api.java.JavaDStreamLike.$anonfun$foreachRDD$1$adapted(JavaDStreamLike.scala:272)
	at org.apache.spark.streaming.dstream.DStream.$anonfun$foreachRDD$2(DStream.scala:629)
	at org.apache.spark.streaming.dstream.DStream.$anonfun$foreachRDD$2$adapted(DStream.scala:629)
	at org.apache.spark.streaming.dstream.ForEachDStream.$anonfun$generateJob$2(ForEachDStream.scala:51)
	at scala.runtime.java8.JFunction0$mcV$sp.apply(JFunction0$mcV$sp.java:23)
	at org.apache.spark.streaming.dstream.DStream.createRDDWithLocalProperties(DStream.scala:417)
	at org.apache.spark.streaming.dstream.ForEachDStream.$anonfun$generateJob$1(ForEachDStream.scala:51)
	at scala.runtime.java8.JFunction0$mcV$sp.apply(JFunction0$mcV$sp.java:23)
	at scala.util.Try$.apply(Try.scala:213)
	at org.apache.spark.streaming.scheduler.Job.run(Job.scala:39)
	at org.apache.spark.streaming.scheduler.JobScheduler$JobHandler.$anonfun$run$1(JobScheduler.scala:256)
	at scala.runtime.java8.JFunction0$mcV$sp.apply(JFunction0$mcV$sp.java:23)
	at scala.util.DynamicVariable.withValue(DynamicVariable.scala:62)
	at org.apache.spark.streaming.scheduler.JobScheduler$JobHandler.run(JobScheduler.scala:256)
	at java.util.concurrent.ThreadPoolExecutor.runWorker(ThreadPoolExecutor.java:1149)
	at java.util.concurrent.ThreadPoolExecutor$Worker.run(ThreadPoolExecutor.java:624)
	at java.lang.Thread.run(Thread.java:748)
Caused by: java.lang.IllegalArgumentException: The value (com.elite.cdr.validator.Asn1Classes.Cdr@1739cfa6) of the type (com.elite.cdr.validator.Asn1Classes.Cdr) cannot be converted to struct<answerTime:string,callType:string,calledNumber:string,callingNumber:string,imei:string,imsi:string,location:string,mscIncoming:string,mscOutgoing:string,msisdn:string>
	at org.apache.spark.sql.catalyst.CatalystTypeConverters$StructConverter.toCatalystImpl(CatalystTypeConverters.scala:274)
	at org.apache.spark.sql.catalyst.CatalystTypeConverters$StructConverter.toCatalystImpl(CatalystTypeConverters.scala:248)
	at org.apache.spark.sql.catalyst.CatalystTypeConverters$CatalystTypeConverter.toCatalyst(CatalystTypeConverters.scala:113)
	at org.apache.spark.sql.catalyst.CatalystTypeConverters$ArrayConverter.toCatalystImpl(CatalystTypeConverters.scala:180)
	at org.apache.spark.sql.catalyst.CatalystTypeConverters$ArrayConverter.toCatalystImpl(CatalystTypeConverters.scala:164)
	at org.apache.spark.sql.catalyst.CatalystTypeConverters$CatalystTypeConverter.toCatalyst(CatalystTypeConverters.scala:113)
	at org.apache.spark.sql.catalyst.CatalystTypeConverters$.$anonfun$createToCatalystConverter$2(CatalystTypeConverters.scala:485)
	at org.apache.spark.sql.SQLContext$.$anonfun$beansToRows$3(SQLContext.scala:1071)
	at scala.collection.TraversableLike.$anonfun$map$1(TraversableLike.scala:286)
	at scala.collection.IndexedSeqOptimized.foreach(IndexedSeqOptimized.scala:36)
	at scala.collection.IndexedSeqOptimized.foreach$(IndexedSeqOptimized.scala:33)
	at scala.collection.mutable.ArrayOps$ofRef.foreach(ArrayOps.scala:198)
	at scala.collection.TraversableLike.map(TraversableLike.scala:286)
	at scala.collection.TraversableLike.map$(TraversableLike.scala:279)
	at scala.collection.mutable.ArrayOps$ofRef.map(ArrayOps.scala:198)
	at org.apache.spark.sql.SQLContext$.$anonfun$beansToRows$2(SQLContext.scala:1070)
	at scala.collection.Iterator$$anon$10.next(Iterator.scala:461)
	at org.apache.spark.sql.catalyst.expressions.GeneratedClass$GeneratedIteratorForCodegenStage1.processNext(Unknown Source)
	at org.apache.spark.sql.execution.BufferedRowIterator.hasNext(BufferedRowIterator.java:43)
	at org.apache.spark.sql.execution.WholeStageCodegenExec$$anon$1.hasNext(WholeStageCodegenExec.scala:759)
	at org.apache.spark.sql.execution.SparkPlan.$anonfun$getByteArrayRdd$1(SparkPlan.scala:349)
	at org.apache.spark.rdd.RDD.$anonfun$mapPartitionsInternal$2(RDD.scala:898)
	at org.apache.spark.rdd.RDD.$anonfun$mapPartitionsInternal$2$adapted(RDD.scala:898)
	at org.apache.spark.rdd.MapPartitionsRDD.compute(MapPartitionsRDD.scala:52)
	at org.apache.spark.rdd.RDD.computeOrReadCheckpoint(RDD.scala:373)
	at org.apache.spark.rdd.RDD.iterator(RDD.scala:337)
	at org.apache.spark.scheduler.ResultTask.runTask(ResultTask.scala:90)
	at org.apache.spark.scheduler.Task.run(Task.scala:131)
	at org.apache.spark.executor.Executor$TaskRunner.$anonfun$run$3(Executor.scala:506)
	at org.apache.spark.util.Utils$.tryWithSafeFinally(Utils.scala:1462)
	at org.apache.spark.executor.Executor$TaskRunner.run(Executor.scala:509)
	... 3 more
2022-06-30 11:39:53.329  INFO   57 --- [uler-event-loop] org.apache.spark.internal.Logging        : Missing parents: List()
2022-06-30 11:39:53.338  INFO   57 --- [uler-event-loop] org.apache.spark.internal.Logging        : Submitting ResultStage 2 (MapPartitionsRDD[14] at map at Application.java:120), which has no missing parents
2022-06-30 11:39:53.349  INFO   57 --- [uler-event-loop] org.apache.spark.internal.Logging        : Block broadcast_2 stored as values in memory (estimated size 4.4 KiB, free 896.9 MiB)
2022-06-30 11:39:53.359  INFO   57 --- [shutdown-hook-0] org.apache.spark.internal.Logging        : Invoking stop(stopGracefully=false) from shutdown hook
2022-06-30 11:39:53.359  INFO   57 --- [uler-event-loop] org.apache.spark.internal.Logging        : Block broadcast_2_piece0 stored as bytes in memory (estimated size 2.4 KiB, free 896.9 MiB)
2022-06-30 11:39:53.363  INFO   57 --- [ckManagerMaster] org.apache.spark.internal.Logging        : Added broadcast_2_piece0 in memory on host.docker.internal:64521 (size: 2.4 KiB, free: 897.1 MiB)
2022-06-30 11:39:53.364  INFO   57 --- [uler-event-loop] org.apache.spark.internal.Logging        : Created broadcast 2 from broadcast at DAGScheduler.scala:1478
2022-06-30 11:39:53.367  INFO   57 --- [uler-event-loop] org.apache.spark.internal.Logging        : Submitting 1 missing tasks from ResultStage 2 (MapPartitionsRDD[14] at map at Application.java:120) (first 15 tasks are for partitions Vector(0))
2022-06-30 11:39:53.368  INFO   57 --- [uler-event-loop] org.apache.spark.internal.Logging        : Adding task set 2.0 with 1 tasks resource profile 0
2022-06-30 11:39:53.370  INFO   57 --- [er-event-loop-2] org.apache.spark.internal.Logging        : Starting task 0.0 in stage 2.0 (TID 2) (host.docker.internal, executor driver, partition 0, PROCESS_LOCAL, 4394 bytes) taskResourceAssignments Map()
2022-06-30 11:39:53.376  ERROR   94 --- [er-event-loop-2] org.apache.spark.internal.Logging        : Ignoring error
java.util.concurrent.RejectedExecutionException: Task org.apache.spark.executor.Executor$TaskRunner@39feb124 rejected from java.util.concurrent.ThreadPoolExecutor@2cbb2eee[Shutting down, pool size = 1, active threads = 1, queued tasks = 0, completed tasks = 1]
	at java.util.concurrent.ThreadPoolExecutor$AbortPolicy.rejectedExecution(ThreadPoolExecutor.java:2063)
	at java.util.concurrent.ThreadPoolExecutor.reject(ThreadPoolExecutor.java:830)
	at java.util.concurrent.ThreadPoolExecutor.execute(ThreadPoolExecutor.java:1379)
	at org.apache.spark.executor.Executor.launchTask(Executor.scala:270)
	at org.apache.spark.scheduler.local.LocalEndpoint.$anonfun$reviveOffers$1(LocalSchedulerBackend.scala:93)
	at org.apache.spark.scheduler.local.LocalEndpoint.$anonfun$reviveOffers$1$adapted(LocalSchedulerBackend.scala:91)
	at scala.collection.Iterator.foreach(Iterator.scala:943)
	at scala.collection.Iterator.foreach$(Iterator.scala:943)
	at scala.collection.AbstractIterator.foreach(Iterator.scala:1431)
	at scala.collection.IterableLike.foreach(IterableLike.scala:74)
	at scala.collection.IterableLike.foreach$(IterableLike.scala:73)
	at scala.collection.AbstractIterable.foreach(Iterable.scala:56)
	at org.apache.spark.scheduler.local.LocalEndpoint.reviveOffers(LocalSchedulerBackend.scala:91)
	at org.apache.spark.scheduler.local.LocalEndpoint$$anonfun$receive$1.applyOrElse(LocalSchedulerBackend.scala:68)
	at org.apache.spark.rpc.netty.Inbox.$anonfun$process$1(Inbox.scala:115)
	at org.apache.spark.rpc.netty.Inbox.safelyCall(Inbox.scala:213)
	at org.apache.spark.rpc.netty.Inbox.process(Inbox.scala:100)
	at org.apache.spark.rpc.netty.MessageLoop.org$apache$spark$rpc$netty$MessageLoop$$receiveLoop(MessageLoop.scala:75)
	at org.apache.spark.rpc.netty.MessageLoop$$anon$1.run(MessageLoop.scala:41)
	at java.util.concurrent.ThreadPoolExecutor.runWorker(ThreadPoolExecutor.java:1149)
	at java.util.concurrent.ThreadPoolExecutor$Worker.run(ThreadPoolExecutor.java:624)
	at java.lang.Thread.run(Thread.java:748)
2022-06-30 11:39:53.372  INFO   57 --- [er-event-loop-1] org.apache.spark.internal.Logging        : Sent stop signal to all 1 receivers
2022-06-30 11:39:53.378  INFO   57 --- [er-event-loop-3] org.apache.spark.internal.Logging        : Received stop signal
2022-06-30 11:39:53.382  INFO   57 --- [er-event-loop-3] org.apache.spark.internal.Logging        : Stopping receiver with message: Stopped by driver: 
2022-06-30 11:39:53.383  INFO   57 --- [er-event-loop-3] org.apache.spark.internal.Logging        : Called receiver onStop
2022-06-30 11:39:53.383  INFO   57 --- [er-event-loop-3] org.apache.spark.internal.Logging        : Deregistering receiver 0
2022-06-30 11:39:53.386  ERROR   73 --- [er-event-loop-0] org.apache.spark.internal.Logging        : Deregistered receiver for stream 0: Stopped by driver
2022-06-30 11:39:53.387  INFO   57 --- [er-event-loop-3] org.apache.spark.internal.Logging        : Stopped receiver 0
2022-06-30 11:39:53.389  INFO   57 --- [er-event-loop-3] org.apache.spark.internal.Logging        : Stopping BlockGenerator
2022-06-30 11:39:53.710  INFO   57 --- [er-event-loop-3] org.apache.spark.internal.Logging        : Stopped timer for BlockGenerator after time 1656585593600
2022-06-30 11:39:53.711  INFO   57 --- [er-event-loop-3] org.apache.spark.internal.Logging        : Waiting for block pushing thread to terminate
2022-06-30 11:39:53.719  INFO   57 --- [      Thread-14] org.apache.spark.internal.Logging        : Pushing out the last 0 blocks
2022-06-30 11:39:53.720  INFO   57 --- [      Thread-14] org.apache.spark.internal.Logging        : Stopped block pushing thread
2022-06-30 11:39:53.721  INFO   57 --- [er-event-loop-3] org.apache.spark.internal.Logging        : Stopped BlockGenerator
2022-06-30 11:39:53.725  INFO   57 --- [age 0.0 (TID 0)] org.apache.spark.internal.Logging        : Stopped receiver without error
2022-06-30 11:39:53.736  INFO   57 --- [age 0.0 (TID 0)] org.apache.spark.internal.Logging        : Finished task 0.0 in stage 0.0 (TID 0). 880 bytes result sent to driver
2022-06-30 11:39:53.862  INFO   57 --- [result-getter-1] org.apache.spark.internal.Logging        : Finished task 0.0 in stage 0.0 (TID 0) in 9657 ms on host.docker.internal (executor driver) (1/1)
2022-06-30 11:39:53.864  INFO   57 --- [uler-event-loop] org.apache.spark.internal.Logging        : ResultStage 0 (start at Application.java:219) finished in 10.146 s
2022-06-30 11:39:53.865  INFO   57 --- [uler-event-loop] org.apache.spark.internal.Logging        : Job 0 is finished. Cancelling potential speculative or zombie tasks for this job
2022-06-30 11:39:53.866  INFO   57 --- [result-getter-1] org.apache.spark.internal.Logging        : Removed TaskSet 0.0, whose tasks have all completed, from pool 
2022-06-30 11:39:53.867  INFO   57 --- [uler-event-loop] org.apache.spark.internal.Logging        : Killing all running tasks in stage 0: Stage finished
2022-06-30 11:39:53.873  INFO   57 --- [shutdown-hook-0] org.apache.spark.internal.Logging        : All of the receivers have deregistered successfully
2022-06-30 11:39:53.874  INFO   57 --- [shutdown-hook-0] org.apache.spark.internal.Logging        : ReceiverTracker stopped
2022-06-30 11:39:53.876  INFO   57 --- [shutdown-hook-0] org.apache.spark.internal.Logging        : Stopping JobGenerator immediately
2022-06-30 11:39:53.879  INFO   57 --- [shutdown-hook-0] org.apache.spark.internal.Logging        : Stopped timer for JobGenerator after time 1656585593000
2022-06-30 11:39:53.879  INFO   57 --- [shutdown-hook-0] org.apache.spark.internal.Logging        : Stopped JobGenerator
2022-06-30 11:39:55.910  INFO   57 --- [shutdown-hook-0] org.apache.spark.internal.Logging        : Stopped JobScheduler
2022-06-30 11:39:55.910  INFO 1153 --- [shutdown-hook-0] ject.jetty.server.handler.ContextHandler : Stopped o.s.j.s.ServletContextHandler@26722665{/streaming,null,STOPPED,@Spark}
2022-06-30 11:39:55.910  INFO 1153 --- [shutdown-hook-0] ject.jetty.server.handler.ContextHandler : Stopped o.s.j.s.ServletContextHandler@627d8516{/streaming/json,null,STOPPED,@Spark}
2022-06-30 11:39:55.910  INFO 1153 --- [shutdown-hook-0] ject.jetty.server.handler.ContextHandler : Stopped o.s.j.s.ServletContextHandler@3cec79d3{/streaming/batch,null,STOPPED,@Spark}
2022-06-30 11:39:55.910  INFO 1153 --- [shutdown-hook-0] ject.jetty.server.handler.ContextHandler : Stopped o.s.j.s.ServletContextHandler@4e31c3ec{/streaming/batch/json,null,STOPPED,@Spark}
2022-06-30 11:39:55.910  INFO 1153 --- [shutdown-hook-0] ject.jetty.server.handler.ContextHandler : Stopped o.s.j.s.ServletContextHandler@72e789cb{/static/streaming,null,STOPPED,@Spark}
2022-06-30 11:39:55.910  INFO   57 --- [shutdown-hook-0] org.apache.spark.internal.Logging        : StreamingContext stopped successfully
2022-06-30 11:39:55.926  INFO   57 --- [shutdown-hook-0] org.apache.spark.internal.Logging        : Invoking stop() from shutdown hook
2022-06-30 11:39:55.926  INFO  381 --- [shutdown-hook-0] rkproject.jetty.server.AbstractConnector : Stopped Spark@2c715e84{HTTP/1.1, (http/1.1)}{0.0.0.0:4040}
2022-06-30 11:39:55.926  INFO   57 --- [shutdown-hook-0] org.apache.spark.internal.Logging        : Stopped Spark web UI at http://host.docker.internal:4040
2022-06-30 11:39:55.941  INFO   57 --- [shutdown-hook-0] org.apache.spark.internal.Logging        : ResultStage 2 (print at Application.java:216) failed in 2.599 s due to Stage cancelled because SparkContext was shut down
2022-06-30 11:39:55.941  INFO   57 --- [er-event-loop-0] org.apache.spark.internal.Logging        : MapOutputTrackerMasterEndpoint stopped!
2022-06-30 11:39:55.973  INFO   57 --- [shutdown-hook-0] org.apache.spark.internal.Logging        : MemoryStore cleared
2022-06-30 11:39:55.973  INFO   57 --- [shutdown-hook-0] org.apache.spark.internal.Logging        : BlockManager stopped
2022-06-30 11:39:55.973  INFO   57 --- [shutdown-hook-0] org.apache.spark.internal.Logging        : BlockManagerMaster stopped
2022-06-30 11:39:55.988  INFO   57 --- [er-event-loop-0] org.apache.spark.internal.Logging        : OutputCommitCoordinator stopped!
2022-06-30 11:39:55.988  INFO   57 --- [shutdown-hook-0] org.apache.spark.internal.Logging        : Successfully stopped SparkContext
2022-06-30 11:39:55.988  INFO   57 --- [shutdown-hook-0] org.apache.spark.internal.Logging        : Shutdown hook called
2022-06-30 11:39:55.988  INFO   57 --- [shutdown-hook-0] org.apache.spark.internal.Logging        : Deleting directory C:\Users\Wael Hamdi\AppData\Local\Temp\spark-a68870e8-cd28-4c0a-a4ba-739fd45975f0
