2022-06-22 12:35:49.822  INFO   46 --- [           main] com.elite.cdr.validator.Application      : Starting ASN1 Reader 
2022-06-22 12:35:49.828  INFO   48 --- [           main] com.elite.cdr.validator.Application      : ############### Run with the args [--env, local, --file, C:\IntelliJProjects\FraudDetectionSpark3\src\main\resources\data\simpleTypes.ber]
2022-06-22 12:35:49.922  INFO   54 --- [           main] com.elite.cdr.validator.Application      : ############### Run in local mode
2022-06-22 12:35:51.812  INFO   57 --- [           main] org.apache.spark.internal.Logging        : Running Spark version 3.2.1
2022-06-22 12:35:52.247  INFO   57 --- [           main] org.apache.spark.internal.Logging        : ==============================================================
2022-06-22 12:35:52.250  INFO   57 --- [           main] org.apache.spark.internal.Logging        : No custom resources configured for spark.driver.
2022-06-22 12:35:52.251  INFO   57 --- [           main] org.apache.spark.internal.Logging        : ==============================================================
2022-06-22 12:35:52.253  INFO   57 --- [           main] org.apache.spark.internal.Logging        : Submitted application: NiFi-Spark Streaming example
2022-06-22 12:35:52.296  INFO   57 --- [           main] org.apache.spark.internal.Logging        : Default ResourceProfile created, executor resources: Map(cores -> name: cores, amount: 1, script: , vendor: , memory -> name: memory, amount: 1024, script: , vendor: , offHeap -> name: offHeap, amount: 0, script: , vendor: ), task resources: Map(cpus -> name: cpus, amount: 1.0)
2022-06-22 12:35:52.367  INFO   57 --- [           main] org.apache.spark.internal.Logging        : Limiting resource is cpu
2022-06-22 12:35:52.380  INFO   57 --- [           main] org.apache.spark.internal.Logging        : Added ResourceProfile id: 0
2022-06-22 12:35:52.634  INFO   57 --- [           main] org.apache.spark.internal.Logging        : Changing view acls to: Wael Hamdi
2022-06-22 12:35:52.636  INFO   57 --- [           main] org.apache.spark.internal.Logging        : Changing modify acls to: Wael Hamdi
2022-06-22 12:35:52.638  INFO   57 --- [           main] org.apache.spark.internal.Logging        : Changing view acls groups to: 
2022-06-22 12:35:52.639  INFO   57 --- [           main] org.apache.spark.internal.Logging        : Changing modify acls groups to: 
2022-06-22 12:35:52.641  INFO   57 --- [           main] org.apache.spark.internal.Logging        : SecurityManager: authentication disabled; ui acls disabled; users  with view permissions: Set(Wael Hamdi); groups with view permissions: Set(); users  with modify permissions: Set(Wael Hamdi); groups with modify permissions: Set()
2022-06-22 12:36:00.116  INFO   57 --- [           main] org.apache.spark.internal.Logging        : Successfully started service 'sparkDriver' on port 57869.
2022-06-22 12:36:00.160  INFO   57 --- [           main] org.apache.spark.internal.Logging        : Registering MapOutputTracker
2022-06-22 12:36:00.214  INFO   57 --- [           main] org.apache.spark.internal.Logging        : Registering BlockManagerMaster
2022-06-22 12:36:00.264  INFO   57 --- [           main] org.apache.spark.internal.Logging        : Using org.apache.spark.storage.DefaultTopologyMapper for getting topology information
2022-06-22 12:36:00.267  INFO   57 --- [           main] org.apache.spark.internal.Logging        : BlockManagerMasterEndpoint up
2022-06-22 12:36:00.276  INFO   57 --- [           main] org.apache.spark.internal.Logging        : Registering BlockManagerMasterHeartbeat
2022-06-22 12:36:00.325  INFO   57 --- [           main] org.apache.spark.internal.Logging        : Created local directory at C:\Users\Wael Hamdi\AppData\Local\Temp\blockmgr-43dbc9e4-7232-450a-abf5-a2d133df8cd9
2022-06-22 12:36:00.384  INFO   57 --- [           main] org.apache.spark.internal.Logging        : MemoryStore started with capacity 897.6 MiB
2022-06-22 12:36:00.416  INFO   57 --- [           main] org.apache.spark.internal.Logging        : Registering OutputCommitCoordinator
2022-06-22 12:36:01.832  INFO  170 --- [           main] org.sparkproject.jetty.util.log.Log      : Logging initialized @12940ms to org.sparkproject.jetty.util.log.Slf4jLog
2022-06-22 12:36:03.212  INFO  375 --- [           main] org.sparkproject.jetty.server.Server     : jetty-9.4.43.v20210629; built: 2021-06-30T11:07:22.254Z; git: 526006ecfa3af7f1a27ef3a288e2bef7ea9dd7e8; jvm 1.8.0_301-b09
2022-06-22 12:36:03.377  INFO  415 --- [           main] org.sparkproject.jetty.server.Server     : Started @14487ms
2022-06-22 12:36:03.768  INFO  331 --- [           main] rkproject.jetty.server.AbstractConnector : Started ServerConnector@64da2a7{HTTP/1.1, (http/1.1)}{0.0.0.0:4040}
2022-06-22 12:36:03.768  INFO   57 --- [           main] org.apache.spark.internal.Logging        : Successfully started service 'SparkUI' on port 4040.
2022-06-22 12:36:03.954  INFO  915 --- [           main] ject.jetty.server.handler.ContextHandler : Started o.s.j.s.ServletContextHandler@7a56812e{/jobs,null,AVAILABLE,@Spark}
2022-06-22 12:36:03.995  INFO  915 --- [           main] ject.jetty.server.handler.ContextHandler : Started o.s.j.s.ServletContextHandler@660e9100{/jobs/json,null,AVAILABLE,@Spark}
2022-06-22 12:36:03.997  INFO  915 --- [           main] ject.jetty.server.handler.ContextHandler : Started o.s.j.s.ServletContextHandler@9cd25ff{/jobs/job,null,AVAILABLE,@Spark}
2022-06-22 12:36:04.001  INFO  915 --- [           main] ject.jetty.server.handler.ContextHandler : Started o.s.j.s.ServletContextHandler@6db66836{/jobs/job/json,null,AVAILABLE,@Spark}
2022-06-22 12:36:04.004  INFO  915 --- [           main] ject.jetty.server.handler.ContextHandler : Started o.s.j.s.ServletContextHandler@2de366bb{/stages,null,AVAILABLE,@Spark}
2022-06-22 12:36:04.007  INFO  915 --- [           main] ject.jetty.server.handler.ContextHandler : Started o.s.j.s.ServletContextHandler@61a002b1{/stages/json,null,AVAILABLE,@Spark}
2022-06-22 12:36:04.010  INFO  915 --- [           main] ject.jetty.server.handler.ContextHandler : Started o.s.j.s.ServletContextHandler@780ec4a5{/stages/stage,null,AVAILABLE,@Spark}
2022-06-22 12:36:04.053  INFO  915 --- [           main] ject.jetty.server.handler.ContextHandler : Started o.s.j.s.ServletContextHandler@5aabbb29{/stages/stage/json,null,AVAILABLE,@Spark}
2022-06-22 12:36:04.119  INFO  915 --- [           main] ject.jetty.server.handler.ContextHandler : Started o.s.j.s.ServletContextHandler@1ac85b0c{/stages/pool,null,AVAILABLE,@Spark}
2022-06-22 12:36:04.121  INFO  915 --- [           main] ject.jetty.server.handler.ContextHandler : Started o.s.j.s.ServletContextHandler@3aa3193a{/stages/pool/json,null,AVAILABLE,@Spark}
2022-06-22 12:36:04.124  INFO  915 --- [           main] ject.jetty.server.handler.ContextHandler : Started o.s.j.s.ServletContextHandler@59a67c3a{/storage,null,AVAILABLE,@Spark}
2022-06-22 12:36:04.126  INFO  915 --- [           main] ject.jetty.server.handler.ContextHandler : Started o.s.j.s.ServletContextHandler@724bade8{/storage/json,null,AVAILABLE,@Spark}
2022-06-22 12:36:04.128  INFO  915 --- [           main] ject.jetty.server.handler.ContextHandler : Started o.s.j.s.ServletContextHandler@6bc248ed{/storage/rdd,null,AVAILABLE,@Spark}
2022-06-22 12:36:04.147  INFO  915 --- [           main] ject.jetty.server.handler.ContextHandler : Started o.s.j.s.ServletContextHandler@ca27722{/storage/rdd/json,null,AVAILABLE,@Spark}
2022-06-22 12:36:04.176  INFO  915 --- [           main] ject.jetty.server.handler.ContextHandler : Started o.s.j.s.ServletContextHandler@9573b3b{/environment,null,AVAILABLE,@Spark}
2022-06-22 12:36:04.181  INFO  915 --- [           main] ject.jetty.server.handler.ContextHandler : Started o.s.j.s.ServletContextHandler@78461bc4{/environment/json,null,AVAILABLE,@Spark}
2022-06-22 12:36:04.183  INFO  915 --- [           main] ject.jetty.server.handler.ContextHandler : Started o.s.j.s.ServletContextHandler@64f857e7{/executors,null,AVAILABLE,@Spark}
2022-06-22 12:36:04.185  INFO  915 --- [           main] ject.jetty.server.handler.ContextHandler : Started o.s.j.s.ServletContextHandler@58c540cf{/executors/json,null,AVAILABLE,@Spark}
2022-06-22 12:36:04.189  INFO  915 --- [           main] ject.jetty.server.handler.ContextHandler : Started o.s.j.s.ServletContextHandler@1b822fcc{/executors/threadDump,null,AVAILABLE,@Spark}
2022-06-22 12:36:04.192  INFO  915 --- [           main] ject.jetty.server.handler.ContextHandler : Started o.s.j.s.ServletContextHandler@56102e1c{/executors/threadDump/json,null,AVAILABLE,@Spark}
2022-06-22 12:36:04.230  INFO  915 --- [           main] ject.jetty.server.handler.ContextHandler : Started o.s.j.s.ServletContextHandler@7927bd9f{/static,null,AVAILABLE,@Spark}
2022-06-22 12:36:04.232  INFO  915 --- [           main] ject.jetty.server.handler.ContextHandler : Started o.s.j.s.ServletContextHandler@3670f00{/,null,AVAILABLE,@Spark}
2022-06-22 12:36:04.235  INFO  915 --- [           main] ject.jetty.server.handler.ContextHandler : Started o.s.j.s.ServletContextHandler@46ab18da{/api,null,AVAILABLE,@Spark}
2022-06-22 12:36:04.238  INFO  915 --- [           main] ject.jetty.server.handler.ContextHandler : Started o.s.j.s.ServletContextHandler@1a2e2935{/jobs/job/kill,null,AVAILABLE,@Spark}
2022-06-22 12:36:04.240  INFO  915 --- [           main] ject.jetty.server.handler.ContextHandler : Started o.s.j.s.ServletContextHandler@4b629f13{/stages/stage/kill,null,AVAILABLE,@Spark}
2022-06-22 12:36:04.244  INFO   57 --- [           main] org.apache.spark.internal.Logging        : Bound SparkUI to 0.0.0.0, and started at http://host.docker.internal:4040
2022-06-22 12:36:04.826  INFO   57 --- [           main] org.apache.spark.internal.Logging        : Starting executor ID driver on host host.docker.internal
2022-06-22 12:36:04.878  INFO   57 --- [           main] org.apache.spark.internal.Logging        : Successfully started service 'org.apache.spark.network.netty.NettyBlockTransferService' on port 57897.
2022-06-22 12:36:04.879  INFO   82 --- [           main] .network.netty.NettyBlockTransferService : Server created on host.docker.internal:57897
2022-06-22 12:36:04.882  INFO   57 --- [           main] org.apache.spark.internal.Logging        : Using org.apache.spark.storage.RandomBlockReplicationPolicy for block replication policy
2022-06-22 12:36:04.894  INFO   57 --- [           main] org.apache.spark.internal.Logging        : Registering BlockManager BlockManagerId(driver, host.docker.internal, 57897, None)
2022-06-22 12:36:04.900  INFO   57 --- [ckManagerMaster] org.apache.spark.internal.Logging        : Registering block manager host.docker.internal:57897 with 897.6 MiB RAM, BlockManagerId(driver, host.docker.internal, 57897, None)
2022-06-22 12:36:04.905  INFO   57 --- [           main] org.apache.spark.internal.Logging        : Registered BlockManager BlockManagerId(driver, host.docker.internal, 57897, None)
2022-06-22 12:36:04.907  INFO   57 --- [           main] org.apache.spark.internal.Logging        : Initialized BlockManager: BlockManagerId(driver, host.docker.internal, 57897, None)
2022-06-22 12:36:05.220  INFO  915 --- [           main] ject.jetty.server.handler.ContextHandler : Started o.s.j.s.ServletContextHandler@a619c2{/metrics/json,null,AVAILABLE,@Spark}
2022-06-22 12:36:06.135  INFO   57 --- [streaming-start] org.apache.spark.internal.Logging        : Starting 1 receivers
2022-06-22 12:36:06.139  INFO   57 --- [streaming-start] org.apache.spark.internal.Logging        : ReceiverTracker started
2022-06-22 12:36:06.148  INFO   57 --- [streaming-start] org.apache.spark.internal.Logging        : Slide time = 1000 ms
2022-06-22 12:36:06.149  INFO   57 --- [streaming-start] org.apache.spark.internal.Logging        : Storage level = Serialized 1x Replicated
2022-06-22 12:36:06.150  INFO   57 --- [streaming-start] org.apache.spark.internal.Logging        : Checkpoint interval = null
2022-06-22 12:36:06.151  INFO   57 --- [streaming-start] org.apache.spark.internal.Logging        : Remember interval = 1000 ms
2022-06-22 12:36:06.152  INFO   57 --- [streaming-start] org.apache.spark.internal.Logging        : Initialized and validated org.apache.spark.streaming.dstream.PluggableInputDStream@234867e5
2022-06-22 12:36:06.152  INFO   57 --- [streaming-start] org.apache.spark.internal.Logging        : Slide time = 1000 ms
2022-06-22 12:36:06.153  INFO   57 --- [streaming-start] org.apache.spark.internal.Logging        : Storage level = Serialized 1x Replicated
2022-06-22 12:36:06.153  INFO   57 --- [streaming-start] org.apache.spark.internal.Logging        : Checkpoint interval = null
2022-06-22 12:36:06.153  INFO   57 --- [streaming-start] org.apache.spark.internal.Logging        : Remember interval = 1000 ms
2022-06-22 12:36:06.153  INFO   57 --- [streaming-start] org.apache.spark.internal.Logging        : Initialized and validated org.apache.spark.streaming.dstream.MappedDStream@3f8c7569
2022-06-22 12:36:06.154  INFO   57 --- [streaming-start] org.apache.spark.internal.Logging        : Slide time = 1000 ms
2022-06-22 12:36:06.154  INFO   57 --- [streaming-start] org.apache.spark.internal.Logging        : Storage level = Serialized 1x Replicated
2022-06-22 12:36:06.154  INFO   57 --- [streaming-start] org.apache.spark.internal.Logging        : Checkpoint interval = null
2022-06-22 12:36:06.155  INFO   57 --- [streaming-start] org.apache.spark.internal.Logging        : Remember interval = 1000 ms
2022-06-22 12:36:06.155  INFO   57 --- [streaming-start] org.apache.spark.internal.Logging        : Initialized and validated org.apache.spark.streaming.dstream.ForEachDStream@4e3afc65
2022-06-22 12:36:06.586  INFO   57 --- [streaming-start] org.apache.spark.internal.Logging        : Started timer for JobGenerator at time 1655897767000
2022-06-22 12:36:06.587  INFO   57 --- [streaming-start] org.apache.spark.internal.Logging        : Started JobGenerator at 1655897767000 ms
2022-06-22 12:36:06.590  INFO   57 --- [streaming-start] org.apache.spark.internal.Logging        : Started JobScheduler
2022-06-22 12:36:06.596  INFO  915 --- [           main] ject.jetty.server.handler.ContextHandler : Started o.s.j.s.ServletContextHandler@34e20e6b{/streaming,null,AVAILABLE,@Spark}
2022-06-22 12:36:06.598  INFO  915 --- [           main] ject.jetty.server.handler.ContextHandler : Started o.s.j.s.ServletContextHandler@7a7d1b47{/streaming/json,null,AVAILABLE,@Spark}
2022-06-22 12:36:06.599  INFO  915 --- [           main] ject.jetty.server.handler.ContextHandler : Started o.s.j.s.ServletContextHandler@f2ce6b{/streaming/batch,null,AVAILABLE,@Spark}
2022-06-22 12:36:06.601  INFO  915 --- [           main] ject.jetty.server.handler.ContextHandler : Started o.s.j.s.ServletContextHandler@5e2f3be5{/streaming/batch/json,null,AVAILABLE,@Spark}
2022-06-22 12:36:06.624  INFO  915 --- [           main] ject.jetty.server.handler.ContextHandler : Started o.s.j.s.ServletContextHandler@26a2f7f9{/static/streaming,null,AVAILABLE,@Spark}
2022-06-22 12:36:06.626  INFO   57 --- [           main] org.apache.spark.internal.Logging        : StreamingContext started
2022-06-22 12:36:06.627  INFO  137 --- [           main] com.elite.cdr.validator.Application      : ****************************************************
2022-06-22 12:36:06.628  INFO  138 --- [           main] com.elite.cdr.validator.Application      : Duration: 0.0 seconds
2022-06-22 12:36:06.629  INFO  139 --- [           main] com.elite.cdr.validator.Application      : Batch executed with success
2022-06-22 12:36:06.629  INFO   57 --- [er-event-loop-3] org.apache.spark.internal.Logging        : Receiver 0 started
2022-06-22 12:36:06.631  INFO  140 --- [           main] com.elite.cdr.validator.Application      : ****************************************************
2022-06-22 12:36:06.651  INFO   57 --- [shutdown-hook-0] org.apache.spark.internal.Logging        : Invoking stop(stopGracefully=false) from shutdown hook
2022-06-22 12:36:06.660  INFO   57 --- [uler-event-loop] org.apache.spark.internal.Logging        : Got job 0 (start at Application.java:119) with 1 output partitions
2022-06-22 12:36:06.662  INFO   57 --- [uler-event-loop] org.apache.spark.internal.Logging        : Final stage: ResultStage 0 (start at Application.java:119)
2022-06-22 12:36:06.662  INFO   57 --- [uler-event-loop] org.apache.spark.internal.Logging        : Parents of final stage: List()
2022-06-22 12:36:06.664  INFO   57 --- [er-event-loop-0] org.apache.spark.internal.Logging        : Sent stop signal to all 1 receivers
2022-06-22 12:36:06.665  INFO   57 --- [uler-event-loop] org.apache.spark.internal.Logging        : Missing parents: List()
2022-06-22 12:36:06.672  INFO   57 --- [uler-event-loop] org.apache.spark.internal.Logging        : Submitting ResultStage 0 (Receiver 0 ParallelCollectionRDD[0] at makeRDD at ReceiverTracker.scala:609), which has no missing parents
2022-06-22 12:36:07.170  INFO   57 --- [uler-event-loop] org.apache.spark.internal.Logging        : Block broadcast_0 stored as values in memory (estimated size 97.5 KiB, free 897.5 MiB)
2022-06-22 12:36:07.196  INFO   57 --- [   JobGenerator] org.apache.spark.internal.Logging        : Added jobs for time 1655897767000 ms
2022-06-22 12:36:07.204  INFO   57 --- [   JobScheduler] org.apache.spark.internal.Logging        : Starting job streaming job 1655897767000 ms.0 from job set of time 1655897767000 ms
2022-06-22 12:36:07.210  INFO   57 --- [   JobScheduler] org.apache.spark.internal.Logging        : Finished job streaming job 1655897767000 ms.0 from job set of time 1655897767000 ms
2022-06-22 12:36:07.213  INFO   57 --- [   JobScheduler] org.apache.spark.internal.Logging        : Total delay: 0.210 s for time 1655897767000 ms (execution: 0.008 s)
2022-06-22 12:36:07.222  INFO   57 --- [   JobGenerator] org.apache.spark.internal.Logging        : Deleting batches: 
2022-06-22 12:36:07.225  INFO   57 --- [   JobGenerator] org.apache.spark.internal.Logging        : remove old batch metadata: 
2022-06-22 12:36:08.005  INFO   57 --- [   JobGenerator] org.apache.spark.internal.Logging        : Added jobs for time 1655897768000 ms
2022-06-22 12:36:08.006  INFO   57 --- [   JobScheduler] org.apache.spark.internal.Logging        : Starting job streaming job 1655897768000 ms.0 from job set of time 1655897768000 ms
2022-06-22 12:36:08.008  INFO   57 --- [   JobScheduler] org.apache.spark.internal.Logging        : Finished job streaming job 1655897768000 ms.0 from job set of time 1655897768000 ms
2022-06-22 12:36:08.008  INFO   57 --- [   JobScheduler] org.apache.spark.internal.Logging        : Total delay: 0.007 s for time 1655897768000 ms (execution: 0.001 s)
2022-06-22 12:36:08.011  INFO   57 --- [   JobGenerator] org.apache.spark.internal.Logging        : Removing RDD 2 from persistence list
2022-06-22 12:36:08.096  INFO   57 --- [   JobGenerator] org.apache.spark.internal.Logging        : Removing RDD 1 from persistence list
2022-06-22 12:36:08.100  INFO   57 --- [   JobGenerator] org.apache.spark.internal.Logging        : Removing blocks of RDD BlockRDD[1] at receiverStream at Application.java:111 of time 1655897768000 ms
2022-06-22 12:36:08.102  INFO   57 --- [   JobGenerator] org.apache.spark.internal.Logging        : Deleting batches: 
2022-06-22 12:36:08.102  INFO   57 --- [   JobGenerator] org.apache.spark.internal.Logging        : remove old batch metadata: 
2022-06-22 12:36:08.137  INFO   57 --- [c-thread-pool-1] org.apache.spark.internal.Logging        : Removing RDD 1
2022-06-22 12:36:08.136  INFO   57 --- [c-thread-pool-0] org.apache.spark.internal.Logging        : Removing RDD 2
2022-06-22 12:36:08.141  INFO   57 --- [uler-event-loop] org.apache.spark.internal.Logging        : Block broadcast_0_piece0 stored as bytes in memory (estimated size 34.2 KiB, free 897.5 MiB)
2022-06-22 12:36:08.145  INFO   57 --- [ckManagerMaster] org.apache.spark.internal.Logging        : Added broadcast_0_piece0 in memory on host.docker.internal:57897 (size: 34.2 KiB, free: 897.6 MiB)
2022-06-22 12:36:08.152  INFO   57 --- [uler-event-loop] org.apache.spark.internal.Logging        : Created broadcast 0 from broadcast at DAGScheduler.scala:1478
2022-06-22 12:36:08.173  INFO   57 --- [uler-event-loop] org.apache.spark.internal.Logging        : Submitting 1 missing tasks from ResultStage 0 (Receiver 0 ParallelCollectionRDD[0] at makeRDD at ReceiverTracker.scala:609) (first 15 tasks are for partitions Vector(0))
2022-06-22 12:36:08.174  INFO   57 --- [uler-event-loop] org.apache.spark.internal.Logging        : Adding task set 0.0 with 1 tasks resource profile 0
2022-06-22 12:36:08.456  INFO   57 --- [er-event-loop-1] org.apache.spark.internal.Logging        : Starting task 0.0 in stage 0.0 (TID 0) (host.docker.internal, executor driver, partition 0, PROCESS_LOCAL, 6219 bytes) taskResourceAssignments Map()
2022-06-22 12:36:08.520  ERROR   94 --- [er-event-loop-1] org.apache.spark.internal.Logging        : Ignoring error
java.util.concurrent.RejectedExecutionException: Task org.apache.spark.executor.Executor$TaskRunner@74cb9df2 rejected from java.util.concurrent.ThreadPoolExecutor@41d2a600[Terminated, pool size = 0, active threads = 0, queued tasks = 0, completed tasks = 0]
	at java.util.concurrent.ThreadPoolExecutor$AbortPolicy.rejectedExecution(ThreadPoolExecutor.java:2063)
	at java.util.concurrent.ThreadPoolExecutor.reject(ThreadPoolExecutor.java:830)
	at java.util.concurrent.ThreadPoolExecutor.execute(ThreadPoolExecutor.java:1379)
	at org.apache.spark.executor.Executor.launchTask(Executor.scala:270)
	at org.apache.spark.scheduler.local.LocalEndpoint.$anonfun$reviveOffers$1(LocalSchedulerBackend.scala:93)
	at org.apache.spark.scheduler.local.LocalEndpoint.$anonfun$reviveOffers$1$adapted(LocalSchedulerBackend.scala:91)
	at scala.collection.Iterator.foreach(Iterator.scala:943)
	at scala.collection.Iterator.foreach$(Iterator.scala:943)
	at scala.collection.AbstractIterator.foreach(Iterator.scala:1431)
	at scala.collection.IterableLike.foreach(IterableLike.scala:74)
	at scala.collection.IterableLike.foreach$(IterableLike.scala:73)
	at scala.collection.AbstractIterable.foreach(Iterable.scala:56)
	at org.apache.spark.scheduler.local.LocalEndpoint.reviveOffers(LocalSchedulerBackend.scala:91)
	at org.apache.spark.scheduler.local.LocalEndpoint$$anonfun$receive$1.applyOrElse(LocalSchedulerBackend.scala:68)
	at org.apache.spark.rpc.netty.Inbox.$anonfun$process$1(Inbox.scala:115)
	at org.apache.spark.rpc.netty.Inbox.safelyCall(Inbox.scala:213)
	at org.apache.spark.rpc.netty.Inbox.process(Inbox.scala:100)
	at org.apache.spark.rpc.netty.MessageLoop.org$apache$spark$rpc$netty$MessageLoop$$receiveLoop(MessageLoop.scala:75)
	at org.apache.spark.rpc.netty.MessageLoop$$anon$1.run(MessageLoop.scala:41)
	at java.util.concurrent.ThreadPoolExecutor.runWorker(ThreadPoolExecutor.java:1149)
	at java.util.concurrent.ThreadPoolExecutor$Worker.run(ThreadPoolExecutor.java:624)
	at java.lang.Thread.run(Thread.java:748)
2022-06-22 12:36:09.003  INFO   57 --- [   JobGenerator] org.apache.spark.internal.Logging        : Added jobs for time 1655897769000 ms
2022-06-22 12:36:09.003  INFO   57 --- [   JobScheduler] org.apache.spark.internal.Logging        : Starting job streaming job 1655897769000 ms.0 from job set of time 1655897769000 ms
2022-06-22 12:36:09.004  INFO   57 --- [   JobScheduler] org.apache.spark.internal.Logging        : Finished job streaming job 1655897769000 ms.0 from job set of time 1655897769000 ms
2022-06-22 12:36:09.005  INFO   57 --- [   JobScheduler] org.apache.spark.internal.Logging        : Total delay: 0.004 s for time 1655897769000 ms (execution: 0.001 s)
2022-06-22 12:36:09.005  INFO   57 --- [   JobGenerator] org.apache.spark.internal.Logging        : Removing RDD 4 from persistence list
2022-06-22 12:36:09.006  INFO   57 --- [   JobGenerator] org.apache.spark.internal.Logging        : Removing RDD 3 from persistence list
2022-06-22 12:36:09.006  INFO   57 --- [c-thread-pool-6] org.apache.spark.internal.Logging        : Removing RDD 4
2022-06-22 12:36:09.008  INFO   57 --- [   JobGenerator] org.apache.spark.internal.Logging        : Removing blocks of RDD BlockRDD[3] at receiverStream at Application.java:111 of time 1655897769000 ms
2022-06-22 12:36:09.009  INFO   57 --- [   JobGenerator] org.apache.spark.internal.Logging        : Deleting batches: 1655897767000 ms
2022-06-22 12:36:09.010  INFO   57 --- [   JobGenerator] org.apache.spark.internal.Logging        : remove old batch metadata: 1655897767000 ms
2022-06-22 12:36:09.009  INFO   57 --- [c-thread-pool-9] org.apache.spark.internal.Logging        : Removing RDD 3
2022-06-22 12:36:10.016  INFO   57 --- [   JobGenerator] org.apache.spark.internal.Logging        : Added jobs for time 1655897770000 ms
2022-06-22 12:36:10.018  INFO   57 --- [   JobScheduler] org.apache.spark.internal.Logging        : Starting job streaming job 1655897770000 ms.0 from job set of time 1655897770000 ms
2022-06-22 12:36:10.021  INFO   57 --- [   JobScheduler] org.apache.spark.internal.Logging        : Finished job streaming job 1655897770000 ms.0 from job set of time 1655897770000 ms
2022-06-22 12:36:10.022  INFO   57 --- [   JobScheduler] org.apache.spark.internal.Logging        : Total delay: 0.021 s for time 1655897770000 ms (execution: 0.004 s)
2022-06-22 12:36:10.024  INFO   57 --- [   JobGenerator] org.apache.spark.internal.Logging        : Removing RDD 6 from persistence list
2022-06-22 12:36:10.028  INFO   57 --- [   JobGenerator] org.apache.spark.internal.Logging        : Removing RDD 5 from persistence list
2022-06-22 12:36:10.028  INFO   57 --- [-thread-pool-12] org.apache.spark.internal.Logging        : Removing RDD 6
2022-06-22 12:36:10.031  INFO   57 --- [   JobGenerator] org.apache.spark.internal.Logging        : Removing blocks of RDD BlockRDD[5] at receiverStream at Application.java:111 of time 1655897770000 ms
2022-06-22 12:36:10.032  INFO   57 --- [   JobGenerator] org.apache.spark.internal.Logging        : Deleting batches: 1655897768000 ms
2022-06-22 12:36:10.032  INFO   57 --- [-thread-pool-14] org.apache.spark.internal.Logging        : Removing RDD 5
2022-06-22 12:36:10.033  INFO   57 --- [   JobGenerator] org.apache.spark.internal.Logging        : remove old batch metadata: 1655897768000 ms
2022-06-22 12:36:11.003  INFO   57 --- [   JobGenerator] org.apache.spark.internal.Logging        : Added jobs for time 1655897771000 ms
2022-06-22 12:36:11.003  INFO   57 --- [   JobScheduler] org.apache.spark.internal.Logging        : Starting job streaming job 1655897771000 ms.0 from job set of time 1655897771000 ms
2022-06-22 12:36:11.004  INFO   57 --- [   JobScheduler] org.apache.spark.internal.Logging        : Finished job streaming job 1655897771000 ms.0 from job set of time 1655897771000 ms
2022-06-22 12:36:11.005  INFO   57 --- [   JobScheduler] org.apache.spark.internal.Logging        : Total delay: 0.004 s for time 1655897771000 ms (execution: 0.001 s)
2022-06-22 12:36:11.005  INFO   57 --- [   JobGenerator] org.apache.spark.internal.Logging        : Removing RDD 8 from persistence list
2022-06-22 12:36:11.006  INFO   57 --- [   JobGenerator] org.apache.spark.internal.Logging        : Removing RDD 7 from persistence list
2022-06-22 12:36:11.007  INFO   57 --- [-thread-pool-18] org.apache.spark.internal.Logging        : Removing RDD 8
2022-06-22 12:36:11.009  INFO   57 --- [   JobGenerator] org.apache.spark.internal.Logging        : Removing blocks of RDD BlockRDD[7] at receiverStream at Application.java:111 of time 1655897771000 ms
2022-06-22 12:36:11.009  INFO   57 --- [-thread-pool-19] org.apache.spark.internal.Logging        : Removing RDD 7
2022-06-22 12:36:11.009  INFO   57 --- [   JobGenerator] org.apache.spark.internal.Logging        : Deleting batches: 1655897769000 ms
2022-06-22 12:36:11.011  INFO   57 --- [   JobGenerator] org.apache.spark.internal.Logging        : remove old batch metadata: 1655897769000 ms
2022-06-22 12:36:12.005  INFO   57 --- [   JobGenerator] org.apache.spark.internal.Logging        : Added jobs for time 1655897772000 ms
2022-06-22 12:36:12.006  INFO   57 --- [   JobScheduler] org.apache.spark.internal.Logging        : Starting job streaming job 1655897772000 ms.0 from job set of time 1655897772000 ms
2022-06-22 12:36:12.010  INFO   57 --- [   JobScheduler] org.apache.spark.internal.Logging        : Finished job streaming job 1655897772000 ms.0 from job set of time 1655897772000 ms
2022-06-22 12:36:12.012  INFO   57 --- [   JobScheduler] org.apache.spark.internal.Logging        : Total delay: 0.010 s for time 1655897772000 ms (execution: 0.004 s)
2022-06-22 12:36:12.012  INFO   57 --- [   JobGenerator] org.apache.spark.internal.Logging        : Removing RDD 10 from persistence list
2022-06-22 12:36:12.014  INFO   57 --- [   JobGenerator] org.apache.spark.internal.Logging        : Removing RDD 9 from persistence list
2022-06-22 12:36:12.020  INFO   57 --- [   JobGenerator] org.apache.spark.internal.Logging        : Removing blocks of RDD BlockRDD[9] at receiverStream at Application.java:111 of time 1655897772000 ms
2022-06-22 12:36:12.021  INFO   57 --- [   JobGenerator] org.apache.spark.internal.Logging        : Deleting batches: 1655897770000 ms
2022-06-22 12:36:12.022  INFO   57 --- [   JobGenerator] org.apache.spark.internal.Logging        : remove old batch metadata: 1655897770000 ms
2022-06-22 12:36:12.024  INFO   57 --- [-thread-pool-24] org.apache.spark.internal.Logging        : Removing RDD 10
2022-06-22 12:36:12.024  INFO   57 --- [-thread-pool-25] org.apache.spark.internal.Logging        : Removing RDD 9
2022-06-22 12:36:13.026  INFO   57 --- [   JobGenerator] org.apache.spark.internal.Logging        : Added jobs for time 1655897773000 ms
2022-06-22 12:36:13.027  INFO   57 --- [   JobScheduler] org.apache.spark.internal.Logging        : Starting job streaming job 1655897773000 ms.0 from job set of time 1655897773000 ms
2022-06-22 12:36:13.028  INFO   57 --- [   JobScheduler] org.apache.spark.internal.Logging        : Finished job streaming job 1655897773000 ms.0 from job set of time 1655897773000 ms
2022-06-22 12:36:13.031  INFO   57 --- [   JobScheduler] org.apache.spark.internal.Logging        : Total delay: 0.028 s for time 1655897773000 ms (execution: 0.001 s)
2022-06-22 12:36:13.033  INFO   57 --- [   JobGenerator] org.apache.spark.internal.Logging        : Removing RDD 12 from persistence list
2022-06-22 12:36:13.035  INFO   57 --- [   JobGenerator] org.apache.spark.internal.Logging        : Removing RDD 11 from persistence list
2022-06-22 12:36:13.038  INFO   57 --- [   JobGenerator] org.apache.spark.internal.Logging        : Removing blocks of RDD BlockRDD[11] at receiverStream at Application.java:111 of time 1655897773000 ms
2022-06-22 12:36:13.038  INFO   57 --- [   JobGenerator] org.apache.spark.internal.Logging        : Deleting batches: 1655897771000 ms
2022-06-22 12:36:13.039  INFO   57 --- [   JobGenerator] org.apache.spark.internal.Logging        : remove old batch metadata: 1655897771000 ms
2022-06-22 12:36:13.105  INFO   57 --- [-thread-pool-30] org.apache.spark.internal.Logging        : Removing RDD 12
2022-06-22 12:36:13.118  INFO   57 --- [-thread-pool-31] org.apache.spark.internal.Logging        : Removing RDD 11
2022-06-22 12:36:14.007  INFO   57 --- [   JobGenerator] org.apache.spark.internal.Logging        : Added jobs for time 1655897774000 ms
2022-06-22 12:36:14.010  INFO   57 --- [   JobScheduler] org.apache.spark.internal.Logging        : Starting job streaming job 1655897774000 ms.0 from job set of time 1655897774000 ms
2022-06-22 12:36:14.011  INFO   57 --- [   JobScheduler] org.apache.spark.internal.Logging        : Finished job streaming job 1655897774000 ms.0 from job set of time 1655897774000 ms
2022-06-22 12:36:14.012  INFO   57 --- [   JobScheduler] org.apache.spark.internal.Logging        : Total delay: 0.011 s for time 1655897774000 ms (execution: 0.001 s)
2022-06-22 12:36:14.012  INFO   57 --- [   JobGenerator] org.apache.spark.internal.Logging        : Removing RDD 14 from persistence list
2022-06-22 12:36:14.014  INFO   57 --- [   JobGenerator] org.apache.spark.internal.Logging        : Removing RDD 13 from persistence list
2022-06-22 12:36:14.014  INFO   57 --- [-thread-pool-36] org.apache.spark.internal.Logging        : Removing RDD 14
2022-06-22 12:36:14.016  INFO   57 --- [   JobGenerator] org.apache.spark.internal.Logging        : Removing blocks of RDD BlockRDD[13] at receiverStream at Application.java:111 of time 1655897774000 ms
2022-06-22 12:36:14.018  INFO   57 --- [   JobGenerator] org.apache.spark.internal.Logging        : Deleting batches: 1655897772000 ms
2022-06-22 12:36:14.018  INFO   57 --- [   JobGenerator] org.apache.spark.internal.Logging        : remove old batch metadata: 1655897772000 ms
2022-06-22 12:36:14.018  INFO   57 --- [-thread-pool-38] org.apache.spark.internal.Logging        : Removing RDD 13
2022-06-22 12:36:15.009  INFO   57 --- [   JobGenerator] org.apache.spark.internal.Logging        : Added jobs for time 1655897775000 ms
2022-06-22 12:36:15.010  INFO   57 --- [   JobScheduler] org.apache.spark.internal.Logging        : Starting job streaming job 1655897775000 ms.0 from job set of time 1655897775000 ms
2022-06-22 12:36:15.011  INFO   57 --- [   JobScheduler] org.apache.spark.internal.Logging        : Finished job streaming job 1655897775000 ms.0 from job set of time 1655897775000 ms
2022-06-22 12:36:15.011  INFO   57 --- [   JobScheduler] org.apache.spark.internal.Logging        : Total delay: 0.011 s for time 1655897775000 ms (execution: 0.001 s)
2022-06-22 12:36:15.012  INFO   57 --- [   JobGenerator] org.apache.spark.internal.Logging        : Removing RDD 16 from persistence list
2022-06-22 12:36:15.013  INFO   57 --- [   JobGenerator] org.apache.spark.internal.Logging        : Removing RDD 15 from persistence list
2022-06-22 12:36:15.013  INFO   57 --- [-thread-pool-42] org.apache.spark.internal.Logging        : Removing RDD 16
2022-06-22 12:36:15.016  INFO   57 --- [   JobGenerator] org.apache.spark.internal.Logging        : Removing blocks of RDD BlockRDD[15] at receiverStream at Application.java:111 of time 1655897775000 ms
2022-06-22 12:36:15.017  INFO   57 --- [   JobGenerator] org.apache.spark.internal.Logging        : Deleting batches: 1655897773000 ms
2022-06-22 12:36:15.017  INFO   57 --- [   JobGenerator] org.apache.spark.internal.Logging        : remove old batch metadata: 1655897773000 ms
2022-06-22 12:36:15.018  INFO   57 --- [-thread-pool-45] org.apache.spark.internal.Logging        : Removing RDD 15
2022-06-22 12:36:16.004  INFO   57 --- [   JobGenerator] org.apache.spark.internal.Logging        : Added jobs for time 1655897776000 ms
2022-06-22 12:36:16.029  INFO   57 --- [   JobScheduler] org.apache.spark.internal.Logging        : Starting job streaming job 1655897776000 ms.0 from job set of time 1655897776000 ms
2022-06-22 12:36:16.032  INFO   57 --- [   JobScheduler] org.apache.spark.internal.Logging        : Finished job streaming job 1655897776000 ms.0 from job set of time 1655897776000 ms
2022-06-22 12:36:16.034  INFO   57 --- [   JobScheduler] org.apache.spark.internal.Logging        : Total delay: 0.031 s for time 1655897776000 ms (execution: 0.004 s)
2022-06-22 12:36:16.035  INFO   57 --- [   JobGenerator] org.apache.spark.internal.Logging        : Removing RDD 18 from persistence list
2022-06-22 12:36:16.037  INFO   57 --- [   JobGenerator] org.apache.spark.internal.Logging        : Removing RDD 17 from persistence list
2022-06-22 12:36:16.039  INFO   57 --- [   JobGenerator] org.apache.spark.internal.Logging        : Removing blocks of RDD BlockRDD[17] at receiverStream at Application.java:111 of time 1655897776000 ms
2022-06-22 12:36:16.039  INFO   57 --- [   JobGenerator] org.apache.spark.internal.Logging        : Deleting batches: 1655897774000 ms
2022-06-22 12:36:16.039  INFO   57 --- [-thread-pool-48] org.apache.spark.internal.Logging        : Removing RDD 18
2022-06-22 12:36:16.040  INFO   57 --- [-thread-pool-49] org.apache.spark.internal.Logging        : Removing RDD 17
2022-06-22 12:36:16.040  INFO   57 --- [   JobGenerator] org.apache.spark.internal.Logging        : remove old batch metadata: 1655897774000 ms
2022-06-22 12:36:16.675  WARN   69 --- [shutdown-hook-0] org.apache.spark.internal.Logging        : Not all of the receivers have deregistered, Vector(0)
2022-06-22 12:36:16.677  INFO   57 --- [shutdown-hook-0] org.apache.spark.internal.Logging        : ReceiverTracker stopped
2022-06-22 12:36:16.679  INFO   57 --- [shutdown-hook-0] org.apache.spark.internal.Logging        : Stopping JobGenerator immediately
2022-06-22 12:36:16.681  INFO   57 --- [shutdown-hook-0] org.apache.spark.internal.Logging        : Stopped timer for JobGenerator after time 1655897776000
2022-06-22 12:36:16.683  INFO   57 --- [shutdown-hook-0] org.apache.spark.internal.Logging        : Stopped JobGenerator
2022-06-22 12:36:16.688  INFO   57 --- [shutdown-hook-0] org.apache.spark.internal.Logging        : Stopped JobScheduler
2022-06-22 12:36:16.699  INFO 1153 --- [shutdown-hook-0] ject.jetty.server.handler.ContextHandler : Stopped o.s.j.s.ServletContextHandler@34e20e6b{/streaming,null,STOPPED,@Spark}
2022-06-22 12:36:16.701  INFO 1153 --- [shutdown-hook-0] ject.jetty.server.handler.ContextHandler : Stopped o.s.j.s.ServletContextHandler@7a7d1b47{/streaming/json,null,STOPPED,@Spark}
2022-06-22 12:36:16.702  INFO 1153 --- [shutdown-hook-0] ject.jetty.server.handler.ContextHandler : Stopped o.s.j.s.ServletContextHandler@f2ce6b{/streaming/batch,null,STOPPED,@Spark}
2022-06-22 12:36:16.703  INFO 1153 --- [shutdown-hook-0] ject.jetty.server.handler.ContextHandler : Stopped o.s.j.s.ServletContextHandler@5e2f3be5{/streaming/batch/json,null,STOPPED,@Spark}
2022-06-22 12:36:16.705  INFO 1153 --- [shutdown-hook-0] ject.jetty.server.handler.ContextHandler : Stopped o.s.j.s.ServletContextHandler@26a2f7f9{/static/streaming,null,STOPPED,@Spark}
2022-06-22 12:36:16.708  INFO   57 --- [shutdown-hook-0] org.apache.spark.internal.Logging        : StreamingContext stopped successfully
2022-06-22 12:36:16.709  INFO   57 --- [shutdown-hook-0] org.apache.spark.internal.Logging        : Invoking stop() from shutdown hook
2022-06-22 12:36:16.723  INFO  381 --- [shutdown-hook-0] rkproject.jetty.server.AbstractConnector : Stopped Spark@64da2a7{HTTP/1.1, (http/1.1)}{0.0.0.0:4040}
2022-06-22 12:36:16.725  INFO   57 --- [shutdown-hook-0] org.apache.spark.internal.Logging        : Stopped Spark web UI at http://host.docker.internal:4040
2022-06-22 12:36:16.732  INFO   57 --- [shutdown-hook-0] org.apache.spark.internal.Logging        : ResultStage 0 (start at Application.java:119) failed in 10.016 s due to Stage cancelled because SparkContext was shut down
2022-06-22 12:36:16.755  INFO   57 --- [er-event-loop-2] org.apache.spark.internal.Logging        : MapOutputTrackerMasterEndpoint stopped!
2022-06-22 12:36:16.774  INFO   57 --- [shutdown-hook-0] org.apache.spark.internal.Logging        : MemoryStore cleared
2022-06-22 12:36:16.775  INFO   57 --- [shutdown-hook-0] org.apache.spark.internal.Logging        : BlockManager stopped
2022-06-22 12:36:16.783  INFO   57 --- [shutdown-hook-0] org.apache.spark.internal.Logging        : BlockManagerMaster stopped
2022-06-22 12:36:16.788  INFO   57 --- [er-event-loop-2] org.apache.spark.internal.Logging        : OutputCommitCoordinator stopped!
2022-06-22 12:36:16.794  INFO   57 --- [shutdown-hook-0] org.apache.spark.internal.Logging        : Successfully stopped SparkContext
2022-06-22 12:36:16.795  INFO   57 --- [shutdown-hook-0] org.apache.spark.internal.Logging        : Shutdown hook called
2022-06-22 12:36:16.796  INFO   57 --- [shutdown-hook-0] org.apache.spark.internal.Logging        : Deleting directory C:\Users\Wael Hamdi\AppData\Local\Temp\spark-49df85ca-16ad-4e38-90e5-1d062b227221
