2022-08-02 14:37:42.900  INFO   53 --- [           main] com.elite.cdr.validator.Application      : Starting ASN1 Reader 
2022-08-02 14:37:42.947  INFO   55 --- [           main] com.elite.cdr.validator.Application      : ############### Run with the args [--env, local, --file, src/main/resources/data/simpleTypes.ber, --prop, src/main/resources/myapp.properties]
2022-08-02 14:37:43.166  INFO   61 --- [           main] com.elite.cdr.validator.Application      : ############### Run in local mode
2022-08-02 14:37:48.541  INFO   57 --- [           main] org.apache.spark.internal.Logging        : Running Spark version 3.2.1
2022-08-02 14:37:52.260  INFO   57 --- [           main] org.apache.spark.internal.Logging        : ==============================================================
2022-08-02 14:37:52.260  INFO   57 --- [           main] org.apache.spark.internal.Logging        : No custom resources configured for spark.driver.
2022-08-02 14:37:52.260  INFO   57 --- [           main] org.apache.spark.internal.Logging        : ==============================================================
2022-08-02 14:37:52.260  INFO   57 --- [           main] org.apache.spark.internal.Logging        : Submitted application: NiFi Spark Streaming example
2022-08-02 14:37:52.510  INFO   57 --- [           main] org.apache.spark.internal.Logging        : Default ResourceProfile created, executor resources: Map(cores -> name: cores, amount: 1, script: , vendor: , memory -> name: memory, amount: 1024, script: , vendor: , offHeap -> name: offHeap, amount: 0, script: , vendor: ), task resources: Map(cpus -> name: cpus, amount: 1.0)
2022-08-02 14:37:52.525  INFO   57 --- [           main] org.apache.spark.internal.Logging        : Limiting resource is cpu
2022-08-02 14:37:52.541  INFO   57 --- [           main] org.apache.spark.internal.Logging        : Added ResourceProfile id: 0
2022-08-02 14:37:53.010  INFO   57 --- [           main] org.apache.spark.internal.Logging        : Changing view acls to: Wael Hamdi
2022-08-02 14:37:53.010  INFO   57 --- [           main] org.apache.spark.internal.Logging        : Changing modify acls to: Wael Hamdi
2022-08-02 14:37:53.010  INFO   57 --- [           main] org.apache.spark.internal.Logging        : Changing view acls groups to: 
2022-08-02 14:37:53.010  INFO   57 --- [           main] org.apache.spark.internal.Logging        : Changing modify acls groups to: 
2022-08-02 14:37:53.010  INFO   57 --- [           main] org.apache.spark.internal.Logging        : SecurityManager: authentication disabled; ui acls disabled; users  with view permissions: Set(Wael Hamdi); groups with view permissions: Set(); users  with modify permissions: Set(Wael Hamdi); groups with modify permissions: Set()
2022-08-02 14:37:56.525  INFO   57 --- [           main] org.apache.spark.internal.Logging        : Successfully started service 'sparkDriver' on port 60802.
2022-08-02 14:37:57.206  INFO   57 --- [           main] org.apache.spark.internal.Logging        : Registering MapOutputTracker
2022-08-02 14:37:57.786  INFO   57 --- [           main] org.apache.spark.internal.Logging        : Registering BlockManagerMaster
2022-08-02 14:37:58.239  INFO   57 --- [           main] org.apache.spark.internal.Logging        : Using org.apache.spark.storage.DefaultTopologyMapper for getting topology information
2022-08-02 14:37:58.239  INFO   57 --- [           main] org.apache.spark.internal.Logging        : BlockManagerMasterEndpoint up
2022-08-02 14:37:58.254  INFO   57 --- [           main] org.apache.spark.internal.Logging        : Registering BlockManagerMasterHeartbeat
2022-08-02 14:37:58.562  INFO   57 --- [           main] org.apache.spark.internal.Logging        : Created local directory at C:\Users\Wael Hamdi\AppData\Local\Temp\blockmgr-c1a1b362-146a-492c-9e26-a9bbe5491805
2022-08-02 14:37:58.812  INFO   57 --- [           main] org.apache.spark.internal.Logging        : MemoryStore started with capacity 897.6 MiB
2022-08-02 14:37:58.906  INFO   57 --- [           main] org.apache.spark.internal.Logging        : Registering OutputCommitCoordinator
2022-08-02 14:38:09.240  INFO  170 --- [           main] org.sparkproject.jetty.util.log.Log      : Logging initialized @31464ms to org.sparkproject.jetty.util.log.Slf4jLog
2022-08-02 14:38:12.333  INFO  375 --- [           main] org.sparkproject.jetty.server.Server     : jetty-9.4.43.v20210629; built: 2021-06-30T11:07:22.254Z; git: 526006ecfa3af7f1a27ef3a288e2bef7ea9dd7e8; jvm 1.8.0_301-b09
2022-08-02 14:38:12.380  INFO  415 --- [           main] org.sparkproject.jetty.server.Server     : Started @34610ms
2022-08-02 14:38:12.489  INFO  331 --- [           main] rkproject.jetty.server.AbstractConnector : Started ServerConnector@7689ddef{HTTP/1.1, (http/1.1)}{0.0.0.0:4040}
2022-08-02 14:38:12.489  INFO   57 --- [           main] org.apache.spark.internal.Logging        : Successfully started service 'SparkUI' on port 4040.
2022-08-02 14:38:12.536  INFO  915 --- [           main] ject.jetty.server.handler.ContextHandler : Started o.s.j.s.ServletContextHandler@5a62b2a4{/jobs,null,AVAILABLE,@Spark}
2022-08-02 14:38:12.536  INFO  915 --- [           main] ject.jetty.server.handler.ContextHandler : Started o.s.j.s.ServletContextHandler@2b5cb9b2{/jobs/json,null,AVAILABLE,@Spark}
2022-08-02 14:38:12.536  INFO  915 --- [           main] ject.jetty.server.handler.ContextHandler : Started o.s.j.s.ServletContextHandler@ecf9049{/jobs/job,null,AVAILABLE,@Spark}
2022-08-02 14:38:12.552  INFO  915 --- [           main] ject.jetty.server.handler.ContextHandler : Started o.s.j.s.ServletContextHandler@50305a{/jobs/job/json,null,AVAILABLE,@Spark}
2022-08-02 14:38:12.552  INFO  915 --- [           main] ject.jetty.server.handler.ContextHandler : Started o.s.j.s.ServletContextHandler@6d511b5f{/stages,null,AVAILABLE,@Spark}
2022-08-02 14:38:12.552  INFO  915 --- [           main] ject.jetty.server.handler.ContextHandler : Started o.s.j.s.ServletContextHandler@40f33492{/stages/json,null,AVAILABLE,@Spark}
2022-08-02 14:38:12.552  INFO  915 --- [           main] ject.jetty.server.handler.ContextHandler : Started o.s.j.s.ServletContextHandler@2ad3a1bb{/stages/stage,null,AVAILABLE,@Spark}
2022-08-02 14:38:12.552  INFO  915 --- [           main] ject.jetty.server.handler.ContextHandler : Started o.s.j.s.ServletContextHandler@24be2d9c{/stages/stage/json,null,AVAILABLE,@Spark}
2022-08-02 14:38:12.552  INFO  915 --- [           main] ject.jetty.server.handler.ContextHandler : Started o.s.j.s.ServletContextHandler@aec50a1{/stages/pool,null,AVAILABLE,@Spark}
2022-08-02 14:38:12.552  INFO  915 --- [           main] ject.jetty.server.handler.ContextHandler : Started o.s.j.s.ServletContextHandler@70d2e40b{/stages/pool/json,null,AVAILABLE,@Spark}
2022-08-02 14:38:12.552  INFO  915 --- [           main] ject.jetty.server.handler.ContextHandler : Started o.s.j.s.ServletContextHandler@7a0e1b5e{/storage,null,AVAILABLE,@Spark}
2022-08-02 14:38:12.552  INFO  915 --- [           main] ject.jetty.server.handler.ContextHandler : Started o.s.j.s.ServletContextHandler@173b9122{/storage/json,null,AVAILABLE,@Spark}
2022-08-02 14:38:12.568  INFO  915 --- [           main] ject.jetty.server.handler.ContextHandler : Started o.s.j.s.ServletContextHandler@7646731d{/storage/rdd,null,AVAILABLE,@Spark}
2022-08-02 14:38:12.568  INFO  915 --- [           main] ject.jetty.server.handler.ContextHandler : Started o.s.j.s.ServletContextHandler@3b1bb3ab{/storage/rdd/json,null,AVAILABLE,@Spark}
2022-08-02 14:38:12.568  INFO  915 --- [           main] ject.jetty.server.handler.ContextHandler : Started o.s.j.s.ServletContextHandler@40bffbca{/environment,null,AVAILABLE,@Spark}
2022-08-02 14:38:12.568  INFO  915 --- [           main] ject.jetty.server.handler.ContextHandler : Started o.s.j.s.ServletContextHandler@42a9a63e{/environment/json,null,AVAILABLE,@Spark}
2022-08-02 14:38:12.568  INFO  915 --- [           main] ject.jetty.server.handler.ContextHandler : Started o.s.j.s.ServletContextHandler@5d8445d7{/executors,null,AVAILABLE,@Spark}
2022-08-02 14:38:12.568  INFO  915 --- [           main] ject.jetty.server.handler.ContextHandler : Started o.s.j.s.ServletContextHandler@384fc774{/executors/json,null,AVAILABLE,@Spark}
2022-08-02 14:38:12.568  INFO  915 --- [           main] ject.jetty.server.handler.ContextHandler : Started o.s.j.s.ServletContextHandler@71e9a896{/executors/threadDump,null,AVAILABLE,@Spark}
2022-08-02 14:38:12.568  INFO  915 --- [           main] ject.jetty.server.handler.ContextHandler : Started o.s.j.s.ServletContextHandler@408b35bf{/executors/threadDump/json,null,AVAILABLE,@Spark}
2022-08-02 14:38:12.630  INFO  915 --- [           main] ject.jetty.server.handler.ContextHandler : Started o.s.j.s.ServletContextHandler@15bcf458{/static,null,AVAILABLE,@Spark}
2022-08-02 14:38:12.630  INFO  915 --- [           main] ject.jetty.server.handler.ContextHandler : Started o.s.j.s.ServletContextHandler@4362d7df{/,null,AVAILABLE,@Spark}
2022-08-02 14:38:12.646  INFO  915 --- [           main] ject.jetty.server.handler.ContextHandler : Started o.s.j.s.ServletContextHandler@1c25b8a7{/api,null,AVAILABLE,@Spark}
2022-08-02 14:38:12.646  INFO  915 --- [           main] ject.jetty.server.handler.ContextHandler : Started o.s.j.s.ServletContextHandler@2ef8a8c3{/jobs/job/kill,null,AVAILABLE,@Spark}
2022-08-02 14:38:12.646  INFO  915 --- [           main] ject.jetty.server.handler.ContextHandler : Started o.s.j.s.ServletContextHandler@63fd4873{/stages/stage/kill,null,AVAILABLE,@Spark}
2022-08-02 14:38:12.646  INFO   57 --- [           main] org.apache.spark.internal.Logging        : Bound SparkUI to 0.0.0.0, and started at http://host.docker.internal:4040
2022-08-02 14:38:13.349  INFO   57 --- [           main] org.apache.spark.internal.Logging        : Starting executor ID driver on host host.docker.internal
2022-08-02 14:38:13.505  INFO   57 --- [           main] org.apache.spark.internal.Logging        : Successfully started service 'org.apache.spark.network.netty.NettyBlockTransferService' on port 60846.
2022-08-02 14:38:13.505  INFO   82 --- [           main] .network.netty.NettyBlockTransferService : Server created on host.docker.internal:60846
2022-08-02 14:38:13.521  INFO   57 --- [           main] org.apache.spark.internal.Logging        : Using org.apache.spark.storage.RandomBlockReplicationPolicy for block replication policy
2022-08-02 14:38:13.552  INFO   57 --- [           main] org.apache.spark.internal.Logging        : Registering BlockManager BlockManagerId(driver, host.docker.internal, 60846, None)
2022-08-02 14:38:13.552  INFO   57 --- [ckManagerMaster] org.apache.spark.internal.Logging        : Registering block manager host.docker.internal:60846 with 897.6 MiB RAM, BlockManagerId(driver, host.docker.internal, 60846, None)
2022-08-02 14:38:13.568  INFO   57 --- [           main] org.apache.spark.internal.Logging        : Registered BlockManager BlockManagerId(driver, host.docker.internal, 60846, None)
2022-08-02 14:38:13.568  INFO   57 --- [           main] org.apache.spark.internal.Logging        : Initialized BlockManager: BlockManagerId(driver, host.docker.internal, 60846, None)
2022-08-02 14:38:13.739  ERROR   73 --- [           main] org.apache.spark.internal.Logging        : Sink class org.apache.spark.metrics.sink.MetricsServlet cannot be instantiated
2022-08-02 14:38:13.739  ERROR   94 --- [           main] org.apache.spark.internal.Logging        : Error initializing SparkContext.
java.lang.reflect.InvocationTargetException
	at sun.reflect.NativeConstructorAccessorImpl.newInstance0(Native Method)
	at sun.reflect.NativeConstructorAccessorImpl.newInstance(NativeConstructorAccessorImpl.java:62)
	at sun.reflect.DelegatingConstructorAccessorImpl.newInstance(DelegatingConstructorAccessorImpl.java:45)
	at java.lang.reflect.Constructor.newInstance(Constructor.java:423)
	at org.apache.spark.metrics.MetricsSystem.$anonfun$registerSinks$1(MetricsSystem.scala:206)
	at scala.collection.mutable.HashMap.$anonfun$foreach$1(HashMap.scala:149)
	at scala.collection.mutable.HashTable.foreachEntry(HashTable.scala:237)
	at scala.collection.mutable.HashTable.foreachEntry$(HashTable.scala:230)
	at scala.collection.mutable.HashMap.foreachEntry(HashMap.scala:44)
	at scala.collection.mutable.HashMap.foreach(HashMap.scala:149)
	at org.apache.spark.metrics.MetricsSystem.registerSinks(MetricsSystem.scala:199)
	at org.apache.spark.metrics.MetricsSystem.start(MetricsSystem.scala:103)
	at org.apache.spark.SparkContext.<init>(SparkContext.scala:601)
	at org.apache.spark.streaming.StreamingContext$.createNewSparkContext(StreamingContext.scala:851)
	at org.apache.spark.streaming.StreamingContext.<init>(StreamingContext.scala:85)
	at org.apache.spark.streaming.api.java.JavaStreamingContext.<init>(JavaStreamingContext.scala:138)
	at com.elite.cdr.validator.Application.main(Application.java:123)
Caused by: java.lang.NoClassDefFoundError: com/fasterxml/jackson/annotation/JsonMerge
	at com.fasterxml.jackson.databind.introspect.JacksonAnnotationIntrospector.<clinit>(JacksonAnnotationIntrospector.java:50)
	at com.fasterxml.jackson.databind.ObjectMapper.<clinit>(ObjectMapper.java:357)
	at org.apache.spark.metrics.sink.MetricsServlet.<init>(MetricsServlet.scala:45)
	... 17 more
Caused by: java.lang.ClassNotFoundException: com.fasterxml.jackson.annotation.JsonMerge
	at java.net.URLClassLoader.findClass(URLClassLoader.java:382)
	at java.lang.ClassLoader.loadClass(ClassLoader.java:418)
	at sun.misc.Launcher$AppClassLoader.loadClass(Launcher.java:355)
	at java.lang.ClassLoader.loadClass(ClassLoader.java:351)
	... 20 more
2022-08-02 14:38:13.818  INFO  381 --- [           main] rkproject.jetty.server.AbstractConnector : Stopped Spark@7689ddef{HTTP/1.1, (http/1.1)}{0.0.0.0:4040}
2022-08-02 14:38:13.833  INFO   57 --- [           main] org.apache.spark.internal.Logging        : Stopped Spark web UI at http://host.docker.internal:4040
2022-08-02 14:38:13.943  INFO   57 --- [er-event-loop-3] org.apache.spark.internal.Logging        : MapOutputTrackerMasterEndpoint stopped!
2022-08-02 14:38:13.974  INFO   57 --- [           main] org.apache.spark.internal.Logging        : MemoryStore cleared
2022-08-02 14:38:13.974  INFO   57 --- [           main] org.apache.spark.internal.Logging        : BlockManager stopped
2022-08-02 14:38:14.005  INFO   57 --- [           main] org.apache.spark.internal.Logging        : BlockManagerMaster stopped
2022-08-02 14:38:14.021  INFO   57 --- [er-event-loop-0] org.apache.spark.internal.Logging        : OutputCommitCoordinator stopped!
2022-08-02 14:38:14.021  INFO   57 --- [           main] org.apache.spark.internal.Logging        : Successfully stopped SparkContext
2022-08-02 14:38:14.036  INFO   57 --- [shutdown-hook-0] org.apache.spark.internal.Logging        : Shutdown hook called
2022-08-02 14:38:14.036  INFO   57 --- [shutdown-hook-0] org.apache.spark.internal.Logging        : Deleting directory C:\Users\Wael Hamdi\AppData\Local\Temp\spark-58bf8460-c220-4ff5-8374-de8bbdb1c145
