2022-08-01 16:49:45.401  INFO   48 --- [           main] com.elite.cdr.validator.Application      : Starting ASN1 Reader 
2022-08-01 16:49:45.417  INFO   50 --- [           main] com.elite.cdr.validator.Application      : ############### Run with the args [--env, local, --file, src/main/resources/data/simpleTypes.ber, --prop, src/main/resources/myapp.properties]
2022-08-01 16:49:45.479  INFO   56 --- [           main] com.elite.cdr.validator.Application      : ############### Run in local mode
2022-08-01 16:49:47.057  INFO   57 --- [           main] org.apache.spark.internal.Logging        : Running Spark version 3.2.1
2022-08-01 16:49:47.495  INFO   57 --- [           main] org.apache.spark.internal.Logging        : ==============================================================
2022-08-01 16:49:47.557  INFO   57 --- [           main] org.apache.spark.internal.Logging        : No custom resources configured for spark.driver.
2022-08-01 16:49:47.557  INFO   57 --- [           main] org.apache.spark.internal.Logging        : ==============================================================
2022-08-01 16:49:47.557  INFO   57 --- [           main] org.apache.spark.internal.Logging        : Submitted application: NiFi Spark Streaming example
2022-08-01 16:49:47.682  INFO   57 --- [           main] org.apache.spark.internal.Logging        : Default ResourceProfile created, executor resources: Map(cores -> name: cores, amount: 1, script: , vendor: , memory -> name: memory, amount: 1024, script: , vendor: , offHeap -> name: offHeap, amount: 0, script: , vendor: ), task resources: Map(cpus -> name: cpus, amount: 1.0)
2022-08-01 16:49:47.714  INFO   57 --- [           main] org.apache.spark.internal.Logging        : Limiting resource is cpu
2022-08-01 16:49:47.729  INFO   57 --- [           main] org.apache.spark.internal.Logging        : Added ResourceProfile id: 0
2022-08-01 16:49:47.964  INFO   57 --- [           main] org.apache.spark.internal.Logging        : Changing view acls to: Wael Hamdi
2022-08-01 16:49:48.057  INFO   57 --- [           main] org.apache.spark.internal.Logging        : Changing modify acls to: Wael Hamdi
2022-08-01 16:49:48.057  INFO   57 --- [           main] org.apache.spark.internal.Logging        : Changing view acls groups to: 
2022-08-01 16:49:48.057  INFO   57 --- [           main] org.apache.spark.internal.Logging        : Changing modify acls groups to: 
2022-08-01 16:49:48.073  INFO   57 --- [           main] org.apache.spark.internal.Logging        : SecurityManager: authentication disabled; ui acls disabled; users  with view permissions: Set(Wael Hamdi); groups with view permissions: Set(); users  with modify permissions: Set(Wael Hamdi); groups with modify permissions: Set()
2022-08-01 16:49:50.460  INFO   57 --- [           main] org.apache.spark.internal.Logging        : Successfully started service 'sparkDriver' on port 57055.
2022-08-01 16:49:50.507  INFO   57 --- [           main] org.apache.spark.internal.Logging        : Registering MapOutputTracker
2022-08-01 16:49:50.554  INFO   57 --- [           main] org.apache.spark.internal.Logging        : Registering BlockManagerMaster
2022-08-01 16:49:50.570  INFO   57 --- [           main] org.apache.spark.internal.Logging        : Using org.apache.spark.storage.DefaultTopologyMapper for getting topology information
2022-08-01 16:49:50.585  INFO   57 --- [           main] org.apache.spark.internal.Logging        : BlockManagerMasterEndpoint up
2022-08-01 16:49:50.585  INFO   57 --- [           main] org.apache.spark.internal.Logging        : Registering BlockManagerMasterHeartbeat
2022-08-01 16:49:50.617  INFO   57 --- [           main] org.apache.spark.internal.Logging        : Created local directory at C:\Users\Wael Hamdi\AppData\Local\Temp\blockmgr-f7b5902a-10b7-4954-b61a-4f78d5a8b611
2022-08-01 16:49:50.648  INFO   57 --- [           main] org.apache.spark.internal.Logging        : MemoryStore started with capacity 897.6 MiB
2022-08-01 16:49:50.664  INFO   57 --- [           main] org.apache.spark.internal.Logging        : Registering OutputCommitCoordinator
2022-08-01 16:49:50.789  INFO  170 --- [           main] org.sparkproject.jetty.util.log.Log      : Logging initialized @6293ms to org.sparkproject.jetty.util.log.Slf4jLog
2022-08-01 16:49:50.882  INFO  375 --- [           main] org.sparkproject.jetty.server.Server     : jetty-9.4.43.v20210629; built: 2021-06-30T11:07:22.254Z; git: 526006ecfa3af7f1a27ef3a288e2bef7ea9dd7e8; jvm 1.8.0_301-b09
2022-08-01 16:49:50.914  INFO  415 --- [           main] org.sparkproject.jetty.server.Server     : Started @6416ms
2022-08-01 16:49:50.945  INFO  331 --- [           main] rkproject.jetty.server.AbstractConnector : Started ServerConnector@4e8f14cd{HTTP/1.1, (http/1.1)}{0.0.0.0:4040}
2022-08-01 16:49:50.960  INFO   57 --- [           main] org.apache.spark.internal.Logging        : Successfully started service 'SparkUI' on port 4040.
2022-08-01 16:49:50.976  INFO  915 --- [           main] ject.jetty.server.handler.ContextHandler : Started o.s.j.s.ServletContextHandler@6de54b40{/jobs,null,AVAILABLE,@Spark}
2022-08-01 16:49:50.992  INFO  915 --- [           main] ject.jetty.server.handler.ContextHandler : Started o.s.j.s.ServletContextHandler@2de366bb{/jobs/json,null,AVAILABLE,@Spark}
2022-08-01 16:49:50.992  INFO  915 --- [           main] ject.jetty.server.handler.ContextHandler : Started o.s.j.s.ServletContextHandler@61a002b1{/jobs/job,null,AVAILABLE,@Spark}
2022-08-01 16:49:50.992  INFO  915 --- [           main] ject.jetty.server.handler.ContextHandler : Started o.s.j.s.ServletContextHandler@e24ddd0{/jobs/job/json,null,AVAILABLE,@Spark}
2022-08-01 16:49:50.992  INFO  915 --- [           main] ject.jetty.server.handler.ContextHandler : Started o.s.j.s.ServletContextHandler@548e76f1{/stages,null,AVAILABLE,@Spark}
2022-08-01 16:49:50.992  INFO  915 --- [           main] ject.jetty.server.handler.ContextHandler : Started o.s.j.s.ServletContextHandler@72c927f1{/stages/json,null,AVAILABLE,@Spark}
2022-08-01 16:49:50.992  INFO  915 --- [           main] ject.jetty.server.handler.ContextHandler : Started o.s.j.s.ServletContextHandler@3dd69f5a{/stages/stage,null,AVAILABLE,@Spark}
2022-08-01 16:49:50.992  INFO  915 --- [           main] ject.jetty.server.handler.ContextHandler : Started o.s.j.s.ServletContextHandler@5003041b{/stages/stage/json,null,AVAILABLE,@Spark}
2022-08-01 16:49:50.992  INFO  915 --- [           main] ject.jetty.server.handler.ContextHandler : Started o.s.j.s.ServletContextHandler@16fb356{/stages/pool,null,AVAILABLE,@Spark}
2022-08-01 16:49:50.992  INFO  915 --- [           main] ject.jetty.server.handler.ContextHandler : Started o.s.j.s.ServletContextHandler@23a9ba52{/stages/pool/json,null,AVAILABLE,@Spark}
2022-08-01 16:49:51.007  INFO  915 --- [           main] ject.jetty.server.handler.ContextHandler : Started o.s.j.s.ServletContextHandler@70ab80e3{/storage,null,AVAILABLE,@Spark}
2022-08-01 16:49:51.007  INFO  915 --- [           main] ject.jetty.server.handler.ContextHandler : Started o.s.j.s.ServletContextHandler@67427b69{/storage/json,null,AVAILABLE,@Spark}
2022-08-01 16:49:51.007  INFO  915 --- [           main] ject.jetty.server.handler.ContextHandler : Started o.s.j.s.ServletContextHandler@544630b7{/storage/rdd,null,AVAILABLE,@Spark}
2022-08-01 16:49:51.007  INFO  915 --- [           main] ject.jetty.server.handler.ContextHandler : Started o.s.j.s.ServletContextHandler@1095f122{/storage/rdd/json,null,AVAILABLE,@Spark}
2022-08-01 16:49:51.007  INFO  915 --- [           main] ject.jetty.server.handler.ContextHandler : Started o.s.j.s.ServletContextHandler@3d6300e8{/environment,null,AVAILABLE,@Spark}
2022-08-01 16:49:51.007  INFO  915 --- [           main] ject.jetty.server.handler.ContextHandler : Started o.s.j.s.ServletContextHandler@24a1c17f{/environment/json,null,AVAILABLE,@Spark}
2022-08-01 16:49:51.007  INFO  915 --- [           main] ject.jetty.server.handler.ContextHandler : Started o.s.j.s.ServletContextHandler@73511076{/executors,null,AVAILABLE,@Spark}
2022-08-01 16:49:51.007  INFO  915 --- [           main] ject.jetty.server.handler.ContextHandler : Started o.s.j.s.ServletContextHandler@532721fd{/executors/json,null,AVAILABLE,@Spark}
2022-08-01 16:49:51.007  INFO  915 --- [           main] ject.jetty.server.handler.ContextHandler : Started o.s.j.s.ServletContextHandler@7fb9f71f{/executors/threadDump,null,AVAILABLE,@Spark}
2022-08-01 16:49:51.007  INFO  915 --- [           main] ject.jetty.server.handler.ContextHandler : Started o.s.j.s.ServletContextHandler@51f49060{/executors/threadDump/json,null,AVAILABLE,@Spark}
2022-08-01 16:49:51.023  INFO  915 --- [           main] ject.jetty.server.handler.ContextHandler : Started o.s.j.s.ServletContextHandler@617fe9e1{/static,null,AVAILABLE,@Spark}
2022-08-01 16:49:51.023  INFO  915 --- [           main] ject.jetty.server.handler.ContextHandler : Started o.s.j.s.ServletContextHandler@1a2e2935{/,null,AVAILABLE,@Spark}
2022-08-01 16:49:51.039  INFO  915 --- [           main] ject.jetty.server.handler.ContextHandler : Started o.s.j.s.ServletContextHandler@4b629f13{/api,null,AVAILABLE,@Spark}
2022-08-01 16:49:51.039  INFO  915 --- [           main] ject.jetty.server.handler.ContextHandler : Started o.s.j.s.ServletContextHandler@37cd92d6{/jobs/job/kill,null,AVAILABLE,@Spark}
2022-08-01 16:49:51.039  INFO  915 --- [           main] ject.jetty.server.handler.ContextHandler : Started o.s.j.s.ServletContextHandler@4263b080{/stages/stage/kill,null,AVAILABLE,@Spark}
2022-08-01 16:49:51.039  INFO   57 --- [           main] org.apache.spark.internal.Logging        : Bound SparkUI to 0.0.0.0, and started at http://host.docker.internal:4040
2022-08-01 16:49:51.257  INFO   57 --- [           main] org.apache.spark.internal.Logging        : Starting executor ID driver on host host.docker.internal
2022-08-01 16:49:51.398  INFO   57 --- [           main] org.apache.spark.internal.Logging        : Successfully started service 'org.apache.spark.network.netty.NettyBlockTransferService' on port 57079.
2022-08-01 16:49:51.398  INFO   82 --- [           main] .network.netty.NettyBlockTransferService : Server created on host.docker.internal:57079
2022-08-01 16:49:51.398  INFO   57 --- [           main] org.apache.spark.internal.Logging        : Using org.apache.spark.storage.RandomBlockReplicationPolicy for block replication policy
2022-08-01 16:49:51.398  INFO   57 --- [           main] org.apache.spark.internal.Logging        : Registering BlockManager BlockManagerId(driver, host.docker.internal, 57079, None)
2022-08-01 16:49:51.414  INFO   57 --- [ckManagerMaster] org.apache.spark.internal.Logging        : Registering block manager host.docker.internal:57079 with 897.6 MiB RAM, BlockManagerId(driver, host.docker.internal, 57079, None)
2022-08-01 16:49:51.414  INFO   57 --- [           main] org.apache.spark.internal.Logging        : Registered BlockManager BlockManagerId(driver, host.docker.internal, 57079, None)
2022-08-01 16:49:51.414  INFO   57 --- [           main] org.apache.spark.internal.Logging        : Initialized BlockManager: BlockManagerId(driver, host.docker.internal, 57079, None)
2022-08-01 16:49:51.804  INFO  915 --- [           main] ject.jetty.server.handler.ContextHandler : Started o.s.j.s.ServletContextHandler@5173200b{/metrics/json,null,AVAILABLE,@Spark}
2022-08-01 16:49:52.664  INFO   57 --- [streaming-start] org.apache.spark.internal.Logging        : Starting 1 receivers
2022-08-01 16:49:52.664  INFO   57 --- [streaming-start] org.apache.spark.internal.Logging        : ReceiverTracker started
2022-08-01 16:49:52.679  INFO   57 --- [streaming-start] org.apache.spark.internal.Logging        : Slide time = 1000 ms
2022-08-01 16:49:52.679  INFO   57 --- [streaming-start] org.apache.spark.internal.Logging        : Storage level = Serialized 1x Replicated
2022-08-01 16:49:52.679  INFO   57 --- [streaming-start] org.apache.spark.internal.Logging        : Checkpoint interval = null
2022-08-01 16:49:52.679  INFO   57 --- [streaming-start] org.apache.spark.internal.Logging        : Remember interval = 1000 ms
2022-08-01 16:49:52.679  INFO   57 --- [streaming-start] org.apache.spark.internal.Logging        : Initialized and validated org.apache.spark.streaming.dstream.PluggableInputDStream@5ae6b296
2022-08-01 16:49:52.679  INFO   57 --- [streaming-start] org.apache.spark.internal.Logging        : Slide time = 1000 ms
2022-08-01 16:49:52.679  INFO   57 --- [streaming-start] org.apache.spark.internal.Logging        : Storage level = Serialized 1x Replicated
2022-08-01 16:49:52.679  INFO   57 --- [streaming-start] org.apache.spark.internal.Logging        : Checkpoint interval = null
2022-08-01 16:49:52.679  INFO   57 --- [streaming-start] org.apache.spark.internal.Logging        : Remember interval = 1000 ms
2022-08-01 16:49:52.679  INFO   57 --- [streaming-start] org.apache.spark.internal.Logging        : Initialized and validated org.apache.spark.streaming.dstream.MappedDStream@777232d
2022-08-01 16:49:52.679  INFO   57 --- [streaming-start] org.apache.spark.internal.Logging        : Slide time = 1000 ms
2022-08-01 16:49:52.679  INFO   57 --- [streaming-start] org.apache.spark.internal.Logging        : Storage level = Serialized 1x Replicated
2022-08-01 16:49:52.679  INFO   57 --- [streaming-start] org.apache.spark.internal.Logging        : Checkpoint interval = null
2022-08-01 16:49:52.679  INFO   57 --- [streaming-start] org.apache.spark.internal.Logging        : Remember interval = 1000 ms
2022-08-01 16:49:52.679  INFO   57 --- [streaming-start] org.apache.spark.internal.Logging        : Initialized and validated org.apache.spark.streaming.dstream.ForEachDStream@512c611
2022-08-01 16:49:52.820  INFO   57 --- [er-event-loop-3] org.apache.spark.internal.Logging        : Receiver 0 started
2022-08-01 16:49:52.835  INFO   57 --- [streaming-start] org.apache.spark.internal.Logging        : Started timer for JobGenerator at time 1659368993000
2022-08-01 16:49:52.835  INFO   57 --- [streaming-start] org.apache.spark.internal.Logging        : Started JobGenerator at 1659368993000 ms
2022-08-01 16:49:52.851  INFO   57 --- [streaming-start] org.apache.spark.internal.Logging        : Started JobScheduler
2022-08-01 16:49:52.859  INFO   57 --- [uler-event-loop] org.apache.spark.internal.Logging        : Got job 0 (start at Application.java:156) with 1 output partitions
2022-08-01 16:49:52.860  INFO   57 --- [uler-event-loop] org.apache.spark.internal.Logging        : Final stage: ResultStage 0 (start at Application.java:156)
2022-08-01 16:49:52.861  INFO  915 --- [           main] ject.jetty.server.handler.ContextHandler : Started o.s.j.s.ServletContextHandler@460510aa{/streaming,null,AVAILABLE,@Spark}
2022-08-01 16:49:52.861  INFO   57 --- [uler-event-loop] org.apache.spark.internal.Logging        : Parents of final stage: List()
2022-08-01 16:49:52.863  INFO  915 --- [           main] ject.jetty.server.handler.ContextHandler : Started o.s.j.s.ServletContextHandler@6fd77352{/streaming/json,null,AVAILABLE,@Spark}
2022-08-01 16:49:52.864  INFO   57 --- [uler-event-loop] org.apache.spark.internal.Logging        : Missing parents: List()
2022-08-01 16:49:52.867  INFO  915 --- [           main] ject.jetty.server.handler.ContextHandler : Started o.s.j.s.ServletContextHandler@327c7bea{/streaming/batch,null,AVAILABLE,@Spark}
2022-08-01 16:49:52.869  INFO  915 --- [           main] ject.jetty.server.handler.ContextHandler : Started o.s.j.s.ServletContextHandler@6c65860d{/streaming/batch/json,null,AVAILABLE,@Spark}
2022-08-01 16:49:52.873  INFO  915 --- [           main] ject.jetty.server.handler.ContextHandler : Started o.s.j.s.ServletContextHandler@60737b23{/static/streaming,null,AVAILABLE,@Spark}
2022-08-01 16:49:52.874  INFO   57 --- [           main] org.apache.spark.internal.Logging        : StreamingContext started
2022-08-01 16:49:52.879  INFO   57 --- [uler-event-loop] org.apache.spark.internal.Logging        : Submitting ResultStage 0 (Receiver 0 ParallelCollectionRDD[0] at makeRDD at ReceiverTracker.scala:609), which has no missing parents
2022-08-01 16:49:53.063  INFO   57 --- [   JobGenerator] org.apache.spark.internal.Logging        : Added jobs for time 1659368993000 ms
2022-08-01 16:49:53.069  INFO   57 --- [   JobScheduler] org.apache.spark.internal.Logging        : Starting job streaming job 1659368993000 ms.0 from job set of time 1659368993000 ms
2022-08-01 16:49:53.140  WARN   69 --- [-job-executor-0] org.apache.spark.internal.Logging        : Using an existing SparkContext; some configuration may not take effect.
2022-08-01 16:49:53.143  INFO   57 --- [uler-event-loop] org.apache.spark.internal.Logging        : Block broadcast_0 stored as values in memory (estimated size 97.5 KiB, free 897.5 MiB)
2022-08-01 16:49:53.320  INFO   57 --- [uler-event-loop] org.apache.spark.internal.Logging        : Block broadcast_0_piece0 stored as bytes in memory (estimated size 34.2 KiB, free 897.5 MiB)
2022-08-01 16:49:53.325  INFO   57 --- [ckManagerMaster] org.apache.spark.internal.Logging        : Added broadcast_0_piece0 in memory on host.docker.internal:57079 (size: 34.2 KiB, free: 897.6 MiB)
2022-08-01 16:49:53.331  INFO   57 --- [uler-event-loop] org.apache.spark.internal.Logging        : Created broadcast 0 from broadcast at DAGScheduler.scala:1478
2022-08-01 16:49:53.370  INFO   57 --- [uler-event-loop] org.apache.spark.internal.Logging        : Submitting 1 missing tasks from ResultStage 0 (Receiver 0 ParallelCollectionRDD[0] at makeRDD at ReceiverTracker.scala:609) (first 15 tasks are for partitions Vector(0))
2022-08-01 16:49:53.379  INFO   57 --- [uler-event-loop] org.apache.spark.internal.Logging        : Adding task set 0.0 with 1 tasks resource profile 0
2022-08-01 16:49:53.560  INFO   57 --- [er-event-loop-0] org.apache.spark.internal.Logging        : Starting task 0.0 in stage 0.0 (TID 0) (host.docker.internal, executor driver, partition 0, PROCESS_LOCAL, 5950 bytes) taskResourceAssignments Map()
2022-08-01 16:49:53.603  INFO   57 --- [age 0.0 (TID 0)] org.apache.spark.internal.Logging        : Running task 0.0 in stage 0.0 (TID 0)
2022-08-01 16:49:53.816  INFO   57 --- [-job-executor-0] org.apache.spark.internal.Logging        : Setting hive.metastore.warehouse.dir ('null') to the value of spark.sql.warehouse.dir.
2022-08-01 16:49:54.044  INFO   57 --- [   JobGenerator] org.apache.spark.internal.Logging        : Added jobs for time 1659368994000 ms
2022-08-01 16:49:54.144  INFO   57 --- [age 0.0 (TID 0)] org.apache.spark.internal.Logging        : Started timer for BlockGenerator at time 1659368994200
2022-08-01 16:49:54.146  INFO   57 --- [age 0.0 (TID 0)] org.apache.spark.internal.Logging        : Started BlockGenerator
2022-08-01 16:49:54.160  INFO   57 --- [er-event-loop-0] org.apache.spark.internal.Logging        : Registered receiver for stream 0 from host.docker.internal:57055
2022-08-01 16:49:54.161  INFO   57 --- [      Thread-14] org.apache.spark.internal.Logging        : Started block pushing thread
2022-08-01 16:49:54.163  INFO   57 --- [age 0.0 (TID 0)] org.apache.spark.internal.Logging        : Starting receiver 0
2022-08-01 16:49:54.166  INFO   57 --- [age 0.0 (TID 0)] org.apache.spark.internal.Logging        : Called receiver 0 onStart
2022-08-01 16:49:54.168  INFO   57 --- [age 0.0 (TID 0)] org.apache.spark.internal.Logging        : Waiting for receiver to be stopped
2022-08-01 16:49:55.003  INFO   57 --- [   JobGenerator] org.apache.spark.internal.Logging        : Added jobs for time 1659368995000 ms
2022-08-01 16:49:55.047  INFO   57 --- [-job-executor-0] org.apache.spark.internal.Logging        : Warehouse path is 'file:/C:/IntelliJProjects/NifiSparkStreaming/spark-warehouse'.
2022-08-01 16:49:55.074  INFO  915 --- [-job-executor-0] ject.jetty.server.handler.ContextHandler : Started o.s.j.s.ServletContextHandler@226901bd{/SQL,null,AVAILABLE,@Spark}
2022-08-01 16:49:55.076  INFO  915 --- [-job-executor-0] ject.jetty.server.handler.ContextHandler : Started o.s.j.s.ServletContextHandler@2f929c35{/SQL/json,null,AVAILABLE,@Spark}
2022-08-01 16:49:55.077  INFO  915 --- [-job-executor-0] ject.jetty.server.handler.ContextHandler : Started o.s.j.s.ServletContextHandler@46986c32{/SQL/execution,null,AVAILABLE,@Spark}
2022-08-01 16:49:55.079  INFO  915 --- [-job-executor-0] ject.jetty.server.handler.ContextHandler : Started o.s.j.s.ServletContextHandler@56e9c6f4{/SQL/execution/json,null,AVAILABLE,@Spark}
2022-08-01 16:49:55.082  INFO  915 --- [-job-executor-0] ject.jetty.server.handler.ContextHandler : Started o.s.j.s.ServletContextHandler@2b3d2ead{/static/sql,null,AVAILABLE,@Spark}
2022-08-01 16:49:56.008  INFO   57 --- [   JobGenerator] org.apache.spark.internal.Logging        : Added jobs for time 1659368996000 ms
2022-08-01 16:49:56.026  INFO  571 --- [  NiFi Receiver] g.apache.nifi.remote.client.PeerSelector : Successfully refreshed peer status cache; remote group consists of 1 peers
2022-08-01 16:49:56.026  INFO  571 --- [ool Maintenance] g.apache.nifi.remote.client.PeerSelector : Successfully refreshed peer status cache; remote group consists of 1 peers
2022-08-01 16:49:56.206  INFO   57 --- [  NiFi Receiver] org.apache.spark.internal.Logging        : Block input-0-1659368994134 stored as values in memory (estimated size 5.1 MiB, free 892.4 MiB)
2022-08-01 16:49:56.208  INFO   57 --- [ckManagerMaster] org.apache.spark.internal.Logging        : Added input-0-1659368994134 in memory on host.docker.internal:57079 (size: 5.1 MiB, free: 892.5 MiB)
2022-08-01 16:49:57.007  INFO   57 --- [   JobGenerator] org.apache.spark.internal.Logging        : Added jobs for time 1659368997000 ms
2022-08-01 16:49:58.006  INFO   57 --- [   JobGenerator] org.apache.spark.internal.Logging        : Added jobs for time 1659368998000 ms
2022-08-01 16:49:59.003  INFO   57 --- [   JobGenerator] org.apache.spark.internal.Logging        : Added jobs for time 1659368999000 ms
2022-08-01 16:50:00.003  INFO   57 --- [   JobGenerator] org.apache.spark.internal.Logging        : Added jobs for time 1659369000000 ms
2022-08-01 16:50:00.398  INFO   57 --- [-job-executor-0] org.apache.spark.internal.Logging        : Code generated in 300.2527 ms
2022-08-01 16:50:00.432  INFO   57 --- [   JobScheduler] org.apache.spark.internal.Logging        : Finished job streaming job 1659368993000 ms.0 from job set of time 1659368993000 ms
2022-08-01 16:50:00.435  INFO   57 --- [   JobScheduler] org.apache.spark.internal.Logging        : Total delay: 7.431 s for time 1659368993000 ms (execution: 7.363 s)
2022-08-01 16:50:00.435  INFO   57 --- [   JobScheduler] org.apache.spark.internal.Logging        : Starting job streaming job 1659368994000 ms.0 from job set of time 1659368994000 ms
2022-08-01 16:50:00.439  WARN   69 --- [-job-executor-0] org.apache.spark.internal.Logging        : Using an existing SparkSession; the static sql configurations will not take effect.
2022-08-01 16:50:00.440  WARN   69 --- [-job-executor-0] org.apache.spark.internal.Logging        : Using an existing SparkSession; some spark core configurations may not take effect.
2022-08-01 16:50:00.446  INFO   57 --- [   JobGenerator] org.apache.spark.internal.Logging        : Deleting batches: 
2022-08-01 16:50:00.449  INFO   57 --- [   JobGenerator] org.apache.spark.internal.Logging        : remove old batch metadata: 
2022-08-01 16:50:00.523  INFO   57 --- [   JobScheduler] org.apache.spark.internal.Logging        : Finished job streaming job 1659368994000 ms.0 from job set of time 1659368994000 ms
2022-08-01 16:50:00.525  INFO   57 --- [   JobGenerator] org.apache.spark.internal.Logging        : Removing RDD 2 from persistence list
2022-08-01 16:50:00.527  INFO   57 --- [   JobScheduler] org.apache.spark.internal.Logging        : Total delay: 6.523 s for time 1659368994000 ms (execution: 0.088 s)
2022-08-01 16:50:00.527  INFO   57 --- [   JobScheduler] org.apache.spark.internal.Logging        : Starting job streaming job 1659368995000 ms.0 from job set of time 1659368995000 ms
2022-08-01 16:50:00.534  WARN   69 --- [-job-executor-0] org.apache.spark.internal.Logging        : Using an existing SparkSession; the static sql configurations will not take effect.
2022-08-01 16:50:00.534  WARN   69 --- [-job-executor-0] org.apache.spark.internal.Logging        : Using an existing SparkSession; some spark core configurations may not take effect.
2022-08-01 16:50:00.570  INFO   57 --- [   JobGenerator] org.apache.spark.internal.Logging        : Removing RDD 1 from persistence list
2022-08-01 16:50:00.572  INFO   57 --- [   JobGenerator] org.apache.spark.internal.Logging        : Removing blocks of RDD BlockRDD[1] at receiverStream at Application.java:122 of time 1659368994000 ms
2022-08-01 16:50:00.573  INFO   57 --- [c-thread-pool-1] org.apache.spark.internal.Logging        : Removing RDD 1
2022-08-01 16:50:00.574  INFO   57 --- [   JobGenerator] org.apache.spark.internal.Logging        : Deleting batches: 
2022-08-01 16:50:00.575  INFO   57 --- [   JobGenerator] org.apache.spark.internal.Logging        : remove old batch metadata: 
2022-08-01 16:50:00.574  INFO   57 --- [c-thread-pool-0] org.apache.spark.internal.Logging        : Removing RDD 2
2022-08-01 16:50:00.640  INFO   57 --- [   JobScheduler] org.apache.spark.internal.Logging        : Finished job streaming job 1659368995000 ms.0 from job set of time 1659368995000 ms
2022-08-01 16:50:00.641  INFO   57 --- [   JobScheduler] org.apache.spark.internal.Logging        : Total delay: 5.640 s for time 1659368995000 ms (execution: 0.113 s)
2022-08-01 16:50:00.641  INFO   57 --- [   JobScheduler] org.apache.spark.internal.Logging        : Starting job streaming job 1659368996000 ms.0 from job set of time 1659368996000 ms
2022-08-01 16:50:00.643  INFO   57 --- [   JobGenerator] org.apache.spark.internal.Logging        : Removing RDD 6 from persistence list
2022-08-01 16:50:00.644  INFO   57 --- [   JobGenerator] org.apache.spark.internal.Logging        : Removing RDD 5 from persistence list
2022-08-01 16:50:00.650  WARN   69 --- [-job-executor-0] org.apache.spark.internal.Logging        : Using an existing SparkSession; the static sql configurations will not take effect.
2022-08-01 16:50:00.652  WARN   69 --- [-job-executor-0] org.apache.spark.internal.Logging        : Using an existing SparkSession; some spark core configurations may not take effect.
2022-08-01 16:50:00.653  INFO   57 --- [   JobGenerator] org.apache.spark.internal.Logging        : Removing blocks of RDD BlockRDD[5] at receiverStream at Application.java:122 of time 1659368995000 ms
2022-08-01 16:50:00.655  INFO   57 --- [   JobGenerator] org.apache.spark.internal.Logging        : Deleting batches: 1659368993000 ms
2022-08-01 16:50:00.655  INFO   57 --- [   JobGenerator] org.apache.spark.internal.Logging        : remove old batch metadata: 1659368993000 ms
2022-08-01 16:50:00.657  INFO   57 --- [c-thread-pool-6] org.apache.spark.internal.Logging        : Removing RDD 6
2022-08-01 16:50:00.658  INFO   57 --- [c-thread-pool-7] org.apache.spark.internal.Logging        : Removing RDD 5
2022-08-01 16:50:00.750  INFO   57 --- [   JobScheduler] org.apache.spark.internal.Logging        : Finished job streaming job 1659368996000 ms.0 from job set of time 1659368996000 ms
2022-08-01 16:50:00.751  INFO   57 --- [   JobScheduler] org.apache.spark.internal.Logging        : Total delay: 4.750 s for time 1659368996000 ms (execution: 0.109 s)
2022-08-01 16:50:00.752  INFO   57 --- [   JobScheduler] org.apache.spark.internal.Logging        : Starting job streaming job 1659368997000 ms.0 from job set of time 1659368997000 ms
2022-08-01 16:50:00.753  INFO   57 --- [   JobGenerator] org.apache.spark.internal.Logging        : Removing RDD 8 from persistence list
2022-08-01 16:50:00.754  WARN   69 --- [-job-executor-0] org.apache.spark.internal.Logging        : Using an existing SparkSession; the static sql configurations will not take effect.
2022-08-01 16:50:00.754  WARN   69 --- [-job-executor-0] org.apache.spark.internal.Logging        : Using an existing SparkSession; some spark core configurations may not take effect.
2022-08-01 16:50:00.755  INFO   57 --- [   JobGenerator] org.apache.spark.internal.Logging        : Removing RDD 7 from persistence list
2022-08-01 16:50:00.761  INFO   57 --- [   JobGenerator] org.apache.spark.internal.Logging        : Removing blocks of RDD BlockRDD[7] at receiverStream at Application.java:122 of time 1659368996000 ms
2022-08-01 16:50:00.762  INFO   57 --- [   JobGenerator] org.apache.spark.internal.Logging        : Deleting batches: 1659368994000 ms
2022-08-01 16:50:00.762  INFO   57 --- [   JobGenerator] org.apache.spark.internal.Logging        : remove old batch metadata: 1659368994000 ms
2022-08-01 16:50:00.763  INFO   57 --- [-thread-pool-12] org.apache.spark.internal.Logging        : Removing RDD 8
2022-08-01 16:50:00.764  INFO   57 --- [-thread-pool-13] org.apache.spark.internal.Logging        : Removing RDD 7
2022-08-01 16:50:00.829  INFO   57 --- [-job-executor-0] org.apache.spark.internal.Logging        : Starting job: show at Application.java:146
2022-08-01 16:50:00.832  INFO   57 --- [uler-event-loop] org.apache.spark.internal.Logging        : Got job 1 (show at Application.java:146) with 1 output partitions
2022-08-01 16:50:00.833  INFO   57 --- [uler-event-loop] org.apache.spark.internal.Logging        : Final stage: ResultStage 1 (show at Application.java:146)
2022-08-01 16:50:00.833  INFO   57 --- [uler-event-loop] org.apache.spark.internal.Logging        : Parents of final stage: List()
2022-08-01 16:50:00.833  INFO   57 --- [uler-event-loop] org.apache.spark.internal.Logging        : Missing parents: List()
2022-08-01 16:50:00.835  INFO   57 --- [uler-event-loop] org.apache.spark.internal.Logging        : Submitting ResultStage 1 (MapPartitionsRDD[36] at show at Application.java:146), which has no missing parents
2022-08-01 16:50:00.860  INFO   57 --- [uler-event-loop] org.apache.spark.internal.Logging        : Block broadcast_1 stored as values in memory (estimated size 12.9 KiB, free 892.4 MiB)
2022-08-01 16:50:00.864  INFO   57 --- [uler-event-loop] org.apache.spark.internal.Logging        : Block broadcast_1_piece0 stored as bytes in memory (estimated size 5.8 KiB, free 892.4 MiB)
2022-08-01 16:50:00.865  INFO   57 --- [ckManagerMaster] org.apache.spark.internal.Logging        : Added broadcast_1_piece0 in memory on host.docker.internal:57079 (size: 5.8 KiB, free: 892.5 MiB)
2022-08-01 16:50:00.867  INFO   57 --- [uler-event-loop] org.apache.spark.internal.Logging        : Created broadcast 1 from broadcast at DAGScheduler.scala:1478
2022-08-01 16:50:00.868  INFO   57 --- [uler-event-loop] org.apache.spark.internal.Logging        : Submitting 1 missing tasks from ResultStage 1 (MapPartitionsRDD[36] at show at Application.java:146) (first 15 tasks are for partitions Vector(0))
2022-08-01 16:50:00.868  INFO   57 --- [uler-event-loop] org.apache.spark.internal.Logging        : Adding task set 1.0 with 1 tasks resource profile 0
2022-08-01 16:50:00.871  INFO   57 --- [er-event-loop-2] org.apache.spark.internal.Logging        : Starting task 0.0 in stage 1.0 (TID 1) (host.docker.internal, executor driver, partition 0, PROCESS_LOCAL, 4394 bytes) taskResourceAssignments Map()
2022-08-01 16:50:00.875  INFO   57 --- [age 1.0 (TID 1)] org.apache.spark.internal.Logging        : Running task 0.0 in stage 1.0 (TID 1)
2022-08-01 16:50:01.008  INFO   57 --- [   JobGenerator] org.apache.spark.internal.Logging        : Added jobs for time 1659369001000 ms
2022-08-01 16:50:01.146  INFO   57 --- [age 1.0 (TID 1)] org.apache.spark.internal.Logging        : Found block input-0-1659368994134 locally
2022-08-01 16:50:01.879  INFO   57 --- [age 1.0 (TID 1)] org.apache.spark.internal.Logging        : 1 block locks were not released by task 0.0 in stage 1.0 (TID 1)
[input-0-1659368994134]
2022-08-01 16:50:01.889  INFO   57 --- [age 1.0 (TID 1)] org.apache.spark.internal.Logging        : Finished task 0.0 in stage 1.0 (TID 1). 2552 bytes result sent to driver
2022-08-01 16:50:01.900  INFO   57 --- [result-getter-0] org.apache.spark.internal.Logging        : Finished task 0.0 in stage 1.0 (TID 1) in 1029 ms on host.docker.internal (executor driver) (1/1)
2022-08-01 16:50:01.939  INFO   57 --- [result-getter-0] org.apache.spark.internal.Logging        : Removed TaskSet 1.0, whose tasks have all completed, from pool 
2022-08-01 16:50:01.960  INFO   57 --- [uler-event-loop] org.apache.spark.internal.Logging        : ResultStage 1 (show at Application.java:146) finished in 1.118 s
2022-08-01 16:50:01.970  INFO   57 --- [uler-event-loop] org.apache.spark.internal.Logging        : Job 1 is finished. Cancelling potential speculative or zombie tasks for this job
2022-08-01 16:50:01.973  INFO   57 --- [uler-event-loop] org.apache.spark.internal.Logging        : Killing all running tasks in stage 1: Stage finished
2022-08-01 16:50:01.977  INFO   57 --- [-job-executor-0] org.apache.spark.internal.Logging        : Job 1 finished: show at Application.java:146, took 1.146350 s
2022-08-01 16:50:02.008  INFO   57 --- [   JobGenerator] org.apache.spark.internal.Logging        : Added jobs for time 1659369002000 ms
2022-08-01 16:50:02.101  INFO   57 --- [-job-executor-0] org.apache.spark.internal.Logging        : Code generated in 71.6507 ms
2022-08-01 16:50:02.124  INFO   57 --- [   JobScheduler] org.apache.spark.internal.Logging        : Finished job streaming job 1659368997000 ms.0 from job set of time 1659368997000 ms
2022-08-01 16:50:02.125  INFO   57 --- [   JobScheduler] org.apache.spark.internal.Logging        : Total delay: 5.124 s for time 1659368997000 ms (execution: 1.372 s)
2022-08-01 16:50:02.125  INFO   57 --- [   JobGenerator] org.apache.spark.internal.Logging        : Removing RDD 10 from persistence list
2022-08-01 16:50:02.126  INFO   57 --- [   JobScheduler] org.apache.spark.internal.Logging        : Starting job streaming job 1659368998000 ms.0 from job set of time 1659368998000 ms
2022-08-01 16:50:02.127  INFO   57 --- [   JobGenerator] org.apache.spark.internal.Logging        : Removing RDD 9 from persistence list
2022-08-01 16:50:02.128  INFO   57 --- [   JobGenerator] org.apache.spark.internal.Logging        : Removing blocks of RDD BlockRDD[9] at receiverStream at Application.java:122 of time 1659368997000 ms
2022-08-01 16:50:02.129  INFO   57 --- [   JobGenerator] org.apache.spark.internal.Logging        : Deleting batches: 1659368995000 ms
2022-08-01 16:50:02.129  INFO   57 --- [   JobGenerator] org.apache.spark.internal.Logging        : remove old batch metadata: 1659368995000 ms
2022-08-01 16:50:02.130  INFO   57 --- [-thread-pool-18] org.apache.spark.internal.Logging        : Removing RDD 10
2022-08-01 16:50:02.130  INFO   57 --- [-thread-pool-19] org.apache.spark.internal.Logging        : Removing RDD 9
2022-08-01 16:50:02.135  WARN   69 --- [-job-executor-0] org.apache.spark.internal.Logging        : Using an existing SparkSession; the static sql configurations will not take effect.
2022-08-01 16:50:02.136  WARN   69 --- [-job-executor-0] org.apache.spark.internal.Logging        : Using an existing SparkSession; some spark core configurations may not take effect.
2022-08-01 16:50:02.233  INFO   57 --- [   JobScheduler] org.apache.spark.internal.Logging        : Finished job streaming job 1659368998000 ms.0 from job set of time 1659368998000 ms
2022-08-01 16:50:02.234  INFO   57 --- [   JobScheduler] org.apache.spark.internal.Logging        : Total delay: 4.233 s for time 1659368998000 ms (execution: 0.107 s)
2022-08-01 16:50:02.234  INFO   57 --- [   JobScheduler] org.apache.spark.internal.Logging        : Starting job streaming job 1659368999000 ms.0 from job set of time 1659368999000 ms
2022-08-01 16:50:02.234  INFO   57 --- [   JobGenerator] org.apache.spark.internal.Logging        : Removing RDD 12 from persistence list
2022-08-01 16:50:02.236  WARN   69 --- [-job-executor-0] org.apache.spark.internal.Logging        : Using an existing SparkSession; the static sql configurations will not take effect.
2022-08-01 16:50:02.236  WARN   69 --- [-job-executor-0] org.apache.spark.internal.Logging        : Using an existing SparkSession; some spark core configurations may not take effect.
2022-08-01 16:50:02.236  INFO   57 --- [   JobGenerator] org.apache.spark.internal.Logging        : Removing RDD 11 from persistence list
2022-08-01 16:50:02.238  INFO   57 --- [   JobGenerator] org.apache.spark.internal.Logging        : Removing blocks of RDD BlockRDD[11] at receiverStream at Application.java:122 of time 1659368998000 ms
2022-08-01 16:50:02.239  INFO   57 --- [-thread-pool-24] org.apache.spark.internal.Logging        : Removing RDD 12
2022-08-01 16:50:02.241  INFO   57 --- [-thread-pool-25] org.apache.spark.internal.Logging        : Removing RDD 11
2022-08-01 16:50:02.244  INFO   57 --- [   JobGenerator] org.apache.spark.internal.Logging        : Deleting batches: 1659368996000 ms
2022-08-01 16:50:02.244  INFO   57 --- [   JobGenerator] org.apache.spark.internal.Logging        : remove old batch metadata: 1659368996000 ms
2022-08-01 16:50:02.262  INFO   57 --- [ckManagerMaster] org.apache.spark.internal.Logging        : Removed input-0-1659368994134 on host.docker.internal:57079 in memory (size: 5.1 MiB, free: 897.6 MiB)
2022-08-01 16:50:02.306  INFO   57 --- [   JobScheduler] org.apache.spark.internal.Logging        : Finished job streaming job 1659368999000 ms.0 from job set of time 1659368999000 ms
2022-08-01 16:50:02.307  INFO   57 --- [   JobScheduler] org.apache.spark.internal.Logging        : Total delay: 3.306 s for time 1659368999000 ms (execution: 0.072 s)
2022-08-01 16:50:02.307  INFO   57 --- [   JobScheduler] org.apache.spark.internal.Logging        : Starting job streaming job 1659369000000 ms.0 from job set of time 1659369000000 ms
2022-08-01 16:50:02.307  INFO   57 --- [   JobGenerator] org.apache.spark.internal.Logging        : Removing RDD 14 from persistence list
2022-08-01 16:50:02.308  INFO   57 --- [   JobGenerator] org.apache.spark.internal.Logging        : Removing RDD 13 from persistence list
2022-08-01 16:50:02.310  INFO   57 --- [   JobGenerator] org.apache.spark.internal.Logging        : Removing blocks of RDD BlockRDD[13] at receiverStream at Application.java:122 of time 1659368999000 ms
2022-08-01 16:50:02.311  INFO   57 --- [   JobGenerator] org.apache.spark.internal.Logging        : Deleting batches: 1659368997000 ms
2022-08-01 16:50:02.311  INFO   57 --- [   JobGenerator] org.apache.spark.internal.Logging        : remove old batch metadata: 1659368997000 ms
2022-08-01 16:50:02.312  INFO   57 --- [-thread-pool-33] org.apache.spark.internal.Logging        : Removing RDD 14
2022-08-01 16:50:02.314  INFO   57 --- [-thread-pool-34] org.apache.spark.internal.Logging        : Removing RDD 13
2022-08-01 16:50:02.314  WARN   69 --- [-job-executor-0] org.apache.spark.internal.Logging        : Using an existing SparkSession; the static sql configurations will not take effect.
2022-08-01 16:50:02.317  WARN   69 --- [-job-executor-0] org.apache.spark.internal.Logging        : Using an existing SparkSession; some spark core configurations may not take effect.
2022-08-01 16:50:02.417  INFO   57 --- [   JobScheduler] org.apache.spark.internal.Logging        : Finished job streaming job 1659369000000 ms.0 from job set of time 1659369000000 ms
2022-08-01 16:50:02.417  INFO   57 --- [   JobScheduler] org.apache.spark.internal.Logging        : Total delay: 2.417 s for time 1659369000000 ms (execution: 0.110 s)
2022-08-01 16:50:02.418  INFO   57 --- [   JobScheduler] org.apache.spark.internal.Logging        : Starting job streaming job 1659369001000 ms.0 from job set of time 1659369001000 ms
2022-08-01 16:50:02.422  INFO   57 --- [   JobGenerator] org.apache.spark.internal.Logging        : Removing RDD 16 from persistence list
2022-08-01 16:50:02.421  WARN   69 --- [-job-executor-0] org.apache.spark.internal.Logging        : Using an existing SparkSession; the static sql configurations will not take effect.
2022-08-01 16:50:02.423  WARN   69 --- [-job-executor-0] org.apache.spark.internal.Logging        : Using an existing SparkSession; some spark core configurations may not take effect.
2022-08-01 16:50:02.426  INFO   57 --- [   JobGenerator] org.apache.spark.internal.Logging        : Removing RDD 15 from persistence list
2022-08-01 16:50:02.428  INFO   57 --- [   JobGenerator] org.apache.spark.internal.Logging        : Removing blocks of RDD BlockRDD[15] at receiverStream at Application.java:122 of time 1659369000000 ms
2022-08-01 16:50:02.429  INFO   57 --- [   JobGenerator] org.apache.spark.internal.Logging        : Deleting batches: 1659368998000 ms
2022-08-01 16:50:02.430  INFO   57 --- [   JobGenerator] org.apache.spark.internal.Logging        : remove old batch metadata: 1659368998000 ms
2022-08-01 16:50:02.434  INFO   57 --- [-thread-pool-40] org.apache.spark.internal.Logging        : Removing RDD 15
2022-08-01 16:50:02.434  INFO   57 --- [-thread-pool-39] org.apache.spark.internal.Logging        : Removing RDD 16
2022-08-01 16:50:02.487  INFO   57 --- [   JobScheduler] org.apache.spark.internal.Logging        : Finished job streaming job 1659369001000 ms.0 from job set of time 1659369001000 ms
2022-08-01 16:50:02.488  INFO   57 --- [   JobScheduler] org.apache.spark.internal.Logging        : Total delay: 1.487 s for time 1659369001000 ms (execution: 0.069 s)
2022-08-01 16:50:02.488  INFO   57 --- [   JobScheduler] org.apache.spark.internal.Logging        : Starting job streaming job 1659369002000 ms.0 from job set of time 1659369002000 ms
2022-08-01 16:50:02.489  INFO   57 --- [   JobGenerator] org.apache.spark.internal.Logging        : Removing RDD 18 from persistence list
2022-08-01 16:50:02.490  INFO   57 --- [   JobGenerator] org.apache.spark.internal.Logging        : Removing RDD 17 from persistence list
2022-08-01 16:50:02.493  INFO   57 --- [   JobGenerator] org.apache.spark.internal.Logging        : Removing blocks of RDD BlockRDD[17] at receiverStream at Application.java:122 of time 1659369001000 ms
2022-08-01 16:50:02.494  INFO   57 --- [   JobGenerator] org.apache.spark.internal.Logging        : Deleting batches: 1659368999000 ms
2022-08-01 16:50:02.494  INFO   57 --- [   JobGenerator] org.apache.spark.internal.Logging        : remove old batch metadata: 1659368999000 ms
2022-08-01 16:50:02.498  WARN   69 --- [-job-executor-0] org.apache.spark.internal.Logging        : Using an existing SparkSession; the static sql configurations will not take effect.
2022-08-01 16:50:02.499  WARN   69 --- [-job-executor-0] org.apache.spark.internal.Logging        : Using an existing SparkSession; some spark core configurations may not take effect.
2022-08-01 16:50:02.546  INFO   57 --- [-thread-pool-45] org.apache.spark.internal.Logging        : Removing RDD 18
2022-08-01 16:50:02.546  INFO   57 --- [-thread-pool-46] org.apache.spark.internal.Logging        : Removing RDD 17
2022-08-01 16:50:02.596  INFO   57 --- [   JobScheduler] org.apache.spark.internal.Logging        : Finished job streaming job 1659369002000 ms.0 from job set of time 1659369002000 ms
2022-08-01 16:50:02.596  INFO   57 --- [   JobScheduler] org.apache.spark.internal.Logging        : Total delay: 0.595 s for time 1659369002000 ms (execution: 0.107 s)
2022-08-01 16:50:02.596  INFO   57 --- [   JobGenerator] org.apache.spark.internal.Logging        : Removing RDD 38 from persistence list
2022-08-01 16:50:02.599  INFO   57 --- [   JobGenerator] org.apache.spark.internal.Logging        : Removing RDD 37 from persistence list
2022-08-01 16:50:02.600  INFO   57 --- [-thread-pool-51] org.apache.spark.internal.Logging        : Removing RDD 38
2022-08-01 16:50:02.601  INFO   57 --- [-thread-pool-52] org.apache.spark.internal.Logging        : Removing RDD 37
2022-08-01 16:50:02.601  INFO   57 --- [   JobGenerator] org.apache.spark.internal.Logging        : Removing blocks of RDD BlockRDD[37] at receiverStream at Application.java:122 of time 1659369002000 ms
2022-08-01 16:50:02.603  INFO   57 --- [   JobGenerator] org.apache.spark.internal.Logging        : Deleting batches: 1659369000000 ms
2022-08-01 16:50:02.604  INFO   57 --- [   JobGenerator] org.apache.spark.internal.Logging        : remove old batch metadata: 1659369000000 ms
2022-08-01 16:50:03.006  INFO   57 --- [   JobGenerator] org.apache.spark.internal.Logging        : Added jobs for time 1659369003000 ms
2022-08-01 16:50:03.007  INFO   57 --- [   JobScheduler] org.apache.spark.internal.Logging        : Starting job streaming job 1659369003000 ms.0 from job set of time 1659369003000 ms
2022-08-01 16:50:03.018  WARN   69 --- [-job-executor-0] org.apache.spark.internal.Logging        : Using an existing SparkSession; the static sql configurations will not take effect.
2022-08-01 16:50:03.018  WARN   69 --- [-job-executor-0] org.apache.spark.internal.Logging        : Using an existing SparkSession; some spark core configurations may not take effect.
2022-08-01 16:50:03.101  INFO   57 --- [   JobScheduler] org.apache.spark.internal.Logging        : Finished job streaming job 1659369003000 ms.0 from job set of time 1659369003000 ms
2022-08-01 16:50:03.101  INFO   57 --- [   JobScheduler] org.apache.spark.internal.Logging        : Total delay: 0.101 s for time 1659369003000 ms (execution: 0.094 s)
2022-08-01 16:50:03.102  INFO   57 --- [   JobGenerator] org.apache.spark.internal.Logging        : Removing RDD 40 from persistence list
2022-08-01 16:50:03.103  INFO   57 --- [   JobGenerator] org.apache.spark.internal.Logging        : Removing RDD 39 from persistence list
2022-08-01 16:50:03.103  INFO   57 --- [-thread-pool-57] org.apache.spark.internal.Logging        : Removing RDD 40
2022-08-01 16:50:03.105  INFO   57 --- [   JobGenerator] org.apache.spark.internal.Logging        : Removing blocks of RDD BlockRDD[39] at receiverStream at Application.java:122 of time 1659369003000 ms
2022-08-01 16:50:03.105  INFO   57 --- [   JobGenerator] org.apache.spark.internal.Logging        : Deleting batches: 1659369001000 ms
2022-08-01 16:50:03.106  INFO   57 --- [   JobGenerator] org.apache.spark.internal.Logging        : remove old batch metadata: 1659369001000 ms
2022-08-01 16:50:03.106  INFO   57 --- [-thread-pool-59] org.apache.spark.internal.Logging        : Removing RDD 39
2022-08-01 16:50:03.778  INFO   57 --- [shutdown-hook-0] org.apache.spark.internal.Logging        : Invoking stop(stopGracefully=false) from shutdown hook
2022-08-01 16:50:03.788  INFO   57 --- [er-event-loop-1] org.apache.spark.internal.Logging        : Sent stop signal to all 1 receivers
2022-08-01 16:50:03.791  INFO   57 --- [er-event-loop-1] org.apache.spark.internal.Logging        : Received stop signal
2022-08-01 16:50:03.792  INFO   57 --- [er-event-loop-1] org.apache.spark.internal.Logging        : Stopping receiver with message: Stopped by driver: 
2022-08-01 16:50:03.792  INFO   57 --- [er-event-loop-1] org.apache.spark.internal.Logging        : Called receiver onStop
2022-08-01 16:50:03.793  INFO   57 --- [er-event-loop-1] org.apache.spark.internal.Logging        : Deregistering receiver 0
2022-08-01 16:50:03.795  ERROR   73 --- [er-event-loop-3] org.apache.spark.internal.Logging        : Deregistered receiver for stream 0: Stopped by driver
2022-08-01 16:50:03.796  INFO   57 --- [er-event-loop-1] org.apache.spark.internal.Logging        : Stopped receiver 0
2022-08-01 16:50:03.798  INFO   57 --- [er-event-loop-1] org.apache.spark.internal.Logging        : Stopping BlockGenerator
2022-08-01 16:50:04.001  INFO   57 --- [er-event-loop-1] org.apache.spark.internal.Logging        : Stopped timer for BlockGenerator after time 1659369004000
2022-08-01 16:50:04.001  INFO   57 --- [er-event-loop-1] org.apache.spark.internal.Logging        : Waiting for block pushing thread to terminate
2022-08-01 16:50:04.007  INFO   57 --- [      Thread-14] org.apache.spark.internal.Logging        : Pushing out the last 0 blocks
2022-08-01 16:50:04.008  INFO   57 --- [   JobGenerator] org.apache.spark.internal.Logging        : Added jobs for time 1659369004000 ms
2022-08-01 16:50:04.008  INFO   57 --- [      Thread-14] org.apache.spark.internal.Logging        : Stopped block pushing thread
2022-08-01 16:50:04.009  INFO   57 --- [   JobScheduler] org.apache.spark.internal.Logging        : Starting job streaming job 1659369004000 ms.0 from job set of time 1659369004000 ms
2022-08-01 16:50:04.010  INFO   57 --- [er-event-loop-1] org.apache.spark.internal.Logging        : Stopped BlockGenerator
2022-08-01 16:50:04.017  WARN   69 --- [-job-executor-0] org.apache.spark.internal.Logging        : Using an existing SparkSession; the static sql configurations will not take effect.
2022-08-01 16:50:04.018  WARN   69 --- [-job-executor-0] org.apache.spark.internal.Logging        : Using an existing SparkSession; some spark core configurations may not take effect.
2022-08-01 16:50:04.020  INFO   57 --- [age 0.0 (TID 0)] org.apache.spark.internal.Logging        : Stopped receiver without error
2022-08-01 16:50:04.030  INFO   57 --- [age 0.0 (TID 0)] org.apache.spark.internal.Logging        : Finished task 0.0 in stage 0.0 (TID 0). 923 bytes result sent to driver
2022-08-01 16:50:04.092  INFO   57 --- [result-getter-1] org.apache.spark.internal.Logging        : Finished task 0.0 in stage 0.0 (TID 0) in 10594 ms on host.docker.internal (executor driver) (1/1)
2022-08-01 16:50:04.093  INFO   57 --- [result-getter-1] org.apache.spark.internal.Logging        : Removed TaskSet 0.0, whose tasks have all completed, from pool 
2022-08-01 16:50:04.094  INFO   57 --- [uler-event-loop] org.apache.spark.internal.Logging        : ResultStage 0 (start at Application.java:156) finished in 11.152 s
2022-08-01 16:50:04.095  INFO   57 --- [uler-event-loop] org.apache.spark.internal.Logging        : Job 0 is finished. Cancelling potential speculative or zombie tasks for this job
2022-08-01 16:50:04.095  INFO   57 --- [uler-event-loop] org.apache.spark.internal.Logging        : Killing all running tasks in stage 0: Stage finished
2022-08-01 16:50:04.103  INFO   57 --- [shutdown-hook-0] org.apache.spark.internal.Logging        : All of the receivers have deregistered successfully
2022-08-01 16:50:04.108  INFO   57 --- [shutdown-hook-0] org.apache.spark.internal.Logging        : ReceiverTracker stopped
2022-08-01 16:50:04.121  INFO   57 --- [shutdown-hook-0] org.apache.spark.internal.Logging        : Stopping JobGenerator immediately
2022-08-01 16:50:04.157  INFO   57 --- [shutdown-hook-0] org.apache.spark.internal.Logging        : Stopped timer for JobGenerator after time 1659369004000
2022-08-01 16:50:04.204  INFO   57 --- [   JobScheduler] org.apache.spark.internal.Logging        : Finished job streaming job 1659369004000 ms.0 from job set of time 1659369004000 ms
2022-08-01 16:50:04.204  INFO   57 --- [   JobScheduler] org.apache.spark.internal.Logging        : Total delay: 0.204 s for time 1659369004000 ms (execution: 0.195 s)
2022-08-01 16:50:04.204  INFO   57 --- [   JobGenerator] org.apache.spark.internal.Logging        : Removing RDD 62 from persistence list
2022-08-01 16:50:04.204  INFO   57 --- [-thread-pool-63] org.apache.spark.internal.Logging        : Removing RDD 62
2022-08-01 16:50:04.204  INFO   57 --- [shutdown-hook-0] org.apache.spark.internal.Logging        : Stopped JobGenerator
2022-08-01 16:50:04.220  INFO   57 --- [shutdown-hook-0] org.apache.spark.internal.Logging        : Stopped JobScheduler
2022-08-01 16:50:04.235  INFO 1153 --- [shutdown-hook-0] ject.jetty.server.handler.ContextHandler : Stopped o.s.j.s.ServletContextHandler@460510aa{/streaming,null,STOPPED,@Spark}
2022-08-01 16:50:04.235  INFO 1153 --- [shutdown-hook-0] ject.jetty.server.handler.ContextHandler : Stopped o.s.j.s.ServletContextHandler@6fd77352{/streaming/json,null,STOPPED,@Spark}
2022-08-01 16:50:04.235  INFO 1153 --- [shutdown-hook-0] ject.jetty.server.handler.ContextHandler : Stopped o.s.j.s.ServletContextHandler@327c7bea{/streaming/batch,null,STOPPED,@Spark}
2022-08-01 16:50:04.235  INFO 1153 --- [shutdown-hook-0] ject.jetty.server.handler.ContextHandler : Stopped o.s.j.s.ServletContextHandler@6c65860d{/streaming/batch/json,null,STOPPED,@Spark}
2022-08-01 16:50:04.235  INFO 1153 --- [shutdown-hook-0] ject.jetty.server.handler.ContextHandler : Stopped o.s.j.s.ServletContextHandler@60737b23{/static/streaming,null,STOPPED,@Spark}
2022-08-01 16:50:04.235  INFO  167 --- [           main] com.elite.cdr.validator.Application      : ****************************************************
2022-08-01 16:50:04.235  INFO  168 --- [           main] com.elite.cdr.validator.Application      : Duration: 0.0 seconds
2022-08-01 16:50:04.235  INFO  169 --- [           main] com.elite.cdr.validator.Application      : Batch executed with success
2022-08-01 16:50:04.235  INFO  170 --- [           main] com.elite.cdr.validator.Application      : ****************************************************
2022-08-01 16:50:04.235  INFO   57 --- [shutdown-hook-0] org.apache.spark.internal.Logging        : StreamingContext stopped successfully
2022-08-01 16:50:04.251  INFO   57 --- [shutdown-hook-0] org.apache.spark.internal.Logging        : Invoking stop() from shutdown hook
2022-08-01 16:50:04.267  INFO  381 --- [shutdown-hook-0] rkproject.jetty.server.AbstractConnector : Stopped Spark@4e8f14cd{HTTP/1.1, (http/1.1)}{0.0.0.0:4040}
2022-08-01 16:50:04.267  INFO   57 --- [shutdown-hook-0] org.apache.spark.internal.Logging        : Stopped Spark web UI at http://host.docker.internal:4040
2022-08-01 16:50:04.282  INFO   57 --- [er-event-loop-3] org.apache.spark.internal.Logging        : MapOutputTrackerMasterEndpoint stopped!
2022-08-01 16:50:04.314  INFO   57 --- [shutdown-hook-0] org.apache.spark.internal.Logging        : MemoryStore cleared
2022-08-01 16:50:04.314  INFO   57 --- [shutdown-hook-0] org.apache.spark.internal.Logging        : BlockManager stopped
2022-08-01 16:50:04.314  INFO   57 --- [shutdown-hook-0] org.apache.spark.internal.Logging        : BlockManagerMaster stopped
2022-08-01 16:50:04.314  INFO   57 --- [er-event-loop-0] org.apache.spark.internal.Logging        : OutputCommitCoordinator stopped!
2022-08-01 16:50:04.329  INFO   57 --- [shutdown-hook-0] org.apache.spark.internal.Logging        : Successfully stopped SparkContext
2022-08-01 16:50:04.329  INFO   57 --- [shutdown-hook-0] org.apache.spark.internal.Logging        : Shutdown hook called
2022-08-01 16:50:04.329  INFO   57 --- [shutdown-hook-0] org.apache.spark.internal.Logging        : Deleting directory C:\Users\Wael Hamdi\AppData\Local\Temp\spark-82453127-cb1c-4e57-8740-dd3c8907e6e6
