2022-06-24 17:34:12.857  INFO   50 --- [           main] com.elite.cdr.validator.Application      : Starting ASN1 Reader 
2022-06-24 17:34:12.862  INFO   52 --- [           main] com.elite.cdr.validator.Application      : ############### Run with the args [--env, local, --file, C:\IntelliJProjects\FraudDetectionSpark3\src\main\resources\data\simpleTypes.ber]
2022-06-24 17:34:12.923  INFO   58 --- [           main] com.elite.cdr.validator.Application      : ############### Run in local mode
2022-06-24 17:34:14.428  INFO   57 --- [           main] org.apache.spark.internal.Logging        : Running Spark version 3.2.1
2022-06-24 17:34:14.879  INFO   57 --- [           main] org.apache.spark.internal.Logging        : ==============================================================
2022-06-24 17:34:14.884  INFO   57 --- [           main] org.apache.spark.internal.Logging        : No custom resources configured for spark.driver.
2022-06-24 17:34:14.885  INFO   57 --- [           main] org.apache.spark.internal.Logging        : ==============================================================
2022-06-24 17:34:14.887  INFO   57 --- [           main] org.apache.spark.internal.Logging        : Submitted application: NiFi-Spark Streaming example
2022-06-24 17:34:14.997  INFO   57 --- [           main] org.apache.spark.internal.Logging        : Default ResourceProfile created, executor resources: Map(cores -> name: cores, amount: 1, script: , vendor: , memory -> name: memory, amount: 1024, script: , vendor: , offHeap -> name: offHeap, amount: 0, script: , vendor: ), task resources: Map(cpus -> name: cpus, amount: 1.0)
2022-06-24 17:34:15.029  INFO   57 --- [           main] org.apache.spark.internal.Logging        : Limiting resource is cpu
2022-06-24 17:34:15.041  INFO   57 --- [           main] org.apache.spark.internal.Logging        : Added ResourceProfile id: 0
2022-06-24 17:34:15.316  INFO   57 --- [           main] org.apache.spark.internal.Logging        : Changing view acls to: Wael Hamdi
2022-06-24 17:34:15.317  INFO   57 --- [           main] org.apache.spark.internal.Logging        : Changing modify acls to: Wael Hamdi
2022-06-24 17:34:15.319  INFO   57 --- [           main] org.apache.spark.internal.Logging        : Changing view acls groups to: 
2022-06-24 17:34:15.321  INFO   57 --- [           main] org.apache.spark.internal.Logging        : Changing modify acls groups to: 
2022-06-24 17:34:15.381  INFO   57 --- [           main] org.apache.spark.internal.Logging        : SecurityManager: authentication disabled; ui acls disabled; users  with view permissions: Set(Wael Hamdi); groups with view permissions: Set(); users  with modify permissions: Set(Wael Hamdi); groups with modify permissions: Set()
2022-06-24 17:34:18.232  INFO   57 --- [           main] org.apache.spark.internal.Logging        : Successfully started service 'sparkDriver' on port 54965.
2022-06-24 17:34:18.270  INFO   57 --- [           main] org.apache.spark.internal.Logging        : Registering MapOutputTracker
2022-06-24 17:34:18.320  INFO   57 --- [           main] org.apache.spark.internal.Logging        : Registering BlockManagerMaster
2022-06-24 17:34:18.351  INFO   57 --- [           main] org.apache.spark.internal.Logging        : Using org.apache.spark.storage.DefaultTopologyMapper for getting topology information
2022-06-24 17:34:18.352  INFO   57 --- [           main] org.apache.spark.internal.Logging        : BlockManagerMasterEndpoint up
2022-06-24 17:34:18.358  INFO   57 --- [           main] org.apache.spark.internal.Logging        : Registering BlockManagerMasterHeartbeat
2022-06-24 17:34:18.393  INFO   57 --- [           main] org.apache.spark.internal.Logging        : Created local directory at C:\Users\Wael Hamdi\AppData\Local\Temp\blockmgr-6835373e-19ad-4649-a07f-f96105dafb3b
2022-06-24 17:34:18.430  INFO   57 --- [           main] org.apache.spark.internal.Logging        : MemoryStore started with capacity 897.6 MiB
2022-06-24 17:34:18.458  INFO   57 --- [           main] org.apache.spark.internal.Logging        : Registering OutputCommitCoordinator
2022-06-24 17:34:18.593  INFO  170 --- [           main] org.sparkproject.jetty.util.log.Log      : Logging initialized @7068ms to org.sparkproject.jetty.util.log.Slf4jLog
2022-06-24 17:34:18.719  INFO  375 --- [           main] org.sparkproject.jetty.server.Server     : jetty-9.4.43.v20210629; built: 2021-06-30T11:07:22.254Z; git: 526006ecfa3af7f1a27ef3a288e2bef7ea9dd7e8; jvm 1.8.0_301-b09
2022-06-24 17:34:18.757  INFO  415 --- [           main] org.sparkproject.jetty.server.Server     : Started @7234ms
2022-06-24 17:34:18.817  INFO  331 --- [           main] rkproject.jetty.server.AbstractConnector : Started ServerConnector@37eeec90{HTTP/1.1, (http/1.1)}{0.0.0.0:4040}
2022-06-24 17:34:18.818  INFO   57 --- [           main] org.apache.spark.internal.Logging        : Successfully started service 'SparkUI' on port 4040.
2022-06-24 17:34:18.866  INFO  915 --- [           main] ject.jetty.server.handler.ContextHandler : Started o.s.j.s.ServletContextHandler@2a76b80a{/jobs,null,AVAILABLE,@Spark}
2022-06-24 17:34:18.869  INFO  915 --- [           main] ject.jetty.server.handler.ContextHandler : Started o.s.j.s.ServletContextHandler@69f63d95{/jobs/json,null,AVAILABLE,@Spark}
2022-06-24 17:34:18.870  INFO  915 --- [           main] ject.jetty.server.handler.ContextHandler : Started o.s.j.s.ServletContextHandler@27e0f2f5{/jobs/job,null,AVAILABLE,@Spark}
2022-06-24 17:34:18.872  INFO  915 --- [           main] ject.jetty.server.handler.ContextHandler : Started o.s.j.s.ServletContextHandler@db44aa2{/jobs/job/json,null,AVAILABLE,@Spark}
2022-06-24 17:34:18.873  INFO  915 --- [           main] ject.jetty.server.handler.ContextHandler : Started o.s.j.s.ServletContextHandler@3f093abe{/stages,null,AVAILABLE,@Spark}
2022-06-24 17:34:18.875  INFO  915 --- [           main] ject.jetty.server.handler.ContextHandler : Started o.s.j.s.ServletContextHandler@4eeea57d{/stages/json,null,AVAILABLE,@Spark}
2022-06-24 17:34:18.877  INFO  915 --- [           main] ject.jetty.server.handler.ContextHandler : Started o.s.j.s.ServletContextHandler@e24ddd0{/stages/stage,null,AVAILABLE,@Spark}
2022-06-24 17:34:18.879  INFO  915 --- [           main] ject.jetty.server.handler.ContextHandler : Started o.s.j.s.ServletContextHandler@72c927f1{/stages/stage/json,null,AVAILABLE,@Spark}
2022-06-24 17:34:18.880  INFO  915 --- [           main] ject.jetty.server.handler.ContextHandler : Started o.s.j.s.ServletContextHandler@3dd69f5a{/stages/pool,null,AVAILABLE,@Spark}
2022-06-24 17:34:18.882  INFO  915 --- [           main] ject.jetty.server.handler.ContextHandler : Started o.s.j.s.ServletContextHandler@1ee4730{/stages/pool/json,null,AVAILABLE,@Spark}
2022-06-24 17:34:18.884  INFO  915 --- [           main] ject.jetty.server.handler.ContextHandler : Started o.s.j.s.ServletContextHandler@5003041b{/storage,null,AVAILABLE,@Spark}
2022-06-24 17:34:18.885  INFO  915 --- [           main] ject.jetty.server.handler.ContextHandler : Started o.s.j.s.ServletContextHandler@16fb356{/storage/json,null,AVAILABLE,@Spark}
2022-06-24 17:34:18.887  INFO  915 --- [           main] ject.jetty.server.handler.ContextHandler : Started o.s.j.s.ServletContextHandler@23a9ba52{/storage/rdd,null,AVAILABLE,@Spark}
2022-06-24 17:34:18.888  INFO  915 --- [           main] ject.jetty.server.handler.ContextHandler : Started o.s.j.s.ServletContextHandler@70ab80e3{/storage/rdd/json,null,AVAILABLE,@Spark}
2022-06-24 17:34:18.889  INFO  915 --- [           main] ject.jetty.server.handler.ContextHandler : Started o.s.j.s.ServletContextHandler@67427b69{/environment,null,AVAILABLE,@Spark}
2022-06-24 17:34:18.891  INFO  915 --- [           main] ject.jetty.server.handler.ContextHandler : Started o.s.j.s.ServletContextHandler@544630b7{/environment/json,null,AVAILABLE,@Spark}
2022-06-24 17:34:18.893  INFO  915 --- [           main] ject.jetty.server.handler.ContextHandler : Started o.s.j.s.ServletContextHandler@1095f122{/executors,null,AVAILABLE,@Spark}
2022-06-24 17:34:18.895  INFO  915 --- [           main] ject.jetty.server.handler.ContextHandler : Started o.s.j.s.ServletContextHandler@3d6300e8{/executors/json,null,AVAILABLE,@Spark}
2022-06-24 17:34:18.897  INFO  915 --- [           main] ject.jetty.server.handler.ContextHandler : Started o.s.j.s.ServletContextHandler@24a1c17f{/executors/threadDump,null,AVAILABLE,@Spark}
2022-06-24 17:34:18.899  INFO  915 --- [           main] ject.jetty.server.handler.ContextHandler : Started o.s.j.s.ServletContextHandler@73511076{/executors/threadDump/json,null,AVAILABLE,@Spark}
2022-06-24 17:34:18.911  INFO  915 --- [           main] ject.jetty.server.handler.ContextHandler : Started o.s.j.s.ServletContextHandler@532721fd{/static,null,AVAILABLE,@Spark}
2022-06-24 17:34:18.913  INFO  915 --- [           main] ject.jetty.server.handler.ContextHandler : Started o.s.j.s.ServletContextHandler@452e26d0{/,null,AVAILABLE,@Spark}
2022-06-24 17:34:18.915  INFO  915 --- [           main] ject.jetty.server.handler.ContextHandler : Started o.s.j.s.ServletContextHandler@790174f2{/api,null,AVAILABLE,@Spark}
2022-06-24 17:34:18.916  INFO  915 --- [           main] ject.jetty.server.handler.ContextHandler : Started o.s.j.s.ServletContextHandler@733c423e{/jobs/job/kill,null,AVAILABLE,@Spark}
2022-06-24 17:34:18.918  INFO  915 --- [           main] ject.jetty.server.handler.ContextHandler : Started o.s.j.s.ServletContextHandler@70925b45{/stages/stage/kill,null,AVAILABLE,@Spark}
2022-06-24 17:34:18.921  INFO   57 --- [           main] org.apache.spark.internal.Logging        : Bound SparkUI to 0.0.0.0, and started at http://host.docker.internal:4040
2022-06-24 17:34:19.154  INFO   57 --- [           main] org.apache.spark.internal.Logging        : Starting executor ID driver on host host.docker.internal
2022-06-24 17:34:19.261  INFO   57 --- [           main] org.apache.spark.internal.Logging        : Successfully started service 'org.apache.spark.network.netty.NettyBlockTransferService' on port 54990.
2022-06-24 17:34:19.262  INFO   82 --- [           main] .network.netty.NettyBlockTransferService : Server created on host.docker.internal:54990
2022-06-24 17:34:19.265  INFO   57 --- [           main] org.apache.spark.internal.Logging        : Using org.apache.spark.storage.RandomBlockReplicationPolicy for block replication policy
2022-06-24 17:34:19.296  INFO   57 --- [           main] org.apache.spark.internal.Logging        : Registering BlockManager BlockManagerId(driver, host.docker.internal, 54990, None)
2022-06-24 17:34:19.304  INFO   57 --- [ckManagerMaster] org.apache.spark.internal.Logging        : Registering block manager host.docker.internal:54990 with 897.6 MiB RAM, BlockManagerId(driver, host.docker.internal, 54990, None)
2022-06-24 17:34:19.310  INFO   57 --- [           main] org.apache.spark.internal.Logging        : Registered BlockManager BlockManagerId(driver, host.docker.internal, 54990, None)
2022-06-24 17:34:19.312  INFO   57 --- [           main] org.apache.spark.internal.Logging        : Initialized BlockManager: BlockManagerId(driver, host.docker.internal, 54990, None)
2022-06-24 17:34:19.922  INFO  915 --- [           main] ject.jetty.server.handler.ContextHandler : Started o.s.j.s.ServletContextHandler@648ee871{/metrics/json,null,AVAILABLE,@Spark}
2022-06-24 17:34:20.751  INFO  131 --- [           main] com.elite.cdr.validator.Application      : []
2022-06-24 17:34:20.821  INFO   57 --- [streaming-start] org.apache.spark.internal.Logging        : Starting 1 receivers
2022-06-24 17:34:20.823  INFO   57 --- [streaming-start] org.apache.spark.internal.Logging        : ReceiverTracker started
2022-06-24 17:34:20.831  INFO   57 --- [streaming-start] org.apache.spark.internal.Logging        : Slide time = 5000 ms
2022-06-24 17:34:20.832  INFO   57 --- [streaming-start] org.apache.spark.internal.Logging        : Storage level = Serialized 1x Replicated
2022-06-24 17:34:20.832  INFO   57 --- [streaming-start] org.apache.spark.internal.Logging        : Checkpoint interval = null
2022-06-24 17:34:20.833  INFO   57 --- [streaming-start] org.apache.spark.internal.Logging        : Remember interval = 5000 ms
2022-06-24 17:34:20.834  INFO   57 --- [streaming-start] org.apache.spark.internal.Logging        : Initialized and validated org.apache.spark.streaming.dstream.PluggableInputDStream@175c74f
2022-06-24 17:34:20.834  INFO   57 --- [streaming-start] org.apache.spark.internal.Logging        : Slide time = 5000 ms
2022-06-24 17:34:20.834  INFO   57 --- [streaming-start] org.apache.spark.internal.Logging        : Storage level = Serialized 1x Replicated
2022-06-24 17:34:20.835  INFO   57 --- [streaming-start] org.apache.spark.internal.Logging        : Checkpoint interval = null
2022-06-24 17:34:20.836  INFO   57 --- [streaming-start] org.apache.spark.internal.Logging        : Remember interval = 5000 ms
2022-06-24 17:34:20.836  INFO   57 --- [streaming-start] org.apache.spark.internal.Logging        : Initialized and validated org.apache.spark.streaming.dstream.MappedDStream@8dc2e5c
2022-06-24 17:34:20.836  INFO   57 --- [streaming-start] org.apache.spark.internal.Logging        : Slide time = 5000 ms
2022-06-24 17:34:20.836  INFO   57 --- [streaming-start] org.apache.spark.internal.Logging        : Storage level = Serialized 1x Replicated
2022-06-24 17:34:20.837  INFO   57 --- [streaming-start] org.apache.spark.internal.Logging        : Checkpoint interval = null
2022-06-24 17:34:20.837  INFO   57 --- [streaming-start] org.apache.spark.internal.Logging        : Remember interval = 5000 ms
2022-06-24 17:34:20.837  INFO   57 --- [streaming-start] org.apache.spark.internal.Logging        : Initialized and validated org.apache.spark.streaming.dstream.ForEachDStream@627e6bf4
2022-06-24 17:34:20.837  INFO   57 --- [streaming-start] org.apache.spark.internal.Logging        : Slide time = 5000 ms
2022-06-24 17:34:20.838  INFO   57 --- [streaming-start] org.apache.spark.internal.Logging        : Storage level = Serialized 1x Replicated
2022-06-24 17:34:20.838  INFO   57 --- [streaming-start] org.apache.spark.internal.Logging        : Checkpoint interval = null
2022-06-24 17:34:20.838  INFO   57 --- [streaming-start] org.apache.spark.internal.Logging        : Remember interval = 5000 ms
2022-06-24 17:34:20.838  INFO   57 --- [streaming-start] org.apache.spark.internal.Logging        : Initialized and validated org.apache.spark.streaming.dstream.PluggableInputDStream@175c74f
2022-06-24 17:34:20.839  INFO   57 --- [streaming-start] org.apache.spark.internal.Logging        : Slide time = 5000 ms
2022-06-24 17:34:20.839  INFO   57 --- [streaming-start] org.apache.spark.internal.Logging        : Storage level = Serialized 1x Replicated
2022-06-24 17:34:20.839  INFO   57 --- [streaming-start] org.apache.spark.internal.Logging        : Checkpoint interval = null
2022-06-24 17:34:20.839  INFO   57 --- [streaming-start] org.apache.spark.internal.Logging        : Remember interval = 5000 ms
2022-06-24 17:34:20.839  INFO   57 --- [streaming-start] org.apache.spark.internal.Logging        : Initialized and validated org.apache.spark.streaming.dstream.MappedDStream@8dc2e5c
2022-06-24 17:34:20.840  INFO   57 --- [streaming-start] org.apache.spark.internal.Logging        : Slide time = 5000 ms
2022-06-24 17:34:20.840  INFO   57 --- [streaming-start] org.apache.spark.internal.Logging        : Storage level = Serialized 1x Replicated
2022-06-24 17:34:20.840  INFO   57 --- [streaming-start] org.apache.spark.internal.Logging        : Checkpoint interval = null
2022-06-24 17:34:20.840  INFO   57 --- [streaming-start] org.apache.spark.internal.Logging        : Remember interval = 5000 ms
2022-06-24 17:34:20.841  INFO   57 --- [streaming-start] org.apache.spark.internal.Logging        : Initialized and validated org.apache.spark.streaming.dstream.ForEachDStream@4cfb91cc
2022-06-24 17:34:20.955  INFO   57 --- [er-event-loop-3] org.apache.spark.internal.Logging        : Receiver 0 started
2022-06-24 17:34:20.960  INFO   57 --- [streaming-start] org.apache.spark.internal.Logging        : Started timer for JobGenerator at time 1656088465000
2022-06-24 17:34:20.961  INFO   57 --- [streaming-start] org.apache.spark.internal.Logging        : Started JobGenerator at 1656088465000 ms
2022-06-24 17:34:20.963  INFO   57 --- [streaming-start] org.apache.spark.internal.Logging        : Started JobScheduler
2022-06-24 17:34:20.968  INFO  915 --- [           main] ject.jetty.server.handler.ContextHandler : Started o.s.j.s.ServletContextHandler@692fd26{/streaming,null,AVAILABLE,@Spark}
2022-06-24 17:34:20.970  INFO  915 --- [           main] ject.jetty.server.handler.ContextHandler : Started o.s.j.s.ServletContextHandler@56d93692{/streaming/json,null,AVAILABLE,@Spark}
2022-06-24 17:34:20.972  INFO  915 --- [           main] ject.jetty.server.handler.ContextHandler : Started o.s.j.s.ServletContextHandler@7d0614f{/streaming/batch,null,AVAILABLE,@Spark}
2022-06-24 17:34:20.973  INFO  915 --- [           main] ject.jetty.server.handler.ContextHandler : Started o.s.j.s.ServletContextHandler@5c10285a{/streaming/batch/json,null,AVAILABLE,@Spark}
2022-06-24 17:34:20.977  INFO  915 --- [           main] ject.jetty.server.handler.ContextHandler : Started o.s.j.s.ServletContextHandler@3cec79d3{/static/streaming,null,AVAILABLE,@Spark}
2022-06-24 17:34:20.978  INFO   57 --- [           main] org.apache.spark.internal.Logging        : StreamingContext started
2022-06-24 17:34:20.979  INFO   57 --- [uler-event-loop] org.apache.spark.internal.Logging        : Got job 0 (start at Application.java:165) with 1 output partitions
2022-06-24 17:34:20.980  INFO   57 --- [uler-event-loop] org.apache.spark.internal.Logging        : Final stage: ResultStage 0 (start at Application.java:165)
2022-06-24 17:34:20.980  INFO   57 --- [uler-event-loop] org.apache.spark.internal.Logging        : Parents of final stage: List()
2022-06-24 17:34:20.982  INFO   57 --- [uler-event-loop] org.apache.spark.internal.Logging        : Missing parents: List()
2022-06-24 17:34:20.993  INFO   57 --- [uler-event-loop] org.apache.spark.internal.Logging        : Submitting ResultStage 0 (Receiver 0 ParallelCollectionRDD[0] at makeRDD at ReceiverTracker.scala:609), which has no missing parents
2022-06-24 17:34:21.161  INFO   57 --- [uler-event-loop] org.apache.spark.internal.Logging        : Block broadcast_0 stored as values in memory (estimated size 97.5 KiB, free 897.5 MiB)
2022-06-24 17:34:21.299  INFO   57 --- [uler-event-loop] org.apache.spark.internal.Logging        : Block broadcast_0_piece0 stored as bytes in memory (estimated size 34.2 KiB, free 897.5 MiB)
2022-06-24 17:34:21.302  INFO   57 --- [ckManagerMaster] org.apache.spark.internal.Logging        : Added broadcast_0_piece0 in memory on host.docker.internal:54990 (size: 34.2 KiB, free: 897.6 MiB)
2022-06-24 17:34:21.309  INFO   57 --- [uler-event-loop] org.apache.spark.internal.Logging        : Created broadcast 0 from broadcast at DAGScheduler.scala:1478
2022-06-24 17:34:21.327  INFO   57 --- [uler-event-loop] org.apache.spark.internal.Logging        : Submitting 1 missing tasks from ResultStage 0 (Receiver 0 ParallelCollectionRDD[0] at makeRDD at ReceiverTracker.scala:609) (first 15 tasks are for partitions Vector(0))
2022-06-24 17:34:21.329  INFO   57 --- [uler-event-loop] org.apache.spark.internal.Logging        : Adding task set 0.0 with 1 tasks resource profile 0
2022-06-24 17:34:21.425  INFO   57 --- [er-event-loop-0] org.apache.spark.internal.Logging        : Starting task 0.0 in stage 0.0 (TID 0) (host.docker.internal, executor driver, partition 0, PROCESS_LOCAL, 6218 bytes) taskResourceAssignments Map()
2022-06-24 17:34:21.459  INFO   57 --- [age 0.0 (TID 0)] org.apache.spark.internal.Logging        : Running task 0.0 in stage 0.0 (TID 0)
2022-06-24 17:34:21.837  INFO   57 --- [age 0.0 (TID 0)] org.apache.spark.internal.Logging        : Started timer for BlockGenerator at time 1656088462000
2022-06-24 17:34:21.840  INFO   57 --- [      Thread-14] org.apache.spark.internal.Logging        : Started block pushing thread
2022-06-24 17:34:21.840  INFO   57 --- [age 0.0 (TID 0)] org.apache.spark.internal.Logging        : Started BlockGenerator
2022-06-24 17:34:21.860  INFO   57 --- [er-event-loop-0] org.apache.spark.internal.Logging        : Registered receiver for stream 0 from host.docker.internal:54965
2022-06-24 17:34:21.862  INFO   57 --- [age 0.0 (TID 0)] org.apache.spark.internal.Logging        : Starting receiver 0
2022-06-24 17:34:21.864  INFO   57 --- [age 0.0 (TID 0)] org.apache.spark.internal.Logging        : Called receiver 0 onStart
2022-06-24 17:34:21.873  INFO   57 --- [age 0.0 (TID 0)] org.apache.spark.internal.Logging        : Waiting for receiver to be stopped
2022-06-24 17:34:25.231  INFO   57 --- [   JobGenerator] org.apache.spark.internal.Logging        : Added jobs for time 1656088465000 ms
2022-06-24 17:34:25.309  INFO   57 --- [   JobScheduler] org.apache.spark.internal.Logging        : Starting job streaming job 1656088465000 ms.0 from job set of time 1656088465000 ms
2022-06-24 17:34:25.568  INFO   57 --- [-job-executor-0] org.apache.spark.internal.Logging        : Starting job: collect at Application.java:129
2022-06-24 17:34:25.588  INFO   57 --- [-job-executor-0] org.apache.spark.internal.Logging        : Job 1 finished: collect at Application.java:129, took 0.016880 s
2022-06-24 17:34:25.615  INFO   57 --- [   JobScheduler] org.apache.spark.internal.Logging        : Finished job streaming job 1656088465000 ms.0 from job set of time 1656088465000 ms
2022-06-24 17:34:25.616  INFO   57 --- [   JobScheduler] org.apache.spark.internal.Logging        : Starting job streaming job 1656088465000 ms.1 from job set of time 1656088465000 ms
2022-06-24 17:34:25.681  INFO   57 --- [   JobScheduler] org.apache.spark.internal.Logging        : Finished job streaming job 1656088465000 ms.1 from job set of time 1656088465000 ms
2022-06-24 17:34:25.684  INFO   57 --- [   JobScheduler] org.apache.spark.internal.Logging        : Total delay: 0.681 s for time 1656088465000 ms (execution: 0.444 s)
2022-06-24 17:34:25.702  INFO   57 --- [   JobGenerator] org.apache.spark.internal.Logging        : Deleting batches: 
2022-06-24 17:34:25.707  INFO   57 --- [   JobGenerator] org.apache.spark.internal.Logging        : remove old batch metadata: 
2022-06-24 17:34:28.823  INFO  571 --- [  NiFi Receiver] g.apache.nifi.remote.client.PeerSelector : Successfully refreshed peer status cache; remote group consists of 1 peers
2022-06-24 17:34:28.836  INFO  571 --- [ool Maintenance] g.apache.nifi.remote.client.PeerSelector : Successfully refreshed peer status cache; remote group consists of 1 peers
2022-06-24 17:34:29.052  INFO   57 --- [  NiFi Receiver] org.apache.spark.internal.Logging        : Block input-0-1656088461826 stored as values in memory (estimated size 503.2 KiB, free 897.0 MiB)
2022-06-24 17:34:29.053  INFO   57 --- [ckManagerMaster] org.apache.spark.internal.Logging        : Added input-0-1656088461826 in memory on host.docker.internal:54990 (size: 503.2 KiB, free: 897.1 MiB)
2022-06-24 17:34:30.007  INFO   57 --- [   JobGenerator] org.apache.spark.internal.Logging        : Added jobs for time 1656088470000 ms
2022-06-24 17:34:30.008  INFO   57 --- [   JobScheduler] org.apache.spark.internal.Logging        : Starting job streaming job 1656088470000 ms.0 from job set of time 1656088470000 ms
2022-06-24 17:34:30.019  INFO   57 --- [-job-executor-0] org.apache.spark.internal.Logging        : Starting job: collect at Application.java:129
2022-06-24 17:34:30.023  INFO   57 --- [uler-event-loop] org.apache.spark.internal.Logging        : Got job 2 (collect at Application.java:129) with 1 output partitions
2022-06-24 17:34:30.023  INFO   57 --- [uler-event-loop] org.apache.spark.internal.Logging        : Final stage: ResultStage 1 (collect at Application.java:129)
2022-06-24 17:34:30.023  INFO   57 --- [uler-event-loop] org.apache.spark.internal.Logging        : Parents of final stage: List()
2022-06-24 17:34:30.025  INFO   57 --- [uler-event-loop] org.apache.spark.internal.Logging        : Missing parents: List()
2022-06-24 17:34:30.027  INFO   57 --- [uler-event-loop] org.apache.spark.internal.Logging        : Submitting ResultStage 1 (MapPartitionsRDD[4] at map at Application.java:126), which has no missing parents
2022-06-24 17:34:30.037  INFO   57 --- [uler-event-loop] org.apache.spark.internal.Logging        : Block broadcast_1 stored as values in memory (estimated size 4.4 KiB, free 897.0 MiB)
2022-06-24 17:34:30.041  INFO   57 --- [uler-event-loop] org.apache.spark.internal.Logging        : Block broadcast_1_piece0 stored as bytes in memory (estimated size 2.4 KiB, free 897.0 MiB)
2022-06-24 17:34:30.042  INFO   57 --- [ckManagerMaster] org.apache.spark.internal.Logging        : Added broadcast_1_piece0 in memory on host.docker.internal:54990 (size: 2.4 KiB, free: 897.1 MiB)
2022-06-24 17:34:30.043  INFO   57 --- [uler-event-loop] org.apache.spark.internal.Logging        : Created broadcast 1 from broadcast at DAGScheduler.scala:1478
2022-06-24 17:34:30.044  INFO   57 --- [uler-event-loop] org.apache.spark.internal.Logging        : Submitting 1 missing tasks from ResultStage 1 (MapPartitionsRDD[4] at map at Application.java:126) (first 15 tasks are for partitions Vector(0))
2022-06-24 17:34:30.045  INFO   57 --- [uler-event-loop] org.apache.spark.internal.Logging        : Adding task set 1.0 with 1 tasks resource profile 0
2022-06-24 17:34:30.048  INFO   57 --- [er-event-loop-2] org.apache.spark.internal.Logging        : Starting task 0.0 in stage 1.0 (TID 1) (host.docker.internal, executor driver, partition 0, PROCESS_LOCAL, 4394 bytes) taskResourceAssignments Map()
2022-06-24 17:34:30.051  INFO   57 --- [age 1.0 (TID 1)] org.apache.spark.internal.Logging        : Running task 0.0 in stage 1.0 (TID 1)
2022-06-24 17:34:30.173  INFO   57 --- [age 1.0 (TID 1)] org.apache.spark.internal.Logging        : Found block input-0-1656088461826 locally
2022-06-24 17:34:30.330  INFO   57 --- [age 1.0 (TID 1)] org.apache.spark.internal.Logging        : Finished task 0.0 in stage 1.0 (TID 1). 39484 bytes result sent to driver
2022-06-24 17:34:30.353  INFO   57 --- [result-getter-0] org.apache.spark.internal.Logging        : Finished task 0.0 in stage 1.0 (TID 1) in 304 ms on host.docker.internal (executor driver) (1/1)
2022-06-24 17:34:30.357  INFO   57 --- [result-getter-0] org.apache.spark.internal.Logging        : Removed TaskSet 1.0, whose tasks have all completed, from pool 
2022-06-24 17:34:30.369  INFO   57 --- [uler-event-loop] org.apache.spark.internal.Logging        : ResultStage 1 (collect at Application.java:129) finished in 0.334 s
2022-06-24 17:34:30.376  INFO   57 --- [uler-event-loop] org.apache.spark.internal.Logging        : Job 2 is finished. Cancelling potential speculative or zombie tasks for this job
2022-06-24 17:34:30.377  INFO   57 --- [uler-event-loop] org.apache.spark.internal.Logging        : Killing all running tasks in stage 1: Stage finished
2022-06-24 17:34:30.379  INFO   57 --- [-job-executor-0] org.apache.spark.internal.Logging        : Job 2 finished: collect at Application.java:129, took 0.359034 s
2022-06-24 17:34:30.399  INFO   57 --- [   JobScheduler] org.apache.spark.internal.Logging        : Finished job streaming job 1656088470000 ms.0 from job set of time 1656088470000 ms
2022-06-24 17:34:30.400  INFO   57 --- [   JobScheduler] org.apache.spark.internal.Logging        : Starting job streaming job 1656088470000 ms.1 from job set of time 1656088470000 ms
2022-06-24 17:34:30.402  INFO   57 --- [-job-executor-0] org.apache.spark.internal.Logging        : Starting job: print at Application.java:163
2022-06-24 17:34:30.403  INFO   57 --- [uler-event-loop] org.apache.spark.internal.Logging        : Got job 3 (print at Application.java:163) with 1 output partitions
2022-06-24 17:34:30.404  INFO   57 --- [uler-event-loop] org.apache.spark.internal.Logging        : Final stage: ResultStage 2 (print at Application.java:163)
2022-06-24 17:34:30.404  INFO   57 --- [uler-event-loop] org.apache.spark.internal.Logging        : Parents of final stage: List()
2022-06-24 17:34:30.405  INFO   57 --- [uler-event-loop] org.apache.spark.internal.Logging        : Missing parents: List()
2022-06-24 17:34:30.406  INFO   57 --- [uler-event-loop] org.apache.spark.internal.Logging        : Submitting ResultStage 2 (MapPartitionsRDD[4] at map at Application.java:126), which has no missing parents
2022-06-24 17:34:30.412  INFO   57 --- [uler-event-loop] org.apache.spark.internal.Logging        : Block broadcast_2 stored as values in memory (estimated size 4.4 KiB, free 897.0 MiB)
2022-06-24 17:34:30.423  INFO   57 --- [uler-event-loop] org.apache.spark.internal.Logging        : Block broadcast_2_piece0 stored as bytes in memory (estimated size 2.4 KiB, free 897.0 MiB)
2022-06-24 17:34:30.427  INFO   57 --- [ckManagerMaster] org.apache.spark.internal.Logging        : Added broadcast_2_piece0 in memory on host.docker.internal:54990 (size: 2.4 KiB, free: 897.1 MiB)
2022-06-24 17:34:30.428  INFO   57 --- [uler-event-loop] org.apache.spark.internal.Logging        : Created broadcast 2 from broadcast at DAGScheduler.scala:1478
2022-06-24 17:34:30.429  INFO   57 --- [uler-event-loop] org.apache.spark.internal.Logging        : Submitting 1 missing tasks from ResultStage 2 (MapPartitionsRDD[4] at map at Application.java:126) (first 15 tasks are for partitions Vector(0))
2022-06-24 17:34:30.430  INFO   57 --- [uler-event-loop] org.apache.spark.internal.Logging        : Adding task set 2.0 with 1 tasks resource profile 0
2022-06-24 17:34:30.432  INFO   57 --- [er-event-loop-1] org.apache.spark.internal.Logging        : Starting task 0.0 in stage 2.0 (TID 2) (host.docker.internal, executor driver, partition 0, PROCESS_LOCAL, 4394 bytes) taskResourceAssignments Map()
2022-06-24 17:34:30.434  INFO   57 --- [age 2.0 (TID 2)] org.apache.spark.internal.Logging        : Running task 0.0 in stage 2.0 (TID 2)
2022-06-24 17:34:30.445  INFO   57 --- [age 2.0 (TID 2)] org.apache.spark.internal.Logging        : Found block input-0-1656088461826 locally
2022-06-24 17:34:30.518  INFO   57 --- [age 2.0 (TID 2)] org.apache.spark.internal.Logging        : Finished task 0.0 in stage 2.0 (TID 2). 39484 bytes result sent to driver
2022-06-24 17:34:30.522  INFO   57 --- [result-getter-1] org.apache.spark.internal.Logging        : Finished task 0.0 in stage 2.0 (TID 2) in 90 ms on host.docker.internal (executor driver) (1/1)
2022-06-24 17:34:30.523  INFO   57 --- [result-getter-1] org.apache.spark.internal.Logging        : Removed TaskSet 2.0, whose tasks have all completed, from pool 
2022-06-24 17:34:30.525  INFO   57 --- [uler-event-loop] org.apache.spark.internal.Logging        : ResultStage 2 (print at Application.java:163) finished in 0.116 s
2022-06-24 17:34:30.526  INFO   57 --- [uler-event-loop] org.apache.spark.internal.Logging        : Job 3 is finished. Cancelling potential speculative or zombie tasks for this job
2022-06-24 17:34:30.526  INFO   57 --- [uler-event-loop] org.apache.spark.internal.Logging        : Killing all running tasks in stage 2: Stage finished
2022-06-24 17:34:30.528  INFO   57 --- [-job-executor-0] org.apache.spark.internal.Logging        : Job 3 finished: print at Application.java:163, took 0.125524 s
2022-06-24 17:34:30.532  INFO   57 --- [   JobScheduler] org.apache.spark.internal.Logging        : Finished job streaming job 1656088470000 ms.1 from job set of time 1656088470000 ms
2022-06-24 17:34:30.533  INFO   57 --- [   JobScheduler] org.apache.spark.internal.Logging        : Total delay: 0.532 s for time 1656088470000 ms (execution: 0.525 s)
2022-06-24 17:34:30.535  INFO   57 --- [   JobGenerator] org.apache.spark.internal.Logging        : Removing RDD 2 from persistence list
2022-06-24 17:34:30.577  INFO   57 --- [   JobGenerator] org.apache.spark.internal.Logging        : Removing RDD 1 from persistence list
2022-06-24 17:34:30.587  INFO   57 --- [   JobGenerator] org.apache.spark.internal.Logging        : Removing blocks of RDD BlockRDD[1] at receiverStream at Application.java:121 of time 1656088470000 ms
2022-06-24 17:34:30.592  INFO   57 --- [c-thread-pool-1] org.apache.spark.internal.Logging        : Removing RDD 1
2022-06-24 17:34:30.592  INFO   57 --- [c-thread-pool-0] org.apache.spark.internal.Logging        : Removing RDD 2
2022-06-24 17:34:30.611  INFO   57 --- [   JobGenerator] org.apache.spark.internal.Logging        : Deleting batches: 
2022-06-24 17:34:30.612  INFO   57 --- [   JobGenerator] org.apache.spark.internal.Logging        : remove old batch metadata: 
2022-06-24 17:34:31.233  WARN   69 --- [ver-heartbeater] org.apache.spark.internal.Logging        : Exception when trying to compute pagesize, as a result reporting of ProcessTree metrics is stopped
2022-06-24 17:34:35.006  INFO   57 --- [   JobGenerator] org.apache.spark.internal.Logging        : Added jobs for time 1656088475000 ms
2022-06-24 17:34:35.008  INFO   57 --- [   JobScheduler] org.apache.spark.internal.Logging        : Starting job streaming job 1656088475000 ms.0 from job set of time 1656088475000 ms
2022-06-24 17:34:35.036  INFO   57 --- [-job-executor-0] org.apache.spark.internal.Logging        : Starting job: collect at Application.java:129
2022-06-24 17:34:35.037  INFO   57 --- [-job-executor-0] org.apache.spark.internal.Logging        : Job 4 finished: collect at Application.java:129, took 0.000341 s
2022-06-24 17:34:35.041  INFO   57 --- [   JobScheduler] org.apache.spark.internal.Logging        : Finished job streaming job 1656088475000 ms.0 from job set of time 1656088475000 ms
2022-06-24 17:34:35.042  INFO   57 --- [   JobScheduler] org.apache.spark.internal.Logging        : Starting job streaming job 1656088475000 ms.1 from job set of time 1656088475000 ms
2022-06-24 17:34:35.042  INFO   57 --- [   JobScheduler] org.apache.spark.internal.Logging        : Finished job streaming job 1656088475000 ms.1 from job set of time 1656088475000 ms
2022-06-24 17:34:35.043  INFO   57 --- [   JobScheduler] org.apache.spark.internal.Logging        : Total delay: 0.042 s for time 1656088475000 ms (execution: 0.034 s)
2022-06-24 17:34:35.044  INFO   57 --- [   JobGenerator] org.apache.spark.internal.Logging        : Removing RDD 4 from persistence list
2022-06-24 17:34:35.045  INFO   57 --- [   JobGenerator] org.apache.spark.internal.Logging        : Removing RDD 3 from persistence list
2022-06-24 17:34:35.047  INFO   57 --- [   JobGenerator] org.apache.spark.internal.Logging        : Removing blocks of RDD BlockRDD[3] at receiverStream at Application.java:121 of time 1656088475000 ms
2022-06-24 17:34:35.053  INFO   57 --- [   JobGenerator] org.apache.spark.internal.Logging        : Deleting batches: 1656088465000 ms
2022-06-24 17:34:35.054  INFO   57 --- [   JobGenerator] org.apache.spark.internal.Logging        : remove old batch metadata: 1656088465000 ms
2022-06-24 17:34:35.055  INFO   57 --- [c-thread-pool-6] org.apache.spark.internal.Logging        : Removing RDD 4
2022-06-24 17:34:35.057  INFO   57 --- [c-thread-pool-7] org.apache.spark.internal.Logging        : Removing RDD 3
2022-06-24 17:34:35.078  INFO   57 --- [ckManagerMaster] org.apache.spark.internal.Logging        : Removed input-0-1656088461826 on host.docker.internal:54990 in memory (size: 503.2 KiB, free: 897.6 MiB)
2022-06-24 17:34:35.094  INFO   57 --- [ckManagerMaster] org.apache.spark.internal.Logging        : Removed broadcast_1_piece0 on host.docker.internal:54990 in memory (size: 2.4 KiB, free: 897.6 MiB)
2022-06-24 17:34:35.101  INFO   57 --- [ckManagerMaster] org.apache.spark.internal.Logging        : Removed broadcast_2_piece0 on host.docker.internal:54990 in memory (size: 2.4 KiB, free: 897.6 MiB)
2022-06-24 17:34:40.007  INFO   57 --- [   JobGenerator] org.apache.spark.internal.Logging        : Added jobs for time 1656088480000 ms
2022-06-24 17:34:40.009  INFO   57 --- [   JobScheduler] org.apache.spark.internal.Logging        : Starting job streaming job 1656088480000 ms.0 from job set of time 1656088480000 ms
2022-06-24 17:34:40.027  INFO   57 --- [-job-executor-0] org.apache.spark.internal.Logging        : Starting job: collect at Application.java:129
2022-06-24 17:34:40.029  INFO   57 --- [-job-executor-0] org.apache.spark.internal.Logging        : Job 5 finished: collect at Application.java:129, took 0.000542 s
2022-06-24 17:34:40.032  INFO   57 --- [   JobScheduler] org.apache.spark.internal.Logging        : Finished job streaming job 1656088480000 ms.0 from job set of time 1656088480000 ms
2022-06-24 17:34:40.032  INFO   57 --- [   JobScheduler] org.apache.spark.internal.Logging        : Starting job streaming job 1656088480000 ms.1 from job set of time 1656088480000 ms
2022-06-24 17:34:40.033  INFO   57 --- [   JobScheduler] org.apache.spark.internal.Logging        : Finished job streaming job 1656088480000 ms.1 from job set of time 1656088480000 ms
2022-06-24 17:34:40.034  INFO   57 --- [   JobGenerator] org.apache.spark.internal.Logging        : Removing RDD 6 from persistence list
2022-06-24 17:34:40.035  INFO   57 --- [   JobScheduler] org.apache.spark.internal.Logging        : Total delay: 0.033 s for time 1656088480000 ms (execution: 0.024 s)
2022-06-24 17:34:40.036  INFO   57 --- [   JobGenerator] org.apache.spark.internal.Logging        : Removing RDD 5 from persistence list
2022-06-24 17:34:40.037  INFO   57 --- [-thread-pool-21] org.apache.spark.internal.Logging        : Removing RDD 6
2022-06-24 17:34:40.038  INFO   57 --- [-thread-pool-22] org.apache.spark.internal.Logging        : Removing RDD 5
2022-06-24 17:34:40.037  INFO   57 --- [   JobGenerator] org.apache.spark.internal.Logging        : Removing blocks of RDD BlockRDD[5] at receiverStream at Application.java:121 of time 1656088480000 ms
2022-06-24 17:34:40.040  INFO   57 --- [   JobGenerator] org.apache.spark.internal.Logging        : Deleting batches: 1656088470000 ms
2022-06-24 17:34:40.041  INFO   57 --- [   JobGenerator] org.apache.spark.internal.Logging        : remove old batch metadata: 1656088470000 ms
2022-06-24 17:34:45.007  INFO   57 --- [   JobGenerator] org.apache.spark.internal.Logging        : Added jobs for time 1656088485000 ms
2022-06-24 17:34:45.008  INFO   57 --- [   JobScheduler] org.apache.spark.internal.Logging        : Starting job streaming job 1656088485000 ms.0 from job set of time 1656088485000 ms
2022-06-24 17:34:45.027  INFO   57 --- [-job-executor-0] org.apache.spark.internal.Logging        : Starting job: collect at Application.java:129
2022-06-24 17:34:45.028  INFO   57 --- [-job-executor-0] org.apache.spark.internal.Logging        : Job 6 finished: collect at Application.java:129, took 0.000368 s
2022-06-24 17:34:45.032  INFO   57 --- [   JobScheduler] org.apache.spark.internal.Logging        : Finished job streaming job 1656088485000 ms.0 from job set of time 1656088485000 ms
2022-06-24 17:34:45.032  INFO   57 --- [   JobScheduler] org.apache.spark.internal.Logging        : Starting job streaming job 1656088485000 ms.1 from job set of time 1656088485000 ms
2022-06-24 17:34:45.032  INFO   57 --- [   JobScheduler] org.apache.spark.internal.Logging        : Finished job streaming job 1656088485000 ms.1 from job set of time 1656088485000 ms
2022-06-24 17:34:45.033  INFO   57 --- [   JobScheduler] org.apache.spark.internal.Logging        : Total delay: 0.032 s for time 1656088485000 ms (execution: 0.024 s)
2022-06-24 17:34:45.033  INFO   57 --- [   JobGenerator] org.apache.spark.internal.Logging        : Removing RDD 8 from persistence list
2022-06-24 17:34:45.035  INFO   57 --- [-thread-pool-27] org.apache.spark.internal.Logging        : Removing RDD 8
2022-06-24 17:34:45.035  INFO   57 --- [   JobGenerator] org.apache.spark.internal.Logging        : Removing RDD 7 from persistence list
2022-06-24 17:34:45.036  INFO   57 --- [   JobGenerator] org.apache.spark.internal.Logging        : Removing blocks of RDD BlockRDD[7] at receiverStream at Application.java:121 of time 1656088485000 ms
2022-06-24 17:34:45.037  INFO   57 --- [-thread-pool-30] org.apache.spark.internal.Logging        : Removing RDD 7
2022-06-24 17:34:45.038  INFO   57 --- [   JobGenerator] org.apache.spark.internal.Logging        : Deleting batches: 1656088475000 ms
2022-06-24 17:34:45.038  INFO   57 --- [   JobGenerator] org.apache.spark.internal.Logging        : remove old batch metadata: 1656088475000 ms
2022-06-24 17:34:50.002  INFO   57 --- [   JobGenerator] org.apache.spark.internal.Logging        : Added jobs for time 1656088490000 ms
2022-06-24 17:34:50.004  INFO   57 --- [   JobScheduler] org.apache.spark.internal.Logging        : Starting job streaming job 1656088490000 ms.0 from job set of time 1656088490000 ms
2022-06-24 17:34:50.013  INFO   57 --- [-job-executor-0] org.apache.spark.internal.Logging        : Starting job: collect at Application.java:129
2022-06-24 17:34:50.015  INFO   57 --- [-job-executor-0] org.apache.spark.internal.Logging        : Job 7 finished: collect at Application.java:129, took 0.000404 s
2022-06-24 17:34:50.016  INFO   57 --- [   JobScheduler] org.apache.spark.internal.Logging        : Finished job streaming job 1656088490000 ms.0 from job set of time 1656088490000 ms
2022-06-24 17:34:50.016  INFO   57 --- [   JobScheduler] org.apache.spark.internal.Logging        : Starting job streaming job 1656088490000 ms.1 from job set of time 1656088490000 ms
2022-06-24 17:34:50.017  INFO   57 --- [   JobScheduler] org.apache.spark.internal.Logging        : Finished job streaming job 1656088490000 ms.1 from job set of time 1656088490000 ms
2022-06-24 17:34:50.018  INFO   57 --- [   JobGenerator] org.apache.spark.internal.Logging        : Removing RDD 10 from persistence list
2022-06-24 17:34:50.020  INFO   57 --- [   JobScheduler] org.apache.spark.internal.Logging        : Total delay: 0.017 s for time 1656088490000 ms (execution: 0.014 s)
2022-06-24 17:34:50.020  INFO   57 --- [   JobGenerator] org.apache.spark.internal.Logging        : Removing RDD 9 from persistence list
2022-06-24 17:34:50.020  INFO   57 --- [-thread-pool-33] org.apache.spark.internal.Logging        : Removing RDD 10
2022-06-24 17:34:50.022  INFO   57 --- [   JobGenerator] org.apache.spark.internal.Logging        : Removing blocks of RDD BlockRDD[9] at receiverStream at Application.java:121 of time 1656088490000 ms
2022-06-24 17:34:50.022  INFO   57 --- [-thread-pool-34] org.apache.spark.internal.Logging        : Removing RDD 9
2022-06-24 17:34:50.023  INFO   57 --- [   JobGenerator] org.apache.spark.internal.Logging        : Deleting batches: 1656088480000 ms
2022-06-24 17:34:50.025  INFO   57 --- [   JobGenerator] org.apache.spark.internal.Logging        : remove old batch metadata: 1656088480000 ms
2022-06-24 17:34:55.008  INFO   57 --- [   JobGenerator] org.apache.spark.internal.Logging        : Added jobs for time 1656088495000 ms
2022-06-24 17:34:55.009  INFO   57 --- [   JobScheduler] org.apache.spark.internal.Logging        : Starting job streaming job 1656088495000 ms.0 from job set of time 1656088495000 ms
2022-06-24 17:34:55.027  INFO   57 --- [-job-executor-0] org.apache.spark.internal.Logging        : Starting job: collect at Application.java:129
2022-06-24 17:34:55.029  INFO   57 --- [-job-executor-0] org.apache.spark.internal.Logging        : Job 8 finished: collect at Application.java:129, took 0.000475 s
2022-06-24 17:34:55.030  INFO   57 --- [   JobScheduler] org.apache.spark.internal.Logging        : Finished job streaming job 1656088495000 ms.0 from job set of time 1656088495000 ms
2022-06-24 17:34:55.031  INFO   57 --- [   JobScheduler] org.apache.spark.internal.Logging        : Starting job streaming job 1656088495000 ms.1 from job set of time 1656088495000 ms
2022-06-24 17:34:55.031  INFO   57 --- [   JobScheduler] org.apache.spark.internal.Logging        : Finished job streaming job 1656088495000 ms.1 from job set of time 1656088495000 ms
2022-06-24 17:34:55.032  INFO   57 --- [   JobScheduler] org.apache.spark.internal.Logging        : Total delay: 0.031 s for time 1656088495000 ms (execution: 0.023 s)
2022-06-24 17:34:55.032  INFO   57 --- [   JobGenerator] org.apache.spark.internal.Logging        : Removing RDD 12 from persistence list
2022-06-24 17:34:55.034  INFO   57 --- [   JobGenerator] org.apache.spark.internal.Logging        : Removing RDD 11 from persistence list
2022-06-24 17:34:55.034  INFO   57 --- [-thread-pool-39] org.apache.spark.internal.Logging        : Removing RDD 12
2022-06-24 17:34:55.036  INFO   57 --- [   JobGenerator] org.apache.spark.internal.Logging        : Removing blocks of RDD BlockRDD[11] at receiverStream at Application.java:121 of time 1656088495000 ms
2022-06-24 17:34:55.037  INFO   57 --- [-thread-pool-42] org.apache.spark.internal.Logging        : Removing RDD 11
2022-06-24 17:34:55.037  INFO   57 --- [   JobGenerator] org.apache.spark.internal.Logging        : Deleting batches: 1656088485000 ms
2022-06-24 17:34:55.039  INFO   57 --- [   JobGenerator] org.apache.spark.internal.Logging        : remove old batch metadata: 1656088485000 ms
2022-06-24 17:34:57.628  INFO   57 --- [shutdown-hook-0] org.apache.spark.internal.Logging        : Invoking stop(stopGracefully=false) from shutdown hook
2022-06-24 17:34:57.637  INFO   57 --- [er-event-loop-2] org.apache.spark.internal.Logging        : Sent stop signal to all 1 receivers
2022-06-24 17:34:57.638  INFO   57 --- [er-event-loop-3] org.apache.spark.internal.Logging        : Received stop signal
2022-06-24 17:34:57.643  INFO   57 --- [er-event-loop-3] org.apache.spark.internal.Logging        : Stopping receiver with message: Stopped by driver: 
2022-06-24 17:34:57.644  INFO   57 --- [er-event-loop-3] org.apache.spark.internal.Logging        : Called receiver onStop
2022-06-24 17:34:57.645  INFO   57 --- [er-event-loop-3] org.apache.spark.internal.Logging        : Deregistering receiver 0
2022-06-24 17:34:57.648  ERROR   73 --- [er-event-loop-0] org.apache.spark.internal.Logging        : Deregistered receiver for stream 0: Stopped by driver
2022-06-24 17:34:57.649  INFO   57 --- [er-event-loop-3] org.apache.spark.internal.Logging        : Stopped receiver 0
2022-06-24 17:34:57.651  INFO   57 --- [er-event-loop-3] org.apache.spark.internal.Logging        : Stopping BlockGenerator
2022-06-24 17:34:58.001  INFO   57 --- [er-event-loop-3] org.apache.spark.internal.Logging        : Stopped timer for BlockGenerator after time 1656088498000
2022-06-24 17:34:58.002  INFO   57 --- [er-event-loop-3] org.apache.spark.internal.Logging        : Waiting for block pushing thread to terminate
2022-06-24 17:34:58.006  INFO   57 --- [      Thread-14] org.apache.spark.internal.Logging        : Pushing out the last 0 blocks
2022-06-24 17:34:58.007  INFO   57 --- [      Thread-14] org.apache.spark.internal.Logging        : Stopped block pushing thread
2022-06-24 17:34:58.007  INFO   57 --- [er-event-loop-3] org.apache.spark.internal.Logging        : Stopped BlockGenerator
2022-06-24 17:34:58.009  INFO   57 --- [age 0.0 (TID 0)] org.apache.spark.internal.Logging        : Stopped receiver without error
2022-06-24 17:34:58.011  INFO   57 --- [age 0.0 (TID 0)] org.apache.spark.internal.Logging        : Finished task 0.0 in stage 0.0 (TID 0). 880 bytes result sent to driver
2022-06-24 17:34:58.015  INFO   57 --- [result-getter-2] org.apache.spark.internal.Logging        : Finished task 0.0 in stage 0.0 (TID 0) in 36623 ms on host.docker.internal (executor driver) (1/1)
2022-06-24 17:34:58.016  INFO   57 --- [result-getter-2] org.apache.spark.internal.Logging        : Removed TaskSet 0.0, whose tasks have all completed, from pool 
2022-06-24 17:34:58.017  INFO   57 --- [uler-event-loop] org.apache.spark.internal.Logging        : ResultStage 0 (start at Application.java:165) finished in 36.995 s
2022-06-24 17:34:58.018  INFO   57 --- [uler-event-loop] org.apache.spark.internal.Logging        : Job 0 is finished. Cancelling potential speculative or zombie tasks for this job
2022-06-24 17:34:58.018  INFO   57 --- [uler-event-loop] org.apache.spark.internal.Logging        : Killing all running tasks in stage 0: Stage finished
2022-06-24 17:34:58.022  INFO   57 --- [shutdown-hook-0] org.apache.spark.internal.Logging        : All of the receivers have deregistered successfully
2022-06-24 17:34:58.024  INFO   57 --- [shutdown-hook-0] org.apache.spark.internal.Logging        : ReceiverTracker stopped
2022-06-24 17:34:58.025  INFO   57 --- [shutdown-hook-0] org.apache.spark.internal.Logging        : Stopping JobGenerator immediately
2022-06-24 17:34:58.027  INFO   57 --- [shutdown-hook-0] org.apache.spark.internal.Logging        : Stopped timer for JobGenerator after time 1656088495000
2022-06-24 17:34:58.030  INFO   57 --- [shutdown-hook-0] org.apache.spark.internal.Logging        : Stopped JobGenerator
2022-06-24 17:34:58.035  INFO   57 --- [shutdown-hook-0] org.apache.spark.internal.Logging        : Stopped JobScheduler
2022-06-24 17:34:58.045  INFO 1153 --- [shutdown-hook-0] ject.jetty.server.handler.ContextHandler : Stopped o.s.j.s.ServletContextHandler@692fd26{/streaming,null,STOPPED,@Spark}
2022-06-24 17:34:58.046  INFO 1153 --- [shutdown-hook-0] ject.jetty.server.handler.ContextHandler : Stopped o.s.j.s.ServletContextHandler@56d93692{/streaming/json,null,STOPPED,@Spark}
2022-06-24 17:34:58.047  INFO 1153 --- [shutdown-hook-0] ject.jetty.server.handler.ContextHandler : Stopped o.s.j.s.ServletContextHandler@7d0614f{/streaming/batch,null,STOPPED,@Spark}
2022-06-24 17:34:58.049  INFO 1153 --- [shutdown-hook-0] ject.jetty.server.handler.ContextHandler : Stopped o.s.j.s.ServletContextHandler@5c10285a{/streaming/batch/json,null,STOPPED,@Spark}
2022-06-24 17:34:58.052  INFO 1153 --- [shutdown-hook-0] ject.jetty.server.handler.ContextHandler : Stopped o.s.j.s.ServletContextHandler@3cec79d3{/static/streaming,null,STOPPED,@Spark}
2022-06-24 17:34:58.054  INFO  184 --- [           main] com.elite.cdr.validator.Application      : ****************************************************
2022-06-24 17:34:58.054  INFO  185 --- [           main] com.elite.cdr.validator.Application      : Duration: 0.0 seconds
2022-06-24 17:34:58.055  INFO  186 --- [           main] com.elite.cdr.validator.Application      : Batch executed with success
2022-06-24 17:34:58.055  INFO  187 --- [           main] com.elite.cdr.validator.Application      : ****************************************************
2022-06-24 17:34:58.055  INFO   57 --- [shutdown-hook-0] org.apache.spark.internal.Logging        : StreamingContext stopped successfully
2022-06-24 17:34:58.055  INFO   57 --- [shutdown-hook-0] org.apache.spark.internal.Logging        : Invoking stop() from shutdown hook
2022-06-24 17:34:58.068  INFO  381 --- [shutdown-hook-0] rkproject.jetty.server.AbstractConnector : Stopped Spark@37eeec90{HTTP/1.1, (http/1.1)}{0.0.0.0:4040}
2022-06-24 17:34:58.070  INFO   57 --- [shutdown-hook-0] org.apache.spark.internal.Logging        : Stopped Spark web UI at http://host.docker.internal:4040
2022-06-24 17:34:58.087  INFO   57 --- [er-event-loop-0] org.apache.spark.internal.Logging        : MapOutputTrackerMasterEndpoint stopped!
2022-06-24 17:34:58.114  INFO   57 --- [shutdown-hook-0] org.apache.spark.internal.Logging        : MemoryStore cleared
2022-06-24 17:34:58.117  INFO   57 --- [shutdown-hook-0] org.apache.spark.internal.Logging        : BlockManager stopped
2022-06-24 17:34:58.126  INFO   57 --- [shutdown-hook-0] org.apache.spark.internal.Logging        : BlockManagerMaster stopped
2022-06-24 17:34:58.132  INFO   57 --- [er-event-loop-0] org.apache.spark.internal.Logging        : OutputCommitCoordinator stopped!
2022-06-24 17:34:58.138  INFO   57 --- [shutdown-hook-0] org.apache.spark.internal.Logging        : Successfully stopped SparkContext
2022-06-24 17:34:58.139  INFO   57 --- [shutdown-hook-0] org.apache.spark.internal.Logging        : Shutdown hook called
2022-06-24 17:34:58.140  INFO   57 --- [shutdown-hook-0] org.apache.spark.internal.Logging        : Deleting directory C:\Users\Wael Hamdi\AppData\Local\Temp\spark-a68cdcef-4fb3-4cd3-a2dd-b143b51b46e4
