2022-06-30 12:48:58.415  INFO   46 --- [           main] com.elite.cdr.validator.Application      : Starting ASN1 Reader 
2022-06-30 12:48:58.455  INFO   48 --- [           main] com.elite.cdr.validator.Application      : ############### Run with the args [--env, local, --file, C:\IntelliJProjects\FraudDetectionSpark3\src\main\resources\data\simpleTypes.ber]
2022-06-30 12:48:58.539  INFO   54 --- [           main] com.elite.cdr.validator.Application      : ############### Run in local mode
2022-06-30 12:49:02.681  INFO   57 --- [           main] org.apache.spark.internal.Logging        : Running Spark version 3.2.1
2022-06-30 12:49:03.828  INFO   57 --- [           main] org.apache.spark.internal.Logging        : ==============================================================
2022-06-30 12:49:03.831  INFO   57 --- [           main] org.apache.spark.internal.Logging        : No custom resources configured for spark.driver.
2022-06-30 12:49:03.831  INFO   57 --- [           main] org.apache.spark.internal.Logging        : ==============================================================
2022-06-30 12:49:03.832  INFO   57 --- [           main] org.apache.spark.internal.Logging        : Submitted application: NiFi-Spark Streaming example
2022-06-30 12:49:04.144  INFO   57 --- [           main] org.apache.spark.internal.Logging        : Default ResourceProfile created, executor resources: Map(cores -> name: cores, amount: 1, script: , vendor: , memory -> name: memory, amount: 1024, script: , vendor: , offHeap -> name: offHeap, amount: 0, script: , vendor: ), task resources: Map(cpus -> name: cpus, amount: 1.0)
2022-06-30 12:49:04.214  INFO   57 --- [           main] org.apache.spark.internal.Logging        : Limiting resource is cpu
2022-06-30 12:49:04.216  INFO   57 --- [           main] org.apache.spark.internal.Logging        : Added ResourceProfile id: 0
2022-06-30 12:49:05.219  INFO   57 --- [           main] org.apache.spark.internal.Logging        : Changing view acls to: Wael Hamdi
2022-06-30 12:49:05.220  INFO   57 --- [           main] org.apache.spark.internal.Logging        : Changing modify acls to: Wael Hamdi
2022-06-30 12:49:05.221  INFO   57 --- [           main] org.apache.spark.internal.Logging        : Changing view acls groups to: 
2022-06-30 12:49:05.222  INFO   57 --- [           main] org.apache.spark.internal.Logging        : Changing modify acls groups to: 
2022-06-30 12:49:05.223  INFO   57 --- [           main] org.apache.spark.internal.Logging        : SecurityManager: authentication disabled; ui acls disabled; users  with view permissions: Set(Wael Hamdi); groups with view permissions: Set(); users  with modify permissions: Set(Wael Hamdi); groups with modify permissions: Set()
2022-06-30 12:49:08.342  INFO   57 --- [           main] org.apache.spark.internal.Logging        : Successfully started service 'sparkDriver' on port 64660.
2022-06-30 12:49:08.511  INFO   57 --- [           main] org.apache.spark.internal.Logging        : Registering MapOutputTracker
2022-06-30 12:49:08.667  INFO   57 --- [           main] org.apache.spark.internal.Logging        : Registering BlockManagerMaster
2022-06-30 12:49:08.740  INFO   57 --- [           main] org.apache.spark.internal.Logging        : Using org.apache.spark.storage.DefaultTopologyMapper for getting topology information
2022-06-30 12:49:08.741  INFO   57 --- [           main] org.apache.spark.internal.Logging        : BlockManagerMasterEndpoint up
2022-06-30 12:49:08.746  INFO   57 --- [           main] org.apache.spark.internal.Logging        : Registering BlockManagerMasterHeartbeat
2022-06-30 12:49:08.915  INFO   57 --- [           main] org.apache.spark.internal.Logging        : Created local directory at C:\Users\Wael Hamdi\AppData\Local\Temp\blockmgr-1e382731-e4d0-464e-b42b-292b26594ce9
2022-06-30 12:49:09.020  INFO   57 --- [           main] org.apache.spark.internal.Logging        : MemoryStore started with capacity 897.6 MiB
2022-06-30 12:49:09.102  INFO   57 --- [           main] org.apache.spark.internal.Logging        : Registering OutputCommitCoordinator
2022-06-30 12:49:09.380  INFO  170 --- [           main] org.sparkproject.jetty.util.log.Log      : Logging initialized @12564ms to org.sparkproject.jetty.util.log.Slf4jLog
2022-06-30 12:49:09.585  INFO  375 --- [           main] org.sparkproject.jetty.server.Server     : jetty-9.4.43.v20210629; built: 2021-06-30T11:07:22.254Z; git: 526006ecfa3af7f1a27ef3a288e2bef7ea9dd7e8; jvm 1.8.0_301-b09
2022-06-30 12:49:09.652  INFO  415 --- [           main] org.sparkproject.jetty.server.Server     : Started @12837ms
2022-06-30 12:49:09.736  INFO  331 --- [           main] rkproject.jetty.server.AbstractConnector : Started ServerConnector@64712be{HTTP/1.1, (http/1.1)}{0.0.0.0:4040}
2022-06-30 12:49:09.738  INFO   57 --- [           main] org.apache.spark.internal.Logging        : Successfully started service 'SparkUI' on port 4040.
2022-06-30 12:49:09.779  INFO  915 --- [           main] ject.jetty.server.handler.ContextHandler : Started o.s.j.s.ServletContextHandler@538613b3{/jobs,null,AVAILABLE,@Spark}
2022-06-30 12:49:09.782  INFO  915 --- [           main] ject.jetty.server.handler.ContextHandler : Started o.s.j.s.ServletContextHandler@1ac85b0c{/jobs/json,null,AVAILABLE,@Spark}
2022-06-30 12:49:09.783  INFO  915 --- [           main] ject.jetty.server.handler.ContextHandler : Started o.s.j.s.ServletContextHandler@3aa3193a{/jobs/job,null,AVAILABLE,@Spark}
2022-06-30 12:49:09.785  INFO  915 --- [           main] ject.jetty.server.handler.ContextHandler : Started o.s.j.s.ServletContextHandler@5003041b{/jobs/job/json,null,AVAILABLE,@Spark}
2022-06-30 12:49:09.786  INFO  915 --- [           main] ject.jetty.server.handler.ContextHandler : Started o.s.j.s.ServletContextHandler@16fb356{/stages,null,AVAILABLE,@Spark}
2022-06-30 12:49:09.787  INFO  915 --- [           main] ject.jetty.server.handler.ContextHandler : Started o.s.j.s.ServletContextHandler@23a9ba52{/stages/json,null,AVAILABLE,@Spark}
2022-06-30 12:49:09.789  INFO  915 --- [           main] ject.jetty.server.handler.ContextHandler : Started o.s.j.s.ServletContextHandler@70ab80e3{/stages/stage,null,AVAILABLE,@Spark}
2022-06-30 12:49:09.791  INFO  915 --- [           main] ject.jetty.server.handler.ContextHandler : Started o.s.j.s.ServletContextHandler@544630b7{/stages/stage/json,null,AVAILABLE,@Spark}
2022-06-30 12:49:09.792  INFO  915 --- [           main] ject.jetty.server.handler.ContextHandler : Started o.s.j.s.ServletContextHandler@1095f122{/stages/pool,null,AVAILABLE,@Spark}
2022-06-30 12:49:09.794  INFO  915 --- [           main] ject.jetty.server.handler.ContextHandler : Started o.s.j.s.ServletContextHandler@3d6300e8{/stages/pool/json,null,AVAILABLE,@Spark}
2022-06-30 12:49:09.795  INFO  915 --- [           main] ject.jetty.server.handler.ContextHandler : Started o.s.j.s.ServletContextHandler@24a1c17f{/storage,null,AVAILABLE,@Spark}
2022-06-30 12:49:09.797  INFO  915 --- [           main] ject.jetty.server.handler.ContextHandler : Started o.s.j.s.ServletContextHandler@73511076{/storage/json,null,AVAILABLE,@Spark}
2022-06-30 12:49:09.798  INFO  915 --- [           main] ject.jetty.server.handler.ContextHandler : Started o.s.j.s.ServletContextHandler@532721fd{/storage/rdd,null,AVAILABLE,@Spark}
2022-06-30 12:49:09.800  INFO  915 --- [           main] ject.jetty.server.handler.ContextHandler : Started o.s.j.s.ServletContextHandler@7fb9f71f{/storage/rdd/json,null,AVAILABLE,@Spark}
2022-06-30 12:49:09.801  INFO  915 --- [           main] ject.jetty.server.handler.ContextHandler : Started o.s.j.s.ServletContextHandler@51f49060{/environment,null,AVAILABLE,@Spark}
2022-06-30 12:49:09.803  INFO  915 --- [           main] ject.jetty.server.handler.ContextHandler : Started o.s.j.s.ServletContextHandler@617fe9e1{/environment/json,null,AVAILABLE,@Spark}
2022-06-30 12:49:09.804  INFO  915 --- [           main] ject.jetty.server.handler.ContextHandler : Started o.s.j.s.ServletContextHandler@1cf2fed4{/executors,null,AVAILABLE,@Spark}
2022-06-30 12:49:09.805  INFO  915 --- [           main] ject.jetty.server.handler.ContextHandler : Started o.s.j.s.ServletContextHandler@245a26e1{/executors/json,null,AVAILABLE,@Spark}
2022-06-30 12:49:09.806  INFO  915 --- [           main] ject.jetty.server.handler.ContextHandler : Started o.s.j.s.ServletContextHandler@466cf502{/executors/threadDump,null,AVAILABLE,@Spark}
2022-06-30 12:49:09.808  INFO  915 --- [           main] ject.jetty.server.handler.ContextHandler : Started o.s.j.s.ServletContextHandler@2e185cd7{/executors/threadDump/json,null,AVAILABLE,@Spark}
2022-06-30 12:49:09.855  INFO  915 --- [           main] ject.jetty.server.handler.ContextHandler : Started o.s.j.s.ServletContextHandler@5f7f2382{/static,null,AVAILABLE,@Spark}
2022-06-30 12:49:09.856  INFO  915 --- [           main] ject.jetty.server.handler.ContextHandler : Started o.s.j.s.ServletContextHandler@2af616d3{/,null,AVAILABLE,@Spark}
2022-06-30 12:49:09.859  INFO  915 --- [           main] ject.jetty.server.handler.ContextHandler : Started o.s.j.s.ServletContextHandler@3deb2326{/api,null,AVAILABLE,@Spark}
2022-06-30 12:49:09.860  INFO  915 --- [           main] ject.jetty.server.handler.ContextHandler : Started o.s.j.s.ServletContextHandler@27cf3151{/jobs/job/kill,null,AVAILABLE,@Spark}
2022-06-30 12:49:09.862  INFO  915 --- [           main] ject.jetty.server.handler.ContextHandler : Started o.s.j.s.ServletContextHandler@5910de75{/stages/stage/kill,null,AVAILABLE,@Spark}
2022-06-30 12:49:09.867  INFO   57 --- [           main] org.apache.spark.internal.Logging        : Bound SparkUI to 0.0.0.0, and started at http://host.docker.internal:4040
2022-06-30 12:49:10.641  INFO   57 --- [           main] org.apache.spark.internal.Logging        : Starting executor ID driver on host host.docker.internal
2022-06-30 12:49:10.805  INFO   57 --- [           main] org.apache.spark.internal.Logging        : Successfully started service 'org.apache.spark.network.netty.NettyBlockTransferService' on port 64685.
2022-06-30 12:49:10.805  INFO   82 --- [           main] .network.netty.NettyBlockTransferService : Server created on host.docker.internal:64685
2022-06-30 12:49:10.818  INFO   57 --- [           main] org.apache.spark.internal.Logging        : Using org.apache.spark.storage.RandomBlockReplicationPolicy for block replication policy
2022-06-30 12:49:10.855  INFO   57 --- [           main] org.apache.spark.internal.Logging        : Registering BlockManager BlockManagerId(driver, host.docker.internal, 64685, None)
2022-06-30 12:49:10.860  INFO   57 --- [ckManagerMaster] org.apache.spark.internal.Logging        : Registering block manager host.docker.internal:64685 with 897.6 MiB RAM, BlockManagerId(driver, host.docker.internal, 64685, None)
2022-06-30 12:49:10.874  INFO   57 --- [           main] org.apache.spark.internal.Logging        : Registered BlockManager BlockManagerId(driver, host.docker.internal, 64685, None)
2022-06-30 12:49:10.875  INFO   57 --- [           main] org.apache.spark.internal.Logging        : Initialized BlockManager: BlockManagerId(driver, host.docker.internal, 64685, None)
2022-06-30 12:49:11.301  INFO  915 --- [           main] ject.jetty.server.handler.ContextHandler : Started o.s.j.s.ServletContextHandler@7c2327fa{/metrics/json,null,AVAILABLE,@Spark}
2022-06-30 12:49:12.596  INFO   57 --- [streaming-start] org.apache.spark.internal.Logging        : Starting 1 receivers
2022-06-30 12:49:12.599  INFO   57 --- [streaming-start] org.apache.spark.internal.Logging        : ReceiverTracker started
2022-06-30 12:49:12.606  INFO   57 --- [streaming-start] org.apache.spark.internal.Logging        : Slide time = 1000 ms
2022-06-30 12:49:12.607  INFO   57 --- [streaming-start] org.apache.spark.internal.Logging        : Storage level = Serialized 1x Replicated
2022-06-30 12:49:12.607  INFO   57 --- [streaming-start] org.apache.spark.internal.Logging        : Checkpoint interval = null
2022-06-30 12:49:12.608  INFO   57 --- [streaming-start] org.apache.spark.internal.Logging        : Remember interval = 1000 ms
2022-06-30 12:49:12.609  INFO   57 --- [streaming-start] org.apache.spark.internal.Logging        : Initialized and validated org.apache.spark.streaming.dstream.PluggableInputDStream@63ebc541
2022-06-30 12:49:12.609  INFO   57 --- [streaming-start] org.apache.spark.internal.Logging        : Slide time = 1000 ms
2022-06-30 12:49:12.610  INFO   57 --- [streaming-start] org.apache.spark.internal.Logging        : Storage level = Serialized 1x Replicated
2022-06-30 12:49:12.610  INFO   57 --- [streaming-start] org.apache.spark.internal.Logging        : Checkpoint interval = null
2022-06-30 12:49:12.610  INFO   57 --- [streaming-start] org.apache.spark.internal.Logging        : Remember interval = 1000 ms
2022-06-30 12:49:12.610  INFO   57 --- [streaming-start] org.apache.spark.internal.Logging        : Initialized and validated org.apache.spark.streaming.dstream.MappedDStream@18e6505c
2022-06-30 12:49:12.611  INFO   57 --- [streaming-start] org.apache.spark.internal.Logging        : Slide time = 1000 ms
2022-06-30 12:49:12.611  INFO   57 --- [streaming-start] org.apache.spark.internal.Logging        : Storage level = Serialized 1x Replicated
2022-06-30 12:49:12.611  INFO   57 --- [streaming-start] org.apache.spark.internal.Logging        : Checkpoint interval = null
2022-06-30 12:49:12.617  INFO   57 --- [streaming-start] org.apache.spark.internal.Logging        : Remember interval = 1000 ms
2022-06-30 12:49:12.617  INFO   57 --- [streaming-start] org.apache.spark.internal.Logging        : Initialized and validated org.apache.spark.streaming.dstream.ForEachDStream@407dffb7
2022-06-30 12:49:12.617  INFO   57 --- [streaming-start] org.apache.spark.internal.Logging        : Slide time = 1000 ms
2022-06-30 12:49:12.617  INFO   57 --- [streaming-start] org.apache.spark.internal.Logging        : Storage level = Serialized 1x Replicated
2022-06-30 12:49:12.618  INFO   57 --- [streaming-start] org.apache.spark.internal.Logging        : Checkpoint interval = null
2022-06-30 12:49:12.618  INFO   57 --- [streaming-start] org.apache.spark.internal.Logging        : Remember interval = 1000 ms
2022-06-30 12:49:12.618  INFO   57 --- [streaming-start] org.apache.spark.internal.Logging        : Initialized and validated org.apache.spark.streaming.dstream.PluggableInputDStream@63ebc541
2022-06-30 12:49:12.618  INFO   57 --- [streaming-start] org.apache.spark.internal.Logging        : Slide time = 1000 ms
2022-06-30 12:49:12.619  INFO   57 --- [streaming-start] org.apache.spark.internal.Logging        : Storage level = Serialized 1x Replicated
2022-06-30 12:49:12.619  INFO   57 --- [streaming-start] org.apache.spark.internal.Logging        : Checkpoint interval = null
2022-06-30 12:49:12.619  INFO   57 --- [streaming-start] org.apache.spark.internal.Logging        : Remember interval = 1000 ms
2022-06-30 12:49:12.619  INFO   57 --- [streaming-start] org.apache.spark.internal.Logging        : Initialized and validated org.apache.spark.streaming.dstream.MappedDStream@18e6505c
2022-06-30 12:49:12.619  INFO   57 --- [streaming-start] org.apache.spark.internal.Logging        : Slide time = 1000 ms
2022-06-30 12:49:12.620  INFO   57 --- [streaming-start] org.apache.spark.internal.Logging        : Storage level = Serialized 1x Replicated
2022-06-30 12:49:12.620  INFO   57 --- [streaming-start] org.apache.spark.internal.Logging        : Checkpoint interval = null
2022-06-30 12:49:12.620  INFO   57 --- [streaming-start] org.apache.spark.internal.Logging        : Remember interval = 1000 ms
2022-06-30 12:49:12.620  INFO   57 --- [streaming-start] org.apache.spark.internal.Logging        : Initialized and validated org.apache.spark.streaming.dstream.ForEachDStream@626c5a29
2022-06-30 12:49:12.963  INFO   57 --- [er-event-loop-3] org.apache.spark.internal.Logging        : Receiver 0 started
2022-06-30 12:49:12.971  INFO   57 --- [streaming-start] org.apache.spark.internal.Logging        : Started timer for JobGenerator at time 1656589753000
2022-06-30 12:49:12.972  INFO   57 --- [streaming-start] org.apache.spark.internal.Logging        : Started JobGenerator at 1656589753000 ms
2022-06-30 12:49:12.974  INFO   57 --- [streaming-start] org.apache.spark.internal.Logging        : Started JobScheduler
2022-06-30 12:49:12.976  INFO   57 --- [uler-event-loop] org.apache.spark.internal.Logging        : Got job 0 (start at Application.java:244) with 1 output partitions
2022-06-30 12:49:12.977  INFO   57 --- [uler-event-loop] org.apache.spark.internal.Logging        : Final stage: ResultStage 0 (start at Application.java:244)
2022-06-30 12:49:12.979  INFO   57 --- [uler-event-loop] org.apache.spark.internal.Logging        : Parents of final stage: List()
2022-06-30 12:49:12.981  INFO  915 --- [           main] ject.jetty.server.handler.ContextHandler : Started o.s.j.s.ServletContextHandler@3157e4c0{/streaming,null,AVAILABLE,@Spark}
2022-06-30 12:49:12.981  INFO   57 --- [uler-event-loop] org.apache.spark.internal.Logging        : Missing parents: List()
2022-06-30 12:49:12.981  INFO  915 --- [           main] ject.jetty.server.handler.ContextHandler : Started o.s.j.s.ServletContextHandler@328902d5{/streaming/json,null,AVAILABLE,@Spark}
2022-06-30 12:49:12.983  INFO  915 --- [           main] ject.jetty.server.handler.ContextHandler : Started o.s.j.s.ServletContextHandler@77010a30{/streaming/batch,null,AVAILABLE,@Spark}
2022-06-30 12:49:12.985  INFO  915 --- [           main] ject.jetty.server.handler.ContextHandler : Started o.s.j.s.ServletContextHandler@12aa4996{/streaming/batch/json,null,AVAILABLE,@Spark}
2022-06-30 12:49:12.987  INFO  915 --- [           main] ject.jetty.server.handler.ContextHandler : Started o.s.j.s.ServletContextHandler@6c03fb16{/static/streaming,null,AVAILABLE,@Spark}
2022-06-30 12:49:12.988  INFO   57 --- [           main] org.apache.spark.internal.Logging        : StreamingContext started
2022-06-30 12:49:12.992  INFO   57 --- [uler-event-loop] org.apache.spark.internal.Logging        : Submitting ResultStage 0 (Receiver 0 ParallelCollectionRDD[0] at makeRDD at ReceiverTracker.scala:609), which has no missing parents
2022-06-30 12:49:13.132  INFO   57 --- [   JobGenerator] org.apache.spark.internal.Logging        : Added jobs for time 1656589753000 ms
2022-06-30 12:49:13.149  INFO   57 --- [   JobScheduler] org.apache.spark.internal.Logging        : Starting job streaming job 1656589753000 ms.0 from job set of time 1656589753000 ms
2022-06-30 12:49:13.689  INFO   57 --- [uler-event-loop] org.apache.spark.internal.Logging        : Block broadcast_0 stored as values in memory (estimated size 97.5 KiB, free 897.5 MiB)
2022-06-30 12:49:13.988  INFO   57 --- [uler-event-loop] org.apache.spark.internal.Logging        : Block broadcast_0_piece0 stored as bytes in memory (estimated size 34.2 KiB, free 897.5 MiB)
2022-06-30 12:49:13.992  INFO   57 --- [ckManagerMaster] org.apache.spark.internal.Logging        : Added broadcast_0_piece0 in memory on host.docker.internal:64685 (size: 34.2 KiB, free: 897.6 MiB)
2022-06-30 12:49:14.012  INFO   57 --- [   JobGenerator] org.apache.spark.internal.Logging        : Added jobs for time 1656589754000 ms
2022-06-30 12:49:14.016  INFO   57 --- [uler-event-loop] org.apache.spark.internal.Logging        : Created broadcast 0 from broadcast at DAGScheduler.scala:1478
2022-06-30 12:49:14.184  INFO   57 --- [uler-event-loop] org.apache.spark.internal.Logging        : Submitting 1 missing tasks from ResultStage 0 (Receiver 0 ParallelCollectionRDD[0] at makeRDD at ReceiverTracker.scala:609) (first 15 tasks are for partitions Vector(0))
2022-06-30 12:49:14.186  INFO   57 --- [uler-event-loop] org.apache.spark.internal.Logging        : Adding task set 0.0 with 1 tasks resource profile 0
2022-06-30 12:49:14.241  WARN   69 --- [-job-executor-0] org.apache.spark.internal.Logging        : Using an existing SparkContext; some configuration may not take effect.
2022-06-30 12:49:14.493  INFO   57 --- [er-event-loop-0] org.apache.spark.internal.Logging        : Starting task 0.0 in stage 0.0 (TID 0) (host.docker.internal, executor driver, partition 0, PROCESS_LOCAL, 6218 bytes) taskResourceAssignments Map()
2022-06-30 12:49:14.609  INFO   57 --- [age 0.0 (TID 0)] org.apache.spark.internal.Logging        : Running task 0.0 in stage 0.0 (TID 0)
2022-06-30 12:49:14.798  INFO   57 --- [-job-executor-0] org.apache.spark.internal.Logging        : Starting job: collect at Application.java:148
2022-06-30 12:49:14.802  INFO   57 --- [-job-executor-0] org.apache.spark.internal.Logging        : Job 1 finished: collect at Application.java:148, took 0.002825 s
2022-06-30 12:49:14.860  INFO   57 --- [   JobScheduler] org.apache.spark.internal.Logging        : Finished job streaming job 1656589753000 ms.0 from job set of time 1656589753000 ms
2022-06-30 12:49:14.861  INFO   57 --- [   JobScheduler] org.apache.spark.internal.Logging        : Starting job streaming job 1656589753000 ms.1 from job set of time 1656589753000 ms
2022-06-30 12:49:14.867  INFO   57 --- [   JobScheduler] org.apache.spark.internal.Logging        : Finished job streaming job 1656589753000 ms.1 from job set of time 1656589753000 ms
2022-06-30 12:49:14.869  INFO   57 --- [   JobScheduler] org.apache.spark.internal.Logging        : Total delay: 1.867 s for time 1656589753000 ms (execution: 1.720 s)
2022-06-30 12:49:14.869  INFO   57 --- [   JobScheduler] org.apache.spark.internal.Logging        : Starting job streaming job 1656589754000 ms.0 from job set of time 1656589754000 ms
2022-06-30 12:49:14.897  INFO   57 --- [   JobGenerator] org.apache.spark.internal.Logging        : Deleting batches: 
2022-06-30 12:49:14.923  INFO   57 --- [   JobGenerator] org.apache.spark.internal.Logging        : remove old batch metadata: 
2022-06-30 12:49:15.042  INFO   57 --- [   JobGenerator] org.apache.spark.internal.Logging        : Added jobs for time 1656589755000 ms
2022-06-30 12:49:15.226  INFO   57 --- [age 0.0 (TID 0)] org.apache.spark.internal.Logging        : Started timer for BlockGenerator at time 1656589755400
2022-06-30 12:49:15.228  INFO   57 --- [age 0.0 (TID 0)] org.apache.spark.internal.Logging        : Started BlockGenerator
2022-06-30 12:49:15.229  INFO   57 --- [      Thread-14] org.apache.spark.internal.Logging        : Started block pushing thread
2022-06-30 12:49:15.257  INFO   57 --- [er-event-loop-0] org.apache.spark.internal.Logging        : Registered receiver for stream 0 from host.docker.internal:64660
2022-06-30 12:49:15.278  INFO   57 --- [age 0.0 (TID 0)] org.apache.spark.internal.Logging        : Starting receiver 0
2022-06-30 12:49:15.282  INFO   57 --- [age 0.0 (TID 0)] org.apache.spark.internal.Logging        : Called receiver 0 onStart
2022-06-30 12:49:15.283  INFO   57 --- [age 0.0 (TID 0)] org.apache.spark.internal.Logging        : Waiting for receiver to be stopped
2022-06-30 12:49:16.010  INFO   57 --- [   JobGenerator] org.apache.spark.internal.Logging        : Added jobs for time 1656589756000 ms
2022-06-30 12:49:16.131  INFO   57 --- [-job-executor-0] org.apache.spark.internal.Logging        : Setting hive.metastore.warehouse.dir ('null') to the value of spark.sql.warehouse.dir.
2022-06-30 12:49:17.003  INFO   57 --- [   JobGenerator] org.apache.spark.internal.Logging        : Added jobs for time 1656589757000 ms
2022-06-30 12:49:17.057  INFO   57 --- [-job-executor-0] org.apache.spark.internal.Logging        : Warehouse path is 'file:/C:/IntelliJProjects/NifiSparkStreaming/spark-warehouse'.
2022-06-30 12:49:17.146  INFO  915 --- [-job-executor-0] ject.jetty.server.handler.ContextHandler : Started o.s.j.s.ServletContextHandler@2807774f{/SQL,null,AVAILABLE,@Spark}
2022-06-30 12:49:17.147  INFO  915 --- [-job-executor-0] ject.jetty.server.handler.ContextHandler : Started o.s.j.s.ServletContextHandler@366ced32{/SQL/json,null,AVAILABLE,@Spark}
2022-06-30 12:49:17.148  INFO  915 --- [-job-executor-0] ject.jetty.server.handler.ContextHandler : Started o.s.j.s.ServletContextHandler@2785884a{/SQL/execution,null,AVAILABLE,@Spark}
2022-06-30 12:49:17.149  INFO  915 --- [-job-executor-0] ject.jetty.server.handler.ContextHandler : Started o.s.j.s.ServletContextHandler@3c07cd00{/SQL/execution/json,null,AVAILABLE,@Spark}
2022-06-30 12:49:17.152  INFO  915 --- [-job-executor-0] ject.jetty.server.handler.ContextHandler : Started o.s.j.s.ServletContextHandler@4a1067c7{/static/sql,null,AVAILABLE,@Spark}
2022-06-30 12:49:18.003  INFO   57 --- [   JobGenerator] org.apache.spark.internal.Logging        : Added jobs for time 1656589758000 ms
2022-06-30 12:49:19.015  INFO   57 --- [   JobGenerator] org.apache.spark.internal.Logging        : Added jobs for time 1656589759000 ms
2022-06-30 12:49:20.002  INFO   57 --- [   JobGenerator] org.apache.spark.internal.Logging        : Added jobs for time 1656589760000 ms
2022-06-30 12:49:21.015  INFO   57 --- [   JobGenerator] org.apache.spark.internal.Logging        : Added jobs for time 1656589761000 ms
2022-06-30 12:49:21.346  WARN   69 --- [tor-heartbeater] org.apache.spark.internal.Logging        : Exception when trying to compute pagesize, as a result reporting of ProcessTree metrics is stopped
2022-06-30 12:49:21.959  WARN   69 --- [-job-executor-0] org.apache.spark.internal.Logging        : Using an existing SparkSession; some spark core configurations may not take effect.
2022-06-30 12:49:21.981  INFO   57 --- [-job-executor-0] org.apache.spark.internal.Logging        : Starting job: collect at Application.java:148
2022-06-30 12:49:21.983  INFO   57 --- [-job-executor-0] org.apache.spark.internal.Logging        : Job 2 finished: collect at Application.java:148, took 0.000564 s
2022-06-30 12:49:21.985  INFO   57 --- [   JobScheduler] org.apache.spark.internal.Logging        : Finished job streaming job 1656589754000 ms.0 from job set of time 1656589754000 ms
2022-06-30 12:49:21.991  INFO   57 --- [   JobScheduler] org.apache.spark.internal.Logging        : Starting job streaming job 1656589754000 ms.1 from job set of time 1656589754000 ms
2022-06-30 12:49:21.993  INFO   57 --- [   JobScheduler] org.apache.spark.internal.Logging        : Finished job streaming job 1656589754000 ms.1 from job set of time 1656589754000 ms
2022-06-30 12:49:21.994  INFO   57 --- [   JobScheduler] org.apache.spark.internal.Logging        : Total delay: 7.993 s for time 1656589754000 ms (execution: 7.124 s)
2022-06-30 12:49:21.997  INFO   57 --- [   JobGenerator] org.apache.spark.internal.Logging        : Removing RDD 2 from persistence list
2022-06-30 12:49:21.997  INFO   57 --- [   JobScheduler] org.apache.spark.internal.Logging        : Starting job streaming job 1656589755000 ms.0 from job set of time 1656589755000 ms
2022-06-30 12:49:22.018  WARN   69 --- [-job-executor-0] org.apache.spark.internal.Logging        : Using an existing SparkSession; the static sql configurations will not take effect.
2022-06-30 12:49:22.018  WARN   69 --- [-job-executor-0] org.apache.spark.internal.Logging        : Using an existing SparkSession; some spark core configurations may not take effect.
2022-06-30 12:49:22.034  INFO   57 --- [-job-executor-0] org.apache.spark.internal.Logging        : Starting job: collect at Application.java:148
2022-06-30 12:49:22.036  INFO   57 --- [-job-executor-0] org.apache.spark.internal.Logging        : Job 3 finished: collect at Application.java:148, took 0.000659 s
2022-06-30 12:49:22.045  WARN   69 --- [-job-executor-0] org.apache.spark.internal.Logging        : Using an existing SparkSession; the static sql configurations will not take effect.
2022-06-30 12:49:22.045  WARN   69 --- [-job-executor-0] org.apache.spark.internal.Logging        : Using an existing SparkSession; some spark core configurations may not take effect.
2022-06-30 12:49:22.109  INFO   57 --- [   JobScheduler] org.apache.spark.internal.Logging        : Finished job streaming job 1656589755000 ms.0 from job set of time 1656589755000 ms
2022-06-30 12:49:22.109  INFO   57 --- [   JobScheduler] org.apache.spark.internal.Logging        : Starting job streaming job 1656589755000 ms.1 from job set of time 1656589755000 ms
2022-06-30 12:49:22.109  INFO   57 --- [   JobScheduler] org.apache.spark.internal.Logging        : Finished job streaming job 1656589755000 ms.1 from job set of time 1656589755000 ms
2022-06-30 12:49:22.111  INFO   57 --- [   JobScheduler] org.apache.spark.internal.Logging        : Total delay: 7.109 s for time 1656589755000 ms (execution: 0.112 s)
2022-06-30 12:49:22.111  INFO   57 --- [   JobScheduler] org.apache.spark.internal.Logging        : Starting job streaming job 1656589756000 ms.0 from job set of time 1656589756000 ms
2022-06-30 12:49:22.114  INFO   57 --- [-job-executor-0] org.apache.spark.internal.Logging        : Starting job: collect at Application.java:148
2022-06-30 12:49:22.116  INFO   57 --- [-job-executor-0] org.apache.spark.internal.Logging        : Job 4 finished: collect at Application.java:148, took 0.000552 s
2022-06-30 12:49:22.129  WARN   69 --- [-job-executor-0] org.apache.spark.internal.Logging        : Using an existing SparkSession; the static sql configurations will not take effect.
2022-06-30 12:49:22.129  WARN   69 --- [-job-executor-0] org.apache.spark.internal.Logging        : Using an existing SparkSession; some spark core configurations may not take effect.
2022-06-30 12:49:22.178  INFO   57 --- [   JobScheduler] org.apache.spark.internal.Logging        : Finished job streaming job 1656589756000 ms.0 from job set of time 1656589756000 ms
2022-06-30 12:49:22.178  INFO   57 --- [   JobScheduler] org.apache.spark.internal.Logging        : Starting job streaming job 1656589756000 ms.1 from job set of time 1656589756000 ms
2022-06-30 12:49:22.183  INFO   57 --- [   JobScheduler] org.apache.spark.internal.Logging        : Finished job streaming job 1656589756000 ms.1 from job set of time 1656589756000 ms
2022-06-30 12:49:22.231  INFO   57 --- [   JobScheduler] org.apache.spark.internal.Logging        : Total delay: 6.183 s for time 1656589756000 ms (execution: 0.072 s)
2022-06-30 12:49:22.232  INFO   57 --- [   JobScheduler] org.apache.spark.internal.Logging        : Starting job streaming job 1656589757000 ms.0 from job set of time 1656589757000 ms
2022-06-30 12:49:22.242  INFO   57 --- [   JobGenerator] org.apache.spark.internal.Logging        : Removing RDD 1 from persistence list
2022-06-30 12:49:22.253  INFO   57 --- [-job-executor-0] org.apache.spark.internal.Logging        : Starting job: collect at Application.java:148
2022-06-30 12:49:22.256  INFO   57 --- [-job-executor-0] org.apache.spark.internal.Logging        : Job 5 finished: collect at Application.java:148, took 0.001025 s
2022-06-30 12:49:22.268  WARN   69 --- [-job-executor-0] org.apache.spark.internal.Logging        : Using an existing SparkSession; the static sql configurations will not take effect.
2022-06-30 12:49:22.269  WARN   69 --- [-job-executor-0] org.apache.spark.internal.Logging        : Using an existing SparkSession; some spark core configurations may not take effect.
2022-06-30 12:49:22.272  INFO   57 --- [   JobScheduler] org.apache.spark.internal.Logging        : Finished job streaming job 1656589757000 ms.0 from job set of time 1656589757000 ms
2022-06-30 12:49:22.273  INFO   57 --- [   JobScheduler] org.apache.spark.internal.Logging        : Starting job streaming job 1656589757000 ms.1 from job set of time 1656589757000 ms
2022-06-30 12:49:22.273  INFO   57 --- [   JobScheduler] org.apache.spark.internal.Logging        : Finished job streaming job 1656589757000 ms.1 from job set of time 1656589757000 ms
2022-06-30 12:49:22.281  INFO   57 --- [   JobScheduler] org.apache.spark.internal.Logging        : Total delay: 5.273 s for time 1656589757000 ms (execution: 0.042 s)
2022-06-30 12:49:22.281  INFO   57 --- [   JobScheduler] org.apache.spark.internal.Logging        : Starting job streaming job 1656589758000 ms.0 from job set of time 1656589758000 ms
2022-06-30 12:49:22.308  INFO   57 --- [c-thread-pool-1] org.apache.spark.internal.Logging        : Removing RDD 1
2022-06-30 12:49:22.244  INFO   57 --- [c-thread-pool-0] org.apache.spark.internal.Logging        : Removing RDD 2
2022-06-30 12:49:22.314  INFO   57 --- [-job-executor-0] org.apache.spark.internal.Logging        : Starting job: collect at Application.java:148
2022-06-30 12:49:22.339  INFO   57 --- [-job-executor-0] org.apache.spark.internal.Logging        : Job 6 finished: collect at Application.java:148, took 0.000360 s
2022-06-30 12:49:22.246  INFO   57 --- [   JobGenerator] org.apache.spark.internal.Logging        : Removing blocks of RDD BlockRDD[1] at receiverStream at Application.java:117 of time 1656589754000 ms
2022-06-30 12:49:22.343  INFO   57 --- [   JobGenerator] org.apache.spark.internal.Logging        : Deleting batches: 
2022-06-30 12:49:22.344  INFO   57 --- [   JobGenerator] org.apache.spark.internal.Logging        : remove old batch metadata: 
2022-06-30 12:49:22.347  INFO   57 --- [   JobGenerator] org.apache.spark.internal.Logging        : Added jobs for time 1656589762000 ms
2022-06-30 12:49:22.348  INFO   57 --- [   JobGenerator] org.apache.spark.internal.Logging        : Removing RDD 5 from persistence list
2022-06-30 12:49:22.354  INFO   57 --- [   JobScheduler] org.apache.spark.internal.Logging        : Finished job streaming job 1656589758000 ms.0 from job set of time 1656589758000 ms
2022-06-30 12:49:22.355  INFO   57 --- [   JobScheduler] org.apache.spark.internal.Logging        : Starting job streaming job 1656589758000 ms.1 from job set of time 1656589758000 ms
2022-06-30 12:49:22.357  INFO   57 --- [   JobScheduler] org.apache.spark.internal.Logging        : Finished job streaming job 1656589758000 ms.1 from job set of time 1656589758000 ms
2022-06-30 12:49:22.358  INFO   57 --- [   JobGenerator] org.apache.spark.internal.Logging        : Removing RDD 4 from persistence list
2022-06-30 12:49:22.357  WARN   69 --- [-job-executor-0] org.apache.spark.internal.Logging        : Using an existing SparkSession; the static sql configurations will not take effect.
2022-06-30 12:49:22.361  WARN   69 --- [-job-executor-0] org.apache.spark.internal.Logging        : Using an existing SparkSession; some spark core configurations may not take effect.
2022-06-30 12:49:22.361  INFO   57 --- [   JobScheduler] org.apache.spark.internal.Logging        : Total delay: 4.357 s for time 1656589758000 ms (execution: 0.076 s)
2022-06-30 12:49:22.366  INFO   57 --- [   JobScheduler] org.apache.spark.internal.Logging        : Starting job streaming job 1656589759000 ms.0 from job set of time 1656589759000 ms
2022-06-30 12:49:22.367  INFO   57 --- [   JobGenerator] org.apache.spark.internal.Logging        : Removing blocks of RDD BlockRDD[4] at receiverStream at Application.java:117 of time 1656589755000 ms
2022-06-30 12:49:22.369  INFO   57 --- [   JobGenerator] org.apache.spark.internal.Logging        : Deleting batches: 1656589753000 ms
2022-06-30 12:49:22.370  INFO   57 --- [   JobGenerator] org.apache.spark.internal.Logging        : remove old batch metadata: 1656589753000 ms
2022-06-30 12:49:22.371  INFO   57 --- [   JobGenerator] org.apache.spark.internal.Logging        : Removing RDD 8 from persistence list
2022-06-30 12:49:22.373  INFO   57 --- [   JobGenerator] org.apache.spark.internal.Logging        : Removing RDD 7 from persistence list
2022-06-30 12:49:22.374  INFO   57 --- [   JobGenerator] org.apache.spark.internal.Logging        : Removing blocks of RDD BlockRDD[7] at receiverStream at Application.java:117 of time 1656589756000 ms
2022-06-30 12:49:22.376  INFO   57 --- [   JobGenerator] org.apache.spark.internal.Logging        : Deleting batches: 1656589754000 ms
2022-06-30 12:49:22.377  INFO   57 --- [   JobGenerator] org.apache.spark.internal.Logging        : remove old batch metadata: 1656589754000 ms
2022-06-30 12:49:22.377  INFO   57 --- [   JobGenerator] org.apache.spark.internal.Logging        : Removing RDD 10 from persistence list
2022-06-30 12:49:22.380  INFO   57 --- [   JobGenerator] org.apache.spark.internal.Logging        : Removing RDD 9 from persistence list
2022-06-30 12:49:22.381  INFO   57 --- [   JobGenerator] org.apache.spark.internal.Logging        : Removing blocks of RDD BlockRDD[9] at receiverStream at Application.java:117 of time 1656589757000 ms
2022-06-30 12:49:22.382  INFO   57 --- [   JobGenerator] org.apache.spark.internal.Logging        : Deleting batches: 1656589755000 ms
2022-06-30 12:49:22.383  INFO   57 --- [   JobGenerator] org.apache.spark.internal.Logging        : remove old batch metadata: 1656589755000 ms
2022-06-30 12:49:22.383  INFO   57 --- [   JobGenerator] org.apache.spark.internal.Logging        : Removing RDD 12 from persistence list
2022-06-30 12:49:22.385  INFO   57 --- [   JobGenerator] org.apache.spark.internal.Logging        : Removing RDD 11 from persistence list
2022-06-30 12:49:22.386  INFO   57 --- [   JobGenerator] org.apache.spark.internal.Logging        : Removing blocks of RDD BlockRDD[11] at receiverStream at Application.java:117 of time 1656589758000 ms
2022-06-30 12:49:22.387  INFO   57 --- [   JobGenerator] org.apache.spark.internal.Logging        : Deleting batches: 1656589756000 ms
2022-06-30 12:49:22.388  INFO   57 --- [   JobGenerator] org.apache.spark.internal.Logging        : remove old batch metadata: 1656589756000 ms
2022-06-30 12:49:22.395  INFO   57 --- [-thread-pool-13] org.apache.spark.internal.Logging        : Removing RDD 11
2022-06-30 12:49:22.395  INFO   57 --- [-thread-pool-11] org.apache.spark.internal.Logging        : Removing RDD 9
2022-06-30 12:49:22.407  INFO   57 --- [-job-executor-0] org.apache.spark.internal.Logging        : Starting job: collect at Application.java:148
2022-06-30 12:49:22.428  INFO   57 --- [-job-executor-0] org.apache.spark.internal.Logging        : Job 7 finished: collect at Application.java:148, took 0.000390 s
2022-06-30 12:49:22.396  INFO   57 --- [c-thread-pool-6] org.apache.spark.internal.Logging        : Removing RDD 5
2022-06-30 12:49:22.396  INFO   57 --- [c-thread-pool-7] org.apache.spark.internal.Logging        : Removing RDD 4
2022-06-30 12:49:22.395  INFO   57 --- [c-thread-pool-9] org.apache.spark.internal.Logging        : Removing RDD 7
2022-06-30 12:49:22.395  INFO   57 --- [c-thread-pool-8] org.apache.spark.internal.Logging        : Removing RDD 8
2022-06-30 12:49:22.395  INFO   57 --- [-thread-pool-12] org.apache.spark.internal.Logging        : Removing RDD 12
2022-06-30 12:49:22.395  INFO   57 --- [-thread-pool-10] org.apache.spark.internal.Logging        : Removing RDD 10
2022-06-30 12:49:22.456  WARN   69 --- [-job-executor-0] org.apache.spark.internal.Logging        : Using an existing SparkSession; the static sql configurations will not take effect.
2022-06-30 12:49:22.457  WARN   69 --- [-job-executor-0] org.apache.spark.internal.Logging        : Using an existing SparkSession; some spark core configurations may not take effect.
2022-06-30 12:49:22.445  INFO   57 --- [   JobScheduler] org.apache.spark.internal.Logging        : Finished job streaming job 1656589759000 ms.0 from job set of time 1656589759000 ms
2022-06-30 12:49:22.457  INFO   57 --- [   JobScheduler] org.apache.spark.internal.Logging        : Starting job streaming job 1656589759000 ms.1 from job set of time 1656589759000 ms
2022-06-30 12:49:22.458  INFO   57 --- [   JobScheduler] org.apache.spark.internal.Logging        : Finished job streaming job 1656589759000 ms.1 from job set of time 1656589759000 ms
2022-06-30 12:49:22.458  INFO   57 --- [   JobScheduler] org.apache.spark.internal.Logging        : Total delay: 3.458 s for time 1656589759000 ms (execution: 0.092 s)
2022-06-30 12:49:22.459  INFO   57 --- [   JobGenerator] org.apache.spark.internal.Logging        : Removing RDD 14 from persistence list
2022-06-30 12:49:22.459  INFO   57 --- [   JobScheduler] org.apache.spark.internal.Logging        : Starting job streaming job 1656589760000 ms.0 from job set of time 1656589760000 ms
2022-06-30 12:49:22.460  INFO   57 --- [   JobGenerator] org.apache.spark.internal.Logging        : Removing RDD 13 from persistence list
2022-06-30 12:49:22.461  INFO   57 --- [   JobGenerator] org.apache.spark.internal.Logging        : Removing blocks of RDD BlockRDD[13] at receiverStream at Application.java:117 of time 1656589759000 ms
2022-06-30 12:49:22.462  INFO   57 --- [-thread-pool-30] org.apache.spark.internal.Logging        : Removing RDD 14
2022-06-30 12:49:22.463  INFO   57 --- [   JobGenerator] org.apache.spark.internal.Logging        : Deleting batches: 1656589757000 ms
2022-06-30 12:49:22.464  INFO   57 --- [   JobGenerator] org.apache.spark.internal.Logging        : remove old batch metadata: 1656589757000 ms
2022-06-30 12:49:22.463  INFO   57 --- [-thread-pool-31] org.apache.spark.internal.Logging        : Removing RDD 13
2022-06-30 12:49:22.503  INFO   57 --- [-job-executor-0] org.apache.spark.internal.Logging        : Starting job: collect at Application.java:148
2022-06-30 12:49:22.505  INFO   57 --- [-job-executor-0] org.apache.spark.internal.Logging        : Job 8 finished: collect at Application.java:148, took 0.000917 s
2022-06-30 12:49:22.507  INFO   57 --- [   JobScheduler] org.apache.spark.internal.Logging        : Finished job streaming job 1656589760000 ms.0 from job set of time 1656589760000 ms
2022-06-30 12:49:22.508  INFO   57 --- [   JobScheduler] org.apache.spark.internal.Logging        : Starting job streaming job 1656589760000 ms.1 from job set of time 1656589760000 ms
2022-06-30 12:49:22.509  INFO   57 --- [   JobScheduler] org.apache.spark.internal.Logging        : Finished job streaming job 1656589760000 ms.1 from job set of time 1656589760000 ms
2022-06-30 12:49:22.512  WARN   69 --- [-job-executor-0] org.apache.spark.internal.Logging        : Using an existing SparkSession; the static sql configurations will not take effect.
2022-06-30 12:49:22.513  WARN   69 --- [-job-executor-0] org.apache.spark.internal.Logging        : Using an existing SparkSession; some spark core configurations may not take effect.
2022-06-30 12:49:22.513  INFO   57 --- [   JobScheduler] org.apache.spark.internal.Logging        : Total delay: 2.509 s for time 1656589760000 ms (execution: 0.050 s)
2022-06-30 12:49:22.514  INFO   57 --- [   JobScheduler] org.apache.spark.internal.Logging        : Starting job streaming job 1656589761000 ms.0 from job set of time 1656589761000 ms
2022-06-30 12:49:22.516  INFO   57 --- [   JobGenerator] org.apache.spark.internal.Logging        : Removing RDD 16 from persistence list
2022-06-30 12:49:22.518  INFO   57 --- [   JobGenerator] org.apache.spark.internal.Logging        : Removing RDD 15 from persistence list
2022-06-30 12:49:22.521  INFO   57 --- [   JobGenerator] org.apache.spark.internal.Logging        : Removing blocks of RDD BlockRDD[15] at receiverStream at Application.java:117 of time 1656589760000 ms
2022-06-30 12:49:22.522  INFO   57 --- [   JobGenerator] org.apache.spark.internal.Logging        : Deleting batches: 1656589758000 ms
2022-06-30 12:49:22.522  INFO   57 --- [   JobGenerator] org.apache.spark.internal.Logging        : remove old batch metadata: 1656589758000 ms
2022-06-30 12:49:22.523  INFO   57 --- [-thread-pool-36] org.apache.spark.internal.Logging        : Removing RDD 16
2022-06-30 12:49:22.523  INFO   57 --- [-thread-pool-37] org.apache.spark.internal.Logging        : Removing RDD 15
2022-06-30 12:49:22.526  INFO   57 --- [-job-executor-0] org.apache.spark.internal.Logging        : Starting job: collect at Application.java:148
2022-06-30 12:49:22.527  INFO   57 --- [-job-executor-0] org.apache.spark.internal.Logging        : Job 9 finished: collect at Application.java:148, took 0.000390 s
2022-06-30 12:49:22.528  INFO   57 --- [   JobScheduler] org.apache.spark.internal.Logging        : Finished job streaming job 1656589761000 ms.0 from job set of time 1656589761000 ms
2022-06-30 12:49:22.529  INFO   57 --- [   JobScheduler] org.apache.spark.internal.Logging        : Starting job streaming job 1656589761000 ms.1 from job set of time 1656589761000 ms
2022-06-30 12:49:22.529  INFO   57 --- [   JobScheduler] org.apache.spark.internal.Logging        : Finished job streaming job 1656589761000 ms.1 from job set of time 1656589761000 ms
2022-06-30 12:49:22.530  INFO   57 --- [   JobScheduler] org.apache.spark.internal.Logging        : Total delay: 1.529 s for time 1656589761000 ms (execution: 0.015 s)
2022-06-30 12:49:22.530  INFO   57 --- [   JobScheduler] org.apache.spark.internal.Logging        : Starting job streaming job 1656589762000 ms.0 from job set of time 1656589762000 ms
2022-06-30 12:49:22.531  INFO   57 --- [   JobGenerator] org.apache.spark.internal.Logging        : Removing RDD 18 from persistence list
2022-06-30 12:49:22.532  WARN   69 --- [-job-executor-0] org.apache.spark.internal.Logging        : Using an existing SparkSession; the static sql configurations will not take effect.
2022-06-30 12:49:22.533  WARN   69 --- [-job-executor-0] org.apache.spark.internal.Logging        : Using an existing SparkSession; some spark core configurations may not take effect.
2022-06-30 12:49:22.534  INFO   57 --- [   JobGenerator] org.apache.spark.internal.Logging        : Removing RDD 17 from persistence list
2022-06-30 12:49:22.536  INFO   57 --- [   JobGenerator] org.apache.spark.internal.Logging        : Removing blocks of RDD BlockRDD[17] at receiverStream at Application.java:117 of time 1656589761000 ms
2022-06-30 12:49:22.538  INFO   57 --- [   JobGenerator] org.apache.spark.internal.Logging        : Deleting batches: 1656589759000 ms
2022-06-30 12:49:22.538  INFO   57 --- [   JobGenerator] org.apache.spark.internal.Logging        : remove old batch metadata: 1656589759000 ms
2022-06-30 12:49:22.552  INFO   57 --- [-job-executor-0] org.apache.spark.internal.Logging        : Starting job: collect at Application.java:148
2022-06-30 12:49:22.555  INFO   57 --- [-job-executor-0] org.apache.spark.internal.Logging        : Job 10 finished: collect at Application.java:148, took 0.001682 s
2022-06-30 12:49:22.555  INFO   57 --- [-thread-pool-43] org.apache.spark.internal.Logging        : Removing RDD 17
2022-06-30 12:49:22.556  INFO   57 --- [-thread-pool-42] org.apache.spark.internal.Logging        : Removing RDD 18
2022-06-30 12:49:22.560  INFO   57 --- [   JobScheduler] org.apache.spark.internal.Logging        : Finished job streaming job 1656589762000 ms.0 from job set of time 1656589762000 ms
2022-06-30 12:49:22.561  INFO   57 --- [   JobScheduler] org.apache.spark.internal.Logging        : Starting job streaming job 1656589762000 ms.1 from job set of time 1656589762000 ms
2022-06-30 12:49:22.561  INFO   57 --- [   JobScheduler] org.apache.spark.internal.Logging        : Finished job streaming job 1656589762000 ms.1 from job set of time 1656589762000 ms
2022-06-30 12:49:22.562  INFO   57 --- [   JobScheduler] org.apache.spark.internal.Logging        : Total delay: 0.561 s for time 1656589762000 ms (execution: 0.031 s)
2022-06-30 12:49:22.562  INFO   57 --- [   JobGenerator] org.apache.spark.internal.Logging        : Removing RDD 20 from persistence list
2022-06-30 12:49:22.564  INFO   57 --- [   JobGenerator] org.apache.spark.internal.Logging        : Removing RDD 19 from persistence list
2022-06-30 12:49:22.565  INFO   57 --- [   JobGenerator] org.apache.spark.internal.Logging        : Removing blocks of RDD BlockRDD[19] at receiverStream at Application.java:117 of time 1656589762000 ms
2022-06-30 12:49:22.566  INFO   57 --- [   JobGenerator] org.apache.spark.internal.Logging        : Deleting batches: 1656589760000 ms
2022-06-30 12:49:22.566  INFO   57 --- [   JobGenerator] org.apache.spark.internal.Logging        : remove old batch metadata: 1656589760000 ms
2022-06-30 12:49:22.568  INFO   57 --- [-thread-pool-48] org.apache.spark.internal.Logging        : Removing RDD 20
2022-06-30 12:49:22.568  INFO   57 --- [-thread-pool-49] org.apache.spark.internal.Logging        : Removing RDD 19
2022-06-30 12:49:22.827  INFO  571 --- [  NiFi Receiver] g.apache.nifi.remote.client.PeerSelector : Successfully refreshed peer status cache; remote group consists of 1 peers
2022-06-30 12:49:22.827  INFO  571 --- [ool Maintenance] g.apache.nifi.remote.client.PeerSelector : Successfully refreshed peer status cache; remote group consists of 1 peers
2022-06-30 12:49:23.045  INFO   57 --- [   JobGenerator] org.apache.spark.internal.Logging        : Added jobs for time 1656589763000 ms
2022-06-30 12:49:23.048  INFO   57 --- [   JobScheduler] org.apache.spark.internal.Logging        : Starting job streaming job 1656589763000 ms.0 from job set of time 1656589763000 ms
2022-06-30 12:49:23.050  WARN   69 --- [-job-executor-0] org.apache.spark.internal.Logging        : Using an existing SparkSession; the static sql configurations will not take effect.
2022-06-30 12:49:23.050  WARN   69 --- [-job-executor-0] org.apache.spark.internal.Logging        : Using an existing SparkSession; some spark core configurations may not take effect.
2022-06-30 12:49:23.064  INFO   57 --- [-job-executor-0] org.apache.spark.internal.Logging        : Starting job: collect at Application.java:148
2022-06-30 12:49:23.065  INFO   57 --- [-job-executor-0] org.apache.spark.internal.Logging        : Job 11 finished: collect at Application.java:148, took 0.000572 s
2022-06-30 12:49:23.069  INFO   57 --- [   JobScheduler] org.apache.spark.internal.Logging        : Finished job streaming job 1656589763000 ms.0 from job set of time 1656589763000 ms
2022-06-30 12:49:23.071  INFO   57 --- [   JobScheduler] org.apache.spark.internal.Logging        : Starting job streaming job 1656589763000 ms.1 from job set of time 1656589763000 ms
2022-06-30 12:49:23.072  INFO   57 --- [   JobScheduler] org.apache.spark.internal.Logging        : Finished job streaming job 1656589763000 ms.1 from job set of time 1656589763000 ms
2022-06-30 12:49:23.073  INFO   57 --- [   JobScheduler] org.apache.spark.internal.Logging        : Total delay: 0.071 s for time 1656589763000 ms (execution: 0.024 s)
2022-06-30 12:49:23.073  INFO   57 --- [   JobGenerator] org.apache.spark.internal.Logging        : Removing RDD 26 from persistence list
2022-06-30 12:49:23.076  INFO   57 --- [   JobGenerator] org.apache.spark.internal.Logging        : Removing RDD 25 from persistence list
2022-06-30 12:49:23.078  INFO   57 --- [-thread-pool-54] org.apache.spark.internal.Logging        : Removing RDD 26
2022-06-30 12:49:23.079  INFO   57 --- [-thread-pool-55] org.apache.spark.internal.Logging        : Removing RDD 25
2022-06-30 12:49:23.078  INFO   57 --- [   JobGenerator] org.apache.spark.internal.Logging        : Removing blocks of RDD BlockRDD[25] at receiverStream at Application.java:117 of time 1656589763000 ms
2022-06-30 12:49:23.085  INFO   57 --- [   JobGenerator] org.apache.spark.internal.Logging        : Deleting batches: 1656589761000 ms
2022-06-30 12:49:23.085  INFO   57 --- [   JobGenerator] org.apache.spark.internal.Logging        : remove old batch metadata: 1656589761000 ms
2022-06-30 12:49:23.099  INFO   57 --- [  NiFi Receiver] org.apache.spark.internal.Logging        : Block input-0-1656589755207 stored as values in memory (estimated size 503.2 KiB, free 897.0 MiB)
2022-06-30 12:49:23.100  INFO   57 --- [ckManagerMaster] org.apache.spark.internal.Logging        : Added input-0-1656589755207 in memory on host.docker.internal:64685 (size: 503.2 KiB, free: 897.1 MiB)
2022-06-30 12:49:24.020  INFO   57 --- [   JobGenerator] org.apache.spark.internal.Logging        : Added jobs for time 1656589764000 ms
2022-06-30 12:49:24.029  WARN   69 --- [-job-executor-0] org.apache.spark.internal.Logging        : Using an existing SparkSession; the static sql configurations will not take effect.
2022-06-30 12:49:24.030  WARN   69 --- [-job-executor-0] org.apache.spark.internal.Logging        : Using an existing SparkSession; some spark core configurations may not take effect.
2022-06-30 12:49:24.029  INFO   57 --- [   JobScheduler] org.apache.spark.internal.Logging        : Starting job streaming job 1656589764000 ms.0 from job set of time 1656589764000 ms
2022-06-30 12:49:24.047  INFO   57 --- [-job-executor-0] org.apache.spark.internal.Logging        : Starting job: collect at Application.java:148
2022-06-30 12:49:24.059  INFO   57 --- [uler-event-loop] org.apache.spark.internal.Logging        : Got job 12 (collect at Application.java:148) with 1 output partitions
2022-06-30 12:49:24.060  INFO   57 --- [uler-event-loop] org.apache.spark.internal.Logging        : Final stage: ResultStage 1 (collect at Application.java:148)
2022-06-30 12:49:24.061  INFO   57 --- [uler-event-loop] org.apache.spark.internal.Logging        : Parents of final stage: List()
2022-06-30 12:49:24.061  INFO   57 --- [uler-event-loop] org.apache.spark.internal.Logging        : Missing parents: List()
2022-06-30 12:49:24.065  INFO   57 --- [uler-event-loop] org.apache.spark.internal.Logging        : Submitting ResultStage 1 (MapPartitionsRDD[36] at map at Application.java:125), which has no missing parents
2022-06-30 12:49:24.102  INFO   57 --- [uler-event-loop] org.apache.spark.internal.Logging        : Block broadcast_1 stored as values in memory (estimated size 4.7 KiB, free 897.0 MiB)
2022-06-30 12:49:24.113  INFO   57 --- [uler-event-loop] org.apache.spark.internal.Logging        : Block broadcast_1_piece0 stored as bytes in memory (estimated size 2.6 KiB, free 897.0 MiB)
2022-06-30 12:49:24.116  INFO   57 --- [ckManagerMaster] org.apache.spark.internal.Logging        : Added broadcast_1_piece0 in memory on host.docker.internal:64685 (size: 2.6 KiB, free: 897.1 MiB)
2022-06-30 12:49:24.118  INFO   57 --- [uler-event-loop] org.apache.spark.internal.Logging        : Created broadcast 1 from broadcast at DAGScheduler.scala:1478
2022-06-30 12:49:24.124  INFO   57 --- [uler-event-loop] org.apache.spark.internal.Logging        : Submitting 1 missing tasks from ResultStage 1 (MapPartitionsRDD[36] at map at Application.java:125) (first 15 tasks are for partitions Vector(0))
2022-06-30 12:49:24.125  INFO   57 --- [uler-event-loop] org.apache.spark.internal.Logging        : Adding task set 1.0 with 1 tasks resource profile 0
2022-06-30 12:49:24.140  INFO   57 --- [er-event-loop-0] org.apache.spark.internal.Logging        : Starting task 0.0 in stage 1.0 (TID 1) (host.docker.internal, executor driver, partition 0, PROCESS_LOCAL, 4394 bytes) taskResourceAssignments Map()
2022-06-30 12:49:24.157  INFO   57 --- [age 1.0 (TID 1)] org.apache.spark.internal.Logging        : Running task 0.0 in stage 1.0 (TID 1)
2022-06-30 12:49:25.093  INFO   57 --- [   JobGenerator] org.apache.spark.internal.Logging        : Added jobs for time 1656589765000 ms
2022-06-30 12:49:25.152  INFO   57 --- [age 1.0 (TID 1)] org.apache.spark.internal.Logging        : Found block input-0-1656589755207 locally
2022-06-30 12:49:25.640  INFO   57 --- [age 1.0 (TID 1)] org.apache.spark.internal.Logging        : Finished task 0.0 in stage 1.0 (TID 1). 39619 bytes result sent to driver
2022-06-30 12:49:25.676  INFO   57 --- [result-getter-0] org.apache.spark.internal.Logging        : Finished task 0.0 in stage 1.0 (TID 1) in 1543 ms on host.docker.internal (executor driver) (1/1)
2022-06-30 12:49:25.682  INFO   57 --- [result-getter-0] org.apache.spark.internal.Logging        : Removed TaskSet 1.0, whose tasks have all completed, from pool 
2022-06-30 12:49:25.707  INFO   57 --- [uler-event-loop] org.apache.spark.internal.Logging        : ResultStage 1 (collect at Application.java:148) finished in 1.610 s
2022-06-30 12:49:25.716  INFO   57 --- [uler-event-loop] org.apache.spark.internal.Logging        : Job 12 is finished. Cancelling potential speculative or zombie tasks for this job
2022-06-30 12:49:25.717  INFO   57 --- [uler-event-loop] org.apache.spark.internal.Logging        : Killing all running tasks in stage 1: Stage finished
2022-06-30 12:49:25.719  INFO   57 --- [-job-executor-0] org.apache.spark.internal.Logging        : Job 12 finished: collect at Application.java:148, took 1.670264 s
2022-06-30 12:49:25.941  INFO   57 --- [   JobScheduler] org.apache.spark.internal.Logging        : Finished job streaming job 1656589764000 ms.0 from job set of time 1656589764000 ms
2022-06-30 12:49:25.945  INFO   57 --- [   JobScheduler] org.apache.spark.internal.Logging        : Starting job streaming job 1656589764000 ms.1 from job set of time 1656589764000 ms
2022-06-30 12:49:25.947  ERROR   94 --- [   JobScheduler] org.apache.spark.internal.Logging        : Error running job streaming job 1656589764000 ms.0
java.lang.IllegalArgumentException: The value (SMSMO) of the type (java.lang.String) cannot be converted to an array of struct<callType:string,imsi:string,imei:string,mscIncoming:string,mscOutgoing:string>
	at org.apache.spark.sql.catalyst.CatalystTypeConverters$ArrayConverter.toCatalystImpl(CatalystTypeConverters.scala:185)
	at org.apache.spark.sql.catalyst.CatalystTypeConverters$ArrayConverter.toCatalystImpl(CatalystTypeConverters.scala:164)
	at org.apache.spark.sql.catalyst.CatalystTypeConverters$CatalystTypeConverter.toCatalyst(CatalystTypeConverters.scala:113)
	at org.apache.spark.sql.catalyst.CatalystTypeConverters$StructConverter.toCatalystImpl(CatalystTypeConverters.scala:258)
	at org.apache.spark.sql.catalyst.CatalystTypeConverters$StructConverter.toCatalystImpl(CatalystTypeConverters.scala:248)
	at org.apache.spark.sql.catalyst.CatalystTypeConverters$CatalystTypeConverter.toCatalyst(CatalystTypeConverters.scala:113)
	at org.apache.spark.sql.catalyst.CatalystTypeConverters$.$anonfun$createToCatalystConverter$2(CatalystTypeConverters.scala:485)
	at org.apache.spark.sql.catalyst.plans.logical.LocalRelation$.$anonfun$fromExternalRows$1(LocalRelation.scala:38)
	at scala.collection.TraversableLike.$anonfun$map$1(TraversableLike.scala:286)
	at scala.collection.Iterator.foreach(Iterator.scala:943)
	at scala.collection.Iterator.foreach$(Iterator.scala:943)
	at scala.collection.AbstractIterator.foreach(Iterator.scala:1431)
	at scala.collection.IterableLike.foreach(IterableLike.scala:74)
	at scala.collection.IterableLike.foreach$(IterableLike.scala:73)
	at scala.collection.AbstractIterable.foreach(Iterable.scala:56)
	at scala.collection.TraversableLike.map(TraversableLike.scala:286)
	at scala.collection.TraversableLike.map$(TraversableLike.scala:279)
	at scala.collection.AbstractTraversable.map(Traversable.scala:108)
	at org.apache.spark.sql.catalyst.plans.logical.LocalRelation$.fromExternalRows(LocalRelation.scala:38)
	at org.apache.spark.sql.SparkSession.$anonfun$createDataFrame$4(SparkSession.scala:388)
	at org.apache.spark.sql.SparkSession.withActive(SparkSession.scala:775)
	at org.apache.spark.sql.SparkSession.createDataFrame(SparkSession.scala:386)
	at com.elite.cdr.validator.Application.lambda$main$1282d8df$1(Application.java:154)
	at org.apache.spark.streaming.api.java.JavaDStreamLike.$anonfun$foreachRDD$1(JavaDStreamLike.scala:272)
	at org.apache.spark.streaming.api.java.JavaDStreamLike.$anonfun$foreachRDD$1$adapted(JavaDStreamLike.scala:272)
	at org.apache.spark.streaming.dstream.DStream.$anonfun$foreachRDD$2(DStream.scala:629)
	at org.apache.spark.streaming.dstream.DStream.$anonfun$foreachRDD$2$adapted(DStream.scala:629)
	at org.apache.spark.streaming.dstream.ForEachDStream.$anonfun$generateJob$2(ForEachDStream.scala:51)
	at scala.runtime.java8.JFunction0$mcV$sp.apply(JFunction0$mcV$sp.java:23)
	at org.apache.spark.streaming.dstream.DStream.createRDDWithLocalProperties(DStream.scala:417)
	at org.apache.spark.streaming.dstream.ForEachDStream.$anonfun$generateJob$1(ForEachDStream.scala:51)
	at scala.runtime.java8.JFunction0$mcV$sp.apply(JFunction0$mcV$sp.java:23)
	at scala.util.Try$.apply(Try.scala:213)
	at org.apache.spark.streaming.scheduler.Job.run(Job.scala:39)
	at org.apache.spark.streaming.scheduler.JobScheduler$JobHandler.$anonfun$run$1(JobScheduler.scala:256)
	at scala.runtime.java8.JFunction0$mcV$sp.apply(JFunction0$mcV$sp.java:23)
	at scala.util.DynamicVariable.withValue(DynamicVariable.scala:62)
	at org.apache.spark.streaming.scheduler.JobScheduler$JobHandler.run(JobScheduler.scala:256)
	at java.util.concurrent.ThreadPoolExecutor.runWorker(ThreadPoolExecutor.java:1149)
	at java.util.concurrent.ThreadPoolExecutor$Worker.run(ThreadPoolExecutor.java:624)
	at java.lang.Thread.run(Thread.java:748)
2022-06-30 12:49:25.960  INFO   57 --- [-job-executor-0] org.apache.spark.internal.Logging        : Starting job: print at Application.java:241
2022-06-30 12:49:25.972  INFO   57 --- [uler-event-loop] org.apache.spark.internal.Logging        : Got job 13 (print at Application.java:241) with 1 output partitions
2022-06-30 12:49:25.973  INFO   57 --- [uler-event-loop] org.apache.spark.internal.Logging        : Final stage: ResultStage 2 (print at Application.java:241)
2022-06-30 12:49:25.973  INFO   57 --- [uler-event-loop] org.apache.spark.internal.Logging        : Parents of final stage: List()
2022-06-30 12:49:25.974  INFO   57 --- [uler-event-loop] org.apache.spark.internal.Logging        : Missing parents: List()
2022-06-30 12:49:25.998  INFO   57 --- [uler-event-loop] org.apache.spark.internal.Logging        : Submitting ResultStage 2 (MapPartitionsRDD[35] at map at Application.java:122), which has no missing parents
2022-06-30 12:49:26.008  INFO   57 --- [uler-event-loop] org.apache.spark.internal.Logging        : Block broadcast_2 stored as values in memory (estimated size 4.4 KiB, free 897.0 MiB)
2022-06-30 12:49:26.033  INFO   57 --- [uler-event-loop] org.apache.spark.internal.Logging        : Block broadcast_2_piece0 stored as bytes in memory (estimated size 2.4 KiB, free 897.0 MiB)
2022-06-30 12:49:26.047  INFO   57 --- [   JobGenerator] org.apache.spark.internal.Logging        : Added jobs for time 1656589766000 ms
2022-06-30 12:49:26.056  INFO   57 --- [ckManagerMaster] org.apache.spark.internal.Logging        : Added broadcast_2_piece0 in memory on host.docker.internal:64685 (size: 2.4 KiB, free: 897.1 MiB)
2022-06-30 12:49:26.058  INFO   57 --- [uler-event-loop] org.apache.spark.internal.Logging        : Created broadcast 2 from broadcast at DAGScheduler.scala:1478
2022-06-30 12:49:26.061  INFO   57 --- [uler-event-loop] org.apache.spark.internal.Logging        : Submitting 1 missing tasks from ResultStage 2 (MapPartitionsRDD[35] at map at Application.java:122) (first 15 tasks are for partitions Vector(0))
2022-06-30 12:49:26.065  INFO   57 --- [uler-event-loop] org.apache.spark.internal.Logging        : Adding task set 2.0 with 1 tasks resource profile 0
2022-06-30 12:49:26.079  INFO   57 --- [er-event-loop-3] org.apache.spark.internal.Logging        : Starting task 0.0 in stage 2.0 (TID 2) (host.docker.internal, executor driver, partition 0, PROCESS_LOCAL, 4394 bytes) taskResourceAssignments Map()
2022-06-30 12:49:26.100  INFO   57 --- [age 2.0 (TID 2)] org.apache.spark.internal.Logging        : Running task 0.0 in stage 2.0 (TID 2)
2022-06-30 12:49:26.134  INFO   57 --- [age 2.0 (TID 2)] org.apache.spark.internal.Logging        : Found block input-0-1656589755207 locally
2022-06-30 12:49:26.135  INFO   57 --- [shutdown-hook-0] org.apache.spark.internal.Logging        : Invoking stop(stopGracefully=false) from shutdown hook
2022-06-30 12:49:26.165  INFO   57 --- [er-event-loop-1] org.apache.spark.internal.Logging        : Sent stop signal to all 1 receivers
2022-06-30 12:49:26.166  INFO   57 --- [er-event-loop-2] org.apache.spark.internal.Logging        : Received stop signal
2022-06-30 12:49:26.209  INFO   57 --- [er-event-loop-2] org.apache.spark.internal.Logging        : Stopping receiver with message: Stopped by driver: 
2022-06-30 12:49:26.210  INFO   57 --- [er-event-loop-2] org.apache.spark.internal.Logging        : Called receiver onStop
2022-06-30 12:49:26.224  INFO   57 --- [age 2.0 (TID 2)] org.apache.spark.internal.Logging        : Finished task 0.0 in stage 2.0 (TID 2). 39441 bytes result sent to driver
2022-06-30 12:49:26.225  INFO   57 --- [er-event-loop-2] org.apache.spark.internal.Logging        : Deregistering receiver 0
2022-06-30 12:49:26.282  ERROR   73 --- [er-event-loop-3] org.apache.spark.internal.Logging        : Deregistered receiver for stream 0: Stopped by driver
2022-06-30 12:49:26.289  INFO   57 --- [er-event-loop-2] org.apache.spark.internal.Logging        : Stopped receiver 0
2022-06-30 12:49:26.292  INFO   57 --- [er-event-loop-2] org.apache.spark.internal.Logging        : Stopping BlockGenerator
2022-06-30 12:49:26.345  INFO   57 --- [result-getter-1] org.apache.spark.internal.Logging        : Finished task 0.0 in stage 2.0 (TID 2) in 267 ms on host.docker.internal (executor driver) (1/1)
2022-06-30 12:49:26.346  INFO   57 --- [result-getter-1] org.apache.spark.internal.Logging        : Removed TaskSet 2.0, whose tasks have all completed, from pool 
2022-06-30 12:49:26.353  INFO   57 --- [uler-event-loop] org.apache.spark.internal.Logging        : ResultStage 2 (print at Application.java:241) finished in 0.352 s
2022-06-30 12:49:26.354  INFO   57 --- [uler-event-loop] org.apache.spark.internal.Logging        : Job 13 is finished. Cancelling potential speculative or zombie tasks for this job
2022-06-30 12:49:26.354  INFO   57 --- [uler-event-loop] org.apache.spark.internal.Logging        : Killing all running tasks in stage 2: Stage finished
2022-06-30 12:49:26.357  INFO   57 --- [-job-executor-0] org.apache.spark.internal.Logging        : Job 13 finished: print at Application.java:241, took 0.390048 s
2022-06-30 12:49:26.380  WARN   69 --- [-job-executor-0] org.apache.spark.internal.Logging        : Using an existing SparkSession; the static sql configurations will not take effect.
2022-06-30 12:49:26.381  WARN   69 --- [-job-executor-0] org.apache.spark.internal.Logging        : Using an existing SparkSession; some spark core configurations may not take effect.
2022-06-30 12:49:26.462  INFO   57 --- [-job-executor-0] org.apache.spark.internal.Logging        : Starting job: collect at Application.java:148
2022-06-30 12:49:26.469  INFO   57 --- [-job-executor-0] org.apache.spark.internal.Logging        : Job 14 finished: collect at Application.java:148, took 0.000280 s
2022-06-30 12:49:26.471  INFO   57 --- [   JobScheduler] org.apache.spark.internal.Logging        : Finished job streaming job 1656589764000 ms.1 from job set of time 1656589764000 ms
2022-06-30 12:49:26.472  INFO   57 --- [   JobScheduler] org.apache.spark.internal.Logging        : Total delay: 2.471 s for time 1656589764000 ms (execution: 2.442 s)
2022-06-30 12:49:26.473  INFO   57 --- [   JobScheduler] org.apache.spark.internal.Logging        : Starting job streaming job 1656589765000 ms.0 from job set of time 1656589765000 ms
2022-06-30 12:49:26.478  INFO   57 --- [   JobGenerator] org.apache.spark.internal.Logging        : Removing RDD 32 from persistence list
2022-06-30 12:49:26.478  INFO   57 --- [   JobScheduler] org.apache.spark.internal.Logging        : Finished job streaming job 1656589765000 ms.0 from job set of time 1656589765000 ms
2022-06-30 12:49:26.482  INFO   57 --- [   JobScheduler] org.apache.spark.internal.Logging        : Starting job streaming job 1656589765000 ms.1 from job set of time 1656589765000 ms
2022-06-30 12:49:26.482  INFO   57 --- [   JobScheduler] org.apache.spark.internal.Logging        : Finished job streaming job 1656589765000 ms.1 from job set of time 1656589765000 ms
2022-06-30 12:49:26.483  INFO   57 --- [   JobScheduler] org.apache.spark.internal.Logging        : Total delay: 1.482 s for time 1656589765000 ms (execution: 0.010 s)
2022-06-30 12:49:26.483  INFO   57 --- [   JobScheduler] org.apache.spark.internal.Logging        : Starting job streaming job 1656589766000 ms.0 from job set of time 1656589766000 ms
2022-06-30 12:49:26.498  WARN   69 --- [-job-executor-0] org.apache.spark.internal.Logging        : Using an existing SparkSession; the static sql configurations will not take effect.
2022-06-30 12:49:26.500  WARN   69 --- [-job-executor-0] org.apache.spark.internal.Logging        : Using an existing SparkSession; some spark core configurations may not take effect.
2022-06-30 12:49:26.526  INFO   57 --- [-thread-pool-60] org.apache.spark.internal.Logging        : Removing RDD 32
2022-06-30 12:49:26.527  INFO   57 --- [   JobGenerator] org.apache.spark.internal.Logging        : Removing RDD 31 from persistence list
2022-06-30 12:49:26.551  INFO   57 --- [   JobGenerator] org.apache.spark.internal.Logging        : Removing blocks of RDD BlockRDD[31] at receiverStream at Application.java:117 of time 1656589764000 ms
2022-06-30 12:49:26.557  INFO   57 --- [   JobGenerator] org.apache.spark.internal.Logging        : Deleting batches: 1656589762000 ms
2022-06-30 12:49:26.558  INFO   57 --- [   JobGenerator] org.apache.spark.internal.Logging        : remove old batch metadata: 1656589762000 ms
2022-06-30 12:49:26.559  INFO   57 --- [   JobGenerator] org.apache.spark.internal.Logging        : Removing RDD 35 from persistence list
2022-06-30 12:49:26.561  INFO   57 --- [   JobGenerator] org.apache.spark.internal.Logging        : Removing RDD 34 from persistence list
2022-06-30 12:49:26.563  INFO   57 --- [   JobGenerator] org.apache.spark.internal.Logging        : Removing blocks of RDD BlockRDD[34] at receiverStream at Application.java:117 of time 1656589765000 ms
2022-06-30 12:49:26.569  INFO   57 --- [-job-executor-0] org.apache.spark.internal.Logging        : Starting job: collect at Application.java:148
2022-06-30 12:49:26.576  INFO   57 --- [-job-executor-0] org.apache.spark.internal.Logging        : Job 15 finished: collect at Application.java:148, took 0.006913 s
2022-06-30 12:49:26.578  INFO   57 --- [-thread-pool-65] org.apache.spark.internal.Logging        : Removing RDD 34
2022-06-30 12:49:26.584  INFO   57 --- [   JobScheduler] org.apache.spark.internal.Logging        : Finished job streaming job 1656589766000 ms.0 from job set of time 1656589766000 ms
2022-06-30 12:49:26.584  INFO   57 --- [   JobScheduler] org.apache.spark.internal.Logging        : Starting job streaming job 1656589766000 ms.1 from job set of time 1656589766000 ms
2022-06-30 12:49:26.585  INFO   57 --- [   JobScheduler] org.apache.spark.internal.Logging        : Finished job streaming job 1656589766000 ms.1 from job set of time 1656589766000 ms
2022-06-30 12:49:26.585  INFO   57 --- [   JobScheduler] org.apache.spark.internal.Logging        : Total delay: 0.584 s for time 1656589766000 ms (execution: 0.101 s)
2022-06-30 12:49:26.579  INFO   57 --- [-thread-pool-64] org.apache.spark.internal.Logging        : Removing RDD 35
2022-06-30 12:49:26.579  INFO   57 --- [-thread-pool-63] org.apache.spark.internal.Logging        : Removing RDD 31
2022-06-30 12:49:26.630  INFO   57 --- [ckManagerMaster] org.apache.spark.internal.Logging        : Removed input-0-1656589755207 on host.docker.internal:64685 in memory (size: 503.2 KiB, free: 897.6 MiB)
2022-06-30 12:49:26.609  INFO   57 --- [er-event-loop-2] org.apache.spark.internal.Logging        : Stopped timer for BlockGenerator after time 1656589766600
2022-06-30 12:49:26.597  INFO   57 --- [   JobGenerator] org.apache.spark.internal.Logging        : Deleting batches: 1656589763000 ms
2022-06-30 12:49:26.636  INFO   57 --- [   JobGenerator] org.apache.spark.internal.Logging        : remove old batch metadata: 1656589763000 ms
2022-06-30 12:49:26.639  INFO   57 --- [   JobGenerator] org.apache.spark.internal.Logging        : Removing RDD 38 from persistence list
2022-06-30 12:49:26.641  INFO   57 --- [er-event-loop-2] org.apache.spark.internal.Logging        : Waiting for block pushing thread to terminate
2022-06-30 12:49:26.644  INFO   57 --- [      Thread-14] org.apache.spark.internal.Logging        : Pushing out the last 0 blocks
2022-06-30 12:49:26.645  INFO   57 --- [      Thread-14] org.apache.spark.internal.Logging        : Stopped block pushing thread
2022-06-30 12:49:26.647  INFO   57 --- [er-event-loop-2] org.apache.spark.internal.Logging        : Stopped BlockGenerator
2022-06-30 12:49:26.651  INFO   57 --- [   JobGenerator] org.apache.spark.internal.Logging        : Removing RDD 37 from persistence list
2022-06-30 12:49:26.652  INFO   57 --- [age 0.0 (TID 0)] org.apache.spark.internal.Logging        : Stopped receiver without error
2022-06-30 12:49:26.658  INFO   57 --- [   JobGenerator] org.apache.spark.internal.Logging        : Removing blocks of RDD BlockRDD[37] at receiverStream at Application.java:117 of time 1656589766000 ms
2022-06-30 12:49:26.677  INFO   57 --- [-thread-pool-76] org.apache.spark.internal.Logging        : Removing RDD 37
2022-06-30 12:49:26.679  INFO   57 --- [age 0.0 (TID 0)] org.apache.spark.internal.Logging        : Finished task 0.0 in stage 0.0 (TID 0). 923 bytes result sent to driver
2022-06-30 12:49:26.678  INFO   57 --- [   JobGenerator] org.apache.spark.internal.Logging        : Deleting batches: 1656589764000 ms
2022-06-30 12:49:26.682  INFO   57 --- [   JobGenerator] org.apache.spark.internal.Logging        : remove old batch metadata: 1656589764000 ms
2022-06-30 12:49:26.677  INFO   57 --- [-thread-pool-75] org.apache.spark.internal.Logging        : Removing RDD 38
2022-06-30 12:49:26.695  INFO   57 --- [result-getter-2] org.apache.spark.internal.Logging        : Finished task 0.0 in stage 0.0 (TID 0) in 12326 ms on host.docker.internal (executor driver) (1/1)
2022-06-30 12:49:26.698  INFO   57 --- [result-getter-2] org.apache.spark.internal.Logging        : Removed TaskSet 0.0, whose tasks have all completed, from pool 
2022-06-30 12:49:26.701  INFO   57 --- [uler-event-loop] org.apache.spark.internal.Logging        : ResultStage 0 (start at Application.java:244) finished in 13.655 s
2022-06-30 12:49:26.702  INFO   57 --- [uler-event-loop] org.apache.spark.internal.Logging        : Job 0 is finished. Cancelling potential speculative or zombie tasks for this job
2022-06-30 12:49:26.702  INFO   57 --- [uler-event-loop] org.apache.spark.internal.Logging        : Killing all running tasks in stage 0: Stage finished
2022-06-30 12:49:26.710  INFO   57 --- [shutdown-hook-0] org.apache.spark.internal.Logging        : All of the receivers have deregistered successfully
2022-06-30 12:49:26.711  INFO   57 --- [shutdown-hook-0] org.apache.spark.internal.Logging        : ReceiverTracker stopped
2022-06-30 12:49:26.720  INFO   57 --- [shutdown-hook-0] org.apache.spark.internal.Logging        : Stopping JobGenerator immediately
2022-06-30 12:49:26.726  INFO   57 --- [shutdown-hook-0] org.apache.spark.internal.Logging        : Stopped timer for JobGenerator after time 1656589766000
2022-06-30 12:49:26.729  INFO   57 --- [shutdown-hook-0] org.apache.spark.internal.Logging        : Stopped JobGenerator
2022-06-30 12:49:26.739  INFO   57 --- [shutdown-hook-0] org.apache.spark.internal.Logging        : Stopped JobScheduler
2022-06-30 12:49:26.750  INFO 1153 --- [shutdown-hook-0] ject.jetty.server.handler.ContextHandler : Stopped o.s.j.s.ServletContextHandler@3157e4c0{/streaming,null,STOPPED,@Spark}
2022-06-30 12:49:26.751  INFO 1153 --- [shutdown-hook-0] ject.jetty.server.handler.ContextHandler : Stopped o.s.j.s.ServletContextHandler@328902d5{/streaming/json,null,STOPPED,@Spark}
2022-06-30 12:49:26.753  INFO 1153 --- [shutdown-hook-0] ject.jetty.server.handler.ContextHandler : Stopped o.s.j.s.ServletContextHandler@77010a30{/streaming/batch,null,STOPPED,@Spark}
2022-06-30 12:49:26.755  INFO 1153 --- [shutdown-hook-0] ject.jetty.server.handler.ContextHandler : Stopped o.s.j.s.ServletContextHandler@12aa4996{/streaming/batch/json,null,STOPPED,@Spark}
2022-06-30 12:49:26.757  INFO 1153 --- [shutdown-hook-0] ject.jetty.server.handler.ContextHandler : Stopped o.s.j.s.ServletContextHandler@6c03fb16{/static/streaming,null,STOPPED,@Spark}
2022-06-30 12:49:26.760  INFO   57 --- [shutdown-hook-0] org.apache.spark.internal.Logging        : StreamingContext stopped successfully
2022-06-30 12:49:26.761  INFO   57 --- [shutdown-hook-0] org.apache.spark.internal.Logging        : Invoking stop() from shutdown hook
2022-06-30 12:49:26.779  INFO  381 --- [shutdown-hook-0] rkproject.jetty.server.AbstractConnector : Stopped Spark@64712be{HTTP/1.1, (http/1.1)}{0.0.0.0:4040}
2022-06-30 12:49:26.783  INFO   57 --- [shutdown-hook-0] org.apache.spark.internal.Logging        : Stopped Spark web UI at http://host.docker.internal:4040
2022-06-30 12:49:26.810  INFO   57 --- [er-event-loop-0] org.apache.spark.internal.Logging        : MapOutputTrackerMasterEndpoint stopped!
2022-06-30 12:49:26.853  INFO   57 --- [shutdown-hook-0] org.apache.spark.internal.Logging        : MemoryStore cleared
2022-06-30 12:49:26.855  INFO   57 --- [shutdown-hook-0] org.apache.spark.internal.Logging        : BlockManager stopped
2022-06-30 12:49:26.860  INFO   57 --- [shutdown-hook-0] org.apache.spark.internal.Logging        : BlockManagerMaster stopped
2022-06-30 12:49:26.866  INFO   57 --- [er-event-loop-0] org.apache.spark.internal.Logging        : OutputCommitCoordinator stopped!
2022-06-30 12:49:26.873  INFO   57 --- [shutdown-hook-0] org.apache.spark.internal.Logging        : Successfully stopped SparkContext
2022-06-30 12:49:26.873  INFO   57 --- [shutdown-hook-0] org.apache.spark.internal.Logging        : Shutdown hook called
2022-06-30 12:49:26.874  INFO   57 --- [shutdown-hook-0] org.apache.spark.internal.Logging        : Deleting directory C:\Users\Wael Hamdi\AppData\Local\Temp\spark-d83a172f-0b5c-40f1-a5cb-efcc8bbeacbf
