2022-06-24 17:50:32.000  INFO   50 --- [           main] com.elite.cdr.validator.Application      : Starting ASN1 Reader 
2022-06-24 17:50:32.004  INFO   52 --- [           main] com.elite.cdr.validator.Application      : ############### Run with the args [--env, local, --file, C:\IntelliJProjects\FraudDetectionSpark3\src\main\resources\data\simpleTypes.ber]
2022-06-24 17:50:32.069  INFO   58 --- [           main] com.elite.cdr.validator.Application      : ############### Run in local mode
2022-06-24 17:50:33.709  INFO   57 --- [           main] org.apache.spark.internal.Logging        : Running Spark version 3.2.1
2022-06-24 17:50:34.093  INFO   57 --- [           main] org.apache.spark.internal.Logging        : ==============================================================
2022-06-24 17:50:34.098  INFO   57 --- [           main] org.apache.spark.internal.Logging        : No custom resources configured for spark.driver.
2022-06-24 17:50:34.099  INFO   57 --- [           main] org.apache.spark.internal.Logging        : ==============================================================
2022-06-24 17:50:34.100  INFO   57 --- [           main] org.apache.spark.internal.Logging        : Submitted application: NiFi-Spark Streaming example
2022-06-24 17:50:34.171  INFO   57 --- [           main] org.apache.spark.internal.Logging        : Default ResourceProfile created, executor resources: Map(cores -> name: cores, amount: 1, script: , vendor: , memory -> name: memory, amount: 1024, script: , vendor: , offHeap -> name: offHeap, amount: 0, script: , vendor: ), task resources: Map(cpus -> name: cpus, amount: 1.0)
2022-06-24 17:50:34.197  INFO   57 --- [           main] org.apache.spark.internal.Logging        : Limiting resource is cpu
2022-06-24 17:50:34.205  INFO   57 --- [           main] org.apache.spark.internal.Logging        : Added ResourceProfile id: 0
2022-06-24 17:50:34.393  INFO   57 --- [           main] org.apache.spark.internal.Logging        : Changing view acls to: Wael Hamdi
2022-06-24 17:50:34.394  INFO   57 --- [           main] org.apache.spark.internal.Logging        : Changing modify acls to: Wael Hamdi
2022-06-24 17:50:34.397  INFO   57 --- [           main] org.apache.spark.internal.Logging        : Changing view acls groups to: 
2022-06-24 17:50:34.398  INFO   57 --- [           main] org.apache.spark.internal.Logging        : Changing modify acls groups to: 
2022-06-24 17:50:34.399  INFO   57 --- [           main] org.apache.spark.internal.Logging        : SecurityManager: authentication disabled; ui acls disabled; users  with view permissions: Set(Wael Hamdi); groups with view permissions: Set(); users  with modify permissions: Set(Wael Hamdi); groups with modify permissions: Set()
2022-06-24 17:50:37.076  INFO   57 --- [           main] org.apache.spark.internal.Logging        : Successfully started service 'sparkDriver' on port 57077.
2022-06-24 17:50:37.122  INFO   57 --- [           main] org.apache.spark.internal.Logging        : Registering MapOutputTracker
2022-06-24 17:50:37.175  INFO   57 --- [           main] org.apache.spark.internal.Logging        : Registering BlockManagerMaster
2022-06-24 17:50:37.213  INFO   57 --- [           main] org.apache.spark.internal.Logging        : Using org.apache.spark.storage.DefaultTopologyMapper for getting topology information
2022-06-24 17:50:37.215  INFO   57 --- [           main] org.apache.spark.internal.Logging        : BlockManagerMasterEndpoint up
2022-06-24 17:50:37.220  INFO   57 --- [           main] org.apache.spark.internal.Logging        : Registering BlockManagerMasterHeartbeat
2022-06-24 17:50:37.255  INFO   57 --- [           main] org.apache.spark.internal.Logging        : Created local directory at C:\Users\Wael Hamdi\AppData\Local\Temp\blockmgr-73b5cea6-3fba-4c63-9522-36398f08bff8
2022-06-24 17:50:37.288  INFO   57 --- [           main] org.apache.spark.internal.Logging        : MemoryStore started with capacity 897.6 MiB
2022-06-24 17:50:37.316  INFO   57 --- [           main] org.apache.spark.internal.Logging        : Registering OutputCommitCoordinator
2022-06-24 17:50:37.458  INFO  170 --- [           main] org.sparkproject.jetty.util.log.Log      : Logging initialized @6363ms to org.sparkproject.jetty.util.log.Slf4jLog
2022-06-24 17:50:37.572  INFO  375 --- [           main] org.sparkproject.jetty.server.Server     : jetty-9.4.43.v20210629; built: 2021-06-30T11:07:22.254Z; git: 526006ecfa3af7f1a27ef3a288e2bef7ea9dd7e8; jvm 1.8.0_301-b09
2022-06-24 17:50:37.600  INFO  415 --- [           main] org.sparkproject.jetty.server.Server     : Started @6506ms
2022-06-24 17:50:37.645  INFO  331 --- [           main] rkproject.jetty.server.AbstractConnector : Started ServerConnector@64da2a7{HTTP/1.1, (http/1.1)}{0.0.0.0:4040}
2022-06-24 17:50:37.645  INFO   57 --- [           main] org.apache.spark.internal.Logging        : Successfully started service 'SparkUI' on port 4040.
2022-06-24 17:50:37.676  INFO  915 --- [           main] ject.jetty.server.handler.ContextHandler : Started o.s.j.s.ServletContextHandler@61d9efe0{/jobs,null,AVAILABLE,@Spark}
2022-06-24 17:50:37.679  INFO  915 --- [           main] ject.jetty.server.handler.ContextHandler : Started o.s.j.s.ServletContextHandler@3574e198{/jobs/json,null,AVAILABLE,@Spark}
2022-06-24 17:50:37.680  INFO  915 --- [           main] ject.jetty.server.handler.ContextHandler : Started o.s.j.s.ServletContextHandler@db44aa2{/jobs/job,null,AVAILABLE,@Spark}
2022-06-24 17:50:37.682  INFO  915 --- [           main] ject.jetty.server.handler.ContextHandler : Started o.s.j.s.ServletContextHandler@61a002b1{/jobs/job/json,null,AVAILABLE,@Spark}
2022-06-24 17:50:37.684  INFO  915 --- [           main] ject.jetty.server.handler.ContextHandler : Started o.s.j.s.ServletContextHandler@780ec4a5{/stages,null,AVAILABLE,@Spark}
2022-06-24 17:50:37.685  INFO  915 --- [           main] ject.jetty.server.handler.ContextHandler : Started o.s.j.s.ServletContextHandler@6f70f32f{/stages/json,null,AVAILABLE,@Spark}
2022-06-24 17:50:37.686  INFO  915 --- [           main] ject.jetty.server.handler.ContextHandler : Started o.s.j.s.ServletContextHandler@5aabbb29{/stages/stage,null,AVAILABLE,@Spark}
2022-06-24 17:50:37.687  INFO  915 --- [           main] ject.jetty.server.handler.ContextHandler : Started o.s.j.s.ServletContextHandler@3aa3193a{/stages/stage/json,null,AVAILABLE,@Spark}
2022-06-24 17:50:37.689  INFO  915 --- [           main] ject.jetty.server.handler.ContextHandler : Started o.s.j.s.ServletContextHandler@59a67c3a{/stages/pool,null,AVAILABLE,@Spark}
2022-06-24 17:50:37.690  INFO  915 --- [           main] ject.jetty.server.handler.ContextHandler : Started o.s.j.s.ServletContextHandler@724bade8{/stages/pool/json,null,AVAILABLE,@Spark}
2022-06-24 17:50:37.691  INFO  915 --- [           main] ject.jetty.server.handler.ContextHandler : Started o.s.j.s.ServletContextHandler@6bc248ed{/storage,null,AVAILABLE,@Spark}
2022-06-24 17:50:37.693  INFO  915 --- [           main] ject.jetty.server.handler.ContextHandler : Started o.s.j.s.ServletContextHandler@ca27722{/storage/json,null,AVAILABLE,@Spark}
2022-06-24 17:50:37.694  INFO  915 --- [           main] ject.jetty.server.handler.ContextHandler : Started o.s.j.s.ServletContextHandler@9573b3b{/storage/rdd,null,AVAILABLE,@Spark}
2022-06-24 17:50:37.695  INFO  915 --- [           main] ject.jetty.server.handler.ContextHandler : Started o.s.j.s.ServletContextHandler@78461bc4{/storage/rdd/json,null,AVAILABLE,@Spark}
2022-06-24 17:50:37.696  INFO  915 --- [           main] ject.jetty.server.handler.ContextHandler : Started o.s.j.s.ServletContextHandler@64f857e7{/environment,null,AVAILABLE,@Spark}
2022-06-24 17:50:37.698  INFO  915 --- [           main] ject.jetty.server.handler.ContextHandler : Started o.s.j.s.ServletContextHandler@58c540cf{/environment/json,null,AVAILABLE,@Spark}
2022-06-24 17:50:37.699  INFO  915 --- [           main] ject.jetty.server.handler.ContextHandler : Started o.s.j.s.ServletContextHandler@1b822fcc{/executors,null,AVAILABLE,@Spark}
2022-06-24 17:50:37.701  INFO  915 --- [           main] ject.jetty.server.handler.ContextHandler : Started o.s.j.s.ServletContextHandler@56102e1c{/executors/json,null,AVAILABLE,@Spark}
2022-06-24 17:50:37.702  INFO  915 --- [           main] ject.jetty.server.handler.ContextHandler : Started o.s.j.s.ServletContextHandler@7927bd9f{/executors/threadDump,null,AVAILABLE,@Spark}
2022-06-24 17:50:37.704  INFO  915 --- [           main] ject.jetty.server.handler.ContextHandler : Started o.s.j.s.ServletContextHandler@410954b{/executors/threadDump/json,null,AVAILABLE,@Spark}
2022-06-24 17:50:37.715  INFO  915 --- [           main] ject.jetty.server.handler.ContextHandler : Started o.s.j.s.ServletContextHandler@3b366632{/static,null,AVAILABLE,@Spark}
2022-06-24 17:50:37.716  INFO  915 --- [           main] ject.jetty.server.handler.ContextHandler : Started o.s.j.s.ServletContextHandler@42257bdd{/,null,AVAILABLE,@Spark}
2022-06-24 17:50:37.718  INFO  915 --- [           main] ject.jetty.server.handler.ContextHandler : Started o.s.j.s.ServletContextHandler@687a762c{/api,null,AVAILABLE,@Spark}
2022-06-24 17:50:37.719  INFO  915 --- [           main] ject.jetty.server.handler.ContextHandler : Started o.s.j.s.ServletContextHandler@1b9ea3e3{/jobs/job/kill,null,AVAILABLE,@Spark}
2022-06-24 17:50:37.720  INFO  915 --- [           main] ject.jetty.server.handler.ContextHandler : Started o.s.j.s.ServletContextHandler@55e7a35c{/stages/stage/kill,null,AVAILABLE,@Spark}
2022-06-24 17:50:37.723  INFO   57 --- [           main] org.apache.spark.internal.Logging        : Bound SparkUI to 0.0.0.0, and started at http://host.docker.internal:4040
2022-06-24 17:50:37.950  INFO   57 --- [           main] org.apache.spark.internal.Logging        : Starting executor ID driver on host host.docker.internal
2022-06-24 17:50:38.153  INFO   57 --- [           main] org.apache.spark.internal.Logging        : Successfully started service 'org.apache.spark.network.netty.NettyBlockTransferService' on port 57102.
2022-06-24 17:50:38.153  INFO   82 --- [           main] .network.netty.NettyBlockTransferService : Server created on host.docker.internal:57102
2022-06-24 17:50:38.156  INFO   57 --- [           main] org.apache.spark.internal.Logging        : Using org.apache.spark.storage.RandomBlockReplicationPolicy for block replication policy
2022-06-24 17:50:38.177  INFO   57 --- [           main] org.apache.spark.internal.Logging        : Registering BlockManager BlockManagerId(driver, host.docker.internal, 57102, None)
2022-06-24 17:50:38.192  INFO   57 --- [ckManagerMaster] org.apache.spark.internal.Logging        : Registering block manager host.docker.internal:57102 with 897.6 MiB RAM, BlockManagerId(driver, host.docker.internal, 57102, None)
2022-06-24 17:50:38.203  INFO   57 --- [           main] org.apache.spark.internal.Logging        : Registered BlockManager BlockManagerId(driver, host.docker.internal, 57102, None)
2022-06-24 17:50:38.206  INFO   57 --- [           main] org.apache.spark.internal.Logging        : Initialized BlockManager: BlockManagerId(driver, host.docker.internal, 57102, None)
2022-06-24 17:50:40.462  INFO  915 --- [           main] ject.jetty.server.handler.ContextHandler : Started o.s.j.s.ServletContextHandler@28cb9120{/metrics/json,null,AVAILABLE,@Spark}
2022-06-24 17:50:41.456  INFO  131 --- [           main] com.elite.cdr.validator.Application      : Size of received data (e.g. number of files) 0
2022-06-24 17:50:41.526  INFO   57 --- [streaming-start] org.apache.spark.internal.Logging        : Starting 1 receivers
2022-06-24 17:50:41.529  INFO   57 --- [streaming-start] org.apache.spark.internal.Logging        : ReceiverTracker started
2022-06-24 17:50:41.534  INFO   57 --- [streaming-start] org.apache.spark.internal.Logging        : Slide time = 5000 ms
2022-06-24 17:50:41.535  INFO   57 --- [streaming-start] org.apache.spark.internal.Logging        : Storage level = Serialized 1x Replicated
2022-06-24 17:50:41.536  INFO   57 --- [streaming-start] org.apache.spark.internal.Logging        : Checkpoint interval = null
2022-06-24 17:50:41.536  INFO   57 --- [streaming-start] org.apache.spark.internal.Logging        : Remember interval = 5000 ms
2022-06-24 17:50:41.537  INFO   57 --- [streaming-start] org.apache.spark.internal.Logging        : Initialized and validated org.apache.spark.streaming.dstream.PluggableInputDStream@a04f2be
2022-06-24 17:50:41.537  INFO   57 --- [streaming-start] org.apache.spark.internal.Logging        : Slide time = 5000 ms
2022-06-24 17:50:41.538  INFO   57 --- [streaming-start] org.apache.spark.internal.Logging        : Storage level = Serialized 1x Replicated
2022-06-24 17:50:41.538  INFO   57 --- [streaming-start] org.apache.spark.internal.Logging        : Checkpoint interval = null
2022-06-24 17:50:41.538  INFO   57 --- [streaming-start] org.apache.spark.internal.Logging        : Remember interval = 5000 ms
2022-06-24 17:50:41.538  INFO   57 --- [streaming-start] org.apache.spark.internal.Logging        : Initialized and validated org.apache.spark.streaming.dstream.MappedDStream@6c4b23c9
2022-06-24 17:50:41.539  INFO   57 --- [streaming-start] org.apache.spark.internal.Logging        : Slide time = 5000 ms
2022-06-24 17:50:41.539  INFO   57 --- [streaming-start] org.apache.spark.internal.Logging        : Storage level = Serialized 1x Replicated
2022-06-24 17:50:41.539  INFO   57 --- [streaming-start] org.apache.spark.internal.Logging        : Checkpoint interval = null
2022-06-24 17:50:41.539  INFO   57 --- [streaming-start] org.apache.spark.internal.Logging        : Remember interval = 5000 ms
2022-06-24 17:50:41.539  INFO   57 --- [streaming-start] org.apache.spark.internal.Logging        : Initialized and validated org.apache.spark.streaming.dstream.ForEachDStream@59e46bcc
2022-06-24 17:50:41.540  INFO   57 --- [streaming-start] org.apache.spark.internal.Logging        : Slide time = 5000 ms
2022-06-24 17:50:41.540  INFO   57 --- [streaming-start] org.apache.spark.internal.Logging        : Storage level = Serialized 1x Replicated
2022-06-24 17:50:41.540  INFO   57 --- [streaming-start] org.apache.spark.internal.Logging        : Checkpoint interval = null
2022-06-24 17:50:41.540  INFO   57 --- [streaming-start] org.apache.spark.internal.Logging        : Remember interval = 5000 ms
2022-06-24 17:50:41.540  INFO   57 --- [streaming-start] org.apache.spark.internal.Logging        : Initialized and validated org.apache.spark.streaming.dstream.PluggableInputDStream@a04f2be
2022-06-24 17:50:41.540  INFO   57 --- [streaming-start] org.apache.spark.internal.Logging        : Slide time = 5000 ms
2022-06-24 17:50:41.541  INFO   57 --- [streaming-start] org.apache.spark.internal.Logging        : Storage level = Serialized 1x Replicated
2022-06-24 17:50:41.541  INFO   57 --- [streaming-start] org.apache.spark.internal.Logging        : Checkpoint interval = null
2022-06-24 17:50:41.541  INFO   57 --- [streaming-start] org.apache.spark.internal.Logging        : Remember interval = 5000 ms
2022-06-24 17:50:41.541  INFO   57 --- [streaming-start] org.apache.spark.internal.Logging        : Initialized and validated org.apache.spark.streaming.dstream.MappedDStream@6c4b23c9
2022-06-24 17:50:41.541  INFO   57 --- [streaming-start] org.apache.spark.internal.Logging        : Slide time = 5000 ms
2022-06-24 17:50:41.542  INFO   57 --- [streaming-start] org.apache.spark.internal.Logging        : Storage level = Serialized 1x Replicated
2022-06-24 17:50:41.542  INFO   57 --- [streaming-start] org.apache.spark.internal.Logging        : Checkpoint interval = null
2022-06-24 17:50:41.542  INFO   57 --- [streaming-start] org.apache.spark.internal.Logging        : Remember interval = 5000 ms
2022-06-24 17:50:41.543  INFO   57 --- [streaming-start] org.apache.spark.internal.Logging        : Initialized and validated org.apache.spark.streaming.dstream.ForEachDStream@eb612e0
2022-06-24 17:50:41.643  INFO   57 --- [streaming-start] org.apache.spark.internal.Logging        : Started timer for JobGenerator at time 1656089445000
2022-06-24 17:50:41.644  INFO   57 --- [streaming-start] org.apache.spark.internal.Logging        : Started JobGenerator at 1656089445000 ms
2022-06-24 17:50:41.646  INFO   57 --- [streaming-start] org.apache.spark.internal.Logging        : Started JobScheduler
2022-06-24 17:50:41.648  INFO   57 --- [er-event-loop-3] org.apache.spark.internal.Logging        : Receiver 0 started
2022-06-24 17:50:41.653  INFO  915 --- [           main] ject.jetty.server.handler.ContextHandler : Started o.s.j.s.ServletContextHandler@1686f0b4{/streaming,null,AVAILABLE,@Spark}
2022-06-24 17:50:41.654  INFO  915 --- [           main] ject.jetty.server.handler.ContextHandler : Started o.s.j.s.ServletContextHandler@3900fa71{/streaming/json,null,AVAILABLE,@Spark}
2022-06-24 17:50:41.656  INFO  915 --- [           main] ject.jetty.server.handler.ContextHandler : Started o.s.j.s.ServletContextHandler@6b667cb3{/streaming/batch,null,AVAILABLE,@Spark}
2022-06-24 17:50:41.657  INFO  915 --- [           main] ject.jetty.server.handler.ContextHandler : Started o.s.j.s.ServletContextHandler@61e3cf4d{/streaming/batch/json,null,AVAILABLE,@Spark}
2022-06-24 17:50:41.660  INFO  915 --- [           main] ject.jetty.server.handler.ContextHandler : Started o.s.j.s.ServletContextHandler@3157e4c0{/static/streaming,null,AVAILABLE,@Spark}
2022-06-24 17:50:41.660  INFO   57 --- [           main] org.apache.spark.internal.Logging        : StreamingContext started
2022-06-24 17:50:41.665  INFO   57 --- [uler-event-loop] org.apache.spark.internal.Logging        : Got job 0 (start at Application.java:173) with 1 output partitions
2022-06-24 17:50:41.666  INFO   57 --- [uler-event-loop] org.apache.spark.internal.Logging        : Final stage: ResultStage 0 (start at Application.java:173)
2022-06-24 17:50:41.667  INFO   57 --- [uler-event-loop] org.apache.spark.internal.Logging        : Parents of final stage: List()
2022-06-24 17:50:41.668  INFO   57 --- [uler-event-loop] org.apache.spark.internal.Logging        : Missing parents: List()
2022-06-24 17:50:41.679  INFO   57 --- [uler-event-loop] org.apache.spark.internal.Logging        : Submitting ResultStage 0 (Receiver 0 ParallelCollectionRDD[0] at makeRDD at ReceiverTracker.scala:609), which has no missing parents
2022-06-24 17:50:41.918  INFO   57 --- [uler-event-loop] org.apache.spark.internal.Logging        : Block broadcast_0 stored as values in memory (estimated size 97.5 KiB, free 897.5 MiB)
2022-06-24 17:50:42.065  INFO   57 --- [uler-event-loop] org.apache.spark.internal.Logging        : Block broadcast_0_piece0 stored as bytes in memory (estimated size 34.2 KiB, free 897.5 MiB)
2022-06-24 17:50:42.069  INFO   57 --- [ckManagerMaster] org.apache.spark.internal.Logging        : Added broadcast_0_piece0 in memory on host.docker.internal:57102 (size: 34.2 KiB, free: 897.6 MiB)
2022-06-24 17:50:42.074  INFO   57 --- [uler-event-loop] org.apache.spark.internal.Logging        : Created broadcast 0 from broadcast at DAGScheduler.scala:1478
2022-06-24 17:50:42.095  INFO   57 --- [uler-event-loop] org.apache.spark.internal.Logging        : Submitting 1 missing tasks from ResultStage 0 (Receiver 0 ParallelCollectionRDD[0] at makeRDD at ReceiverTracker.scala:609) (first 15 tasks are for partitions Vector(0))
2022-06-24 17:50:42.097  INFO   57 --- [uler-event-loop] org.apache.spark.internal.Logging        : Adding task set 0.0 with 1 tasks resource profile 0
2022-06-24 17:50:42.244  INFO   57 --- [er-event-loop-0] org.apache.spark.internal.Logging        : Starting task 0.0 in stage 0.0 (TID 0) (host.docker.internal, executor driver, partition 0, PROCESS_LOCAL, 6218 bytes) taskResourceAssignments Map()
2022-06-24 17:50:42.286  INFO   57 --- [age 0.0 (TID 0)] org.apache.spark.internal.Logging        : Running task 0.0 in stage 0.0 (TID 0)
2022-06-24 17:50:42.752  INFO   57 --- [age 0.0 (TID 0)] org.apache.spark.internal.Logging        : Started timer for BlockGenerator at time 1656089442800
2022-06-24 17:50:42.754  INFO   57 --- [age 0.0 (TID 0)] org.apache.spark.internal.Logging        : Started BlockGenerator
2022-06-24 17:50:42.755  INFO   57 --- [      Thread-14] org.apache.spark.internal.Logging        : Started block pushing thread
2022-06-24 17:50:42.777  INFO   57 --- [er-event-loop-0] org.apache.spark.internal.Logging        : Registered receiver for stream 0 from host.docker.internal:57077
2022-06-24 17:50:42.780  INFO   57 --- [age 0.0 (TID 0)] org.apache.spark.internal.Logging        : Starting receiver 0
2022-06-24 17:50:42.784  INFO   57 --- [age 0.0 (TID 0)] org.apache.spark.internal.Logging        : Called receiver 0 onStart
2022-06-24 17:50:42.785  INFO   57 --- [age 0.0 (TID 0)] org.apache.spark.internal.Logging        : Waiting for receiver to be stopped
2022-06-24 17:50:46.458  INFO   57 --- [   JobGenerator] org.apache.spark.internal.Logging        : Added jobs for time 1656089445000 ms
2022-06-24 17:50:46.542  INFO   57 --- [   JobScheduler] org.apache.spark.internal.Logging        : Starting job streaming job 1656089445000 ms.0 from job set of time 1656089445000 ms
2022-06-24 17:50:46.627  INFO   57 --- [   JobScheduler] org.apache.spark.internal.Logging        : Finished job streaming job 1656089445000 ms.0 from job set of time 1656089445000 ms
2022-06-24 17:50:46.632  INFO   57 --- [   JobScheduler] org.apache.spark.internal.Logging        : Starting job streaming job 1656089445000 ms.1 from job set of time 1656089445000 ms
2022-06-24 17:50:46.744  INFO   57 --- [   JobScheduler] org.apache.spark.internal.Logging        : Finished job streaming job 1656089445000 ms.1 from job set of time 1656089445000 ms
2022-06-24 17:50:46.777  INFO   57 --- [   JobScheduler] org.apache.spark.internal.Logging        : Total delay: 1.744 s for time 1656089445000 ms (execution: 0.242 s)
2022-06-24 17:50:47.052  INFO   57 --- [   JobGenerator] org.apache.spark.internal.Logging        : Deleting batches: 
2022-06-24 17:50:47.087  INFO   57 --- [   JobGenerator] org.apache.spark.internal.Logging        : remove old batch metadata: 
2022-06-24 17:50:49.658  WARN   69 --- [tor-heartbeater] org.apache.spark.internal.Logging        : Exception when trying to compute pagesize, as a result reporting of ProcessTree metrics is stopped
2022-06-24 17:50:50.076  INFO   57 --- [   JobGenerator] org.apache.spark.internal.Logging        : Added jobs for time 1656089450000 ms
2022-06-24 17:50:50.109  INFO   57 --- [   JobScheduler] org.apache.spark.internal.Logging        : Starting job streaming job 1656089450000 ms.0 from job set of time 1656089450000 ms
2022-06-24 17:50:50.121  INFO   57 --- [   JobScheduler] org.apache.spark.internal.Logging        : Finished job streaming job 1656089450000 ms.0 from job set of time 1656089450000 ms
2022-06-24 17:50:50.125  INFO   57 --- [   JobScheduler] org.apache.spark.internal.Logging        : Starting job streaming job 1656089450000 ms.1 from job set of time 1656089450000 ms
2022-06-24 17:50:50.127  INFO   57 --- [   JobScheduler] org.apache.spark.internal.Logging        : Finished job streaming job 1656089450000 ms.1 from job set of time 1656089450000 ms
2022-06-24 17:50:50.136  INFO   57 --- [   JobScheduler] org.apache.spark.internal.Logging        : Total delay: 0.127 s for time 1656089450000 ms (execution: 0.020 s)
2022-06-24 17:50:50.148  INFO   57 --- [   JobGenerator] org.apache.spark.internal.Logging        : Removing RDD 2 from persistence list
2022-06-24 17:50:52.023  INFO   57 --- [   JobGenerator] org.apache.spark.internal.Logging        : Removing RDD 1 from persistence list
2022-06-24 17:50:52.019  INFO   57 --- [c-thread-pool-0] org.apache.spark.internal.Logging        : Removing RDD 2
2022-06-24 17:50:52.039  INFO   57 --- [   JobGenerator] org.apache.spark.internal.Logging        : Removing blocks of RDD BlockRDD[1] at receiverStream at Application.java:121 of time 1656089450000 ms
2022-06-24 17:50:52.052  INFO   57 --- [   JobGenerator] org.apache.spark.internal.Logging        : Deleting batches: 
2022-06-24 17:50:52.054  INFO   57 --- [   JobGenerator] org.apache.spark.internal.Logging        : remove old batch metadata: 
2022-06-24 17:50:52.145  INFO   57 --- [c-thread-pool-1] org.apache.spark.internal.Logging        : Removing RDD 1
2022-06-24 17:50:55.035  INFO   57 --- [   JobGenerator] org.apache.spark.internal.Logging        : Added jobs for time 1656089455000 ms
2022-06-24 17:50:55.037  INFO   57 --- [   JobScheduler] org.apache.spark.internal.Logging        : Starting job streaming job 1656089455000 ms.0 from job set of time 1656089455000 ms
2022-06-24 17:50:55.038  INFO   57 --- [   JobScheduler] org.apache.spark.internal.Logging        : Finished job streaming job 1656089455000 ms.0 from job set of time 1656089455000 ms
2022-06-24 17:50:55.038  INFO   57 --- [   JobScheduler] org.apache.spark.internal.Logging        : Starting job streaming job 1656089455000 ms.1 from job set of time 1656089455000 ms
2022-06-24 17:50:55.040  INFO   57 --- [   JobScheduler] org.apache.spark.internal.Logging        : Finished job streaming job 1656089455000 ms.1 from job set of time 1656089455000 ms
2022-06-24 17:50:55.041  INFO   57 --- [   JobScheduler] org.apache.spark.internal.Logging        : Total delay: 0.040 s for time 1656089455000 ms (execution: 0.003 s)
2022-06-24 17:50:55.045  INFO   57 --- [   JobGenerator] org.apache.spark.internal.Logging        : Removing RDD 4 from persistence list
2022-06-24 17:50:55.048  INFO   57 --- [   JobGenerator] org.apache.spark.internal.Logging        : Removing RDD 3 from persistence list
2022-06-24 17:50:55.051  INFO   57 --- [   JobGenerator] org.apache.spark.internal.Logging        : Removing blocks of RDD BlockRDD[3] at receiverStream at Application.java:121 of time 1656089455000 ms
2022-06-24 17:50:55.054  INFO   57 --- [   JobGenerator] org.apache.spark.internal.Logging        : Deleting batches: 1656089445000 ms
2022-06-24 17:50:55.055  INFO   57 --- [   JobGenerator] org.apache.spark.internal.Logging        : remove old batch metadata: 1656089445000 ms
2022-06-24 17:50:55.057  INFO   57 --- [c-thread-pool-6] org.apache.spark.internal.Logging        : Removing RDD 4
2022-06-24 17:50:55.062  INFO   57 --- [c-thread-pool-7] org.apache.spark.internal.Logging        : Removing RDD 3
2022-06-24 17:50:58.513  INFO  571 --- [ool Maintenance] g.apache.nifi.remote.client.PeerSelector : Successfully refreshed peer status cache; remote group consists of 1 peers
2022-06-24 17:50:58.514  INFO  571 --- [  NiFi Receiver] g.apache.nifi.remote.client.PeerSelector : Successfully refreshed peer status cache; remote group consists of 1 peers
2022-06-24 17:50:58.859  INFO   57 --- [  NiFi Receiver] org.apache.spark.internal.Logging        : Block input-0-1656089442735 stored as values in memory (estimated size 503.2 KiB, free 897.0 MiB)
2022-06-24 17:50:58.860  INFO   57 --- [ckManagerMaster] org.apache.spark.internal.Logging        : Added input-0-1656089442735 in memory on host.docker.internal:57102 (size: 503.2 KiB, free: 897.1 MiB)
2022-06-24 17:51:00.017  INFO   57 --- [   JobGenerator] org.apache.spark.internal.Logging        : Added jobs for time 1656089460000 ms
2022-06-24 17:51:00.021  INFO   57 --- [   JobScheduler] org.apache.spark.internal.Logging        : Starting job streaming job 1656089460000 ms.0 from job set of time 1656089460000 ms
2022-06-24 17:51:00.022  INFO   57 --- [   JobScheduler] org.apache.spark.internal.Logging        : Finished job streaming job 1656089460000 ms.0 from job set of time 1656089460000 ms
2022-06-24 17:51:00.022  INFO   57 --- [   JobScheduler] org.apache.spark.internal.Logging        : Starting job streaming job 1656089460000 ms.1 from job set of time 1656089460000 ms
2022-06-24 17:51:00.069  INFO   57 --- [-job-executor-0] org.apache.spark.internal.Logging        : Starting job: print at Application.java:171
2022-06-24 17:51:00.074  INFO   57 --- [uler-event-loop] org.apache.spark.internal.Logging        : Got job 1 (print at Application.java:171) with 1 output partitions
2022-06-24 17:51:00.074  INFO   57 --- [uler-event-loop] org.apache.spark.internal.Logging        : Final stage: ResultStage 1 (print at Application.java:171)
2022-06-24 17:51:00.074  INFO   57 --- [uler-event-loop] org.apache.spark.internal.Logging        : Parents of final stage: List()
2022-06-24 17:51:00.076  INFO   57 --- [uler-event-loop] org.apache.spark.internal.Logging        : Missing parents: List()
2022-06-24 17:51:00.080  INFO   57 --- [uler-event-loop] org.apache.spark.internal.Logging        : Submitting ResultStage 1 (MapPartitionsRDD[8] at map at Application.java:126), which has no missing parents
2022-06-24 17:51:00.105  INFO   57 --- [uler-event-loop] org.apache.spark.internal.Logging        : Block broadcast_1 stored as values in memory (estimated size 4.4 KiB, free 897.0 MiB)
2022-06-24 17:51:00.111  INFO   57 --- [uler-event-loop] org.apache.spark.internal.Logging        : Block broadcast_1_piece0 stored as bytes in memory (estimated size 2.4 KiB, free 897.0 MiB)
2022-06-24 17:51:00.114  INFO   57 --- [ckManagerMaster] org.apache.spark.internal.Logging        : Added broadcast_1_piece0 in memory on host.docker.internal:57102 (size: 2.4 KiB, free: 897.1 MiB)
2022-06-24 17:51:00.116  INFO   57 --- [uler-event-loop] org.apache.spark.internal.Logging        : Created broadcast 1 from broadcast at DAGScheduler.scala:1478
2022-06-24 17:51:00.117  INFO   57 --- [uler-event-loop] org.apache.spark.internal.Logging        : Submitting 1 missing tasks from ResultStage 1 (MapPartitionsRDD[8] at map at Application.java:126) (first 15 tasks are for partitions Vector(0))
2022-06-24 17:51:00.118  INFO   57 --- [uler-event-loop] org.apache.spark.internal.Logging        : Adding task set 1.0 with 1 tasks resource profile 0
2022-06-24 17:51:00.126  INFO   57 --- [er-event-loop-2] org.apache.spark.internal.Logging        : Starting task 0.0 in stage 1.0 (TID 1) (host.docker.internal, executor driver, partition 0, PROCESS_LOCAL, 4394 bytes) taskResourceAssignments Map()
2022-06-24 17:51:00.132  INFO   57 --- [age 1.0 (TID 1)] org.apache.spark.internal.Logging        : Running task 0.0 in stage 1.0 (TID 1)
2022-06-24 17:51:00.343  INFO   57 --- [age 1.0 (TID 1)] org.apache.spark.internal.Logging        : Found block input-0-1656089442735 locally
2022-06-24 17:51:00.481  INFO   57 --- [age 1.0 (TID 1)] org.apache.spark.internal.Logging        : Finished task 0.0 in stage 1.0 (TID 1). 39484 bytes result sent to driver
2022-06-24 17:51:00.509  INFO   57 --- [result-getter-0] org.apache.spark.internal.Logging        : Finished task 0.0 in stage 1.0 (TID 1) in 385 ms on host.docker.internal (executor driver) (1/1)
2022-06-24 17:51:00.518  INFO   57 --- [result-getter-0] org.apache.spark.internal.Logging        : Removed TaskSet 1.0, whose tasks have all completed, from pool 
2022-06-24 17:51:00.531  INFO   57 --- [uler-event-loop] org.apache.spark.internal.Logging        : ResultStage 1 (print at Application.java:171) finished in 0.424 s
2022-06-24 17:51:00.541  INFO   57 --- [uler-event-loop] org.apache.spark.internal.Logging        : Job 1 is finished. Cancelling potential speculative or zombie tasks for this job
2022-06-24 17:51:00.543  INFO   57 --- [uler-event-loop] org.apache.spark.internal.Logging        : Killing all running tasks in stage 1: Stage finished
2022-06-24 17:51:00.551  INFO   57 --- [-job-executor-0] org.apache.spark.internal.Logging        : Job 1 finished: print at Application.java:171, took 0.480867 s
2022-06-24 17:51:00.573  INFO   57 --- [   JobScheduler] org.apache.spark.internal.Logging        : Finished job streaming job 1656089460000 ms.1 from job set of time 1656089460000 ms
2022-06-24 17:51:00.574  INFO   57 --- [   JobScheduler] org.apache.spark.internal.Logging        : Total delay: 0.573 s for time 1656089460000 ms (execution: 0.553 s)
2022-06-24 17:51:00.580  INFO   57 --- [   JobGenerator] org.apache.spark.internal.Logging        : Removing RDD 6 from persistence list
2022-06-24 17:51:00.582  INFO   57 --- [   JobGenerator] org.apache.spark.internal.Logging        : Removing RDD 5 from persistence list
2022-06-24 17:51:00.584  INFO   57 --- [   JobGenerator] org.apache.spark.internal.Logging        : Removing blocks of RDD BlockRDD[5] at receiverStream at Application.java:121 of time 1656089460000 ms
2022-06-24 17:51:00.585  INFO   57 --- [   JobGenerator] org.apache.spark.internal.Logging        : Deleting batches: 1656089450000 ms
2022-06-24 17:51:00.586  INFO   57 --- [   JobGenerator] org.apache.spark.internal.Logging        : remove old batch metadata: 1656089450000 ms
2022-06-24 17:51:00.588  INFO   57 --- [-thread-pool-12] org.apache.spark.internal.Logging        : Removing RDD 6
2022-06-24 17:51:00.590  INFO   57 --- [-thread-pool-13] org.apache.spark.internal.Logging        : Removing RDD 5
2022-06-24 17:51:05.003  INFO   57 --- [   JobGenerator] org.apache.spark.internal.Logging        : Added jobs for time 1656089465000 ms
2022-06-24 17:51:05.004  INFO   57 --- [   JobScheduler] org.apache.spark.internal.Logging        : Starting job streaming job 1656089465000 ms.0 from job set of time 1656089465000 ms
2022-06-24 17:51:05.004  INFO   57 --- [   JobScheduler] org.apache.spark.internal.Logging        : Finished job streaming job 1656089465000 ms.0 from job set of time 1656089465000 ms
2022-06-24 17:51:05.005  INFO   57 --- [   JobScheduler] org.apache.spark.internal.Logging        : Starting job streaming job 1656089465000 ms.1 from job set of time 1656089465000 ms
2022-06-24 17:51:05.008  INFO   57 --- [   JobScheduler] org.apache.spark.internal.Logging        : Finished job streaming job 1656089465000 ms.1 from job set of time 1656089465000 ms
2022-06-24 17:51:05.009  INFO   57 --- [   JobScheduler] org.apache.spark.internal.Logging        : Total delay: 0.007 s for time 1656089465000 ms (execution: 0.004 s)
2022-06-24 17:51:05.013  INFO   57 --- [   JobGenerator] org.apache.spark.internal.Logging        : Removing RDD 8 from persistence list
2022-06-24 17:51:05.014  INFO   57 --- [   JobGenerator] org.apache.spark.internal.Logging        : Removing RDD 7 from persistence list
2022-06-24 17:51:05.014  INFO   57 --- [-thread-pool-18] org.apache.spark.internal.Logging        : Removing RDD 8
2022-06-24 17:51:05.016  INFO   57 --- [   JobGenerator] org.apache.spark.internal.Logging        : Removing blocks of RDD BlockRDD[7] at receiverStream at Application.java:121 of time 1656089465000 ms
2022-06-24 17:51:05.016  INFO   57 --- [-thread-pool-20] org.apache.spark.internal.Logging        : Removing RDD 7
2022-06-24 17:51:05.022  INFO   57 --- [   JobGenerator] org.apache.spark.internal.Logging        : Deleting batches: 1656089455000 ms
2022-06-24 17:51:05.022  INFO   57 --- [   JobGenerator] org.apache.spark.internal.Logging        : remove old batch metadata: 1656089455000 ms
2022-06-24 17:51:05.030  INFO   57 --- [ckManagerMaster] org.apache.spark.internal.Logging        : Removed input-0-1656089442735 on host.docker.internal:57102 in memory (size: 503.2 KiB, free: 897.6 MiB)
2022-06-24 17:51:10.002  INFO   57 --- [   JobGenerator] org.apache.spark.internal.Logging        : Added jobs for time 1656089470000 ms
2022-06-24 17:51:10.003  INFO   57 --- [   JobScheduler] org.apache.spark.internal.Logging        : Starting job streaming job 1656089470000 ms.0 from job set of time 1656089470000 ms
2022-06-24 17:51:10.004  INFO   57 --- [   JobScheduler] org.apache.spark.internal.Logging        : Finished job streaming job 1656089470000 ms.0 from job set of time 1656089470000 ms
2022-06-24 17:51:10.005  INFO   57 --- [   JobScheduler] org.apache.spark.internal.Logging        : Starting job streaming job 1656089470000 ms.1 from job set of time 1656089470000 ms
2022-06-24 17:51:10.005  INFO   57 --- [   JobScheduler] org.apache.spark.internal.Logging        : Finished job streaming job 1656089470000 ms.1 from job set of time 1656089470000 ms
2022-06-24 17:51:10.006  INFO   57 --- [   JobScheduler] org.apache.spark.internal.Logging        : Total delay: 0.005 s for time 1656089470000 ms (execution: 0.002 s)
2022-06-24 17:51:10.006  INFO   57 --- [   JobGenerator] org.apache.spark.internal.Logging        : Removing RDD 10 from persistence list
2022-06-24 17:51:10.007  INFO   57 --- [   JobGenerator] org.apache.spark.internal.Logging        : Removing RDD 9 from persistence list
2022-06-24 17:51:10.008  INFO   57 --- [-thread-pool-27] org.apache.spark.internal.Logging        : Removing RDD 10
2022-06-24 17:51:10.009  INFO   57 --- [   JobGenerator] org.apache.spark.internal.Logging        : Removing blocks of RDD BlockRDD[9] at receiverStream at Application.java:121 of time 1656089470000 ms
2022-06-24 17:51:10.010  INFO   57 --- [-thread-pool-29] org.apache.spark.internal.Logging        : Removing RDD 9
2022-06-24 17:51:10.010  INFO   57 --- [   JobGenerator] org.apache.spark.internal.Logging        : Deleting batches: 1656089460000 ms
2022-06-24 17:51:10.013  INFO   57 --- [   JobGenerator] org.apache.spark.internal.Logging        : remove old batch metadata: 1656089460000 ms
2022-06-24 17:51:15.009  INFO   57 --- [   JobGenerator] org.apache.spark.internal.Logging        : Added jobs for time 1656089475000 ms
2022-06-24 17:51:15.011  INFO   57 --- [   JobScheduler] org.apache.spark.internal.Logging        : Starting job streaming job 1656089475000 ms.0 from job set of time 1656089475000 ms
2022-06-24 17:51:15.015  INFO   57 --- [   JobScheduler] org.apache.spark.internal.Logging        : Finished job streaming job 1656089475000 ms.0 from job set of time 1656089475000 ms
2022-06-24 17:51:15.015  INFO   57 --- [   JobScheduler] org.apache.spark.internal.Logging        : Starting job streaming job 1656089475000 ms.1 from job set of time 1656089475000 ms
2022-06-24 17:51:15.017  INFO   57 --- [   JobScheduler] org.apache.spark.internal.Logging        : Finished job streaming job 1656089475000 ms.1 from job set of time 1656089475000 ms
2022-06-24 17:51:15.018  INFO   57 --- [   JobGenerator] org.apache.spark.internal.Logging        : Removing RDD 12 from persistence list
2022-06-24 17:51:15.018  INFO   57 --- [   JobScheduler] org.apache.spark.internal.Logging        : Total delay: 0.016 s for time 1656089475000 ms (execution: 0.006 s)
2022-06-24 17:51:15.020  INFO   57 --- [   JobGenerator] org.apache.spark.internal.Logging        : Removing RDD 11 from persistence list
2022-06-24 17:51:15.020  INFO   57 --- [-thread-pool-33] org.apache.spark.internal.Logging        : Removing RDD 12
2022-06-24 17:51:15.023  INFO   57 --- [   JobGenerator] org.apache.spark.internal.Logging        : Removing blocks of RDD BlockRDD[11] at receiverStream at Application.java:121 of time 1656089475000 ms
2022-06-24 17:51:15.023  INFO   57 --- [-thread-pool-35] org.apache.spark.internal.Logging        : Removing RDD 11
2022-06-24 17:51:15.025  INFO   57 --- [   JobGenerator] org.apache.spark.internal.Logging        : Deleting batches: 1656089465000 ms
2022-06-24 17:51:15.025  INFO   57 --- [   JobGenerator] org.apache.spark.internal.Logging        : remove old batch metadata: 1656089465000 ms
2022-06-24 17:51:20.007  INFO   57 --- [   JobGenerator] org.apache.spark.internal.Logging        : Added jobs for time 1656089480000 ms
2022-06-24 17:51:20.008  INFO   57 --- [   JobScheduler] org.apache.spark.internal.Logging        : Starting job streaming job 1656089480000 ms.0 from job set of time 1656089480000 ms
2022-06-24 17:51:20.011  INFO   57 --- [   JobScheduler] org.apache.spark.internal.Logging        : Finished job streaming job 1656089480000 ms.0 from job set of time 1656089480000 ms
2022-06-24 17:51:20.012  INFO   57 --- [   JobScheduler] org.apache.spark.internal.Logging        : Starting job streaming job 1656089480000 ms.1 from job set of time 1656089480000 ms
2022-06-24 17:51:20.013  INFO   57 --- [   JobScheduler] org.apache.spark.internal.Logging        : Finished job streaming job 1656089480000 ms.1 from job set of time 1656089480000 ms
2022-06-24 17:51:20.014  INFO   57 --- [   JobScheduler] org.apache.spark.internal.Logging        : Total delay: 0.013 s for time 1656089480000 ms (execution: 0.005 s)
2022-06-24 17:51:20.015  INFO   57 --- [   JobGenerator] org.apache.spark.internal.Logging        : Removing RDD 14 from persistence list
2022-06-24 17:51:20.017  INFO   57 --- [   JobGenerator] org.apache.spark.internal.Logging        : Removing RDD 13 from persistence list
2022-06-24 17:51:20.017  INFO   57 --- [-thread-pool-39] org.apache.spark.internal.Logging        : Removing RDD 14
2022-06-24 17:51:20.020  INFO   57 --- [   JobGenerator] org.apache.spark.internal.Logging        : Removing blocks of RDD BlockRDD[13] at receiverStream at Application.java:121 of time 1656089480000 ms
2022-06-24 17:51:20.020  INFO   57 --- [-thread-pool-40] org.apache.spark.internal.Logging        : Removing RDD 13
2022-06-24 17:51:20.022  INFO   57 --- [   JobGenerator] org.apache.spark.internal.Logging        : Deleting batches: 1656089470000 ms
2022-06-24 17:51:20.022  INFO   57 --- [   JobGenerator] org.apache.spark.internal.Logging        : remove old batch metadata: 1656089470000 ms
2022-06-24 17:51:25.007  INFO   57 --- [   JobGenerator] org.apache.spark.internal.Logging        : Added jobs for time 1656089485000 ms
2022-06-24 17:51:25.009  INFO   57 --- [   JobScheduler] org.apache.spark.internal.Logging        : Starting job streaming job 1656089485000 ms.0 from job set of time 1656089485000 ms
2022-06-24 17:51:25.009  INFO   57 --- [   JobScheduler] org.apache.spark.internal.Logging        : Finished job streaming job 1656089485000 ms.0 from job set of time 1656089485000 ms
2022-06-24 17:51:25.010  INFO   57 --- [   JobScheduler] org.apache.spark.internal.Logging        : Starting job streaming job 1656089485000 ms.1 from job set of time 1656089485000 ms
2022-06-24 17:51:25.012  INFO   57 --- [   JobScheduler] org.apache.spark.internal.Logging        : Finished job streaming job 1656089485000 ms.1 from job set of time 1656089485000 ms
2022-06-24 17:51:25.014  INFO   57 --- [   JobScheduler] org.apache.spark.internal.Logging        : Total delay: 0.012 s for time 1656089485000 ms (execution: 0.004 s)
2022-06-24 17:51:25.014  INFO   57 --- [   JobGenerator] org.apache.spark.internal.Logging        : Removing RDD 16 from persistence list
2022-06-24 17:51:25.016  INFO   57 --- [   JobGenerator] org.apache.spark.internal.Logging        : Removing RDD 15 from persistence list
2022-06-24 17:51:25.016  INFO   57 --- [-thread-pool-45] org.apache.spark.internal.Logging        : Removing RDD 16
2022-06-24 17:51:25.020  INFO   57 --- [   JobGenerator] org.apache.spark.internal.Logging        : Removing blocks of RDD BlockRDD[15] at receiverStream at Application.java:121 of time 1656089485000 ms
2022-06-24 17:51:25.021  INFO   57 --- [   JobGenerator] org.apache.spark.internal.Logging        : Deleting batches: 1656089475000 ms
2022-06-24 17:51:25.021  INFO   57 --- [-thread-pool-48] org.apache.spark.internal.Logging        : Removing RDD 15
2022-06-24 17:51:25.022  INFO   57 --- [   JobGenerator] org.apache.spark.internal.Logging        : remove old batch metadata: 1656089475000 ms
2022-06-24 17:51:30.007  INFO   57 --- [   JobGenerator] org.apache.spark.internal.Logging        : Added jobs for time 1656089490000 ms
2022-06-24 17:51:30.008  INFO   57 --- [   JobScheduler] org.apache.spark.internal.Logging        : Starting job streaming job 1656089490000 ms.0 from job set of time 1656089490000 ms
2022-06-24 17:51:30.010  INFO   57 --- [   JobScheduler] org.apache.spark.internal.Logging        : Finished job streaming job 1656089490000 ms.0 from job set of time 1656089490000 ms
2022-06-24 17:51:30.011  INFO   57 --- [   JobScheduler] org.apache.spark.internal.Logging        : Starting job streaming job 1656089490000 ms.1 from job set of time 1656089490000 ms
2022-06-24 17:51:30.013  INFO   57 --- [   JobScheduler] org.apache.spark.internal.Logging        : Finished job streaming job 1656089490000 ms.1 from job set of time 1656089490000 ms
2022-06-24 17:51:30.015  INFO   57 --- [   JobScheduler] org.apache.spark.internal.Logging        : Total delay: 0.013 s for time 1656089490000 ms (execution: 0.005 s)
2022-06-24 17:51:30.015  INFO   57 --- [   JobGenerator] org.apache.spark.internal.Logging        : Removing RDD 18 from persistence list
2022-06-24 17:51:30.019  INFO   57 --- [   JobGenerator] org.apache.spark.internal.Logging        : Removing RDD 17 from persistence list
2022-06-24 17:51:30.019  INFO   57 --- [-thread-pool-51] org.apache.spark.internal.Logging        : Removing RDD 18
2022-06-24 17:51:30.021  INFO   57 --- [   JobGenerator] org.apache.spark.internal.Logging        : Removing blocks of RDD BlockRDD[17] at receiverStream at Application.java:121 of time 1656089490000 ms
2022-06-24 17:51:30.022  INFO   57 --- [-thread-pool-52] org.apache.spark.internal.Logging        : Removing RDD 17
2022-06-24 17:51:30.023  INFO   57 --- [   JobGenerator] org.apache.spark.internal.Logging        : Deleting batches: 1656089480000 ms
2022-06-24 17:51:30.024  INFO   57 --- [   JobGenerator] org.apache.spark.internal.Logging        : remove old batch metadata: 1656089480000 ms
2022-06-24 17:51:35.008  INFO   57 --- [   JobGenerator] org.apache.spark.internal.Logging        : Added jobs for time 1656089495000 ms
2022-06-24 17:51:35.009  INFO   57 --- [   JobScheduler] org.apache.spark.internal.Logging        : Starting job streaming job 1656089495000 ms.0 from job set of time 1656089495000 ms
2022-06-24 17:51:35.010  INFO   57 --- [   JobScheduler] org.apache.spark.internal.Logging        : Finished job streaming job 1656089495000 ms.0 from job set of time 1656089495000 ms
2022-06-24 17:51:35.011  INFO   57 --- [   JobScheduler] org.apache.spark.internal.Logging        : Starting job streaming job 1656089495000 ms.1 from job set of time 1656089495000 ms
2022-06-24 17:51:35.013  INFO   57 --- [   JobScheduler] org.apache.spark.internal.Logging        : Finished job streaming job 1656089495000 ms.1 from job set of time 1656089495000 ms
2022-06-24 17:51:35.015  INFO   57 --- [   JobScheduler] org.apache.spark.internal.Logging        : Total delay: 0.013 s for time 1656089495000 ms (execution: 0.005 s)
2022-06-24 17:51:35.015  INFO   57 --- [   JobGenerator] org.apache.spark.internal.Logging        : Removing RDD 20 from persistence list
2022-06-24 17:51:35.017  INFO   57 --- [   JobGenerator] org.apache.spark.internal.Logging        : Removing RDD 19 from persistence list
2022-06-24 17:51:35.017  INFO   57 --- [-thread-pool-57] org.apache.spark.internal.Logging        : Removing RDD 20
2022-06-24 17:51:35.020  INFO   57 --- [   JobGenerator] org.apache.spark.internal.Logging        : Removing blocks of RDD BlockRDD[19] at receiverStream at Application.java:121 of time 1656089495000 ms
2022-06-24 17:51:35.020  INFO   57 --- [-thread-pool-58] org.apache.spark.internal.Logging        : Removing RDD 19
2022-06-24 17:51:35.023  INFO   57 --- [   JobGenerator] org.apache.spark.internal.Logging        : Deleting batches: 1656089485000 ms
2022-06-24 17:51:35.023  INFO   57 --- [   JobGenerator] org.apache.spark.internal.Logging        : remove old batch metadata: 1656089485000 ms
2022-06-24 17:51:39.576  INFO   57 --- [shutdown-hook-0] org.apache.spark.internal.Logging        : Invoking stop(stopGracefully=false) from shutdown hook
2022-06-24 17:51:39.583  INFO   57 --- [er-event-loop-2] org.apache.spark.internal.Logging        : Sent stop signal to all 1 receivers
2022-06-24 17:51:39.584  INFO   57 --- [er-event-loop-3] org.apache.spark.internal.Logging        : Received stop signal
2022-06-24 17:51:39.586  INFO   57 --- [er-event-loop-3] org.apache.spark.internal.Logging        : Stopping receiver with message: Stopped by driver: 
2022-06-24 17:51:39.587  INFO   57 --- [er-event-loop-3] org.apache.spark.internal.Logging        : Called receiver onStop
2022-06-24 17:51:39.587  INFO   57 --- [er-event-loop-3] org.apache.spark.internal.Logging        : Deregistering receiver 0
2022-06-24 17:51:39.589  ERROR   73 --- [er-event-loop-0] org.apache.spark.internal.Logging        : Deregistered receiver for stream 0: Stopped by driver
2022-06-24 17:51:39.590  INFO   57 --- [er-event-loop-3] org.apache.spark.internal.Logging        : Stopped receiver 0
2022-06-24 17:51:39.591  INFO   57 --- [er-event-loop-3] org.apache.spark.internal.Logging        : Stopping BlockGenerator
2022-06-24 17:51:39.801  INFO   57 --- [er-event-loop-3] org.apache.spark.internal.Logging        : Stopped timer for BlockGenerator after time 1656089499800
2022-06-24 17:51:39.802  INFO   57 --- [er-event-loop-3] org.apache.spark.internal.Logging        : Waiting for block pushing thread to terminate
2022-06-24 17:51:39.809  INFO   57 --- [      Thread-14] org.apache.spark.internal.Logging        : Pushing out the last 0 blocks
2022-06-24 17:51:39.811  INFO   57 --- [      Thread-14] org.apache.spark.internal.Logging        : Stopped block pushing thread
2022-06-24 17:51:39.814  INFO   57 --- [er-event-loop-3] org.apache.spark.internal.Logging        : Stopped BlockGenerator
2022-06-24 17:51:39.817  INFO   57 --- [age 0.0 (TID 0)] org.apache.spark.internal.Logging        : Stopped receiver without error
2022-06-24 17:51:39.823  INFO   57 --- [age 0.0 (TID 0)] org.apache.spark.internal.Logging        : Finished task 0.0 in stage 0.0 (TID 0). 923 bytes result sent to driver
2022-06-24 17:51:39.832  INFO   57 --- [result-getter-1] org.apache.spark.internal.Logging        : Finished task 0.0 in stage 0.0 (TID 0) in 57634 ms on host.docker.internal (executor driver) (1/1)
2022-06-24 17:51:39.833  INFO   57 --- [result-getter-1] org.apache.spark.internal.Logging        : Removed TaskSet 0.0, whose tasks have all completed, from pool 
2022-06-24 17:51:39.835  INFO   57 --- [uler-event-loop] org.apache.spark.internal.Logging        : ResultStage 0 (start at Application.java:173) finished in 58.115 s
2022-06-24 17:51:39.835  INFO   57 --- [uler-event-loop] org.apache.spark.internal.Logging        : Job 0 is finished. Cancelling potential speculative or zombie tasks for this job
2022-06-24 17:51:39.836  INFO   57 --- [uler-event-loop] org.apache.spark.internal.Logging        : Killing all running tasks in stage 0: Stage finished
2022-06-24 17:51:39.839  INFO   57 --- [shutdown-hook-0] org.apache.spark.internal.Logging        : All of the receivers have deregistered successfully
2022-06-24 17:51:39.840  INFO   57 --- [shutdown-hook-0] org.apache.spark.internal.Logging        : ReceiverTracker stopped
2022-06-24 17:51:39.841  INFO   57 --- [shutdown-hook-0] org.apache.spark.internal.Logging        : Stopping JobGenerator immediately
2022-06-24 17:51:39.843  INFO   57 --- [shutdown-hook-0] org.apache.spark.internal.Logging        : Stopped timer for JobGenerator after time 1656089495000
2022-06-24 17:51:39.846  INFO   57 --- [shutdown-hook-0] org.apache.spark.internal.Logging        : Stopped JobGenerator
2022-06-24 17:51:39.852  INFO   57 --- [shutdown-hook-0] org.apache.spark.internal.Logging        : Stopped JobScheduler
2022-06-24 17:51:39.862  INFO 1153 --- [shutdown-hook-0] ject.jetty.server.handler.ContextHandler : Stopped o.s.j.s.ServletContextHandler@1686f0b4{/streaming,null,STOPPED,@Spark}
2022-06-24 17:51:39.864  INFO 1153 --- [shutdown-hook-0] ject.jetty.server.handler.ContextHandler : Stopped o.s.j.s.ServletContextHandler@3900fa71{/streaming/json,null,STOPPED,@Spark}
2022-06-24 17:51:39.865  INFO 1153 --- [shutdown-hook-0] ject.jetty.server.handler.ContextHandler : Stopped o.s.j.s.ServletContextHandler@6b667cb3{/streaming/batch,null,STOPPED,@Spark}
2022-06-24 17:51:39.867  INFO 1153 --- [shutdown-hook-0] ject.jetty.server.handler.ContextHandler : Stopped o.s.j.s.ServletContextHandler@61e3cf4d{/streaming/batch/json,null,STOPPED,@Spark}
2022-06-24 17:51:39.869  INFO 1153 --- [shutdown-hook-0] ject.jetty.server.handler.ContextHandler : Stopped o.s.j.s.ServletContextHandler@3157e4c0{/static/streaming,null,STOPPED,@Spark}
2022-06-24 17:51:39.871  INFO  192 --- [           main] com.elite.cdr.validator.Application      : ****************************************************
2022-06-24 17:51:39.872  INFO  193 --- [           main] com.elite.cdr.validator.Application      : Duration: 0.0 seconds
2022-06-24 17:51:39.872  INFO   57 --- [shutdown-hook-0] org.apache.spark.internal.Logging        : StreamingContext stopped successfully
2022-06-24 17:51:39.872  INFO  194 --- [           main] com.elite.cdr.validator.Application      : Batch executed with success
2022-06-24 17:51:39.872  INFO  195 --- [           main] com.elite.cdr.validator.Application      : ****************************************************
2022-06-24 17:51:39.872  INFO   57 --- [shutdown-hook-0] org.apache.spark.internal.Logging        : Invoking stop() from shutdown hook
2022-06-24 17:51:39.886  INFO  381 --- [shutdown-hook-0] rkproject.jetty.server.AbstractConnector : Stopped Spark@64da2a7{HTTP/1.1, (http/1.1)}{0.0.0.0:4040}
2022-06-24 17:51:39.888  INFO   57 --- [shutdown-hook-0] org.apache.spark.internal.Logging        : Stopped Spark web UI at http://host.docker.internal:4040
2022-06-24 17:51:39.916  INFO   57 --- [er-event-loop-0] org.apache.spark.internal.Logging        : MapOutputTrackerMasterEndpoint stopped!
2022-06-24 17:51:39.934  INFO   57 --- [shutdown-hook-0] org.apache.spark.internal.Logging        : MemoryStore cleared
2022-06-24 17:51:39.935  INFO   57 --- [shutdown-hook-0] org.apache.spark.internal.Logging        : BlockManager stopped
2022-06-24 17:51:39.941  INFO   57 --- [shutdown-hook-0] org.apache.spark.internal.Logging        : BlockManagerMaster stopped
2022-06-24 17:51:39.945  INFO   57 --- [er-event-loop-1] org.apache.spark.internal.Logging        : OutputCommitCoordinator stopped!
2022-06-24 17:51:39.949  INFO   57 --- [shutdown-hook-0] org.apache.spark.internal.Logging        : Successfully stopped SparkContext
2022-06-24 17:51:39.950  INFO   57 --- [shutdown-hook-0] org.apache.spark.internal.Logging        : Shutdown hook called
2022-06-24 17:51:39.950  INFO   57 --- [shutdown-hook-0] org.apache.spark.internal.Logging        : Deleting directory C:\Users\Wael Hamdi\AppData\Local\Temp\spark-42115753-cb09-4226-b4d1-4827e472d445
