2022-06-22 12:34:23.212  INFO   46 --- [           main] com.elite.cdr.validator.Application      : Starting ASN1 Reader 
2022-06-22 12:34:23.218  INFO   48 --- [           main] com.elite.cdr.validator.Application      : ############### Run with the args [--env, local, --file, C:\IntelliJProjects\FraudDetectionSpark3\src\main\resources\data\simpleTypes.ber]
2022-06-22 12:34:23.315  INFO   54 --- [           main] com.elite.cdr.validator.Application      : ############### Run in local mode
2022-06-22 12:34:24.943  INFO   57 --- [           main] org.apache.spark.internal.Logging        : Running Spark version 3.2.1
2022-06-22 12:34:25.373  INFO   57 --- [           main] org.apache.spark.internal.Logging        : ==============================================================
2022-06-22 12:34:25.390  INFO   57 --- [           main] org.apache.spark.internal.Logging        : No custom resources configured for spark.driver.
2022-06-22 12:34:25.393  INFO   57 --- [           main] org.apache.spark.internal.Logging        : ==============================================================
2022-06-22 12:34:25.394  INFO   57 --- [           main] org.apache.spark.internal.Logging        : Submitted application: NiFi-Spark Streaming example
2022-06-22 12:34:25.456  INFO   57 --- [           main] org.apache.spark.internal.Logging        : Default ResourceProfile created, executor resources: Map(cores -> name: cores, amount: 1, script: , vendor: , memory -> name: memory, amount: 1024, script: , vendor: , offHeap -> name: offHeap, amount: 0, script: , vendor: ), task resources: Map(cpus -> name: cpus, amount: 1.0)
2022-06-22 12:34:25.483  INFO   57 --- [           main] org.apache.spark.internal.Logging        : Limiting resource is cpu
2022-06-22 12:34:25.490  INFO   57 --- [           main] org.apache.spark.internal.Logging        : Added ResourceProfile id: 0
2022-06-22 12:34:25.677  INFO   57 --- [           main] org.apache.spark.internal.Logging        : Changing view acls to: Wael Hamdi
2022-06-22 12:34:25.679  INFO   57 --- [           main] org.apache.spark.internal.Logging        : Changing modify acls to: Wael Hamdi
2022-06-22 12:34:25.680  INFO   57 --- [           main] org.apache.spark.internal.Logging        : Changing view acls groups to: 
2022-06-22 12:34:25.681  INFO   57 --- [           main] org.apache.spark.internal.Logging        : Changing modify acls groups to: 
2022-06-22 12:34:25.682  INFO   57 --- [           main] org.apache.spark.internal.Logging        : SecurityManager: authentication disabled; ui acls disabled; users  with view permissions: Set(Wael Hamdi); groups with view permissions: Set(); users  with modify permissions: Set(Wael Hamdi); groups with modify permissions: Set()
2022-06-22 12:34:28.292  INFO   57 --- [           main] org.apache.spark.internal.Logging        : Successfully started service 'sparkDriver' on port 59911.
2022-06-22 12:34:28.336  INFO   57 --- [           main] org.apache.spark.internal.Logging        : Registering MapOutputTracker
2022-06-22 12:34:28.389  INFO   57 --- [           main] org.apache.spark.internal.Logging        : Registering BlockManagerMaster
2022-06-22 12:34:28.416  INFO   57 --- [           main] org.apache.spark.internal.Logging        : Using org.apache.spark.storage.DefaultTopologyMapper for getting topology information
2022-06-22 12:34:28.417  INFO   57 --- [           main] org.apache.spark.internal.Logging        : BlockManagerMasterEndpoint up
2022-06-22 12:34:28.421  INFO   57 --- [           main] org.apache.spark.internal.Logging        : Registering BlockManagerMasterHeartbeat
2022-06-22 12:34:28.451  INFO   57 --- [           main] org.apache.spark.internal.Logging        : Created local directory at C:\Users\Wael Hamdi\AppData\Local\Temp\blockmgr-4482a3f0-8378-4455-9919-9d4a33f9d49e
2022-06-22 12:34:28.480  INFO   57 --- [           main] org.apache.spark.internal.Logging        : MemoryStore started with capacity 897.6 MiB
2022-06-22 12:34:28.501  INFO   57 --- [           main] org.apache.spark.internal.Logging        : Registering OutputCommitCoordinator
2022-06-22 12:34:28.625  INFO  170 --- [           main] org.sparkproject.jetty.util.log.Log      : Logging initialized @6359ms to org.sparkproject.jetty.util.log.Slf4jLog
2022-06-22 12:34:28.715  INFO  375 --- [           main] org.sparkproject.jetty.server.Server     : jetty-9.4.43.v20210629; built: 2021-06-30T11:07:22.254Z; git: 526006ecfa3af7f1a27ef3a288e2bef7ea9dd7e8; jvm 1.8.0_301-b09
2022-06-22 12:34:28.742  INFO  415 --- [           main] org.sparkproject.jetty.server.Server     : Started @6477ms
2022-06-22 12:34:28.786  INFO  331 --- [           main] rkproject.jetty.server.AbstractConnector : Started ServerConnector@64da2a7{HTTP/1.1, (http/1.1)}{0.0.0.0:4040}
2022-06-22 12:34:28.787  INFO   57 --- [           main] org.apache.spark.internal.Logging        : Successfully started service 'SparkUI' on port 4040.
2022-06-22 12:34:28.816  INFO  915 --- [           main] ject.jetty.server.handler.ContextHandler : Started o.s.j.s.ServletContextHandler@2f4854d6{/jobs,null,AVAILABLE,@Spark}
2022-06-22 12:34:28.819  INFO  915 --- [           main] ject.jetty.server.handler.ContextHandler : Started o.s.j.s.ServletContextHandler@27e0f2f5{/jobs/json,null,AVAILABLE,@Spark}
2022-06-22 12:34:28.820  INFO  915 --- [           main] ject.jetty.server.handler.ContextHandler : Started o.s.j.s.ServletContextHandler@6db66836{/jobs/job,null,AVAILABLE,@Spark}
2022-06-22 12:34:28.821  INFO  915 --- [           main] ject.jetty.server.handler.ContextHandler : Started o.s.j.s.ServletContextHandler@3f093abe{/jobs/job/json,null,AVAILABLE,@Spark}
2022-06-22 12:34:28.822  INFO  915 --- [           main] ject.jetty.server.handler.ContextHandler : Started o.s.j.s.ServletContextHandler@4eeea57d{/stages,null,AVAILABLE,@Spark}
2022-06-22 12:34:28.823  INFO  915 --- [           main] ject.jetty.server.handler.ContextHandler : Started o.s.j.s.ServletContextHandler@e24ddd0{/stages/json,null,AVAILABLE,@Spark}
2022-06-22 12:34:28.824  INFO  915 --- [           main] ject.jetty.server.handler.ContextHandler : Started o.s.j.s.ServletContextHandler@548e76f1{/stages/stage,null,AVAILABLE,@Spark}
2022-06-22 12:34:28.826  INFO  915 --- [           main] ject.jetty.server.handler.ContextHandler : Started o.s.j.s.ServletContextHandler@3dd69f5a{/stages/stage/json,null,AVAILABLE,@Spark}
2022-06-22 12:34:28.827  INFO  915 --- [           main] ject.jetty.server.handler.ContextHandler : Started o.s.j.s.ServletContextHandler@1ee4730{/stages/pool,null,AVAILABLE,@Spark}
2022-06-22 12:34:28.829  INFO  915 --- [           main] ject.jetty.server.handler.ContextHandler : Started o.s.j.s.ServletContextHandler@5003041b{/stages/pool/json,null,AVAILABLE,@Spark}
2022-06-22 12:34:28.831  INFO  915 --- [           main] ject.jetty.server.handler.ContextHandler : Started o.s.j.s.ServletContextHandler@16fb356{/storage,null,AVAILABLE,@Spark}
2022-06-22 12:34:28.832  INFO  915 --- [           main] ject.jetty.server.handler.ContextHandler : Started o.s.j.s.ServletContextHandler@23a9ba52{/storage/json,null,AVAILABLE,@Spark}
2022-06-22 12:34:28.834  INFO  915 --- [           main] ject.jetty.server.handler.ContextHandler : Started o.s.j.s.ServletContextHandler@70ab80e3{/storage/rdd,null,AVAILABLE,@Spark}
2022-06-22 12:34:28.836  INFO  915 --- [           main] ject.jetty.server.handler.ContextHandler : Started o.s.j.s.ServletContextHandler@67427b69{/storage/rdd/json,null,AVAILABLE,@Spark}
2022-06-22 12:34:28.837  INFO  915 --- [           main] ject.jetty.server.handler.ContextHandler : Started o.s.j.s.ServletContextHandler@544630b7{/environment,null,AVAILABLE,@Spark}
2022-06-22 12:34:28.839  INFO  915 --- [           main] ject.jetty.server.handler.ContextHandler : Started o.s.j.s.ServletContextHandler@1095f122{/environment/json,null,AVAILABLE,@Spark}
2022-06-22 12:34:28.841  INFO  915 --- [           main] ject.jetty.server.handler.ContextHandler : Started o.s.j.s.ServletContextHandler@3d6300e8{/executors,null,AVAILABLE,@Spark}
2022-06-22 12:34:28.842  INFO  915 --- [           main] ject.jetty.server.handler.ContextHandler : Started o.s.j.s.ServletContextHandler@24a1c17f{/executors/json,null,AVAILABLE,@Spark}
2022-06-22 12:34:28.844  INFO  915 --- [           main] ject.jetty.server.handler.ContextHandler : Started o.s.j.s.ServletContextHandler@73511076{/executors/threadDump,null,AVAILABLE,@Spark}
2022-06-22 12:34:28.845  INFO  915 --- [           main] ject.jetty.server.handler.ContextHandler : Started o.s.j.s.ServletContextHandler@532721fd{/executors/threadDump/json,null,AVAILABLE,@Spark}
2022-06-22 12:34:28.862  INFO  915 --- [           main] ject.jetty.server.handler.ContextHandler : Started o.s.j.s.ServletContextHandler@7fb9f71f{/static,null,AVAILABLE,@Spark}
2022-06-22 12:34:28.864  INFO  915 --- [           main] ject.jetty.server.handler.ContextHandler : Started o.s.j.s.ServletContextHandler@790174f2{/,null,AVAILABLE,@Spark}
2022-06-22 12:34:28.867  INFO  915 --- [           main] ject.jetty.server.handler.ContextHandler : Started o.s.j.s.ServletContextHandler@7689ddef{/api,null,AVAILABLE,@Spark}
2022-06-22 12:34:28.871  INFO  915 --- [           main] ject.jetty.server.handler.ContextHandler : Started o.s.j.s.ServletContextHandler@70925b45{/jobs/job/kill,null,AVAILABLE,@Spark}
2022-06-22 12:34:28.872  INFO  915 --- [           main] ject.jetty.server.handler.ContextHandler : Started o.s.j.s.ServletContextHandler@aa22f1c{/stages/stage/kill,null,AVAILABLE,@Spark}
2022-06-22 12:34:28.874  INFO   57 --- [           main] org.apache.spark.internal.Logging        : Bound SparkUI to 0.0.0.0, and started at http://host.docker.internal:4040
2022-06-22 12:34:29.193  INFO   57 --- [           main] org.apache.spark.internal.Logging        : Starting executor ID driver on host host.docker.internal
2022-06-22 12:34:29.250  INFO   57 --- [           main] org.apache.spark.internal.Logging        : Successfully started service 'org.apache.spark.network.netty.NettyBlockTransferService' on port 59935.
2022-06-22 12:34:29.250  INFO   82 --- [           main] .network.netty.NettyBlockTransferService : Server created on host.docker.internal:59935
2022-06-22 12:34:29.253  INFO   57 --- [           main] org.apache.spark.internal.Logging        : Using org.apache.spark.storage.RandomBlockReplicationPolicy for block replication policy
2022-06-22 12:34:29.262  INFO   57 --- [           main] org.apache.spark.internal.Logging        : Registering BlockManager BlockManagerId(driver, host.docker.internal, 59935, None)
2022-06-22 12:34:29.268  INFO   57 --- [ckManagerMaster] org.apache.spark.internal.Logging        : Registering block manager host.docker.internal:59935 with 897.6 MiB RAM, BlockManagerId(driver, host.docker.internal, 59935, None)
2022-06-22 12:34:29.273  INFO   57 --- [           main] org.apache.spark.internal.Logging        : Registered BlockManager BlockManagerId(driver, host.docker.internal, 59935, None)
2022-06-22 12:34:29.275  INFO   57 --- [           main] org.apache.spark.internal.Logging        : Initialized BlockManager: BlockManagerId(driver, host.docker.internal, 59935, None)
2022-06-22 12:34:29.561  INFO  915 --- [           main] ject.jetty.server.handler.ContextHandler : Started o.s.j.s.ServletContextHandler@1813f3e9{/metrics/json,null,AVAILABLE,@Spark}
2022-06-22 12:34:30.483  INFO  135 --- [           main] com.elite.cdr.validator.Application      : ****************************************************
2022-06-22 12:34:30.483  INFO  136 --- [           main] com.elite.cdr.validator.Application      : Duration: 0.0 seconds
2022-06-22 12:34:30.484  INFO  137 --- [           main] com.elite.cdr.validator.Application      : Batch executed with success
2022-06-22 12:34:30.484  INFO  138 --- [           main] com.elite.cdr.validator.Application      : ****************************************************
2022-06-22 12:34:30.498  INFO   57 --- [shutdown-hook-0] org.apache.spark.internal.Logging        : Invoking stop() from shutdown hook
2022-06-22 12:34:30.521  INFO  381 --- [shutdown-hook-0] rkproject.jetty.server.AbstractConnector : Stopped Spark@64da2a7{HTTP/1.1, (http/1.1)}{0.0.0.0:4040}
2022-06-22 12:34:30.526  INFO   57 --- [shutdown-hook-0] org.apache.spark.internal.Logging        : Stopped Spark web UI at http://host.docker.internal:4040
2022-06-22 12:34:30.567  INFO   57 --- [er-event-loop-0] org.apache.spark.internal.Logging        : MapOutputTrackerMasterEndpoint stopped!
2022-06-22 12:34:30.596  INFO   57 --- [shutdown-hook-0] org.apache.spark.internal.Logging        : MemoryStore cleared
2022-06-22 12:34:30.598  INFO   57 --- [shutdown-hook-0] org.apache.spark.internal.Logging        : BlockManager stopped
2022-06-22 12:34:30.619  INFO   57 --- [shutdown-hook-0] org.apache.spark.internal.Logging        : BlockManagerMaster stopped
2022-06-22 12:34:30.629  INFO   57 --- [er-event-loop-0] org.apache.spark.internal.Logging        : OutputCommitCoordinator stopped!
2022-06-22 12:34:30.639  INFO   57 --- [shutdown-hook-0] org.apache.spark.internal.Logging        : Successfully stopped SparkContext
2022-06-22 12:34:30.640  INFO   57 --- [shutdown-hook-0] org.apache.spark.internal.Logging        : Shutdown hook called
2022-06-22 12:34:30.642  INFO   57 --- [shutdown-hook-0] org.apache.spark.internal.Logging        : Deleting directory C:\Users\Wael Hamdi\AppData\Local\Temp\spark-d470dfb7-7995-4894-8e54-be4f025ce0f2
