2022-07-11 12:01:46.534  INFO   47 --- [           main] com.elite.cdr.validator.Application      : Starting ASN1 Reader 
2022-07-11 12:01:46.540  INFO   49 --- [           main] com.elite.cdr.validator.Application      : ############### Run with the args [--env, local, --file, C:\IntelliJProjects\FraudDetectionSpark3\src\main\resources\data\simpleTypes.ber, --prop, C:\IntelliJProjects\NifiSparkStreaming\src\main\resources\myapp.properties]
2022-07-11 12:01:46.630  INFO   55 --- [           main] com.elite.cdr.validator.Application      : ############### Run in local mode
2022-07-11 12:01:51.056  INFO   57 --- [           main] org.apache.spark.internal.Logging        : Running Spark version 3.2.1
2022-07-11 12:01:51.600  INFO   57 --- [           main] org.apache.spark.internal.Logging        : ==============================================================
2022-07-11 12:01:51.600  INFO   57 --- [           main] org.apache.spark.internal.Logging        : No custom resources configured for spark.driver.
2022-07-11 12:01:51.600  INFO   57 --- [           main] org.apache.spark.internal.Logging        : ==============================================================
2022-07-11 12:01:51.600  INFO   57 --- [           main] org.apache.spark.internal.Logging        : Submitted application: NiFi-Spark Streaming example
2022-07-11 12:01:51.711  INFO   57 --- [           main] org.apache.spark.internal.Logging        : Default ResourceProfile created, executor resources: Map(cores -> name: cores, amount: 1, script: , vendor: , memory -> name: memory, amount: 1024, script: , vendor: , offHeap -> name: offHeap, amount: 0, script: , vendor: ), task resources: Map(cpus -> name: cpus, amount: 1.0)
2022-07-11 12:01:51.732  INFO   57 --- [           main] org.apache.spark.internal.Logging        : Limiting resource is cpu
2022-07-11 12:01:51.752  INFO   57 --- [           main] org.apache.spark.internal.Logging        : Added ResourceProfile id: 0
2022-07-11 12:01:51.934  INFO   57 --- [           main] org.apache.spark.internal.Logging        : Changing view acls to: Wael Hamdi
2022-07-11 12:01:51.934  INFO   57 --- [           main] org.apache.spark.internal.Logging        : Changing modify acls to: Wael Hamdi
2022-07-11 12:01:51.934  INFO   57 --- [           main] org.apache.spark.internal.Logging        : Changing view acls groups to: 
2022-07-11 12:01:51.934  INFO   57 --- [           main] org.apache.spark.internal.Logging        : Changing modify acls groups to: 
2022-07-11 12:01:51.934  INFO   57 --- [           main] org.apache.spark.internal.Logging        : SecurityManager: authentication disabled; ui acls disabled; users  with view permissions: Set(Wael Hamdi); groups with view permissions: Set(); users  with modify permissions: Set(Wael Hamdi); groups with modify permissions: Set()
2022-07-11 12:01:54.517  INFO   57 --- [           main] org.apache.spark.internal.Logging        : Successfully started service 'sparkDriver' on port 52643.
2022-07-11 12:01:54.554  INFO   57 --- [           main] org.apache.spark.internal.Logging        : Registering MapOutputTracker
2022-07-11 12:01:54.601  INFO   57 --- [           main] org.apache.spark.internal.Logging        : Registering BlockManagerMaster
2022-07-11 12:01:54.648  INFO   57 --- [           main] org.apache.spark.internal.Logging        : Using org.apache.spark.storage.DefaultTopologyMapper for getting topology information
2022-07-11 12:01:54.655  INFO   57 --- [           main] org.apache.spark.internal.Logging        : BlockManagerMasterEndpoint up
2022-07-11 12:01:54.655  INFO   57 --- [           main] org.apache.spark.internal.Logging        : Registering BlockManagerMasterHeartbeat
2022-07-11 12:01:54.702  INFO   57 --- [           main] org.apache.spark.internal.Logging        : Created local directory at C:\Users\Wael Hamdi\AppData\Local\Temp\blockmgr-d56ba898-8227-4c61-b375-785c719c3863
2022-07-11 12:01:54.733  INFO   57 --- [           main] org.apache.spark.internal.Logging        : MemoryStore started with capacity 897.6 MiB
2022-07-11 12:01:54.755  INFO   57 --- [           main] org.apache.spark.internal.Logging        : Registering OutputCommitCoordinator
2022-07-11 12:01:54.887  INFO  170 --- [           main] org.sparkproject.jetty.util.log.Log      : Logging initialized @10028ms to org.sparkproject.jetty.util.log.Slf4jLog
2022-07-11 12:01:55.078  INFO  375 --- [           main] org.sparkproject.jetty.server.Server     : jetty-9.4.43.v20210629; built: 2021-06-30T11:07:22.254Z; git: 526006ecfa3af7f1a27ef3a288e2bef7ea9dd7e8; jvm 1.8.0_301-b09
2022-07-11 12:01:55.107  INFO  415 --- [           main] org.sparkproject.jetty.server.Server     : Started @10248ms
2022-07-11 12:01:55.154  INFO  331 --- [           main] rkproject.jetty.server.AbstractConnector : Started ServerConnector@3b9d6699{HTTP/1.1, (http/1.1)}{0.0.0.0:4040}
2022-07-11 12:01:55.154  INFO   57 --- [           main] org.apache.spark.internal.Logging        : Successfully started service 'SparkUI' on port 4040.
2022-07-11 12:01:55.185  INFO  915 --- [           main] ject.jetty.server.handler.ContextHandler : Started o.s.j.s.ServletContextHandler@388ffbc2{/jobs,null,AVAILABLE,@Spark}
2022-07-11 12:01:55.185  INFO  915 --- [           main] ject.jetty.server.handler.ContextHandler : Started o.s.j.s.ServletContextHandler@61a002b1{/jobs/json,null,AVAILABLE,@Spark}
2022-07-11 12:01:55.185  INFO  915 --- [           main] ject.jetty.server.handler.ContextHandler : Started o.s.j.s.ServletContextHandler@780ec4a5{/jobs/job,null,AVAILABLE,@Spark}
2022-07-11 12:01:55.185  INFO  915 --- [           main] ject.jetty.server.handler.ContextHandler : Started o.s.j.s.ServletContextHandler@548e76f1{/jobs/job/json,null,AVAILABLE,@Spark}
2022-07-11 12:01:55.185  INFO  915 --- [           main] ject.jetty.server.handler.ContextHandler : Started o.s.j.s.ServletContextHandler@72c927f1{/stages,null,AVAILABLE,@Spark}
2022-07-11 12:01:55.185  INFO  915 --- [           main] ject.jetty.server.handler.ContextHandler : Started o.s.j.s.ServletContextHandler@3dd69f5a{/stages/json,null,AVAILABLE,@Spark}
2022-07-11 12:01:55.200  INFO  915 --- [           main] ject.jetty.server.handler.ContextHandler : Started o.s.j.s.ServletContextHandler@1ee4730{/stages/stage,null,AVAILABLE,@Spark}
2022-07-11 12:01:55.200  INFO  915 --- [           main] ject.jetty.server.handler.ContextHandler : Started o.s.j.s.ServletContextHandler@16fb356{/stages/stage/json,null,AVAILABLE,@Spark}
2022-07-11 12:01:55.200  INFO  915 --- [           main] ject.jetty.server.handler.ContextHandler : Started o.s.j.s.ServletContextHandler@23a9ba52{/stages/pool,null,AVAILABLE,@Spark}
2022-07-11 12:01:55.200  INFO  915 --- [           main] ject.jetty.server.handler.ContextHandler : Started o.s.j.s.ServletContextHandler@70ab80e3{/stages/pool/json,null,AVAILABLE,@Spark}
2022-07-11 12:01:55.200  INFO  915 --- [           main] ject.jetty.server.handler.ContextHandler : Started o.s.j.s.ServletContextHandler@67427b69{/storage,null,AVAILABLE,@Spark}
2022-07-11 12:01:55.207  INFO  915 --- [           main] ject.jetty.server.handler.ContextHandler : Started o.s.j.s.ServletContextHandler@544630b7{/storage/json,null,AVAILABLE,@Spark}
2022-07-11 12:01:55.207  INFO  915 --- [           main] ject.jetty.server.handler.ContextHandler : Started o.s.j.s.ServletContextHandler@1095f122{/storage/rdd,null,AVAILABLE,@Spark}
2022-07-11 12:01:55.207  INFO  915 --- [           main] ject.jetty.server.handler.ContextHandler : Started o.s.j.s.ServletContextHandler@3d6300e8{/storage/rdd/json,null,AVAILABLE,@Spark}
2022-07-11 12:01:55.207  INFO  915 --- [           main] ject.jetty.server.handler.ContextHandler : Started o.s.j.s.ServletContextHandler@24a1c17f{/environment,null,AVAILABLE,@Spark}
2022-07-11 12:01:55.207  INFO  915 --- [           main] ject.jetty.server.handler.ContextHandler : Started o.s.j.s.ServletContextHandler@73511076{/environment/json,null,AVAILABLE,@Spark}
2022-07-11 12:01:55.207  INFO  915 --- [           main] ject.jetty.server.handler.ContextHandler : Started o.s.j.s.ServletContextHandler@532721fd{/executors,null,AVAILABLE,@Spark}
2022-07-11 12:01:55.207  INFO  915 --- [           main] ject.jetty.server.handler.ContextHandler : Started o.s.j.s.ServletContextHandler@7fb9f71f{/executors/json,null,AVAILABLE,@Spark}
2022-07-11 12:01:55.207  INFO  915 --- [           main] ject.jetty.server.handler.ContextHandler : Started o.s.j.s.ServletContextHandler@51f49060{/executors/threadDump,null,AVAILABLE,@Spark}
2022-07-11 12:01:55.207  INFO  915 --- [           main] ject.jetty.server.handler.ContextHandler : Started o.s.j.s.ServletContextHandler@617fe9e1{/executors/threadDump/json,null,AVAILABLE,@Spark}
2022-07-11 12:01:55.223  INFO  915 --- [           main] ject.jetty.server.handler.ContextHandler : Started o.s.j.s.ServletContextHandler@1cf2fed4{/static,null,AVAILABLE,@Spark}
2022-07-11 12:01:55.223  INFO  915 --- [           main] ject.jetty.server.handler.ContextHandler : Started o.s.j.s.ServletContextHandler@4b629f13{/,null,AVAILABLE,@Spark}
2022-07-11 12:01:55.223  INFO  915 --- [           main] ject.jetty.server.handler.ContextHandler : Started o.s.j.s.ServletContextHandler@1b9ea3e3{/api,null,AVAILABLE,@Spark}
2022-07-11 12:01:55.223  INFO  915 --- [           main] ject.jetty.server.handler.ContextHandler : Started o.s.j.s.ServletContextHandler@4263b080{/jobs/job/kill,null,AVAILABLE,@Spark}
2022-07-11 12:01:55.223  INFO  915 --- [           main] ject.jetty.server.handler.ContextHandler : Started o.s.j.s.ServletContextHandler@71f67a79{/stages/stage/kill,null,AVAILABLE,@Spark}
2022-07-11 12:01:55.238  INFO   57 --- [           main] org.apache.spark.internal.Logging        : Bound SparkUI to 0.0.0.0, and started at http://host.docker.internal:4040
2022-07-11 12:01:55.555  INFO   57 --- [           main] org.apache.spark.internal.Logging        : Starting executor ID driver on host host.docker.internal
2022-07-11 12:01:55.608  INFO   57 --- [           main] org.apache.spark.internal.Logging        : Successfully started service 'org.apache.spark.network.netty.NettyBlockTransferService' on port 52667.
2022-07-11 12:01:55.608  INFO   82 --- [           main] .network.netty.NettyBlockTransferService : Server created on host.docker.internal:52667
2022-07-11 12:01:55.608  INFO   57 --- [           main] org.apache.spark.internal.Logging        : Using org.apache.spark.storage.RandomBlockReplicationPolicy for block replication policy
2022-07-11 12:01:55.624  INFO   57 --- [           main] org.apache.spark.internal.Logging        : Registering BlockManager BlockManagerId(driver, host.docker.internal, 52667, None)
2022-07-11 12:01:55.624  INFO   57 --- [ckManagerMaster] org.apache.spark.internal.Logging        : Registering block manager host.docker.internal:52667 with 897.6 MiB RAM, BlockManagerId(driver, host.docker.internal, 52667, None)
2022-07-11 12:01:55.639  INFO   57 --- [           main] org.apache.spark.internal.Logging        : Registered BlockManager BlockManagerId(driver, host.docker.internal, 52667, None)
2022-07-11 12:01:55.639  INFO   57 --- [           main] org.apache.spark.internal.Logging        : Initialized BlockManager: BlockManagerId(driver, host.docker.internal, 52667, None)
2022-07-11 12:01:55.956  INFO  915 --- [           main] ject.jetty.server.handler.ContextHandler : Started o.s.j.s.ServletContextHandler@378bd86d{/metrics/json,null,AVAILABLE,@Spark}
2022-07-11 12:01:56.809  INFO   57 --- [streaming-start] org.apache.spark.internal.Logging        : Starting 1 receivers
2022-07-11 12:01:56.817  INFO   57 --- [streaming-start] org.apache.spark.internal.Logging        : ReceiverTracker started
2022-07-11 12:01:56.819  INFO   57 --- [streaming-start] org.apache.spark.internal.Logging        : Slide time = 10000 ms
2022-07-11 12:01:56.819  INFO   57 --- [streaming-start] org.apache.spark.internal.Logging        : Storage level = Serialized 1x Replicated
2022-07-11 12:01:56.827  INFO   57 --- [streaming-start] org.apache.spark.internal.Logging        : Checkpoint interval = null
2022-07-11 12:01:56.827  INFO   57 --- [streaming-start] org.apache.spark.internal.Logging        : Remember interval = 10000 ms
2022-07-11 12:01:56.829  INFO   57 --- [streaming-start] org.apache.spark.internal.Logging        : Initialized and validated org.apache.spark.streaming.dstream.PluggableInputDStream@5caf651f
2022-07-11 12:01:56.829  INFO   57 --- [streaming-start] org.apache.spark.internal.Logging        : Slide time = 10000 ms
2022-07-11 12:01:56.829  INFO   57 --- [streaming-start] org.apache.spark.internal.Logging        : Storage level = Serialized 1x Replicated
2022-07-11 12:01:56.829  INFO   57 --- [streaming-start] org.apache.spark.internal.Logging        : Checkpoint interval = null
2022-07-11 12:01:56.829  INFO   57 --- [streaming-start] org.apache.spark.internal.Logging        : Remember interval = 10000 ms
2022-07-11 12:01:56.829  INFO   57 --- [streaming-start] org.apache.spark.internal.Logging        : Initialized and validated org.apache.spark.streaming.dstream.MappedDStream@17f020b8
2022-07-11 12:01:56.829  INFO   57 --- [streaming-start] org.apache.spark.internal.Logging        : Slide time = 10000 ms
2022-07-11 12:01:56.829  INFO   57 --- [streaming-start] org.apache.spark.internal.Logging        : Storage level = Serialized 1x Replicated
2022-07-11 12:01:56.829  INFO   57 --- [streaming-start] org.apache.spark.internal.Logging        : Checkpoint interval = null
2022-07-11 12:01:56.829  INFO   57 --- [streaming-start] org.apache.spark.internal.Logging        : Remember interval = 10000 ms
2022-07-11 12:01:56.829  INFO   57 --- [streaming-start] org.apache.spark.internal.Logging        : Initialized and validated org.apache.spark.streaming.dstream.ForEachDStream@32310354
2022-07-11 12:01:56.829  INFO   57 --- [streaming-start] org.apache.spark.internal.Logging        : Slide time = 10000 ms
2022-07-11 12:01:56.829  INFO   57 --- [streaming-start] org.apache.spark.internal.Logging        : Storage level = Serialized 1x Replicated
2022-07-11 12:01:56.829  INFO   57 --- [streaming-start] org.apache.spark.internal.Logging        : Checkpoint interval = null
2022-07-11 12:01:56.829  INFO   57 --- [streaming-start] org.apache.spark.internal.Logging        : Remember interval = 10000 ms
2022-07-11 12:01:56.829  INFO   57 --- [streaming-start] org.apache.spark.internal.Logging        : Initialized and validated org.apache.spark.streaming.dstream.PluggableInputDStream@5caf651f
2022-07-11 12:01:56.829  INFO   57 --- [streaming-start] org.apache.spark.internal.Logging        : Slide time = 10000 ms
2022-07-11 12:01:56.829  INFO   57 --- [streaming-start] org.apache.spark.internal.Logging        : Storage level = Serialized 1x Replicated
2022-07-11 12:01:56.829  INFO   57 --- [streaming-start] org.apache.spark.internal.Logging        : Checkpoint interval = null
2022-07-11 12:01:56.829  INFO   57 --- [streaming-start] org.apache.spark.internal.Logging        : Remember interval = 10000 ms
2022-07-11 12:01:56.829  INFO   57 --- [streaming-start] org.apache.spark.internal.Logging        : Initialized and validated org.apache.spark.streaming.dstream.MappedDStream@17f020b8
2022-07-11 12:01:56.829  INFO   57 --- [streaming-start] org.apache.spark.internal.Logging        : Slide time = 10000 ms
2022-07-11 12:01:56.829  INFO   57 --- [streaming-start] org.apache.spark.internal.Logging        : Storage level = Serialized 1x Replicated
2022-07-11 12:01:56.829  INFO   57 --- [streaming-start] org.apache.spark.internal.Logging        : Checkpoint interval = null
2022-07-11 12:01:56.829  INFO   57 --- [streaming-start] org.apache.spark.internal.Logging        : Remember interval = 10000 ms
2022-07-11 12:01:56.829  INFO   57 --- [streaming-start] org.apache.spark.internal.Logging        : Initialized and validated org.apache.spark.streaming.dstream.ForEachDStream@15847835
2022-07-11 12:01:56.961  INFO   57 --- [er-event-loop-3] org.apache.spark.internal.Logging        : Receiver 0 started
2022-07-11 12:01:56.969  INFO   57 --- [streaming-start] org.apache.spark.internal.Logging        : Started timer for JobGenerator at time 1657537320000
2022-07-11 12:01:56.969  INFO   57 --- [streaming-start] org.apache.spark.internal.Logging        : Started JobGenerator at 1657537320000 ms
2022-07-11 12:01:56.969  INFO   57 --- [streaming-start] org.apache.spark.internal.Logging        : Started JobScheduler
2022-07-11 12:01:56.984  INFO  915 --- [           main] ject.jetty.server.handler.ContextHandler : Started o.s.j.s.ServletContextHandler@1f51431{/streaming,null,AVAILABLE,@Spark}
2022-07-11 12:01:56.985  INFO  915 --- [           main] ject.jetty.server.handler.ContextHandler : Started o.s.j.s.ServletContextHandler@38eb2c50{/streaming/json,null,AVAILABLE,@Spark}
2022-07-11 12:01:56.988  INFO   57 --- [uler-event-loop] org.apache.spark.internal.Logging        : Got job 0 (start at Application.java:146) with 1 output partitions
2022-07-11 12:01:56.989  INFO  915 --- [           main] ject.jetty.server.handler.ContextHandler : Started o.s.j.s.ServletContextHandler@692fd26{/streaming/batch,null,AVAILABLE,@Spark}
2022-07-11 12:01:56.990  INFO   57 --- [uler-event-loop] org.apache.spark.internal.Logging        : Final stage: ResultStage 0 (start at Application.java:146)
2022-07-11 12:01:56.991  INFO  915 --- [           main] ject.jetty.server.handler.ContextHandler : Started o.s.j.s.ServletContextHandler@56d93692{/streaming/batch/json,null,AVAILABLE,@Spark}
2022-07-11 12:01:56.993  INFO  915 --- [           main] ject.jetty.server.handler.ContextHandler : Started o.s.j.s.ServletContextHandler@26722665{/static/streaming,null,AVAILABLE,@Spark}
2022-07-11 12:01:56.994  INFO   57 --- [           main] org.apache.spark.internal.Logging        : StreamingContext started
2022-07-11 12:01:56.991  INFO   57 --- [uler-event-loop] org.apache.spark.internal.Logging        : Parents of final stage: List()
2022-07-11 12:01:56.997  INFO   57 --- [uler-event-loop] org.apache.spark.internal.Logging        : Missing parents: List()
2022-07-11 12:01:57.013  INFO   57 --- [uler-event-loop] org.apache.spark.internal.Logging        : Submitting ResultStage 0 (Receiver 0 ParallelCollectionRDD[0] at makeRDD at ReceiverTracker.scala:609), which has no missing parents
2022-07-11 12:01:57.239  INFO   57 --- [uler-event-loop] org.apache.spark.internal.Logging        : Block broadcast_0 stored as values in memory (estimated size 97.5 KiB, free 897.5 MiB)
2022-07-11 12:01:57.409  INFO   57 --- [uler-event-loop] org.apache.spark.internal.Logging        : Block broadcast_0_piece0 stored as bytes in memory (estimated size 34.2 KiB, free 897.5 MiB)
2022-07-11 12:01:57.414  INFO   57 --- [ckManagerMaster] org.apache.spark.internal.Logging        : Added broadcast_0_piece0 in memory on host.docker.internal:52667 (size: 34.2 KiB, free: 897.6 MiB)
2022-07-11 12:01:57.419  INFO   57 --- [uler-event-loop] org.apache.spark.internal.Logging        : Created broadcast 0 from broadcast at DAGScheduler.scala:1478
2022-07-11 12:01:57.436  INFO   57 --- [uler-event-loop] org.apache.spark.internal.Logging        : Submitting 1 missing tasks from ResultStage 0 (Receiver 0 ParallelCollectionRDD[0] at makeRDD at ReceiverTracker.scala:609) (first 15 tasks are for partitions Vector(0))
2022-07-11 12:01:57.437  INFO   57 --- [uler-event-loop] org.apache.spark.internal.Logging        : Adding task set 0.0 with 1 tasks resource profile 0
2022-07-11 12:01:57.560  INFO   57 --- [er-event-loop-0] org.apache.spark.internal.Logging        : Starting task 0.0 in stage 0.0 (TID 0) (host.docker.internal, executor driver, partition 0, PROCESS_LOCAL, 6218 bytes) taskResourceAssignments Map()
2022-07-11 12:01:57.588  INFO   57 --- [age 0.0 (TID 0)] org.apache.spark.internal.Logging        : Running task 0.0 in stage 0.0 (TID 0)
2022-07-11 12:01:57.898  INFO   57 --- [age 0.0 (TID 0)] org.apache.spark.internal.Logging        : Started timer for BlockGenerator at time 1657537318000
2022-07-11 12:01:57.900  INFO   57 --- [age 0.0 (TID 0)] org.apache.spark.internal.Logging        : Started BlockGenerator
2022-07-11 12:01:57.900  INFO   57 --- [      Thread-14] org.apache.spark.internal.Logging        : Started block pushing thread
2022-07-11 12:01:57.912  INFO   57 --- [er-event-loop-0] org.apache.spark.internal.Logging        : Registered receiver for stream 0 from host.docker.internal:52643
2022-07-11 12:01:57.914  INFO   57 --- [age 0.0 (TID 0)] org.apache.spark.internal.Logging        : Starting receiver 0
2022-07-11 12:01:57.916  INFO   57 --- [age 0.0 (TID 0)] org.apache.spark.internal.Logging        : Called receiver 0 onStart
2022-07-11 12:01:57.917  INFO   57 --- [age 0.0 (TID 0)] org.apache.spark.internal.Logging        : Waiting for receiver to be stopped
2022-07-11 12:02:00.179  INFO   57 --- [   JobGenerator] org.apache.spark.internal.Logging        : Added jobs for time 1657537320000 ms
2022-07-11 12:02:00.381  INFO   57 --- [   JobScheduler] org.apache.spark.internal.Logging        : Starting job streaming job 1657537320000 ms.0 from job set of time 1657537320000 ms
2022-07-11 12:02:00.724  WARN   69 --- [-job-executor-0] org.apache.spark.internal.Logging        : Using an existing SparkContext; some configuration may not take effect.
2022-07-11 12:02:01.259  INFO   57 --- [-job-executor-0] org.apache.spark.internal.Logging        : Setting hive.metastore.warehouse.dir ('null') to the value of spark.sql.warehouse.dir.
2022-07-11 12:02:02.053  WARN  362 --- [ool Maintenance] nifi.remote.util.SiteToSiteRestApiClient : Failed to get controller from https://localhost:8443/nifi/ due to org.apache.nifi.remote.util.SiteToSiteRestApiClient$HttpGetFailedException: response code 401:Unauthorized with explanation: null
2022-07-11 12:02:02.057  WARN   29 --- [ool Maintenance] .apache.nifi.remote.util.EventReportUtil : Unable to refresh remote group peers due to: response code 401:Unauthorized with explanation: null
2022-07-11 12:02:02.076  WARN  362 --- [  NiFi Receiver] nifi.remote.util.SiteToSiteRestApiClient : Failed to get controller from https://localhost:8443/nifi/ due to org.apache.nifi.remote.util.SiteToSiteRestApiClient$HttpGetFailedException: response code 401:Unauthorized with explanation: null
2022-07-11 12:02:02.082  WARN   90 --- [rvisor-future-0] org.apache.spark.internal.Logging        : Restarting receiver with delay 2000 ms: Failed to receive data from NiFi
org.apache.nifi.remote.util.SiteToSiteRestApiClient$HttpGetFailedException: response code 401:Unauthorized with explanation: null
	at org.apache.nifi.remote.util.SiteToSiteRestApiClient.execute(SiteToSiteRestApiClient.java:1177)
	at org.apache.nifi.remote.util.SiteToSiteRestApiClient.execute(SiteToSiteRestApiClient.java:1211)
	at org.apache.nifi.remote.util.SiteToSiteRestApiClient.fetchController(SiteToSiteRestApiClient.java:417)
	at org.apache.nifi.remote.util.SiteToSiteRestApiClient.getController(SiteToSiteRestApiClient.java:392)
	at org.apache.nifi.remote.util.SiteToSiteRestApiClient.getController(SiteToSiteRestApiClient.java:359)
	at org.apache.nifi.remote.client.SiteInfoProvider.refreshRemoteInfo(SiteInfoProvider.java:69)
	at org.apache.nifi.remote.client.SiteInfoProvider.getPortIdentifier(SiteInfoProvider.java:220)
	at org.apache.nifi.remote.client.SiteInfoProvider.getOutputPortIdentifier(SiteInfoProvider.java:204)
	at org.apache.nifi.remote.client.socket.SocketClient.getPortIdentifier(SocketClient.java:79)
	at org.apache.nifi.remote.client.socket.SocketClient.createTransaction(SocketClient.java:121)
	at org.apache.nifi.spark.NiFiReceiver$ReceiveRunnable.run(NiFiReceiver.java:149)
	at java.lang.Thread.run(Thread.java:748)
2022-07-11 12:02:02.088  INFO   57 --- [rvisor-future-0] org.apache.spark.internal.Logging        : Stopping receiver with message: Restarting receiver with delay 2000ms: Failed to receive data from NiFi: org.apache.nifi.remote.util.SiteToSiteRestApiClient$HttpGetFailedException: response code 401:Unauthorized with explanation: null
2022-07-11 12:02:02.089  INFO   57 --- [rvisor-future-0] org.apache.spark.internal.Logging        : Called receiver onStop
2022-07-11 12:02:02.090  INFO   57 --- [rvisor-future-0] org.apache.spark.internal.Logging        : Deregistering receiver 0
2022-07-11 12:02:02.095  ERROR   73 --- [er-event-loop-1] org.apache.spark.internal.Logging        : Deregistered receiver for stream 0: Restarting receiver with delay 2000ms: Failed to receive data from NiFi - org.apache.nifi.remote.util.SiteToSiteRestApiClient$HttpGetFailedException: response code 401:Unauthorized with explanation: null
	at org.apache.nifi.remote.util.SiteToSiteRestApiClient.execute(SiteToSiteRestApiClient.java:1177)
	at org.apache.nifi.remote.util.SiteToSiteRestApiClient.execute(SiteToSiteRestApiClient.java:1211)
	at org.apache.nifi.remote.util.SiteToSiteRestApiClient.fetchController(SiteToSiteRestApiClient.java:417)
	at org.apache.nifi.remote.util.SiteToSiteRestApiClient.getController(SiteToSiteRestApiClient.java:392)
	at org.apache.nifi.remote.util.SiteToSiteRestApiClient.getController(SiteToSiteRestApiClient.java:359)
	at org.apache.nifi.remote.client.SiteInfoProvider.refreshRemoteInfo(SiteInfoProvider.java:69)
	at org.apache.nifi.remote.client.SiteInfoProvider.getPortIdentifier(SiteInfoProvider.java:220)
	at org.apache.nifi.remote.client.SiteInfoProvider.getOutputPortIdentifier(SiteInfoProvider.java:204)
	at org.apache.nifi.remote.client.socket.SocketClient.getPortIdentifier(SocketClient.java:79)
	at org.apache.nifi.remote.client.socket.SocketClient.createTransaction(SocketClient.java:121)
	at org.apache.nifi.spark.NiFiReceiver$ReceiveRunnable.run(NiFiReceiver.java:149)
	at java.lang.Thread.run(Thread.java:748)

2022-07-11 12:02:02.096  INFO   57 --- [rvisor-future-0] org.apache.spark.internal.Logging        : Stopped receiver 0
2022-07-11 12:02:02.210  INFO   57 --- [-job-executor-0] org.apache.spark.internal.Logging        : Warehouse path is 'file:/C:/IntelliJProjects/NifiSparkStreaming/spark-warehouse'.
2022-07-11 12:02:02.226  INFO  915 --- [-job-executor-0] ject.jetty.server.handler.ContextHandler : Started o.s.j.s.ServletContextHandler@4d3e1083{/SQL,null,AVAILABLE,@Spark}
2022-07-11 12:02:02.227  INFO  915 --- [-job-executor-0] ject.jetty.server.handler.ContextHandler : Started o.s.j.s.ServletContextHandler@668fecfb{/SQL/json,null,AVAILABLE,@Spark}
2022-07-11 12:02:02.229  INFO  915 --- [-job-executor-0] ject.jetty.server.handler.ContextHandler : Started o.s.j.s.ServletContextHandler@579511ac{/SQL/execution,null,AVAILABLE,@Spark}
2022-07-11 12:02:02.230  INFO  915 --- [-job-executor-0] ject.jetty.server.handler.ContextHandler : Started o.s.j.s.ServletContextHandler@20a506f5{/SQL/execution/json,null,AVAILABLE,@Spark}
2022-07-11 12:02:02.232  INFO  915 --- [-job-executor-0] ject.jetty.server.handler.ContextHandler : Started o.s.j.s.ServletContextHandler@5fb7a94a{/static/sql,null,AVAILABLE,@Spark}
2022-07-11 12:02:04.097  INFO   57 --- [rvisor-future-0] org.apache.spark.internal.Logging        : Starting receiver again
2022-07-11 12:02:04.105  INFO   57 --- [er-event-loop-2] org.apache.spark.internal.Logging        : Registered receiver for stream 0 from host.docker.internal:52643
2022-07-11 12:02:04.106  INFO   57 --- [rvisor-future-0] org.apache.spark.internal.Logging        : Starting receiver 0
2022-07-11 12:02:04.108  INFO   57 --- [rvisor-future-0] org.apache.spark.internal.Logging        : Called receiver 0 onStart
2022-07-11 12:02:04.108  INFO   57 --- [rvisor-future-0] org.apache.spark.internal.Logging        : Receiver started again
2022-07-11 12:02:04.489  WARN  362 --- [  NiFi Receiver] nifi.remote.util.SiteToSiteRestApiClient : Failed to get controller from https://localhost:8443/nifi/ due to org.apache.nifi.remote.util.SiteToSiteRestApiClient$HttpGetFailedException: response code 401:Unauthorized with explanation: null
2022-07-11 12:02:04.499  WARN   90 --- [rvisor-future-1] org.apache.spark.internal.Logging        : Restarting receiver with delay 2000 ms: Failed to receive data from NiFi
org.apache.nifi.remote.util.SiteToSiteRestApiClient$HttpGetFailedException: response code 401:Unauthorized with explanation: null
	at org.apache.nifi.remote.util.SiteToSiteRestApiClient.execute(SiteToSiteRestApiClient.java:1177)
	at org.apache.nifi.remote.util.SiteToSiteRestApiClient.execute(SiteToSiteRestApiClient.java:1211)
	at org.apache.nifi.remote.util.SiteToSiteRestApiClient.fetchController(SiteToSiteRestApiClient.java:417)
	at org.apache.nifi.remote.util.SiteToSiteRestApiClient.getController(SiteToSiteRestApiClient.java:392)
	at org.apache.nifi.remote.util.SiteToSiteRestApiClient.getController(SiteToSiteRestApiClient.java:359)
	at org.apache.nifi.remote.client.SiteInfoProvider.refreshRemoteInfo(SiteInfoProvider.java:69)
	at org.apache.nifi.remote.client.SiteInfoProvider.getPortIdentifier(SiteInfoProvider.java:220)
	at org.apache.nifi.remote.client.SiteInfoProvider.getOutputPortIdentifier(SiteInfoProvider.java:204)
	at org.apache.nifi.remote.client.socket.SocketClient.getPortIdentifier(SocketClient.java:79)
	at org.apache.nifi.remote.client.socket.SocketClient.createTransaction(SocketClient.java:121)
	at org.apache.nifi.spark.NiFiReceiver$ReceiveRunnable.run(NiFiReceiver.java:149)
	at java.lang.Thread.run(Thread.java:748)
2022-07-11 12:02:04.512  INFO   57 --- [rvisor-future-1] org.apache.spark.internal.Logging        : Stopping receiver with message: Restarting receiver with delay 2000ms: Failed to receive data from NiFi: org.apache.nifi.remote.util.SiteToSiteRestApiClient$HttpGetFailedException: response code 401:Unauthorized with explanation: null
2022-07-11 12:02:04.512  INFO   57 --- [rvisor-future-1] org.apache.spark.internal.Logging        : Called receiver onStop
2022-07-11 12:02:04.514  INFO   57 --- [rvisor-future-1] org.apache.spark.internal.Logging        : Deregistering receiver 0
2022-07-11 12:02:04.515  ERROR   73 --- [er-event-loop-3] org.apache.spark.internal.Logging        : Deregistered receiver for stream 0: Restarting receiver with delay 2000ms: Failed to receive data from NiFi - org.apache.nifi.remote.util.SiteToSiteRestApiClient$HttpGetFailedException: response code 401:Unauthorized with explanation: null
	at org.apache.nifi.remote.util.SiteToSiteRestApiClient.execute(SiteToSiteRestApiClient.java:1177)
	at org.apache.nifi.remote.util.SiteToSiteRestApiClient.execute(SiteToSiteRestApiClient.java:1211)
	at org.apache.nifi.remote.util.SiteToSiteRestApiClient.fetchController(SiteToSiteRestApiClient.java:417)
	at org.apache.nifi.remote.util.SiteToSiteRestApiClient.getController(SiteToSiteRestApiClient.java:392)
	at org.apache.nifi.remote.util.SiteToSiteRestApiClient.getController(SiteToSiteRestApiClient.java:359)
	at org.apache.nifi.remote.client.SiteInfoProvider.refreshRemoteInfo(SiteInfoProvider.java:69)
	at org.apache.nifi.remote.client.SiteInfoProvider.getPortIdentifier(SiteInfoProvider.java:220)
	at org.apache.nifi.remote.client.SiteInfoProvider.getOutputPortIdentifier(SiteInfoProvider.java:204)
	at org.apache.nifi.remote.client.socket.SocketClient.getPortIdentifier(SocketClient.java:79)
	at org.apache.nifi.remote.client.socket.SocketClient.createTransaction(SocketClient.java:121)
	at org.apache.nifi.spark.NiFiReceiver$ReceiveRunnable.run(NiFiReceiver.java:149)
	at java.lang.Thread.run(Thread.java:748)

2022-07-11 12:02:04.524  WARN  362 --- [ool Maintenance] nifi.remote.util.SiteToSiteRestApiClient : Failed to get controller from https://localhost:8443/nifi/ due to org.apache.nifi.remote.util.SiteToSiteRestApiClient$HttpGetFailedException: response code 401:Unauthorized with explanation: null
2022-07-11 12:02:04.525  WARN   29 --- [ool Maintenance] .apache.nifi.remote.util.EventReportUtil : Unable to refresh remote group peers due to: response code 401:Unauthorized with explanation: null
2022-07-11 12:02:04.525  INFO   57 --- [rvisor-future-1] org.apache.spark.internal.Logging        : Stopped receiver 0
2022-07-11 12:02:06.088  INFO   57 --- [shutdown-hook-0] org.apache.spark.internal.Logging        : Invoking stop(stopGracefully=false) from shutdown hook
2022-07-11 12:02:06.097  INFO   57 --- [er-event-loop-0] org.apache.spark.internal.Logging        : Sent stop signal to all 1 receivers
2022-07-11 12:02:06.098  INFO   57 --- [er-event-loop-1] org.apache.spark.internal.Logging        : Received stop signal
2022-07-11 12:02:06.098  INFO   57 --- [er-event-loop-1] org.apache.spark.internal.Logging        : Stopping receiver with message: Stopped by driver: 
2022-07-11 12:02:06.099  WARN   69 --- [er-event-loop-1] org.apache.spark.internal.Logging        : Receiver has been stopped
2022-07-11 12:02:06.102  INFO   57 --- [er-event-loop-1] org.apache.spark.internal.Logging        : Stopping BlockGenerator
2022-07-11 12:02:06.401  INFO   57 --- [er-event-loop-1] org.apache.spark.internal.Logging        : Stopped timer for BlockGenerator after time 1657537326400
2022-07-11 12:02:06.402  INFO   57 --- [er-event-loop-1] org.apache.spark.internal.Logging        : Waiting for block pushing thread to terminate
2022-07-11 12:02:06.411  INFO   57 --- [      Thread-14] org.apache.spark.internal.Logging        : Pushing out the last 0 blocks
2022-07-11 12:02:06.412  INFO   57 --- [      Thread-14] org.apache.spark.internal.Logging        : Stopped block pushing thread
2022-07-11 12:02:06.413  INFO   57 --- [er-event-loop-1] org.apache.spark.internal.Logging        : Stopped BlockGenerator
2022-07-11 12:02:06.416  INFO   57 --- [age 0.0 (TID 0)] org.apache.spark.internal.Logging        : Stopped receiver without error
2022-07-11 12:02:06.446  INFO   57 --- [age 0.0 (TID 0)] org.apache.spark.internal.Logging        : Finished task 0.0 in stage 0.0 (TID 0). 880 bytes result sent to driver
2022-07-11 12:02:06.457  INFO   57 --- [result-getter-0] org.apache.spark.internal.Logging        : Finished task 0.0 in stage 0.0 (TID 0) in 8925 ms on host.docker.internal (executor driver) (1/1)
2022-07-11 12:02:06.462  INFO   57 --- [result-getter-0] org.apache.spark.internal.Logging        : Removed TaskSet 0.0, whose tasks have all completed, from pool 
2022-07-11 12:02:06.472  INFO   57 --- [uler-event-loop] org.apache.spark.internal.Logging        : ResultStage 0 (start at Application.java:146) finished in 9.418 s
2022-07-11 12:02:06.478  INFO   57 --- [uler-event-loop] org.apache.spark.internal.Logging        : Job 0 is finished. Cancelling potential speculative or zombie tasks for this job
2022-07-11 12:02:06.479  INFO   57 --- [uler-event-loop] org.apache.spark.internal.Logging        : Killing all running tasks in stage 0: Stage finished
2022-07-11 12:02:06.484  INFO   57 --- [shutdown-hook-0] org.apache.spark.internal.Logging        : All of the receivers have deregistered successfully
2022-07-11 12:02:06.485  INFO   57 --- [shutdown-hook-0] org.apache.spark.internal.Logging        : ReceiverTracker stopped
2022-07-11 12:02:06.486  INFO   57 --- [shutdown-hook-0] org.apache.spark.internal.Logging        : Stopping JobGenerator immediately
2022-07-11 12:02:06.488  INFO   57 --- [shutdown-hook-0] org.apache.spark.internal.Logging        : Stopped timer for JobGenerator after time 1657537320000
2022-07-11 12:02:06.488  INFO   57 --- [shutdown-hook-0] org.apache.spark.internal.Logging        : Stopped JobGenerator
2022-07-11 12:02:07.394  INFO   57 --- [-job-executor-0] org.apache.spark.internal.Logging        : Code generated in 279.1621 ms
2022-07-11 12:02:07.425  INFO   57 --- [   JobScheduler] org.apache.spark.internal.Logging        : Finished job streaming job 1657537320000 ms.0 from job set of time 1657537320000 ms
2022-07-11 12:02:07.425  INFO   57 --- [   JobScheduler] org.apache.spark.internal.Logging        : Starting job streaming job 1657537320000 ms.1 from job set of time 1657537320000 ms
2022-07-11 12:02:07.425  INFO   57 --- [   JobScheduler] org.apache.spark.internal.Logging        : Finished job streaming job 1657537320000 ms.1 from job set of time 1657537320000 ms
2022-07-11 12:02:07.425  INFO   57 --- [   JobScheduler] org.apache.spark.internal.Logging        : Total delay: 7.425 s for time 1657537320000 ms (execution: 7.083 s)
2022-07-11 12:02:07.425  INFO   57 --- [shutdown-hook-0] org.apache.spark.internal.Logging        : Stopped JobScheduler
2022-07-11 12:02:07.441  INFO 1153 --- [shutdown-hook-0] ject.jetty.server.handler.ContextHandler : Stopped o.s.j.s.ServletContextHandler@1f51431{/streaming,null,STOPPED,@Spark}
2022-07-11 12:02:07.441  INFO 1153 --- [shutdown-hook-0] ject.jetty.server.handler.ContextHandler : Stopped o.s.j.s.ServletContextHandler@38eb2c50{/streaming/json,null,STOPPED,@Spark}
2022-07-11 12:02:07.441  INFO 1153 --- [shutdown-hook-0] ject.jetty.server.handler.ContextHandler : Stopped o.s.j.s.ServletContextHandler@692fd26{/streaming/batch,null,STOPPED,@Spark}
2022-07-11 12:02:07.441  INFO 1153 --- [shutdown-hook-0] ject.jetty.server.handler.ContextHandler : Stopped o.s.j.s.ServletContextHandler@56d93692{/streaming/batch/json,null,STOPPED,@Spark}
2022-07-11 12:02:07.456  INFO 1153 --- [shutdown-hook-0] ject.jetty.server.handler.ContextHandler : Stopped o.s.j.s.ServletContextHandler@26722665{/static/streaming,null,STOPPED,@Spark}
2022-07-11 12:02:07.456  INFO  165 --- [           main] com.elite.cdr.validator.Application      : ****************************************************
2022-07-11 12:02:07.456  INFO  166 --- [           main] com.elite.cdr.validator.Application      : Duration: 0.0 seconds
2022-07-11 12:02:07.456  INFO   57 --- [shutdown-hook-0] org.apache.spark.internal.Logging        : StreamingContext stopped successfully
2022-07-11 12:02:07.456  INFO  167 --- [           main] com.elite.cdr.validator.Application      : Batch executed with success
2022-07-11 12:02:07.456  INFO  168 --- [           main] com.elite.cdr.validator.Application      : ****************************************************
2022-07-11 12:02:07.456  INFO   57 --- [shutdown-hook-0] org.apache.spark.internal.Logging        : Invoking stop() from shutdown hook
2022-07-11 12:02:07.472  INFO  381 --- [shutdown-hook-0] rkproject.jetty.server.AbstractConnector : Stopped Spark@3b9d6699{HTTP/1.1, (http/1.1)}{0.0.0.0:4040}
2022-07-11 12:02:07.472  INFO   57 --- [shutdown-hook-0] org.apache.spark.internal.Logging        : Stopped Spark web UI at http://host.docker.internal:4040
2022-07-11 12:02:07.488  INFO   57 --- [er-event-loop-0] org.apache.spark.internal.Logging        : MapOutputTrackerMasterEndpoint stopped!
2022-07-11 12:02:07.503  INFO   57 --- [shutdown-hook-0] org.apache.spark.internal.Logging        : MemoryStore cleared
2022-07-11 12:02:07.503  INFO   57 --- [shutdown-hook-0] org.apache.spark.internal.Logging        : BlockManager stopped
2022-07-11 12:02:07.503  INFO   57 --- [shutdown-hook-0] org.apache.spark.internal.Logging        : BlockManagerMaster stopped
2022-07-11 12:02:07.519  INFO   57 --- [er-event-loop-2] org.apache.spark.internal.Logging        : OutputCommitCoordinator stopped!
2022-07-11 12:02:07.519  INFO   57 --- [shutdown-hook-0] org.apache.spark.internal.Logging        : Successfully stopped SparkContext
2022-07-11 12:02:07.519  INFO   57 --- [shutdown-hook-0] org.apache.spark.internal.Logging        : Shutdown hook called
2022-07-11 12:02:07.519  INFO   57 --- [shutdown-hook-0] org.apache.spark.internal.Logging        : Deleting directory C:\Users\Wael Hamdi\AppData\Local\Temp\spark-ead4d97c-1c97-4866-bfbd-eb34ba534495
