2022-08-01 17:39:35.404  INFO   48 --- [           main] com.elite.cdr.validator.Application      : Starting ASN1 Reader 
2022-08-01 17:39:35.404  INFO   50 --- [           main] com.elite.cdr.validator.Application      : ############### Run with the args [--env, local, --file, src/main/resources/data/simpleTypes.ber, --prop, src/main/resources/myapp.properties]
2022-08-01 17:39:35.482  INFO   56 --- [           main] com.elite.cdr.validator.Application      : ############### Run in local mode
2022-08-01 17:39:37.076  INFO   57 --- [           main] org.apache.spark.internal.Logging        : Running Spark version 3.2.1
2022-08-01 17:39:37.576  INFO   57 --- [           main] org.apache.spark.internal.Logging        : ==============================================================
2022-08-01 17:39:37.592  INFO   57 --- [           main] org.apache.spark.internal.Logging        : No custom resources configured for spark.driver.
2022-08-01 17:39:37.592  INFO   57 --- [           main] org.apache.spark.internal.Logging        : ==============================================================
2022-08-01 17:39:37.592  INFO   57 --- [           main] org.apache.spark.internal.Logging        : Submitted application: NiFi Spark Streaming example
2022-08-01 17:39:37.654  INFO   57 --- [           main] org.apache.spark.internal.Logging        : Default ResourceProfile created, executor resources: Map(cores -> name: cores, amount: 1, script: , vendor: , memory -> name: memory, amount: 1024, script: , vendor: , offHeap -> name: offHeap, amount: 0, script: , vendor: ), task resources: Map(cpus -> name: cpus, amount: 1.0)
2022-08-01 17:39:37.670  INFO   57 --- [           main] org.apache.spark.internal.Logging        : Limiting resource is cpu
2022-08-01 17:39:37.685  INFO   57 --- [           main] org.apache.spark.internal.Logging        : Added ResourceProfile id: 0
2022-08-01 17:39:37.904  INFO   57 --- [           main] org.apache.spark.internal.Logging        : Changing view acls to: Wael Hamdi
2022-08-01 17:39:37.904  INFO   57 --- [           main] org.apache.spark.internal.Logging        : Changing modify acls to: Wael Hamdi
2022-08-01 17:39:37.904  INFO   57 --- [           main] org.apache.spark.internal.Logging        : Changing view acls groups to: 
2022-08-01 17:39:37.904  INFO   57 --- [           main] org.apache.spark.internal.Logging        : Changing modify acls groups to: 
2022-08-01 17:39:37.904  INFO   57 --- [           main] org.apache.spark.internal.Logging        : SecurityManager: authentication disabled; ui acls disabled; users  with view permissions: Set(Wael Hamdi); groups with view permissions: Set(); users  with modify permissions: Set(Wael Hamdi); groups with modify permissions: Set()
2022-08-01 17:39:40.279  INFO   57 --- [           main] org.apache.spark.internal.Logging        : Successfully started service 'sparkDriver' on port 59926.
2022-08-01 17:39:40.310  INFO   57 --- [           main] org.apache.spark.internal.Logging        : Registering MapOutputTracker
2022-08-01 17:39:40.357  INFO   57 --- [           main] org.apache.spark.internal.Logging        : Registering BlockManagerMaster
2022-08-01 17:39:40.373  INFO   57 --- [           main] org.apache.spark.internal.Logging        : Using org.apache.spark.storage.DefaultTopologyMapper for getting topology information
2022-08-01 17:39:40.388  INFO   57 --- [           main] org.apache.spark.internal.Logging        : BlockManagerMasterEndpoint up
2022-08-01 17:39:40.388  INFO   57 --- [           main] org.apache.spark.internal.Logging        : Registering BlockManagerMasterHeartbeat
2022-08-01 17:39:40.420  INFO   57 --- [           main] org.apache.spark.internal.Logging        : Created local directory at C:\Users\Wael Hamdi\AppData\Local\Temp\blockmgr-b7633ce6-22e3-4ec5-9e07-5207a2ba228d
2022-08-01 17:39:40.451  INFO   57 --- [           main] org.apache.spark.internal.Logging        : MemoryStore started with capacity 897.6 MiB
2022-08-01 17:39:40.467  INFO   57 --- [           main] org.apache.spark.internal.Logging        : Registering OutputCommitCoordinator
2022-08-01 17:39:40.592  INFO  170 --- [           main] org.sparkproject.jetty.util.log.Log      : Logging initialized @6071ms to org.sparkproject.jetty.util.log.Slf4jLog
2022-08-01 17:39:40.685  INFO  375 --- [           main] org.sparkproject.jetty.server.Server     : jetty-9.4.43.v20210629; built: 2021-06-30T11:07:22.254Z; git: 526006ecfa3af7f1a27ef3a288e2bef7ea9dd7e8; jvm 1.8.0_301-b09
2022-08-01 17:39:40.701  INFO  415 --- [           main] org.sparkproject.jetty.server.Server     : Started @6188ms
2022-08-01 17:39:40.748  INFO  331 --- [           main] rkproject.jetty.server.AbstractConnector : Started ServerConnector@7caa550{HTTP/1.1, (http/1.1)}{0.0.0.0:4040}
2022-08-01 17:39:40.748  INFO   57 --- [           main] org.apache.spark.internal.Logging        : Successfully started service 'SparkUI' on port 4040.
2022-08-01 17:39:40.779  INFO  915 --- [           main] ject.jetty.server.handler.ContextHandler : Started o.s.j.s.ServletContextHandler@388ffbc2{/jobs,null,AVAILABLE,@Spark}
2022-08-01 17:39:40.795  INFO  915 --- [           main] ject.jetty.server.handler.ContextHandler : Started o.s.j.s.ServletContextHandler@61a002b1{/jobs/json,null,AVAILABLE,@Spark}
2022-08-01 17:39:40.795  INFO  915 --- [           main] ject.jetty.server.handler.ContextHandler : Started o.s.j.s.ServletContextHandler@780ec4a5{/jobs/job,null,AVAILABLE,@Spark}
2022-08-01 17:39:40.795  INFO  915 --- [           main] ject.jetty.server.handler.ContextHandler : Started o.s.j.s.ServletContextHandler@548e76f1{/jobs/job/json,null,AVAILABLE,@Spark}
2022-08-01 17:39:40.795  INFO  915 --- [           main] ject.jetty.server.handler.ContextHandler : Started o.s.j.s.ServletContextHandler@72c927f1{/stages,null,AVAILABLE,@Spark}
2022-08-01 17:39:40.795  INFO  915 --- [           main] ject.jetty.server.handler.ContextHandler : Started o.s.j.s.ServletContextHandler@3dd69f5a{/stages/json,null,AVAILABLE,@Spark}
2022-08-01 17:39:40.795  INFO  915 --- [           main] ject.jetty.server.handler.ContextHandler : Started o.s.j.s.ServletContextHandler@1ee4730{/stages/stage,null,AVAILABLE,@Spark}
2022-08-01 17:39:40.795  INFO  915 --- [           main] ject.jetty.server.handler.ContextHandler : Started o.s.j.s.ServletContextHandler@16fb356{/stages/stage/json,null,AVAILABLE,@Spark}
2022-08-01 17:39:40.795  INFO  915 --- [           main] ject.jetty.server.handler.ContextHandler : Started o.s.j.s.ServletContextHandler@23a9ba52{/stages/pool,null,AVAILABLE,@Spark}
2022-08-01 17:39:40.795  INFO  915 --- [           main] ject.jetty.server.handler.ContextHandler : Started o.s.j.s.ServletContextHandler@70ab80e3{/stages/pool/json,null,AVAILABLE,@Spark}
2022-08-01 17:39:40.795  INFO  915 --- [           main] ject.jetty.server.handler.ContextHandler : Started o.s.j.s.ServletContextHandler@67427b69{/storage,null,AVAILABLE,@Spark}
2022-08-01 17:39:40.795  INFO  915 --- [           main] ject.jetty.server.handler.ContextHandler : Started o.s.j.s.ServletContextHandler@544630b7{/storage/json,null,AVAILABLE,@Spark}
2022-08-01 17:39:40.795  INFO  915 --- [           main] ject.jetty.server.handler.ContextHandler : Started o.s.j.s.ServletContextHandler@1095f122{/storage/rdd,null,AVAILABLE,@Spark}
2022-08-01 17:39:40.810  INFO  915 --- [           main] ject.jetty.server.handler.ContextHandler : Started o.s.j.s.ServletContextHandler@3d6300e8{/storage/rdd/json,null,AVAILABLE,@Spark}
2022-08-01 17:39:40.810  INFO  915 --- [           main] ject.jetty.server.handler.ContextHandler : Started o.s.j.s.ServletContextHandler@24a1c17f{/environment,null,AVAILABLE,@Spark}
2022-08-01 17:39:40.810  INFO  915 --- [           main] ject.jetty.server.handler.ContextHandler : Started o.s.j.s.ServletContextHandler@73511076{/environment/json,null,AVAILABLE,@Spark}
2022-08-01 17:39:40.810  INFO  915 --- [           main] ject.jetty.server.handler.ContextHandler : Started o.s.j.s.ServletContextHandler@532721fd{/executors,null,AVAILABLE,@Spark}
2022-08-01 17:39:40.810  INFO  915 --- [           main] ject.jetty.server.handler.ContextHandler : Started o.s.j.s.ServletContextHandler@7fb9f71f{/executors/json,null,AVAILABLE,@Spark}
2022-08-01 17:39:40.810  INFO  915 --- [           main] ject.jetty.server.handler.ContextHandler : Started o.s.j.s.ServletContextHandler@51f49060{/executors/threadDump,null,AVAILABLE,@Spark}
2022-08-01 17:39:40.810  INFO  915 --- [           main] ject.jetty.server.handler.ContextHandler : Started o.s.j.s.ServletContextHandler@617fe9e1{/executors/threadDump/json,null,AVAILABLE,@Spark}
2022-08-01 17:39:40.826  INFO  915 --- [           main] ject.jetty.server.handler.ContextHandler : Started o.s.j.s.ServletContextHandler@1cf2fed4{/static,null,AVAILABLE,@Spark}
2022-08-01 17:39:40.826  INFO  915 --- [           main] ject.jetty.server.handler.ContextHandler : Started o.s.j.s.ServletContextHandler@4b629f13{/,null,AVAILABLE,@Spark}
2022-08-01 17:39:40.841  INFO  915 --- [           main] ject.jetty.server.handler.ContextHandler : Started o.s.j.s.ServletContextHandler@1b9ea3e3{/api,null,AVAILABLE,@Spark}
2022-08-01 17:39:40.841  INFO  915 --- [           main] ject.jetty.server.handler.ContextHandler : Started o.s.j.s.ServletContextHandler@4263b080{/jobs/job/kill,null,AVAILABLE,@Spark}
2022-08-01 17:39:40.841  INFO  915 --- [           main] ject.jetty.server.handler.ContextHandler : Started o.s.j.s.ServletContextHandler@71f67a79{/stages/stage/kill,null,AVAILABLE,@Spark}
2022-08-01 17:39:40.841  INFO   57 --- [           main] org.apache.spark.internal.Logging        : Bound SparkUI to 0.0.0.0, and started at http://host.docker.internal:4040
2022-08-01 17:39:41.185  INFO   57 --- [           main] org.apache.spark.internal.Logging        : Starting executor ID driver on host host.docker.internal
2022-08-01 17:39:41.232  INFO   57 --- [           main] org.apache.spark.internal.Logging        : Successfully started service 'org.apache.spark.network.netty.NettyBlockTransferService' on port 59950.
2022-08-01 17:39:41.232  INFO   82 --- [           main] .network.netty.NettyBlockTransferService : Server created on host.docker.internal:59950
2022-08-01 17:39:41.232  INFO   57 --- [           main] org.apache.spark.internal.Logging        : Using org.apache.spark.storage.RandomBlockReplicationPolicy for block replication policy
2022-08-01 17:39:41.248  INFO   57 --- [           main] org.apache.spark.internal.Logging        : Registering BlockManager BlockManagerId(driver, host.docker.internal, 59950, None)
2022-08-01 17:39:41.248  INFO   57 --- [ckManagerMaster] org.apache.spark.internal.Logging        : Registering block manager host.docker.internal:59950 with 897.6 MiB RAM, BlockManagerId(driver, host.docker.internal, 59950, None)
2022-08-01 17:39:41.248  INFO   57 --- [           main] org.apache.spark.internal.Logging        : Registered BlockManager BlockManagerId(driver, host.docker.internal, 59950, None)
2022-08-01 17:39:41.248  INFO   57 --- [           main] org.apache.spark.internal.Logging        : Initialized BlockManager: BlockManagerId(driver, host.docker.internal, 59950, None)
2022-08-01 17:39:41.560  INFO  915 --- [           main] ject.jetty.server.handler.ContextHandler : Started o.s.j.s.ServletContextHandler@378bd86d{/metrics/json,null,AVAILABLE,@Spark}
2022-08-01 17:39:42.295  INFO   57 --- [streaming-start] org.apache.spark.internal.Logging        : Starting 1 receivers
2022-08-01 17:39:42.295  INFO   57 --- [streaming-start] org.apache.spark.internal.Logging        : ReceiverTracker started
2022-08-01 17:39:42.326  INFO   57 --- [streaming-start] org.apache.spark.internal.Logging        : Slide time = 1000 ms
2022-08-01 17:39:42.326  INFO   57 --- [streaming-start] org.apache.spark.internal.Logging        : Storage level = Serialized 1x Replicated
2022-08-01 17:39:42.326  INFO   57 --- [streaming-start] org.apache.spark.internal.Logging        : Checkpoint interval = null
2022-08-01 17:39:42.326  INFO   57 --- [streaming-start] org.apache.spark.internal.Logging        : Remember interval = 1000 ms
2022-08-01 17:39:42.326  INFO   57 --- [streaming-start] org.apache.spark.internal.Logging        : Initialized and validated org.apache.spark.streaming.dstream.PluggableInputDStream@1e16755e
2022-08-01 17:39:42.326  INFO   57 --- [streaming-start] org.apache.spark.internal.Logging        : Slide time = 1000 ms
2022-08-01 17:39:42.326  INFO   57 --- [streaming-start] org.apache.spark.internal.Logging        : Storage level = Serialized 1x Replicated
2022-08-01 17:39:42.326  INFO   57 --- [streaming-start] org.apache.spark.internal.Logging        : Checkpoint interval = null
2022-08-01 17:39:42.326  INFO   57 --- [streaming-start] org.apache.spark.internal.Logging        : Remember interval = 1000 ms
2022-08-01 17:39:42.326  INFO   57 --- [streaming-start] org.apache.spark.internal.Logging        : Initialized and validated org.apache.spark.streaming.dstream.MappedDStream@542a393d
2022-08-01 17:39:42.326  INFO   57 --- [streaming-start] org.apache.spark.internal.Logging        : Slide time = 1000 ms
2022-08-01 17:39:42.326  INFO   57 --- [streaming-start] org.apache.spark.internal.Logging        : Storage level = Serialized 1x Replicated
2022-08-01 17:39:42.326  INFO   57 --- [streaming-start] org.apache.spark.internal.Logging        : Checkpoint interval = null
2022-08-01 17:39:42.326  INFO   57 --- [streaming-start] org.apache.spark.internal.Logging        : Remember interval = 1000 ms
2022-08-01 17:39:42.326  INFO   57 --- [streaming-start] org.apache.spark.internal.Logging        : Initialized and validated org.apache.spark.streaming.dstream.ForEachDStream@33aa8512
2022-08-01 17:39:42.435  INFO   57 --- [er-event-loop-3] org.apache.spark.internal.Logging        : Receiver 0 started
2022-08-01 17:39:42.450  INFO   57 --- [streaming-start] org.apache.spark.internal.Logging        : Started timer for JobGenerator at time 1659371983000
2022-08-01 17:39:42.452  INFO   57 --- [streaming-start] org.apache.spark.internal.Logging        : Started JobGenerator at 1659371983000 ms
2022-08-01 17:39:42.455  INFO   57 --- [streaming-start] org.apache.spark.internal.Logging        : Started JobScheduler
2022-08-01 17:39:42.461  INFO  915 --- [           main] ject.jetty.server.handler.ContextHandler : Started o.s.j.s.ServletContextHandler@6fd77352{/streaming,null,AVAILABLE,@Spark}
2022-08-01 17:39:42.463  INFO  915 --- [           main] ject.jetty.server.handler.ContextHandler : Started o.s.j.s.ServletContextHandler@3f672204{/streaming/json,null,AVAILABLE,@Spark}
2022-08-01 17:39:42.470  INFO  915 --- [           main] ject.jetty.server.handler.ContextHandler : Started o.s.j.s.ServletContextHandler@6c65860d{/streaming/batch,null,AVAILABLE,@Spark}
2022-08-01 17:39:42.465  INFO   57 --- [uler-event-loop] org.apache.spark.internal.Logging        : Got job 0 (start at Application.java:156) with 1 output partitions
2022-08-01 17:39:42.472  INFO  915 --- [           main] ject.jetty.server.handler.ContextHandler : Started o.s.j.s.ServletContextHandler@7cf283e1{/streaming/batch/json,null,AVAILABLE,@Spark}
2022-08-01 17:39:42.474  INFO  915 --- [           main] ject.jetty.server.handler.ContextHandler : Started o.s.j.s.ServletContextHandler@252f626c{/static/streaming,null,AVAILABLE,@Spark}
2022-08-01 17:39:42.475  INFO   57 --- [uler-event-loop] org.apache.spark.internal.Logging        : Final stage: ResultStage 0 (start at Application.java:156)
2022-08-01 17:39:42.475  INFO   57 --- [           main] org.apache.spark.internal.Logging        : StreamingContext started
2022-08-01 17:39:42.476  INFO   57 --- [uler-event-loop] org.apache.spark.internal.Logging        : Parents of final stage: List()
2022-08-01 17:39:42.477  INFO   57 --- [uler-event-loop] org.apache.spark.internal.Logging        : Missing parents: List()
2022-08-01 17:39:42.485  INFO   57 --- [uler-event-loop] org.apache.spark.internal.Logging        : Submitting ResultStage 0 (Receiver 0 ParallelCollectionRDD[0] at makeRDD at ReceiverTracker.scala:609), which has no missing parents
2022-08-01 17:39:42.729  INFO   57 --- [uler-event-loop] org.apache.spark.internal.Logging        : Block broadcast_0 stored as values in memory (estimated size 97.5 KiB, free 897.5 MiB)
2022-08-01 17:39:42.801  INFO   57 --- [uler-event-loop] org.apache.spark.internal.Logging        : Block broadcast_0_piece0 stored as bytes in memory (estimated size 34.2 KiB, free 897.5 MiB)
2022-08-01 17:39:42.805  INFO   57 --- [ckManagerMaster] org.apache.spark.internal.Logging        : Added broadcast_0_piece0 in memory on host.docker.internal:59950 (size: 34.2 KiB, free: 897.6 MiB)
2022-08-01 17:39:42.809  INFO   57 --- [uler-event-loop] org.apache.spark.internal.Logging        : Created broadcast 0 from broadcast at DAGScheduler.scala:1478
2022-08-01 17:39:42.827  INFO   57 --- [uler-event-loop] org.apache.spark.internal.Logging        : Submitting 1 missing tasks from ResultStage 0 (Receiver 0 ParallelCollectionRDD[0] at makeRDD at ReceiverTracker.scala:609) (first 15 tasks are for partitions Vector(0))
2022-08-01 17:39:42.828  INFO   57 --- [uler-event-loop] org.apache.spark.internal.Logging        : Adding task set 0.0 with 1 tasks resource profile 0
2022-08-01 17:39:42.912  INFO   57 --- [er-event-loop-0] org.apache.spark.internal.Logging        : Starting task 0.0 in stage 0.0 (TID 0) (host.docker.internal, executor driver, partition 0, PROCESS_LOCAL, 5950 bytes) taskResourceAssignments Map()
2022-08-01 17:39:42.944  INFO   57 --- [age 0.0 (TID 0)] org.apache.spark.internal.Logging        : Running task 0.0 in stage 0.0 (TID 0)
2022-08-01 17:39:43.109  INFO   57 --- [   JobGenerator] org.apache.spark.internal.Logging        : Added jobs for time 1659371983000 ms
2022-08-01 17:39:43.156  INFO   57 --- [   JobScheduler] org.apache.spark.internal.Logging        : Starting job streaming job 1659371983000 ms.0 from job set of time 1659371983000 ms
2022-08-01 17:39:43.234  WARN   69 --- [-job-executor-0] org.apache.spark.internal.Logging        : Using an existing SparkContext; some configuration may not take effect.
2022-08-01 17:39:43.391  INFO   57 --- [age 0.0 (TID 0)] org.apache.spark.internal.Logging        : Started timer for BlockGenerator at time 1659371983400
2022-08-01 17:39:43.406  INFO   57 --- [age 0.0 (TID 0)] org.apache.spark.internal.Logging        : Started BlockGenerator
2022-08-01 17:39:43.431  INFO   57 --- [er-event-loop-0] org.apache.spark.internal.Logging        : Registered receiver for stream 0 from host.docker.internal:59926
2022-08-01 17:39:43.434  INFO   57 --- [      Thread-14] org.apache.spark.internal.Logging        : Started block pushing thread
2022-08-01 17:39:43.435  INFO   57 --- [age 0.0 (TID 0)] org.apache.spark.internal.Logging        : Starting receiver 0
2022-08-01 17:39:43.437  INFO   57 --- [age 0.0 (TID 0)] org.apache.spark.internal.Logging        : Called receiver 0 onStart
2022-08-01 17:39:43.439  INFO   57 --- [age 0.0 (TID 0)] org.apache.spark.internal.Logging        : Waiting for receiver to be stopped
2022-08-01 17:39:43.918  INFO   57 --- [-job-executor-0] org.apache.spark.internal.Logging        : Setting hive.metastore.warehouse.dir ('null') to the value of spark.sql.warehouse.dir.
2022-08-01 17:39:44.005  INFO   57 --- [   JobGenerator] org.apache.spark.internal.Logging        : Added jobs for time 1659371984000 ms
2022-08-01 17:39:44.731  INFO   57 --- [-job-executor-0] org.apache.spark.internal.Logging        : Warehouse path is 'file:/C:/IntelliJProjects/NifiSparkStreaming/spark-warehouse'.
2022-08-01 17:39:44.760  INFO  915 --- [-job-executor-0] ject.jetty.server.handler.ContextHandler : Started o.s.j.s.ServletContextHandler@564908e3{/SQL,null,AVAILABLE,@Spark}
2022-08-01 17:39:44.765  INFO  915 --- [-job-executor-0] ject.jetty.server.handler.ContextHandler : Started o.s.j.s.ServletContextHandler@4cad8a55{/SQL/json,null,AVAILABLE,@Spark}
2022-08-01 17:39:44.767  INFO  915 --- [-job-executor-0] ject.jetty.server.handler.ContextHandler : Started o.s.j.s.ServletContextHandler@23ed3261{/SQL/execution,null,AVAILABLE,@Spark}
2022-08-01 17:39:44.769  INFO  915 --- [-job-executor-0] ject.jetty.server.handler.ContextHandler : Started o.s.j.s.ServletContextHandler@12cbfb5a{/SQL/execution/json,null,AVAILABLE,@Spark}
2022-08-01 17:39:44.785  INFO  915 --- [-job-executor-0] ject.jetty.server.handler.ContextHandler : Started o.s.j.s.ServletContextHandler@4cd89991{/static/sql,null,AVAILABLE,@Spark}
2022-08-01 17:39:45.015  INFO   57 --- [   JobGenerator] org.apache.spark.internal.Logging        : Added jobs for time 1659371985000 ms
2022-08-01 17:39:45.172  INFO  571 --- [ool Maintenance] g.apache.nifi.remote.client.PeerSelector : Successfully refreshed peer status cache; remote group consists of 1 peers
2022-08-01 17:39:45.172  INFO  571 --- [  NiFi Receiver] g.apache.nifi.remote.client.PeerSelector : Successfully refreshed peer status cache; remote group consists of 1 peers
2022-08-01 17:39:45.349  INFO   57 --- [  NiFi Receiver] org.apache.spark.internal.Logging        : Block input-0-1659371983391 stored as values in memory (estimated size 5.1 MiB, free 892.4 MiB)
2022-08-01 17:39:45.350  INFO   57 --- [ckManagerMaster] org.apache.spark.internal.Logging        : Added input-0-1659371983391 in memory on host.docker.internal:59950 (size: 5.1 MiB, free: 892.5 MiB)
2022-08-01 17:39:46.008  INFO   57 --- [   JobGenerator] org.apache.spark.internal.Logging        : Added jobs for time 1659371986000 ms
2022-08-01 17:39:47.004  INFO   57 --- [   JobGenerator] org.apache.spark.internal.Logging        : Added jobs for time 1659371987000 ms
2022-08-01 17:39:48.004  INFO   57 --- [   JobGenerator] org.apache.spark.internal.Logging        : Added jobs for time 1659371988000 ms
2022-08-01 17:39:49.007  INFO   57 --- [   JobGenerator] org.apache.spark.internal.Logging        : Added jobs for time 1659371989000 ms
2022-08-01 17:39:49.685  INFO   57 --- [-job-executor-0] org.apache.spark.internal.Logging        : Code generated in 326.5712 ms
2022-08-01 17:39:49.718  INFO   57 --- [   JobScheduler] org.apache.spark.internal.Logging        : Finished job streaming job 1659371983000 ms.0 from job set of time 1659371983000 ms
2022-08-01 17:39:49.722  INFO   57 --- [   JobScheduler] org.apache.spark.internal.Logging        : Total delay: 6.718 s for time 1659371983000 ms (execution: 6.577 s)
2022-08-01 17:39:49.722  INFO   57 --- [   JobScheduler] org.apache.spark.internal.Logging        : Starting job streaming job 1659371984000 ms.0 from job set of time 1659371984000 ms
2022-08-01 17:39:49.730  INFO   57 --- [   JobGenerator] org.apache.spark.internal.Logging        : Deleting batches: 
2022-08-01 17:39:49.731  WARN   69 --- [-job-executor-0] org.apache.spark.internal.Logging        : Using an existing SparkSession; the static sql configurations will not take effect.
2022-08-01 17:39:49.732  WARN   69 --- [-job-executor-0] org.apache.spark.internal.Logging        : Using an existing SparkSession; some spark core configurations may not take effect.
2022-08-01 17:39:49.733  INFO   57 --- [   JobGenerator] org.apache.spark.internal.Logging        : remove old batch metadata: 
2022-08-01 17:39:49.822  INFO   57 --- [   JobScheduler] org.apache.spark.internal.Logging        : Finished job streaming job 1659371984000 ms.0 from job set of time 1659371984000 ms
2022-08-01 17:39:49.823  INFO   57 --- [   JobScheduler] org.apache.spark.internal.Logging        : Total delay: 5.822 s for time 1659371984000 ms (execution: 0.100 s)
2022-08-01 17:39:49.823  INFO   57 --- [   JobScheduler] org.apache.spark.internal.Logging        : Starting job streaming job 1659371985000 ms.0 from job set of time 1659371985000 ms
2022-08-01 17:39:49.826  INFO   57 --- [   JobGenerator] org.apache.spark.internal.Logging        : Removing RDD 2 from persistence list
2022-08-01 17:39:49.829  WARN   69 --- [-job-executor-0] org.apache.spark.internal.Logging        : Using an existing SparkSession; the static sql configurations will not take effect.
2022-08-01 17:39:49.829  WARN   69 --- [-job-executor-0] org.apache.spark.internal.Logging        : Using an existing SparkSession; some spark core configurations may not take effect.
2022-08-01 17:39:49.855  INFO   57 --- [   JobGenerator] org.apache.spark.internal.Logging        : Removing RDD 1 from persistence list
2022-08-01 17:39:49.859  INFO   57 --- [   JobGenerator] org.apache.spark.internal.Logging        : Removing blocks of RDD BlockRDD[1] at receiverStream at Application.java:122 of time 1659371984000 ms
2022-08-01 17:39:49.861  INFO   57 --- [c-thread-pool-1] org.apache.spark.internal.Logging        : Removing RDD 1
2022-08-01 17:39:49.863  INFO   57 --- [   JobGenerator] org.apache.spark.internal.Logging        : Deleting batches: 
2022-08-01 17:39:49.863  INFO   57 --- [   JobGenerator] org.apache.spark.internal.Logging        : remove old batch metadata: 
2022-08-01 17:39:49.862  INFO   57 --- [c-thread-pool-0] org.apache.spark.internal.Logging        : Removing RDD 2
2022-08-01 17:39:49.933  INFO   57 --- [   JobScheduler] org.apache.spark.internal.Logging        : Finished job streaming job 1659371985000 ms.0 from job set of time 1659371985000 ms
2022-08-01 17:39:49.934  INFO   57 --- [   JobScheduler] org.apache.spark.internal.Logging        : Total delay: 4.933 s for time 1659371985000 ms (execution: 0.110 s)
2022-08-01 17:39:49.935  INFO   57 --- [   JobScheduler] org.apache.spark.internal.Logging        : Starting job streaming job 1659371986000 ms.0 from job set of time 1659371986000 ms
2022-08-01 17:39:49.937  WARN   69 --- [-job-executor-0] org.apache.spark.internal.Logging        : Using an existing SparkSession; the static sql configurations will not take effect.
2022-08-01 17:39:49.938  WARN   69 --- [-job-executor-0] org.apache.spark.internal.Logging        : Using an existing SparkSession; some spark core configurations may not take effect.
2022-08-01 17:39:49.941  INFO   57 --- [   JobGenerator] org.apache.spark.internal.Logging        : Removing RDD 6 from persistence list
2022-08-01 17:39:49.945  INFO   57 --- [   JobGenerator] org.apache.spark.internal.Logging        : Removing RDD 5 from persistence list
2022-08-01 17:39:49.948  INFO   57 --- [   JobGenerator] org.apache.spark.internal.Logging        : Removing blocks of RDD BlockRDD[5] at receiverStream at Application.java:122 of time 1659371985000 ms
2022-08-01 17:39:49.950  INFO   57 --- [   JobGenerator] org.apache.spark.internal.Logging        : Deleting batches: 1659371983000 ms
2022-08-01 17:39:49.950  INFO   57 --- [   JobGenerator] org.apache.spark.internal.Logging        : remove old batch metadata: 1659371983000 ms
2022-08-01 17:39:49.951  INFO   57 --- [c-thread-pool-6] org.apache.spark.internal.Logging        : Removing RDD 6
2022-08-01 17:39:49.953  INFO   57 --- [c-thread-pool-7] org.apache.spark.internal.Logging        : Removing RDD 5
2022-08-01 17:39:50.004  INFO   57 --- [   JobGenerator] org.apache.spark.internal.Logging        : Added jobs for time 1659371990000 ms
2022-08-01 17:39:50.066  INFO   57 --- [-job-executor-0] org.apache.spark.internal.Logging        : Starting job: show at Application.java:146
2022-08-01 17:39:50.069  INFO   57 --- [uler-event-loop] org.apache.spark.internal.Logging        : Got job 1 (show at Application.java:146) with 1 output partitions
2022-08-01 17:39:50.070  INFO   57 --- [uler-event-loop] org.apache.spark.internal.Logging        : Final stage: ResultStage 1 (show at Application.java:146)
2022-08-01 17:39:50.070  INFO   57 --- [uler-event-loop] org.apache.spark.internal.Logging        : Parents of final stage: List()
2022-08-01 17:39:50.071  INFO   57 --- [uler-event-loop] org.apache.spark.internal.Logging        : Missing parents: List()
2022-08-01 17:39:50.072  INFO   57 --- [uler-event-loop] org.apache.spark.internal.Logging        : Submitting ResultStage 1 (MapPartitionsRDD[32] at show at Application.java:146), which has no missing parents
2022-08-01 17:39:50.099  INFO   57 --- [uler-event-loop] org.apache.spark.internal.Logging        : Block broadcast_1 stored as values in memory (estimated size 12.9 KiB, free 892.4 MiB)
2022-08-01 17:39:50.102  INFO   57 --- [uler-event-loop] org.apache.spark.internal.Logging        : Block broadcast_1_piece0 stored as bytes in memory (estimated size 5.8 KiB, free 892.4 MiB)
2022-08-01 17:39:50.103  INFO   57 --- [ckManagerMaster] org.apache.spark.internal.Logging        : Added broadcast_1_piece0 in memory on host.docker.internal:59950 (size: 5.8 KiB, free: 892.5 MiB)
2022-08-01 17:39:50.104  INFO   57 --- [uler-event-loop] org.apache.spark.internal.Logging        : Created broadcast 1 from broadcast at DAGScheduler.scala:1478
2022-08-01 17:39:50.105  INFO   57 --- [uler-event-loop] org.apache.spark.internal.Logging        : Submitting 1 missing tasks from ResultStage 1 (MapPartitionsRDD[32] at show at Application.java:146) (first 15 tasks are for partitions Vector(0))
2022-08-01 17:39:50.105  INFO   57 --- [uler-event-loop] org.apache.spark.internal.Logging        : Adding task set 1.0 with 1 tasks resource profile 0
2022-08-01 17:39:50.108  INFO   57 --- [er-event-loop-2] org.apache.spark.internal.Logging        : Starting task 0.0 in stage 1.0 (TID 1) (host.docker.internal, executor driver, partition 0, PROCESS_LOCAL, 4394 bytes) taskResourceAssignments Map()
2022-08-01 17:39:50.111  INFO   57 --- [age 1.0 (TID 1)] org.apache.spark.internal.Logging        : Running task 0.0 in stage 1.0 (TID 1)
2022-08-01 17:39:50.371  INFO   57 --- [age 1.0 (TID 1)] org.apache.spark.internal.Logging        : Found block input-0-1659371983391 locally
2022-08-01 17:39:51.002  INFO   57 --- [   JobGenerator] org.apache.spark.internal.Logging        : Added jobs for time 1659371991000 ms
2022-08-01 17:39:51.114  INFO   57 --- [age 1.0 (TID 1)] org.apache.spark.internal.Logging        : 1 block locks were not released by task 0.0 in stage 1.0 (TID 1)
[input-0-1659371983391]
2022-08-01 17:39:51.125  INFO   57 --- [age 1.0 (TID 1)] org.apache.spark.internal.Logging        : Finished task 0.0 in stage 1.0 (TID 1). 2976 bytes result sent to driver
2022-08-01 17:39:51.138  INFO   57 --- [result-getter-0] org.apache.spark.internal.Logging        : Finished task 0.0 in stage 1.0 (TID 1) in 1029 ms on host.docker.internal (executor driver) (1/1)
2022-08-01 17:39:51.142  INFO   57 --- [result-getter-0] org.apache.spark.internal.Logging        : Removed TaskSet 1.0, whose tasks have all completed, from pool 
2022-08-01 17:39:51.151  INFO   57 --- [uler-event-loop] org.apache.spark.internal.Logging        : ResultStage 1 (show at Application.java:146) finished in 1.066 s
2022-08-01 17:39:51.159  INFO   57 --- [uler-event-loop] org.apache.spark.internal.Logging        : Job 1 is finished. Cancelling potential speculative or zombie tasks for this job
2022-08-01 17:39:51.161  INFO   57 --- [uler-event-loop] org.apache.spark.internal.Logging        : Killing all running tasks in stage 1: Stage finished
2022-08-01 17:39:51.166  INFO   57 --- [-job-executor-0] org.apache.spark.internal.Logging        : Job 1 finished: show at Application.java:146, took 1.100161 s
2022-08-01 17:39:51.331  INFO   57 --- [-job-executor-0] org.apache.spark.internal.Logging        : Code generated in 127.0934 ms
2022-08-01 17:39:51.353  INFO   57 --- [   JobScheduler] org.apache.spark.internal.Logging        : Finished job streaming job 1659371986000 ms.0 from job set of time 1659371986000 ms
2022-08-01 17:39:51.354  INFO   57 --- [   JobScheduler] org.apache.spark.internal.Logging        : Total delay: 5.353 s for time 1659371986000 ms (execution: 1.419 s)
2022-08-01 17:39:51.358  INFO   57 --- [   JobScheduler] org.apache.spark.internal.Logging        : Starting job streaming job 1659371987000 ms.0 from job set of time 1659371987000 ms
2022-08-01 17:39:51.361  WARN   69 --- [-job-executor-0] org.apache.spark.internal.Logging        : Using an existing SparkSession; the static sql configurations will not take effect.
2022-08-01 17:39:51.361  WARN   69 --- [-job-executor-0] org.apache.spark.internal.Logging        : Using an existing SparkSession; some spark core configurations may not take effect.
2022-08-01 17:39:51.357  INFO   57 --- [   JobGenerator] org.apache.spark.internal.Logging        : Removing RDD 8 from persistence list
2022-08-01 17:39:51.372  INFO   57 --- [   JobGenerator] org.apache.spark.internal.Logging        : Removing RDD 7 from persistence list
2022-08-01 17:39:51.387  INFO   57 --- [   JobGenerator] org.apache.spark.internal.Logging        : Removing blocks of RDD BlockRDD[7] at receiverStream at Application.java:122 of time 1659371986000 ms
2022-08-01 17:39:51.388  INFO   57 --- [   JobGenerator] org.apache.spark.internal.Logging        : Deleting batches: 1659371984000 ms
2022-08-01 17:39:51.389  INFO   57 --- [   JobGenerator] org.apache.spark.internal.Logging        : remove old batch metadata: 1659371984000 ms
2022-08-01 17:39:51.392  INFO   57 --- [-thread-pool-12] org.apache.spark.internal.Logging        : Removing RDD 8
2022-08-01 17:39:51.393  INFO   57 --- [-thread-pool-13] org.apache.spark.internal.Logging        : Removing RDD 7
2022-08-01 17:39:51.440  INFO   57 --- [   JobScheduler] org.apache.spark.internal.Logging        : Finished job streaming job 1659371987000 ms.0 from job set of time 1659371987000 ms
2022-08-01 17:39:51.441  INFO   57 --- [   JobScheduler] org.apache.spark.internal.Logging        : Total delay: 4.440 s for time 1659371987000 ms (execution: 0.082 s)
2022-08-01 17:39:51.441  INFO   57 --- [   JobScheduler] org.apache.spark.internal.Logging        : Starting job streaming job 1659371988000 ms.0 from job set of time 1659371988000 ms
2022-08-01 17:39:51.442  INFO   57 --- [   JobGenerator] org.apache.spark.internal.Logging        : Removing RDD 10 from persistence list
2022-08-01 17:39:51.443  INFO   57 --- [   JobGenerator] org.apache.spark.internal.Logging        : Removing RDD 9 from persistence list
2022-08-01 17:39:51.444  INFO   57 --- [-thread-pool-18] org.apache.spark.internal.Logging        : Removing RDD 10
2022-08-01 17:39:51.444  WARN   69 --- [-job-executor-0] org.apache.spark.internal.Logging        : Using an existing SparkSession; the static sql configurations will not take effect.
2022-08-01 17:39:51.445  WARN   69 --- [-job-executor-0] org.apache.spark.internal.Logging        : Using an existing SparkSession; some spark core configurations may not take effect.
2022-08-01 17:39:51.445  INFO   57 --- [   JobGenerator] org.apache.spark.internal.Logging        : Removing blocks of RDD BlockRDD[9] at receiverStream at Application.java:122 of time 1659371987000 ms
2022-08-01 17:39:51.447  INFO   57 --- [-thread-pool-19] org.apache.spark.internal.Logging        : Removing RDD 9
2022-08-01 17:39:51.451  INFO   57 --- [   JobGenerator] org.apache.spark.internal.Logging        : Deleting batches: 1659371985000 ms
2022-08-01 17:39:51.451  INFO   57 --- [   JobGenerator] org.apache.spark.internal.Logging        : remove old batch metadata: 1659371985000 ms
2022-08-01 17:39:51.469  INFO   57 --- [ckManagerMaster] org.apache.spark.internal.Logging        : Removed input-0-1659371983391 on host.docker.internal:59950 in memory (size: 5.1 MiB, free: 897.6 MiB)
2022-08-01 17:39:51.518  INFO   57 --- [   JobScheduler] org.apache.spark.internal.Logging        : Finished job streaming job 1659371988000 ms.0 from job set of time 1659371988000 ms
2022-08-01 17:39:51.519  INFO   57 --- [   JobScheduler] org.apache.spark.internal.Logging        : Total delay: 3.518 s for time 1659371988000 ms (execution: 0.077 s)
2022-08-01 17:39:51.519  INFO   57 --- [   JobGenerator] org.apache.spark.internal.Logging        : Removing RDD 12 from persistence list
2022-08-01 17:39:51.520  INFO   57 --- [   JobScheduler] org.apache.spark.internal.Logging        : Starting job streaming job 1659371989000 ms.0 from job set of time 1659371989000 ms
2022-08-01 17:39:51.522  INFO   57 --- [   JobGenerator] org.apache.spark.internal.Logging        : Removing RDD 11 from persistence list
2022-08-01 17:39:51.522  WARN   69 --- [-job-executor-0] org.apache.spark.internal.Logging        : Using an existing SparkSession; the static sql configurations will not take effect.
2022-08-01 17:39:51.523  WARN   69 --- [-job-executor-0] org.apache.spark.internal.Logging        : Using an existing SparkSession; some spark core configurations may not take effect.
2022-08-01 17:39:51.523  INFO   57 --- [   JobGenerator] org.apache.spark.internal.Logging        : Removing blocks of RDD BlockRDD[11] at receiverStream at Application.java:122 of time 1659371988000 ms
2022-08-01 17:39:51.524  INFO   57 --- [   JobGenerator] org.apache.spark.internal.Logging        : Deleting batches: 1659371986000 ms
2022-08-01 17:39:51.524  INFO   57 --- [   JobGenerator] org.apache.spark.internal.Logging        : remove old batch metadata: 1659371986000 ms
2022-08-01 17:39:51.526  INFO   57 --- [-thread-pool-27] org.apache.spark.internal.Logging        : Removing RDD 12
2022-08-01 17:39:51.530  INFO   57 --- [-thread-pool-28] org.apache.spark.internal.Logging        : Removing RDD 11
2022-08-01 17:39:51.663  INFO   57 --- [ckManagerMaster] org.apache.spark.internal.Logging        : Removed broadcast_1_piece0 on host.docker.internal:59950 in memory (size: 5.8 KiB, free: 897.6 MiB)
2022-08-01 17:39:51.687  INFO   57 --- [   JobScheduler] org.apache.spark.internal.Logging        : Finished job streaming job 1659371989000 ms.0 from job set of time 1659371989000 ms
2022-08-01 17:39:51.688  INFO   57 --- [   JobScheduler] org.apache.spark.internal.Logging        : Total delay: 2.687 s for time 1659371989000 ms (execution: 0.168 s)
2022-08-01 17:39:51.688  INFO   57 --- [   JobScheduler] org.apache.spark.internal.Logging        : Starting job streaming job 1659371990000 ms.0 from job set of time 1659371990000 ms
2022-08-01 17:39:51.688  INFO   57 --- [   JobGenerator] org.apache.spark.internal.Logging        : Removing RDD 14 from persistence list
2022-08-01 17:39:51.689  INFO   57 --- [   JobGenerator] org.apache.spark.internal.Logging        : Removing RDD 13 from persistence list
2022-08-01 17:39:51.690  INFO   57 --- [-thread-pool-36] org.apache.spark.internal.Logging        : Removing RDD 14
2022-08-01 17:39:51.692  WARN   69 --- [-job-executor-0] org.apache.spark.internal.Logging        : Using an existing SparkSession; the static sql configurations will not take effect.
2022-08-01 17:39:51.692  WARN   69 --- [-job-executor-0] org.apache.spark.internal.Logging        : Using an existing SparkSession; some spark core configurations may not take effect.
2022-08-01 17:39:51.693  INFO   57 --- [   JobGenerator] org.apache.spark.internal.Logging        : Removing blocks of RDD BlockRDD[13] at receiverStream at Application.java:122 of time 1659371989000 ms
2022-08-01 17:39:51.694  INFO   57 --- [   JobGenerator] org.apache.spark.internal.Logging        : Deleting batches: 1659371987000 ms
2022-08-01 17:39:51.695  INFO   57 --- [   JobGenerator] org.apache.spark.internal.Logging        : remove old batch metadata: 1659371987000 ms
2022-08-01 17:39:51.697  INFO   57 --- [-thread-pool-39] org.apache.spark.internal.Logging        : Removing RDD 13
2022-08-01 17:39:51.753  INFO   57 --- [   JobScheduler] org.apache.spark.internal.Logging        : Finished job streaming job 1659371990000 ms.0 from job set of time 1659371990000 ms
2022-08-01 17:39:51.754  INFO   57 --- [   JobScheduler] org.apache.spark.internal.Logging        : Total delay: 1.753 s for time 1659371990000 ms (execution: 0.065 s)
2022-08-01 17:39:51.754  INFO   57 --- [   JobScheduler] org.apache.spark.internal.Logging        : Starting job streaming job 1659371991000 ms.0 from job set of time 1659371991000 ms
2022-08-01 17:39:51.757  WARN   69 --- [-job-executor-0] org.apache.spark.internal.Logging        : Using an existing SparkSession; the static sql configurations will not take effect.
2022-08-01 17:39:51.757  WARN   69 --- [-job-executor-0] org.apache.spark.internal.Logging        : Using an existing SparkSession; some spark core configurations may not take effect.
2022-08-01 17:39:51.760  INFO   57 --- [   JobGenerator] org.apache.spark.internal.Logging        : Removing RDD 16 from persistence list
2022-08-01 17:39:51.765  INFO   57 --- [   JobGenerator] org.apache.spark.internal.Logging        : Removing RDD 15 from persistence list
2022-08-01 17:39:51.769  INFO   57 --- [   JobGenerator] org.apache.spark.internal.Logging        : Removing blocks of RDD BlockRDD[15] at receiverStream at Application.java:122 of time 1659371990000 ms
2022-08-01 17:39:51.771  INFO   57 --- [   JobGenerator] org.apache.spark.internal.Logging        : Deleting batches: 1659371988000 ms
2022-08-01 17:39:51.772  INFO   57 --- [   JobGenerator] org.apache.spark.internal.Logging        : remove old batch metadata: 1659371988000 ms
2022-08-01 17:39:51.781  INFO   57 --- [-thread-pool-42] org.apache.spark.internal.Logging        : Removing RDD 16
2022-08-01 17:39:51.786  INFO   57 --- [-thread-pool-43] org.apache.spark.internal.Logging        : Removing RDD 15
2022-08-01 17:39:51.889  INFO   57 --- [   JobScheduler] org.apache.spark.internal.Logging        : Finished job streaming job 1659371991000 ms.0 from job set of time 1659371991000 ms
2022-08-01 17:39:51.890  INFO   57 --- [   JobScheduler] org.apache.spark.internal.Logging        : Total delay: 0.889 s for time 1659371991000 ms (execution: 0.135 s)
2022-08-01 17:39:51.890  INFO   57 --- [   JobGenerator] org.apache.spark.internal.Logging        : Removing RDD 30 from persistence list
2022-08-01 17:39:51.893  INFO   57 --- [   JobGenerator] org.apache.spark.internal.Logging        : Removing RDD 29 from persistence list
2022-08-01 17:39:51.895  INFO   57 --- [   JobGenerator] org.apache.spark.internal.Logging        : Removing blocks of RDD BlockRDD[29] at receiverStream at Application.java:122 of time 1659371991000 ms
2022-08-01 17:39:51.896  INFO   57 --- [   JobGenerator] org.apache.spark.internal.Logging        : Deleting batches: 1659371989000 ms
2022-08-01 17:39:51.896  INFO   57 --- [   JobGenerator] org.apache.spark.internal.Logging        : remove old batch metadata: 1659371989000 ms
2022-08-01 17:39:51.899  INFO   57 --- [-thread-pool-48] org.apache.spark.internal.Logging        : Removing RDD 30
2022-08-01 17:39:51.901  INFO   57 --- [-thread-pool-49] org.apache.spark.internal.Logging        : Removing RDD 29
2022-08-01 17:39:52.006  INFO   57 --- [   JobGenerator] org.apache.spark.internal.Logging        : Added jobs for time 1659371992000 ms
2022-08-01 17:39:52.007  INFO   57 --- [   JobScheduler] org.apache.spark.internal.Logging        : Starting job streaming job 1659371992000 ms.0 from job set of time 1659371992000 ms
2022-08-01 17:39:52.019  WARN   69 --- [-job-executor-0] org.apache.spark.internal.Logging        : Using an existing SparkSession; the static sql configurations will not take effect.
2022-08-01 17:39:52.020  WARN   69 --- [-job-executor-0] org.apache.spark.internal.Logging        : Using an existing SparkSession; some spark core configurations may not take effect.
2022-08-01 17:39:52.132  INFO   57 --- [   JobScheduler] org.apache.spark.internal.Logging        : Finished job streaming job 1659371992000 ms.0 from job set of time 1659371992000 ms
2022-08-01 17:39:52.133  INFO   57 --- [   JobScheduler] org.apache.spark.internal.Logging        : Total delay: 0.132 s for time 1659371992000 ms (execution: 0.125 s)
2022-08-01 17:39:52.133  INFO   57 --- [   JobGenerator] org.apache.spark.internal.Logging        : Removing RDD 34 from persistence list
2022-08-01 17:39:52.134  INFO   57 --- [   JobGenerator] org.apache.spark.internal.Logging        : Removing RDD 33 from persistence list
2022-08-01 17:39:52.135  INFO   57 --- [-thread-pool-54] org.apache.spark.internal.Logging        : Removing RDD 34
2022-08-01 17:39:52.136  INFO   57 --- [   JobGenerator] org.apache.spark.internal.Logging        : Removing blocks of RDD BlockRDD[33] at receiverStream at Application.java:122 of time 1659371992000 ms
2022-08-01 17:39:52.136  INFO   57 --- [-thread-pool-55] org.apache.spark.internal.Logging        : Removing RDD 33
2022-08-01 17:39:52.137  INFO   57 --- [   JobGenerator] org.apache.spark.internal.Logging        : Deleting batches: 1659371990000 ms
2022-08-01 17:39:52.138  INFO   57 --- [   JobGenerator] org.apache.spark.internal.Logging        : remove old batch metadata: 1659371990000 ms
2022-08-01 17:39:53.003  INFO   57 --- [   JobGenerator] org.apache.spark.internal.Logging        : Added jobs for time 1659371993000 ms
2022-08-01 17:39:53.003  INFO   57 --- [   JobScheduler] org.apache.spark.internal.Logging        : Starting job streaming job 1659371993000 ms.0 from job set of time 1659371993000 ms
2022-08-01 17:39:53.005  WARN   69 --- [-job-executor-0] org.apache.spark.internal.Logging        : Using an existing SparkSession; the static sql configurations will not take effect.
2022-08-01 17:39:53.006  WARN   69 --- [-job-executor-0] org.apache.spark.internal.Logging        : Using an existing SparkSession; some spark core configurations may not take effect.
2022-08-01 17:39:53.035  WARN   69 --- [ver-heartbeater] org.apache.spark.internal.Logging        : Exception when trying to compute pagesize, as a result reporting of ProcessTree metrics is stopped
2022-08-01 17:39:53.059  INFO   57 --- [   JobScheduler] org.apache.spark.internal.Logging        : Finished job streaming job 1659371993000 ms.0 from job set of time 1659371993000 ms
2022-08-01 17:39:53.059  INFO   57 --- [   JobScheduler] org.apache.spark.internal.Logging        : Total delay: 0.059 s for time 1659371993000 ms (execution: 0.056 s)
2022-08-01 17:39:53.059  INFO   57 --- [   JobGenerator] org.apache.spark.internal.Logging        : Removing RDD 56 from persistence list
2022-08-01 17:39:53.060  INFO   57 --- [   JobGenerator] org.apache.spark.internal.Logging        : Removing RDD 55 from persistence list
2022-08-01 17:39:53.060  INFO   57 --- [-thread-pool-60] org.apache.spark.internal.Logging        : Removing RDD 56
2022-08-01 17:39:53.062  INFO   57 --- [   JobGenerator] org.apache.spark.internal.Logging        : Removing blocks of RDD BlockRDD[55] at receiverStream at Application.java:122 of time 1659371993000 ms
2022-08-01 17:39:53.062  INFO   57 --- [   JobGenerator] org.apache.spark.internal.Logging        : Deleting batches: 1659371991000 ms
2022-08-01 17:39:53.063  INFO   57 --- [-thread-pool-61] org.apache.spark.internal.Logging        : Removing RDD 55
2022-08-01 17:39:53.063  INFO   57 --- [   JobGenerator] org.apache.spark.internal.Logging        : remove old batch metadata: 1659371991000 ms
2022-08-01 17:39:54.003  INFO   57 --- [   JobGenerator] org.apache.spark.internal.Logging        : Added jobs for time 1659371994000 ms
2022-08-01 17:39:54.004  INFO   57 --- [   JobScheduler] org.apache.spark.internal.Logging        : Starting job streaming job 1659371994000 ms.0 from job set of time 1659371994000 ms
2022-08-01 17:39:54.008  WARN   69 --- [-job-executor-0] org.apache.spark.internal.Logging        : Using an existing SparkSession; the static sql configurations will not take effect.
2022-08-01 17:39:54.008  WARN   69 --- [-job-executor-0] org.apache.spark.internal.Logging        : Using an existing SparkSession; some spark core configurations may not take effect.
2022-08-01 17:39:54.054  INFO   57 --- [   JobScheduler] org.apache.spark.internal.Logging        : Finished job streaming job 1659371994000 ms.0 from job set of time 1659371994000 ms
2022-08-01 17:39:54.055  INFO   57 --- [   JobScheduler] org.apache.spark.internal.Logging        : Total delay: 0.054 s for time 1659371994000 ms (execution: 0.050 s)
2022-08-01 17:39:54.055  INFO   57 --- [   JobGenerator] org.apache.spark.internal.Logging        : Removing RDD 62 from persistence list
2022-08-01 17:39:54.057  INFO   57 --- [   JobGenerator] org.apache.spark.internal.Logging        : Removing RDD 61 from persistence list
2022-08-01 17:39:54.058  INFO   57 --- [   JobGenerator] org.apache.spark.internal.Logging        : Removing blocks of RDD BlockRDD[61] at receiverStream at Application.java:122 of time 1659371994000 ms
2022-08-01 17:39:54.059  INFO   57 --- [   JobGenerator] org.apache.spark.internal.Logging        : Deleting batches: 1659371992000 ms
2022-08-01 17:39:54.059  INFO   57 --- [   JobGenerator] org.apache.spark.internal.Logging        : remove old batch metadata: 1659371992000 ms
2022-08-01 17:39:54.060  INFO   57 --- [-thread-pool-66] org.apache.spark.internal.Logging        : Removing RDD 62
2022-08-01 17:39:54.061  INFO   57 --- [-thread-pool-67] org.apache.spark.internal.Logging        : Removing RDD 61
2022-08-01 17:39:55.007  INFO   57 --- [   JobGenerator] org.apache.spark.internal.Logging        : Added jobs for time 1659371995000 ms
2022-08-01 17:39:55.008  INFO   57 --- [   JobScheduler] org.apache.spark.internal.Logging        : Starting job streaming job 1659371995000 ms.0 from job set of time 1659371995000 ms
2022-08-01 17:39:55.016  WARN   69 --- [-job-executor-0] org.apache.spark.internal.Logging        : Using an existing SparkSession; the static sql configurations will not take effect.
2022-08-01 17:39:55.017  WARN   69 --- [-job-executor-0] org.apache.spark.internal.Logging        : Using an existing SparkSession; some spark core configurations may not take effect.
2022-08-01 17:39:55.069  INFO   57 --- [   JobScheduler] org.apache.spark.internal.Logging        : Finished job streaming job 1659371995000 ms.0 from job set of time 1659371995000 ms
2022-08-01 17:39:55.069  INFO   57 --- [   JobScheduler] org.apache.spark.internal.Logging        : Total delay: 0.069 s for time 1659371995000 ms (execution: 0.062 s)
2022-08-01 17:39:55.070  INFO   57 --- [   JobGenerator] org.apache.spark.internal.Logging        : Removing RDD 68 from persistence list
2022-08-01 17:39:55.071  INFO   57 --- [   JobGenerator] org.apache.spark.internal.Logging        : Removing RDD 67 from persistence list
2022-08-01 17:39:55.073  INFO   57 --- [   JobGenerator] org.apache.spark.internal.Logging        : Removing blocks of RDD BlockRDD[67] at receiverStream at Application.java:122 of time 1659371995000 ms
2022-08-01 17:39:55.074  INFO   57 --- [   JobGenerator] org.apache.spark.internal.Logging        : Deleting batches: 1659371993000 ms
2022-08-01 17:39:55.074  INFO   57 --- [   JobGenerator] org.apache.spark.internal.Logging        : remove old batch metadata: 1659371993000 ms
2022-08-01 17:39:55.082  INFO   57 --- [-thread-pool-72] org.apache.spark.internal.Logging        : Removing RDD 68
2022-08-01 17:39:55.083  INFO   57 --- [-thread-pool-73] org.apache.spark.internal.Logging        : Removing RDD 67
2022-08-01 17:39:56.003  INFO   57 --- [   JobGenerator] org.apache.spark.internal.Logging        : Added jobs for time 1659371996000 ms
2022-08-01 17:39:56.004  INFO   57 --- [   JobScheduler] org.apache.spark.internal.Logging        : Starting job streaming job 1659371996000 ms.0 from job set of time 1659371996000 ms
2022-08-01 17:39:56.011  WARN   69 --- [-job-executor-0] org.apache.spark.internal.Logging        : Using an existing SparkSession; the static sql configurations will not take effect.
2022-08-01 17:39:56.012  WARN   69 --- [-job-executor-0] org.apache.spark.internal.Logging        : Using an existing SparkSession; some spark core configurations may not take effect.
2022-08-01 17:39:56.067  INFO   57 --- [   JobScheduler] org.apache.spark.internal.Logging        : Finished job streaming job 1659371996000 ms.0 from job set of time 1659371996000 ms
2022-08-01 17:39:56.068  INFO   57 --- [   JobScheduler] org.apache.spark.internal.Logging        : Total delay: 0.067 s for time 1659371996000 ms (execution: 0.063 s)
2022-08-01 17:39:56.071  INFO   57 --- [   JobGenerator] org.apache.spark.internal.Logging        : Removing RDD 74 from persistence list
2022-08-01 17:39:56.072  INFO   57 --- [   JobGenerator] org.apache.spark.internal.Logging        : Removing RDD 73 from persistence list
2022-08-01 17:39:56.073  INFO   57 --- [-thread-pool-78] org.apache.spark.internal.Logging        : Removing RDD 74
2022-08-01 17:39:56.073  INFO   57 --- [   JobGenerator] org.apache.spark.internal.Logging        : Removing blocks of RDD BlockRDD[73] at receiverStream at Application.java:122 of time 1659371996000 ms
2022-08-01 17:39:56.073  INFO   57 --- [-thread-pool-79] org.apache.spark.internal.Logging        : Removing RDD 73
2022-08-01 17:39:56.074  INFO   57 --- [   JobGenerator] org.apache.spark.internal.Logging        : Deleting batches: 1659371994000 ms
2022-08-01 17:39:56.075  INFO   57 --- [   JobGenerator] org.apache.spark.internal.Logging        : remove old batch metadata: 1659371994000 ms
2022-08-01 17:39:57.005  INFO   57 --- [   JobGenerator] org.apache.spark.internal.Logging        : Added jobs for time 1659371997000 ms
2022-08-01 17:39:57.006  INFO   57 --- [   JobScheduler] org.apache.spark.internal.Logging        : Starting job streaming job 1659371997000 ms.0 from job set of time 1659371997000 ms
2022-08-01 17:39:57.011  WARN   69 --- [-job-executor-0] org.apache.spark.internal.Logging        : Using an existing SparkSession; the static sql configurations will not take effect.
2022-08-01 17:39:57.012  WARN   69 --- [-job-executor-0] org.apache.spark.internal.Logging        : Using an existing SparkSession; some spark core configurations may not take effect.
2022-08-01 17:39:57.049  INFO   57 --- [   JobScheduler] org.apache.spark.internal.Logging        : Finished job streaming job 1659371997000 ms.0 from job set of time 1659371997000 ms
2022-08-01 17:39:57.050  INFO   57 --- [   JobScheduler] org.apache.spark.internal.Logging        : Total delay: 0.049 s for time 1659371997000 ms (execution: 0.043 s)
2022-08-01 17:39:57.050  INFO   57 --- [   JobGenerator] org.apache.spark.internal.Logging        : Removing RDD 80 from persistence list
2022-08-01 17:39:57.051  INFO   57 --- [   JobGenerator] org.apache.spark.internal.Logging        : Removing RDD 79 from persistence list
2022-08-01 17:39:57.051  INFO   57 --- [-thread-pool-84] org.apache.spark.internal.Logging        : Removing RDD 80
2022-08-01 17:39:57.052  INFO   57 --- [   JobGenerator] org.apache.spark.internal.Logging        : Removing blocks of RDD BlockRDD[79] at receiverStream at Application.java:122 of time 1659371997000 ms
2022-08-01 17:39:57.052  INFO   57 --- [   JobGenerator] org.apache.spark.internal.Logging        : Deleting batches: 1659371995000 ms
2022-08-01 17:39:57.053  INFO   57 --- [   JobGenerator] org.apache.spark.internal.Logging        : remove old batch metadata: 1659371995000 ms
2022-08-01 17:39:57.053  INFO   57 --- [-thread-pool-85] org.apache.spark.internal.Logging        : Removing RDD 79
2022-08-01 17:39:58.002  INFO   57 --- [   JobGenerator] org.apache.spark.internal.Logging        : Added jobs for time 1659371998000 ms
2022-08-01 17:39:58.002  INFO   57 --- [   JobScheduler] org.apache.spark.internal.Logging        : Starting job streaming job 1659371998000 ms.0 from job set of time 1659371998000 ms
2022-08-01 17:39:58.007  WARN   69 --- [-job-executor-0] org.apache.spark.internal.Logging        : Using an existing SparkSession; the static sql configurations will not take effect.
2022-08-01 17:39:58.007  WARN   69 --- [-job-executor-0] org.apache.spark.internal.Logging        : Using an existing SparkSession; some spark core configurations may not take effect.
2022-08-01 17:39:58.055  INFO   57 --- [   JobScheduler] org.apache.spark.internal.Logging        : Finished job streaming job 1659371998000 ms.0 from job set of time 1659371998000 ms
2022-08-01 17:39:58.056  INFO   57 --- [   JobScheduler] org.apache.spark.internal.Logging        : Total delay: 0.055 s for time 1659371998000 ms (execution: 0.053 s)
2022-08-01 17:39:58.056  INFO   57 --- [   JobGenerator] org.apache.spark.internal.Logging        : Removing RDD 86 from persistence list
2022-08-01 17:39:58.057  INFO   57 --- [   JobGenerator] org.apache.spark.internal.Logging        : Removing RDD 85 from persistence list
2022-08-01 17:39:58.057  INFO   57 --- [-thread-pool-90] org.apache.spark.internal.Logging        : Removing RDD 86
2022-08-01 17:39:58.058  INFO   57 --- [   JobGenerator] org.apache.spark.internal.Logging        : Removing blocks of RDD BlockRDD[85] at receiverStream at Application.java:122 of time 1659371998000 ms
2022-08-01 17:39:58.059  INFO   57 --- [   JobGenerator] org.apache.spark.internal.Logging        : Deleting batches: 1659371996000 ms
2022-08-01 17:39:58.059  INFO   57 --- [-thread-pool-93] org.apache.spark.internal.Logging        : Removing RDD 85
2022-08-01 17:39:58.059  INFO   57 --- [   JobGenerator] org.apache.spark.internal.Logging        : remove old batch metadata: 1659371996000 ms
2022-08-01 17:39:59.003  INFO   57 --- [   JobGenerator] org.apache.spark.internal.Logging        : Added jobs for time 1659371999000 ms
2022-08-01 17:39:59.003  INFO   57 --- [   JobScheduler] org.apache.spark.internal.Logging        : Starting job streaming job 1659371999000 ms.0 from job set of time 1659371999000 ms
2022-08-01 17:39:59.006  WARN   69 --- [-job-executor-0] org.apache.spark.internal.Logging        : Using an existing SparkSession; the static sql configurations will not take effect.
2022-08-01 17:39:59.006  WARN   69 --- [-job-executor-0] org.apache.spark.internal.Logging        : Using an existing SparkSession; some spark core configurations may not take effect.
2022-08-01 17:39:59.063  INFO   57 --- [   JobScheduler] org.apache.spark.internal.Logging        : Finished job streaming job 1659371999000 ms.0 from job set of time 1659371999000 ms
2022-08-01 17:39:59.063  INFO   57 --- [   JobScheduler] org.apache.spark.internal.Logging        : Total delay: 0.063 s for time 1659371999000 ms (execution: 0.060 s)
2022-08-01 17:39:59.064  INFO   57 --- [   JobGenerator] org.apache.spark.internal.Logging        : Removing RDD 92 from persistence list
2022-08-01 17:39:59.066  INFO   57 --- [   JobGenerator] org.apache.spark.internal.Logging        : Removing RDD 91 from persistence list
2022-08-01 17:39:59.067  INFO   57 --- [   JobGenerator] org.apache.spark.internal.Logging        : Removing blocks of RDD BlockRDD[91] at receiverStream at Application.java:122 of time 1659371999000 ms
2022-08-01 17:39:59.068  INFO   57 --- [-thread-pool-96] org.apache.spark.internal.Logging        : Removing RDD 92
2022-08-01 17:39:59.068  INFO   57 --- [   JobGenerator] org.apache.spark.internal.Logging        : Deleting batches: 1659371997000 ms
2022-08-01 17:39:59.068  INFO   57 --- [-thread-pool-97] org.apache.spark.internal.Logging        : Removing RDD 91
2022-08-01 17:39:59.069  INFO   57 --- [   JobGenerator] org.apache.spark.internal.Logging        : remove old batch metadata: 1659371997000 ms
2022-08-01 17:40:00.002  INFO   57 --- [   JobGenerator] org.apache.spark.internal.Logging        : Added jobs for time 1659372000000 ms
2022-08-01 17:40:00.003  INFO   57 --- [   JobScheduler] org.apache.spark.internal.Logging        : Starting job streaming job 1659372000000 ms.0 from job set of time 1659372000000 ms
2022-08-01 17:40:00.005  WARN   69 --- [-job-executor-0] org.apache.spark.internal.Logging        : Using an existing SparkSession; the static sql configurations will not take effect.
2022-08-01 17:40:00.005  WARN   69 --- [-job-executor-0] org.apache.spark.internal.Logging        : Using an existing SparkSession; some spark core configurations may not take effect.
2022-08-01 17:40:00.060  INFO   57 --- [   JobScheduler] org.apache.spark.internal.Logging        : Finished job streaming job 1659372000000 ms.0 from job set of time 1659372000000 ms
2022-08-01 17:40:00.060  INFO   57 --- [   JobScheduler] org.apache.spark.internal.Logging        : Total delay: 0.060 s for time 1659372000000 ms (execution: 0.058 s)
2022-08-01 17:40:00.060  INFO   57 --- [   JobGenerator] org.apache.spark.internal.Logging        : Removing RDD 98 from persistence list
2022-08-01 17:40:00.061  INFO   57 --- [c-thread-pool-2] org.apache.spark.internal.Logging        : Removing RDD 98
2022-08-01 17:40:00.061  INFO   57 --- [   JobGenerator] org.apache.spark.internal.Logging        : Removing RDD 97 from persistence list
2022-08-01 17:40:00.062  INFO   57 --- [c-thread-pool-4] org.apache.spark.internal.Logging        : Removing RDD 97
2022-08-01 17:40:00.062  INFO   57 --- [   JobGenerator] org.apache.spark.internal.Logging        : Removing blocks of RDD BlockRDD[97] at receiverStream at Application.java:122 of time 1659372000000 ms
2022-08-01 17:40:00.063  INFO   57 --- [   JobGenerator] org.apache.spark.internal.Logging        : Deleting batches: 1659371998000 ms
2022-08-01 17:40:00.063  INFO   57 --- [   JobGenerator] org.apache.spark.internal.Logging        : remove old batch metadata: 1659371998000 ms
2022-08-01 17:40:01.003  INFO   57 --- [   JobGenerator] org.apache.spark.internal.Logging        : Added jobs for time 1659372001000 ms
2022-08-01 17:40:01.003  INFO   57 --- [   JobScheduler] org.apache.spark.internal.Logging        : Starting job streaming job 1659372001000 ms.0 from job set of time 1659372001000 ms
2022-08-01 17:40:01.006  WARN   69 --- [-job-executor-0] org.apache.spark.internal.Logging        : Using an existing SparkSession; the static sql configurations will not take effect.
2022-08-01 17:40:01.006  WARN   69 --- [-job-executor-0] org.apache.spark.internal.Logging        : Using an existing SparkSession; some spark core configurations may not take effect.
2022-08-01 17:40:01.048  INFO   57 --- [   JobScheduler] org.apache.spark.internal.Logging        : Finished job streaming job 1659372001000 ms.0 from job set of time 1659372001000 ms
2022-08-01 17:40:01.048  INFO   57 --- [   JobScheduler] org.apache.spark.internal.Logging        : Total delay: 0.048 s for time 1659372001000 ms (execution: 0.045 s)
2022-08-01 17:40:01.049  INFO   57 --- [   JobGenerator] org.apache.spark.internal.Logging        : Removing RDD 104 from persistence list
2022-08-01 17:40:01.050  INFO   57 --- [   JobGenerator] org.apache.spark.internal.Logging        : Removing RDD 103 from persistence list
2022-08-01 17:40:01.050  INFO   57 --- [c-thread-pool-9] org.apache.spark.internal.Logging        : Removing RDD 104
2022-08-01 17:40:01.051  INFO   57 --- [c-thread-pool-7] org.apache.spark.internal.Logging        : Removing RDD 103
2022-08-01 17:40:01.051  INFO   57 --- [   JobGenerator] org.apache.spark.internal.Logging        : Removing blocks of RDD BlockRDD[103] at receiverStream at Application.java:122 of time 1659372001000 ms
2022-08-01 17:40:01.052  INFO   57 --- [   JobGenerator] org.apache.spark.internal.Logging        : Deleting batches: 1659371999000 ms
2022-08-01 17:40:01.053  INFO   57 --- [   JobGenerator] org.apache.spark.internal.Logging        : remove old batch metadata: 1659371999000 ms
2022-08-01 17:40:01.790  INFO   57 --- [shutdown-hook-0] org.apache.spark.internal.Logging        : Invoking stop(stopGracefully=false) from shutdown hook
2022-08-01 17:40:01.798  INFO   57 --- [er-event-loop-3] org.apache.spark.internal.Logging        : Sent stop signal to all 1 receivers
2022-08-01 17:40:01.799  INFO   57 --- [er-event-loop-0] org.apache.spark.internal.Logging        : Received stop signal
2022-08-01 17:40:01.801  INFO   57 --- [er-event-loop-0] org.apache.spark.internal.Logging        : Stopping receiver with message: Stopped by driver: 
2022-08-01 17:40:01.801  INFO   57 --- [er-event-loop-0] org.apache.spark.internal.Logging        : Called receiver onStop
2022-08-01 17:40:01.802  INFO   57 --- [er-event-loop-0] org.apache.spark.internal.Logging        : Deregistering receiver 0
2022-08-01 17:40:01.805  ERROR   73 --- [er-event-loop-1] org.apache.spark.internal.Logging        : Deregistered receiver for stream 0: Stopped by driver
2022-08-01 17:40:01.806  INFO   57 --- [er-event-loop-0] org.apache.spark.internal.Logging        : Stopped receiver 0
2022-08-01 17:40:01.808  INFO   57 --- [er-event-loop-0] org.apache.spark.internal.Logging        : Stopping BlockGenerator
2022-08-01 17:40:02.003  INFO   57 --- [   JobGenerator] org.apache.spark.internal.Logging        : Added jobs for time 1659372002000 ms
2022-08-01 17:40:02.003  INFO   57 --- [   JobScheduler] org.apache.spark.internal.Logging        : Starting job streaming job 1659372002000 ms.0 from job set of time 1659372002000 ms
2022-08-01 17:40:02.008  WARN   69 --- [-job-executor-0] org.apache.spark.internal.Logging        : Using an existing SparkSession; the static sql configurations will not take effect.
2022-08-01 17:40:02.008  WARN   69 --- [-job-executor-0] org.apache.spark.internal.Logging        : Using an existing SparkSession; some spark core configurations may not take effect.
2022-08-01 17:40:02.106  INFO   57 --- [   JobScheduler] org.apache.spark.internal.Logging        : Finished job streaming job 1659372002000 ms.0 from job set of time 1659372002000 ms
2022-08-01 17:40:02.114  INFO   57 --- [   JobScheduler] org.apache.spark.internal.Logging        : Total delay: 0.106 s for time 1659372002000 ms (execution: 0.103 s)
2022-08-01 17:40:02.117  INFO   57 --- [   JobGenerator] org.apache.spark.internal.Logging        : Removing RDD 110 from persistence list
2022-08-01 17:40:02.120  INFO   57 --- [   JobGenerator] org.apache.spark.internal.Logging        : Removing RDD 109 from persistence list
2022-08-01 17:40:02.122  INFO   57 --- [-thread-pool-15] org.apache.spark.internal.Logging        : Removing RDD 110
2022-08-01 17:40:02.126  INFO   57 --- [   JobGenerator] org.apache.spark.internal.Logging        : Removing blocks of RDD BlockRDD[109] at receiverStream at Application.java:122 of time 1659372002000 ms
2022-08-01 17:40:02.126  INFO   57 --- [   JobGenerator] org.apache.spark.internal.Logging        : Deleting batches: 1659372000000 ms
2022-08-01 17:40:02.126  INFO   57 --- [   JobGenerator] org.apache.spark.internal.Logging        : remove old batch metadata: 1659372000000 ms
2022-08-01 17:40:02.127  INFO   57 --- [-thread-pool-16] org.apache.spark.internal.Logging        : Removing RDD 109
2022-08-01 17:40:02.201  INFO   57 --- [er-event-loop-0] org.apache.spark.internal.Logging        : Stopped timer for BlockGenerator after time 1659372002200
2022-08-01 17:40:02.202  INFO   57 --- [er-event-loop-0] org.apache.spark.internal.Logging        : Waiting for block pushing thread to terminate
2022-08-01 17:40:02.204  INFO   57 --- [      Thread-14] org.apache.spark.internal.Logging        : Pushing out the last 0 blocks
2022-08-01 17:40:02.204  INFO   57 --- [      Thread-14] org.apache.spark.internal.Logging        : Stopped block pushing thread
2022-08-01 17:40:02.205  INFO   57 --- [er-event-loop-0] org.apache.spark.internal.Logging        : Stopped BlockGenerator
2022-08-01 17:40:02.206  INFO   57 --- [age 0.0 (TID 0)] org.apache.spark.internal.Logging        : Stopped receiver without error
2022-08-01 17:40:02.209  INFO   57 --- [age 0.0 (TID 0)] org.apache.spark.internal.Logging        : Finished task 0.0 in stage 0.0 (TID 0). 880 bytes result sent to driver
2022-08-01 17:40:02.211  INFO   57 --- [result-getter-1] org.apache.spark.internal.Logging        : Finished task 0.0 in stage 0.0 (TID 0) in 19325 ms on host.docker.internal (executor driver) (1/1)
2022-08-01 17:40:02.212  INFO   57 --- [result-getter-1] org.apache.spark.internal.Logging        : Removed TaskSet 0.0, whose tasks have all completed, from pool 
2022-08-01 17:40:02.213  INFO   57 --- [uler-event-loop] org.apache.spark.internal.Logging        : ResultStage 0 (start at Application.java:156) finished in 19.700 s
2022-08-01 17:40:02.213  INFO   57 --- [uler-event-loop] org.apache.spark.internal.Logging        : Job 0 is finished. Cancelling potential speculative or zombie tasks for this job
2022-08-01 17:40:02.213  INFO   57 --- [uler-event-loop] org.apache.spark.internal.Logging        : Killing all running tasks in stage 0: Stage finished
2022-08-01 17:40:02.216  INFO   57 --- [shutdown-hook-0] org.apache.spark.internal.Logging        : All of the receivers have deregistered successfully
2022-08-01 17:40:02.218  INFO   57 --- [shutdown-hook-0] org.apache.spark.internal.Logging        : ReceiverTracker stopped
2022-08-01 17:40:02.219  INFO   57 --- [shutdown-hook-0] org.apache.spark.internal.Logging        : Stopping JobGenerator immediately
2022-08-01 17:40:02.220  INFO   57 --- [shutdown-hook-0] org.apache.spark.internal.Logging        : Stopped timer for JobGenerator after time 1659372002000
2022-08-01 17:40:02.220  INFO   57 --- [shutdown-hook-0] org.apache.spark.internal.Logging        : Stopped JobGenerator
2022-08-01 17:40:02.220  INFO   57 --- [shutdown-hook-0] org.apache.spark.internal.Logging        : Stopped JobScheduler
2022-08-01 17:40:02.236  INFO 1153 --- [shutdown-hook-0] ject.jetty.server.handler.ContextHandler : Stopped o.s.j.s.ServletContextHandler@6fd77352{/streaming,null,STOPPED,@Spark}
2022-08-01 17:40:02.236  INFO 1153 --- [shutdown-hook-0] ject.jetty.server.handler.ContextHandler : Stopped o.s.j.s.ServletContextHandler@3f672204{/streaming/json,null,STOPPED,@Spark}
2022-08-01 17:40:02.236  INFO 1153 --- [shutdown-hook-0] ject.jetty.server.handler.ContextHandler : Stopped o.s.j.s.ServletContextHandler@6c65860d{/streaming/batch,null,STOPPED,@Spark}
2022-08-01 17:40:02.236  INFO 1153 --- [shutdown-hook-0] ject.jetty.server.handler.ContextHandler : Stopped o.s.j.s.ServletContextHandler@7cf283e1{/streaming/batch/json,null,STOPPED,@Spark}
2022-08-01 17:40:02.236  INFO 1153 --- [shutdown-hook-0] ject.jetty.server.handler.ContextHandler : Stopped o.s.j.s.ServletContextHandler@252f626c{/static/streaming,null,STOPPED,@Spark}
2022-08-01 17:40:02.236  INFO  167 --- [           main] com.elite.cdr.validator.Application      : ****************************************************
2022-08-01 17:40:02.236  INFO  168 --- [           main] com.elite.cdr.validator.Application      : Duration: 0.0 seconds
2022-08-01 17:40:02.236  INFO  169 --- [           main] com.elite.cdr.validator.Application      : Batch executed with success
2022-08-01 17:40:02.236  INFO  170 --- [           main] com.elite.cdr.validator.Application      : ****************************************************
2022-08-01 17:40:02.236  INFO   57 --- [shutdown-hook-0] org.apache.spark.internal.Logging        : StreamingContext stopped successfully
2022-08-01 17:40:02.236  INFO   57 --- [shutdown-hook-0] org.apache.spark.internal.Logging        : Invoking stop() from shutdown hook
2022-08-01 17:40:02.267  INFO  381 --- [shutdown-hook-0] rkproject.jetty.server.AbstractConnector : Stopped Spark@7caa550{HTTP/1.1, (http/1.1)}{0.0.0.0:4040}
2022-08-01 17:40:02.267  INFO   57 --- [shutdown-hook-0] org.apache.spark.internal.Logging        : Stopped Spark web UI at http://host.docker.internal:4040
2022-08-01 17:40:02.298  INFO   57 --- [er-event-loop-1] org.apache.spark.internal.Logging        : MapOutputTrackerMasterEndpoint stopped!
2022-08-01 17:40:02.330  INFO   57 --- [shutdown-hook-0] org.apache.spark.internal.Logging        : MemoryStore cleared
2022-08-01 17:40:02.330  INFO   57 --- [shutdown-hook-0] org.apache.spark.internal.Logging        : BlockManager stopped
2022-08-01 17:40:02.345  INFO   57 --- [shutdown-hook-0] org.apache.spark.internal.Logging        : BlockManagerMaster stopped
2022-08-01 17:40:02.345  INFO   57 --- [er-event-loop-1] org.apache.spark.internal.Logging        : OutputCommitCoordinator stopped!
2022-08-01 17:40:02.361  INFO   57 --- [shutdown-hook-0] org.apache.spark.internal.Logging        : Successfully stopped SparkContext
2022-08-01 17:40:02.361  INFO   57 --- [shutdown-hook-0] org.apache.spark.internal.Logging        : Shutdown hook called
2022-08-01 17:40:02.377  INFO   57 --- [shutdown-hook-0] org.apache.spark.internal.Logging        : Deleting directory C:\Users\Wael Hamdi\AppData\Local\Temp\spark-0a381688-0574-4243-807e-43c3f7d76fd3
