2022-06-22 17:41:33.378  INFO   46 --- [           main] com.elite.cdr.validator.Application      : Starting ASN1 Reader 
2022-06-22 17:41:33.384  INFO   48 --- [           main] com.elite.cdr.validator.Application      : ############### Run with the args [--env, local, --file, C:\IntelliJProjects\FraudDetectionSpark3\src\main\resources\data\simpleTypes.ber]
2022-06-22 17:41:33.444  INFO   54 --- [           main] com.elite.cdr.validator.Application      : ############### Run in local mode
2022-06-22 17:41:35.139  INFO   57 --- [           main] org.apache.spark.internal.Logging        : Running Spark version 3.2.1
2022-06-22 17:41:35.427  INFO   57 --- [           main] org.apache.spark.internal.Logging        : ==============================================================
2022-06-22 17:41:35.430  INFO   57 --- [           main] org.apache.spark.internal.Logging        : No custom resources configured for spark.driver.
2022-06-22 17:41:35.431  INFO   57 --- [           main] org.apache.spark.internal.Logging        : ==============================================================
2022-06-22 17:41:35.431  INFO   57 --- [           main] org.apache.spark.internal.Logging        : Submitted application: NiFi-Spark Streaming example
2022-06-22 17:41:35.474  INFO   57 --- [           main] org.apache.spark.internal.Logging        : Default ResourceProfile created, executor resources: Map(cores -> name: cores, amount: 1, script: , vendor: , memory -> name: memory, amount: 1024, script: , vendor: , offHeap -> name: offHeap, amount: 0, script: , vendor: ), task resources: Map(cpus -> name: cpus, amount: 1.0)
2022-06-22 17:41:35.491  INFO   57 --- [           main] org.apache.spark.internal.Logging        : Limiting resource is cpu
2022-06-22 17:41:35.496  INFO   57 --- [           main] org.apache.spark.internal.Logging        : Added ResourceProfile id: 0
2022-06-22 17:41:35.601  INFO   57 --- [           main] org.apache.spark.internal.Logging        : Changing view acls to: Wael Hamdi
2022-06-22 17:41:35.602  INFO   57 --- [           main] org.apache.spark.internal.Logging        : Changing modify acls to: Wael Hamdi
2022-06-22 17:41:35.603  INFO   57 --- [           main] org.apache.spark.internal.Logging        : Changing view acls groups to: 
2022-06-22 17:41:35.604  INFO   57 --- [           main] org.apache.spark.internal.Logging        : Changing modify acls groups to: 
2022-06-22 17:41:35.605  INFO   57 --- [           main] org.apache.spark.internal.Logging        : SecurityManager: authentication disabled; ui acls disabled; users  with view permissions: Set(Wael Hamdi); groups with view permissions: Set(); users  with modify permissions: Set(Wael Hamdi); groups with modify permissions: Set()
2022-06-22 17:41:37.885  INFO   57 --- [           main] org.apache.spark.internal.Logging        : Successfully started service 'sparkDriver' on port 56991.
2022-06-22 17:41:37.918  INFO   57 --- [           main] org.apache.spark.internal.Logging        : Registering MapOutputTracker
2022-06-22 17:41:37.962  INFO   57 --- [           main] org.apache.spark.internal.Logging        : Registering BlockManagerMaster
2022-06-22 17:41:37.989  INFO   57 --- [           main] org.apache.spark.internal.Logging        : Using org.apache.spark.storage.DefaultTopologyMapper for getting topology information
2022-06-22 17:41:37.991  INFO   57 --- [           main] org.apache.spark.internal.Logging        : BlockManagerMasterEndpoint up
2022-06-22 17:41:37.996  INFO   57 --- [           main] org.apache.spark.internal.Logging        : Registering BlockManagerMasterHeartbeat
2022-06-22 17:41:38.031  INFO   57 --- [           main] org.apache.spark.internal.Logging        : Created local directory at C:\Users\Wael Hamdi\AppData\Local\Temp\blockmgr-88125391-8686-41d7-be2a-fefdac9f3058
2022-06-22 17:41:38.072  INFO   57 --- [           main] org.apache.spark.internal.Logging        : MemoryStore started with capacity 897.6 MiB
2022-06-22 17:41:38.094  INFO   57 --- [           main] org.apache.spark.internal.Logging        : Registering OutputCommitCoordinator
2022-06-22 17:41:38.247  INFO  170 --- [           main] org.sparkproject.jetty.util.log.Log      : Logging initialized @5736ms to org.sparkproject.jetty.util.log.Slf4jLog
2022-06-22 17:41:38.351  INFO  375 --- [           main] org.sparkproject.jetty.server.Server     : jetty-9.4.43.v20210629; built: 2021-06-30T11:07:22.254Z; git: 526006ecfa3af7f1a27ef3a288e2bef7ea9dd7e8; jvm 1.8.0_301-b09
2022-06-22 17:41:38.385  INFO  415 --- [           main] org.sparkproject.jetty.server.Server     : Started @5876ms
2022-06-22 17:41:38.441  INFO  331 --- [           main] rkproject.jetty.server.AbstractConnector : Started ServerConnector@64da2a7{HTTP/1.1, (http/1.1)}{0.0.0.0:4040}
2022-06-22 17:41:38.441  INFO   57 --- [           main] org.apache.spark.internal.Logging        : Successfully started service 'SparkUI' on port 4040.
2022-06-22 17:41:38.490  INFO  915 --- [           main] ject.jetty.server.handler.ContextHandler : Started o.s.j.s.ServletContextHandler@7db534f2{/jobs,null,AVAILABLE,@Spark}
2022-06-22 17:41:38.493  INFO  915 --- [           main] ject.jetty.server.handler.ContextHandler : Started o.s.j.s.ServletContextHandler@182f1e9a{/jobs/json,null,AVAILABLE,@Spark}
2022-06-22 17:41:38.495  INFO  915 --- [           main] ject.jetty.server.handler.ContextHandler : Started o.s.j.s.ServletContextHandler@660e9100{/jobs/job,null,AVAILABLE,@Spark}
2022-06-22 17:41:38.498  INFO  915 --- [           main] ject.jetty.server.handler.ContextHandler : Started o.s.j.s.ServletContextHandler@27e0f2f5{/jobs/job/json,null,AVAILABLE,@Spark}
2022-06-22 17:41:38.499  INFO  915 --- [           main] ject.jetty.server.handler.ContextHandler : Started o.s.j.s.ServletContextHandler@6db66836{/stages,null,AVAILABLE,@Spark}
2022-06-22 17:41:38.500  INFO  915 --- [           main] ject.jetty.server.handler.ContextHandler : Started o.s.j.s.ServletContextHandler@2de366bb{/stages/json,null,AVAILABLE,@Spark}
2022-06-22 17:41:38.501  INFO  915 --- [           main] ject.jetty.server.handler.ContextHandler : Started o.s.j.s.ServletContextHandler@61a002b1{/stages/stage,null,AVAILABLE,@Spark}
2022-06-22 17:41:38.505  INFO  915 --- [           main] ject.jetty.server.handler.ContextHandler : Started o.s.j.s.ServletContextHandler@6f70f32f{/stages/stage/json,null,AVAILABLE,@Spark}
2022-06-22 17:41:38.507  INFO  915 --- [           main] ject.jetty.server.handler.ContextHandler : Started o.s.j.s.ServletContextHandler@5aabbb29{/stages/pool,null,AVAILABLE,@Spark}
2022-06-22 17:41:38.510  INFO  915 --- [           main] ject.jetty.server.handler.ContextHandler : Started o.s.j.s.ServletContextHandler@1ac85b0c{/stages/pool/json,null,AVAILABLE,@Spark}
2022-06-22 17:41:38.512  INFO  915 --- [           main] ject.jetty.server.handler.ContextHandler : Started o.s.j.s.ServletContextHandler@3aa3193a{/storage,null,AVAILABLE,@Spark}
2022-06-22 17:41:38.513  INFO  915 --- [           main] ject.jetty.server.handler.ContextHandler : Started o.s.j.s.ServletContextHandler@59a67c3a{/storage/json,null,AVAILABLE,@Spark}
2022-06-22 17:41:38.515  INFO  915 --- [           main] ject.jetty.server.handler.ContextHandler : Started o.s.j.s.ServletContextHandler@724bade8{/storage/rdd,null,AVAILABLE,@Spark}
2022-06-22 17:41:38.517  INFO  915 --- [           main] ject.jetty.server.handler.ContextHandler : Started o.s.j.s.ServletContextHandler@6bc248ed{/storage/rdd/json,null,AVAILABLE,@Spark}
2022-06-22 17:41:38.520  INFO  915 --- [           main] ject.jetty.server.handler.ContextHandler : Started o.s.j.s.ServletContextHandler@ca27722{/environment,null,AVAILABLE,@Spark}
2022-06-22 17:41:38.522  INFO  915 --- [           main] ject.jetty.server.handler.ContextHandler : Started o.s.j.s.ServletContextHandler@9573b3b{/environment/json,null,AVAILABLE,@Spark}
2022-06-22 17:41:38.523  INFO  915 --- [           main] ject.jetty.server.handler.ContextHandler : Started o.s.j.s.ServletContextHandler@78461bc4{/executors,null,AVAILABLE,@Spark}
2022-06-22 17:41:38.524  INFO  915 --- [           main] ject.jetty.server.handler.ContextHandler : Started o.s.j.s.ServletContextHandler@64f857e7{/executors/json,null,AVAILABLE,@Spark}
2022-06-22 17:41:38.526  INFO  915 --- [           main] ject.jetty.server.handler.ContextHandler : Started o.s.j.s.ServletContextHandler@58c540cf{/executors/threadDump,null,AVAILABLE,@Spark}
2022-06-22 17:41:38.527  INFO  915 --- [           main] ject.jetty.server.handler.ContextHandler : Started o.s.j.s.ServletContextHandler@1b822fcc{/executors/threadDump/json,null,AVAILABLE,@Spark}
2022-06-22 17:41:38.541  INFO  915 --- [           main] ject.jetty.server.handler.ContextHandler : Started o.s.j.s.ServletContextHandler@56102e1c{/static,null,AVAILABLE,@Spark}
2022-06-22 17:41:38.542  INFO  915 --- [           main] ject.jetty.server.handler.ContextHandler : Started o.s.j.s.ServletContextHandler@3546d80f{/,null,AVAILABLE,@Spark}
2022-06-22 17:41:38.545  INFO  915 --- [           main] ject.jetty.server.handler.ContextHandler : Started o.s.j.s.ServletContextHandler@3670f00{/api,null,AVAILABLE,@Spark}
2022-06-22 17:41:38.547  INFO  915 --- [           main] ject.jetty.server.handler.ContextHandler : Started o.s.j.s.ServletContextHandler@7689ddef{/jobs/job/kill,null,AVAILABLE,@Spark}
2022-06-22 17:41:38.548  INFO  915 --- [           main] ject.jetty.server.handler.ContextHandler : Started o.s.j.s.ServletContextHandler@1a2e2935{/stages/stage/kill,null,AVAILABLE,@Spark}
2022-06-22 17:41:38.552  INFO   57 --- [           main] org.apache.spark.internal.Logging        : Bound SparkUI to 0.0.0.0, and started at http://host.docker.internal:4040
2022-06-22 17:41:38.831  INFO   57 --- [           main] org.apache.spark.internal.Logging        : Starting executor ID driver on host host.docker.internal
2022-06-22 17:41:38.892  INFO   57 --- [           main] org.apache.spark.internal.Logging        : Successfully started service 'org.apache.spark.network.netty.NettyBlockTransferService' on port 57015.
2022-06-22 17:41:38.893  INFO   82 --- [           main] .network.netty.NettyBlockTransferService : Server created on host.docker.internal:57015
2022-06-22 17:41:38.896  INFO   57 --- [           main] org.apache.spark.internal.Logging        : Using org.apache.spark.storage.RandomBlockReplicationPolicy for block replication policy
2022-06-22 17:41:38.907  INFO   57 --- [           main] org.apache.spark.internal.Logging        : Registering BlockManager BlockManagerId(driver, host.docker.internal, 57015, None)
2022-06-22 17:41:38.914  INFO   57 --- [ckManagerMaster] org.apache.spark.internal.Logging        : Registering block manager host.docker.internal:57015 with 897.6 MiB RAM, BlockManagerId(driver, host.docker.internal, 57015, None)
2022-06-22 17:41:38.919  INFO   57 --- [           main] org.apache.spark.internal.Logging        : Registered BlockManager BlockManagerId(driver, host.docker.internal, 57015, None)
2022-06-22 17:41:38.921  INFO   57 --- [           main] org.apache.spark.internal.Logging        : Initialized BlockManager: BlockManagerId(driver, host.docker.internal, 57015, None)
2022-06-22 17:41:39.351  INFO  915 --- [           main] ject.jetty.server.handler.ContextHandler : Started o.s.j.s.ServletContextHandler@bcb09a6{/metrics/json,null,AVAILABLE,@Spark}
2022-06-22 17:41:40.137  INFO   57 --- [streaming-start] org.apache.spark.internal.Logging        : Starting 1 receivers
2022-06-22 17:41:40.139  INFO   57 --- [streaming-start] org.apache.spark.internal.Logging        : ReceiverTracker started
2022-06-22 17:41:40.147  INFO   57 --- [streaming-start] org.apache.spark.internal.Logging        : Slide time = 1000 ms
2022-06-22 17:41:40.148  INFO   57 --- [streaming-start] org.apache.spark.internal.Logging        : Storage level = Serialized 1x Replicated
2022-06-22 17:41:40.149  INFO   57 --- [streaming-start] org.apache.spark.internal.Logging        : Checkpoint interval = null
2022-06-22 17:41:40.150  INFO   57 --- [streaming-start] org.apache.spark.internal.Logging        : Remember interval = 1000 ms
2022-06-22 17:41:40.151  INFO   57 --- [streaming-start] org.apache.spark.internal.Logging        : Initialized and validated org.apache.spark.streaming.dstream.PluggableInputDStream@4e354c1d
2022-06-22 17:41:40.151  INFO   57 --- [streaming-start] org.apache.spark.internal.Logging        : Slide time = 1000 ms
2022-06-22 17:41:40.151  INFO   57 --- [streaming-start] org.apache.spark.internal.Logging        : Storage level = Serialized 1x Replicated
2022-06-22 17:41:40.152  INFO   57 --- [streaming-start] org.apache.spark.internal.Logging        : Checkpoint interval = null
2022-06-22 17:41:40.152  INFO   57 --- [streaming-start] org.apache.spark.internal.Logging        : Remember interval = 1000 ms
2022-06-22 17:41:40.152  INFO   57 --- [streaming-start] org.apache.spark.internal.Logging        : Initialized and validated org.apache.spark.streaming.dstream.MappedDStream@59a78d40
2022-06-22 17:41:40.153  INFO   57 --- [streaming-start] org.apache.spark.internal.Logging        : Slide time = 1000 ms
2022-06-22 17:41:40.153  INFO   57 --- [streaming-start] org.apache.spark.internal.Logging        : Storage level = Serialized 1x Replicated
2022-06-22 17:41:40.153  INFO   57 --- [streaming-start] org.apache.spark.internal.Logging        : Checkpoint interval = null
2022-06-22 17:41:40.153  INFO   57 --- [streaming-start] org.apache.spark.internal.Logging        : Remember interval = 1000 ms
2022-06-22 17:41:40.153  INFO   57 --- [streaming-start] org.apache.spark.internal.Logging        : Initialized and validated org.apache.spark.streaming.dstream.ForEachDStream@43a450b
2022-06-22 17:41:40.273  INFO   57 --- [streaming-start] org.apache.spark.internal.Logging        : Started timer for JobGenerator at time 1655916101000
2022-06-22 17:41:40.274  INFO   57 --- [streaming-start] org.apache.spark.internal.Logging        : Started JobGenerator at 1655916101000 ms
2022-06-22 17:41:40.280  INFO   57 --- [streaming-start] org.apache.spark.internal.Logging        : Started JobScheduler
2022-06-22 17:41:40.280  INFO   57 --- [er-event-loop-3] org.apache.spark.internal.Logging        : Receiver 0 started
2022-06-22 17:41:40.286  INFO  915 --- [           main] ject.jetty.server.handler.ContextHandler : Started o.s.j.s.ServletContextHandler@f4c0e4e{/streaming,null,AVAILABLE,@Spark}
2022-06-22 17:41:40.287  INFO  915 --- [           main] ject.jetty.server.handler.ContextHandler : Started o.s.j.s.ServletContextHandler@34e20e6b{/streaming/json,null,AVAILABLE,@Spark}
2022-06-22 17:41:40.293  INFO  915 --- [           main] ject.jetty.server.handler.ContextHandler : Started o.s.j.s.ServletContextHandler@3d98d138{/streaming/batch,null,AVAILABLE,@Spark}
2022-06-22 17:41:40.295  INFO  915 --- [           main] ject.jetty.server.handler.ContextHandler : Started o.s.j.s.ServletContextHandler@f2ce6b{/streaming/batch/json,null,AVAILABLE,@Spark}
2022-06-22 17:41:40.297  INFO  915 --- [           main] ject.jetty.server.handler.ContextHandler : Started o.s.j.s.ServletContextHandler@dc7b462{/static/streaming,null,AVAILABLE,@Spark}
2022-06-22 17:41:40.298  INFO   57 --- [           main] org.apache.spark.internal.Logging        : StreamingContext started
2022-06-22 17:41:40.299  INFO   57 --- [uler-event-loop] org.apache.spark.internal.Logging        : Got job 0 (start at Application.java:128) with 1 output partitions
2022-06-22 17:41:40.299  INFO   57 --- [uler-event-loop] org.apache.spark.internal.Logging        : Final stage: ResultStage 0 (start at Application.java:128)
2022-06-22 17:41:40.300  INFO   57 --- [uler-event-loop] org.apache.spark.internal.Logging        : Parents of final stage: List()
2022-06-22 17:41:40.301  INFO   57 --- [uler-event-loop] org.apache.spark.internal.Logging        : Missing parents: List()
2022-06-22 17:41:40.309  INFO   57 --- [uler-event-loop] org.apache.spark.internal.Logging        : Submitting ResultStage 0 (Receiver 0 ParallelCollectionRDD[0] at makeRDD at ReceiverTracker.scala:609), which has no missing parents
2022-06-22 17:41:40.475  INFO   57 --- [uler-event-loop] org.apache.spark.internal.Logging        : Block broadcast_0 stored as values in memory (estimated size 97.5 KiB, free 897.5 MiB)
2022-06-22 17:41:40.649  INFO   57 --- [uler-event-loop] org.apache.spark.internal.Logging        : Block broadcast_0_piece0 stored as bytes in memory (estimated size 34.2 KiB, free 897.5 MiB)
2022-06-22 17:41:40.653  INFO   57 --- [ckManagerMaster] org.apache.spark.internal.Logging        : Added broadcast_0_piece0 in memory on host.docker.internal:57015 (size: 34.2 KiB, free: 897.6 MiB)
2022-06-22 17:41:40.658  INFO   57 --- [uler-event-loop] org.apache.spark.internal.Logging        : Created broadcast 0 from broadcast at DAGScheduler.scala:1478
2022-06-22 17:41:40.680  INFO   57 --- [uler-event-loop] org.apache.spark.internal.Logging        : Submitting 1 missing tasks from ResultStage 0 (Receiver 0 ParallelCollectionRDD[0] at makeRDD at ReceiverTracker.scala:609) (first 15 tasks are for partitions Vector(0))
2022-06-22 17:41:40.682  INFO   57 --- [uler-event-loop] org.apache.spark.internal.Logging        : Adding task set 0.0 with 1 tasks resource profile 0
2022-06-22 17:41:40.783  INFO   57 --- [er-event-loop-0] org.apache.spark.internal.Logging        : Starting task 0.0 in stage 0.0 (TID 0) (host.docker.internal, executor driver, partition 0, PROCESS_LOCAL, 6207 bytes) taskResourceAssignments Map()
2022-06-22 17:41:40.814  INFO   57 --- [age 0.0 (TID 0)] org.apache.spark.internal.Logging        : Running task 0.0 in stage 0.0 (TID 0)
2022-06-22 17:41:41.085  INFO   57 --- [   JobGenerator] org.apache.spark.internal.Logging        : Added jobs for time 1655916101000 ms
2022-06-22 17:41:41.104  INFO   57 --- [   JobScheduler] org.apache.spark.internal.Logging        : Starting job streaming job 1655916101000 ms.0 from job set of time 1655916101000 ms
2022-06-22 17:41:41.106  INFO   57 --- [   JobScheduler] org.apache.spark.internal.Logging        : Finished job streaming job 1655916101000 ms.0 from job set of time 1655916101000 ms
2022-06-22 17:41:41.108  INFO   57 --- [   JobScheduler] org.apache.spark.internal.Logging        : Total delay: 0.105 s for time 1655916101000 ms (execution: 0.006 s)
2022-06-22 17:41:41.126  INFO   57 --- [   JobGenerator] org.apache.spark.internal.Logging        : Deleting batches: 
2022-06-22 17:41:41.130  INFO   57 --- [   JobGenerator] org.apache.spark.internal.Logging        : remove old batch metadata: 
2022-06-22 17:41:41.150  INFO   57 --- [age 0.0 (TID 0)] org.apache.spark.internal.Logging        : Started timer for BlockGenerator at time 1655916101200
2022-06-22 17:41:41.152  INFO   57 --- [age 0.0 (TID 0)] org.apache.spark.internal.Logging        : Started BlockGenerator
2022-06-22 17:41:41.155  INFO   57 --- [      Thread-14] org.apache.spark.internal.Logging        : Started block pushing thread
2022-06-22 17:41:41.164  INFO   57 --- [er-event-loop-0] org.apache.spark.internal.Logging        : Registered receiver for stream 0 from host.docker.internal:56991
2022-06-22 17:41:41.165  INFO   57 --- [age 0.0 (TID 0)] org.apache.spark.internal.Logging        : Starting receiver 0
2022-06-22 17:41:41.167  INFO   57 --- [age 0.0 (TID 0)] org.apache.spark.internal.Logging        : Called receiver 0 onStart
2022-06-22 17:41:41.168  INFO   57 --- [age 0.0 (TID 0)] org.apache.spark.internal.Logging        : Waiting for receiver to be stopped
2022-06-22 17:41:42.004  INFO   57 --- [   JobGenerator] org.apache.spark.internal.Logging        : Added jobs for time 1655916102000 ms
2022-06-22 17:41:42.004  INFO   57 --- [   JobScheduler] org.apache.spark.internal.Logging        : Starting job streaming job 1655916102000 ms.0 from job set of time 1655916102000 ms
2022-06-22 17:41:42.006  INFO   57 --- [   JobScheduler] org.apache.spark.internal.Logging        : Finished job streaming job 1655916102000 ms.0 from job set of time 1655916102000 ms
2022-06-22 17:41:42.007  INFO   57 --- [   JobScheduler] org.apache.spark.internal.Logging        : Total delay: 0.006 s for time 1655916102000 ms (execution: 0.002 s)
2022-06-22 17:41:42.008  INFO   57 --- [   JobGenerator] org.apache.spark.internal.Logging        : Removing RDD 2 from persistence list
2022-06-22 17:41:42.029  INFO   57 --- [   JobGenerator] org.apache.spark.internal.Logging        : Removing RDD 1 from persistence list
2022-06-22 17:41:42.030  INFO   57 --- [c-thread-pool-0] org.apache.spark.internal.Logging        : Removing RDD 2
2022-06-22 17:41:42.031  INFO   57 --- [c-thread-pool-1] org.apache.spark.internal.Logging        : Removing RDD 1
2022-06-22 17:41:42.033  INFO   57 --- [   JobGenerator] org.apache.spark.internal.Logging        : Removing blocks of RDD BlockRDD[1] at receiverStream at Application.java:120 of time 1655916102000 ms
2022-06-22 17:41:42.034  INFO   57 --- [   JobGenerator] org.apache.spark.internal.Logging        : Deleting batches: 
2022-06-22 17:41:42.035  INFO   57 --- [   JobGenerator] org.apache.spark.internal.Logging        : remove old batch metadata: 
2022-06-22 17:41:43.008  INFO   57 --- [   JobGenerator] org.apache.spark.internal.Logging        : Added jobs for time 1655916103000 ms
2022-06-22 17:41:43.024  INFO   57 --- [   JobScheduler] org.apache.spark.internal.Logging        : Starting job streaming job 1655916103000 ms.0 from job set of time 1655916103000 ms
2022-06-22 17:41:43.025  INFO   57 --- [   JobScheduler] org.apache.spark.internal.Logging        : Finished job streaming job 1655916103000 ms.0 from job set of time 1655916103000 ms
2022-06-22 17:41:43.027  INFO   57 --- [   JobScheduler] org.apache.spark.internal.Logging        : Total delay: 0.025 s for time 1655916103000 ms (execution: 0.001 s)
2022-06-22 17:41:43.040  INFO   57 --- [   JobGenerator] org.apache.spark.internal.Logging        : Removing RDD 4 from persistence list
2022-06-22 17:41:43.042  INFO   57 --- [   JobGenerator] org.apache.spark.internal.Logging        : Removing RDD 3 from persistence list
2022-06-22 17:41:43.046  INFO   57 --- [   JobGenerator] org.apache.spark.internal.Logging        : Removing blocks of RDD BlockRDD[3] at receiverStream at Application.java:120 of time 1655916103000 ms
2022-06-22 17:41:43.049  INFO   57 --- [   JobGenerator] org.apache.spark.internal.Logging        : Deleting batches: 1655916101000 ms
2022-06-22 17:41:43.049  INFO   57 --- [   JobGenerator] org.apache.spark.internal.Logging        : remove old batch metadata: 1655916101000 ms
2022-06-22 17:41:43.055  INFO   57 --- [c-thread-pool-6] org.apache.spark.internal.Logging        : Removing RDD 4
2022-06-22 17:41:43.061  INFO   57 --- [c-thread-pool-7] org.apache.spark.internal.Logging        : Removing RDD 3
2022-06-22 17:41:43.439  ERROR  319 --- [  NiFi Receiver] .apache.nifi.security.util.KeyStoreUtils : Encountered an error loading truststore: spark.NifiSparkStreaming.truststoreFilename (The system cannot find the file specified)
2022-06-22 17:41:44.003  INFO   57 --- [   JobGenerator] org.apache.spark.internal.Logging        : Added jobs for time 1655916104000 ms
2022-06-22 17:41:44.004  INFO   57 --- [   JobScheduler] org.apache.spark.internal.Logging        : Starting job streaming job 1655916104000 ms.0 from job set of time 1655916104000 ms
2022-06-22 17:41:44.005  INFO   57 --- [   JobScheduler] org.apache.spark.internal.Logging        : Finished job streaming job 1655916104000 ms.0 from job set of time 1655916104000 ms
2022-06-22 17:41:44.006  INFO   57 --- [   JobScheduler] org.apache.spark.internal.Logging        : Total delay: 0.005 s for time 1655916104000 ms (execution: 0.001 s)
2022-06-22 17:41:44.006  INFO   57 --- [   JobGenerator] org.apache.spark.internal.Logging        : Removing RDD 6 from persistence list
2022-06-22 17:41:44.008  INFO   57 --- [   JobGenerator] org.apache.spark.internal.Logging        : Removing RDD 5 from persistence list
2022-06-22 17:41:44.008  INFO   57 --- [-thread-pool-12] org.apache.spark.internal.Logging        : Removing RDD 6
2022-06-22 17:41:44.010  INFO   57 --- [   JobGenerator] org.apache.spark.internal.Logging        : Removing blocks of RDD BlockRDD[5] at receiverStream at Application.java:120 of time 1655916104000 ms
2022-06-22 17:41:44.011  INFO   57 --- [   JobGenerator] org.apache.spark.internal.Logging        : Deleting batches: 1655916102000 ms
2022-06-22 17:41:44.012  INFO   57 --- [   JobGenerator] org.apache.spark.internal.Logging        : remove old batch metadata: 1655916102000 ms
2022-06-22 17:41:44.012  INFO   57 --- [-thread-pool-13] org.apache.spark.internal.Logging        : Removing RDD 5
2022-06-22 17:41:45.005  INFO   57 --- [   JobGenerator] org.apache.spark.internal.Logging        : Added jobs for time 1655916105000 ms
2022-06-22 17:41:45.006  INFO   57 --- [   JobScheduler] org.apache.spark.internal.Logging        : Starting job streaming job 1655916105000 ms.0 from job set of time 1655916105000 ms
2022-06-22 17:41:45.007  INFO   57 --- [   JobScheduler] org.apache.spark.internal.Logging        : Finished job streaming job 1655916105000 ms.0 from job set of time 1655916105000 ms
2022-06-22 17:41:45.008  INFO   57 --- [   JobScheduler] org.apache.spark.internal.Logging        : Total delay: 0.007 s for time 1655916105000 ms (execution: 0.001 s)
2022-06-22 17:41:45.008  INFO   57 --- [   JobGenerator] org.apache.spark.internal.Logging        : Removing RDD 8 from persistence list
2022-06-22 17:41:45.009  INFO   57 --- [   JobGenerator] org.apache.spark.internal.Logging        : Removing RDD 7 from persistence list
2022-06-22 17:41:45.009  INFO   57 --- [-thread-pool-18] org.apache.spark.internal.Logging        : Removing RDD 8
2022-06-22 17:41:45.010  INFO   57 --- [   JobGenerator] org.apache.spark.internal.Logging        : Removing blocks of RDD BlockRDD[7] at receiverStream at Application.java:120 of time 1655916105000 ms
2022-06-22 17:41:45.011  INFO   57 --- [-thread-pool-19] org.apache.spark.internal.Logging        : Removing RDD 7
2022-06-22 17:41:45.011  INFO   57 --- [   JobGenerator] org.apache.spark.internal.Logging        : Deleting batches: 1655916103000 ms
2022-06-22 17:41:45.012  INFO   57 --- [   JobGenerator] org.apache.spark.internal.Logging        : remove old batch metadata: 1655916103000 ms
2022-06-22 17:41:46.005  INFO   57 --- [   JobGenerator] org.apache.spark.internal.Logging        : Added jobs for time 1655916106000 ms
2022-06-22 17:41:46.005  INFO   57 --- [   JobScheduler] org.apache.spark.internal.Logging        : Starting job streaming job 1655916106000 ms.0 from job set of time 1655916106000 ms
2022-06-22 17:41:46.006  INFO   57 --- [   JobScheduler] org.apache.spark.internal.Logging        : Finished job streaming job 1655916106000 ms.0 from job set of time 1655916106000 ms
2022-06-22 17:41:46.006  INFO   57 --- [   JobScheduler] org.apache.spark.internal.Logging        : Total delay: 0.006 s for time 1655916106000 ms (execution: 0.001 s)
2022-06-22 17:41:46.006  INFO   57 --- [   JobGenerator] org.apache.spark.internal.Logging        : Removing RDD 10 from persistence list
2022-06-22 17:41:46.007  INFO   57 --- [   JobGenerator] org.apache.spark.internal.Logging        : Removing RDD 9 from persistence list
2022-06-22 17:41:46.008  INFO   57 --- [-thread-pool-24] org.apache.spark.internal.Logging        : Removing RDD 10
2022-06-22 17:41:46.009  INFO   57 --- [   JobGenerator] org.apache.spark.internal.Logging        : Removing blocks of RDD BlockRDD[9] at receiverStream at Application.java:120 of time 1655916106000 ms
2022-06-22 17:41:46.010  INFO   57 --- [-thread-pool-25] org.apache.spark.internal.Logging        : Removing RDD 9
2022-06-22 17:41:46.010  INFO   57 --- [   JobGenerator] org.apache.spark.internal.Logging        : Deleting batches: 1655916104000 ms
2022-06-22 17:41:46.011  INFO   57 --- [   JobGenerator] org.apache.spark.internal.Logging        : remove old batch metadata: 1655916104000 ms
2022-06-22 17:41:47.002  INFO   57 --- [   JobGenerator] org.apache.spark.internal.Logging        : Added jobs for time 1655916107000 ms
2022-06-22 17:41:47.003  INFO   57 --- [   JobScheduler] org.apache.spark.internal.Logging        : Starting job streaming job 1655916107000 ms.0 from job set of time 1655916107000 ms
2022-06-22 17:41:47.003  INFO   57 --- [   JobScheduler] org.apache.spark.internal.Logging        : Finished job streaming job 1655916107000 ms.0 from job set of time 1655916107000 ms
2022-06-22 17:41:47.004  INFO   57 --- [   JobScheduler] org.apache.spark.internal.Logging        : Total delay: 0.003 s for time 1655916107000 ms (execution: 0.001 s)
2022-06-22 17:41:47.004  INFO   57 --- [   JobGenerator] org.apache.spark.internal.Logging        : Removing RDD 12 from persistence list
2022-06-22 17:41:47.006  INFO   57 --- [   JobGenerator] org.apache.spark.internal.Logging        : Removing RDD 11 from persistence list
2022-06-22 17:41:47.006  INFO   57 --- [-thread-pool-30] org.apache.spark.internal.Logging        : Removing RDD 12
2022-06-22 17:41:47.007  INFO   57 --- [   JobGenerator] org.apache.spark.internal.Logging        : Removing blocks of RDD BlockRDD[11] at receiverStream at Application.java:120 of time 1655916107000 ms
2022-06-22 17:41:47.008  INFO   57 --- [   JobGenerator] org.apache.spark.internal.Logging        : Deleting batches: 1655916105000 ms
2022-06-22 17:41:47.008  INFO   57 --- [-thread-pool-32] org.apache.spark.internal.Logging        : Removing RDD 11
2022-06-22 17:41:47.009  INFO   57 --- [   JobGenerator] org.apache.spark.internal.Logging        : remove old batch metadata: 1655916105000 ms
2022-06-22 17:41:48.006  INFO   57 --- [   JobGenerator] org.apache.spark.internal.Logging        : Added jobs for time 1655916108000 ms
2022-06-22 17:41:48.007  INFO   57 --- [   JobScheduler] org.apache.spark.internal.Logging        : Starting job streaming job 1655916108000 ms.0 from job set of time 1655916108000 ms
2022-06-22 17:41:48.009  INFO   57 --- [   JobScheduler] org.apache.spark.internal.Logging        : Finished job streaming job 1655916108000 ms.0 from job set of time 1655916108000 ms
2022-06-22 17:41:48.011  INFO   57 --- [   JobScheduler] org.apache.spark.internal.Logging        : Total delay: 0.009 s for time 1655916108000 ms (execution: 0.002 s)
2022-06-22 17:41:48.011  INFO   57 --- [   JobGenerator] org.apache.spark.internal.Logging        : Removing RDD 14 from persistence list
2022-06-22 17:41:48.014  INFO   57 --- [   JobGenerator] org.apache.spark.internal.Logging        : Removing RDD 13 from persistence list
2022-06-22 17:41:48.014  INFO   57 --- [-thread-pool-36] org.apache.spark.internal.Logging        : Removing RDD 14
2022-06-22 17:41:48.016  INFO   57 --- [   JobGenerator] org.apache.spark.internal.Logging        : Removing blocks of RDD BlockRDD[13] at receiverStream at Application.java:120 of time 1655916108000 ms
2022-06-22 17:41:48.017  INFO   57 --- [-thread-pool-37] org.apache.spark.internal.Logging        : Removing RDD 13
2022-06-22 17:41:48.017  INFO   57 --- [   JobGenerator] org.apache.spark.internal.Logging        : Deleting batches: 1655916106000 ms
2022-06-22 17:41:48.019  INFO   57 --- [   JobGenerator] org.apache.spark.internal.Logging        : remove old batch metadata: 1655916106000 ms
2022-06-22 17:41:49.009  INFO   57 --- [   JobGenerator] org.apache.spark.internal.Logging        : Added jobs for time 1655916109000 ms
2022-06-22 17:41:49.010  INFO   57 --- [   JobScheduler] org.apache.spark.internal.Logging        : Starting job streaming job 1655916109000 ms.0 from job set of time 1655916109000 ms
2022-06-22 17:41:49.011  INFO   57 --- [   JobScheduler] org.apache.spark.internal.Logging        : Finished job streaming job 1655916109000 ms.0 from job set of time 1655916109000 ms
2022-06-22 17:41:49.012  INFO   57 --- [   JobScheduler] org.apache.spark.internal.Logging        : Total delay: 0.011 s for time 1655916109000 ms (execution: 0.002 s)
2022-06-22 17:41:49.013  INFO   57 --- [   JobGenerator] org.apache.spark.internal.Logging        : Removing RDD 16 from persistence list
2022-06-22 17:41:49.014  INFO   57 --- [   JobGenerator] org.apache.spark.internal.Logging        : Removing RDD 15 from persistence list
2022-06-22 17:41:49.014  INFO   57 --- [-thread-pool-42] org.apache.spark.internal.Logging        : Removing RDD 16
2022-06-22 17:41:49.016  INFO   57 --- [   JobGenerator] org.apache.spark.internal.Logging        : Removing blocks of RDD BlockRDD[15] at receiverStream at Application.java:120 of time 1655916109000 ms
2022-06-22 17:41:49.016  INFO   57 --- [-thread-pool-43] org.apache.spark.internal.Logging        : Removing RDD 15
2022-06-22 17:41:49.017  INFO   57 --- [   JobGenerator] org.apache.spark.internal.Logging        : Deleting batches: 1655916107000 ms
2022-06-22 17:41:49.018  INFO   57 --- [   JobGenerator] org.apache.spark.internal.Logging        : remove old batch metadata: 1655916107000 ms
2022-06-22 17:41:49.101  WARN   69 --- [ver-heartbeater] org.apache.spark.internal.Logging        : Exception when trying to compute pagesize, as a result reporting of ProcessTree metrics is stopped
2022-06-22 17:41:50.007  INFO   57 --- [   JobGenerator] org.apache.spark.internal.Logging        : Added jobs for time 1655916110000 ms
2022-06-22 17:41:50.008  INFO   57 --- [   JobScheduler] org.apache.spark.internal.Logging        : Starting job streaming job 1655916110000 ms.0 from job set of time 1655916110000 ms
2022-06-22 17:41:50.009  INFO   57 --- [   JobScheduler] org.apache.spark.internal.Logging        : Finished job streaming job 1655916110000 ms.0 from job set of time 1655916110000 ms
2022-06-22 17:41:50.010  INFO   57 --- [   JobScheduler] org.apache.spark.internal.Logging        : Total delay: 0.009 s for time 1655916110000 ms (execution: 0.001 s)
2022-06-22 17:41:50.010  INFO   57 --- [   JobGenerator] org.apache.spark.internal.Logging        : Removing RDD 18 from persistence list
2022-06-22 17:41:50.011  INFO   57 --- [   JobGenerator] org.apache.spark.internal.Logging        : Removing RDD 17 from persistence list
2022-06-22 17:41:50.011  INFO   57 --- [-thread-pool-48] org.apache.spark.internal.Logging        : Removing RDD 18
2022-06-22 17:41:50.013  INFO   57 --- [-thread-pool-49] org.apache.spark.internal.Logging        : Removing RDD 17
2022-06-22 17:41:50.014  INFO   57 --- [   JobGenerator] org.apache.spark.internal.Logging        : Removing blocks of RDD BlockRDD[17] at receiverStream at Application.java:120 of time 1655916110000 ms
2022-06-22 17:41:50.014  INFO   57 --- [   JobGenerator] org.apache.spark.internal.Logging        : Deleting batches: 1655916108000 ms
2022-06-22 17:41:50.015  INFO   57 --- [   JobGenerator] org.apache.spark.internal.Logging        : remove old batch metadata: 1655916108000 ms
2022-06-22 17:41:51.004  INFO   57 --- [   JobGenerator] org.apache.spark.internal.Logging        : Added jobs for time 1655916111000 ms
2022-06-22 17:41:51.004  INFO   57 --- [   JobScheduler] org.apache.spark.internal.Logging        : Starting job streaming job 1655916111000 ms.0 from job set of time 1655916111000 ms
2022-06-22 17:41:51.004  INFO   57 --- [   JobScheduler] org.apache.spark.internal.Logging        : Finished job streaming job 1655916111000 ms.0 from job set of time 1655916111000 ms
2022-06-22 17:41:51.005  INFO   57 --- [   JobScheduler] org.apache.spark.internal.Logging        : Total delay: 0.004 s for time 1655916111000 ms (execution: 0.000 s)
2022-06-22 17:41:51.005  INFO   57 --- [   JobGenerator] org.apache.spark.internal.Logging        : Removing RDD 20 from persistence list
2022-06-22 17:41:51.007  INFO   57 --- [   JobGenerator] org.apache.spark.internal.Logging        : Removing RDD 19 from persistence list
2022-06-22 17:41:51.007  INFO   57 --- [-thread-pool-54] org.apache.spark.internal.Logging        : Removing RDD 20
2022-06-22 17:41:51.008  INFO   57 --- [   JobGenerator] org.apache.spark.internal.Logging        : Removing blocks of RDD BlockRDD[19] at receiverStream at Application.java:120 of time 1655916111000 ms
2022-06-22 17:41:51.009  INFO   57 --- [   JobGenerator] org.apache.spark.internal.Logging        : Deleting batches: 1655916109000 ms
2022-06-22 17:41:51.010  INFO   57 --- [   JobGenerator] org.apache.spark.internal.Logging        : remove old batch metadata: 1655916109000 ms
2022-06-22 17:41:51.011  INFO   57 --- [-thread-pool-56] org.apache.spark.internal.Logging        : Removing RDD 19
2022-06-22 17:41:51.414  INFO   57 --- [shutdown-hook-0] org.apache.spark.internal.Logging        : Invoking stop(stopGracefully=false) from shutdown hook
2022-06-22 17:41:51.421  INFO   57 --- [er-event-loop-1] org.apache.spark.internal.Logging        : Sent stop signal to all 1 receivers
2022-06-22 17:41:51.422  INFO   57 --- [er-event-loop-2] org.apache.spark.internal.Logging        : Received stop signal
2022-06-22 17:41:51.424  INFO   57 --- [er-event-loop-2] org.apache.spark.internal.Logging        : Stopping receiver with message: Stopped by driver: 
2022-06-22 17:41:51.424  INFO   57 --- [er-event-loop-2] org.apache.spark.internal.Logging        : Called receiver onStop
2022-06-22 17:41:51.425  INFO   57 --- [er-event-loop-2] org.apache.spark.internal.Logging        : Deregistering receiver 0
2022-06-22 17:41:51.427  ERROR   73 --- [er-event-loop-3] org.apache.spark.internal.Logging        : Deregistered receiver for stream 0: Stopped by driver
2022-06-22 17:41:51.428  INFO   57 --- [er-event-loop-2] org.apache.spark.internal.Logging        : Stopped receiver 0
2022-06-22 17:41:51.430  INFO   57 --- [er-event-loop-2] org.apache.spark.internal.Logging        : Stopping BlockGenerator
2022-06-22 17:41:51.800  INFO   57 --- [er-event-loop-2] org.apache.spark.internal.Logging        : Stopped timer for BlockGenerator after time 1655916111800
2022-06-22 17:41:51.801  INFO   57 --- [er-event-loop-2] org.apache.spark.internal.Logging        : Waiting for block pushing thread to terminate
2022-06-22 17:41:51.803  INFO   57 --- [      Thread-14] org.apache.spark.internal.Logging        : Pushing out the last 0 blocks
2022-06-22 17:41:51.804  INFO   57 --- [      Thread-14] org.apache.spark.internal.Logging        : Stopped block pushing thread
2022-06-22 17:41:51.804  INFO   57 --- [er-event-loop-2] org.apache.spark.internal.Logging        : Stopped BlockGenerator
2022-06-22 17:41:51.806  INFO   57 --- [age 0.0 (TID 0)] org.apache.spark.internal.Logging        : Stopped receiver without error
2022-06-22 17:41:51.821  INFO   57 --- [age 0.0 (TID 0)] org.apache.spark.internal.Logging        : Finished task 0.0 in stage 0.0 (TID 0). 880 bytes result sent to driver
2022-06-22 17:41:51.830  INFO   57 --- [result-getter-0] org.apache.spark.internal.Logging        : Finished task 0.0 in stage 0.0 (TID 0) in 11075 ms on host.docker.internal (executor driver) (1/1)
2022-06-22 17:41:51.835  INFO   57 --- [result-getter-0] org.apache.spark.internal.Logging        : Removed TaskSet 0.0, whose tasks have all completed, from pool 
2022-06-22 17:41:51.846  INFO   57 --- [uler-event-loop] org.apache.spark.internal.Logging        : ResultStage 0 (start at Application.java:128) finished in 11.516 s
2022-06-22 17:41:51.852  INFO   57 --- [uler-event-loop] org.apache.spark.internal.Logging        : Job 0 is finished. Cancelling potential speculative or zombie tasks for this job
2022-06-22 17:41:51.853  INFO   57 --- [uler-event-loop] org.apache.spark.internal.Logging        : Killing all running tasks in stage 0: Stage finished
2022-06-22 17:41:51.857  INFO   57 --- [shutdown-hook-0] org.apache.spark.internal.Logging        : All of the receivers have deregistered successfully
2022-06-22 17:41:51.858  INFO   57 --- [shutdown-hook-0] org.apache.spark.internal.Logging        : ReceiverTracker stopped
2022-06-22 17:41:51.860  INFO   57 --- [shutdown-hook-0] org.apache.spark.internal.Logging        : Stopping JobGenerator immediately
2022-06-22 17:41:51.861  INFO   57 --- [shutdown-hook-0] org.apache.spark.internal.Logging        : Stopped timer for JobGenerator after time 1655916111000
2022-06-22 17:41:51.863  INFO   57 --- [shutdown-hook-0] org.apache.spark.internal.Logging        : Stopped JobGenerator
2022-06-22 17:41:51.874  INFO   57 --- [shutdown-hook-0] org.apache.spark.internal.Logging        : Stopped JobScheduler
2022-06-22 17:41:51.883  INFO 1153 --- [shutdown-hook-0] ject.jetty.server.handler.ContextHandler : Stopped o.s.j.s.ServletContextHandler@f4c0e4e{/streaming,null,STOPPED,@Spark}
2022-06-22 17:41:51.885  INFO 1153 --- [shutdown-hook-0] ject.jetty.server.handler.ContextHandler : Stopped o.s.j.s.ServletContextHandler@34e20e6b{/streaming/json,null,STOPPED,@Spark}
2022-06-22 17:41:51.886  INFO 1153 --- [shutdown-hook-0] ject.jetty.server.handler.ContextHandler : Stopped o.s.j.s.ServletContextHandler@3d98d138{/streaming/batch,null,STOPPED,@Spark}
2022-06-22 17:41:51.887  INFO 1153 --- [shutdown-hook-0] ject.jetty.server.handler.ContextHandler : Stopped o.s.j.s.ServletContextHandler@f2ce6b{/streaming/batch/json,null,STOPPED,@Spark}
2022-06-22 17:41:51.889  INFO 1153 --- [shutdown-hook-0] ject.jetty.server.handler.ContextHandler : Stopped o.s.j.s.ServletContextHandler@dc7b462{/static/streaming,null,STOPPED,@Spark}
2022-06-22 17:41:51.891  INFO  147 --- [           main] com.elite.cdr.validator.Application      : ****************************************************
2022-06-22 17:41:51.891  INFO  148 --- [           main] com.elite.cdr.validator.Application      : Duration: 0.0 seconds
2022-06-22 17:41:51.891  INFO   57 --- [shutdown-hook-0] org.apache.spark.internal.Logging        : StreamingContext stopped successfully
2022-06-22 17:41:51.891  INFO  149 --- [           main] com.elite.cdr.validator.Application      : Batch executed with success
2022-06-22 17:41:51.892  INFO  150 --- [           main] com.elite.cdr.validator.Application      : ****************************************************
2022-06-22 17:41:51.892  INFO   57 --- [shutdown-hook-0] org.apache.spark.internal.Logging        : Invoking stop() from shutdown hook
2022-06-22 17:41:51.903  INFO  381 --- [shutdown-hook-0] rkproject.jetty.server.AbstractConnector : Stopped Spark@64da2a7{HTTP/1.1, (http/1.1)}{0.0.0.0:4040}
2022-06-22 17:41:51.905  INFO   57 --- [shutdown-hook-0] org.apache.spark.internal.Logging        : Stopped Spark web UI at http://host.docker.internal:4040
2022-06-22 17:41:51.923  INFO   57 --- [er-event-loop-3] org.apache.spark.internal.Logging        : MapOutputTrackerMasterEndpoint stopped!
2022-06-22 17:41:51.945  INFO   57 --- [shutdown-hook-0] org.apache.spark.internal.Logging        : MemoryStore cleared
2022-06-22 17:41:51.946  INFO   57 --- [shutdown-hook-0] org.apache.spark.internal.Logging        : BlockManager stopped
2022-06-22 17:41:51.956  INFO   57 --- [shutdown-hook-0] org.apache.spark.internal.Logging        : BlockManagerMaster stopped
2022-06-22 17:41:51.961  INFO   57 --- [er-event-loop-3] org.apache.spark.internal.Logging        : OutputCommitCoordinator stopped!
2022-06-22 17:41:51.966  INFO   57 --- [shutdown-hook-0] org.apache.spark.internal.Logging        : Successfully stopped SparkContext
2022-06-22 17:41:51.967  INFO   57 --- [shutdown-hook-0] org.apache.spark.internal.Logging        : Shutdown hook called
2022-06-22 17:41:51.968  INFO   57 --- [shutdown-hook-0] org.apache.spark.internal.Logging        : Deleting directory C:\Users\Wael Hamdi\AppData\Local\Temp\spark-1013b8bd-d112-4c6d-89a9-dea5a530a8f9
