2022-06-26 14:38:05.580  INFO   54 --- [           main] com.elite.cdr.validator.Application      : Starting ASN1 Reader 
2022-06-26 14:38:05.580  INFO   56 --- [           main] com.elite.cdr.validator.Application      : ############### Run with the args [--env, local, --file, C:\IntelliJProjects\FraudDetectionSpark3\src\main\resources\data\simpleTypes.ber]
2022-06-26 14:38:05.658  INFO   62 --- [           main] com.elite.cdr.validator.Application      : ############### Run in local mode
2022-06-26 14:38:07.173  INFO   57 --- [           main] org.apache.spark.internal.Logging        : Running Spark version 3.2.1
2022-06-26 14:38:07.548  INFO   57 --- [           main] org.apache.spark.internal.Logging        : ==============================================================
2022-06-26 14:38:07.548  INFO   57 --- [           main] org.apache.spark.internal.Logging        : No custom resources configured for spark.driver.
2022-06-26 14:38:07.548  INFO   57 --- [           main] org.apache.spark.internal.Logging        : ==============================================================
2022-06-26 14:38:07.548  INFO   57 --- [           main] org.apache.spark.internal.Logging        : Submitted application: NiFi-Spark Streaming example
2022-06-26 14:38:07.611  INFO   57 --- [           main] org.apache.spark.internal.Logging        : Default ResourceProfile created, executor resources: Map(cores -> name: cores, amount: 1, script: , vendor: , memory -> name: memory, amount: 1024, script: , vendor: , offHeap -> name: offHeap, amount: 0, script: , vendor: ), task resources: Map(cpus -> name: cpus, amount: 1.0)
2022-06-26 14:38:07.627  INFO   57 --- [           main] org.apache.spark.internal.Logging        : Limiting resource is cpu
2022-06-26 14:38:07.627  INFO   57 --- [           main] org.apache.spark.internal.Logging        : Added ResourceProfile id: 0
2022-06-26 14:38:07.814  INFO   57 --- [           main] org.apache.spark.internal.Logging        : Changing view acls to: Wael Hamdi
2022-06-26 14:38:07.814  INFO   57 --- [           main] org.apache.spark.internal.Logging        : Changing modify acls to: Wael Hamdi
2022-06-26 14:38:07.814  INFO   57 --- [           main] org.apache.spark.internal.Logging        : Changing view acls groups to: 
2022-06-26 14:38:07.814  INFO   57 --- [           main] org.apache.spark.internal.Logging        : Changing modify acls groups to: 
2022-06-26 14:38:07.814  INFO   57 --- [           main] org.apache.spark.internal.Logging        : SecurityManager: authentication disabled; ui acls disabled; users  with view permissions: Set(Wael Hamdi); groups with view permissions: Set(); users  with modify permissions: Set(Wael Hamdi); groups with modify permissions: Set()
2022-06-26 14:38:10.267  INFO   57 --- [           main] org.apache.spark.internal.Logging        : Successfully started service 'sparkDriver' on port 64097.
2022-06-26 14:38:10.298  INFO   57 --- [           main] org.apache.spark.internal.Logging        : Registering MapOutputTracker
2022-06-26 14:38:10.361  INFO   57 --- [           main] org.apache.spark.internal.Logging        : Registering BlockManagerMaster
2022-06-26 14:38:10.392  INFO   57 --- [           main] org.apache.spark.internal.Logging        : Using org.apache.spark.storage.DefaultTopologyMapper for getting topology information
2022-06-26 14:38:10.392  INFO   57 --- [           main] org.apache.spark.internal.Logging        : BlockManagerMasterEndpoint up
2022-06-26 14:38:10.392  INFO   57 --- [           main] org.apache.spark.internal.Logging        : Registering BlockManagerMasterHeartbeat
2022-06-26 14:38:10.423  INFO   57 --- [           main] org.apache.spark.internal.Logging        : Created local directory at C:\Users\Wael Hamdi\AppData\Local\Temp\blockmgr-8727d4ac-f25d-40df-aacb-c54365e0d068
2022-06-26 14:38:10.455  INFO   57 --- [           main] org.apache.spark.internal.Logging        : MemoryStore started with capacity 897.6 MiB
2022-06-26 14:38:10.486  INFO   57 --- [           main] org.apache.spark.internal.Logging        : Registering OutputCommitCoordinator
2022-06-26 14:38:10.595  INFO  170 --- [           main] org.sparkproject.jetty.util.log.Log      : Logging initialized @5917ms to org.sparkproject.jetty.util.log.Slf4jLog
2022-06-26 14:38:10.674  INFO  375 --- [           main] org.sparkproject.jetty.server.Server     : jetty-9.4.43.v20210629; built: 2021-06-30T11:07:22.254Z; git: 526006ecfa3af7f1a27ef3a288e2bef7ea9dd7e8; jvm 1.8.0_301-b09
2022-06-26 14:38:10.705  INFO  415 --- [           main] org.sparkproject.jetty.server.Server     : Started @6034ms
2022-06-26 14:38:10.752  INFO  331 --- [           main] rkproject.jetty.server.AbstractConnector : Started ServerConnector@64da2a7{HTTP/1.1, (http/1.1)}{0.0.0.0:4040}
2022-06-26 14:38:10.752  INFO   57 --- [           main] org.apache.spark.internal.Logging        : Successfully started service 'SparkUI' on port 4040.
2022-06-26 14:38:10.783  INFO  915 --- [           main] ject.jetty.server.handler.ContextHandler : Started o.s.j.s.ServletContextHandler@61d9efe0{/jobs,null,AVAILABLE,@Spark}
2022-06-26 14:38:10.798  INFO  915 --- [           main] ject.jetty.server.handler.ContextHandler : Started o.s.j.s.ServletContextHandler@3574e198{/jobs/json,null,AVAILABLE,@Spark}
2022-06-26 14:38:10.798  INFO  915 --- [           main] ject.jetty.server.handler.ContextHandler : Started o.s.j.s.ServletContextHandler@db44aa2{/jobs/job,null,AVAILABLE,@Spark}
2022-06-26 14:38:10.798  INFO  915 --- [           main] ject.jetty.server.handler.ContextHandler : Started o.s.j.s.ServletContextHandler@61a002b1{/jobs/job/json,null,AVAILABLE,@Spark}
2022-06-26 14:38:10.798  INFO  915 --- [           main] ject.jetty.server.handler.ContextHandler : Started o.s.j.s.ServletContextHandler@780ec4a5{/stages,null,AVAILABLE,@Spark}
2022-06-26 14:38:10.798  INFO  915 --- [           main] ject.jetty.server.handler.ContextHandler : Started o.s.j.s.ServletContextHandler@6f70f32f{/stages/json,null,AVAILABLE,@Spark}
2022-06-26 14:38:10.798  INFO  915 --- [           main] ject.jetty.server.handler.ContextHandler : Started o.s.j.s.ServletContextHandler@5aabbb29{/stages/stage,null,AVAILABLE,@Spark}
2022-06-26 14:38:10.798  INFO  915 --- [           main] ject.jetty.server.handler.ContextHandler : Started o.s.j.s.ServletContextHandler@3aa3193a{/stages/stage/json,null,AVAILABLE,@Spark}
2022-06-26 14:38:10.798  INFO  915 --- [           main] ject.jetty.server.handler.ContextHandler : Started o.s.j.s.ServletContextHandler@59a67c3a{/stages/pool,null,AVAILABLE,@Spark}
2022-06-26 14:38:10.798  INFO  915 --- [           main] ject.jetty.server.handler.ContextHandler : Started o.s.j.s.ServletContextHandler@724bade8{/stages/pool/json,null,AVAILABLE,@Spark}
2022-06-26 14:38:10.798  INFO  915 --- [           main] ject.jetty.server.handler.ContextHandler : Started o.s.j.s.ServletContextHandler@6bc248ed{/storage,null,AVAILABLE,@Spark}
2022-06-26 14:38:10.798  INFO  915 --- [           main] ject.jetty.server.handler.ContextHandler : Started o.s.j.s.ServletContextHandler@ca27722{/storage/json,null,AVAILABLE,@Spark}
2022-06-26 14:38:10.798  INFO  915 --- [           main] ject.jetty.server.handler.ContextHandler : Started o.s.j.s.ServletContextHandler@9573b3b{/storage/rdd,null,AVAILABLE,@Spark}
2022-06-26 14:38:10.798  INFO  915 --- [           main] ject.jetty.server.handler.ContextHandler : Started o.s.j.s.ServletContextHandler@78461bc4{/storage/rdd/json,null,AVAILABLE,@Spark}
2022-06-26 14:38:10.814  INFO  915 --- [           main] ject.jetty.server.handler.ContextHandler : Started o.s.j.s.ServletContextHandler@64f857e7{/environment,null,AVAILABLE,@Spark}
2022-06-26 14:38:10.814  INFO  915 --- [           main] ject.jetty.server.handler.ContextHandler : Started o.s.j.s.ServletContextHandler@58c540cf{/environment/json,null,AVAILABLE,@Spark}
2022-06-26 14:38:10.814  INFO  915 --- [           main] ject.jetty.server.handler.ContextHandler : Started o.s.j.s.ServletContextHandler@1b822fcc{/executors,null,AVAILABLE,@Spark}
2022-06-26 14:38:10.814  INFO  915 --- [           main] ject.jetty.server.handler.ContextHandler : Started o.s.j.s.ServletContextHandler@56102e1c{/executors/json,null,AVAILABLE,@Spark}
2022-06-26 14:38:10.814  INFO  915 --- [           main] ject.jetty.server.handler.ContextHandler : Started o.s.j.s.ServletContextHandler@7927bd9f{/executors/threadDump,null,AVAILABLE,@Spark}
2022-06-26 14:38:10.814  INFO  915 --- [           main] ject.jetty.server.handler.ContextHandler : Started o.s.j.s.ServletContextHandler@410954b{/executors/threadDump/json,null,AVAILABLE,@Spark}
2022-06-26 14:38:10.830  INFO  915 --- [           main] ject.jetty.server.handler.ContextHandler : Started o.s.j.s.ServletContextHandler@3b366632{/static,null,AVAILABLE,@Spark}
2022-06-26 14:38:10.830  INFO  915 --- [           main] ject.jetty.server.handler.ContextHandler : Started o.s.j.s.ServletContextHandler@42257bdd{/,null,AVAILABLE,@Spark}
2022-06-26 14:38:10.830  INFO  915 --- [           main] ject.jetty.server.handler.ContextHandler : Started o.s.j.s.ServletContextHandler@687a762c{/api,null,AVAILABLE,@Spark}
2022-06-26 14:38:10.830  INFO  915 --- [           main] ject.jetty.server.handler.ContextHandler : Started o.s.j.s.ServletContextHandler@1b9ea3e3{/jobs/job/kill,null,AVAILABLE,@Spark}
2022-06-26 14:38:10.830  INFO  915 --- [           main] ject.jetty.server.handler.ContextHandler : Started o.s.j.s.ServletContextHandler@55e7a35c{/stages/stage/kill,null,AVAILABLE,@Spark}
2022-06-26 14:38:10.830  INFO   57 --- [           main] org.apache.spark.internal.Logging        : Bound SparkUI to 0.0.0.0, and started at http://host.docker.internal:4040
2022-06-26 14:38:11.111  INFO   57 --- [           main] org.apache.spark.internal.Logging        : Starting executor ID driver on host host.docker.internal
2022-06-26 14:38:11.173  INFO   57 --- [           main] org.apache.spark.internal.Logging        : Successfully started service 'org.apache.spark.network.netty.NettyBlockTransferService' on port 64122.
2022-06-26 14:38:11.173  INFO   82 --- [           main] .network.netty.NettyBlockTransferService : Server created on host.docker.internal:64122
2022-06-26 14:38:11.173  INFO   57 --- [           main] org.apache.spark.internal.Logging        : Using org.apache.spark.storage.RandomBlockReplicationPolicy for block replication policy
2022-06-26 14:38:11.189  INFO   57 --- [           main] org.apache.spark.internal.Logging        : Registering BlockManager BlockManagerId(driver, host.docker.internal, 64122, None)
2022-06-26 14:38:11.189  INFO   57 --- [ckManagerMaster] org.apache.spark.internal.Logging        : Registering block manager host.docker.internal:64122 with 897.6 MiB RAM, BlockManagerId(driver, host.docker.internal, 64122, None)
2022-06-26 14:38:11.189  INFO   57 --- [           main] org.apache.spark.internal.Logging        : Registered BlockManager BlockManagerId(driver, host.docker.internal, 64122, None)
2022-06-26 14:38:11.205  INFO   57 --- [           main] org.apache.spark.internal.Logging        : Initialized BlockManager: BlockManagerId(driver, host.docker.internal, 64122, None)
2022-06-26 14:38:11.502  INFO  915 --- [           main] ject.jetty.server.handler.ContextHandler : Started o.s.j.s.ServletContextHandler@28cb9120{/metrics/json,null,AVAILABLE,@Spark}
2022-06-26 14:38:12.392  INFO   57 --- [streaming-start] org.apache.spark.internal.Logging        : Starting 1 receivers
2022-06-26 14:38:12.392  INFO   57 --- [streaming-start] org.apache.spark.internal.Logging        : ReceiverTracker started
2022-06-26 14:38:12.408  INFO   57 --- [streaming-start] org.apache.spark.internal.Logging        : Slide time = 5000 ms
2022-06-26 14:38:12.408  INFO   57 --- [streaming-start] org.apache.spark.internal.Logging        : Storage level = Serialized 1x Replicated
2022-06-26 14:38:12.408  INFO   57 --- [streaming-start] org.apache.spark.internal.Logging        : Checkpoint interval = null
2022-06-26 14:38:12.423  INFO   57 --- [streaming-start] org.apache.spark.internal.Logging        : Remember interval = 5000 ms
2022-06-26 14:38:12.423  INFO   57 --- [streaming-start] org.apache.spark.internal.Logging        : Initialized and validated org.apache.spark.streaming.dstream.PluggableInputDStream@7601398b
2022-06-26 14:38:12.423  INFO   57 --- [streaming-start] org.apache.spark.internal.Logging        : Slide time = 5000 ms
2022-06-26 14:38:12.423  INFO   57 --- [streaming-start] org.apache.spark.internal.Logging        : Storage level = Serialized 1x Replicated
2022-06-26 14:38:12.423  INFO   57 --- [streaming-start] org.apache.spark.internal.Logging        : Checkpoint interval = null
2022-06-26 14:38:12.423  INFO   57 --- [streaming-start] org.apache.spark.internal.Logging        : Remember interval = 5000 ms
2022-06-26 14:38:12.423  INFO   57 --- [streaming-start] org.apache.spark.internal.Logging        : Initialized and validated org.apache.spark.streaming.dstream.MappedDStream@6e043ee1
2022-06-26 14:38:12.423  INFO   57 --- [streaming-start] org.apache.spark.internal.Logging        : Slide time = 5000 ms
2022-06-26 14:38:12.423  INFO   57 --- [streaming-start] org.apache.spark.internal.Logging        : Storage level = Serialized 1x Replicated
2022-06-26 14:38:12.423  INFO   57 --- [streaming-start] org.apache.spark.internal.Logging        : Checkpoint interval = null
2022-06-26 14:38:12.423  INFO   57 --- [streaming-start] org.apache.spark.internal.Logging        : Remember interval = 5000 ms
2022-06-26 14:38:12.423  INFO   57 --- [streaming-start] org.apache.spark.internal.Logging        : Initialized and validated org.apache.spark.streaming.dstream.ForEachDStream@404cad2
2022-06-26 14:38:12.423  INFO   57 --- [streaming-start] org.apache.spark.internal.Logging        : Slide time = 5000 ms
2022-06-26 14:38:12.423  INFO   57 --- [streaming-start] org.apache.spark.internal.Logging        : Storage level = Serialized 1x Replicated
2022-06-26 14:38:12.423  INFO   57 --- [streaming-start] org.apache.spark.internal.Logging        : Checkpoint interval = null
2022-06-26 14:38:12.423  INFO   57 --- [streaming-start] org.apache.spark.internal.Logging        : Remember interval = 5000 ms
2022-06-26 14:38:12.423  INFO   57 --- [streaming-start] org.apache.spark.internal.Logging        : Initialized and validated org.apache.spark.streaming.dstream.PluggableInputDStream@7601398b
2022-06-26 14:38:12.423  INFO   57 --- [streaming-start] org.apache.spark.internal.Logging        : Slide time = 5000 ms
2022-06-26 14:38:12.423  INFO   57 --- [streaming-start] org.apache.spark.internal.Logging        : Storage level = Serialized 1x Replicated
2022-06-26 14:38:12.423  INFO   57 --- [streaming-start] org.apache.spark.internal.Logging        : Checkpoint interval = null
2022-06-26 14:38:12.423  INFO   57 --- [streaming-start] org.apache.spark.internal.Logging        : Remember interval = 5000 ms
2022-06-26 14:38:12.423  INFO   57 --- [streaming-start] org.apache.spark.internal.Logging        : Initialized and validated org.apache.spark.streaming.dstream.MappedDStream@6e043ee1
2022-06-26 14:38:12.423  INFO   57 --- [streaming-start] org.apache.spark.internal.Logging        : Slide time = 5000 ms
2022-06-26 14:38:12.423  INFO   57 --- [streaming-start] org.apache.spark.internal.Logging        : Storage level = Serialized 1x Replicated
2022-06-26 14:38:12.423  INFO   57 --- [streaming-start] org.apache.spark.internal.Logging        : Checkpoint interval = null
2022-06-26 14:38:12.423  INFO   57 --- [streaming-start] org.apache.spark.internal.Logging        : Remember interval = 5000 ms
2022-06-26 14:38:12.423  INFO   57 --- [streaming-start] org.apache.spark.internal.Logging        : Initialized and validated org.apache.spark.streaming.dstream.ForEachDStream@2a21f046
2022-06-26 14:38:12.580  INFO   57 --- [streaming-start] org.apache.spark.internal.Logging        : Started timer for JobGenerator at time 1656250695000
2022-06-26 14:38:12.580  INFO   57 --- [streaming-start] org.apache.spark.internal.Logging        : Started JobGenerator at 1656250695000 ms
2022-06-26 14:38:12.580  INFO   57 --- [streaming-start] org.apache.spark.internal.Logging        : Started JobScheduler
2022-06-26 14:38:12.595  INFO  915 --- [           main] ject.jetty.server.handler.ContextHandler : Started o.s.j.s.ServletContextHandler@1686f0b4{/streaming,null,AVAILABLE,@Spark}
2022-06-26 14:38:12.601  INFO  915 --- [           main] ject.jetty.server.handler.ContextHandler : Started o.s.j.s.ServletContextHandler@3900fa71{/streaming/json,null,AVAILABLE,@Spark}
2022-06-26 14:38:12.603  INFO  915 --- [           main] ject.jetty.server.handler.ContextHandler : Started o.s.j.s.ServletContextHandler@6b667cb3{/streaming/batch,null,AVAILABLE,@Spark}
2022-06-26 14:38:12.605  INFO  915 --- [           main] ject.jetty.server.handler.ContextHandler : Started o.s.j.s.ServletContextHandler@61e3cf4d{/streaming/batch/json,null,AVAILABLE,@Spark}
2022-06-26 14:38:12.609  INFO  915 --- [           main] ject.jetty.server.handler.ContextHandler : Started o.s.j.s.ServletContextHandler@3157e4c0{/static/streaming,null,AVAILABLE,@Spark}
2022-06-26 14:38:12.610  INFO   57 --- [           main] org.apache.spark.internal.Logging        : StreamingContext started
2022-06-26 14:38:12.617  INFO   57 --- [er-event-loop-3] org.apache.spark.internal.Logging        : Receiver 0 started
2022-06-26 14:38:12.640  INFO   57 --- [uler-event-loop] org.apache.spark.internal.Logging        : Got job 0 (start at Application.java:218) with 1 output partitions
2022-06-26 14:38:12.641  INFO   57 --- [uler-event-loop] org.apache.spark.internal.Logging        : Final stage: ResultStage 0 (start at Application.java:218)
2022-06-26 14:38:12.641  INFO   57 --- [uler-event-loop] org.apache.spark.internal.Logging        : Parents of final stage: List()
2022-06-26 14:38:12.645  INFO   57 --- [uler-event-loop] org.apache.spark.internal.Logging        : Missing parents: List()
2022-06-26 14:38:12.656  INFO   57 --- [uler-event-loop] org.apache.spark.internal.Logging        : Submitting ResultStage 0 (Receiver 0 ParallelCollectionRDD[0] at makeRDD at ReceiverTracker.scala:609), which has no missing parents
2022-06-26 14:38:12.966  INFO   57 --- [uler-event-loop] org.apache.spark.internal.Logging        : Block broadcast_0 stored as values in memory (estimated size 97.5 KiB, free 897.5 MiB)
2022-06-26 14:38:13.164  INFO   57 --- [uler-event-loop] org.apache.spark.internal.Logging        : Block broadcast_0_piece0 stored as bytes in memory (estimated size 34.2 KiB, free 897.5 MiB)
2022-06-26 14:38:13.170  INFO   57 --- [ckManagerMaster] org.apache.spark.internal.Logging        : Added broadcast_0_piece0 in memory on host.docker.internal:64122 (size: 34.2 KiB, free: 897.6 MiB)
2022-06-26 14:38:13.177  INFO   57 --- [uler-event-loop] org.apache.spark.internal.Logging        : Created broadcast 0 from broadcast at DAGScheduler.scala:1478
2022-06-26 14:38:13.202  INFO   57 --- [uler-event-loop] org.apache.spark.internal.Logging        : Submitting 1 missing tasks from ResultStage 0 (Receiver 0 ParallelCollectionRDD[0] at makeRDD at ReceiverTracker.scala:609) (first 15 tasks are for partitions Vector(0))
2022-06-26 14:38:13.203  INFO   57 --- [uler-event-loop] org.apache.spark.internal.Logging        : Adding task set 0.0 with 1 tasks resource profile 0
2022-06-26 14:38:13.307  INFO   57 --- [er-event-loop-0] org.apache.spark.internal.Logging        : Starting task 0.0 in stage 0.0 (TID 0) (host.docker.internal, executor driver, partition 0, PROCESS_LOCAL, 6218 bytes) taskResourceAssignments Map()
2022-06-26 14:38:13.341  INFO   57 --- [age 0.0 (TID 0)] org.apache.spark.internal.Logging        : Running task 0.0 in stage 0.0 (TID 0)
2022-06-26 14:38:13.736  INFO   57 --- [age 0.0 (TID 0)] org.apache.spark.internal.Logging        : Started timer for BlockGenerator at time 1656250693800
2022-06-26 14:38:13.737  INFO   57 --- [age 0.0 (TID 0)] org.apache.spark.internal.Logging        : Started BlockGenerator
2022-06-26 14:38:13.737  INFO   57 --- [      Thread-14] org.apache.spark.internal.Logging        : Started block pushing thread
2022-06-26 14:38:13.751  INFO   57 --- [er-event-loop-0] org.apache.spark.internal.Logging        : Registered receiver for stream 0 from host.docker.internal:64097
2022-06-26 14:38:13.752  INFO   57 --- [age 0.0 (TID 0)] org.apache.spark.internal.Logging        : Starting receiver 0
2022-06-26 14:38:13.755  INFO   57 --- [age 0.0 (TID 0)] org.apache.spark.internal.Logging        : Called receiver 0 onStart
2022-06-26 14:38:13.756  INFO   57 --- [age 0.0 (TID 0)] org.apache.spark.internal.Logging        : Waiting for receiver to be stopped
2022-06-26 14:38:15.055  INFO   57 --- [   JobGenerator] org.apache.spark.internal.Logging        : Added jobs for time 1656250695000 ms
2022-06-26 14:38:15.076  INFO   57 --- [   JobScheduler] org.apache.spark.internal.Logging        : Starting job streaming job 1656250695000 ms.0 from job set of time 1656250695000 ms
2022-06-26 14:38:15.137  WARN   69 --- [-job-executor-0] org.apache.spark.internal.Logging        : Using an existing SparkContext; some configuration may not take effect.
2022-06-26 14:38:15.563  INFO   57 --- [   JobScheduler] org.apache.spark.internal.Logging        : Finished job streaming job 1656250695000 ms.0 from job set of time 1656250695000 ms
2022-06-26 14:38:15.565  INFO   57 --- [   JobScheduler] org.apache.spark.internal.Logging        : Starting job streaming job 1656250695000 ms.1 from job set of time 1656250695000 ms
2022-06-26 14:38:15.571  INFO   57 --- [   JobScheduler] org.apache.spark.internal.Logging        : Finished job streaming job 1656250695000 ms.1 from job set of time 1656250695000 ms
2022-06-26 14:38:15.575  INFO   57 --- [   JobScheduler] org.apache.spark.internal.Logging        : Total delay: 0.571 s for time 1656250695000 ms (execution: 0.513 s)
2022-06-26 14:38:15.588  INFO   57 --- [   JobGenerator] org.apache.spark.internal.Logging        : Deleting batches: 
2022-06-26 14:38:15.594  INFO   57 --- [   JobGenerator] org.apache.spark.internal.Logging        : remove old batch metadata: 
2022-06-26 14:38:17.989  INFO  571 --- [ool Maintenance] g.apache.nifi.remote.client.PeerSelector : Successfully refreshed peer status cache; remote group consists of 1 peers
2022-06-26 14:38:17.989  INFO  571 --- [  NiFi Receiver] g.apache.nifi.remote.client.PeerSelector : Successfully refreshed peer status cache; remote group consists of 1 peers
2022-06-26 14:38:18.194  INFO   57 --- [  NiFi Receiver] org.apache.spark.internal.Logging        : Block input-0-1656250693722 stored as values in memory (estimated size 503.2 KiB, free 897.0 MiB)
2022-06-26 14:38:18.195  INFO   57 --- [ckManagerMaster] org.apache.spark.internal.Logging        : Added input-0-1656250693722 in memory on host.docker.internal:64122 (size: 503.2 KiB, free: 897.1 MiB)
2022-06-26 14:38:20.010  INFO   57 --- [   JobGenerator] org.apache.spark.internal.Logging        : Added jobs for time 1656250700000 ms
2022-06-26 14:38:20.011  INFO   57 --- [   JobScheduler] org.apache.spark.internal.Logging        : Starting job streaming job 1656250700000 ms.0 from job set of time 1656250700000 ms
2022-06-26 14:38:20.128  INFO   57 --- [-job-executor-0] org.apache.spark.internal.Logging        : Setting hive.metastore.warehouse.dir ('null') to the value of spark.sql.warehouse.dir.
2022-06-26 14:38:20.749  INFO   57 --- [-job-executor-0] org.apache.spark.internal.Logging        : Warehouse path is 'file:/C:/IntelliJProjects/NifiSparkStreaming/spark-warehouse'.
2022-06-26 14:38:20.767  INFO  915 --- [-job-executor-0] ject.jetty.server.handler.ContextHandler : Started o.s.j.s.ServletContextHandler@42248b25{/SQL,null,AVAILABLE,@Spark}
2022-06-26 14:38:20.768  INFO  915 --- [-job-executor-0] ject.jetty.server.handler.ContextHandler : Started o.s.j.s.ServletContextHandler@6edb2407{/SQL/json,null,AVAILABLE,@Spark}
2022-06-26 14:38:20.770  INFO  915 --- [-job-executor-0] ject.jetty.server.handler.ContextHandler : Started o.s.j.s.ServletContextHandler@451d3adc{/SQL/execution,null,AVAILABLE,@Spark}
2022-06-26 14:38:20.771  INFO  915 --- [-job-executor-0] ject.jetty.server.handler.ContextHandler : Started o.s.j.s.ServletContextHandler@25682527{/SQL/execution/json,null,AVAILABLE,@Spark}
2022-06-26 14:38:20.773  INFO  915 --- [-job-executor-0] ject.jetty.server.handler.ContextHandler : Started o.s.j.s.ServletContextHandler@4e615a77{/static/sql,null,AVAILABLE,@Spark}
2022-06-26 14:38:21.811  WARN   69 --- [-job-executor-0] org.apache.spark.internal.Logging        : Using an existing SparkSession; some spark core configurations may not take effect.
2022-06-26 14:38:21.814  INFO   57 --- [   JobScheduler] org.apache.spark.internal.Logging        : Finished job streaming job 1656250700000 ms.0 from job set of time 1656250700000 ms
2022-06-26 14:38:21.815  INFO   57 --- [   JobScheduler] org.apache.spark.internal.Logging        : Starting job streaming job 1656250700000 ms.1 from job set of time 1656250700000 ms
2022-06-26 14:38:21.842  INFO   57 --- [-job-executor-0] org.apache.spark.internal.Logging        : Starting job: print at Application.java:215
2022-06-26 14:38:21.846  INFO   57 --- [uler-event-loop] org.apache.spark.internal.Logging        : Got job 1 (print at Application.java:215) with 1 output partitions
2022-06-26 14:38:21.847  INFO   57 --- [uler-event-loop] org.apache.spark.internal.Logging        : Final stage: ResultStage 1 (print at Application.java:215)
2022-06-26 14:38:21.848  INFO   57 --- [uler-event-loop] org.apache.spark.internal.Logging        : Parents of final stage: List()
2022-06-26 14:38:21.848  INFO   57 --- [uler-event-loop] org.apache.spark.internal.Logging        : Missing parents: List()
2022-06-26 14:38:21.851  INFO   57 --- [uler-event-loop] org.apache.spark.internal.Logging        : Submitting ResultStage 1 (MapPartitionsRDD[5] at map at Application.java:130), which has no missing parents
2022-06-26 14:38:21.865  INFO   57 --- [uler-event-loop] org.apache.spark.internal.Logging        : Block broadcast_1 stored as values in memory (estimated size 4.4 KiB, free 897.0 MiB)
2022-06-26 14:38:21.872  INFO   57 --- [uler-event-loop] org.apache.spark.internal.Logging        : Block broadcast_1_piece0 stored as bytes in memory (estimated size 2.4 KiB, free 897.0 MiB)
2022-06-26 14:38:21.874  INFO   57 --- [ckManagerMaster] org.apache.spark.internal.Logging        : Added broadcast_1_piece0 in memory on host.docker.internal:64122 (size: 2.4 KiB, free: 897.1 MiB)
2022-06-26 14:38:21.875  INFO   57 --- [uler-event-loop] org.apache.spark.internal.Logging        : Created broadcast 1 from broadcast at DAGScheduler.scala:1478
2022-06-26 14:38:21.877  INFO   57 --- [uler-event-loop] org.apache.spark.internal.Logging        : Submitting 1 missing tasks from ResultStage 1 (MapPartitionsRDD[5] at map at Application.java:130) (first 15 tasks are for partitions Vector(0))
2022-06-26 14:38:21.878  INFO   57 --- [uler-event-loop] org.apache.spark.internal.Logging        : Adding task set 1.0 with 1 tasks resource profile 0
2022-06-26 14:38:21.883  INFO   57 --- [er-event-loop-2] org.apache.spark.internal.Logging        : Starting task 0.0 in stage 1.0 (TID 1) (host.docker.internal, executor driver, partition 0, PROCESS_LOCAL, 4394 bytes) taskResourceAssignments Map()
2022-06-26 14:38:21.911  INFO   57 --- [age 1.0 (TID 1)] org.apache.spark.internal.Logging        : Running task 0.0 in stage 1.0 (TID 1)
2022-06-26 14:38:22.144  INFO   57 --- [age 1.0 (TID 1)] org.apache.spark.internal.Logging        : Found block input-0-1656250693722 locally
2022-06-26 14:38:22.258  INFO   57 --- [age 1.0 (TID 1)] org.apache.spark.internal.Logging        : Finished task 0.0 in stage 1.0 (TID 1). 39484 bytes result sent to driver
2022-06-26 14:38:22.282  INFO   57 --- [result-getter-0] org.apache.spark.internal.Logging        : Finished task 0.0 in stage 1.0 (TID 1) in 399 ms on host.docker.internal (executor driver) (1/1)
2022-06-26 14:38:22.287  INFO   57 --- [result-getter-0] org.apache.spark.internal.Logging        : Removed TaskSet 1.0, whose tasks have all completed, from pool 
2022-06-26 14:38:22.300  INFO   57 --- [uler-event-loop] org.apache.spark.internal.Logging        : ResultStage 1 (print at Application.java:215) finished in 0.438 s
2022-06-26 14:38:22.308  INFO   57 --- [uler-event-loop] org.apache.spark.internal.Logging        : Job 1 is finished. Cancelling potential speculative or zombie tasks for this job
2022-06-26 14:38:22.309  INFO   57 --- [uler-event-loop] org.apache.spark.internal.Logging        : Killing all running tasks in stage 1: Stage finished
2022-06-26 14:38:22.313  INFO   57 --- [-job-executor-0] org.apache.spark.internal.Logging        : Job 1 finished: print at Application.java:215, took 0.469539 s
2022-06-26 14:38:22.330  INFO   57 --- [   JobScheduler] org.apache.spark.internal.Logging        : Finished job streaming job 1656250700000 ms.1 from job set of time 1656250700000 ms
2022-06-26 14:38:22.332  INFO   57 --- [   JobScheduler] org.apache.spark.internal.Logging        : Total delay: 2.330 s for time 1656250700000 ms (execution: 2.320 s)
2022-06-26 14:38:22.335  INFO   57 --- [   JobGenerator] org.apache.spark.internal.Logging        : Removing RDD 2 from persistence list
2022-06-26 14:38:22.375  INFO   57 --- [   JobGenerator] org.apache.spark.internal.Logging        : Removing RDD 1 from persistence list
2022-06-26 14:38:22.378  INFO   57 --- [   JobGenerator] org.apache.spark.internal.Logging        : Removing blocks of RDD BlockRDD[1] at receiverStream at Application.java:125 of time 1656250700000 ms
2022-06-26 14:38:22.389  INFO   57 --- [   JobGenerator] org.apache.spark.internal.Logging        : Deleting batches: 
2022-06-26 14:38:22.390  INFO   57 --- [   JobGenerator] org.apache.spark.internal.Logging        : remove old batch metadata: 
2022-06-26 14:38:22.390  INFO   57 --- [c-thread-pool-0] org.apache.spark.internal.Logging        : Removing RDD 2
2022-06-26 14:38:22.390  INFO   57 --- [c-thread-pool-1] org.apache.spark.internal.Logging        : Removing RDD 1
2022-06-26 14:38:22.989  WARN   69 --- [tor-heartbeater] org.apache.spark.internal.Logging        : Exception when trying to compute pagesize, as a result reporting of ProcessTree metrics is stopped
2022-06-26 14:38:25.007  INFO   57 --- [   JobGenerator] org.apache.spark.internal.Logging        : Added jobs for time 1656250705000 ms
2022-06-26 14:38:25.010  WARN   69 --- [-job-executor-0] org.apache.spark.internal.Logging        : Using an existing SparkSession; the static sql configurations will not take effect.
2022-06-26 14:38:25.010  WARN   69 --- [-job-executor-0] org.apache.spark.internal.Logging        : Using an existing SparkSession; some spark core configurations may not take effect.
2022-06-26 14:38:25.011  INFO   57 --- [   JobScheduler] org.apache.spark.internal.Logging        : Starting job streaming job 1656250705000 ms.0 from job set of time 1656250705000 ms
2022-06-26 14:38:25.016  INFO   57 --- [   JobScheduler] org.apache.spark.internal.Logging        : Finished job streaming job 1656250705000 ms.0 from job set of time 1656250705000 ms
2022-06-26 14:38:25.017  INFO   57 --- [   JobScheduler] org.apache.spark.internal.Logging        : Starting job streaming job 1656250705000 ms.1 from job set of time 1656250705000 ms
2022-06-26 14:38:25.017  INFO   57 --- [   JobScheduler] org.apache.spark.internal.Logging        : Finished job streaming job 1656250705000 ms.1 from job set of time 1656250705000 ms
2022-06-26 14:38:25.018  INFO   57 --- [   JobScheduler] org.apache.spark.internal.Logging        : Total delay: 0.017 s for time 1656250705000 ms (execution: 0.007 s)
2022-06-26 14:38:25.019  INFO   57 --- [   JobGenerator] org.apache.spark.internal.Logging        : Removing RDD 5 from persistence list
2022-06-26 14:38:25.021  INFO   57 --- [   JobGenerator] org.apache.spark.internal.Logging        : Removing RDD 4 from persistence list
2022-06-26 14:38:25.023  INFO   57 --- [   JobGenerator] org.apache.spark.internal.Logging        : Removing blocks of RDD BlockRDD[4] at receiverStream at Application.java:125 of time 1656250705000 ms
2022-06-26 14:38:25.028  INFO   57 --- [c-thread-pool-6] org.apache.spark.internal.Logging        : Removing RDD 5
2022-06-26 14:38:25.030  INFO   57 --- [   JobGenerator] org.apache.spark.internal.Logging        : Deleting batches: 1656250695000 ms
2022-06-26 14:38:25.032  INFO   57 --- [   JobGenerator] org.apache.spark.internal.Logging        : remove old batch metadata: 1656250695000 ms
2022-06-26 14:38:25.032  INFO   57 --- [c-thread-pool-7] org.apache.spark.internal.Logging        : Removing RDD 4
2022-06-26 14:38:25.036  INFO   57 --- [ckManagerMaster] org.apache.spark.internal.Logging        : Removed input-0-1656250693722 on host.docker.internal:64122 in memory (size: 503.2 KiB, free: 897.6 MiB)
2022-06-26 14:38:30.007  INFO   57 --- [   JobGenerator] org.apache.spark.internal.Logging        : Added jobs for time 1656250710000 ms
2022-06-26 14:38:30.007  INFO   57 --- [   JobScheduler] org.apache.spark.internal.Logging        : Starting job streaming job 1656250710000 ms.0 from job set of time 1656250710000 ms
2022-06-26 14:38:30.008  WARN   69 --- [-job-executor-0] org.apache.spark.internal.Logging        : Using an existing SparkSession; the static sql configurations will not take effect.
2022-06-26 14:38:30.009  WARN   69 --- [-job-executor-0] org.apache.spark.internal.Logging        : Using an existing SparkSession; some spark core configurations may not take effect.
2022-06-26 14:38:30.011  INFO   57 --- [   JobScheduler] org.apache.spark.internal.Logging        : Finished job streaming job 1656250710000 ms.0 from job set of time 1656250710000 ms
2022-06-26 14:38:30.012  INFO   57 --- [   JobScheduler] org.apache.spark.internal.Logging        : Starting job streaming job 1656250710000 ms.1 from job set of time 1656250710000 ms
2022-06-26 14:38:30.012  INFO   57 --- [   JobScheduler] org.apache.spark.internal.Logging        : Finished job streaming job 1656250710000 ms.1 from job set of time 1656250710000 ms
2022-06-26 14:38:30.013  INFO   57 --- [   JobScheduler] org.apache.spark.internal.Logging        : Total delay: 0.012 s for time 1656250710000 ms (execution: 0.005 s)
2022-06-26 14:38:30.013  INFO   57 --- [   JobGenerator] org.apache.spark.internal.Logging        : Removing RDD 8 from persistence list
2022-06-26 14:38:30.014  INFO   57 --- [   JobGenerator] org.apache.spark.internal.Logging        : Removing RDD 7 from persistence list
2022-06-26 14:38:30.014  INFO   57 --- [-thread-pool-15] org.apache.spark.internal.Logging        : Removing RDD 8
2022-06-26 14:38:30.016  INFO   57 --- [   JobGenerator] org.apache.spark.internal.Logging        : Removing blocks of RDD BlockRDD[7] at receiverStream at Application.java:125 of time 1656250710000 ms
2022-06-26 14:38:30.017  INFO   57 --- [-thread-pool-17] org.apache.spark.internal.Logging        : Removing RDD 7
2022-06-26 14:38:30.018  INFO   57 --- [   JobGenerator] org.apache.spark.internal.Logging        : Deleting batches: 1656250700000 ms
2022-06-26 14:38:30.018  INFO   57 --- [   JobGenerator] org.apache.spark.internal.Logging        : remove old batch metadata: 1656250700000 ms
2022-06-26 14:38:35.003  INFO   57 --- [   JobGenerator] org.apache.spark.internal.Logging        : Added jobs for time 1656250715000 ms
2022-06-26 14:38:35.003  INFO   57 --- [   JobScheduler] org.apache.spark.internal.Logging        : Starting job streaming job 1656250715000 ms.0 from job set of time 1656250715000 ms
2022-06-26 14:38:35.004  WARN   69 --- [-job-executor-0] org.apache.spark.internal.Logging        : Using an existing SparkSession; the static sql configurations will not take effect.
2022-06-26 14:38:35.005  WARN   69 --- [-job-executor-0] org.apache.spark.internal.Logging        : Using an existing SparkSession; some spark core configurations may not take effect.
2022-06-26 14:38:35.007  INFO   57 --- [   JobScheduler] org.apache.spark.internal.Logging        : Finished job streaming job 1656250715000 ms.0 from job set of time 1656250715000 ms
2022-06-26 14:38:35.007  INFO   57 --- [   JobScheduler] org.apache.spark.internal.Logging        : Starting job streaming job 1656250715000 ms.1 from job set of time 1656250715000 ms
2022-06-26 14:38:35.008  INFO   57 --- [   JobScheduler] org.apache.spark.internal.Logging        : Finished job streaming job 1656250715000 ms.1 from job set of time 1656250715000 ms
2022-06-26 14:38:35.008  INFO   57 --- [   JobScheduler] org.apache.spark.internal.Logging        : Total delay: 0.008 s for time 1656250715000 ms (execution: 0.005 s)
2022-06-26 14:38:35.009  INFO   57 --- [   JobGenerator] org.apache.spark.internal.Logging        : Removing RDD 11 from persistence list
2022-06-26 14:38:35.010  INFO   57 --- [   JobGenerator] org.apache.spark.internal.Logging        : Removing RDD 10 from persistence list
2022-06-26 14:38:35.010  INFO   57 --- [-thread-pool-21] org.apache.spark.internal.Logging        : Removing RDD 11
2022-06-26 14:38:35.011  INFO   57 --- [   JobGenerator] org.apache.spark.internal.Logging        : Removing blocks of RDD BlockRDD[10] at receiverStream at Application.java:125 of time 1656250715000 ms
2022-06-26 14:38:35.012  INFO   57 --- [-thread-pool-23] org.apache.spark.internal.Logging        : Removing RDD 10
2022-06-26 14:38:35.012  INFO   57 --- [   JobGenerator] org.apache.spark.internal.Logging        : Deleting batches: 1656250705000 ms
2022-06-26 14:38:35.014  INFO   57 --- [   JobGenerator] org.apache.spark.internal.Logging        : remove old batch metadata: 1656250705000 ms
2022-06-26 14:38:40.005  INFO   57 --- [   JobGenerator] org.apache.spark.internal.Logging        : Added jobs for time 1656250720000 ms
2022-06-26 14:38:40.006  INFO   57 --- [   JobScheduler] org.apache.spark.internal.Logging        : Starting job streaming job 1656250720000 ms.0 from job set of time 1656250720000 ms
2022-06-26 14:38:40.007  WARN   69 --- [-job-executor-0] org.apache.spark.internal.Logging        : Using an existing SparkSession; the static sql configurations will not take effect.
2022-06-26 14:38:40.008  WARN   69 --- [-job-executor-0] org.apache.spark.internal.Logging        : Using an existing SparkSession; some spark core configurations may not take effect.
2022-06-26 14:38:40.010  INFO   57 --- [   JobScheduler] org.apache.spark.internal.Logging        : Finished job streaming job 1656250720000 ms.0 from job set of time 1656250720000 ms
2022-06-26 14:38:40.011  INFO   57 --- [   JobScheduler] org.apache.spark.internal.Logging        : Starting job streaming job 1656250720000 ms.1 from job set of time 1656250720000 ms
2022-06-26 14:38:40.011  INFO   57 --- [   JobScheduler] org.apache.spark.internal.Logging        : Finished job streaming job 1656250720000 ms.1 from job set of time 1656250720000 ms
2022-06-26 14:38:40.012  INFO   57 --- [   JobScheduler] org.apache.spark.internal.Logging        : Total delay: 0.011 s for time 1656250720000 ms (execution: 0.005 s)
2022-06-26 14:38:40.012  INFO   57 --- [   JobGenerator] org.apache.spark.internal.Logging        : Removing RDD 14 from persistence list
2022-06-26 14:38:40.014  INFO   57 --- [   JobGenerator] org.apache.spark.internal.Logging        : Removing RDD 13 from persistence list
2022-06-26 14:38:40.015  INFO   57 --- [-thread-pool-27] org.apache.spark.internal.Logging        : Removing RDD 14
2022-06-26 14:38:40.017  INFO   57 --- [   JobGenerator] org.apache.spark.internal.Logging        : Removing blocks of RDD BlockRDD[13] at receiverStream at Application.java:125 of time 1656250720000 ms
2022-06-26 14:38:40.019  INFO   57 --- [   JobGenerator] org.apache.spark.internal.Logging        : Deleting batches: 1656250710000 ms
2022-06-26 14:38:40.019  INFO   57 --- [-thread-pool-30] org.apache.spark.internal.Logging        : Removing RDD 13
2022-06-26 14:38:40.019  INFO   57 --- [   JobGenerator] org.apache.spark.internal.Logging        : remove old batch metadata: 1656250710000 ms
2022-06-26 14:38:45.004  INFO   57 --- [   JobGenerator] org.apache.spark.internal.Logging        : Added jobs for time 1656250725000 ms
2022-06-26 14:38:45.005  WARN   69 --- [-job-executor-0] org.apache.spark.internal.Logging        : Using an existing SparkSession; the static sql configurations will not take effect.
2022-06-26 14:38:45.005  WARN   69 --- [-job-executor-0] org.apache.spark.internal.Logging        : Using an existing SparkSession; some spark core configurations may not take effect.
2022-06-26 14:38:45.004  INFO   57 --- [   JobScheduler] org.apache.spark.internal.Logging        : Starting job streaming job 1656250725000 ms.0 from job set of time 1656250725000 ms
2022-06-26 14:38:45.007  INFO   57 --- [   JobScheduler] org.apache.spark.internal.Logging        : Finished job streaming job 1656250725000 ms.0 from job set of time 1656250725000 ms
2022-06-26 14:38:45.008  INFO   57 --- [   JobScheduler] org.apache.spark.internal.Logging        : Starting job streaming job 1656250725000 ms.1 from job set of time 1656250725000 ms
2022-06-26 14:38:45.009  INFO   57 --- [   JobScheduler] org.apache.spark.internal.Logging        : Finished job streaming job 1656250725000 ms.1 from job set of time 1656250725000 ms
2022-06-26 14:38:45.009  INFO   57 --- [   JobScheduler] org.apache.spark.internal.Logging        : Total delay: 0.008 s for time 1656250725000 ms (execution: 0.004 s)
2022-06-26 14:38:45.009  INFO   57 --- [   JobGenerator] org.apache.spark.internal.Logging        : Removing RDD 17 from persistence list
2022-06-26 14:38:45.011  INFO   57 --- [   JobGenerator] org.apache.spark.internal.Logging        : Removing RDD 16 from persistence list
2022-06-26 14:38:45.011  INFO   57 --- [-thread-pool-33] org.apache.spark.internal.Logging        : Removing RDD 17
2022-06-26 14:38:45.013  INFO   57 --- [   JobGenerator] org.apache.spark.internal.Logging        : Removing blocks of RDD BlockRDD[16] at receiverStream at Application.java:125 of time 1656250725000 ms
2022-06-26 14:38:45.014  INFO   57 --- [-thread-pool-34] org.apache.spark.internal.Logging        : Removing RDD 16
2022-06-26 14:38:45.014  INFO   57 --- [   JobGenerator] org.apache.spark.internal.Logging        : Deleting batches: 1656250715000 ms
2022-06-26 14:38:45.015  INFO   57 --- [   JobGenerator] org.apache.spark.internal.Logging        : remove old batch metadata: 1656250715000 ms
2022-06-26 14:38:46.060  INFO   57 --- [shutdown-hook-0] org.apache.spark.internal.Logging        : Invoking stop(stopGracefully=false) from shutdown hook
2022-06-26 14:38:46.066  INFO   57 --- [er-event-loop-3] org.apache.spark.internal.Logging        : Sent stop signal to all 1 receivers
2022-06-26 14:38:46.068  INFO   57 --- [er-event-loop-0] org.apache.spark.internal.Logging        : Received stop signal
2022-06-26 14:38:46.069  INFO   57 --- [er-event-loop-0] org.apache.spark.internal.Logging        : Stopping receiver with message: Stopped by driver: 
2022-06-26 14:38:46.070  INFO   57 --- [er-event-loop-0] org.apache.spark.internal.Logging        : Called receiver onStop
2022-06-26 14:38:46.071  INFO   57 --- [er-event-loop-0] org.apache.spark.internal.Logging        : Deregistering receiver 0
2022-06-26 14:38:46.073  ERROR   73 --- [er-event-loop-1] org.apache.spark.internal.Logging        : Deregistered receiver for stream 0: Stopped by driver
2022-06-26 14:38:46.074  INFO   57 --- [er-event-loop-0] org.apache.spark.internal.Logging        : Stopped receiver 0
2022-06-26 14:38:46.075  INFO   57 --- [er-event-loop-0] org.apache.spark.internal.Logging        : Stopping BlockGenerator
2022-06-26 14:38:46.400  INFO   57 --- [er-event-loop-0] org.apache.spark.internal.Logging        : Stopped timer for BlockGenerator after time 1656250726400
2022-06-26 14:38:46.401  INFO   57 --- [er-event-loop-0] org.apache.spark.internal.Logging        : Waiting for block pushing thread to terminate
2022-06-26 14:38:46.402  INFO   57 --- [      Thread-14] org.apache.spark.internal.Logging        : Pushing out the last 0 blocks
2022-06-26 14:38:46.403  INFO   57 --- [      Thread-14] org.apache.spark.internal.Logging        : Stopped block pushing thread
2022-06-26 14:38:46.405  INFO   57 --- [er-event-loop-0] org.apache.spark.internal.Logging        : Stopped BlockGenerator
2022-06-26 14:38:46.407  INFO   57 --- [age 0.0 (TID 0)] org.apache.spark.internal.Logging        : Stopped receiver without error
2022-06-26 14:38:46.410  INFO   57 --- [age 0.0 (TID 0)] org.apache.spark.internal.Logging        : Finished task 0.0 in stage 0.0 (TID 0). 880 bytes result sent to driver
2022-06-26 14:38:46.414  INFO   57 --- [result-getter-1] org.apache.spark.internal.Logging        : Finished task 0.0 in stage 0.0 (TID 0) in 33137 ms on host.docker.internal (executor driver) (1/1)
2022-06-26 14:38:46.415  INFO   57 --- [result-getter-1] org.apache.spark.internal.Logging        : Removed TaskSet 0.0, whose tasks have all completed, from pool 
2022-06-26 14:38:46.417  INFO   57 --- [uler-event-loop] org.apache.spark.internal.Logging        : ResultStage 0 (start at Application.java:218) finished in 33.714 s
2022-06-26 14:38:46.417  INFO   57 --- [uler-event-loop] org.apache.spark.internal.Logging        : Job 0 is finished. Cancelling potential speculative or zombie tasks for this job
2022-06-26 14:38:46.418  INFO   57 --- [uler-event-loop] org.apache.spark.internal.Logging        : Killing all running tasks in stage 0: Stage finished
2022-06-26 14:38:46.424  INFO   57 --- [shutdown-hook-0] org.apache.spark.internal.Logging        : All of the receivers have deregistered successfully
2022-06-26 14:38:46.425  INFO   57 --- [shutdown-hook-0] org.apache.spark.internal.Logging        : ReceiverTracker stopped
2022-06-26 14:38:46.427  INFO   57 --- [shutdown-hook-0] org.apache.spark.internal.Logging        : Stopping JobGenerator immediately
2022-06-26 14:38:46.429  INFO   57 --- [shutdown-hook-0] org.apache.spark.internal.Logging        : Stopped timer for JobGenerator after time 1656250725000
2022-06-26 14:38:46.429  INFO   57 --- [shutdown-hook-0] org.apache.spark.internal.Logging        : Stopped JobGenerator
2022-06-26 14:38:46.429  INFO   57 --- [shutdown-hook-0] org.apache.spark.internal.Logging        : Stopped JobScheduler
2022-06-26 14:38:46.429  INFO 1153 --- [shutdown-hook-0] ject.jetty.server.handler.ContextHandler : Stopped o.s.j.s.ServletContextHandler@1686f0b4{/streaming,null,STOPPED,@Spark}
2022-06-26 14:38:46.429  INFO 1153 --- [shutdown-hook-0] ject.jetty.server.handler.ContextHandler : Stopped o.s.j.s.ServletContextHandler@3900fa71{/streaming/json,null,STOPPED,@Spark}
2022-06-26 14:38:46.429  INFO 1153 --- [shutdown-hook-0] ject.jetty.server.handler.ContextHandler : Stopped o.s.j.s.ServletContextHandler@6b667cb3{/streaming/batch,null,STOPPED,@Spark}
2022-06-26 14:38:46.445  INFO 1153 --- [shutdown-hook-0] ject.jetty.server.handler.ContextHandler : Stopped o.s.j.s.ServletContextHandler@61e3cf4d{/streaming/batch/json,null,STOPPED,@Spark}
2022-06-26 14:38:46.445  INFO 1153 --- [shutdown-hook-0] ject.jetty.server.handler.ContextHandler : Stopped o.s.j.s.ServletContextHandler@3157e4c0{/static/streaming,null,STOPPED,@Spark}
2022-06-26 14:38:46.445  INFO  237 --- [           main] com.elite.cdr.validator.Application      : ****************************************************
2022-06-26 14:38:46.445  INFO  238 --- [           main] com.elite.cdr.validator.Application      : Duration: 0.0 seconds
2022-06-26 14:38:46.445  INFO  239 --- [           main] com.elite.cdr.validator.Application      : Batch executed with success
2022-06-26 14:38:46.445  INFO   57 --- [shutdown-hook-0] org.apache.spark.internal.Logging        : StreamingContext stopped successfully
2022-06-26 14:38:46.445  INFO  240 --- [           main] com.elite.cdr.validator.Application      : ****************************************************
2022-06-26 14:38:46.445  INFO   57 --- [shutdown-hook-0] org.apache.spark.internal.Logging        : Invoking stop() from shutdown hook
2022-06-26 14:38:46.460  INFO  381 --- [shutdown-hook-0] rkproject.jetty.server.AbstractConnector : Stopped Spark@64da2a7{HTTP/1.1, (http/1.1)}{0.0.0.0:4040}
2022-06-26 14:38:46.460  INFO   57 --- [shutdown-hook-0] org.apache.spark.internal.Logging        : Stopped Spark web UI at http://host.docker.internal:4040
2022-06-26 14:38:46.476  INFO   57 --- [er-event-loop-1] org.apache.spark.internal.Logging        : MapOutputTrackerMasterEndpoint stopped!
2022-06-26 14:38:46.507  INFO   57 --- [shutdown-hook-0] org.apache.spark.internal.Logging        : MemoryStore cleared
2022-06-26 14:38:46.507  INFO   57 --- [shutdown-hook-0] org.apache.spark.internal.Logging        : BlockManager stopped
2022-06-26 14:38:46.507  INFO   57 --- [shutdown-hook-0] org.apache.spark.internal.Logging        : BlockManagerMaster stopped
2022-06-26 14:38:46.507  INFO   57 --- [er-event-loop-1] org.apache.spark.internal.Logging        : OutputCommitCoordinator stopped!
2022-06-26 14:38:46.523  INFO   57 --- [shutdown-hook-0] org.apache.spark.internal.Logging        : Successfully stopped SparkContext
2022-06-26 14:38:46.523  INFO   57 --- [shutdown-hook-0] org.apache.spark.internal.Logging        : Shutdown hook called
2022-06-26 14:38:46.523  INFO   57 --- [shutdown-hook-0] org.apache.spark.internal.Logging        : Deleting directory C:\Users\Wael Hamdi\AppData\Local\Temp\spark-b5b6f69d-260c-4763-be55-692f4d3cf56a
