2022-06-26 11:35:28.762  INFO   53 --- [           main] com.elite.cdr.validator.Application      : Starting ASN1 Reader 
2022-06-26 11:35:28.762  INFO   55 --- [           main] com.elite.cdr.validator.Application      : ############### Run with the args [--env, local, --file, C:\IntelliJProjects\FraudDetectionSpark3\src\main\resources\data\simpleTypes.ber]
2022-06-26 11:35:28.856  INFO   61 --- [           main] com.elite.cdr.validator.Application      : ############### Run in local mode
2022-06-26 11:35:30.457  INFO   57 --- [           main] org.apache.spark.internal.Logging        : Running Spark version 3.2.1
2022-06-26 11:35:30.850  INFO   57 --- [           main] org.apache.spark.internal.Logging        : ==============================================================
2022-06-26 11:35:30.850  INFO   57 --- [           main] org.apache.spark.internal.Logging        : No custom resources configured for spark.driver.
2022-06-26 11:35:30.850  INFO   57 --- [           main] org.apache.spark.internal.Logging        : ==============================================================
2022-06-26 11:35:30.850  INFO   57 --- [           main] org.apache.spark.internal.Logging        : Submitted application: NiFi-Spark Streaming example
2022-06-26 11:35:30.912  INFO   57 --- [           main] org.apache.spark.internal.Logging        : Default ResourceProfile created, executor resources: Map(cores -> name: cores, amount: 1, script: , vendor: , memory -> name: memory, amount: 1024, script: , vendor: , offHeap -> name: offHeap, amount: 0, script: , vendor: ), task resources: Map(cpus -> name: cpus, amount: 1.0)
2022-06-26 11:35:30.947  INFO   57 --- [           main] org.apache.spark.internal.Logging        : Limiting resource is cpu
2022-06-26 11:35:30.947  INFO   57 --- [           main] org.apache.spark.internal.Logging        : Added ResourceProfile id: 0
2022-06-26 11:35:31.216  INFO   57 --- [           main] org.apache.spark.internal.Logging        : Changing view acls to: Wael Hamdi
2022-06-26 11:35:31.216  INFO   57 --- [           main] org.apache.spark.internal.Logging        : Changing modify acls to: Wael Hamdi
2022-06-26 11:35:31.216  INFO   57 --- [           main] org.apache.spark.internal.Logging        : Changing view acls groups to: 
2022-06-26 11:35:31.216  INFO   57 --- [           main] org.apache.spark.internal.Logging        : Changing modify acls groups to: 
2022-06-26 11:35:31.216  INFO   57 --- [           main] org.apache.spark.internal.Logging        : SecurityManager: authentication disabled; ui acls disabled; users  with view permissions: Set(Wael Hamdi); groups with view permissions: Set(); users  with modify permissions: Set(Wael Hamdi); groups with modify permissions: Set()
2022-06-26 11:35:33.966  INFO   57 --- [           main] org.apache.spark.internal.Logging        : Successfully started service 'sparkDriver' on port 55585.
2022-06-26 11:35:33.998  INFO   57 --- [           main] org.apache.spark.internal.Logging        : Registering MapOutputTracker
2022-06-26 11:35:34.045  INFO   57 --- [           main] org.apache.spark.internal.Logging        : Registering BlockManagerMaster
2022-06-26 11:35:34.076  INFO   57 --- [           main] org.apache.spark.internal.Logging        : Using org.apache.spark.storage.DefaultTopologyMapper for getting topology information
2022-06-26 11:35:34.076  INFO   57 --- [           main] org.apache.spark.internal.Logging        : BlockManagerMasterEndpoint up
2022-06-26 11:35:34.076  INFO   57 --- [           main] org.apache.spark.internal.Logging        : Registering BlockManagerMasterHeartbeat
2022-06-26 11:35:34.106  INFO   57 --- [           main] org.apache.spark.internal.Logging        : Created local directory at C:\Users\Wael Hamdi\AppData\Local\Temp\blockmgr-2820280f-36da-49a6-aefa-ef849e0ce475
2022-06-26 11:35:34.137  INFO   57 --- [           main] org.apache.spark.internal.Logging        : MemoryStore started with capacity 897.6 MiB
2022-06-26 11:35:34.164  INFO   57 --- [           main] org.apache.spark.internal.Logging        : Registering OutputCommitCoordinator
2022-06-26 11:35:34.286  INFO  170 --- [           main] org.sparkproject.jetty.util.log.Log      : Logging initialized @6500ms to org.sparkproject.jetty.util.log.Slf4jLog
2022-06-26 11:35:34.391  INFO  375 --- [           main] org.sparkproject.jetty.server.Server     : jetty-9.4.43.v20210629; built: 2021-06-30T11:07:22.254Z; git: 526006ecfa3af7f1a27ef3a288e2bef7ea9dd7e8; jvm 1.8.0_301-b09
2022-06-26 11:35:34.415  INFO  415 --- [           main] org.sparkproject.jetty.server.Server     : Started @6633ms
2022-06-26 11:35:34.478  INFO  331 --- [           main] rkproject.jetty.server.AbstractConnector : Started ServerConnector@64da2a7{HTTP/1.1, (http/1.1)}{0.0.0.0:4040}
2022-06-26 11:35:34.478  INFO   57 --- [           main] org.apache.spark.internal.Logging        : Successfully started service 'SparkUI' on port 4040.
2022-06-26 11:35:34.509  INFO  915 --- [           main] ject.jetty.server.handler.ContextHandler : Started o.s.j.s.ServletContextHandler@7e70bd39{/jobs,null,AVAILABLE,@Spark}
2022-06-26 11:35:34.509  INFO  915 --- [           main] ject.jetty.server.handler.ContextHandler : Started o.s.j.s.ServletContextHandler@6db66836{/jobs/json,null,AVAILABLE,@Spark}
2022-06-26 11:35:34.509  INFO  915 --- [           main] ject.jetty.server.handler.ContextHandler : Started o.s.j.s.ServletContextHandler@2de366bb{/jobs/job,null,AVAILABLE,@Spark}
2022-06-26 11:35:34.509  INFO  915 --- [           main] ject.jetty.server.handler.ContextHandler : Started o.s.j.s.ServletContextHandler@4eeea57d{/jobs/job/json,null,AVAILABLE,@Spark}
2022-06-26 11:35:34.509  INFO  915 --- [           main] ject.jetty.server.handler.ContextHandler : Started o.s.j.s.ServletContextHandler@e24ddd0{/stages,null,AVAILABLE,@Spark}
2022-06-26 11:35:34.509  INFO  915 --- [           main] ject.jetty.server.handler.ContextHandler : Started o.s.j.s.ServletContextHandler@548e76f1{/stages/json,null,AVAILABLE,@Spark}
2022-06-26 11:35:34.509  INFO  915 --- [           main] ject.jetty.server.handler.ContextHandler : Started o.s.j.s.ServletContextHandler@72c927f1{/stages/stage,null,AVAILABLE,@Spark}
2022-06-26 11:35:34.525  INFO  915 --- [           main] ject.jetty.server.handler.ContextHandler : Started o.s.j.s.ServletContextHandler@1ee4730{/stages/stage/json,null,AVAILABLE,@Spark}
2022-06-26 11:35:34.525  INFO  915 --- [           main] ject.jetty.server.handler.ContextHandler : Started o.s.j.s.ServletContextHandler@5003041b{/stages/pool,null,AVAILABLE,@Spark}
2022-06-26 11:35:34.525  INFO  915 --- [           main] ject.jetty.server.handler.ContextHandler : Started o.s.j.s.ServletContextHandler@16fb356{/stages/pool/json,null,AVAILABLE,@Spark}
2022-06-26 11:35:34.525  INFO  915 --- [           main] ject.jetty.server.handler.ContextHandler : Started o.s.j.s.ServletContextHandler@23a9ba52{/storage,null,AVAILABLE,@Spark}
2022-06-26 11:35:34.525  INFO  915 --- [           main] ject.jetty.server.handler.ContextHandler : Started o.s.j.s.ServletContextHandler@70ab80e3{/storage/json,null,AVAILABLE,@Spark}
2022-06-26 11:35:34.525  INFO  915 --- [           main] ject.jetty.server.handler.ContextHandler : Started o.s.j.s.ServletContextHandler@67427b69{/storage/rdd,null,AVAILABLE,@Spark}
2022-06-26 11:35:34.525  INFO  915 --- [           main] ject.jetty.server.handler.ContextHandler : Started o.s.j.s.ServletContextHandler@544630b7{/storage/rdd/json,null,AVAILABLE,@Spark}
2022-06-26 11:35:34.525  INFO  915 --- [           main] ject.jetty.server.handler.ContextHandler : Started o.s.j.s.ServletContextHandler@1095f122{/environment,null,AVAILABLE,@Spark}
2022-06-26 11:35:34.525  INFO  915 --- [           main] ject.jetty.server.handler.ContextHandler : Started o.s.j.s.ServletContextHandler@3d6300e8{/environment/json,null,AVAILABLE,@Spark}
2022-06-26 11:35:34.525  INFO  915 --- [           main] ject.jetty.server.handler.ContextHandler : Started o.s.j.s.ServletContextHandler@24a1c17f{/executors,null,AVAILABLE,@Spark}
2022-06-26 11:35:34.525  INFO  915 --- [           main] ject.jetty.server.handler.ContextHandler : Started o.s.j.s.ServletContextHandler@73511076{/executors/json,null,AVAILABLE,@Spark}
2022-06-26 11:35:34.540  INFO  915 --- [           main] ject.jetty.server.handler.ContextHandler : Started o.s.j.s.ServletContextHandler@532721fd{/executors/threadDump,null,AVAILABLE,@Spark}
2022-06-26 11:35:34.540  INFO  915 --- [           main] ject.jetty.server.handler.ContextHandler : Started o.s.j.s.ServletContextHandler@7fb9f71f{/executors/threadDump/json,null,AVAILABLE,@Spark}
2022-06-26 11:35:34.551  INFO  915 --- [           main] ject.jetty.server.handler.ContextHandler : Started o.s.j.s.ServletContextHandler@51f49060{/static,null,AVAILABLE,@Spark}
2022-06-26 11:35:34.551  INFO  915 --- [           main] ject.jetty.server.handler.ContextHandler : Started o.s.j.s.ServletContextHandler@7689ddef{/,null,AVAILABLE,@Spark}
2022-06-26 11:35:34.551  INFO  915 --- [           main] ject.jetty.server.handler.ContextHandler : Started o.s.j.s.ServletContextHandler@1a2e2935{/api,null,AVAILABLE,@Spark}
2022-06-26 11:35:34.551  INFO  915 --- [           main] ject.jetty.server.handler.ContextHandler : Started o.s.j.s.ServletContextHandler@aa22f1c{/jobs/job/kill,null,AVAILABLE,@Spark}
2022-06-26 11:35:34.551  INFO  915 --- [           main] ject.jetty.server.handler.ContextHandler : Started o.s.j.s.ServletContextHandler@37cd92d6{/stages/stage/kill,null,AVAILABLE,@Spark}
2022-06-26 11:35:34.551  INFO   57 --- [           main] org.apache.spark.internal.Logging        : Bound SparkUI to 0.0.0.0, and started at http://host.docker.internal:4040
2022-06-26 11:35:34.846  INFO   57 --- [           main] org.apache.spark.internal.Logging        : Starting executor ID driver on host host.docker.internal
2022-06-26 11:35:34.896  INFO   57 --- [           main] org.apache.spark.internal.Logging        : Successfully started service 'org.apache.spark.network.netty.NettyBlockTransferService' on port 55609.
2022-06-26 11:35:34.896  INFO   82 --- [           main] .network.netty.NettyBlockTransferService : Server created on host.docker.internal:55609
2022-06-26 11:35:34.896  INFO   57 --- [           main] org.apache.spark.internal.Logging        : Using org.apache.spark.storage.RandomBlockReplicationPolicy for block replication policy
2022-06-26 11:35:34.912  INFO   57 --- [           main] org.apache.spark.internal.Logging        : Registering BlockManager BlockManagerId(driver, host.docker.internal, 55609, None)
2022-06-26 11:35:34.912  INFO   57 --- [ckManagerMaster] org.apache.spark.internal.Logging        : Registering block manager host.docker.internal:55609 with 897.6 MiB RAM, BlockManagerId(driver, host.docker.internal, 55609, None)
2022-06-26 11:35:34.928  INFO   57 --- [           main] org.apache.spark.internal.Logging        : Registered BlockManager BlockManagerId(driver, host.docker.internal, 55609, None)
2022-06-26 11:35:34.928  INFO   57 --- [           main] org.apache.spark.internal.Logging        : Initialized BlockManager: BlockManagerId(driver, host.docker.internal, 55609, None)
2022-06-26 11:35:35.301  INFO  915 --- [           main] ject.jetty.server.handler.ContextHandler : Started o.s.j.s.ServletContextHandler@3b152928{/metrics/json,null,AVAILABLE,@Spark}
2022-06-26 11:35:36.090  INFO   57 --- [streaming-start] org.apache.spark.internal.Logging        : Starting 1 receivers
2022-06-26 11:35:36.106  INFO   57 --- [streaming-start] org.apache.spark.internal.Logging        : ReceiverTracker started
2022-06-26 11:35:36.106  INFO   57 --- [streaming-start] org.apache.spark.internal.Logging        : Slide time = 5000 ms
2022-06-26 11:35:36.106  INFO   57 --- [streaming-start] org.apache.spark.internal.Logging        : Storage level = Serialized 1x Replicated
2022-06-26 11:35:36.106  INFO   57 --- [streaming-start] org.apache.spark.internal.Logging        : Checkpoint interval = null
2022-06-26 11:35:36.122  INFO   57 --- [streaming-start] org.apache.spark.internal.Logging        : Remember interval = 5000 ms
2022-06-26 11:35:36.123  INFO   57 --- [streaming-start] org.apache.spark.internal.Logging        : Initialized and validated org.apache.spark.streaming.dstream.PluggableInputDStream@2bb109dc
2022-06-26 11:35:36.123  INFO   57 --- [streaming-start] org.apache.spark.internal.Logging        : Slide time = 5000 ms
2022-06-26 11:35:36.123  INFO   57 --- [streaming-start] org.apache.spark.internal.Logging        : Storage level = Serialized 1x Replicated
2022-06-26 11:35:36.123  INFO   57 --- [streaming-start] org.apache.spark.internal.Logging        : Checkpoint interval = null
2022-06-26 11:35:36.123  INFO   57 --- [streaming-start] org.apache.spark.internal.Logging        : Remember interval = 5000 ms
2022-06-26 11:35:36.123  INFO   57 --- [streaming-start] org.apache.spark.internal.Logging        : Initialized and validated org.apache.spark.streaming.dstream.MappedDStream@1b9035a3
2022-06-26 11:35:36.123  INFO   57 --- [streaming-start] org.apache.spark.internal.Logging        : Slide time = 5000 ms
2022-06-26 11:35:36.123  INFO   57 --- [streaming-start] org.apache.spark.internal.Logging        : Storage level = Serialized 1x Replicated
2022-06-26 11:35:36.123  INFO   57 --- [streaming-start] org.apache.spark.internal.Logging        : Checkpoint interval = null
2022-06-26 11:35:36.123  INFO   57 --- [streaming-start] org.apache.spark.internal.Logging        : Remember interval = 5000 ms
2022-06-26 11:35:36.123  INFO   57 --- [streaming-start] org.apache.spark.internal.Logging        : Initialized and validated org.apache.spark.streaming.dstream.ForEachDStream@28a794d
2022-06-26 11:35:36.123  INFO   57 --- [streaming-start] org.apache.spark.internal.Logging        : Slide time = 5000 ms
2022-06-26 11:35:36.123  INFO   57 --- [streaming-start] org.apache.spark.internal.Logging        : Storage level = Serialized 1x Replicated
2022-06-26 11:35:36.123  INFO   57 --- [streaming-start] org.apache.spark.internal.Logging        : Checkpoint interval = null
2022-06-26 11:35:36.123  INFO   57 --- [streaming-start] org.apache.spark.internal.Logging        : Remember interval = 5000 ms
2022-06-26 11:35:36.123  INFO   57 --- [streaming-start] org.apache.spark.internal.Logging        : Initialized and validated org.apache.spark.streaming.dstream.PluggableInputDStream@2bb109dc
2022-06-26 11:35:36.123  INFO   57 --- [streaming-start] org.apache.spark.internal.Logging        : Slide time = 5000 ms
2022-06-26 11:35:36.123  INFO   57 --- [streaming-start] org.apache.spark.internal.Logging        : Storage level = Serialized 1x Replicated
2022-06-26 11:35:36.123  INFO   57 --- [streaming-start] org.apache.spark.internal.Logging        : Checkpoint interval = null
2022-06-26 11:35:36.123  INFO   57 --- [streaming-start] org.apache.spark.internal.Logging        : Remember interval = 5000 ms
2022-06-26 11:35:36.123  INFO   57 --- [streaming-start] org.apache.spark.internal.Logging        : Initialized and validated org.apache.spark.streaming.dstream.MappedDStream@1b9035a3
2022-06-26 11:35:36.123  INFO   57 --- [streaming-start] org.apache.spark.internal.Logging        : Slide time = 5000 ms
2022-06-26 11:35:36.123  INFO   57 --- [streaming-start] org.apache.spark.internal.Logging        : Storage level = Serialized 1x Replicated
2022-06-26 11:35:36.123  INFO   57 --- [streaming-start] org.apache.spark.internal.Logging        : Checkpoint interval = null
2022-06-26 11:35:36.123  INFO   57 --- [streaming-start] org.apache.spark.internal.Logging        : Remember interval = 5000 ms
2022-06-26 11:35:36.123  INFO   57 --- [streaming-start] org.apache.spark.internal.Logging        : Initialized and validated org.apache.spark.streaming.dstream.ForEachDStream@64ef321b
2022-06-26 11:35:36.237  INFO   57 --- [streaming-start] org.apache.spark.internal.Logging        : Started timer for JobGenerator at time 1656239740000
2022-06-26 11:35:36.248  INFO   57 --- [streaming-start] org.apache.spark.internal.Logging        : Started JobGenerator at 1656239740000 ms
2022-06-26 11:35:36.250  INFO   57 --- [streaming-start] org.apache.spark.internal.Logging        : Started JobScheduler
2022-06-26 11:35:36.261  INFO  915 --- [           main] ject.jetty.server.handler.ContextHandler : Started o.s.j.s.ServletContextHandler@36f1046f{/streaming,null,AVAILABLE,@Spark}
2022-06-26 11:35:36.264  INFO  915 --- [           main] ject.jetty.server.handler.ContextHandler : Started o.s.j.s.ServletContextHandler@1686f0b4{/streaming/json,null,AVAILABLE,@Spark}
2022-06-26 11:35:36.267  INFO  915 --- [           main] ject.jetty.server.handler.ContextHandler : Started o.s.j.s.ServletContextHandler@627d8516{/streaming/batch,null,AVAILABLE,@Spark}
2022-06-26 11:35:36.273  INFO  915 --- [           main] ject.jetty.server.handler.ContextHandler : Started o.s.j.s.ServletContextHandler@6b667cb3{/streaming/batch/json,null,AVAILABLE,@Spark}
2022-06-26 11:35:36.275  INFO  915 --- [           main] ject.jetty.server.handler.ContextHandler : Started o.s.j.s.ServletContextHandler@64b70919{/static/streaming,null,AVAILABLE,@Spark}
2022-06-26 11:35:36.276  INFO   57 --- [           main] org.apache.spark.internal.Logging        : StreamingContext started
2022-06-26 11:35:36.277  INFO   57 --- [er-event-loop-3] org.apache.spark.internal.Logging        : Receiver 0 started
2022-06-26 11:35:36.295  INFO   57 --- [uler-event-loop] org.apache.spark.internal.Logging        : Got job 0 (start at Application.java:196) with 1 output partitions
2022-06-26 11:35:36.296  INFO   57 --- [uler-event-loop] org.apache.spark.internal.Logging        : Final stage: ResultStage 0 (start at Application.java:196)
2022-06-26 11:35:36.297  INFO   57 --- [uler-event-loop] org.apache.spark.internal.Logging        : Parents of final stage: List()
2022-06-26 11:35:36.300  INFO   57 --- [uler-event-loop] org.apache.spark.internal.Logging        : Missing parents: List()
2022-06-26 11:35:36.309  INFO   57 --- [uler-event-loop] org.apache.spark.internal.Logging        : Submitting ResultStage 0 (Receiver 0 ParallelCollectionRDD[0] at makeRDD at ReceiverTracker.scala:609), which has no missing parents
2022-06-26 11:35:36.550  INFO   57 --- [uler-event-loop] org.apache.spark.internal.Logging        : Block broadcast_0 stored as values in memory (estimated size 97.5 KiB, free 897.5 MiB)
2022-06-26 11:35:36.678  INFO   57 --- [uler-event-loop] org.apache.spark.internal.Logging        : Block broadcast_0_piece0 stored as bytes in memory (estimated size 34.2 KiB, free 897.5 MiB)
2022-06-26 11:35:36.683  INFO   57 --- [ckManagerMaster] org.apache.spark.internal.Logging        : Added broadcast_0_piece0 in memory on host.docker.internal:55609 (size: 34.2 KiB, free: 897.6 MiB)
2022-06-26 11:35:36.690  INFO   57 --- [uler-event-loop] org.apache.spark.internal.Logging        : Created broadcast 0 from broadcast at DAGScheduler.scala:1478
2022-06-26 11:35:36.710  INFO   57 --- [uler-event-loop] org.apache.spark.internal.Logging        : Submitting 1 missing tasks from ResultStage 0 (Receiver 0 ParallelCollectionRDD[0] at makeRDD at ReceiverTracker.scala:609) (first 15 tasks are for partitions Vector(0))
2022-06-26 11:35:36.712  INFO   57 --- [uler-event-loop] org.apache.spark.internal.Logging        : Adding task set 0.0 with 1 tasks resource profile 0
2022-06-26 11:35:36.807  INFO   57 --- [er-event-loop-0] org.apache.spark.internal.Logging        : Starting task 0.0 in stage 0.0 (TID 0) (host.docker.internal, executor driver, partition 0, PROCESS_LOCAL, 6218 bytes) taskResourceAssignments Map()
2022-06-26 11:35:36.835  INFO   57 --- [age 0.0 (TID 0)] org.apache.spark.internal.Logging        : Running task 0.0 in stage 0.0 (TID 0)
2022-06-26 11:35:37.263  INFO   57 --- [age 0.0 (TID 0)] org.apache.spark.internal.Logging        : Started timer for BlockGenerator at time 1656239737400
2022-06-26 11:35:37.266  INFO   57 --- [age 0.0 (TID 0)] org.apache.spark.internal.Logging        : Started BlockGenerator
2022-06-26 11:35:37.266  INFO   57 --- [      Thread-14] org.apache.spark.internal.Logging        : Started block pushing thread
2022-06-26 11:35:37.280  INFO   57 --- [er-event-loop-0] org.apache.spark.internal.Logging        : Registered receiver for stream 0 from host.docker.internal:55585
2022-06-26 11:35:37.282  INFO   57 --- [age 0.0 (TID 0)] org.apache.spark.internal.Logging        : Starting receiver 0
2022-06-26 11:35:37.284  INFO   57 --- [age 0.0 (TID 0)] org.apache.spark.internal.Logging        : Called receiver 0 onStart
2022-06-26 11:35:37.285  INFO   57 --- [age 0.0 (TID 0)] org.apache.spark.internal.Logging        : Waiting for receiver to be stopped
2022-06-26 11:35:40.711  INFO   57 --- [   JobGenerator] org.apache.spark.internal.Logging        : Added jobs for time 1656239740000 ms
2022-06-26 11:35:40.718  INFO   57 --- [   JobScheduler] org.apache.spark.internal.Logging        : Starting job streaming job 1656239740000 ms.0 from job set of time 1656239740000 ms
2022-06-26 11:35:40.910  WARN   69 --- [-job-executor-0] org.apache.spark.internal.Logging        : Using an existing SparkContext; some configuration may not take effect.
2022-06-26 11:35:41.354  INFO   57 --- [   JobScheduler] org.apache.spark.internal.Logging        : Finished job streaming job 1656239740000 ms.0 from job set of time 1656239740000 ms
2022-06-26 11:35:41.355  INFO   57 --- [   JobScheduler] org.apache.spark.internal.Logging        : Starting job streaming job 1656239740000 ms.1 from job set of time 1656239740000 ms
2022-06-26 11:35:41.362  INFO   57 --- [   JobScheduler] org.apache.spark.internal.Logging        : Finished job streaming job 1656239740000 ms.1 from job set of time 1656239740000 ms
2022-06-26 11:35:41.366  INFO   57 --- [   JobScheduler] org.apache.spark.internal.Logging        : Total delay: 1.362 s for time 1656239740000 ms (execution: 0.645 s)
2022-06-26 11:35:41.385  INFO   57 --- [   JobGenerator] org.apache.spark.internal.Logging        : Deleting batches: 
2022-06-26 11:35:41.389  INFO   57 --- [   JobGenerator] org.apache.spark.internal.Logging        : remove old batch metadata: 
2022-06-26 11:35:42.567  INFO  571 --- [ool Maintenance] g.apache.nifi.remote.client.PeerSelector : Successfully refreshed peer status cache; remote group consists of 1 peers
2022-06-26 11:35:42.609  INFO  571 --- [  NiFi Receiver] g.apache.nifi.remote.client.PeerSelector : Successfully refreshed peer status cache; remote group consists of 1 peers
2022-06-26 11:35:43.030  INFO   57 --- [  NiFi Receiver] org.apache.spark.internal.Logging        : Block input-0-1656239737253 stored as values in memory (estimated size 503.2 KiB, free 897.0 MiB)
2022-06-26 11:35:43.032  INFO   57 --- [ckManagerMaster] org.apache.spark.internal.Logging        : Added input-0-1656239737253 in memory on host.docker.internal:55609 (size: 503.2 KiB, free: 897.1 MiB)
2022-06-26 11:35:45.021  INFO   57 --- [   JobGenerator] org.apache.spark.internal.Logging        : Added jobs for time 1656239745000 ms
2022-06-26 11:35:45.023  INFO   57 --- [   JobScheduler] org.apache.spark.internal.Logging        : Starting job streaming job 1656239745000 ms.0 from job set of time 1656239745000 ms
2022-06-26 11:35:45.139  INFO   57 --- [-job-executor-0] org.apache.spark.internal.Logging        : Setting hive.metastore.warehouse.dir ('null') to the value of spark.sql.warehouse.dir.
2022-06-26 11:35:45.792  INFO   57 --- [-job-executor-0] org.apache.spark.internal.Logging        : Warehouse path is 'file:/C:/IntelliJProjects/NifiSparkStreaming/spark-warehouse'.
2022-06-26 11:35:45.810  INFO  915 --- [-job-executor-0] ject.jetty.server.handler.ContextHandler : Started o.s.j.s.ServletContextHandler@4b39e288{/SQL,null,AVAILABLE,@Spark}
2022-06-26 11:35:45.812  INFO  915 --- [-job-executor-0] ject.jetty.server.handler.ContextHandler : Started o.s.j.s.ServletContextHandler@25f81250{/SQL/json,null,AVAILABLE,@Spark}
2022-06-26 11:35:45.813  INFO  915 --- [-job-executor-0] ject.jetty.server.handler.ContextHandler : Started o.s.j.s.ServletContextHandler@30a4f847{/SQL/execution,null,AVAILABLE,@Spark}
2022-06-26 11:35:45.814  INFO  915 --- [-job-executor-0] ject.jetty.server.handler.ContextHandler : Started o.s.j.s.ServletContextHandler@3b77a3b8{/SQL/execution/json,null,AVAILABLE,@Spark}
2022-06-26 11:35:45.816  INFO  915 --- [-job-executor-0] ject.jetty.server.handler.ContextHandler : Started o.s.j.s.ServletContextHandler@3efa83c7{/static/sql,null,AVAILABLE,@Spark}
2022-06-26 11:35:46.967  WARN   69 --- [-job-executor-0] org.apache.spark.internal.Logging        : Using an existing SparkSession; some spark core configurations may not take effect.
2022-06-26 11:35:46.972  INFO   57 --- [   JobScheduler] org.apache.spark.internal.Logging        : Finished job streaming job 1656239745000 ms.0 from job set of time 1656239745000 ms
2022-06-26 11:35:46.972  INFO   57 --- [   JobScheduler] org.apache.spark.internal.Logging        : Starting job streaming job 1656239745000 ms.1 from job set of time 1656239745000 ms
2022-06-26 11:35:46.994  INFO   57 --- [-job-executor-0] org.apache.spark.internal.Logging        : Starting job: print at Application.java:193
2022-06-26 11:35:46.997  INFO   57 --- [uler-event-loop] org.apache.spark.internal.Logging        : Got job 1 (print at Application.java:193) with 1 output partitions
2022-06-26 11:35:46.998  INFO   57 --- [uler-event-loop] org.apache.spark.internal.Logging        : Final stage: ResultStage 1 (print at Application.java:193)
2022-06-26 11:35:46.999  INFO   57 --- [uler-event-loop] org.apache.spark.internal.Logging        : Parents of final stage: List()
2022-06-26 11:35:46.999  INFO   57 --- [uler-event-loop] org.apache.spark.internal.Logging        : Missing parents: List()
2022-06-26 11:35:47.002  INFO   57 --- [uler-event-loop] org.apache.spark.internal.Logging        : Submitting ResultStage 1 (MapPartitionsRDD[5] at map at Application.java:129), which has no missing parents
2022-06-26 11:35:47.019  INFO   57 --- [uler-event-loop] org.apache.spark.internal.Logging        : Block broadcast_1 stored as values in memory (estimated size 4.4 KiB, free 897.0 MiB)
2022-06-26 11:35:47.024  INFO   57 --- [uler-event-loop] org.apache.spark.internal.Logging        : Block broadcast_1_piece0 stored as bytes in memory (estimated size 2.4 KiB, free 897.0 MiB)
2022-06-26 11:35:47.025  INFO   57 --- [ckManagerMaster] org.apache.spark.internal.Logging        : Added broadcast_1_piece0 in memory on host.docker.internal:55609 (size: 2.4 KiB, free: 897.1 MiB)
2022-06-26 11:35:47.027  INFO   57 --- [uler-event-loop] org.apache.spark.internal.Logging        : Created broadcast 1 from broadcast at DAGScheduler.scala:1478
2022-06-26 11:35:47.028  INFO   57 --- [uler-event-loop] org.apache.spark.internal.Logging        : Submitting 1 missing tasks from ResultStage 1 (MapPartitionsRDD[5] at map at Application.java:129) (first 15 tasks are for partitions Vector(0))
2022-06-26 11:35:47.029  INFO   57 --- [uler-event-loop] org.apache.spark.internal.Logging        : Adding task set 1.0 with 1 tasks resource profile 0
2022-06-26 11:35:47.035  INFO   57 --- [er-event-loop-2] org.apache.spark.internal.Logging        : Starting task 0.0 in stage 1.0 (TID 1) (host.docker.internal, executor driver, partition 0, PROCESS_LOCAL, 4394 bytes) taskResourceAssignments Map()
2022-06-26 11:35:47.039  INFO   57 --- [age 1.0 (TID 1)] org.apache.spark.internal.Logging        : Running task 0.0 in stage 1.0 (TID 1)
2022-06-26 11:35:47.382  INFO   57 --- [age 1.0 (TID 1)] org.apache.spark.internal.Logging        : Found block input-0-1656239737253 locally
2022-06-26 11:35:47.489  INFO   57 --- [age 1.0 (TID 1)] org.apache.spark.internal.Logging        : Finished task 0.0 in stage 1.0 (TID 1). 39527 bytes result sent to driver
2022-06-26 11:35:47.511  INFO   57 --- [result-getter-0] org.apache.spark.internal.Logging        : Finished task 0.0 in stage 1.0 (TID 1) in 475 ms on host.docker.internal (executor driver) (1/1)
2022-06-26 11:35:47.517  INFO   57 --- [result-getter-0] org.apache.spark.internal.Logging        : Removed TaskSet 1.0, whose tasks have all completed, from pool 
2022-06-26 11:35:47.531  INFO   57 --- [uler-event-loop] org.apache.spark.internal.Logging        : ResultStage 1 (print at Application.java:193) finished in 0.511 s
2022-06-26 11:35:47.539  INFO   57 --- [uler-event-loop] org.apache.spark.internal.Logging        : Job 1 is finished. Cancelling potential speculative or zombie tasks for this job
2022-06-26 11:35:47.540  INFO   57 --- [uler-event-loop] org.apache.spark.internal.Logging        : Killing all running tasks in stage 1: Stage finished
2022-06-26 11:35:47.549  INFO   57 --- [-job-executor-0] org.apache.spark.internal.Logging        : Job 1 finished: print at Application.java:193, took 0.552668 s
2022-06-26 11:35:47.560  INFO   57 --- [   JobScheduler] org.apache.spark.internal.Logging        : Finished job streaming job 1656239745000 ms.1 from job set of time 1656239745000 ms
2022-06-26 11:35:47.561  INFO   57 --- [   JobScheduler] org.apache.spark.internal.Logging        : Total delay: 2.560 s for time 1656239745000 ms (execution: 2.537 s)
2022-06-26 11:35:47.563  INFO   57 --- [   JobGenerator] org.apache.spark.internal.Logging        : Removing RDD 2 from persistence list
2022-06-26 11:35:47.596  INFO   57 --- [c-thread-pool-0] org.apache.spark.internal.Logging        : Removing RDD 2
2022-06-26 11:35:47.652  INFO   57 --- [   JobGenerator] org.apache.spark.internal.Logging        : Removing RDD 1 from persistence list
2022-06-26 11:35:47.662  INFO   57 --- [   JobGenerator] org.apache.spark.internal.Logging        : Removing blocks of RDD BlockRDD[1] at receiverStream at Application.java:124 of time 1656239745000 ms
2022-06-26 11:35:47.667  INFO   57 --- [c-thread-pool-3] org.apache.spark.internal.Logging        : Removing RDD 1
2022-06-26 11:35:47.692  INFO   57 --- [   JobGenerator] org.apache.spark.internal.Logging        : Deleting batches: 
2022-06-26 11:35:47.693  INFO   57 --- [   JobGenerator] org.apache.spark.internal.Logging        : remove old batch metadata: 
2022-06-26 11:35:48.719  WARN   69 --- [ver-heartbeater] org.apache.spark.internal.Logging        : Exception when trying to compute pagesize, as a result reporting of ProcessTree metrics is stopped
2022-06-26 11:35:50.010  INFO   57 --- [   JobGenerator] org.apache.spark.internal.Logging        : Added jobs for time 1656239750000 ms
2022-06-26 11:35:50.011  INFO   57 --- [   JobScheduler] org.apache.spark.internal.Logging        : Starting job streaming job 1656239750000 ms.0 from job set of time 1656239750000 ms
2022-06-26 11:35:50.016  WARN   69 --- [-job-executor-0] org.apache.spark.internal.Logging        : Using an existing SparkSession; the static sql configurations will not take effect.
2022-06-26 11:35:50.017  WARN   69 --- [-job-executor-0] org.apache.spark.internal.Logging        : Using an existing SparkSession; some spark core configurations may not take effect.
2022-06-26 11:35:50.025  INFO   57 --- [   JobScheduler] org.apache.spark.internal.Logging        : Finished job streaming job 1656239750000 ms.0 from job set of time 1656239750000 ms
2022-06-26 11:35:50.025  INFO   57 --- [   JobScheduler] org.apache.spark.internal.Logging        : Starting job streaming job 1656239750000 ms.1 from job set of time 1656239750000 ms
2022-06-26 11:35:50.026  INFO   57 --- [   JobScheduler] org.apache.spark.internal.Logging        : Finished job streaming job 1656239750000 ms.1 from job set of time 1656239750000 ms
2022-06-26 11:35:50.027  INFO   57 --- [   JobScheduler] org.apache.spark.internal.Logging        : Total delay: 0.026 s for time 1656239750000 ms (execution: 0.015 s)
2022-06-26 11:35:50.029  INFO   57 --- [   JobGenerator] org.apache.spark.internal.Logging        : Removing RDD 5 from persistence list
2022-06-26 11:35:50.032  INFO   57 --- [   JobGenerator] org.apache.spark.internal.Logging        : Removing RDD 4 from persistence list
2022-06-26 11:35:50.034  INFO   57 --- [   JobGenerator] org.apache.spark.internal.Logging        : Removing blocks of RDD BlockRDD[4] at receiverStream at Application.java:124 of time 1656239750000 ms
2022-06-26 11:35:50.038  INFO   57 --- [c-thread-pool-6] org.apache.spark.internal.Logging        : Removing RDD 5
2022-06-26 11:35:50.040  INFO   57 --- [c-thread-pool-7] org.apache.spark.internal.Logging        : Removing RDD 4
2022-06-26 11:35:50.043  INFO   57 --- [   JobGenerator] org.apache.spark.internal.Logging        : Deleting batches: 1656239740000 ms
2022-06-26 11:35:50.044  INFO   57 --- [   JobGenerator] org.apache.spark.internal.Logging        : remove old batch metadata: 1656239740000 ms
2022-06-26 11:35:50.050  INFO   57 --- [ckManagerMaster] org.apache.spark.internal.Logging        : Removed input-0-1656239737253 on host.docker.internal:55609 in memory (size: 503.2 KiB, free: 897.6 MiB)
2022-06-26 11:35:55.010  INFO   57 --- [   JobGenerator] org.apache.spark.internal.Logging        : Added jobs for time 1656239755000 ms
2022-06-26 11:35:55.016  WARN   69 --- [-job-executor-0] org.apache.spark.internal.Logging        : Using an existing SparkSession; the static sql configurations will not take effect.
2022-06-26 11:35:55.017  WARN   69 --- [-job-executor-0] org.apache.spark.internal.Logging        : Using an existing SparkSession; some spark core configurations may not take effect.
2022-06-26 11:35:55.021  INFO   57 --- [   JobScheduler] org.apache.spark.internal.Logging        : Starting job streaming job 1656239755000 ms.0 from job set of time 1656239755000 ms
2022-06-26 11:35:55.025  INFO   57 --- [   JobScheduler] org.apache.spark.internal.Logging        : Finished job streaming job 1656239755000 ms.0 from job set of time 1656239755000 ms
2022-06-26 11:35:55.026  INFO   57 --- [   JobScheduler] org.apache.spark.internal.Logging        : Starting job streaming job 1656239755000 ms.1 from job set of time 1656239755000 ms
2022-06-26 11:35:55.026  INFO   57 --- [   JobScheduler] org.apache.spark.internal.Logging        : Finished job streaming job 1656239755000 ms.1 from job set of time 1656239755000 ms
2022-06-26 11:35:55.027  INFO   57 --- [   JobScheduler] org.apache.spark.internal.Logging        : Total delay: 0.026 s for time 1656239755000 ms (execution: 0.006 s)
2022-06-26 11:35:55.028  INFO   57 --- [   JobGenerator] org.apache.spark.internal.Logging        : Removing RDD 8 from persistence list
2022-06-26 11:35:55.030  INFO   57 --- [   JobGenerator] org.apache.spark.internal.Logging        : Removing RDD 7 from persistence list
2022-06-26 11:35:55.031  INFO   57 --- [-thread-pool-15] org.apache.spark.internal.Logging        : Removing RDD 8
2022-06-26 11:35:55.032  INFO   57 --- [   JobGenerator] org.apache.spark.internal.Logging        : Removing blocks of RDD BlockRDD[7] at receiverStream at Application.java:124 of time 1656239755000 ms
2022-06-26 11:35:55.032  INFO   57 --- [-thread-pool-16] org.apache.spark.internal.Logging        : Removing RDD 7
2022-06-26 11:35:55.033  INFO   57 --- [   JobGenerator] org.apache.spark.internal.Logging        : Deleting batches: 1656239745000 ms
2022-06-26 11:35:55.034  INFO   57 --- [   JobGenerator] org.apache.spark.internal.Logging        : remove old batch metadata: 1656239745000 ms
2022-06-26 11:36:00.004  INFO   57 --- [   JobGenerator] org.apache.spark.internal.Logging        : Added jobs for time 1656239760000 ms
2022-06-26 11:36:00.005  INFO   57 --- [   JobScheduler] org.apache.spark.internal.Logging        : Starting job streaming job 1656239760000 ms.0 from job set of time 1656239760000 ms
2022-06-26 11:36:00.006  WARN   69 --- [-job-executor-0] org.apache.spark.internal.Logging        : Using an existing SparkSession; the static sql configurations will not take effect.
2022-06-26 11:36:00.006  WARN   69 --- [-job-executor-0] org.apache.spark.internal.Logging        : Using an existing SparkSession; some spark core configurations may not take effect.
2022-06-26 11:36:00.009  INFO   57 --- [   JobScheduler] org.apache.spark.internal.Logging        : Finished job streaming job 1656239760000 ms.0 from job set of time 1656239760000 ms
2022-06-26 11:36:00.010  INFO   57 --- [   JobScheduler] org.apache.spark.internal.Logging        : Starting job streaming job 1656239760000 ms.1 from job set of time 1656239760000 ms
2022-06-26 11:36:00.016  INFO   57 --- [   JobScheduler] org.apache.spark.internal.Logging        : Finished job streaming job 1656239760000 ms.1 from job set of time 1656239760000 ms
2022-06-26 11:36:00.018  INFO   57 --- [   JobScheduler] org.apache.spark.internal.Logging        : Total delay: 0.016 s for time 1656239760000 ms (execution: 0.011 s)
2022-06-26 11:36:00.022  INFO   57 --- [   JobGenerator] org.apache.spark.internal.Logging        : Removing RDD 11 from persistence list
2022-06-26 11:36:00.025  INFO   57 --- [   JobGenerator] org.apache.spark.internal.Logging        : Removing RDD 10 from persistence list
2022-06-26 11:36:00.026  INFO   57 --- [   JobGenerator] org.apache.spark.internal.Logging        : Removing blocks of RDD BlockRDD[10] at receiverStream at Application.java:124 of time 1656239760000 ms
2022-06-26 11:36:00.028  INFO   57 --- [   JobGenerator] org.apache.spark.internal.Logging        : Deleting batches: 1656239750000 ms
2022-06-26 11:36:00.029  INFO   57 --- [   JobGenerator] org.apache.spark.internal.Logging        : remove old batch metadata: 1656239750000 ms
2022-06-26 11:36:00.033  INFO   57 --- [-thread-pool-21] org.apache.spark.internal.Logging        : Removing RDD 11
2022-06-26 11:36:00.040  INFO   57 --- [-thread-pool-22] org.apache.spark.internal.Logging        : Removing RDD 10
2022-06-26 11:36:05.012  INFO   57 --- [   JobGenerator] org.apache.spark.internal.Logging        : Added jobs for time 1656239765000 ms
2022-06-26 11:36:05.014  INFO   57 --- [   JobScheduler] org.apache.spark.internal.Logging        : Starting job streaming job 1656239765000 ms.0 from job set of time 1656239765000 ms
2022-06-26 11:36:05.016  WARN   69 --- [-job-executor-0] org.apache.spark.internal.Logging        : Using an existing SparkSession; the static sql configurations will not take effect.
2022-06-26 11:36:05.017  WARN   69 --- [-job-executor-0] org.apache.spark.internal.Logging        : Using an existing SparkSession; some spark core configurations may not take effect.
2022-06-26 11:36:05.023  INFO   57 --- [   JobScheduler] org.apache.spark.internal.Logging        : Finished job streaming job 1656239765000 ms.0 from job set of time 1656239765000 ms
2022-06-26 11:36:05.023  INFO   57 --- [   JobScheduler] org.apache.spark.internal.Logging        : Starting job streaming job 1656239765000 ms.1 from job set of time 1656239765000 ms
2022-06-26 11:36:05.026  INFO   57 --- [   JobScheduler] org.apache.spark.internal.Logging        : Finished job streaming job 1656239765000 ms.1 from job set of time 1656239765000 ms
2022-06-26 11:36:05.027  INFO   57 --- [   JobScheduler] org.apache.spark.internal.Logging        : Total delay: 0.026 s for time 1656239765000 ms (execution: 0.013 s)
2022-06-26 11:36:05.028  INFO   57 --- [   JobGenerator] org.apache.spark.internal.Logging        : Removing RDD 14 from persistence list
2022-06-26 11:36:05.030  INFO   57 --- [   JobGenerator] org.apache.spark.internal.Logging        : Removing RDD 13 from persistence list
2022-06-26 11:36:05.030  INFO   57 --- [-thread-pool-27] org.apache.spark.internal.Logging        : Removing RDD 14
2022-06-26 11:36:05.031  INFO   57 --- [   JobGenerator] org.apache.spark.internal.Logging        : Removing blocks of RDD BlockRDD[13] at receiverStream at Application.java:124 of time 1656239765000 ms
2022-06-26 11:36:05.032  INFO   57 --- [-thread-pool-28] org.apache.spark.internal.Logging        : Removing RDD 13
2022-06-26 11:36:05.033  INFO   57 --- [   JobGenerator] org.apache.spark.internal.Logging        : Deleting batches: 1656239755000 ms
2022-06-26 11:36:05.034  INFO   57 --- [   JobGenerator] org.apache.spark.internal.Logging        : remove old batch metadata: 1656239755000 ms
2022-06-26 11:36:10.006  INFO   57 --- [   JobGenerator] org.apache.spark.internal.Logging        : Added jobs for time 1656239770000 ms
2022-06-26 11:36:10.007  INFO   57 --- [   JobScheduler] org.apache.spark.internal.Logging        : Starting job streaming job 1656239770000 ms.0 from job set of time 1656239770000 ms
2022-06-26 11:36:10.010  WARN   69 --- [-job-executor-0] org.apache.spark.internal.Logging        : Using an existing SparkSession; the static sql configurations will not take effect.
2022-06-26 11:36:10.011  WARN   69 --- [-job-executor-0] org.apache.spark.internal.Logging        : Using an existing SparkSession; some spark core configurations may not take effect.
2022-06-26 11:36:10.017  INFO   57 --- [   JobScheduler] org.apache.spark.internal.Logging        : Finished job streaming job 1656239770000 ms.0 from job set of time 1656239770000 ms
2022-06-26 11:36:10.018  INFO   57 --- [   JobScheduler] org.apache.spark.internal.Logging        : Starting job streaming job 1656239770000 ms.1 from job set of time 1656239770000 ms
2022-06-26 11:36:10.018  INFO   57 --- [   JobScheduler] org.apache.spark.internal.Logging        : Finished job streaming job 1656239770000 ms.1 from job set of time 1656239770000 ms
2022-06-26 11:36:10.020  INFO   57 --- [   JobScheduler] org.apache.spark.internal.Logging        : Total delay: 0.018 s for time 1656239770000 ms (execution: 0.011 s)
2022-06-26 11:36:10.020  INFO   57 --- [   JobGenerator] org.apache.spark.internal.Logging        : Removing RDD 17 from persistence list
2022-06-26 11:36:10.022  INFO   57 --- [   JobGenerator] org.apache.spark.internal.Logging        : Removing RDD 16 from persistence list
2022-06-26 11:36:10.022  INFO   57 --- [-thread-pool-33] org.apache.spark.internal.Logging        : Removing RDD 17
2022-06-26 11:36:10.025  INFO   57 --- [   JobGenerator] org.apache.spark.internal.Logging        : Removing blocks of RDD BlockRDD[16] at receiverStream at Application.java:124 of time 1656239770000 ms
2022-06-26 11:36:10.026  INFO   57 --- [-thread-pool-34] org.apache.spark.internal.Logging        : Removing RDD 16
2022-06-26 11:36:10.027  INFO   57 --- [   JobGenerator] org.apache.spark.internal.Logging        : Deleting batches: 1656239760000 ms
2022-06-26 11:36:10.029  INFO   57 --- [   JobGenerator] org.apache.spark.internal.Logging        : remove old batch metadata: 1656239760000 ms
2022-06-26 11:36:15.010  INFO   57 --- [   JobGenerator] org.apache.spark.internal.Logging        : Added jobs for time 1656239775000 ms
2022-06-26 11:36:15.011  INFO   57 --- [   JobScheduler] org.apache.spark.internal.Logging        : Starting job streaming job 1656239775000 ms.0 from job set of time 1656239775000 ms
2022-06-26 11:36:15.013  WARN   69 --- [-job-executor-0] org.apache.spark.internal.Logging        : Using an existing SparkSession; the static sql configurations will not take effect.
2022-06-26 11:36:15.014  WARN   69 --- [-job-executor-0] org.apache.spark.internal.Logging        : Using an existing SparkSession; some spark core configurations may not take effect.
2022-06-26 11:36:15.019  INFO   57 --- [   JobScheduler] org.apache.spark.internal.Logging        : Finished job streaming job 1656239775000 ms.0 from job set of time 1656239775000 ms
2022-06-26 11:36:15.020  INFO   57 --- [   JobScheduler] org.apache.spark.internal.Logging        : Starting job streaming job 1656239775000 ms.1 from job set of time 1656239775000 ms
2022-06-26 11:36:15.021  INFO   57 --- [   JobScheduler] org.apache.spark.internal.Logging        : Finished job streaming job 1656239775000 ms.1 from job set of time 1656239775000 ms
2022-06-26 11:36:15.022  INFO   57 --- [   JobScheduler] org.apache.spark.internal.Logging        : Total delay: 0.021 s for time 1656239775000 ms (execution: 0.011 s)
2022-06-26 11:36:15.023  INFO   57 --- [   JobGenerator] org.apache.spark.internal.Logging        : Removing RDD 20 from persistence list
2022-06-26 11:36:15.025  INFO   57 --- [   JobGenerator] org.apache.spark.internal.Logging        : Removing RDD 19 from persistence list
2022-06-26 11:36:15.025  INFO   57 --- [-thread-pool-39] org.apache.spark.internal.Logging        : Removing RDD 20
2022-06-26 11:36:15.027  INFO   57 --- [   JobGenerator] org.apache.spark.internal.Logging        : Removing blocks of RDD BlockRDD[19] at receiverStream at Application.java:124 of time 1656239775000 ms
2022-06-26 11:36:15.027  INFO   57 --- [-thread-pool-40] org.apache.spark.internal.Logging        : Removing RDD 19
2022-06-26 11:36:15.028  INFO   57 --- [   JobGenerator] org.apache.spark.internal.Logging        : Deleting batches: 1656239765000 ms
2022-06-26 11:36:15.029  INFO   57 --- [   JobGenerator] org.apache.spark.internal.Logging        : remove old batch metadata: 1656239765000 ms
2022-06-26 11:36:20.004  INFO   57 --- [   JobGenerator] org.apache.spark.internal.Logging        : Added jobs for time 1656239780000 ms
2022-06-26 11:36:20.004  INFO   57 --- [   JobScheduler] org.apache.spark.internal.Logging        : Starting job streaming job 1656239780000 ms.0 from job set of time 1656239780000 ms
2022-06-26 11:36:20.005  WARN   69 --- [-job-executor-0] org.apache.spark.internal.Logging        : Using an existing SparkSession; the static sql configurations will not take effect.
2022-06-26 11:36:20.005  WARN   69 --- [-job-executor-0] org.apache.spark.internal.Logging        : Using an existing SparkSession; some spark core configurations may not take effect.
2022-06-26 11:36:20.008  INFO   57 --- [   JobScheduler] org.apache.spark.internal.Logging        : Finished job streaming job 1656239780000 ms.0 from job set of time 1656239780000 ms
2022-06-26 11:36:20.009  INFO   57 --- [   JobScheduler] org.apache.spark.internal.Logging        : Starting job streaming job 1656239780000 ms.1 from job set of time 1656239780000 ms
2022-06-26 11:36:20.010  INFO   57 --- [   JobScheduler] org.apache.spark.internal.Logging        : Finished job streaming job 1656239780000 ms.1 from job set of time 1656239780000 ms
2022-06-26 11:36:20.010  INFO   57 --- [   JobScheduler] org.apache.spark.internal.Logging        : Total delay: 0.009 s for time 1656239780000 ms (execution: 0.005 s)
2022-06-26 11:36:20.010  INFO   57 --- [   JobGenerator] org.apache.spark.internal.Logging        : Removing RDD 23 from persistence list
2022-06-26 11:36:20.012  INFO   57 --- [   JobGenerator] org.apache.spark.internal.Logging        : Removing RDD 22 from persistence list
2022-06-26 11:36:20.012  INFO   57 --- [-thread-pool-45] org.apache.spark.internal.Logging        : Removing RDD 23
2022-06-26 11:36:20.014  INFO   57 --- [   JobGenerator] org.apache.spark.internal.Logging        : Removing blocks of RDD BlockRDD[22] at receiverStream at Application.java:124 of time 1656239780000 ms
2022-06-26 11:36:20.014  INFO   57 --- [-thread-pool-47] org.apache.spark.internal.Logging        : Removing RDD 22
2022-06-26 11:36:20.015  INFO   57 --- [   JobGenerator] org.apache.spark.internal.Logging        : Deleting batches: 1656239770000 ms
2022-06-26 11:36:20.016  INFO   57 --- [   JobGenerator] org.apache.spark.internal.Logging        : remove old batch metadata: 1656239770000 ms
2022-06-26 11:36:25.005  INFO   57 --- [   JobGenerator] org.apache.spark.internal.Logging        : Added jobs for time 1656239785000 ms
2022-06-26 11:36:25.007  INFO   57 --- [   JobScheduler] org.apache.spark.internal.Logging        : Starting job streaming job 1656239785000 ms.0 from job set of time 1656239785000 ms
2022-06-26 11:36:25.009  WARN   69 --- [-job-executor-0] org.apache.spark.internal.Logging        : Using an existing SparkSession; the static sql configurations will not take effect.
2022-06-26 11:36:25.010  WARN   69 --- [-job-executor-0] org.apache.spark.internal.Logging        : Using an existing SparkSession; some spark core configurations may not take effect.
2022-06-26 11:36:25.015  INFO   57 --- [   JobScheduler] org.apache.spark.internal.Logging        : Finished job streaming job 1656239785000 ms.0 from job set of time 1656239785000 ms
2022-06-26 11:36:25.015  INFO   57 --- [   JobScheduler] org.apache.spark.internal.Logging        : Starting job streaming job 1656239785000 ms.1 from job set of time 1656239785000 ms
2022-06-26 11:36:25.016  INFO   57 --- [   JobScheduler] org.apache.spark.internal.Logging        : Finished job streaming job 1656239785000 ms.1 from job set of time 1656239785000 ms
2022-06-26 11:36:25.017  INFO   57 --- [   JobScheduler] org.apache.spark.internal.Logging        : Total delay: 0.016 s for time 1656239785000 ms (execution: 0.009 s)
2022-06-26 11:36:25.018  INFO   57 --- [   JobGenerator] org.apache.spark.internal.Logging        : Removing RDD 26 from persistence list
2022-06-26 11:36:25.020  INFO   57 --- [   JobGenerator] org.apache.spark.internal.Logging        : Removing RDD 25 from persistence list
2022-06-26 11:36:25.020  INFO   57 --- [-thread-pool-51] org.apache.spark.internal.Logging        : Removing RDD 26
2022-06-26 11:36:25.023  INFO   57 --- [   JobGenerator] org.apache.spark.internal.Logging        : Removing blocks of RDD BlockRDD[25] at receiverStream at Application.java:124 of time 1656239785000 ms
2022-06-26 11:36:25.024  INFO   57 --- [-thread-pool-52] org.apache.spark.internal.Logging        : Removing RDD 25
2022-06-26 11:36:25.024  INFO   57 --- [   JobGenerator] org.apache.spark.internal.Logging        : Deleting batches: 1656239775000 ms
2022-06-26 11:36:25.026  INFO   57 --- [   JobGenerator] org.apache.spark.internal.Logging        : remove old batch metadata: 1656239775000 ms
2022-06-26 11:36:30.004  INFO   57 --- [   JobGenerator] org.apache.spark.internal.Logging        : Added jobs for time 1656239790000 ms
2022-06-26 11:36:30.005  INFO   57 --- [   JobScheduler] org.apache.spark.internal.Logging        : Starting job streaming job 1656239790000 ms.0 from job set of time 1656239790000 ms
2022-06-26 11:36:30.006  WARN   69 --- [-job-executor-0] org.apache.spark.internal.Logging        : Using an existing SparkSession; the static sql configurations will not take effect.
2022-06-26 11:36:30.007  WARN   69 --- [-job-executor-0] org.apache.spark.internal.Logging        : Using an existing SparkSession; some spark core configurations may not take effect.
2022-06-26 11:36:30.009  INFO   57 --- [   JobScheduler] org.apache.spark.internal.Logging        : Finished job streaming job 1656239790000 ms.0 from job set of time 1656239790000 ms
2022-06-26 11:36:30.009  INFO   57 --- [   JobScheduler] org.apache.spark.internal.Logging        : Starting job streaming job 1656239790000 ms.1 from job set of time 1656239790000 ms
2022-06-26 11:36:30.010  INFO   57 --- [   JobScheduler] org.apache.spark.internal.Logging        : Finished job streaming job 1656239790000 ms.1 from job set of time 1656239790000 ms
2022-06-26 11:36:30.010  INFO   57 --- [   JobScheduler] org.apache.spark.internal.Logging        : Total delay: 0.010 s for time 1656239790000 ms (execution: 0.005 s)
2022-06-26 11:36:30.011  INFO   57 --- [   JobGenerator] org.apache.spark.internal.Logging        : Removing RDD 29 from persistence list
2022-06-26 11:36:30.012  INFO   57 --- [   JobGenerator] org.apache.spark.internal.Logging        : Removing RDD 28 from persistence list
2022-06-26 11:36:30.013  INFO   57 --- [   JobGenerator] org.apache.spark.internal.Logging        : Removing blocks of RDD BlockRDD[28] at receiverStream at Application.java:124 of time 1656239790000 ms
2022-06-26 11:36:30.015  INFO   57 --- [   JobGenerator] org.apache.spark.internal.Logging        : Deleting batches: 1656239780000 ms
2022-06-26 11:36:30.016  INFO   57 --- [   JobGenerator] org.apache.spark.internal.Logging        : remove old batch metadata: 1656239780000 ms
2022-06-26 11:36:30.017  INFO   57 --- [-thread-pool-57] org.apache.spark.internal.Logging        : Removing RDD 29
2022-06-26 11:36:30.017  INFO   57 --- [-thread-pool-58] org.apache.spark.internal.Logging        : Removing RDD 28
2022-06-26 11:36:35.003  INFO   57 --- [   JobGenerator] org.apache.spark.internal.Logging        : Added jobs for time 1656239795000 ms
2022-06-26 11:36:35.004  INFO   57 --- [   JobScheduler] org.apache.spark.internal.Logging        : Starting job streaming job 1656239795000 ms.0 from job set of time 1656239795000 ms
2022-06-26 11:36:35.005  WARN   69 --- [-job-executor-0] org.apache.spark.internal.Logging        : Using an existing SparkSession; the static sql configurations will not take effect.
2022-06-26 11:36:35.005  WARN   69 --- [-job-executor-0] org.apache.spark.internal.Logging        : Using an existing SparkSession; some spark core configurations may not take effect.
2022-06-26 11:36:35.007  INFO   57 --- [   JobScheduler] org.apache.spark.internal.Logging        : Finished job streaming job 1656239795000 ms.0 from job set of time 1656239795000 ms
2022-06-26 11:36:35.008  INFO   57 --- [   JobScheduler] org.apache.spark.internal.Logging        : Starting job streaming job 1656239795000 ms.1 from job set of time 1656239795000 ms
2022-06-26 11:36:35.009  INFO   57 --- [   JobScheduler] org.apache.spark.internal.Logging        : Finished job streaming job 1656239795000 ms.1 from job set of time 1656239795000 ms
2022-06-26 11:36:35.009  INFO   57 --- [   JobGenerator] org.apache.spark.internal.Logging        : Removing RDD 32 from persistence list
2022-06-26 11:36:35.009  INFO   57 --- [   JobScheduler] org.apache.spark.internal.Logging        : Total delay: 0.009 s for time 1656239795000 ms (execution: 0.005 s)
2022-06-26 11:36:35.010  INFO   57 --- [   JobGenerator] org.apache.spark.internal.Logging        : Removing RDD 31 from persistence list
2022-06-26 11:36:35.010  INFO   57 --- [-thread-pool-63] org.apache.spark.internal.Logging        : Removing RDD 32
2022-06-26 11:36:35.012  INFO   57 --- [   JobGenerator] org.apache.spark.internal.Logging        : Removing blocks of RDD BlockRDD[31] at receiverStream at Application.java:124 of time 1656239795000 ms
2022-06-26 11:36:35.012  INFO   57 --- [-thread-pool-65] org.apache.spark.internal.Logging        : Removing RDD 31
2022-06-26 11:36:35.013  INFO   57 --- [   JobGenerator] org.apache.spark.internal.Logging        : Deleting batches: 1656239785000 ms
2022-06-26 11:36:35.014  INFO   57 --- [   JobGenerator] org.apache.spark.internal.Logging        : remove old batch metadata: 1656239785000 ms
2022-06-26 11:36:40.007  INFO   57 --- [   JobGenerator] org.apache.spark.internal.Logging        : Added jobs for time 1656239800000 ms
2022-06-26 11:36:40.008  INFO   57 --- [   JobScheduler] org.apache.spark.internal.Logging        : Starting job streaming job 1656239800000 ms.0 from job set of time 1656239800000 ms
2022-06-26 11:36:40.010  WARN   69 --- [-job-executor-0] org.apache.spark.internal.Logging        : Using an existing SparkSession; the static sql configurations will not take effect.
2022-06-26 11:36:40.011  WARN   69 --- [-job-executor-0] org.apache.spark.internal.Logging        : Using an existing SparkSession; some spark core configurations may not take effect.
2022-06-26 11:36:40.015  INFO   57 --- [   JobScheduler] org.apache.spark.internal.Logging        : Finished job streaming job 1656239800000 ms.0 from job set of time 1656239800000 ms
2022-06-26 11:36:40.016  INFO   57 --- [   JobScheduler] org.apache.spark.internal.Logging        : Starting job streaming job 1656239800000 ms.1 from job set of time 1656239800000 ms
2022-06-26 11:36:40.017  INFO   57 --- [   JobScheduler] org.apache.spark.internal.Logging        : Finished job streaming job 1656239800000 ms.1 from job set of time 1656239800000 ms
2022-06-26 11:36:40.018  INFO   57 --- [   JobScheduler] org.apache.spark.internal.Logging        : Total delay: 0.017 s for time 1656239800000 ms (execution: 0.010 s)
2022-06-26 11:36:40.018  INFO   57 --- [   JobGenerator] org.apache.spark.internal.Logging        : Removing RDD 35 from persistence list
2022-06-26 11:36:40.020  INFO   57 --- [   JobGenerator] org.apache.spark.internal.Logging        : Removing RDD 34 from persistence list
2022-06-26 11:36:40.020  INFO   57 --- [-thread-pool-69] org.apache.spark.internal.Logging        : Removing RDD 35
2022-06-26 11:36:40.022  INFO   57 --- [   JobGenerator] org.apache.spark.internal.Logging        : Removing blocks of RDD BlockRDD[34] at receiverStream at Application.java:124 of time 1656239800000 ms
2022-06-26 11:36:40.023  INFO   57 --- [-thread-pool-71] org.apache.spark.internal.Logging        : Removing RDD 34
2022-06-26 11:36:40.025  INFO   57 --- [   JobGenerator] org.apache.spark.internal.Logging        : Deleting batches: 1656239790000 ms
2022-06-26 11:36:40.025  INFO   57 --- [   JobGenerator] org.apache.spark.internal.Logging        : remove old batch metadata: 1656239790000 ms
2022-06-26 11:36:42.715  INFO  571 --- [ool Maintenance] g.apache.nifi.remote.client.PeerSelector : Successfully refreshed peer status cache; remote group consists of 1 peers
2022-06-26 11:36:45.004  INFO   57 --- [   JobGenerator] org.apache.spark.internal.Logging        : Added jobs for time 1656239805000 ms
2022-06-26 11:36:45.005  INFO   57 --- [   JobScheduler] org.apache.spark.internal.Logging        : Starting job streaming job 1656239805000 ms.0 from job set of time 1656239805000 ms
2022-06-26 11:36:45.006  WARN   69 --- [-job-executor-0] org.apache.spark.internal.Logging        : Using an existing SparkSession; the static sql configurations will not take effect.
2022-06-26 11:36:45.007  WARN   69 --- [-job-executor-0] org.apache.spark.internal.Logging        : Using an existing SparkSession; some spark core configurations may not take effect.
2022-06-26 11:36:45.016  INFO   57 --- [   JobScheduler] org.apache.spark.internal.Logging        : Finished job streaming job 1656239805000 ms.0 from job set of time 1656239805000 ms
2022-06-26 11:36:45.016  INFO   57 --- [   JobScheduler] org.apache.spark.internal.Logging        : Starting job streaming job 1656239805000 ms.1 from job set of time 1656239805000 ms
2022-06-26 11:36:45.017  INFO   57 --- [   JobScheduler] org.apache.spark.internal.Logging        : Finished job streaming job 1656239805000 ms.1 from job set of time 1656239805000 ms
2022-06-26 11:36:45.017  INFO   57 --- [   JobScheduler] org.apache.spark.internal.Logging        : Total delay: 0.017 s for time 1656239805000 ms (execution: 0.012 s)
2022-06-26 11:36:45.018  INFO   57 --- [   JobGenerator] org.apache.spark.internal.Logging        : Removing RDD 38 from persistence list
2022-06-26 11:36:45.019  INFO   57 --- [   JobGenerator] org.apache.spark.internal.Logging        : Removing RDD 37 from persistence list
2022-06-26 11:36:45.019  INFO   57 --- [-thread-pool-75] org.apache.spark.internal.Logging        : Removing RDD 38
2022-06-26 11:36:45.021  INFO   57 --- [   JobGenerator] org.apache.spark.internal.Logging        : Removing blocks of RDD BlockRDD[37] at receiverStream at Application.java:124 of time 1656239805000 ms
2022-06-26 11:36:45.021  INFO   57 --- [-thread-pool-76] org.apache.spark.internal.Logging        : Removing RDD 37
2022-06-26 11:36:45.022  INFO   57 --- [   JobGenerator] org.apache.spark.internal.Logging        : Deleting batches: 1656239795000 ms
2022-06-26 11:36:45.022  INFO   57 --- [   JobGenerator] org.apache.spark.internal.Logging        : remove old batch metadata: 1656239795000 ms
2022-06-26 11:36:45.244  INFO   57 --- [shutdown-hook-0] org.apache.spark.internal.Logging        : Invoking stop(stopGracefully=false) from shutdown hook
2022-06-26 11:36:45.252  INFO   57 --- [er-event-loop-2] org.apache.spark.internal.Logging        : Sent stop signal to all 1 receivers
2022-06-26 11:36:45.254  INFO   57 --- [er-event-loop-3] org.apache.spark.internal.Logging        : Received stop signal
2022-06-26 11:36:45.256  INFO   57 --- [er-event-loop-3] org.apache.spark.internal.Logging        : Stopping receiver with message: Stopped by driver: 
2022-06-26 11:36:45.257  INFO   57 --- [er-event-loop-3] org.apache.spark.internal.Logging        : Called receiver onStop
2022-06-26 11:36:45.257  INFO   57 --- [er-event-loop-3] org.apache.spark.internal.Logging        : Deregistering receiver 0
2022-06-26 11:36:45.259  ERROR   73 --- [er-event-loop-0] org.apache.spark.internal.Logging        : Deregistered receiver for stream 0: Stopped by driver
2022-06-26 11:36:45.259  INFO   57 --- [er-event-loop-3] org.apache.spark.internal.Logging        : Stopped receiver 0
2022-06-26 11:36:45.261  INFO   57 --- [er-event-loop-3] org.apache.spark.internal.Logging        : Stopping BlockGenerator
2022-06-26 11:36:45.601  INFO   57 --- [er-event-loop-3] org.apache.spark.internal.Logging        : Stopped timer for BlockGenerator after time 1656239805600
2022-06-26 11:36:45.601  INFO   57 --- [er-event-loop-3] org.apache.spark.internal.Logging        : Waiting for block pushing thread to terminate
2022-06-26 11:36:45.610  INFO   57 --- [      Thread-14] org.apache.spark.internal.Logging        : Pushing out the last 0 blocks
2022-06-26 11:36:45.612  INFO   57 --- [      Thread-14] org.apache.spark.internal.Logging        : Stopped block pushing thread
2022-06-26 11:36:45.612  INFO   57 --- [er-event-loop-3] org.apache.spark.internal.Logging        : Stopped BlockGenerator
2022-06-26 11:36:45.612  INFO   57 --- [age 0.0 (TID 0)] org.apache.spark.internal.Logging        : Stopped receiver without error
2022-06-26 11:36:45.612  INFO   57 --- [age 0.0 (TID 0)] org.apache.spark.internal.Logging        : Finished task 0.0 in stage 0.0 (TID 0). 880 bytes result sent to driver
2022-06-26 11:36:45.612  INFO   57 --- [result-getter-1] org.apache.spark.internal.Logging        : Finished task 0.0 in stage 0.0 (TID 0) in 68835 ms on host.docker.internal (executor driver) (1/1)
2022-06-26 11:36:45.612  INFO   57 --- [result-getter-1] org.apache.spark.internal.Logging        : Removed TaskSet 0.0, whose tasks have all completed, from pool 
2022-06-26 11:36:45.612  INFO   57 --- [uler-event-loop] org.apache.spark.internal.Logging        : ResultStage 0 (start at Application.java:196) finished in 69.257 s
2022-06-26 11:36:45.612  INFO   57 --- [uler-event-loop] org.apache.spark.internal.Logging        : Job 0 is finished. Cancelling potential speculative or zombie tasks for this job
2022-06-26 11:36:45.612  INFO   57 --- [uler-event-loop] org.apache.spark.internal.Logging        : Killing all running tasks in stage 0: Stage finished
2022-06-26 11:36:45.612  INFO   57 --- [shutdown-hook-0] org.apache.spark.internal.Logging        : All of the receivers have deregistered successfully
2022-06-26 11:36:45.612  INFO   57 --- [shutdown-hook-0] org.apache.spark.internal.Logging        : ReceiverTracker stopped
2022-06-26 11:36:45.612  INFO   57 --- [shutdown-hook-0] org.apache.spark.internal.Logging        : Stopping JobGenerator immediately
2022-06-26 11:36:45.612  INFO   57 --- [shutdown-hook-0] org.apache.spark.internal.Logging        : Stopped timer for JobGenerator after time 1656239805000
2022-06-26 11:36:45.627  INFO   57 --- [shutdown-hook-0] org.apache.spark.internal.Logging        : Stopped JobGenerator
2022-06-26 11:36:45.627  INFO   57 --- [shutdown-hook-0] org.apache.spark.internal.Logging        : Stopped JobScheduler
2022-06-26 11:36:45.627  INFO 1153 --- [shutdown-hook-0] ject.jetty.server.handler.ContextHandler : Stopped o.s.j.s.ServletContextHandler@36f1046f{/streaming,null,STOPPED,@Spark}
2022-06-26 11:36:45.627  INFO 1153 --- [shutdown-hook-0] ject.jetty.server.handler.ContextHandler : Stopped o.s.j.s.ServletContextHandler@1686f0b4{/streaming/json,null,STOPPED,@Spark}
2022-06-26 11:36:45.627  INFO 1153 --- [shutdown-hook-0] ject.jetty.server.handler.ContextHandler : Stopped o.s.j.s.ServletContextHandler@627d8516{/streaming/batch,null,STOPPED,@Spark}
2022-06-26 11:36:45.627  INFO 1153 --- [shutdown-hook-0] ject.jetty.server.handler.ContextHandler : Stopped o.s.j.s.ServletContextHandler@6b667cb3{/streaming/batch/json,null,STOPPED,@Spark}
2022-06-26 11:36:45.627  INFO 1153 --- [shutdown-hook-0] ject.jetty.server.handler.ContextHandler : Stopped o.s.j.s.ServletContextHandler@64b70919{/static/streaming,null,STOPPED,@Spark}
2022-06-26 11:36:45.643  INFO  215 --- [           main] com.elite.cdr.validator.Application      : ****************************************************
2022-06-26 11:36:45.643  INFO  216 --- [           main] com.elite.cdr.validator.Application      : Duration: 0.0 seconds
2022-06-26 11:36:45.643  INFO  217 --- [           main] com.elite.cdr.validator.Application      : Batch executed with success
2022-06-26 11:36:45.643  INFO  218 --- [           main] com.elite.cdr.validator.Application      : ****************************************************
2022-06-26 11:36:45.643  INFO   57 --- [shutdown-hook-0] org.apache.spark.internal.Logging        : StreamingContext stopped successfully
2022-06-26 11:36:45.643  INFO   57 --- [shutdown-hook-0] org.apache.spark.internal.Logging        : Invoking stop() from shutdown hook
2022-06-26 11:36:45.658  INFO  381 --- [shutdown-hook-0] rkproject.jetty.server.AbstractConnector : Stopped Spark@64da2a7{HTTP/1.1, (http/1.1)}{0.0.0.0:4040}
2022-06-26 11:36:45.658  INFO   57 --- [shutdown-hook-0] org.apache.spark.internal.Logging        : Stopped Spark web UI at http://host.docker.internal:4040
2022-06-26 11:36:45.674  INFO   57 --- [er-event-loop-0] org.apache.spark.internal.Logging        : MapOutputTrackerMasterEndpoint stopped!
2022-06-26 11:36:45.705  INFO   57 --- [shutdown-hook-0] org.apache.spark.internal.Logging        : MemoryStore cleared
2022-06-26 11:36:45.705  INFO   57 --- [shutdown-hook-0] org.apache.spark.internal.Logging        : BlockManager stopped
2022-06-26 11:36:45.721  INFO   57 --- [shutdown-hook-0] org.apache.spark.internal.Logging        : BlockManagerMaster stopped
2022-06-26 11:36:45.721  INFO   57 --- [er-event-loop-1] org.apache.spark.internal.Logging        : OutputCommitCoordinator stopped!
2022-06-26 11:36:45.737  INFO   57 --- [shutdown-hook-0] org.apache.spark.internal.Logging        : Successfully stopped SparkContext
2022-06-26 11:36:45.737  INFO   57 --- [shutdown-hook-0] org.apache.spark.internal.Logging        : Shutdown hook called
2022-06-26 11:36:45.737  INFO   57 --- [shutdown-hook-0] org.apache.spark.internal.Logging        : Deleting directory C:\Users\Wael Hamdi\AppData\Local\Temp\spark-02955626-299f-45e6-a5f0-eedf90162fc8
