2022-06-24 15:12:05.673  INFO   50 --- [           main] com.elite.cdr.validator.Application      : Starting ASN1 Reader 
2022-06-24 15:12:05.686  INFO   52 --- [           main] com.elite.cdr.validator.Application      : ############### Run with the args [--env, local, --file, C:\IntelliJProjects\FraudDetectionSpark3\src\main\resources\data\simpleTypes.ber]
2022-06-24 15:12:05.803  INFO   58 --- [           main] com.elite.cdr.validator.Application      : ############### Run in local mode
2022-06-24 15:12:07.599  INFO   57 --- [           main] org.apache.spark.internal.Logging        : Running Spark version 3.2.1
2022-06-24 15:12:08.094  INFO   57 --- [           main] org.apache.spark.internal.Logging        : ==============================================================
2022-06-24 15:12:08.102  INFO   57 --- [           main] org.apache.spark.internal.Logging        : No custom resources configured for spark.driver.
2022-06-24 15:12:08.103  INFO   57 --- [           main] org.apache.spark.internal.Logging        : ==============================================================
2022-06-24 15:12:08.105  INFO   57 --- [           main] org.apache.spark.internal.Logging        : Submitted application: NiFi-Spark Streaming example
2022-06-24 15:12:08.176  INFO   57 --- [           main] org.apache.spark.internal.Logging        : Default ResourceProfile created, executor resources: Map(cores -> name: cores, amount: 1, script: , vendor: , memory -> name: memory, amount: 1024, script: , vendor: , offHeap -> name: offHeap, amount: 0, script: , vendor: ), task resources: Map(cpus -> name: cpus, amount: 1.0)
2022-06-24 15:12:08.202  INFO   57 --- [           main] org.apache.spark.internal.Logging        : Limiting resource is cpu
2022-06-24 15:12:08.210  INFO   57 --- [           main] org.apache.spark.internal.Logging        : Added ResourceProfile id: 0
2022-06-24 15:12:08.417  INFO   57 --- [           main] org.apache.spark.internal.Logging        : Changing view acls to: Wael Hamdi
2022-06-24 15:12:08.419  INFO   57 --- [           main] org.apache.spark.internal.Logging        : Changing modify acls to: Wael Hamdi
2022-06-24 15:12:08.421  INFO   57 --- [           main] org.apache.spark.internal.Logging        : Changing view acls groups to: 
2022-06-24 15:12:08.423  INFO   57 --- [           main] org.apache.spark.internal.Logging        : Changing modify acls groups to: 
2022-06-24 15:12:08.437  INFO   57 --- [           main] org.apache.spark.internal.Logging        : SecurityManager: authentication disabled; ui acls disabled; users  with view permissions: Set(Wael Hamdi); groups with view permissions: Set(); users  with modify permissions: Set(Wael Hamdi); groups with modify permissions: Set()
2022-06-24 15:12:11.743  INFO   57 --- [           main] org.apache.spark.internal.Logging        : Successfully started service 'sparkDriver' on port 61486.
2022-06-24 15:12:11.780  INFO   57 --- [           main] org.apache.spark.internal.Logging        : Registering MapOutputTracker
2022-06-24 15:12:11.823  INFO   57 --- [           main] org.apache.spark.internal.Logging        : Registering BlockManagerMaster
2022-06-24 15:12:11.853  INFO   57 --- [           main] org.apache.spark.internal.Logging        : Using org.apache.spark.storage.DefaultTopologyMapper for getting topology information
2022-06-24 15:12:11.854  INFO   57 --- [           main] org.apache.spark.internal.Logging        : BlockManagerMasterEndpoint up
2022-06-24 15:12:11.859  INFO   57 --- [           main] org.apache.spark.internal.Logging        : Registering BlockManagerMasterHeartbeat
2022-06-24 15:12:11.892  INFO   57 --- [           main] org.apache.spark.internal.Logging        : Created local directory at C:\Users\Wael Hamdi\AppData\Local\Temp\blockmgr-40e46e6c-9aa7-4a11-9e76-86037cef7511
2022-06-24 15:12:11.932  INFO   57 --- [           main] org.apache.spark.internal.Logging        : MemoryStore started with capacity 897.6 MiB
2022-06-24 15:12:11.957  INFO   57 --- [           main] org.apache.spark.internal.Logging        : Registering OutputCommitCoordinator
2022-06-24 15:12:12.088  INFO  170 --- [           main] org.sparkproject.jetty.util.log.Log      : Logging initialized @7483ms to org.sparkproject.jetty.util.log.Slf4jLog
2022-06-24 15:12:12.209  INFO  375 --- [           main] org.sparkproject.jetty.server.Server     : jetty-9.4.43.v20210629; built: 2021-06-30T11:07:22.254Z; git: 526006ecfa3af7f1a27ef3a288e2bef7ea9dd7e8; jvm 1.8.0_301-b09
2022-06-24 15:12:12.248  INFO  415 --- [           main] org.sparkproject.jetty.server.Server     : Started @7644ms
2022-06-24 15:12:12.300  INFO  331 --- [           main] rkproject.jetty.server.AbstractConnector : Started ServerConnector@d78795{HTTP/1.1, (http/1.1)}{0.0.0.0:4040}
2022-06-24 15:12:12.301  INFO   57 --- [           main] org.apache.spark.internal.Logging        : Successfully started service 'SparkUI' on port 4040.
2022-06-24 15:12:12.335  INFO  915 --- [           main] ject.jetty.server.handler.ContextHandler : Started o.s.j.s.ServletContextHandler@6de54b40{/jobs,null,AVAILABLE,@Spark}
2022-06-24 15:12:12.338  INFO  915 --- [           main] ject.jetty.server.handler.ContextHandler : Started o.s.j.s.ServletContextHandler@2de366bb{/jobs/json,null,AVAILABLE,@Spark}
2022-06-24 15:12:12.340  INFO  915 --- [           main] ject.jetty.server.handler.ContextHandler : Started o.s.j.s.ServletContextHandler@61a002b1{/jobs/job,null,AVAILABLE,@Spark}
2022-06-24 15:12:12.341  INFO  915 --- [           main] ject.jetty.server.handler.ContextHandler : Started o.s.j.s.ServletContextHandler@e24ddd0{/jobs/job/json,null,AVAILABLE,@Spark}
2022-06-24 15:12:12.343  INFO  915 --- [           main] ject.jetty.server.handler.ContextHandler : Started o.s.j.s.ServletContextHandler@548e76f1{/stages,null,AVAILABLE,@Spark}
2022-06-24 15:12:12.344  INFO  915 --- [           main] ject.jetty.server.handler.ContextHandler : Started o.s.j.s.ServletContextHandler@72c927f1{/stages/json,null,AVAILABLE,@Spark}
2022-06-24 15:12:12.345  INFO  915 --- [           main] ject.jetty.server.handler.ContextHandler : Started o.s.j.s.ServletContextHandler@3dd69f5a{/stages/stage,null,AVAILABLE,@Spark}
2022-06-24 15:12:12.348  INFO  915 --- [           main] ject.jetty.server.handler.ContextHandler : Started o.s.j.s.ServletContextHandler@5003041b{/stages/stage/json,null,AVAILABLE,@Spark}
2022-06-24 15:12:12.349  INFO  915 --- [           main] ject.jetty.server.handler.ContextHandler : Started o.s.j.s.ServletContextHandler@16fb356{/stages/pool,null,AVAILABLE,@Spark}
2022-06-24 15:12:12.351  INFO  915 --- [           main] ject.jetty.server.handler.ContextHandler : Started o.s.j.s.ServletContextHandler@23a9ba52{/stages/pool/json,null,AVAILABLE,@Spark}
2022-06-24 15:12:12.352  INFO  915 --- [           main] ject.jetty.server.handler.ContextHandler : Started o.s.j.s.ServletContextHandler@70ab80e3{/storage,null,AVAILABLE,@Spark}
2022-06-24 15:12:12.353  INFO  915 --- [           main] ject.jetty.server.handler.ContextHandler : Started o.s.j.s.ServletContextHandler@67427b69{/storage/json,null,AVAILABLE,@Spark}
2022-06-24 15:12:12.354  INFO  915 --- [           main] ject.jetty.server.handler.ContextHandler : Started o.s.j.s.ServletContextHandler@544630b7{/storage/rdd,null,AVAILABLE,@Spark}
2022-06-24 15:12:12.356  INFO  915 --- [           main] ject.jetty.server.handler.ContextHandler : Started o.s.j.s.ServletContextHandler@1095f122{/storage/rdd/json,null,AVAILABLE,@Spark}
2022-06-24 15:12:12.357  INFO  915 --- [           main] ject.jetty.server.handler.ContextHandler : Started o.s.j.s.ServletContextHandler@3d6300e8{/environment,null,AVAILABLE,@Spark}
2022-06-24 15:12:12.358  INFO  915 --- [           main] ject.jetty.server.handler.ContextHandler : Started o.s.j.s.ServletContextHandler@24a1c17f{/environment/json,null,AVAILABLE,@Spark}
2022-06-24 15:12:12.359  INFO  915 --- [           main] ject.jetty.server.handler.ContextHandler : Started o.s.j.s.ServletContextHandler@73511076{/executors,null,AVAILABLE,@Spark}
2022-06-24 15:12:12.361  INFO  915 --- [           main] ject.jetty.server.handler.ContextHandler : Started o.s.j.s.ServletContextHandler@532721fd{/executors/json,null,AVAILABLE,@Spark}
2022-06-24 15:12:12.362  INFO  915 --- [           main] ject.jetty.server.handler.ContextHandler : Started o.s.j.s.ServletContextHandler@7fb9f71f{/executors/threadDump,null,AVAILABLE,@Spark}
2022-06-24 15:12:12.364  INFO  915 --- [           main] ject.jetty.server.handler.ContextHandler : Started o.s.j.s.ServletContextHandler@51f49060{/executors/threadDump/json,null,AVAILABLE,@Spark}
2022-06-24 15:12:12.381  INFO  915 --- [           main] ject.jetty.server.handler.ContextHandler : Started o.s.j.s.ServletContextHandler@617fe9e1{/static,null,AVAILABLE,@Spark}
2022-06-24 15:12:12.382  INFO  915 --- [           main] ject.jetty.server.handler.ContextHandler : Started o.s.j.s.ServletContextHandler@1a2e2935{/,null,AVAILABLE,@Spark}
2022-06-24 15:12:12.384  INFO  915 --- [           main] ject.jetty.server.handler.ContextHandler : Started o.s.j.s.ServletContextHandler@4b629f13{/api,null,AVAILABLE,@Spark}
2022-06-24 15:12:12.386  INFO  915 --- [           main] ject.jetty.server.handler.ContextHandler : Started o.s.j.s.ServletContextHandler@37cd92d6{/jobs/job/kill,null,AVAILABLE,@Spark}
2022-06-24 15:12:12.388  INFO  915 --- [           main] ject.jetty.server.handler.ContextHandler : Started o.s.j.s.ServletContextHandler@4263b080{/stages/stage/kill,null,AVAILABLE,@Spark}
2022-06-24 15:12:12.391  INFO   57 --- [           main] org.apache.spark.internal.Logging        : Bound SparkUI to 0.0.0.0, and started at http://host.docker.internal:4040
2022-06-24 15:12:12.647  INFO   57 --- [           main] org.apache.spark.internal.Logging        : Starting executor ID driver on host host.docker.internal
2022-06-24 15:12:12.785  INFO   57 --- [           main] org.apache.spark.internal.Logging        : Successfully started service 'org.apache.spark.network.netty.NettyBlockTransferService' on port 61510.
2022-06-24 15:12:12.786  INFO   82 --- [           main] .network.netty.NettyBlockTransferService : Server created on host.docker.internal:61510
2022-06-24 15:12:12.789  INFO   57 --- [           main] org.apache.spark.internal.Logging        : Using org.apache.spark.storage.RandomBlockReplicationPolicy for block replication policy
2022-06-24 15:12:12.800  INFO   57 --- [           main] org.apache.spark.internal.Logging        : Registering BlockManager BlockManagerId(driver, host.docker.internal, 61510, None)
2022-06-24 15:12:12.806  INFO   57 --- [ckManagerMaster] org.apache.spark.internal.Logging        : Registering block manager host.docker.internal:61510 with 897.6 MiB RAM, BlockManagerId(driver, host.docker.internal, 61510, None)
2022-06-24 15:12:12.811  INFO   57 --- [           main] org.apache.spark.internal.Logging        : Registered BlockManager BlockManagerId(driver, host.docker.internal, 61510, None)
2022-06-24 15:12:12.814  INFO   57 --- [           main] org.apache.spark.internal.Logging        : Initialized BlockManager: BlockManagerId(driver, host.docker.internal, 61510, None)
2022-06-24 15:12:13.147  INFO  915 --- [           main] ject.jetty.server.handler.ContextHandler : Started o.s.j.s.ServletContextHandler@5173200b{/metrics/json,null,AVAILABLE,@Spark}
2022-06-24 15:12:13.970  INFO   57 --- [shutdown-hook-0] org.apache.spark.internal.Logging        : Invoking stop() from shutdown hook
2022-06-24 15:12:13.987  INFO  381 --- [shutdown-hook-0] rkproject.jetty.server.AbstractConnector : Stopped Spark@d78795{HTTP/1.1, (http/1.1)}{0.0.0.0:4040}
2022-06-24 15:12:13.990  INFO   57 --- [shutdown-hook-0] org.apache.spark.internal.Logging        : Stopped Spark web UI at http://host.docker.internal:4040
2022-06-24 15:12:14.017  INFO   57 --- [er-event-loop-0] org.apache.spark.internal.Logging        : MapOutputTrackerMasterEndpoint stopped!
2022-06-24 15:12:14.034  INFO   57 --- [shutdown-hook-0] org.apache.spark.internal.Logging        : MemoryStore cleared
2022-06-24 15:12:14.036  INFO   57 --- [shutdown-hook-0] org.apache.spark.internal.Logging        : BlockManager stopped
2022-06-24 15:12:14.049  INFO   57 --- [shutdown-hook-0] org.apache.spark.internal.Logging        : BlockManagerMaster stopped
2022-06-24 15:12:14.055  INFO   57 --- [er-event-loop-1] org.apache.spark.internal.Logging        : OutputCommitCoordinator stopped!
2022-06-24 15:12:14.061  INFO   57 --- [shutdown-hook-0] org.apache.spark.internal.Logging        : Successfully stopped SparkContext
2022-06-24 15:12:14.063  INFO   57 --- [shutdown-hook-0] org.apache.spark.internal.Logging        : Shutdown hook called
2022-06-24 15:12:14.065  INFO   57 --- [shutdown-hook-0] org.apache.spark.internal.Logging        : Deleting directory C:\Users\Wael Hamdi\AppData\Local\Temp\spark-ed60132e-e421-414c-87d0-75c39f57aa92
