2022-08-01 16:46:54.556  INFO   48 --- [           main] com.elite.cdr.validator.Application      : Starting ASN1 Reader 
2022-08-01 16:46:54.572  INFO   50 --- [           main] com.elite.cdr.validator.Application      : ############### Run with the args [--env, local, --file, src/main/resources/data/simpleTypes.ber, --prop, src/main/resources/myapp.properties]
2022-08-01 16:46:54.650  INFO   56 --- [           main] com.elite.cdr.validator.Application      : ############### Run in local mode
2022-08-01 16:46:56.349  INFO   57 --- [           main] org.apache.spark.internal.Logging        : Running Spark version 3.2.1
2022-08-01 16:46:56.661  INFO   57 --- [           main] org.apache.spark.internal.Logging        : ==============================================================
2022-08-01 16:46:56.661  INFO   57 --- [           main] org.apache.spark.internal.Logging        : No custom resources configured for spark.driver.
2022-08-01 16:46:56.661  INFO   57 --- [           main] org.apache.spark.internal.Logging        : ==============================================================
2022-08-01 16:46:56.661  INFO   57 --- [           main] org.apache.spark.internal.Logging        : Submitted application: NiFi Spark Streaming example
2022-08-01 16:46:56.739  INFO   57 --- [           main] org.apache.spark.internal.Logging        : Default ResourceProfile created, executor resources: Map(cores -> name: cores, amount: 1, script: , vendor: , memory -> name: memory, amount: 1024, script: , vendor: , offHeap -> name: offHeap, amount: 0, script: , vendor: ), task resources: Map(cpus -> name: cpus, amount: 1.0)
2022-08-01 16:46:56.771  INFO   57 --- [           main] org.apache.spark.internal.Logging        : Limiting resource is cpu
2022-08-01 16:46:56.771  INFO   57 --- [           main] org.apache.spark.internal.Logging        : Added ResourceProfile id: 0
2022-08-01 16:46:56.974  INFO   57 --- [           main] org.apache.spark.internal.Logging        : Changing view acls to: Wael Hamdi
2022-08-01 16:46:56.974  INFO   57 --- [           main] org.apache.spark.internal.Logging        : Changing modify acls to: Wael Hamdi
2022-08-01 16:46:56.974  INFO   57 --- [           main] org.apache.spark.internal.Logging        : Changing view acls groups to: 
2022-08-01 16:46:56.974  INFO   57 --- [           main] org.apache.spark.internal.Logging        : Changing modify acls groups to: 
2022-08-01 16:46:56.974  INFO   57 --- [           main] org.apache.spark.internal.Logging        : SecurityManager: authentication disabled; ui acls disabled; users  with view permissions: Set(Wael Hamdi); groups with view permissions: Set(); users  with modify permissions: Set(Wael Hamdi); groups with modify permissions: Set()
2022-08-01 16:46:59.583  INFO   57 --- [           main] org.apache.spark.internal.Logging        : Successfully started service 'sparkDriver' on port 56809.
2022-08-01 16:46:59.630  INFO   57 --- [           main] org.apache.spark.internal.Logging        : Registering MapOutputTracker
2022-08-01 16:46:59.677  INFO   57 --- [           main] org.apache.spark.internal.Logging        : Registering BlockManagerMaster
2022-08-01 16:46:59.708  INFO   57 --- [           main] org.apache.spark.internal.Logging        : Using org.apache.spark.storage.DefaultTopologyMapper for getting topology information
2022-08-01 16:46:59.708  INFO   57 --- [           main] org.apache.spark.internal.Logging        : BlockManagerMasterEndpoint up
2022-08-01 16:46:59.708  INFO   57 --- [           main] org.apache.spark.internal.Logging        : Registering BlockManagerMasterHeartbeat
2022-08-01 16:46:59.739  INFO   57 --- [           main] org.apache.spark.internal.Logging        : Created local directory at C:\Users\Wael Hamdi\AppData\Local\Temp\blockmgr-60a6df15-d3ec-46f1-b07c-9e16f692b1f4
2022-08-01 16:46:59.771  INFO   57 --- [           main] org.apache.spark.internal.Logging        : MemoryStore started with capacity 897.6 MiB
2022-08-01 16:46:59.802  INFO   57 --- [           main] org.apache.spark.internal.Logging        : Registering OutputCommitCoordinator
2022-08-01 16:46:59.927  INFO  170 --- [           main] org.sparkproject.jetty.util.log.Log      : Logging initialized @6246ms to org.sparkproject.jetty.util.log.Slf4jLog
2022-08-01 16:47:00.036  INFO  375 --- [           main] org.sparkproject.jetty.server.Server     : jetty-9.4.43.v20210629; built: 2021-06-30T11:07:22.254Z; git: 526006ecfa3af7f1a27ef3a288e2bef7ea9dd7e8; jvm 1.8.0_301-b09
2022-08-01 16:47:00.052  INFO  415 --- [           main] org.sparkproject.jetty.server.Server     : Started @6382ms
2022-08-01 16:47:00.099  INFO  331 --- [           main] rkproject.jetty.server.AbstractConnector : Started ServerConnector@7caa550{HTTP/1.1, (http/1.1)}{0.0.0.0:4040}
2022-08-01 16:47:00.099  INFO   57 --- [           main] org.apache.spark.internal.Logging        : Successfully started service 'SparkUI' on port 4040.
2022-08-01 16:47:00.130  INFO  915 --- [           main] ject.jetty.server.handler.ContextHandler : Started o.s.j.s.ServletContextHandler@a50b09c{/jobs,null,AVAILABLE,@Spark}
2022-08-01 16:47:00.146  INFO  915 --- [           main] ject.jetty.server.handler.ContextHandler : Started o.s.j.s.ServletContextHandler@4eeea57d{/jobs/json,null,AVAILABLE,@Spark}
2022-08-01 16:47:00.146  INFO  915 --- [           main] ject.jetty.server.handler.ContextHandler : Started o.s.j.s.ServletContextHandler@e24ddd0{/jobs/job,null,AVAILABLE,@Spark}
2022-08-01 16:47:00.146  INFO  915 --- [           main] ject.jetty.server.handler.ContextHandler : Started o.s.j.s.ServletContextHandler@5aabbb29{/jobs/job/json,null,AVAILABLE,@Spark}
2022-08-01 16:47:00.146  INFO  915 --- [           main] ject.jetty.server.handler.ContextHandler : Started o.s.j.s.ServletContextHandler@1ac85b0c{/stages,null,AVAILABLE,@Spark}
2022-08-01 16:47:00.146  INFO  915 --- [           main] ject.jetty.server.handler.ContextHandler : Started o.s.j.s.ServletContextHandler@3aa3193a{/stages/json,null,AVAILABLE,@Spark}
2022-08-01 16:47:00.146  INFO  915 --- [           main] ject.jetty.server.handler.ContextHandler : Started o.s.j.s.ServletContextHandler@59a67c3a{/stages/stage,null,AVAILABLE,@Spark}
2022-08-01 16:47:00.146  INFO  915 --- [           main] ject.jetty.server.handler.ContextHandler : Started o.s.j.s.ServletContextHandler@6bc248ed{/stages/stage/json,null,AVAILABLE,@Spark}
2022-08-01 16:47:00.146  INFO  915 --- [           main] ject.jetty.server.handler.ContextHandler : Started o.s.j.s.ServletContextHandler@ca27722{/stages/pool,null,AVAILABLE,@Spark}
2022-08-01 16:47:00.146  INFO  915 --- [           main] ject.jetty.server.handler.ContextHandler : Started o.s.j.s.ServletContextHandler@9573b3b{/stages/pool/json,null,AVAILABLE,@Spark}
2022-08-01 16:47:00.146  INFO  915 --- [           main] ject.jetty.server.handler.ContextHandler : Started o.s.j.s.ServletContextHandler@78461bc4{/storage,null,AVAILABLE,@Spark}
2022-08-01 16:47:00.146  INFO  915 --- [           main] ject.jetty.server.handler.ContextHandler : Started o.s.j.s.ServletContextHandler@64f857e7{/storage/json,null,AVAILABLE,@Spark}
2022-08-01 16:47:00.161  INFO  915 --- [           main] ject.jetty.server.handler.ContextHandler : Started o.s.j.s.ServletContextHandler@58c540cf{/storage/rdd,null,AVAILABLE,@Spark}
2022-08-01 16:47:00.161  INFO  915 --- [           main] ject.jetty.server.handler.ContextHandler : Started o.s.j.s.ServletContextHandler@1b822fcc{/storage/rdd/json,null,AVAILABLE,@Spark}
2022-08-01 16:47:00.161  INFO  915 --- [           main] ject.jetty.server.handler.ContextHandler : Started o.s.j.s.ServletContextHandler@56102e1c{/environment,null,AVAILABLE,@Spark}
2022-08-01 16:47:00.161  INFO  915 --- [           main] ject.jetty.server.handler.ContextHandler : Started o.s.j.s.ServletContextHandler@7927bd9f{/environment/json,null,AVAILABLE,@Spark}
2022-08-01 16:47:00.161  INFO  915 --- [           main] ject.jetty.server.handler.ContextHandler : Started o.s.j.s.ServletContextHandler@410954b{/executors,null,AVAILABLE,@Spark}
2022-08-01 16:47:00.161  INFO  915 --- [           main] ject.jetty.server.handler.ContextHandler : Started o.s.j.s.ServletContextHandler@3b366632{/executors/json,null,AVAILABLE,@Spark}
2022-08-01 16:47:00.161  INFO  915 --- [           main] ject.jetty.server.handler.ContextHandler : Started o.s.j.s.ServletContextHandler@514eedd8{/executors/threadDump,null,AVAILABLE,@Spark}
2022-08-01 16:47:00.161  INFO  915 --- [           main] ject.jetty.server.handler.ContextHandler : Started o.s.j.s.ServletContextHandler@6970140a{/executors/threadDump/json,null,AVAILABLE,@Spark}
2022-08-01 16:47:00.177  INFO  915 --- [           main] ject.jetty.server.handler.ContextHandler : Started o.s.j.s.ServletContextHandler@3af4e0bf{/static,null,AVAILABLE,@Spark}
2022-08-01 16:47:00.177  INFO  915 --- [           main] ject.jetty.server.handler.ContextHandler : Started o.s.j.s.ServletContextHandler@70925b45{/,null,AVAILABLE,@Spark}
2022-08-01 16:47:00.177  INFO  915 --- [           main] ject.jetty.server.handler.ContextHandler : Started o.s.j.s.ServletContextHandler@aa22f1c{/api,null,AVAILABLE,@Spark}
2022-08-01 16:47:00.177  INFO  915 --- [           main] ject.jetty.server.handler.ContextHandler : Started o.s.j.s.ServletContextHandler@2af616d3{/jobs/job/kill,null,AVAILABLE,@Spark}
2022-08-01 16:47:00.177  INFO  915 --- [           main] ject.jetty.server.handler.ContextHandler : Started o.s.j.s.ServletContextHandler@3deb2326{/stages/stage/kill,null,AVAILABLE,@Spark}
2022-08-01 16:47:00.177  INFO   57 --- [           main] org.apache.spark.internal.Logging        : Bound SparkUI to 0.0.0.0, and started at http://host.docker.internal:4040
2022-08-01 16:47:00.396  INFO   57 --- [           main] org.apache.spark.internal.Logging        : Starting executor ID driver on host host.docker.internal
2022-08-01 16:47:00.505  INFO   57 --- [           main] org.apache.spark.internal.Logging        : Successfully started service 'org.apache.spark.network.netty.NettyBlockTransferService' on port 56833.
2022-08-01 16:47:00.521  INFO   82 --- [           main] .network.netty.NettyBlockTransferService : Server created on host.docker.internal:56833
2022-08-01 16:47:00.521  INFO   57 --- [           main] org.apache.spark.internal.Logging        : Using org.apache.spark.storage.RandomBlockReplicationPolicy for block replication policy
2022-08-01 16:47:00.521  INFO   57 --- [           main] org.apache.spark.internal.Logging        : Registering BlockManager BlockManagerId(driver, host.docker.internal, 56833, None)
2022-08-01 16:47:00.536  INFO   57 --- [ckManagerMaster] org.apache.spark.internal.Logging        : Registering block manager host.docker.internal:56833 with 897.6 MiB RAM, BlockManagerId(driver, host.docker.internal, 56833, None)
2022-08-01 16:47:00.536  INFO   57 --- [           main] org.apache.spark.internal.Logging        : Registered BlockManager BlockManagerId(driver, host.docker.internal, 56833, None)
2022-08-01 16:47:00.536  INFO   57 --- [           main] org.apache.spark.internal.Logging        : Initialized BlockManager: BlockManagerId(driver, host.docker.internal, 56833, None)
2022-08-01 16:47:00.864  INFO  915 --- [           main] ject.jetty.server.handler.ContextHandler : Started o.s.j.s.ServletContextHandler@2189e7a7{/metrics/json,null,AVAILABLE,@Spark}
2022-08-01 16:47:01.599  INFO   57 --- [streaming-start] org.apache.spark.internal.Logging        : Starting 1 receivers
2022-08-01 16:47:01.614  INFO   57 --- [streaming-start] org.apache.spark.internal.Logging        : ReceiverTracker started
2022-08-01 16:47:01.614  INFO   57 --- [streaming-start] org.apache.spark.internal.Logging        : Slide time = 1000 ms
2022-08-01 16:47:01.614  INFO   57 --- [streaming-start] org.apache.spark.internal.Logging        : Storage level = Serialized 1x Replicated
2022-08-01 16:47:01.614  INFO   57 --- [streaming-start] org.apache.spark.internal.Logging        : Checkpoint interval = null
2022-08-01 16:47:01.614  INFO   57 --- [streaming-start] org.apache.spark.internal.Logging        : Remember interval = 1000 ms
2022-08-01 16:47:01.614  INFO   57 --- [streaming-start] org.apache.spark.internal.Logging        : Initialized and validated org.apache.spark.streaming.dstream.PluggableInputDStream@30ad6d3f
2022-08-01 16:47:01.614  INFO   57 --- [streaming-start] org.apache.spark.internal.Logging        : Slide time = 1000 ms
2022-08-01 16:47:01.614  INFO   57 --- [streaming-start] org.apache.spark.internal.Logging        : Storage level = Serialized 1x Replicated
2022-08-01 16:47:01.614  INFO   57 --- [streaming-start] org.apache.spark.internal.Logging        : Checkpoint interval = null
2022-08-01 16:47:01.614  INFO   57 --- [streaming-start] org.apache.spark.internal.Logging        : Remember interval = 1000 ms
2022-08-01 16:47:01.614  INFO   57 --- [streaming-start] org.apache.spark.internal.Logging        : Initialized and validated org.apache.spark.streaming.dstream.MappedDStream@2be39139
2022-08-01 16:47:01.614  INFO   57 --- [streaming-start] org.apache.spark.internal.Logging        : Slide time = 1000 ms
2022-08-01 16:47:01.630  INFO   57 --- [streaming-start] org.apache.spark.internal.Logging        : Storage level = Serialized 1x Replicated
2022-08-01 16:47:01.630  INFO   57 --- [streaming-start] org.apache.spark.internal.Logging        : Checkpoint interval = null
2022-08-01 16:47:01.630  INFO   57 --- [streaming-start] org.apache.spark.internal.Logging        : Remember interval = 1000 ms
2022-08-01 16:47:01.630  INFO   57 --- [streaming-start] org.apache.spark.internal.Logging        : Initialized and validated org.apache.spark.streaming.dstream.ForEachDStream@6c431760
2022-08-01 16:47:01.739  INFO   57 --- [streaming-start] org.apache.spark.internal.Logging        : Started timer for JobGenerator at time 1659368822000
2022-08-01 16:47:01.739  INFO   57 --- [streaming-start] org.apache.spark.internal.Logging        : Started JobGenerator at 1659368822000 ms
2022-08-01 16:47:01.739  INFO   57 --- [streaming-start] org.apache.spark.internal.Logging        : Started JobScheduler
2022-08-01 16:47:01.739  INFO   57 --- [er-event-loop-3] org.apache.spark.internal.Logging        : Receiver 0 started
2022-08-01 16:47:01.760  INFO  915 --- [           main] ject.jetty.server.handler.ContextHandler : Started o.s.j.s.ServletContextHandler@5109e8cf{/streaming,null,AVAILABLE,@Spark}
2022-08-01 16:47:01.761  INFO  915 --- [           main] ject.jetty.server.handler.ContextHandler : Started o.s.j.s.ServletContextHandler@78b41097{/streaming/json,null,AVAILABLE,@Spark}
2022-08-01 16:47:01.763  INFO  915 --- [           main] ject.jetty.server.handler.ContextHandler : Started o.s.j.s.ServletContextHandler@2d000e80{/streaming/batch,null,AVAILABLE,@Spark}
2022-08-01 16:47:01.765  INFO  915 --- [           main] ject.jetty.server.handler.ContextHandler : Started o.s.j.s.ServletContextHandler@20e6c4dc{/streaming/batch/json,null,AVAILABLE,@Spark}
2022-08-01 16:47:01.767  INFO  915 --- [           main] ject.jetty.server.handler.ContextHandler : Started o.s.j.s.ServletContextHandler@33f98231{/static/streaming,null,AVAILABLE,@Spark}
2022-08-01 16:47:01.768  INFO   57 --- [           main] org.apache.spark.internal.Logging        : StreamingContext started
2022-08-01 16:47:01.775  INFO   57 --- [uler-event-loop] org.apache.spark.internal.Logging        : Got job 0 (start at Application.java:156) with 1 output partitions
2022-08-01 16:47:01.776  INFO   57 --- [uler-event-loop] org.apache.spark.internal.Logging        : Final stage: ResultStage 0 (start at Application.java:156)
2022-08-01 16:47:01.777  INFO   57 --- [uler-event-loop] org.apache.spark.internal.Logging        : Parents of final stage: List()
2022-08-01 16:47:01.779  INFO   57 --- [uler-event-loop] org.apache.spark.internal.Logging        : Missing parents: List()
2022-08-01 16:47:01.786  INFO   57 --- [uler-event-loop] org.apache.spark.internal.Logging        : Submitting ResultStage 0 (Receiver 0 ParallelCollectionRDD[0] at makeRDD at ReceiverTracker.scala:609), which has no missing parents
2022-08-01 16:47:02.046  INFO   57 --- [uler-event-loop] org.apache.spark.internal.Logging        : Block broadcast_0 stored as values in memory (estimated size 97.5 KiB, free 897.5 MiB)
2022-08-01 16:47:02.106  INFO   57 --- [   JobGenerator] org.apache.spark.internal.Logging        : Added jobs for time 1659368822000 ms
2022-08-01 16:47:02.123  INFO   57 --- [   JobScheduler] org.apache.spark.internal.Logging        : Starting job streaming job 1659368822000 ms.0 from job set of time 1659368822000 ms
2022-08-01 16:47:02.195  INFO   57 --- [uler-event-loop] org.apache.spark.internal.Logging        : Block broadcast_0_piece0 stored as bytes in memory (estimated size 34.2 KiB, free 897.5 MiB)
2022-08-01 16:47:02.200  INFO   57 --- [ckManagerMaster] org.apache.spark.internal.Logging        : Added broadcast_0_piece0 in memory on host.docker.internal:56833 (size: 34.2 KiB, free: 897.6 MiB)
2022-08-01 16:47:02.206  INFO   57 --- [uler-event-loop] org.apache.spark.internal.Logging        : Created broadcast 0 from broadcast at DAGScheduler.scala:1478
2022-08-01 16:47:02.212  WARN   69 --- [-job-executor-0] org.apache.spark.internal.Logging        : Using an existing SparkContext; some configuration may not take effect.
2022-08-01 16:47:02.237  INFO   57 --- [uler-event-loop] org.apache.spark.internal.Logging        : Submitting 1 missing tasks from ResultStage 0 (Receiver 0 ParallelCollectionRDD[0] at makeRDD at ReceiverTracker.scala:609) (first 15 tasks are for partitions Vector(0))
2022-08-01 16:47:02.241  INFO   57 --- [uler-event-loop] org.apache.spark.internal.Logging        : Adding task set 0.0 with 1 tasks resource profile 0
2022-08-01 16:47:02.423  INFO   57 --- [er-event-loop-0] org.apache.spark.internal.Logging        : Starting task 0.0 in stage 0.0 (TID 0) (host.docker.internal, executor driver, partition 0, PROCESS_LOCAL, 5950 bytes) taskResourceAssignments Map()
2022-08-01 16:47:02.463  INFO   57 --- [age 0.0 (TID 0)] org.apache.spark.internal.Logging        : Running task 0.0 in stage 0.0 (TID 0)
2022-08-01 16:47:03.019  INFO   57 --- [age 0.0 (TID 0)] org.apache.spark.internal.Logging        : Started timer for BlockGenerator at time 1659368823200
2022-08-01 16:47:03.022  INFO   57 --- [age 0.0 (TID 0)] org.apache.spark.internal.Logging        : Started BlockGenerator
2022-08-01 16:47:03.031  INFO   57 --- [   JobGenerator] org.apache.spark.internal.Logging        : Added jobs for time 1659368823000 ms
2022-08-01 16:47:03.032  INFO   57 --- [-job-executor-0] org.apache.spark.internal.Logging        : Setting hive.metastore.warehouse.dir ('null') to the value of spark.sql.warehouse.dir.
2022-08-01 16:47:03.044  INFO   57 --- [er-event-loop-0] org.apache.spark.internal.Logging        : Registered receiver for stream 0 from host.docker.internal:56809
2022-08-01 16:47:03.046  INFO   57 --- [age 0.0 (TID 0)] org.apache.spark.internal.Logging        : Starting receiver 0
2022-08-01 16:47:03.048  INFO   57 --- [age 0.0 (TID 0)] org.apache.spark.internal.Logging        : Called receiver 0 onStart
2022-08-01 16:47:03.049  INFO   57 --- [age 0.0 (TID 0)] org.apache.spark.internal.Logging        : Waiting for receiver to be stopped
2022-08-01 16:47:03.056  INFO   57 --- [      Thread-14] org.apache.spark.internal.Logging        : Started block pushing thread
2022-08-01 16:47:03.986  INFO   57 --- [-job-executor-0] org.apache.spark.internal.Logging        : Warehouse path is 'file:/C:/IntelliJProjects/NifiSparkStreaming/spark-warehouse'.
2022-08-01 16:47:04.009  INFO   57 --- [   JobGenerator] org.apache.spark.internal.Logging        : Added jobs for time 1659368824000 ms
2022-08-01 16:47:04.014  INFO  915 --- [-job-executor-0] ject.jetty.server.handler.ContextHandler : Started o.s.j.s.ServletContextHandler@771d3db7{/SQL,null,AVAILABLE,@Spark}
2022-08-01 16:47:04.016  INFO  915 --- [-job-executor-0] ject.jetty.server.handler.ContextHandler : Started o.s.j.s.ServletContextHandler@47ba4ff1{/SQL/json,null,AVAILABLE,@Spark}
2022-08-01 16:47:04.018  INFO  915 --- [-job-executor-0] ject.jetty.server.handler.ContextHandler : Started o.s.j.s.ServletContextHandler@5e1e9f22{/SQL/execution,null,AVAILABLE,@Spark}
2022-08-01 16:47:04.021  INFO  915 --- [-job-executor-0] ject.jetty.server.handler.ContextHandler : Started o.s.j.s.ServletContextHandler@6d61bdd2{/SQL/execution/json,null,AVAILABLE,@Spark}
2022-08-01 16:47:04.024  INFO  915 --- [-job-executor-0] ject.jetty.server.handler.ContextHandler : Started o.s.j.s.ServletContextHandler@6f2c4134{/static/sql,null,AVAILABLE,@Spark}
2022-08-01 16:47:04.747  INFO  571 --- [ool Maintenance] g.apache.nifi.remote.client.PeerSelector : Successfully refreshed peer status cache; remote group consists of 1 peers
2022-08-01 16:47:04.747  INFO  571 --- [  NiFi Receiver] g.apache.nifi.remote.client.PeerSelector : Successfully refreshed peer status cache; remote group consists of 1 peers
2022-08-01 16:47:04.887  INFO   57 --- [  NiFi Receiver] org.apache.spark.internal.Logging        : Block input-0-1659368823006 stored as values in memory (estimated size 5.1 MiB, free 892.4 MiB)
2022-08-01 16:47:04.888  INFO   57 --- [ckManagerMaster] org.apache.spark.internal.Logging        : Added input-0-1659368823006 in memory on host.docker.internal:56833 (size: 5.1 MiB, free: 892.5 MiB)
2022-08-01 16:47:05.009  INFO   57 --- [   JobGenerator] org.apache.spark.internal.Logging        : Added jobs for time 1659368825000 ms
2022-08-01 16:47:06.003  INFO   57 --- [   JobGenerator] org.apache.spark.internal.Logging        : Added jobs for time 1659368826000 ms
2022-08-01 16:47:07.002  INFO   57 --- [   JobGenerator] org.apache.spark.internal.Logging        : Added jobs for time 1659368827000 ms
2022-08-01 16:47:08.002  INFO   57 --- [   JobGenerator] org.apache.spark.internal.Logging        : Added jobs for time 1659368828000 ms
2022-08-01 16:47:09.004  INFO   57 --- [   JobGenerator] org.apache.spark.internal.Logging        : Added jobs for time 1659368829000 ms
2022-08-01 16:47:09.042  INFO   57 --- [-job-executor-0] org.apache.spark.internal.Logging        : Code generated in 287.6142 ms
2022-08-01 16:47:09.075  INFO   57 --- [   JobScheduler] org.apache.spark.internal.Logging        : Finished job streaming job 1659368822000 ms.0 from job set of time 1659368822000 ms
2022-08-01 16:47:09.079  INFO   57 --- [   JobScheduler] org.apache.spark.internal.Logging        : Total delay: 7.075 s for time 1659368822000 ms (execution: 6.953 s)
2022-08-01 16:47:09.079  INFO   57 --- [   JobScheduler] org.apache.spark.internal.Logging        : Starting job streaming job 1659368823000 ms.0 from job set of time 1659368823000 ms
2022-08-01 16:47:09.086  WARN   69 --- [-job-executor-0] org.apache.spark.internal.Logging        : Using an existing SparkSession; the static sql configurations will not take effect.
2022-08-01 16:47:09.087  WARN   69 --- [-job-executor-0] org.apache.spark.internal.Logging        : Using an existing SparkSession; some spark core configurations may not take effect.
2022-08-01 16:47:09.091  INFO   57 --- [   JobGenerator] org.apache.spark.internal.Logging        : Deleting batches: 
2022-08-01 16:47:09.094  INFO   57 --- [   JobGenerator] org.apache.spark.internal.Logging        : remove old batch metadata: 
2022-08-01 16:47:09.179  WARN   69 --- [-job-executor-0] org.apache.spark.internal.Logging        : Using an existing SparkSession; the static sql configurations will not take effect.
2022-08-01 16:47:09.180  INFO   57 --- [   JobScheduler] org.apache.spark.internal.Logging        : Finished job streaming job 1659368823000 ms.0 from job set of time 1659368823000 ms
2022-08-01 16:47:09.185  WARN   69 --- [-job-executor-0] org.apache.spark.internal.Logging        : Using an existing SparkSession; some spark core configurations may not take effect.
2022-08-01 16:47:09.186  INFO   57 --- [   JobScheduler] org.apache.spark.internal.Logging        : Total delay: 6.180 s for time 1659368823000 ms (execution: 0.101 s)
2022-08-01 16:47:09.186  INFO   57 --- [   JobScheduler] org.apache.spark.internal.Logging        : Starting job streaming job 1659368824000 ms.0 from job set of time 1659368824000 ms
2022-08-01 16:47:09.188  INFO   57 --- [   JobGenerator] org.apache.spark.internal.Logging        : Removing RDD 2 from persistence list
2022-08-01 16:47:09.215  INFO   57 --- [   JobGenerator] org.apache.spark.internal.Logging        : Removing RDD 1 from persistence list
2022-08-01 16:47:09.217  INFO   57 --- [   JobGenerator] org.apache.spark.internal.Logging        : Removing blocks of RDD BlockRDD[1] at receiverStream at Application.java:122 of time 1659368823000 ms
2022-08-01 16:47:09.219  INFO   57 --- [c-thread-pool-0] org.apache.spark.internal.Logging        : Removing RDD 2
2022-08-01 16:47:09.223  INFO   57 --- [   JobGenerator] org.apache.spark.internal.Logging        : Deleting batches: 
2022-08-01 16:47:09.223  INFO   57 --- [   JobGenerator] org.apache.spark.internal.Logging        : remove old batch metadata: 
2022-08-01 16:47:09.222  INFO   57 --- [c-thread-pool-1] org.apache.spark.internal.Logging        : Removing RDD 1
2022-08-01 16:47:09.280  INFO   57 --- [   JobScheduler] org.apache.spark.internal.Logging        : Finished job streaming job 1659368824000 ms.0 from job set of time 1659368824000 ms
2022-08-01 16:47:09.281  INFO   57 --- [   JobScheduler] org.apache.spark.internal.Logging        : Total delay: 5.280 s for time 1659368824000 ms (execution: 0.094 s)
2022-08-01 16:47:09.281  INFO   57 --- [   JobScheduler] org.apache.spark.internal.Logging        : Starting job streaming job 1659368825000 ms.0 from job set of time 1659368825000 ms
2022-08-01 16:47:09.285  WARN   69 --- [-job-executor-0] org.apache.spark.internal.Logging        : Using an existing SparkSession; the static sql configurations will not take effect.
2022-08-01 16:47:09.285  WARN   69 --- [-job-executor-0] org.apache.spark.internal.Logging        : Using an existing SparkSession; some spark core configurations may not take effect.
2022-08-01 16:47:09.289  INFO   57 --- [   JobGenerator] org.apache.spark.internal.Logging        : Removing RDD 6 from persistence list
2022-08-01 16:47:09.292  INFO   57 --- [   JobGenerator] org.apache.spark.internal.Logging        : Removing RDD 5 from persistence list
2022-08-01 16:47:09.293  INFO   57 --- [   JobGenerator] org.apache.spark.internal.Logging        : Removing blocks of RDD BlockRDD[5] at receiverStream at Application.java:122 of time 1659368824000 ms
2022-08-01 16:47:09.295  INFO   57 --- [   JobGenerator] org.apache.spark.internal.Logging        : Deleting batches: 1659368822000 ms
2022-08-01 16:47:09.296  INFO   57 --- [   JobGenerator] org.apache.spark.internal.Logging        : remove old batch metadata: 1659368822000 ms
2022-08-01 16:47:09.296  INFO   57 --- [c-thread-pool-6] org.apache.spark.internal.Logging        : Removing RDD 6
2022-08-01 16:47:09.296  INFO   57 --- [c-thread-pool-7] org.apache.spark.internal.Logging        : Removing RDD 5
2022-08-01 16:47:09.387  INFO   57 --- [-job-executor-0] org.apache.spark.internal.Logging        : Starting job: show at Application.java:146
2022-08-01 16:47:09.391  INFO   57 --- [uler-event-loop] org.apache.spark.internal.Logging        : Got job 1 (show at Application.java:146) with 1 output partitions
2022-08-01 16:47:09.391  INFO   57 --- [uler-event-loop] org.apache.spark.internal.Logging        : Final stage: ResultStage 1 (show at Application.java:146)
2022-08-01 16:47:09.392  INFO   57 --- [uler-event-loop] org.apache.spark.internal.Logging        : Parents of final stage: List()
2022-08-01 16:47:09.393  INFO   57 --- [uler-event-loop] org.apache.spark.internal.Logging        : Missing parents: List()
2022-08-01 16:47:09.395  INFO   57 --- [uler-event-loop] org.apache.spark.internal.Logging        : Submitting ResultStage 1 (MapPartitionsRDD[32] at show at Application.java:146), which has no missing parents
2022-08-01 16:47:09.418  INFO   57 --- [uler-event-loop] org.apache.spark.internal.Logging        : Block broadcast_1 stored as values in memory (estimated size 12.9 KiB, free 892.4 MiB)
2022-08-01 16:47:09.421  INFO   57 --- [uler-event-loop] org.apache.spark.internal.Logging        : Block broadcast_1_piece0 stored as bytes in memory (estimated size 5.8 KiB, free 892.4 MiB)
2022-08-01 16:47:09.422  INFO   57 --- [ckManagerMaster] org.apache.spark.internal.Logging        : Added broadcast_1_piece0 in memory on host.docker.internal:56833 (size: 5.8 KiB, free: 892.5 MiB)
2022-08-01 16:47:09.423  INFO   57 --- [uler-event-loop] org.apache.spark.internal.Logging        : Created broadcast 1 from broadcast at DAGScheduler.scala:1478
2022-08-01 16:47:09.424  INFO   57 --- [uler-event-loop] org.apache.spark.internal.Logging        : Submitting 1 missing tasks from ResultStage 1 (MapPartitionsRDD[32] at show at Application.java:146) (first 15 tasks are for partitions Vector(0))
2022-08-01 16:47:09.424  INFO   57 --- [uler-event-loop] org.apache.spark.internal.Logging        : Adding task set 1.0 with 1 tasks resource profile 0
2022-08-01 16:47:09.428  INFO   57 --- [er-event-loop-2] org.apache.spark.internal.Logging        : Starting task 0.0 in stage 1.0 (TID 1) (host.docker.internal, executor driver, partition 0, PROCESS_LOCAL, 4394 bytes) taskResourceAssignments Map()
2022-08-01 16:47:09.432  INFO   57 --- [age 1.0 (TID 1)] org.apache.spark.internal.Logging        : Running task 0.0 in stage 1.0 (TID 1)
2022-08-01 16:47:09.684  INFO   57 --- [age 1.0 (TID 1)] org.apache.spark.internal.Logging        : Found block input-0-1659368823006 locally
2022-08-01 16:47:10.003  INFO   57 --- [   JobGenerator] org.apache.spark.internal.Logging        : Added jobs for time 1659368830000 ms
2022-08-01 16:47:10.366  INFO   57 --- [age 1.0 (TID 1)] org.apache.spark.internal.Logging        : 1 block locks were not released by task 0.0 in stage 1.0 (TID 1)
[input-0-1659368823006]
2022-08-01 16:47:10.377  INFO   57 --- [age 1.0 (TID 1)] org.apache.spark.internal.Logging        : Finished task 0.0 in stage 1.0 (TID 1). 2374 bytes result sent to driver
2022-08-01 16:47:10.386  INFO   57 --- [result-getter-0] org.apache.spark.internal.Logging        : Finished task 0.0 in stage 1.0 (TID 1) in 959 ms on host.docker.internal (executor driver) (1/1)
2022-08-01 16:47:10.391  INFO   57 --- [result-getter-0] org.apache.spark.internal.Logging        : Removed TaskSet 1.0, whose tasks have all completed, from pool 
2022-08-01 16:47:10.399  INFO   57 --- [uler-event-loop] org.apache.spark.internal.Logging        : ResultStage 1 (show at Application.java:146) finished in 0.997 s
2022-08-01 16:47:10.404  INFO   57 --- [uler-event-loop] org.apache.spark.internal.Logging        : Job 1 is finished. Cancelling potential speculative or zombie tasks for this job
2022-08-01 16:47:10.405  INFO   57 --- [uler-event-loop] org.apache.spark.internal.Logging        : Killing all running tasks in stage 1: Stage finished
2022-08-01 16:47:10.408  INFO   57 --- [-job-executor-0] org.apache.spark.internal.Logging        : Job 1 finished: show at Application.java:146, took 1.020035 s
2022-08-01 16:47:10.494  INFO   57 --- [-job-executor-0] org.apache.spark.internal.Logging        : Code generated in 44.5495 ms
2022-08-01 16:47:10.515  INFO   57 --- [   JobScheduler] org.apache.spark.internal.Logging        : Finished job streaming job 1659368825000 ms.0 from job set of time 1659368825000 ms
2022-08-01 16:47:10.515  INFO   57 --- [   JobScheduler] org.apache.spark.internal.Logging        : Total delay: 5.515 s for time 1659368825000 ms (execution: 1.234 s)
2022-08-01 16:47:10.517  INFO   57 --- [   JobScheduler] org.apache.spark.internal.Logging        : Starting job streaming job 1659368826000 ms.0 from job set of time 1659368826000 ms
2022-08-01 16:47:10.516  INFO   57 --- [   JobGenerator] org.apache.spark.internal.Logging        : Removing RDD 8 from persistence list
2022-08-01 16:47:10.519  INFO   57 --- [   JobGenerator] org.apache.spark.internal.Logging        : Removing RDD 7 from persistence list
2022-08-01 16:47:10.522  INFO   57 --- [   JobGenerator] org.apache.spark.internal.Logging        : Removing blocks of RDD BlockRDD[7] at receiverStream at Application.java:122 of time 1659368825000 ms
2022-08-01 16:47:10.522  INFO   57 --- [   JobGenerator] org.apache.spark.internal.Logging        : Deleting batches: 1659368823000 ms
2022-08-01 16:47:10.523  INFO   57 --- [   JobGenerator] org.apache.spark.internal.Logging        : remove old batch metadata: 1659368823000 ms
2022-08-01 16:47:10.524  INFO   57 --- [-thread-pool-12] org.apache.spark.internal.Logging        : Removing RDD 8
2022-08-01 16:47:10.525  INFO   57 --- [-thread-pool-13] org.apache.spark.internal.Logging        : Removing RDD 7
2022-08-01 16:47:10.527  WARN   69 --- [-job-executor-0] org.apache.spark.internal.Logging        : Using an existing SparkSession; the static sql configurations will not take effect.
2022-08-01 16:47:10.528  WARN   69 --- [-job-executor-0] org.apache.spark.internal.Logging        : Using an existing SparkSession; some spark core configurations may not take effect.
2022-08-01 16:47:10.641  INFO   57 --- [   JobScheduler] org.apache.spark.internal.Logging        : Finished job streaming job 1659368826000 ms.0 from job set of time 1659368826000 ms
2022-08-01 16:47:10.642  INFO   57 --- [   JobScheduler] org.apache.spark.internal.Logging        : Total delay: 4.641 s for time 1659368826000 ms (execution: 0.124 s)
2022-08-01 16:47:10.643  INFO   57 --- [   JobGenerator] org.apache.spark.internal.Logging        : Removing RDD 10 from persistence list
2022-08-01 16:47:10.645  INFO   57 --- [   JobGenerator] org.apache.spark.internal.Logging        : Removing RDD 9 from persistence list
2022-08-01 16:47:10.650  INFO   57 --- [   JobGenerator] org.apache.spark.internal.Logging        : Removing blocks of RDD BlockRDD[9] at receiverStream at Application.java:122 of time 1659368826000 ms
2022-08-01 16:47:10.660  INFO   57 --- [   JobGenerator] org.apache.spark.internal.Logging        : Deleting batches: 1659368824000 ms
2022-08-01 16:47:10.660  INFO   57 --- [   JobGenerator] org.apache.spark.internal.Logging        : remove old batch metadata: 1659368824000 ms
2022-08-01 16:47:10.661  INFO   57 --- [   JobScheduler] org.apache.spark.internal.Logging        : Starting job streaming job 1659368827000 ms.0 from job set of time 1659368827000 ms
2022-08-01 16:47:10.674  INFO   57 --- [-thread-pool-18] org.apache.spark.internal.Logging        : Removing RDD 10
2022-08-01 16:47:10.676  WARN   69 --- [-job-executor-0] org.apache.spark.internal.Logging        : Using an existing SparkSession; the static sql configurations will not take effect.
2022-08-01 16:47:10.677  WARN   69 --- [-job-executor-0] org.apache.spark.internal.Logging        : Using an existing SparkSession; some spark core configurations may not take effect.
2022-08-01 16:47:10.676  INFO   57 --- [-thread-pool-19] org.apache.spark.internal.Logging        : Removing RDD 9
2022-08-01 16:47:10.711  INFO   57 --- [ckManagerMaster] org.apache.spark.internal.Logging        : Removed input-0-1659368823006 on host.docker.internal:56833 in memory (size: 5.1 MiB, free: 897.6 MiB)
2022-08-01 16:47:10.764  INFO   57 --- [   JobScheduler] org.apache.spark.internal.Logging        : Finished job streaming job 1659368827000 ms.0 from job set of time 1659368827000 ms
2022-08-01 16:47:10.765  INFO   57 --- [   JobScheduler] org.apache.spark.internal.Logging        : Total delay: 3.764 s for time 1659368827000 ms (execution: 0.103 s)
2022-08-01 16:47:10.765  INFO   57 --- [   JobScheduler] org.apache.spark.internal.Logging        : Starting job streaming job 1659368828000 ms.0 from job set of time 1659368828000 ms
2022-08-01 16:47:10.766  WARN   69 --- [-job-executor-0] org.apache.spark.internal.Logging        : Using an existing SparkSession; the static sql configurations will not take effect.
2022-08-01 16:47:10.766  WARN   69 --- [-job-executor-0] org.apache.spark.internal.Logging        : Using an existing SparkSession; some spark core configurations may not take effect.
2022-08-01 16:47:10.768  INFO   57 --- [   JobGenerator] org.apache.spark.internal.Logging        : Removing RDD 12 from persistence list
2022-08-01 16:47:10.771  INFO   57 --- [   JobGenerator] org.apache.spark.internal.Logging        : Removing RDD 11 from persistence list
2022-08-01 16:47:10.784  INFO   57 --- [   JobGenerator] org.apache.spark.internal.Logging        : Removing blocks of RDD BlockRDD[11] at receiverStream at Application.java:122 of time 1659368827000 ms
2022-08-01 16:47:10.784  INFO   57 --- [   JobGenerator] org.apache.spark.internal.Logging        : Deleting batches: 1659368825000 ms
2022-08-01 16:47:10.785  INFO   57 --- [   JobGenerator] org.apache.spark.internal.Logging        : remove old batch metadata: 1659368825000 ms
2022-08-01 16:47:10.814  INFO   57 --- [-thread-pool-27] org.apache.spark.internal.Logging        : Removing RDD 12
2022-08-01 16:47:10.822  INFO   57 --- [-thread-pool-28] org.apache.spark.internal.Logging        : Removing RDD 11
2022-08-01 16:47:10.838  INFO   57 --- [   JobScheduler] org.apache.spark.internal.Logging        : Finished job streaming job 1659368828000 ms.0 from job set of time 1659368828000 ms
2022-08-01 16:47:10.839  INFO   57 --- [   JobScheduler] org.apache.spark.internal.Logging        : Total delay: 2.838 s for time 1659368828000 ms (execution: 0.073 s)
2022-08-01 16:47:10.840  INFO   57 --- [   JobGenerator] org.apache.spark.internal.Logging        : Removing RDD 14 from persistence list
2022-08-01 16:47:10.841  INFO   57 --- [   JobGenerator] org.apache.spark.internal.Logging        : Removing RDD 13 from persistence list
2022-08-01 16:47:10.843  INFO   57 --- [   JobGenerator] org.apache.spark.internal.Logging        : Removing blocks of RDD BlockRDD[13] at receiverStream at Application.java:122 of time 1659368828000 ms
2022-08-01 16:47:10.844  INFO   57 --- [   JobGenerator] org.apache.spark.internal.Logging        : Deleting batches: 1659368826000 ms
2022-08-01 16:47:10.844  INFO   57 --- [   JobGenerator] org.apache.spark.internal.Logging        : remove old batch metadata: 1659368826000 ms
2022-08-01 16:47:10.845  INFO   57 --- [   JobScheduler] org.apache.spark.internal.Logging        : Starting job streaming job 1659368829000 ms.0 from job set of time 1659368829000 ms
2022-08-01 16:47:10.849  WARN   69 --- [-job-executor-0] org.apache.spark.internal.Logging        : Using an existing SparkSession; the static sql configurations will not take effect.
2022-08-01 16:47:10.849  WARN   69 --- [-job-executor-0] org.apache.spark.internal.Logging        : Using an existing SparkSession; some spark core configurations may not take effect.
2022-08-01 16:47:10.909  INFO   57 --- [-thread-pool-33] org.apache.spark.internal.Logging        : Removing RDD 14
2022-08-01 16:47:10.926  INFO   57 --- [-thread-pool-34] org.apache.spark.internal.Logging        : Removing RDD 13
2022-08-01 16:47:10.997  WARN   69 --- [-job-executor-0] org.apache.spark.internal.Logging        : Using an existing SparkSession; the static sql configurations will not take effect.
2022-08-01 16:47:10.997  WARN   69 --- [-job-executor-0] org.apache.spark.internal.Logging        : Using an existing SparkSession; some spark core configurations may not take effect.
2022-08-01 16:47:11.001  INFO   57 --- [   JobScheduler] org.apache.spark.internal.Logging        : Finished job streaming job 1659368829000 ms.0 from job set of time 1659368829000 ms
2022-08-01 16:47:11.002  INFO   57 --- [   JobScheduler] org.apache.spark.internal.Logging        : Total delay: 2.001 s for time 1659368829000 ms (execution: 0.157 s)
2022-08-01 16:47:11.002  INFO   57 --- [   JobScheduler] org.apache.spark.internal.Logging        : Starting job streaming job 1659368830000 ms.0 from job set of time 1659368830000 ms
2022-08-01 16:47:11.003  INFO   57 --- [   JobGenerator] org.apache.spark.internal.Logging        : Removing RDD 16 from persistence list
2022-08-01 16:47:11.009  INFO   57 --- [   JobGenerator] org.apache.spark.internal.Logging        : Removing RDD 15 from persistence list
2022-08-01 16:47:11.013  INFO   57 --- [   JobGenerator] org.apache.spark.internal.Logging        : Removing blocks of RDD BlockRDD[15] at receiverStream at Application.java:122 of time 1659368829000 ms
2022-08-01 16:47:11.014  INFO   57 --- [   JobGenerator] org.apache.spark.internal.Logging        : Deleting batches: 1659368827000 ms
2022-08-01 16:47:11.014  INFO   57 --- [   JobGenerator] org.apache.spark.internal.Logging        : remove old batch metadata: 1659368827000 ms
2022-08-01 16:47:11.020  INFO   57 --- [   JobGenerator] org.apache.spark.internal.Logging        : Added jobs for time 1659368831000 ms
2022-08-01 16:47:11.021  INFO   57 --- [-thread-pool-39] org.apache.spark.internal.Logging        : Removing RDD 16
2022-08-01 16:47:11.023  INFO   57 --- [-thread-pool-40] org.apache.spark.internal.Logging        : Removing RDD 15
2022-08-01 16:47:11.067  INFO   57 --- [   JobScheduler] org.apache.spark.internal.Logging        : Finished job streaming job 1659368830000 ms.0 from job set of time 1659368830000 ms
2022-08-01 16:47:11.067  INFO   57 --- [   JobScheduler] org.apache.spark.internal.Logging        : Total delay: 1.067 s for time 1659368830000 ms (execution: 0.065 s)
2022-08-01 16:47:11.068  INFO   57 --- [   JobGenerator] org.apache.spark.internal.Logging        : Removing RDD 18 from persistence list
2022-08-01 16:47:11.070  INFO   57 --- [   JobGenerator] org.apache.spark.internal.Logging        : Removing RDD 17 from persistence list
2022-08-01 16:47:11.072  INFO   57 --- [   JobGenerator] org.apache.spark.internal.Logging        : Removing blocks of RDD BlockRDD[17] at receiverStream at Application.java:122 of time 1659368830000 ms
2022-08-01 16:47:11.072  INFO   57 --- [   JobGenerator] org.apache.spark.internal.Logging        : Deleting batches: 1659368828000 ms
2022-08-01 16:47:11.073  INFO   57 --- [   JobGenerator] org.apache.spark.internal.Logging        : remove old batch metadata: 1659368828000 ms
2022-08-01 16:47:11.073  INFO   57 --- [   JobScheduler] org.apache.spark.internal.Logging        : Starting job streaming job 1659368831000 ms.0 from job set of time 1659368831000 ms
2022-08-01 16:47:11.077  WARN   69 --- [-job-executor-0] org.apache.spark.internal.Logging        : Using an existing SparkSession; the static sql configurations will not take effect.
2022-08-01 16:47:11.078  WARN   69 --- [-job-executor-0] org.apache.spark.internal.Logging        : Using an existing SparkSession; some spark core configurations may not take effect.
2022-08-01 16:47:11.079  INFO   57 --- [-thread-pool-45] org.apache.spark.internal.Logging        : Removing RDD 18
2022-08-01 16:47:11.080  INFO   57 --- [-thread-pool-46] org.apache.spark.internal.Logging        : Removing RDD 17
2022-08-01 16:47:11.149  INFO   57 --- [   JobScheduler] org.apache.spark.internal.Logging        : Finished job streaming job 1659368831000 ms.0 from job set of time 1659368831000 ms
2022-08-01 16:47:11.150  INFO   57 --- [   JobScheduler] org.apache.spark.internal.Logging        : Total delay: 0.149 s for time 1659368831000 ms (execution: 0.076 s)
2022-08-01 16:47:11.151  INFO   57 --- [   JobGenerator] org.apache.spark.internal.Logging        : Removing RDD 34 from persistence list
2022-08-01 16:47:11.153  INFO   57 --- [   JobGenerator] org.apache.spark.internal.Logging        : Removing RDD 33 from persistence list
2022-08-01 16:47:11.157  INFO   57 --- [   JobGenerator] org.apache.spark.internal.Logging        : Removing blocks of RDD BlockRDD[33] at receiverStream at Application.java:122 of time 1659368831000 ms
2022-08-01 16:47:11.158  INFO   57 --- [   JobGenerator] org.apache.spark.internal.Logging        : Deleting batches: 1659368829000 ms
2022-08-01 16:47:11.159  INFO   57 --- [   JobGenerator] org.apache.spark.internal.Logging        : remove old batch metadata: 1659368829000 ms
2022-08-01 16:47:11.159  INFO   57 --- [-thread-pool-51] org.apache.spark.internal.Logging        : Removing RDD 34
2022-08-01 16:47:11.159  INFO   57 --- [-thread-pool-52] org.apache.spark.internal.Logging        : Removing RDD 33
2022-08-01 16:47:11.576  INFO   57 --- [shutdown-hook-0] org.apache.spark.internal.Logging        : Invoking stop(stopGracefully=false) from shutdown hook
2022-08-01 16:47:11.584  INFO   57 --- [er-event-loop-1] org.apache.spark.internal.Logging        : Sent stop signal to all 1 receivers
2022-08-01 16:47:11.585  INFO   57 --- [er-event-loop-2] org.apache.spark.internal.Logging        : Received stop signal
2022-08-01 16:47:11.587  INFO   57 --- [er-event-loop-2] org.apache.spark.internal.Logging        : Stopping receiver with message: Stopped by driver: 
2022-08-01 16:47:11.587  INFO   57 --- [er-event-loop-2] org.apache.spark.internal.Logging        : Called receiver onStop
2022-08-01 16:47:11.588  INFO   57 --- [er-event-loop-2] org.apache.spark.internal.Logging        : Deregistering receiver 0
2022-08-01 16:47:11.592  ERROR   73 --- [er-event-loop-3] org.apache.spark.internal.Logging        : Deregistered receiver for stream 0: Stopped by driver
2022-08-01 16:47:11.593  INFO   57 --- [er-event-loop-2] org.apache.spark.internal.Logging        : Stopped receiver 0
2022-08-01 16:47:11.595  INFO   57 --- [er-event-loop-2] org.apache.spark.internal.Logging        : Stopping BlockGenerator
2022-08-01 16:47:11.801  INFO   57 --- [er-event-loop-2] org.apache.spark.internal.Logging        : Stopped timer for BlockGenerator after time 1659368831800
2022-08-01 16:47:11.803  INFO   57 --- [er-event-loop-2] org.apache.spark.internal.Logging        : Waiting for block pushing thread to terminate
2022-08-01 16:47:11.811  INFO   57 --- [      Thread-14] org.apache.spark.internal.Logging        : Pushing out the last 0 blocks
2022-08-01 16:47:11.813  INFO   57 --- [      Thread-14] org.apache.spark.internal.Logging        : Stopped block pushing thread
2022-08-01 16:47:11.814  INFO   57 --- [er-event-loop-2] org.apache.spark.internal.Logging        : Stopped BlockGenerator
2022-08-01 16:47:11.816  INFO   57 --- [age 0.0 (TID 0)] org.apache.spark.internal.Logging        : Stopped receiver without error
2022-08-01 16:47:11.821  INFO   57 --- [age 0.0 (TID 0)] org.apache.spark.internal.Logging        : Finished task 0.0 in stage 0.0 (TID 0). 923 bytes result sent to driver
2022-08-01 16:47:11.826  INFO   57 --- [result-getter-1] org.apache.spark.internal.Logging        : Finished task 0.0 in stage 0.0 (TID 0) in 9459 ms on host.docker.internal (executor driver) (1/1)
2022-08-01 16:47:11.827  INFO   57 --- [result-getter-1] org.apache.spark.internal.Logging        : Removed TaskSet 0.0, whose tasks have all completed, from pool 
2022-08-01 16:47:11.828  INFO   57 --- [uler-event-loop] org.apache.spark.internal.Logging        : ResultStage 0 (start at Application.java:156) finished in 10.016 s
2022-08-01 16:47:11.829  INFO   57 --- [uler-event-loop] org.apache.spark.internal.Logging        : Job 0 is finished. Cancelling potential speculative or zombie tasks for this job
2022-08-01 16:47:11.829  INFO   57 --- [uler-event-loop] org.apache.spark.internal.Logging        : Killing all running tasks in stage 0: Stage finished
2022-08-01 16:47:11.833  INFO   57 --- [shutdown-hook-0] org.apache.spark.internal.Logging        : All of the receivers have deregistered successfully
2022-08-01 16:47:11.834  INFO   57 --- [shutdown-hook-0] org.apache.spark.internal.Logging        : ReceiverTracker stopped
2022-08-01 16:47:11.836  INFO   57 --- [shutdown-hook-0] org.apache.spark.internal.Logging        : Stopping JobGenerator immediately
2022-08-01 16:47:11.838  INFO   57 --- [shutdown-hook-0] org.apache.spark.internal.Logging        : Stopped timer for JobGenerator after time 1659368831000
2022-08-01 16:47:11.838  INFO   57 --- [shutdown-hook-0] org.apache.spark.internal.Logging        : Stopped JobGenerator
2022-08-01 16:47:11.838  INFO   57 --- [shutdown-hook-0] org.apache.spark.internal.Logging        : Stopped JobScheduler
2022-08-01 16:47:11.853  INFO 1153 --- [shutdown-hook-0] ject.jetty.server.handler.ContextHandler : Stopped o.s.j.s.ServletContextHandler@5109e8cf{/streaming,null,STOPPED,@Spark}
2022-08-01 16:47:11.853  INFO 1153 --- [shutdown-hook-0] ject.jetty.server.handler.ContextHandler : Stopped o.s.j.s.ServletContextHandler@78b41097{/streaming/json,null,STOPPED,@Spark}
2022-08-01 16:47:11.853  INFO 1153 --- [shutdown-hook-0] ject.jetty.server.handler.ContextHandler : Stopped o.s.j.s.ServletContextHandler@2d000e80{/streaming/batch,null,STOPPED,@Spark}
2022-08-01 16:47:11.853  INFO 1153 --- [shutdown-hook-0] ject.jetty.server.handler.ContextHandler : Stopped o.s.j.s.ServletContextHandler@20e6c4dc{/streaming/batch/json,null,STOPPED,@Spark}
2022-08-01 16:47:11.853  INFO 1153 --- [shutdown-hook-0] ject.jetty.server.handler.ContextHandler : Stopped o.s.j.s.ServletContextHandler@33f98231{/static/streaming,null,STOPPED,@Spark}
2022-08-01 16:47:11.853  INFO  167 --- [           main] com.elite.cdr.validator.Application      : ****************************************************
2022-08-01 16:47:11.853  INFO   57 --- [shutdown-hook-0] org.apache.spark.internal.Logging        : StreamingContext stopped successfully
2022-08-01 16:47:11.853  INFO  168 --- [           main] com.elite.cdr.validator.Application      : Duration: 0.0 seconds
2022-08-01 16:47:11.853  INFO  169 --- [           main] com.elite.cdr.validator.Application      : Batch executed with success
2022-08-01 16:47:11.853  INFO  170 --- [           main] com.elite.cdr.validator.Application      : ****************************************************
2022-08-01 16:47:11.853  INFO   57 --- [shutdown-hook-0] org.apache.spark.internal.Logging        : Invoking stop() from shutdown hook
2022-08-01 16:47:11.869  INFO  381 --- [shutdown-hook-0] rkproject.jetty.server.AbstractConnector : Stopped Spark@7caa550{HTTP/1.1, (http/1.1)}{0.0.0.0:4040}
2022-08-01 16:47:11.869  INFO   57 --- [shutdown-hook-0] org.apache.spark.internal.Logging        : Stopped Spark web UI at http://host.docker.internal:4040
2022-08-01 16:47:11.884  INFO   57 --- [er-event-loop-3] org.apache.spark.internal.Logging        : MapOutputTrackerMasterEndpoint stopped!
2022-08-01 16:47:11.916  INFO   57 --- [shutdown-hook-0] org.apache.spark.internal.Logging        : MemoryStore cleared
2022-08-01 16:47:11.916  INFO   57 --- [shutdown-hook-0] org.apache.spark.internal.Logging        : BlockManager stopped
2022-08-01 16:47:11.916  INFO   57 --- [shutdown-hook-0] org.apache.spark.internal.Logging        : BlockManagerMaster stopped
2022-08-01 16:47:11.931  INFO   57 --- [er-event-loop-0] org.apache.spark.internal.Logging        : OutputCommitCoordinator stopped!
2022-08-01 16:47:11.931  INFO   57 --- [shutdown-hook-0] org.apache.spark.internal.Logging        : Successfully stopped SparkContext
2022-08-01 16:47:11.931  INFO   57 --- [shutdown-hook-0] org.apache.spark.internal.Logging        : Shutdown hook called
2022-08-01 16:47:11.931  INFO   57 --- [shutdown-hook-0] org.apache.spark.internal.Logging        : Deleting directory C:\Users\Wael Hamdi\AppData\Local\Temp\spark-bdf7c7f5-f268-4abf-b8e1-9a209e07dc10
