2022-07-01 11:27:05.717  INFO   46 --- [           main] com.elite.cdr.validator.Application      : Starting ASN1 Reader 
2022-07-01 11:27:05.732  INFO   48 --- [           main] com.elite.cdr.validator.Application      : ############### Run with the args [--env, local, --file, C:\IntelliJProjects\FraudDetectionSpark3\src\main\resources\data\simpleTypes.ber]
2022-07-01 11:27:05.889  INFO   54 --- [           main] com.elite.cdr.validator.Application      : ############### Run in local mode
2022-07-01 11:27:09.467  INFO   57 --- [           main] org.apache.spark.internal.Logging        : Running Spark version 3.2.1
2022-07-01 11:27:12.467  INFO   57 --- [           main] org.apache.spark.internal.Logging        : ==============================================================
2022-07-01 11:27:12.482  INFO   57 --- [           main] org.apache.spark.internal.Logging        : No custom resources configured for spark.driver.
2022-07-01 11:27:12.482  INFO   57 --- [           main] org.apache.spark.internal.Logging        : ==============================================================
2022-07-01 11:27:12.482  INFO   57 --- [           main] org.apache.spark.internal.Logging        : Submitted application: NiFi-Spark Streaming example
2022-07-01 11:27:12.733  INFO   57 --- [           main] org.apache.spark.internal.Logging        : Default ResourceProfile created, executor resources: Map(cores -> name: cores, amount: 1, script: , vendor: , memory -> name: memory, amount: 1024, script: , vendor: , offHeap -> name: offHeap, amount: 0, script: , vendor: ), task resources: Map(cpus -> name: cpus, amount: 1.0)
2022-07-01 11:27:12.764  INFO   57 --- [           main] org.apache.spark.internal.Logging        : Limiting resource is cpu
2022-07-01 11:27:12.764  INFO   57 --- [           main] org.apache.spark.internal.Logging        : Added ResourceProfile id: 0
2022-07-01 11:27:13.248  INFO   57 --- [           main] org.apache.spark.internal.Logging        : Changing view acls to: Wael Hamdi
2022-07-01 11:27:13.248  INFO   57 --- [           main] org.apache.spark.internal.Logging        : Changing modify acls to: Wael Hamdi
2022-07-01 11:27:13.248  INFO   57 --- [           main] org.apache.spark.internal.Logging        : Changing view acls groups to: 
2022-07-01 11:27:13.248  INFO   57 --- [           main] org.apache.spark.internal.Logging        : Changing modify acls groups to: 
2022-07-01 11:27:13.248  INFO   57 --- [           main] org.apache.spark.internal.Logging        : SecurityManager: authentication disabled; ui acls disabled; users  with view permissions: Set(Wael Hamdi); groups with view permissions: Set(); users  with modify permissions: Set(Wael Hamdi); groups with modify permissions: Set()
2022-07-01 11:27:16.529  INFO   57 --- [           main] org.apache.spark.internal.Logging        : Successfully started service 'sparkDriver' on port 54008.
2022-07-01 11:27:16.684  INFO   57 --- [           main] org.apache.spark.internal.Logging        : Registering MapOutputTracker
2022-07-01 11:27:16.941  INFO   57 --- [           main] org.apache.spark.internal.Logging        : Registering BlockManagerMaster
2022-07-01 11:27:17.019  INFO   57 --- [           main] org.apache.spark.internal.Logging        : Using org.apache.spark.storage.DefaultTopologyMapper for getting topology information
2022-07-01 11:27:17.019  INFO   57 --- [           main] org.apache.spark.internal.Logging        : BlockManagerMasterEndpoint up
2022-07-01 11:27:17.019  INFO   57 --- [           main] org.apache.spark.internal.Logging        : Registering BlockManagerMasterHeartbeat
2022-07-01 11:27:17.238  INFO   57 --- [           main] org.apache.spark.internal.Logging        : Created local directory at C:\Users\Wael Hamdi\AppData\Local\Temp\blockmgr-59f02ce9-3561-44e1-9f90-3a1c16d30ed5
2022-07-01 11:27:17.316  INFO   57 --- [           main] org.apache.spark.internal.Logging        : MemoryStore started with capacity 897.6 MiB
2022-07-01 11:27:17.394  INFO   57 --- [           main] org.apache.spark.internal.Logging        : Registering OutputCommitCoordinator
2022-07-01 11:27:17.722  INFO  170 --- [           main] org.sparkproject.jetty.util.log.Log      : Logging initialized @13572ms to org.sparkproject.jetty.util.log.Slf4jLog
2022-07-01 11:27:17.960  INFO  375 --- [           main] org.sparkproject.jetty.server.Server     : jetty-9.4.43.v20210629; built: 2021-06-30T11:07:22.254Z; git: 526006ecfa3af7f1a27ef3a288e2bef7ea9dd7e8; jvm 1.8.0_301-b09
2022-07-01 11:27:18.006  INFO  415 --- [           main] org.sparkproject.jetty.server.Server     : Started @13856ms
2022-07-01 11:27:18.085  INFO  331 --- [           main] rkproject.jetty.server.AbstractConnector : Started ServerConnector@30ed9c6c{HTTP/1.1, (http/1.1)}{0.0.0.0:4040}
2022-07-01 11:27:18.085  INFO   57 --- [           main] org.apache.spark.internal.Logging        : Successfully started service 'SparkUI' on port 4040.
2022-07-01 11:27:18.116  INFO  915 --- [           main] ject.jetty.server.handler.ContextHandler : Started o.s.j.s.ServletContextHandler@5c1bd44c{/jobs,null,AVAILABLE,@Spark}
2022-07-01 11:27:18.116  INFO  915 --- [           main] ject.jetty.server.handler.ContextHandler : Started o.s.j.s.ServletContextHandler@5003041b{/jobs/json,null,AVAILABLE,@Spark}
2022-07-01 11:27:18.116  INFO  915 --- [           main] ject.jetty.server.handler.ContextHandler : Started o.s.j.s.ServletContextHandler@16fb356{/jobs/job,null,AVAILABLE,@Spark}
2022-07-01 11:27:18.116  INFO  915 --- [           main] ject.jetty.server.handler.ContextHandler : Started o.s.j.s.ServletContextHandler@ca27722{/jobs/job/json,null,AVAILABLE,@Spark}
2022-07-01 11:27:18.116  INFO  915 --- [           main] ject.jetty.server.handler.ContextHandler : Started o.s.j.s.ServletContextHandler@9573b3b{/stages,null,AVAILABLE,@Spark}
2022-07-01 11:27:18.131  INFO  915 --- [           main] ject.jetty.server.handler.ContextHandler : Started o.s.j.s.ServletContextHandler@78461bc4{/stages/json,null,AVAILABLE,@Spark}
2022-07-01 11:27:18.131  INFO  915 --- [           main] ject.jetty.server.handler.ContextHandler : Started o.s.j.s.ServletContextHandler@64f857e7{/stages/stage,null,AVAILABLE,@Spark}
2022-07-01 11:27:18.131  INFO  915 --- [           main] ject.jetty.server.handler.ContextHandler : Started o.s.j.s.ServletContextHandler@1b822fcc{/stages/stage/json,null,AVAILABLE,@Spark}
2022-07-01 11:27:18.131  INFO  915 --- [           main] ject.jetty.server.handler.ContextHandler : Started o.s.j.s.ServletContextHandler@56102e1c{/stages/pool,null,AVAILABLE,@Spark}
2022-07-01 11:27:18.131  INFO  915 --- [           main] ject.jetty.server.handler.ContextHandler : Started o.s.j.s.ServletContextHandler@7927bd9f{/stages/pool/json,null,AVAILABLE,@Spark}
2022-07-01 11:27:18.131  INFO  915 --- [           main] ject.jetty.server.handler.ContextHandler : Started o.s.j.s.ServletContextHandler@410954b{/storage,null,AVAILABLE,@Spark}
2022-07-01 11:27:18.131  INFO  915 --- [           main] ject.jetty.server.handler.ContextHandler : Started o.s.j.s.ServletContextHandler@3b366632{/storage/json,null,AVAILABLE,@Spark}
2022-07-01 11:27:18.131  INFO  915 --- [           main] ject.jetty.server.handler.ContextHandler : Started o.s.j.s.ServletContextHandler@514eedd8{/storage/rdd,null,AVAILABLE,@Spark}
2022-07-01 11:27:18.131  INFO  915 --- [           main] ject.jetty.server.handler.ContextHandler : Started o.s.j.s.ServletContextHandler@6970140a{/storage/rdd/json,null,AVAILABLE,@Spark}
2022-07-01 11:27:18.131  INFO  915 --- [           main] ject.jetty.server.handler.ContextHandler : Started o.s.j.s.ServletContextHandler@3af4e0bf{/environment,null,AVAILABLE,@Spark}
2022-07-01 11:27:18.131  INFO  915 --- [           main] ject.jetty.server.handler.ContextHandler : Started o.s.j.s.ServletContextHandler@4d63b624{/environment/json,null,AVAILABLE,@Spark}
2022-07-01 11:27:18.131  INFO  915 --- [           main] ject.jetty.server.handler.ContextHandler : Started o.s.j.s.ServletContextHandler@5b800468{/executors,null,AVAILABLE,@Spark}
2022-07-01 11:27:18.131  INFO  915 --- [           main] ject.jetty.server.handler.ContextHandler : Started o.s.j.s.ServletContextHandler@7e1a1da6{/executors/json,null,AVAILABLE,@Spark}
2022-07-01 11:27:18.147  INFO  915 --- [           main] ject.jetty.server.handler.ContextHandler : Started o.s.j.s.ServletContextHandler@407cf41{/executors/threadDump,null,AVAILABLE,@Spark}
2022-07-01 11:27:18.147  INFO  915 --- [           main] ject.jetty.server.handler.ContextHandler : Started o.s.j.s.ServletContextHandler@46cc127b{/executors/threadDump/json,null,AVAILABLE,@Spark}
2022-07-01 11:27:18.147  INFO  915 --- [           main] ject.jetty.server.handler.ContextHandler : Started o.s.j.s.ServletContextHandler@5aceec94{/static,null,AVAILABLE,@Spark}
2022-07-01 11:27:18.147  INFO  915 --- [           main] ject.jetty.server.handler.ContextHandler : Started o.s.j.s.ServletContextHandler@3aee3976{/,null,AVAILABLE,@Spark}
2022-07-01 11:27:18.163  INFO  915 --- [           main] ject.jetty.server.handler.ContextHandler : Started o.s.j.s.ServletContextHandler@27cf3151{/api,null,AVAILABLE,@Spark}
2022-07-01 11:27:18.163  INFO  915 --- [           main] ject.jetty.server.handler.ContextHandler : Started o.s.j.s.ServletContextHandler@7e0aadd0{/jobs/job/kill,null,AVAILABLE,@Spark}
2022-07-01 11:27:18.163  INFO  915 --- [           main] ject.jetty.server.handler.ContextHandler : Started o.s.j.s.ServletContextHandler@27eb3298{/stages/stage/kill,null,AVAILABLE,@Spark}
2022-07-01 11:27:18.178  INFO   57 --- [           main] org.apache.spark.internal.Logging        : Bound SparkUI to 0.0.0.0, and started at http://host.docker.internal:4040
2022-07-01 11:27:18.962  INFO   57 --- [           main] org.apache.spark.internal.Logging        : Starting executor ID driver on host host.docker.internal
2022-07-01 11:27:19.134  INFO   57 --- [           main] org.apache.spark.internal.Logging        : Successfully started service 'org.apache.spark.network.netty.NettyBlockTransferService' on port 54034.
2022-07-01 11:27:19.134  INFO   82 --- [           main] .network.netty.NettyBlockTransferService : Server created on host.docker.internal:54034
2022-07-01 11:27:19.150  INFO   57 --- [           main] org.apache.spark.internal.Logging        : Using org.apache.spark.storage.RandomBlockReplicationPolicy for block replication policy
2022-07-01 11:27:19.181  INFO   57 --- [           main] org.apache.spark.internal.Logging        : Registering BlockManager BlockManagerId(driver, host.docker.internal, 54034, None)
2022-07-01 11:27:19.197  INFO   57 --- [ckManagerMaster] org.apache.spark.internal.Logging        : Registering block manager host.docker.internal:54034 with 897.6 MiB RAM, BlockManagerId(driver, host.docker.internal, 54034, None)
2022-07-01 11:27:19.212  INFO   57 --- [           main] org.apache.spark.internal.Logging        : Registered BlockManager BlockManagerId(driver, host.docker.internal, 54034, None)
2022-07-01 11:27:19.212  INFO   57 --- [           main] org.apache.spark.internal.Logging        : Initialized BlockManager: BlockManagerId(driver, host.docker.internal, 54034, None)
2022-07-01 11:27:19.712  INFO  915 --- [           main] ject.jetty.server.handler.ContextHandler : Started o.s.j.s.ServletContextHandler@3605c4d3{/metrics/json,null,AVAILABLE,@Spark}
2022-07-01 11:27:20.869  INFO   57 --- [streaming-start] org.apache.spark.internal.Logging        : Starting 1 receivers
2022-07-01 11:27:20.869  INFO   57 --- [streaming-start] org.apache.spark.internal.Logging        : ReceiverTracker started
2022-07-01 11:27:20.884  INFO   57 --- [streaming-start] org.apache.spark.internal.Logging        : Slide time = 1000 ms
2022-07-01 11:27:20.884  INFO   57 --- [streaming-start] org.apache.spark.internal.Logging        : Storage level = Serialized 1x Replicated
2022-07-01 11:27:20.884  INFO   57 --- [streaming-start] org.apache.spark.internal.Logging        : Checkpoint interval = null
2022-07-01 11:27:20.884  INFO   57 --- [streaming-start] org.apache.spark.internal.Logging        : Remember interval = 1000 ms
2022-07-01 11:27:20.884  INFO   57 --- [streaming-start] org.apache.spark.internal.Logging        : Initialized and validated org.apache.spark.streaming.dstream.PluggableInputDStream@75bafc5
2022-07-01 11:27:20.884  INFO   57 --- [streaming-start] org.apache.spark.internal.Logging        : Slide time = 1000 ms
2022-07-01 11:27:20.884  INFO   57 --- [streaming-start] org.apache.spark.internal.Logging        : Storage level = Serialized 1x Replicated
2022-07-01 11:27:20.884  INFO   57 --- [streaming-start] org.apache.spark.internal.Logging        : Checkpoint interval = null
2022-07-01 11:27:20.884  INFO   57 --- [streaming-start] org.apache.spark.internal.Logging        : Remember interval = 1000 ms
2022-07-01 11:27:20.884  INFO   57 --- [streaming-start] org.apache.spark.internal.Logging        : Initialized and validated org.apache.spark.streaming.dstream.MappedDStream@71b2dceb
2022-07-01 11:27:20.884  INFO   57 --- [streaming-start] org.apache.spark.internal.Logging        : Slide time = 1000 ms
2022-07-01 11:27:20.884  INFO   57 --- [streaming-start] org.apache.spark.internal.Logging        : Storage level = Serialized 1x Replicated
2022-07-01 11:27:20.884  INFO   57 --- [streaming-start] org.apache.spark.internal.Logging        : Checkpoint interval = null
2022-07-01 11:27:20.884  INFO   57 --- [streaming-start] org.apache.spark.internal.Logging        : Remember interval = 1000 ms
2022-07-01 11:27:20.884  INFO   57 --- [streaming-start] org.apache.spark.internal.Logging        : Initialized and validated org.apache.spark.streaming.dstream.ForEachDStream@e29699c
2022-07-01 11:27:20.884  INFO   57 --- [streaming-start] org.apache.spark.internal.Logging        : Slide time = 1000 ms
2022-07-01 11:27:20.884  INFO   57 --- [streaming-start] org.apache.spark.internal.Logging        : Storage level = Serialized 1x Replicated
2022-07-01 11:27:20.884  INFO   57 --- [streaming-start] org.apache.spark.internal.Logging        : Checkpoint interval = null
2022-07-01 11:27:20.884  INFO   57 --- [streaming-start] org.apache.spark.internal.Logging        : Remember interval = 1000 ms
2022-07-01 11:27:20.884  INFO   57 --- [streaming-start] org.apache.spark.internal.Logging        : Initialized and validated org.apache.spark.streaming.dstream.PluggableInputDStream@75bafc5
2022-07-01 11:27:20.884  INFO   57 --- [streaming-start] org.apache.spark.internal.Logging        : Slide time = 1000 ms
2022-07-01 11:27:20.884  INFO   57 --- [streaming-start] org.apache.spark.internal.Logging        : Storage level = Serialized 1x Replicated
2022-07-01 11:27:20.884  INFO   57 --- [streaming-start] org.apache.spark.internal.Logging        : Checkpoint interval = null
2022-07-01 11:27:20.884  INFO   57 --- [streaming-start] org.apache.spark.internal.Logging        : Remember interval = 1000 ms
2022-07-01 11:27:20.884  INFO   57 --- [streaming-start] org.apache.spark.internal.Logging        : Initialized and validated org.apache.spark.streaming.dstream.MappedDStream@71b2dceb
2022-07-01 11:27:20.884  INFO   57 --- [streaming-start] org.apache.spark.internal.Logging        : Slide time = 1000 ms
2022-07-01 11:27:20.900  INFO   57 --- [streaming-start] org.apache.spark.internal.Logging        : Storage level = Serialized 1x Replicated
2022-07-01 11:27:20.900  INFO   57 --- [streaming-start] org.apache.spark.internal.Logging        : Checkpoint interval = null
2022-07-01 11:27:20.900  INFO   57 --- [streaming-start] org.apache.spark.internal.Logging        : Remember interval = 1000 ms
2022-07-01 11:27:20.900  INFO   57 --- [streaming-start] org.apache.spark.internal.Logging        : Initialized and validated org.apache.spark.streaming.dstream.ForEachDStream@40f440fe
2022-07-01 11:27:21.259  INFO   57 --- [er-event-loop-3] org.apache.spark.internal.Logging        : Receiver 0 started
2022-07-01 11:27:21.259  INFO   57 --- [streaming-start] org.apache.spark.internal.Logging        : Started timer for JobGenerator at time 1656671241000
2022-07-01 11:27:21.259  INFO   57 --- [streaming-start] org.apache.spark.internal.Logging        : Started JobGenerator at 1656671241000 ms
2022-07-01 11:27:21.273  INFO   57 --- [streaming-start] org.apache.spark.internal.Logging        : Started JobScheduler
2022-07-01 11:27:21.278  INFO   57 --- [uler-event-loop] org.apache.spark.internal.Logging        : Got job 0 (start at Application.java:251) with 1 output partitions
2022-07-01 11:27:21.280  INFO   57 --- [uler-event-loop] org.apache.spark.internal.Logging        : Final stage: ResultStage 0 (start at Application.java:251)
2022-07-01 11:27:21.283  INFO   57 --- [uler-event-loop] org.apache.spark.internal.Logging        : Parents of final stage: List()
2022-07-01 11:27:21.285  INFO  915 --- [           main] ject.jetty.server.handler.ContextHandler : Started o.s.j.s.ServletContextHandler@43034809{/streaming,null,AVAILABLE,@Spark}
2022-07-01 11:27:21.286  INFO   57 --- [uler-event-loop] org.apache.spark.internal.Logging        : Missing parents: List()
2022-07-01 11:27:21.287  INFO  915 --- [           main] ject.jetty.server.handler.ContextHandler : Started o.s.j.s.ServletContextHandler@77010a30{/streaming/json,null,AVAILABLE,@Spark}
2022-07-01 11:27:21.289  INFO  915 --- [           main] ject.jetty.server.handler.ContextHandler : Started o.s.j.s.ServletContextHandler@2ca5f1ed{/streaming/batch,null,AVAILABLE,@Spark}
2022-07-01 11:27:21.295  INFO  915 --- [           main] ject.jetty.server.handler.ContextHandler : Started o.s.j.s.ServletContextHandler@28348c6{/streaming/batch/json,null,AVAILABLE,@Spark}
2022-07-01 11:27:21.298  INFO   57 --- [uler-event-loop] org.apache.spark.internal.Logging        : Submitting ResultStage 0 (Receiver 0 ParallelCollectionRDD[0] at makeRDD at ReceiverTracker.scala:609), which has no missing parents
2022-07-01 11:27:21.313  INFO  915 --- [           main] ject.jetty.server.handler.ContextHandler : Started o.s.j.s.ServletContextHandler@53c68ce{/static/streaming,null,AVAILABLE,@Spark}
2022-07-01 11:27:21.314  INFO   57 --- [           main] org.apache.spark.internal.Logging        : StreamingContext started
2022-07-01 11:27:21.484  INFO   57 --- [   JobGenerator] org.apache.spark.internal.Logging        : Added jobs for time 1656671241000 ms
2022-07-01 11:27:21.498  INFO   57 --- [   JobScheduler] org.apache.spark.internal.Logging        : Starting job streaming job 1656671241000 ms.0 from job set of time 1656671241000 ms
2022-07-01 11:27:22.000  INFO   57 --- [   JobGenerator] org.apache.spark.internal.Logging        : Added jobs for time 1656671242000 ms
2022-07-01 11:27:22.141  INFO   57 --- [uler-event-loop] org.apache.spark.internal.Logging        : Block broadcast_0 stored as values in memory (estimated size 97.5 KiB, free 897.5 MiB)
2022-07-01 11:27:22.438  WARN   69 --- [-job-executor-0] org.apache.spark.internal.Logging        : Using an existing SparkContext; some configuration may not take effect.
2022-07-01 11:27:22.547  INFO   57 --- [uler-event-loop] org.apache.spark.internal.Logging        : Block broadcast_0_piece0 stored as bytes in memory (estimated size 34.2 KiB, free 897.5 MiB)
2022-07-01 11:27:22.547  INFO   57 --- [ckManagerMaster] org.apache.spark.internal.Logging        : Added broadcast_0_piece0 in memory on host.docker.internal:54034 (size: 34.2 KiB, free: 897.6 MiB)
2022-07-01 11:27:22.579  INFO   57 --- [uler-event-loop] org.apache.spark.internal.Logging        : Created broadcast 0 from broadcast at DAGScheduler.scala:1478
2022-07-01 11:27:22.610  INFO   57 --- [uler-event-loop] org.apache.spark.internal.Logging        : Submitting 1 missing tasks from ResultStage 0 (Receiver 0 ParallelCollectionRDD[0] at makeRDD at ReceiverTracker.scala:609) (first 15 tasks are for partitions Vector(0))
2022-07-01 11:27:22.610  INFO   57 --- [uler-event-loop] org.apache.spark.internal.Logging        : Adding task set 0.0 with 1 tasks resource profile 0
2022-07-01 11:27:22.860  INFO   57 --- [er-event-loop-0] org.apache.spark.internal.Logging        : Starting task 0.0 in stage 0.0 (TID 0) (host.docker.internal, executor driver, partition 0, PROCESS_LOCAL, 6218 bytes) taskResourceAssignments Map()
2022-07-01 11:27:22.891  INFO   57 --- [-job-executor-0] org.apache.spark.internal.Logging        : Starting job: collect at Application.java:152
2022-07-01 11:27:22.907  INFO   57 --- [-job-executor-0] org.apache.spark.internal.Logging        : Job 1 finished: collect at Application.java:152, took 0.009742 s
2022-07-01 11:27:22.954  INFO   57 --- [   JobScheduler] org.apache.spark.internal.Logging        : Finished job streaming job 1656671241000 ms.0 from job set of time 1656671241000 ms
2022-07-01 11:27:22.954  INFO   57 --- [   JobScheduler] org.apache.spark.internal.Logging        : Starting job streaming job 1656671241000 ms.1 from job set of time 1656671241000 ms
2022-07-01 11:27:22.969  INFO   57 --- [   JobScheduler] org.apache.spark.internal.Logging        : Finished job streaming job 1656671241000 ms.1 from job set of time 1656671241000 ms
2022-07-01 11:27:22.969  INFO   57 --- [   JobScheduler] org.apache.spark.internal.Logging        : Total delay: 1.969 s for time 1656671241000 ms (execution: 1.472 s)
2022-07-01 11:27:22.969  INFO   57 --- [   JobScheduler] org.apache.spark.internal.Logging        : Starting job streaming job 1656671242000 ms.0 from job set of time 1656671242000 ms
2022-07-01 11:27:22.999  INFO   57 --- [age 0.0 (TID 0)] org.apache.spark.internal.Logging        : Running task 0.0 in stage 0.0 (TID 0)
2022-07-01 11:27:23.026  INFO   57 --- [   JobGenerator] org.apache.spark.internal.Logging        : Deleting batches: 
2022-07-01 11:27:23.039  INFO   57 --- [   JobGenerator] org.apache.spark.internal.Logging        : remove old batch metadata: 
2022-07-01 11:27:23.042  INFO   57 --- [   JobGenerator] org.apache.spark.internal.Logging        : Added jobs for time 1656671243000 ms
2022-07-01 11:27:23.413  INFO   57 --- [-job-executor-0] org.apache.spark.internal.Logging        : Setting hive.metastore.warehouse.dir ('null') to the value of spark.sql.warehouse.dir.
2022-07-01 11:27:23.515  INFO   57 --- [age 0.0 (TID 0)] org.apache.spark.internal.Logging        : Started timer for BlockGenerator at time 1656671243600
2022-07-01 11:27:23.518  INFO   57 --- [age 0.0 (TID 0)] org.apache.spark.internal.Logging        : Started BlockGenerator
2022-07-01 11:27:23.672  INFO   57 --- [er-event-loop-0] org.apache.spark.internal.Logging        : Registered receiver for stream 0 from host.docker.internal:54008
2022-07-01 11:27:23.681  INFO   57 --- [age 0.0 (TID 0)] org.apache.spark.internal.Logging        : Starting receiver 0
2022-07-01 11:27:23.685  INFO   57 --- [age 0.0 (TID 0)] org.apache.spark.internal.Logging        : Called receiver 0 onStart
2022-07-01 11:27:23.686  INFO   57 --- [age 0.0 (TID 0)] org.apache.spark.internal.Logging        : Waiting for receiver to be stopped
2022-07-01 11:27:23.689  INFO   57 --- [      Thread-14] org.apache.spark.internal.Logging        : Started block pushing thread
2022-07-01 11:27:24.007  INFO   57 --- [   JobGenerator] org.apache.spark.internal.Logging        : Added jobs for time 1656671244000 ms
2022-07-01 11:27:24.885  INFO   57 --- [-job-executor-0] org.apache.spark.internal.Logging        : Warehouse path is 'file:/C:/IntelliJProjects/NifiSparkStreaming/spark-warehouse'.
2022-07-01 11:27:24.982  INFO  915 --- [-job-executor-0] ject.jetty.server.handler.ContextHandler : Started o.s.j.s.ServletContextHandler@685e8709{/SQL,null,AVAILABLE,@Spark}
2022-07-01 11:27:24.984  INFO  915 --- [-job-executor-0] ject.jetty.server.handler.ContextHandler : Started o.s.j.s.ServletContextHandler@1513318c{/SQL/json,null,AVAILABLE,@Spark}
2022-07-01 11:27:24.986  INFO  915 --- [-job-executor-0] ject.jetty.server.handler.ContextHandler : Started o.s.j.s.ServletContextHandler@35c14747{/SQL/execution,null,AVAILABLE,@Spark}
2022-07-01 11:27:24.988  INFO  915 --- [-job-executor-0] ject.jetty.server.handler.ContextHandler : Started o.s.j.s.ServletContextHandler@43a8c9b7{/SQL/execution/json,null,AVAILABLE,@Spark}
2022-07-01 11:27:24.990  INFO  915 --- [-job-executor-0] ject.jetty.server.handler.ContextHandler : Started o.s.j.s.ServletContextHandler@372ffc88{/static/sql,null,AVAILABLE,@Spark}
2022-07-01 11:27:25.004  INFO   57 --- [   JobGenerator] org.apache.spark.internal.Logging        : Added jobs for time 1656671245000 ms
2022-07-01 11:27:26.004  INFO   57 --- [   JobGenerator] org.apache.spark.internal.Logging        : Added jobs for time 1656671246000 ms
2022-07-01 11:27:27.004  INFO   57 --- [   JobGenerator] org.apache.spark.internal.Logging        : Added jobs for time 1656671247000 ms
2022-07-01 11:27:28.009  INFO   57 --- [   JobGenerator] org.apache.spark.internal.Logging        : Added jobs for time 1656671248000 ms
2022-07-01 11:27:28.987  WARN   69 --- [-job-executor-0] org.apache.spark.internal.Logging        : Using an existing SparkSession; some spark core configurations may not take effect.
2022-07-01 11:27:29.006  INFO   57 --- [   JobGenerator] org.apache.spark.internal.Logging        : Added jobs for time 1656671249000 ms
2022-07-01 11:27:29.008  INFO   57 --- [-job-executor-0] org.apache.spark.internal.Logging        : Starting job: collect at Application.java:152
2022-07-01 11:27:29.010  INFO   57 --- [-job-executor-0] org.apache.spark.internal.Logging        : Job 2 finished: collect at Application.java:152, took 0.000403 s
2022-07-01 11:27:29.011  INFO   57 --- [   JobScheduler] org.apache.spark.internal.Logging        : Finished job streaming job 1656671242000 ms.0 from job set of time 1656671242000 ms
2022-07-01 11:27:29.012  INFO   57 --- [   JobScheduler] org.apache.spark.internal.Logging        : Starting job streaming job 1656671242000 ms.1 from job set of time 1656671242000 ms
2022-07-01 11:27:29.013  INFO   57 --- [   JobScheduler] org.apache.spark.internal.Logging        : Finished job streaming job 1656671242000 ms.1 from job set of time 1656671242000 ms
2022-07-01 11:27:29.014  INFO   57 --- [   JobScheduler] org.apache.spark.internal.Logging        : Total delay: 7.013 s for time 1656671242000 ms (execution: 6.044 s)
2022-07-01 11:27:29.014  INFO   57 --- [   JobScheduler] org.apache.spark.internal.Logging        : Starting job streaming job 1656671243000 ms.0 from job set of time 1656671243000 ms
2022-07-01 11:27:29.015  INFO   57 --- [   JobGenerator] org.apache.spark.internal.Logging        : Removing RDD 2 from persistence list
2022-07-01 11:27:29.036  WARN   69 --- [-job-executor-0] org.apache.spark.internal.Logging        : Using an existing SparkSession; the static sql configurations will not take effect.
2022-07-01 11:27:29.037  WARN   69 --- [-job-executor-0] org.apache.spark.internal.Logging        : Using an existing SparkSession; some spark core configurations may not take effect.
2022-07-01 11:27:29.065  INFO   57 --- [-job-executor-0] org.apache.spark.internal.Logging        : Starting job: collect at Application.java:152
2022-07-01 11:27:29.068  INFO   57 --- [-job-executor-0] org.apache.spark.internal.Logging        : Job 3 finished: collect at Application.java:152, took 0.000382 s
2022-07-01 11:27:29.071  INFO   57 --- [   JobScheduler] org.apache.spark.internal.Logging        : Finished job streaming job 1656671243000 ms.0 from job set of time 1656671243000 ms
2022-07-01 11:27:29.072  INFO   57 --- [   JobScheduler] org.apache.spark.internal.Logging        : Starting job streaming job 1656671243000 ms.1 from job set of time 1656671243000 ms
2022-07-01 11:27:29.072  INFO   57 --- [   JobScheduler] org.apache.spark.internal.Logging        : Finished job streaming job 1656671243000 ms.1 from job set of time 1656671243000 ms
2022-07-01 11:27:29.073  INFO   57 --- [   JobScheduler] org.apache.spark.internal.Logging        : Total delay: 6.072 s for time 1656671243000 ms (execution: 0.058 s)
2022-07-01 11:27:29.073  INFO   57 --- [   JobScheduler] org.apache.spark.internal.Logging        : Starting job streaming job 1656671244000 ms.0 from job set of time 1656671244000 ms
2022-07-01 11:27:29.078  WARN   69 --- [-job-executor-0] org.apache.spark.internal.Logging        : Using an existing SparkSession; the static sql configurations will not take effect.
2022-07-01 11:27:29.079  WARN   69 --- [-job-executor-0] org.apache.spark.internal.Logging        : Using an existing SparkSession; some spark core configurations may not take effect.
2022-07-01 11:27:29.079  INFO   57 --- [   JobGenerator] org.apache.spark.internal.Logging        : Removing RDD 1 from persistence list
2022-07-01 11:27:29.080  INFO   57 --- [c-thread-pool-0] org.apache.spark.internal.Logging        : Removing RDD 2
2022-07-01 11:27:29.102  INFO   57 --- [   JobGenerator] org.apache.spark.internal.Logging        : Removing blocks of RDD BlockRDD[1] at receiverStream at Application.java:117 of time 1656671242000 ms
2022-07-01 11:27:29.103  INFO   57 --- [   JobGenerator] org.apache.spark.internal.Logging        : Deleting batches: 
2022-07-01 11:27:29.110  INFO   57 --- [   JobGenerator] org.apache.spark.internal.Logging        : remove old batch metadata: 
2022-07-01 11:27:29.111  INFO   57 --- [   JobGenerator] org.apache.spark.internal.Logging        : Removing RDD 5 from persistence list
2022-07-01 11:27:29.102  INFO   57 --- [c-thread-pool-1] org.apache.spark.internal.Logging        : Removing RDD 1
2022-07-01 11:27:29.111  INFO   57 --- [-job-executor-0] org.apache.spark.internal.Logging        : Starting job: collect at Application.java:152
2022-07-01 11:27:29.116  INFO   57 --- [-job-executor-0] org.apache.spark.internal.Logging        : Job 4 finished: collect at Application.java:152, took 0.000477 s
2022-07-01 11:27:29.121  WARN   69 --- [-job-executor-0] org.apache.spark.internal.Logging        : Using an existing SparkSession; the static sql configurations will not take effect.
2022-07-01 11:27:29.122  WARN   69 --- [-job-executor-0] org.apache.spark.internal.Logging        : Using an existing SparkSession; some spark core configurations may not take effect.
2022-07-01 11:27:29.132  INFO   57 --- [-job-executor-0] org.apache.spark.internal.Logging        : Starting job: collect at Application.java:152
2022-07-01 11:27:29.135  INFO   57 --- [-job-executor-0] org.apache.spark.internal.Logging        : Job 5 finished: collect at Application.java:152, took 0.000468 s
2022-07-01 11:27:29.147  WARN   69 --- [-job-executor-0] org.apache.spark.internal.Logging        : Using an existing SparkSession; the static sql configurations will not take effect.
2022-07-01 11:27:29.148  WARN   69 --- [-job-executor-0] org.apache.spark.internal.Logging        : Using an existing SparkSession; some spark core configurations may not take effect.
2022-07-01 11:27:29.152  INFO   57 --- [   JobScheduler] org.apache.spark.internal.Logging        : Finished job streaming job 1656671244000 ms.0 from job set of time 1656671244000 ms
2022-07-01 11:27:29.152  INFO   57 --- [   JobGenerator] org.apache.spark.internal.Logging        : Removing RDD 4 from persistence list
2022-07-01 11:27:29.153  INFO   57 --- [   JobScheduler] org.apache.spark.internal.Logging        : Starting job streaming job 1656671244000 ms.1 from job set of time 1656671244000 ms
2022-07-01 11:27:29.153  INFO   57 --- [   JobScheduler] org.apache.spark.internal.Logging        : Finished job streaming job 1656671244000 ms.1 from job set of time 1656671244000 ms
2022-07-01 11:27:29.154  INFO   57 --- [   JobScheduler] org.apache.spark.internal.Logging        : Total delay: 5.153 s for time 1656671244000 ms (execution: 0.080 s)
2022-07-01 11:27:29.154  INFO   57 --- [   JobScheduler] org.apache.spark.internal.Logging        : Starting job streaming job 1656671245000 ms.0 from job set of time 1656671245000 ms
2022-07-01 11:27:29.154  INFO   57 --- [   JobScheduler] org.apache.spark.internal.Logging        : Finished job streaming job 1656671245000 ms.0 from job set of time 1656671245000 ms
2022-07-01 11:27:29.154  INFO   57 --- [   JobScheduler] org.apache.spark.internal.Logging        : Starting job streaming job 1656671245000 ms.1 from job set of time 1656671245000 ms
2022-07-01 11:27:29.155  INFO   57 --- [   JobScheduler] org.apache.spark.internal.Logging        : Finished job streaming job 1656671245000 ms.1 from job set of time 1656671245000 ms
2022-07-01 11:27:29.155  INFO   57 --- [   JobScheduler] org.apache.spark.internal.Logging        : Total delay: 4.155 s for time 1656671245000 ms (execution: 0.001 s)
2022-07-01 11:27:29.155  INFO   57 --- [   JobScheduler] org.apache.spark.internal.Logging        : Starting job streaming job 1656671246000 ms.0 from job set of time 1656671246000 ms
2022-07-01 11:27:29.157  INFO   57 --- [   JobGenerator] org.apache.spark.internal.Logging        : Removing blocks of RDD BlockRDD[4] at receiverStream at Application.java:117 of time 1656671243000 ms
2022-07-01 11:27:29.159  INFO   57 --- [   JobGenerator] org.apache.spark.internal.Logging        : Deleting batches: 1656671241000 ms
2022-07-01 11:27:29.159  INFO   57 --- [   JobGenerator] org.apache.spark.internal.Logging        : remove old batch metadata: 1656671241000 ms
2022-07-01 11:27:29.160  INFO   57 --- [   JobGenerator] org.apache.spark.internal.Logging        : Removing RDD 8 from persistence list
2022-07-01 11:27:29.161  INFO   57 --- [-job-executor-0] org.apache.spark.internal.Logging        : Starting job: collect at Application.java:152
2022-07-01 11:27:29.162  INFO   57 --- [-job-executor-0] org.apache.spark.internal.Logging        : Job 6 finished: collect at Application.java:152, took 0.000296 s
2022-07-01 11:27:29.169  WARN   69 --- [-job-executor-0] org.apache.spark.internal.Logging        : Using an existing SparkSession; the static sql configurations will not take effect.
2022-07-01 11:27:29.169  WARN   69 --- [-job-executor-0] org.apache.spark.internal.Logging        : Using an existing SparkSession; some spark core configurations may not take effect.
2022-07-01 11:27:29.177  INFO   57 --- [c-thread-pool-7] org.apache.spark.internal.Logging        : Removing RDD 4
2022-07-01 11:27:29.178  INFO   57 --- [c-thread-pool-6] org.apache.spark.internal.Logging        : Removing RDD 5
2022-07-01 11:27:29.179  INFO   57 --- [   JobScheduler] org.apache.spark.internal.Logging        : Finished job streaming job 1656671246000 ms.0 from job set of time 1656671246000 ms
2022-07-01 11:27:29.182  INFO   57 --- [   JobScheduler] org.apache.spark.internal.Logging        : Starting job streaming job 1656671246000 ms.1 from job set of time 1656671246000 ms
2022-07-01 11:27:29.182  INFO   57 --- [   JobScheduler] org.apache.spark.internal.Logging        : Finished job streaming job 1656671246000 ms.1 from job set of time 1656671246000 ms
2022-07-01 11:27:29.183  INFO   57 --- [   JobScheduler] org.apache.spark.internal.Logging        : Total delay: 3.182 s for time 1656671246000 ms (execution: 0.027 s)
2022-07-01 11:27:29.183  INFO   57 --- [   JobScheduler] org.apache.spark.internal.Logging        : Starting job streaming job 1656671247000 ms.0 from job set of time 1656671247000 ms
2022-07-01 11:27:29.185  INFO   57 --- [   JobGenerator] org.apache.spark.internal.Logging        : Removing RDD 7 from persistence list
2022-07-01 11:27:29.194  INFO   57 --- [   JobGenerator] org.apache.spark.internal.Logging        : Removing blocks of RDD BlockRDD[7] at receiverStream at Application.java:117 of time 1656671244000 ms
2022-07-01 11:27:29.195  INFO   57 --- [   JobGenerator] org.apache.spark.internal.Logging        : Deleting batches: 1656671242000 ms
2022-07-01 11:27:29.202  INFO   57 --- [   JobGenerator] org.apache.spark.internal.Logging        : remove old batch metadata: 1656671242000 ms
2022-07-01 11:27:29.203  INFO   57 --- [   JobGenerator] org.apache.spark.internal.Logging        : Removing RDD 10 from persistence list
2022-07-01 11:27:29.219  INFO   57 --- [   JobGenerator] org.apache.spark.internal.Logging        : Removing RDD 9 from persistence list
2022-07-01 11:27:29.228  INFO   57 --- [-job-executor-0] org.apache.spark.internal.Logging        : Starting job: collect at Application.java:152
2022-07-01 11:27:29.229  INFO   57 --- [-job-executor-0] org.apache.spark.internal.Logging        : Job 7 finished: collect at Application.java:152, took 0.000315 s
2022-07-01 11:27:29.248  INFO   57 --- [   JobGenerator] org.apache.spark.internal.Logging        : Removing blocks of RDD BlockRDD[9] at receiverStream at Application.java:117 of time 1656671245000 ms
2022-07-01 11:27:29.252  INFO   57 --- [   JobGenerator] org.apache.spark.internal.Logging        : Deleting batches: 1656671243000 ms
2022-07-01 11:27:29.253  INFO   57 --- [   JobGenerator] org.apache.spark.internal.Logging        : remove old batch metadata: 1656671243000 ms
2022-07-01 11:27:29.254  INFO   57 --- [   JobGenerator] org.apache.spark.internal.Logging        : Removing RDD 12 from persistence list
2022-07-01 11:27:29.261  INFO   57 --- [-thread-pool-15] org.apache.spark.internal.Logging        : Removing RDD 9
2022-07-01 11:27:29.261  INFO   57 --- [-thread-pool-13] org.apache.spark.internal.Logging        : Removing RDD 7
2022-07-01 11:27:29.272  WARN   69 --- [-job-executor-0] org.apache.spark.internal.Logging        : Using an existing SparkSession; the static sql configurations will not take effect.
2022-07-01 11:27:29.273  WARN   69 --- [-job-executor-0] org.apache.spark.internal.Logging        : Using an existing SparkSession; some spark core configurations may not take effect.
2022-07-01 11:27:29.271  INFO   57 --- [-thread-pool-16] org.apache.spark.internal.Logging        : Removing RDD 12
2022-07-01 11:27:29.269  INFO   57 --- [-thread-pool-12] org.apache.spark.internal.Logging        : Removing RDD 8
2022-07-01 11:27:29.261  INFO   57 --- [-thread-pool-14] org.apache.spark.internal.Logging        : Removing RDD 10
2022-07-01 11:27:29.269  INFO   57 --- [   JobGenerator] org.apache.spark.internal.Logging        : Removing RDD 11 from persistence list
2022-07-01 11:27:29.266  INFO   57 --- [   JobScheduler] org.apache.spark.internal.Logging        : Finished job streaming job 1656671247000 ms.0 from job set of time 1656671247000 ms
2022-07-01 11:27:29.281  INFO   57 --- [   JobScheduler] org.apache.spark.internal.Logging        : Starting job streaming job 1656671247000 ms.1 from job set of time 1656671247000 ms
2022-07-01 11:27:29.281  INFO   57 --- [   JobScheduler] org.apache.spark.internal.Logging        : Finished job streaming job 1656671247000 ms.1 from job set of time 1656671247000 ms
2022-07-01 11:27:29.282  INFO   57 --- [   JobScheduler] org.apache.spark.internal.Logging        : Total delay: 2.281 s for time 1656671247000 ms (execution: 0.098 s)
2022-07-01 11:27:29.282  INFO   57 --- [   JobScheduler] org.apache.spark.internal.Logging        : Starting job streaming job 1656671248000 ms.0 from job set of time 1656671248000 ms
2022-07-01 11:27:29.287  INFO   57 --- [   JobGenerator] org.apache.spark.internal.Logging        : Removing blocks of RDD BlockRDD[11] at receiverStream at Application.java:117 of time 1656671246000 ms
2022-07-01 11:27:29.288  INFO   57 --- [   JobGenerator] org.apache.spark.internal.Logging        : Deleting batches: 1656671244000 ms
2022-07-01 11:27:29.289  INFO   57 --- [   JobGenerator] org.apache.spark.internal.Logging        : remove old batch metadata: 1656671244000 ms
2022-07-01 11:27:29.289  INFO   57 --- [   JobGenerator] org.apache.spark.internal.Logging        : Removing RDD 14 from persistence list
2022-07-01 11:27:29.294  INFO   57 --- [   JobGenerator] org.apache.spark.internal.Logging        : Removing RDD 13 from persistence list
2022-07-01 11:27:29.298  INFO   57 --- [   JobGenerator] org.apache.spark.internal.Logging        : Removing blocks of RDD BlockRDD[13] at receiverStream at Application.java:117 of time 1656671247000 ms
2022-07-01 11:27:29.302  INFO   57 --- [   JobGenerator] org.apache.spark.internal.Logging        : Deleting batches: 1656671245000 ms
2022-07-01 11:27:29.303  INFO   57 --- [   JobGenerator] org.apache.spark.internal.Logging        : remove old batch metadata: 1656671245000 ms
2022-07-01 11:27:29.308  INFO   57 --- [-job-executor-0] org.apache.spark.internal.Logging        : Starting job: collect at Application.java:152
2022-07-01 11:27:29.312  INFO   57 --- [-job-executor-0] org.apache.spark.internal.Logging        : Job 8 finished: collect at Application.java:152, took 0.000368 s
2022-07-01 11:27:29.320  INFO   57 --- [-thread-pool-29] org.apache.spark.internal.Logging        : Removing RDD 13
2022-07-01 11:27:29.321  INFO   57 --- [-thread-pool-27] org.apache.spark.internal.Logging        : Removing RDD 11
2022-07-01 11:27:29.321  INFO   57 --- [-thread-pool-28] org.apache.spark.internal.Logging        : Removing RDD 14
2022-07-01 11:27:29.323  INFO   57 --- [   JobScheduler] org.apache.spark.internal.Logging        : Finished job streaming job 1656671248000 ms.0 from job set of time 1656671248000 ms
2022-07-01 11:27:29.324  INFO   57 --- [   JobScheduler] org.apache.spark.internal.Logging        : Starting job streaming job 1656671248000 ms.1 from job set of time 1656671248000 ms
2022-07-01 11:27:29.324  INFO   57 --- [   JobScheduler] org.apache.spark.internal.Logging        : Finished job streaming job 1656671248000 ms.1 from job set of time 1656671248000 ms
2022-07-01 11:27:29.325  INFO   57 --- [   JobScheduler] org.apache.spark.internal.Logging        : Total delay: 1.324 s for time 1656671248000 ms (execution: 0.042 s)
2022-07-01 11:27:29.326  INFO   57 --- [   JobScheduler] org.apache.spark.internal.Logging        : Starting job streaming job 1656671249000 ms.0 from job set of time 1656671249000 ms
2022-07-01 11:27:29.326  WARN   69 --- [-job-executor-0] org.apache.spark.internal.Logging        : Using an existing SparkSession; the static sql configurations will not take effect.
2022-07-01 11:27:29.327  WARN   69 --- [-job-executor-0] org.apache.spark.internal.Logging        : Using an existing SparkSession; some spark core configurations may not take effect.
2022-07-01 11:27:29.328  INFO   57 --- [   JobGenerator] org.apache.spark.internal.Logging        : Removing RDD 16 from persistence list
2022-07-01 11:27:29.331  INFO   57 --- [   JobGenerator] org.apache.spark.internal.Logging        : Removing RDD 15 from persistence list
2022-07-01 11:27:29.336  INFO   57 --- [   JobGenerator] org.apache.spark.internal.Logging        : Removing blocks of RDD BlockRDD[15] at receiverStream at Application.java:117 of time 1656671248000 ms
2022-07-01 11:27:29.337  INFO   57 --- [-job-executor-0] org.apache.spark.internal.Logging        : Starting job: collect at Application.java:152
2022-07-01 11:27:29.337  INFO   57 --- [   JobGenerator] org.apache.spark.internal.Logging        : Deleting batches: 1656671246000 ms
2022-07-01 11:27:29.338  INFO   57 --- [-job-executor-0] org.apache.spark.internal.Logging        : Job 9 finished: collect at Application.java:152, took 0.000322 s
2022-07-01 11:27:29.338  INFO   57 --- [   JobGenerator] org.apache.spark.internal.Logging        : remove old batch metadata: 1656671246000 ms
2022-07-01 11:27:29.342  INFO   57 --- [-thread-pool-36] org.apache.spark.internal.Logging        : Removing RDD 16
2022-07-01 11:27:29.341  INFO   57 --- [   JobScheduler] org.apache.spark.internal.Logging        : Finished job streaming job 1656671249000 ms.0 from job set of time 1656671249000 ms
2022-07-01 11:27:29.340  INFO   57 --- [-thread-pool-37] org.apache.spark.internal.Logging        : Removing RDD 15
2022-07-01 11:27:29.346  INFO   57 --- [   JobScheduler] org.apache.spark.internal.Logging        : Starting job streaming job 1656671249000 ms.1 from job set of time 1656671249000 ms
2022-07-01 11:27:29.346  INFO   57 --- [   JobScheduler] org.apache.spark.internal.Logging        : Finished job streaming job 1656671249000 ms.1 from job set of time 1656671249000 ms
2022-07-01 11:27:29.347  INFO   57 --- [   JobScheduler] org.apache.spark.internal.Logging        : Total delay: 0.346 s for time 1656671249000 ms (execution: 0.020 s)
2022-07-01 11:27:29.347  INFO   57 --- [   JobGenerator] org.apache.spark.internal.Logging        : Removing RDD 18 from persistence list
2022-07-01 11:27:29.349  INFO   57 --- [   JobGenerator] org.apache.spark.internal.Logging        : Removing RDD 17 from persistence list
2022-07-01 11:27:29.351  INFO   57 --- [-thread-pool-42] org.apache.spark.internal.Logging        : Removing RDD 18
2022-07-01 11:27:29.352  INFO   57 --- [   JobGenerator] org.apache.spark.internal.Logging        : Removing blocks of RDD BlockRDD[17] at receiverStream at Application.java:117 of time 1656671249000 ms
2022-07-01 11:27:29.353  INFO   57 --- [   JobGenerator] org.apache.spark.internal.Logging        : Deleting batches: 1656671247000 ms
2022-07-01 11:27:29.354  INFO   57 --- [   JobGenerator] org.apache.spark.internal.Logging        : remove old batch metadata: 1656671247000 ms
2022-07-01 11:27:29.354  INFO   57 --- [-thread-pool-45] org.apache.spark.internal.Logging        : Removing RDD 17
2022-07-01 11:27:29.609  INFO  571 --- [  NiFi Receiver] g.apache.nifi.remote.client.PeerSelector : Successfully refreshed peer status cache; remote group consists of 1 peers
2022-07-01 11:27:29.609  INFO  571 --- [ool Maintenance] g.apache.nifi.remote.client.PeerSelector : Successfully refreshed peer status cache; remote group consists of 1 peers
2022-07-01 11:27:29.842  INFO   57 --- [  NiFi Receiver] org.apache.spark.internal.Logging        : Block input-0-1656671243498 stored as values in memory (estimated size 503.2 KiB, free 897.0 MiB)
2022-07-01 11:27:29.843  INFO   57 --- [ckManagerMaster] org.apache.spark.internal.Logging        : Added input-0-1656671243498 in memory on host.docker.internal:54034 (size: 503.2 KiB, free: 897.1 MiB)
2022-07-01 11:27:30.006  INFO   57 --- [   JobGenerator] org.apache.spark.internal.Logging        : Added jobs for time 1656671250000 ms
2022-07-01 11:27:30.007  INFO   57 --- [   JobScheduler] org.apache.spark.internal.Logging        : Starting job streaming job 1656671250000 ms.0 from job set of time 1656671250000 ms
2022-07-01 11:27:30.010  WARN   69 --- [-job-executor-0] org.apache.spark.internal.Logging        : Using an existing SparkSession; the static sql configurations will not take effect.
2022-07-01 11:27:30.010  WARN   69 --- [-job-executor-0] org.apache.spark.internal.Logging        : Using an existing SparkSession; some spark core configurations may not take effect.
2022-07-01 11:27:30.020  INFO   57 --- [-job-executor-0] org.apache.spark.internal.Logging        : Starting job: collect at Application.java:152
2022-07-01 11:27:30.023  INFO   57 --- [uler-event-loop] org.apache.spark.internal.Logging        : Got job 10 (collect at Application.java:152) with 1 output partitions
2022-07-01 11:27:30.023  INFO   57 --- [uler-event-loop] org.apache.spark.internal.Logging        : Final stage: ResultStage 1 (collect at Application.java:152)
2022-07-01 11:27:30.024  INFO   57 --- [uler-event-loop] org.apache.spark.internal.Logging        : Parents of final stage: List()
2022-07-01 11:27:30.024  INFO   57 --- [uler-event-loop] org.apache.spark.internal.Logging        : Missing parents: List()
2022-07-01 11:27:30.027  INFO   57 --- [uler-event-loop] org.apache.spark.internal.Logging        : Submitting ResultStage 1 (MapPartitionsRDD[30] at map at Application.java:125), which has no missing parents
2022-07-01 11:27:30.037  INFO   57 --- [uler-event-loop] org.apache.spark.internal.Logging        : Block broadcast_1 stored as values in memory (estimated size 4.7 KiB, free 897.0 MiB)
2022-07-01 11:27:30.041  INFO   57 --- [uler-event-loop] org.apache.spark.internal.Logging        : Block broadcast_1_piece0 stored as bytes in memory (estimated size 2.6 KiB, free 897.0 MiB)
2022-07-01 11:27:30.042  INFO   57 --- [ckManagerMaster] org.apache.spark.internal.Logging        : Added broadcast_1_piece0 in memory on host.docker.internal:54034 (size: 2.6 KiB, free: 897.1 MiB)
2022-07-01 11:27:30.043  INFO   57 --- [uler-event-loop] org.apache.spark.internal.Logging        : Created broadcast 1 from broadcast at DAGScheduler.scala:1478
2022-07-01 11:27:30.044  INFO   57 --- [uler-event-loop] org.apache.spark.internal.Logging        : Submitting 1 missing tasks from ResultStage 1 (MapPartitionsRDD[30] at map at Application.java:125) (first 15 tasks are for partitions Vector(0))
2022-07-01 11:27:30.045  INFO   57 --- [uler-event-loop] org.apache.spark.internal.Logging        : Adding task set 1.0 with 1 tasks resource profile 0
2022-07-01 11:27:30.051  INFO   57 --- [er-event-loop-2] org.apache.spark.internal.Logging        : Starting task 0.0 in stage 1.0 (TID 1) (host.docker.internal, executor driver, partition 0, PROCESS_LOCAL, 4394 bytes) taskResourceAssignments Map()
2022-07-01 11:27:30.055  INFO   57 --- [age 1.0 (TID 1)] org.apache.spark.internal.Logging        : Running task 0.0 in stage 1.0 (TID 1)
2022-07-01 11:27:30.292  INFO   57 --- [age 1.0 (TID 1)] org.apache.spark.internal.Logging        : Found block input-0-1656671243498 locally
2022-07-01 11:27:30.486  INFO   57 --- [age 1.0 (TID 1)] org.apache.spark.internal.Logging        : Finished task 0.0 in stage 1.0 (TID 1). 39619 bytes result sent to driver
2022-07-01 11:27:30.539  INFO   57 --- [result-getter-0] org.apache.spark.internal.Logging        : Finished task 0.0 in stage 1.0 (TID 1) in 490 ms on host.docker.internal (executor driver) (1/1)
2022-07-01 11:27:30.544  INFO   57 --- [result-getter-0] org.apache.spark.internal.Logging        : Removed TaskSet 1.0, whose tasks have all completed, from pool 
2022-07-01 11:27:30.579  INFO   57 --- [uler-event-loop] org.apache.spark.internal.Logging        : ResultStage 1 (collect at Application.java:152) finished in 0.543 s
2022-07-01 11:27:30.586  INFO   57 --- [uler-event-loop] org.apache.spark.internal.Logging        : Job 10 is finished. Cancelling potential speculative or zombie tasks for this job
2022-07-01 11:27:30.587  INFO   57 --- [uler-event-loop] org.apache.spark.internal.Logging        : Killing all running tasks in stage 1: Stage finished
2022-07-01 11:27:30.589  INFO   57 --- [-job-executor-0] org.apache.spark.internal.Logging        : Job 10 finished: collect at Application.java:152, took 0.568845 s
2022-07-01 11:27:31.004  INFO   57 --- [   JobGenerator] org.apache.spark.internal.Logging        : Added jobs for time 1656671251000 ms
2022-07-01 11:27:31.742  INFO   57 --- [ckManagerMaster] org.apache.spark.internal.Logging        : Removed broadcast_1_piece0 on host.docker.internal:54034 in memory (size: 2.6 KiB, free: 897.1 MiB)
2022-07-01 11:27:32.003  INFO   57 --- [   JobGenerator] org.apache.spark.internal.Logging        : Added jobs for time 1656671252000 ms
2022-07-01 11:27:32.917  WARN   69 --- [ver-heartbeater] org.apache.spark.internal.Logging        : Exception when trying to compute pagesize, as a result reporting of ProcessTree metrics is stopped
2022-07-01 11:27:33.003  INFO   57 --- [   JobGenerator] org.apache.spark.internal.Logging        : Added jobs for time 1656671253000 ms
2022-07-01 11:27:34.007  INFO   57 --- [   JobGenerator] org.apache.spark.internal.Logging        : Added jobs for time 1656671254000 ms
2022-07-01 11:27:35.004  INFO   57 --- [   JobGenerator] org.apache.spark.internal.Logging        : Added jobs for time 1656671255000 ms
2022-07-01 11:27:35.522  INFO   57 --- [   JobScheduler] org.apache.spark.internal.Logging        : Finished job streaming job 1656671250000 ms.0 from job set of time 1656671250000 ms
2022-07-01 11:27:35.523  INFO   57 --- [   JobScheduler] org.apache.spark.internal.Logging        : Starting job streaming job 1656671250000 ms.1 from job set of time 1656671250000 ms
2022-07-01 11:27:35.525  ERROR   94 --- [   JobScheduler] org.apache.spark.internal.Logging        : Error running job streaming job 1656671250000 ms.0
java.lang.NullPointerException
	at org.apache.spark.sql.catalyst.InternalRow$.$anonfun$getWriter$11(InternalRow.scala:184)
	at org.apache.spark.sql.catalyst.InternalRow$.$anonfun$getWriter$11$adapted(InternalRow.scala:184)
	at org.apache.spark.sql.catalyst.expressions.InterpretedMutableProjection.$anonfun$fieldWriters$2(InterpretedMutableProjection.scala:76)
	at org.apache.spark.sql.catalyst.expressions.InterpretedMutableProjection.$anonfun$fieldWriters$2$adapted(InterpretedMutableProjection.scala:76)
	at org.apache.spark.sql.catalyst.expressions.InterpretedMutableProjection.apply(InterpretedMutableProjection.scala:103)
	at org.apache.spark.sql.catalyst.optimizer.ConvertToLocalRelation$$anonfun$apply$43.$anonfun$applyOrElse$78(Optimizer.scala:1846)
	at scala.collection.TraversableLike.$anonfun$map$1(TraversableLike.scala:286)
	at scala.collection.mutable.ResizableArray.foreach(ResizableArray.scala:62)
	at scala.collection.mutable.ResizableArray.foreach$(ResizableArray.scala:55)
	at scala.collection.mutable.ArrayBuffer.foreach(ArrayBuffer.scala:49)
	at scala.collection.TraversableLike.map(TraversableLike.scala:286)
	at scala.collection.TraversableLike.map$(TraversableLike.scala:279)
	at scala.collection.AbstractTraversable.map(Traversable.scala:108)
	at org.apache.spark.sql.catalyst.optimizer.ConvertToLocalRelation$$anonfun$apply$43.applyOrElse(Optimizer.scala:1846)
	at org.apache.spark.sql.catalyst.optimizer.ConvertToLocalRelation$$anonfun$apply$43.applyOrElse(Optimizer.scala:1841)
	at org.apache.spark.sql.catalyst.trees.TreeNode.$anonfun$transformDownWithPruning$1(TreeNode.scala:481)
	at org.apache.spark.sql.catalyst.trees.CurrentOrigin$.withOrigin(TreeNode.scala:82)
	at org.apache.spark.sql.catalyst.trees.TreeNode.transformDownWithPruning(TreeNode.scala:481)
	at org.apache.spark.sql.catalyst.plans.logical.LogicalPlan.org$apache$spark$sql$catalyst$plans$logical$AnalysisHelper$$super$transformDownWithPruning(LogicalPlan.scala:30)
	at org.apache.spark.sql.catalyst.plans.logical.AnalysisHelper.transformDownWithPruning(AnalysisHelper.scala:267)
	at org.apache.spark.sql.catalyst.plans.logical.AnalysisHelper.transformDownWithPruning$(AnalysisHelper.scala:263)
	at org.apache.spark.sql.catalyst.plans.logical.LogicalPlan.transformDownWithPruning(LogicalPlan.scala:30)
	at org.apache.spark.sql.catalyst.plans.logical.LogicalPlan.transformDownWithPruning(LogicalPlan.scala:30)
	at org.apache.spark.sql.catalyst.trees.TreeNode.$anonfun$transformDownWithPruning$3(TreeNode.scala:486)
	at org.apache.spark.sql.catalyst.trees.UnaryLike.mapChildren(TreeNode.scala:1122)
	at org.apache.spark.sql.catalyst.trees.UnaryLike.mapChildren$(TreeNode.scala:1121)
	at org.apache.spark.sql.catalyst.plans.logical.OrderPreservingUnaryNode.mapChildren(LogicalPlan.scala:206)
	at org.apache.spark.sql.catalyst.trees.TreeNode.transformDownWithPruning(TreeNode.scala:486)
	at org.apache.spark.sql.catalyst.plans.logical.LogicalPlan.org$apache$spark$sql$catalyst$plans$logical$AnalysisHelper$$super$transformDownWithPruning(LogicalPlan.scala:30)
	at org.apache.spark.sql.catalyst.plans.logical.AnalysisHelper.transformDownWithPruning(AnalysisHelper.scala:267)
	at org.apache.spark.sql.catalyst.plans.logical.AnalysisHelper.transformDownWithPruning$(AnalysisHelper.scala:263)
	at org.apache.spark.sql.catalyst.plans.logical.LogicalPlan.transformDownWithPruning(LogicalPlan.scala:30)
	at org.apache.spark.sql.catalyst.plans.logical.LogicalPlan.transformDownWithPruning(LogicalPlan.scala:30)
	at org.apache.spark.sql.catalyst.trees.TreeNode.$anonfun$transformDownWithPruning$3(TreeNode.scala:486)
	at org.apache.spark.sql.catalyst.trees.UnaryLike.mapChildren(TreeNode.scala:1122)
	at org.apache.spark.sql.catalyst.trees.UnaryLike.mapChildren$(TreeNode.scala:1121)
	at org.apache.spark.sql.catalyst.plans.logical.OrderPreservingUnaryNode.mapChildren(LogicalPlan.scala:206)
	at org.apache.spark.sql.catalyst.trees.TreeNode.transformDownWithPruning(TreeNode.scala:486)
	at org.apache.spark.sql.catalyst.plans.logical.LogicalPlan.org$apache$spark$sql$catalyst$plans$logical$AnalysisHelper$$super$transformDownWithPruning(LogicalPlan.scala:30)
	at org.apache.spark.sql.catalyst.plans.logical.AnalysisHelper.transformDownWithPruning(AnalysisHelper.scala:267)
	at org.apache.spark.sql.catalyst.plans.logical.AnalysisHelper.transformDownWithPruning$(AnalysisHelper.scala:263)
	at org.apache.spark.sql.catalyst.plans.logical.LogicalPlan.transformDownWithPruning(LogicalPlan.scala:30)
	at org.apache.spark.sql.catalyst.plans.logical.LogicalPlan.transformDownWithPruning(LogicalPlan.scala:30)
	at org.apache.spark.sql.catalyst.trees.TreeNode.transformWithPruning(TreeNode.scala:447)
	at org.apache.spark.sql.catalyst.optimizer.ConvertToLocalRelation$.apply(Optimizer.scala:1841)
	at org.apache.spark.sql.catalyst.optimizer.ConvertToLocalRelation$.apply(Optimizer.scala:1839)
	at org.apache.spark.sql.catalyst.rules.RuleExecutor.$anonfun$execute$2(RuleExecutor.scala:211)
	at scala.collection.IndexedSeqOptimized.foldLeft(IndexedSeqOptimized.scala:60)
	at scala.collection.IndexedSeqOptimized.foldLeft$(IndexedSeqOptimized.scala:68)
	at scala.collection.mutable.WrappedArray.foldLeft(WrappedArray.scala:38)
	at org.apache.spark.sql.catalyst.rules.RuleExecutor.$anonfun$execute$1(RuleExecutor.scala:208)
	at org.apache.spark.sql.catalyst.rules.RuleExecutor.$anonfun$execute$1$adapted(RuleExecutor.scala:200)
	at scala.collection.immutable.List.foreach(List.scala:431)
	at org.apache.spark.sql.catalyst.rules.RuleExecutor.execute(RuleExecutor.scala:200)
	at org.apache.spark.sql.catalyst.rules.RuleExecutor.$anonfun$executeAndTrack$1(RuleExecutor.scala:179)
	at org.apache.spark.sql.catalyst.QueryPlanningTracker$.withTracker(QueryPlanningTracker.scala:88)
	at org.apache.spark.sql.catalyst.rules.RuleExecutor.executeAndTrack(RuleExecutor.scala:179)
	at org.apache.spark.sql.execution.QueryExecution.$anonfun$optimizedPlan$1(QueryExecution.scala:138)
	at org.apache.spark.sql.catalyst.QueryPlanningTracker.measurePhase(QueryPlanningTracker.scala:111)
	at org.apache.spark.sql.execution.QueryExecution.$anonfun$executePhase$1(QueryExecution.scala:196)
	at org.apache.spark.sql.SparkSession.withActive(SparkSession.scala:775)
	at org.apache.spark.sql.execution.QueryExecution.executePhase(QueryExecution.scala:196)
	at org.apache.spark.sql.execution.QueryExecution.optimizedPlan$lzycompute(QueryExecution.scala:134)
	at org.apache.spark.sql.execution.QueryExecution.optimizedPlan(QueryExecution.scala:130)
	at org.apache.spark.sql.execution.QueryExecution.assertOptimized(QueryExecution.scala:148)
	at org.apache.spark.sql.execution.QueryExecution.$anonfun$executedPlan$1(QueryExecution.scala:166)
	at org.apache.spark.sql.execution.QueryExecution.withCteMap(QueryExecution.scala:73)
	at org.apache.spark.sql.execution.QueryExecution.executedPlan$lzycompute(QueryExecution.scala:163)
	at org.apache.spark.sql.execution.QueryExecution.executedPlan(QueryExecution.scala:163)
	at org.apache.spark.sql.execution.QueryExecution.simpleString(QueryExecution.scala:214)
	at org.apache.spark.sql.execution.QueryExecution.org$apache$spark$sql$execution$QueryExecution$$explainString(QueryExecution.scala:259)
	at org.apache.spark.sql.execution.QueryExecution.explainString(QueryExecution.scala:228)
	at org.apache.spark.sql.execution.SQLExecution$.$anonfun$withNewExecutionId$5(SQLExecution.scala:98)
	at org.apache.spark.sql.execution.SQLExecution$.withSQLConfPropagated(SQLExecution.scala:163)
	at org.apache.spark.sql.execution.SQLExecution$.$anonfun$withNewExecutionId$1(SQLExecution.scala:90)
	at org.apache.spark.sql.SparkSession.withActive(SparkSession.scala:775)
	at org.apache.spark.sql.execution.SQLExecution$.withNewExecutionId(SQLExecution.scala:64)
	at org.apache.spark.sql.Dataset.withAction(Dataset.scala:3704)
	at org.apache.spark.sql.Dataset.head(Dataset.scala:2728)
	at org.apache.spark.sql.Dataset.take(Dataset.scala:2935)
	at org.apache.spark.sql.Dataset.getRows(Dataset.scala:287)
	at org.apache.spark.sql.Dataset.showString(Dataset.scala:326)
	at org.apache.spark.sql.Dataset.show(Dataset.scala:806)
	at org.apache.spark.sql.Dataset.show(Dataset.scala:765)
	at org.apache.spark.sql.Dataset.show(Dataset.scala:774)
	at com.elite.cdr.validator.Application.lambda$main$1282d8df$1(Application.java:163)
	at org.apache.spark.streaming.api.java.JavaDStreamLike.$anonfun$foreachRDD$1(JavaDStreamLike.scala:272)
	at org.apache.spark.streaming.api.java.JavaDStreamLike.$anonfun$foreachRDD$1$adapted(JavaDStreamLike.scala:272)
	at org.apache.spark.streaming.dstream.DStream.$anonfun$foreachRDD$2(DStream.scala:629)
	at org.apache.spark.streaming.dstream.DStream.$anonfun$foreachRDD$2$adapted(DStream.scala:629)
	at org.apache.spark.streaming.dstream.ForEachDStream.$anonfun$generateJob$2(ForEachDStream.scala:51)
	at scala.runtime.java8.JFunction0$mcV$sp.apply(JFunction0$mcV$sp.java:23)
	at org.apache.spark.streaming.dstream.DStream.createRDDWithLocalProperties(DStream.scala:417)
	at org.apache.spark.streaming.dstream.ForEachDStream.$anonfun$generateJob$1(ForEachDStream.scala:51)
	at scala.runtime.java8.JFunction0$mcV$sp.apply(JFunction0$mcV$sp.java:23)
	at scala.util.Try$.apply(Try.scala:213)
	at org.apache.spark.streaming.scheduler.Job.run(Job.scala:39)
	at org.apache.spark.streaming.scheduler.JobScheduler$JobHandler.$anonfun$run$1(JobScheduler.scala:256)
	at scala.runtime.java8.JFunction0$mcV$sp.apply(JFunction0$mcV$sp.java:23)
	at scala.util.DynamicVariable.withValue(DynamicVariable.scala:62)
	at org.apache.spark.streaming.scheduler.JobScheduler$JobHandler.run(JobScheduler.scala:256)
	at java.util.concurrent.ThreadPoolExecutor.runWorker(ThreadPoolExecutor.java:1149)
	at java.util.concurrent.ThreadPoolExecutor$Worker.run(ThreadPoolExecutor.java:624)
	at java.lang.Thread.run(Thread.java:748)
2022-07-01 11:27:35.534  INFO   57 --- [-job-executor-0] org.apache.spark.internal.Logging        : Starting job: print at Application.java:248
2022-07-01 11:27:35.574  INFO   57 --- [uler-event-loop] org.apache.spark.internal.Logging        : Got job 11 (print at Application.java:248) with 1 output partitions
2022-07-01 11:27:35.575  INFO   57 --- [uler-event-loop] org.apache.spark.internal.Logging        : Final stage: ResultStage 2 (print at Application.java:248)
2022-07-01 11:27:35.575  INFO   57 --- [uler-event-loop] org.apache.spark.internal.Logging        : Parents of final stage: List()
2022-07-01 11:27:35.576  INFO   57 --- [uler-event-loop] org.apache.spark.internal.Logging        : Missing parents: List()
2022-07-01 11:27:35.579  INFO   57 --- [uler-event-loop] org.apache.spark.internal.Logging        : Submitting ResultStage 2 (MapPartitionsRDD[29] at map at Application.java:122), which has no missing parents
2022-07-01 11:27:35.587  INFO   57 --- [uler-event-loop] org.apache.spark.internal.Logging        : Block broadcast_2 stored as values in memory (estimated size 4.4 KiB, free 897.0 MiB)
2022-07-01 11:27:35.594  INFO   57 --- [uler-event-loop] org.apache.spark.internal.Logging        : Block broadcast_2_piece0 stored as bytes in memory (estimated size 2.4 KiB, free 897.0 MiB)
2022-07-01 11:27:35.596  INFO   57 --- [ckManagerMaster] org.apache.spark.internal.Logging        : Added broadcast_2_piece0 in memory on host.docker.internal:54034 (size: 2.4 KiB, free: 897.1 MiB)
2022-07-01 11:27:35.598  INFO   57 --- [uler-event-loop] org.apache.spark.internal.Logging        : Created broadcast 2 from broadcast at DAGScheduler.scala:1478
2022-07-01 11:27:35.600  INFO   57 --- [uler-event-loop] org.apache.spark.internal.Logging        : Submitting 1 missing tasks from ResultStage 2 (MapPartitionsRDD[29] at map at Application.java:122) (first 15 tasks are for partitions Vector(0))
2022-07-01 11:27:35.601  INFO   57 --- [uler-event-loop] org.apache.spark.internal.Logging        : Adding task set 2.0 with 1 tasks resource profile 0
2022-07-01 11:27:35.605  INFO   57 --- [er-event-loop-1] org.apache.spark.internal.Logging        : Starting task 0.0 in stage 2.0 (TID 2) (host.docker.internal, executor driver, partition 0, PROCESS_LOCAL, 4394 bytes) taskResourceAssignments Map()
2022-07-01 11:27:35.606  INFO   57 --- [age 2.0 (TID 2)] org.apache.spark.internal.Logging        : Running task 0.0 in stage 2.0 (TID 2)
2022-07-01 11:27:35.632  INFO   57 --- [age 2.0 (TID 2)] org.apache.spark.internal.Logging        : Found block input-0-1656671243498 locally
2022-07-01 11:27:35.664  INFO   57 --- [shutdown-hook-0] org.apache.spark.internal.Logging        : Invoking stop(stopGracefully=false) from shutdown hook
2022-07-01 11:27:35.677  INFO   57 --- [er-event-loop-3] org.apache.spark.internal.Logging        : Sent stop signal to all 1 receivers
2022-07-01 11:27:35.678  INFO   57 --- [er-event-loop-0] org.apache.spark.internal.Logging        : Received stop signal
2022-07-01 11:27:35.680  INFO   57 --- [er-event-loop-0] org.apache.spark.internal.Logging        : Stopping receiver with message: Stopped by driver: 
2022-07-01 11:27:35.692  INFO   57 --- [age 2.0 (TID 2)] org.apache.spark.internal.Logging        : Finished task 0.0 in stage 2.0 (TID 2). 39441 bytes result sent to driver
2022-07-01 11:27:35.693  INFO   57 --- [er-event-loop-0] org.apache.spark.internal.Logging        : Called receiver onStop
2022-07-01 11:27:35.695  INFO   57 --- [er-event-loop-0] org.apache.spark.internal.Logging        : Deregistering receiver 0
2022-07-01 11:27:35.700  ERROR   73 --- [er-event-loop-1] org.apache.spark.internal.Logging        : Deregistered receiver for stream 0: Stopped by driver
2022-07-01 11:27:35.703  INFO   57 --- [er-event-loop-0] org.apache.spark.internal.Logging        : Stopped receiver 0
2022-07-01 11:27:35.705  INFO   57 --- [er-event-loop-0] org.apache.spark.internal.Logging        : Stopping BlockGenerator
2022-07-01 11:27:35.713  INFO   57 --- [result-getter-1] org.apache.spark.internal.Logging        : Finished task 0.0 in stage 2.0 (TID 2) in 108 ms on host.docker.internal (executor driver) (1/1)
2022-07-01 11:27:35.713  INFO   57 --- [result-getter-1] org.apache.spark.internal.Logging        : Removed TaskSet 2.0, whose tasks have all completed, from pool 
2022-07-01 11:27:35.714  INFO   57 --- [uler-event-loop] org.apache.spark.internal.Logging        : ResultStage 2 (print at Application.java:248) finished in 0.130 s
2022-07-01 11:27:35.715  INFO   57 --- [uler-event-loop] org.apache.spark.internal.Logging        : Job 11 is finished. Cancelling potential speculative or zombie tasks for this job
2022-07-01 11:27:35.715  INFO   57 --- [uler-event-loop] org.apache.spark.internal.Logging        : Killing all running tasks in stage 2: Stage finished
2022-07-01 11:27:35.716  INFO   57 --- [-job-executor-0] org.apache.spark.internal.Logging        : Job 11 finished: print at Application.java:248, took 0.160558 s
2022-07-01 11:27:35.720  INFO   57 --- [   JobScheduler] org.apache.spark.internal.Logging        : Finished job streaming job 1656671250000 ms.1 from job set of time 1656671250000 ms
2022-07-01 11:27:35.723  WARN   69 --- [-job-executor-0] org.apache.spark.internal.Logging        : Using an existing SparkSession; the static sql configurations will not take effect.
2022-07-01 11:27:35.723  WARN   69 --- [-job-executor-0] org.apache.spark.internal.Logging        : Using an existing SparkSession; some spark core configurations may not take effect.
2022-07-01 11:27:35.725  INFO   57 --- [   JobScheduler] org.apache.spark.internal.Logging        : Total delay: 5.720 s for time 1656671250000 ms (execution: 5.713 s)
2022-07-01 11:27:35.726  INFO   57 --- [   JobScheduler] org.apache.spark.internal.Logging        : Starting job streaming job 1656671251000 ms.0 from job set of time 1656671251000 ms
2022-07-01 11:27:35.750  INFO   57 --- [-job-executor-0] org.apache.spark.internal.Logging        : Starting job: collect at Application.java:152
2022-07-01 11:27:35.751  INFO   57 --- [-job-executor-0] org.apache.spark.internal.Logging        : Job 12 finished: collect at Application.java:152, took 0.000300 s
2022-07-01 11:27:35.755  WARN   69 --- [-job-executor-0] org.apache.spark.internal.Logging        : Using an existing SparkSession; the static sql configurations will not take effect.
2022-07-01 11:27:35.756  WARN   69 --- [-job-executor-0] org.apache.spark.internal.Logging        : Using an existing SparkSession; some spark core configurations may not take effect.
2022-07-01 11:27:35.757  INFO   57 --- [   JobScheduler] org.apache.spark.internal.Logging        : Finished job streaming job 1656671251000 ms.0 from job set of time 1656671251000 ms
2022-07-01 11:27:35.757  INFO   57 --- [   JobScheduler] org.apache.spark.internal.Logging        : Starting job streaming job 1656671251000 ms.1 from job set of time 1656671251000 ms
2022-07-01 11:27:35.776  INFO   57 --- [   JobScheduler] org.apache.spark.internal.Logging        : Finished job streaming job 1656671251000 ms.1 from job set of time 1656671251000 ms
2022-07-01 11:27:35.777  INFO   57 --- [   JobScheduler] org.apache.spark.internal.Logging        : Total delay: 4.776 s for time 1656671251000 ms (execution: 0.051 s)
2022-07-01 11:27:35.778  INFO   57 --- [   JobScheduler] org.apache.spark.internal.Logging        : Starting job streaming job 1656671252000 ms.0 from job set of time 1656671252000 ms
2022-07-01 11:27:35.799  INFO   57 --- [   JobGenerator] org.apache.spark.internal.Logging        : Removing RDD 20 from persistence list
2022-07-01 11:27:35.807  INFO   57 --- [-thread-pool-51] org.apache.spark.internal.Logging        : Removing RDD 20
2022-07-01 11:27:35.809  INFO   57 --- [-job-executor-0] org.apache.spark.internal.Logging        : Starting job: collect at Application.java:152
2022-07-01 11:27:35.812  INFO   57 --- [-job-executor-0] org.apache.spark.internal.Logging        : Job 13 finished: collect at Application.java:152, took 0.000326 s
2022-07-01 11:27:35.810  INFO   57 --- [   JobGenerator] org.apache.spark.internal.Logging        : Removing RDD 19 from persistence list
2022-07-01 11:27:35.822  WARN   69 --- [-job-executor-0] org.apache.spark.internal.Logging        : Using an existing SparkSession; the static sql configurations will not take effect.
2022-07-01 11:27:35.822  WARN   69 --- [-job-executor-0] org.apache.spark.internal.Logging        : Using an existing SparkSession; some spark core configurations may not take effect.
2022-07-01 11:27:35.829  INFO   57 --- [   JobGenerator] org.apache.spark.internal.Logging        : Removing blocks of RDD BlockRDD[19] at receiverStream at Application.java:117 of time 1656671250000 ms
2022-07-01 11:27:35.838  INFO   57 --- [   JobGenerator] org.apache.spark.internal.Logging        : Deleting batches: 1656671248000 ms
2022-07-01 11:27:35.838  INFO   57 --- [   JobGenerator] org.apache.spark.internal.Logging        : remove old batch metadata: 1656671248000 ms
2022-07-01 11:27:35.839  INFO   57 --- [   JobScheduler] org.apache.spark.internal.Logging        : Finished job streaming job 1656671252000 ms.0 from job set of time 1656671252000 ms
2022-07-01 11:27:35.839  INFO   57 --- [   JobScheduler] org.apache.spark.internal.Logging        : Starting job streaming job 1656671252000 ms.1 from job set of time 1656671252000 ms
2022-07-01 11:27:35.839  INFO   57 --- [   JobScheduler] org.apache.spark.internal.Logging        : Finished job streaming job 1656671252000 ms.1 from job set of time 1656671252000 ms
2022-07-01 11:27:35.840  INFO   57 --- [   JobGenerator] org.apache.spark.internal.Logging        : Removing RDD 29 from persistence list
2022-07-01 11:27:35.841  INFO   57 --- [   JobScheduler] org.apache.spark.internal.Logging        : Total delay: 3.839 s for time 1656671252000 ms (execution: 0.061 s)
2022-07-01 11:27:35.843  INFO   57 --- [   JobScheduler] org.apache.spark.internal.Logging        : Starting job streaming job 1656671253000 ms.0 from job set of time 1656671253000 ms
2022-07-01 11:27:35.837  INFO   57 --- [-job-executor-0] org.apache.spark.internal.Logging        : Starting job: collect at Application.java:152
2022-07-01 11:27:35.850  INFO   57 --- [-job-executor-0] org.apache.spark.internal.Logging        : Job 14 finished: collect at Application.java:152, took 0.004356 s
2022-07-01 11:27:35.868  INFO   57 --- [-thread-pool-55] org.apache.spark.internal.Logging        : Removing RDD 19
2022-07-01 11:27:35.871  INFO   57 --- [-thread-pool-56] org.apache.spark.internal.Logging        : Removing RDD 29
2022-07-01 11:27:35.869  INFO   57 --- [   JobGenerator] org.apache.spark.internal.Logging        : Removing RDD 28 from persistence list
2022-07-01 11:27:35.870  INFO   57 --- [   JobScheduler] org.apache.spark.internal.Logging        : Finished job streaming job 1656671253000 ms.0 from job set of time 1656671253000 ms
2022-07-01 11:27:35.883  INFO   57 --- [   JobScheduler] org.apache.spark.internal.Logging        : Starting job streaming job 1656671253000 ms.1 from job set of time 1656671253000 ms
2022-07-01 11:27:35.884  INFO   57 --- [   JobScheduler] org.apache.spark.internal.Logging        : Finished job streaming job 1656671253000 ms.1 from job set of time 1656671253000 ms
2022-07-01 11:27:35.884  INFO   57 --- [   JobScheduler] org.apache.spark.internal.Logging        : Total delay: 2.884 s for time 1656671253000 ms (execution: 0.042 s)
2022-07-01 11:27:35.885  INFO   57 --- [   JobScheduler] org.apache.spark.internal.Logging        : Starting job streaming job 1656671254000 ms.0 from job set of time 1656671254000 ms
2022-07-01 11:27:35.869  WARN   69 --- [-job-executor-0] org.apache.spark.internal.Logging        : Using an existing SparkSession; the static sql configurations will not take effect.
2022-07-01 11:27:35.885  WARN   69 --- [-job-executor-0] org.apache.spark.internal.Logging        : Using an existing SparkSession; some spark core configurations may not take effect.
2022-07-01 11:27:35.872  INFO   57 --- [ckManagerMaster] org.apache.spark.internal.Logging        : Removed broadcast_2_piece0 on host.docker.internal:54034 in memory (size: 2.4 KiB, free: 897.1 MiB)
2022-07-01 11:27:35.933  INFO   57 --- [   JobGenerator] org.apache.spark.internal.Logging        : Removing blocks of RDD BlockRDD[28] at receiverStream at Application.java:117 of time 1656671251000 ms
2022-07-01 11:27:35.937  INFO   57 --- [   JobGenerator] org.apache.spark.internal.Logging        : Deleting batches: 1656671249000 ms
2022-07-01 11:27:35.937  INFO   57 --- [   JobGenerator] org.apache.spark.internal.Logging        : remove old batch metadata: 1656671249000 ms
2022-07-01 11:27:35.945  INFO   57 --- [   JobGenerator] org.apache.spark.internal.Logging        : Removing RDD 32 from persistence list
2022-07-01 11:27:35.953  INFO   57 --- [   JobGenerator] org.apache.spark.internal.Logging        : Removing RDD 31 from persistence list
2022-07-01 11:27:35.962  INFO   57 --- [   JobGenerator] org.apache.spark.internal.Logging        : Removing blocks of RDD BlockRDD[31] at receiverStream at Application.java:117 of time 1656671252000 ms
2022-07-01 11:27:35.965  INFO   57 --- [   JobGenerator] org.apache.spark.internal.Logging        : Deleting batches: 1656671250000 ms
2022-07-01 11:27:35.965  INFO   57 --- [   JobGenerator] org.apache.spark.internal.Logging        : remove old batch metadata: 1656671250000 ms
2022-07-01 11:27:35.966  INFO   57 --- [   JobGenerator] org.apache.spark.internal.Logging        : Removing RDD 34 from persistence list
2022-07-01 11:27:35.969  INFO   57 --- [   JobGenerator] org.apache.spark.internal.Logging        : Removing RDD 33 from persistence list
2022-07-01 11:27:35.976  INFO   57 --- [   JobGenerator] org.apache.spark.internal.Logging        : Removing blocks of RDD BlockRDD[33] at receiverStream at Application.java:117 of time 1656671253000 ms
2022-07-01 11:27:35.978  INFO   57 --- [   JobGenerator] org.apache.spark.internal.Logging        : Deleting batches: 1656671251000 ms
2022-07-01 11:27:35.978  INFO   57 --- [   JobGenerator] org.apache.spark.internal.Logging        : remove old batch metadata: 1656671251000 ms
2022-07-01 11:27:35.907  INFO   57 --- [-job-executor-0] org.apache.spark.internal.Logging        : Starting job: collect at Application.java:152
2022-07-01 11:27:35.991  INFO   57 --- [-thread-pool-68] org.apache.spark.internal.Logging        : Removing RDD 33
2022-07-01 11:27:35.993  INFO   57 --- [-thread-pool-67] org.apache.spark.internal.Logging        : Removing RDD 34
2022-07-01 11:27:35.993  INFO   57 --- [-job-executor-0] org.apache.spark.internal.Logging        : Job 15 finished: collect at Application.java:152, took 0.012918 s
2022-07-01 11:27:35.992  INFO   57 --- [-thread-pool-63] org.apache.spark.internal.Logging        : Removing RDD 28
2022-07-01 11:27:35.992  INFO   57 --- [-thread-pool-65] org.apache.spark.internal.Logging        : Removing RDD 32
2022-07-01 11:27:36.007  INFO   57 --- [ckManagerMaster] org.apache.spark.internal.Logging        : Removed input-0-1656671243498 on host.docker.internal:54034 in memory (size: 503.2 KiB, free: 897.6 MiB)
2022-07-01 11:27:35.992  INFO   57 --- [-thread-pool-66] org.apache.spark.internal.Logging        : Removing RDD 31
2022-07-01 11:27:36.007  INFO   57 --- [   JobScheduler] org.apache.spark.internal.Logging        : Finished job streaming job 1656671254000 ms.0 from job set of time 1656671254000 ms
2022-07-01 11:27:36.011  INFO   57 --- [   JobScheduler] org.apache.spark.internal.Logging        : Starting job streaming job 1656671254000 ms.1 from job set of time 1656671254000 ms
2022-07-01 11:27:36.012  INFO   57 --- [   JobScheduler] org.apache.spark.internal.Logging        : Finished job streaming job 1656671254000 ms.1 from job set of time 1656671254000 ms
2022-07-01 11:27:36.012  INFO   57 --- [   JobScheduler] org.apache.spark.internal.Logging        : Total delay: 2.012 s for time 1656671254000 ms (execution: 0.127 s)
2022-07-01 11:27:36.013  INFO   57 --- [   JobScheduler] org.apache.spark.internal.Logging        : Starting job streaming job 1656671255000 ms.0 from job set of time 1656671255000 ms
2022-07-01 11:27:36.012  WARN   69 --- [-job-executor-0] org.apache.spark.internal.Logging        : Using an existing SparkSession; the static sql configurations will not take effect.
2022-07-01 11:27:36.013  WARN   69 --- [-job-executor-0] org.apache.spark.internal.Logging        : Using an existing SparkSession; some spark core configurations may not take effect.
2022-07-01 11:27:36.013  INFO   57 --- [er-event-loop-0] org.apache.spark.internal.Logging        : Stopped timer for BlockGenerator after time 1656671256000
2022-07-01 11:27:36.017  INFO   57 --- [er-event-loop-0] org.apache.spark.internal.Logging        : Waiting for block pushing thread to terminate
2022-07-01 11:27:36.014  INFO   57 --- [   JobGenerator] org.apache.spark.internal.Logging        : Removing RDD 36 from persistence list
2022-07-01 11:27:36.020  INFO   57 --- [   JobGenerator] org.apache.spark.internal.Logging        : Removing RDD 35 from persistence list
2022-07-01 11:27:36.022  INFO   57 --- [   JobGenerator] org.apache.spark.internal.Logging        : Removing blocks of RDD BlockRDD[35] at receiverStream at Application.java:117 of time 1656671254000 ms
2022-07-01 11:27:36.024  INFO   57 --- [   JobGenerator] org.apache.spark.internal.Logging        : Deleting batches: 1656671252000 ms
2022-07-01 11:27:36.025  INFO   57 --- [      Thread-14] org.apache.spark.internal.Logging        : Pushing out the last 0 blocks
2022-07-01 11:27:36.026  INFO   57 --- [      Thread-14] org.apache.spark.internal.Logging        : Stopped block pushing thread
2022-07-01 11:27:36.023  INFO   57 --- [-job-executor-0] org.apache.spark.internal.Logging        : Starting job: collect at Application.java:152
2022-07-01 11:27:36.026  INFO   57 --- [   JobGenerator] org.apache.spark.internal.Logging        : remove old batch metadata: 1656671252000 ms
2022-07-01 11:27:36.029  INFO   57 --- [-thread-pool-82] org.apache.spark.internal.Logging        : Removing RDD 35
2022-07-01 11:27:36.030  INFO   57 --- [er-event-loop-0] org.apache.spark.internal.Logging        : Stopped BlockGenerator
2022-07-01 11:27:36.027  INFO   57 --- [-job-executor-0] org.apache.spark.internal.Logging        : Job 16 finished: collect at Application.java:152, took 0.000306 s
2022-07-01 11:27:36.035  INFO   57 --- [age 0.0 (TID 0)] org.apache.spark.internal.Logging        : Stopped receiver without error
2022-07-01 11:27:36.036  INFO   57 --- [   JobGenerator] org.apache.spark.internal.Logging        : Added jobs for time 1656671256000 ms
2022-07-01 11:27:36.029  INFO   57 --- [-thread-pool-81] org.apache.spark.internal.Logging        : Removing RDD 36
2022-07-01 11:27:36.039  INFO   57 --- [   JobScheduler] org.apache.spark.internal.Logging        : Finished job streaming job 1656671255000 ms.0 from job set of time 1656671255000 ms
2022-07-01 11:27:36.039  INFO   57 --- [   JobScheduler] org.apache.spark.internal.Logging        : Starting job streaming job 1656671255000 ms.1 from job set of time 1656671255000 ms
2022-07-01 11:27:36.041  INFO   57 --- [   JobScheduler] org.apache.spark.internal.Logging        : Finished job streaming job 1656671255000 ms.1 from job set of time 1656671255000 ms
2022-07-01 11:27:36.042  INFO   57 --- [   JobScheduler] org.apache.spark.internal.Logging        : Total delay: 1.040 s for time 1656671255000 ms (execution: 0.028 s)
2022-07-01 11:27:36.042  INFO   57 --- [   JobScheduler] org.apache.spark.internal.Logging        : Starting job streaming job 1656671256000 ms.0 from job set of time 1656671256000 ms
2022-07-01 11:27:36.044  INFO   57 --- [age 0.0 (TID 0)] org.apache.spark.internal.Logging        : Finished task 0.0 in stage 0.0 (TID 0). 880 bytes result sent to driver
2022-07-01 11:27:36.047  INFO   57 --- [   JobGenerator] org.apache.spark.internal.Logging        : Removing RDD 38 from persistence list
2022-07-01 11:27:36.050  WARN   69 --- [-job-executor-0] org.apache.spark.internal.Logging        : Using an existing SparkSession; the static sql configurations will not take effect.
2022-07-01 11:27:36.050  WARN   69 --- [-job-executor-0] org.apache.spark.internal.Logging        : Using an existing SparkSession; some spark core configurations may not take effect.
2022-07-01 11:27:36.115  INFO   57 --- [-job-executor-0] org.apache.spark.internal.Logging        : Starting job: collect at Application.java:152
2022-07-01 11:27:36.131  INFO   57 --- [-job-executor-0] org.apache.spark.internal.Logging        : Job 17 finished: collect at Application.java:152, took 0.000258 s
2022-07-01 11:27:36.141  INFO   57 --- [result-getter-2] org.apache.spark.internal.Logging        : Finished task 0.0 in stage 0.0 (TID 0) in 13375 ms on host.docker.internal (executor driver) (1/1)
2022-07-01 11:27:36.141  INFO   57 --- [result-getter-2] org.apache.spark.internal.Logging        : Removed TaskSet 0.0, whose tasks have all completed, from pool 
2022-07-01 11:27:36.141  INFO   57 --- [   JobScheduler] org.apache.spark.internal.Logging        : Finished job streaming job 1656671256000 ms.0 from job set of time 1656671256000 ms
2022-07-01 11:27:36.141  INFO   57 --- [   JobScheduler] org.apache.spark.internal.Logging        : Starting job streaming job 1656671256000 ms.1 from job set of time 1656671256000 ms
2022-07-01 11:27:36.141  INFO   57 --- [   JobScheduler] org.apache.spark.internal.Logging        : Finished job streaming job 1656671256000 ms.1 from job set of time 1656671256000 ms
2022-07-01 11:27:36.141  INFO   57 --- [uler-event-loop] org.apache.spark.internal.Logging        : ResultStage 0 (start at Application.java:251) finished in 14.747 s
2022-07-01 11:27:36.141  INFO   57 --- [uler-event-loop] org.apache.spark.internal.Logging        : Job 0 is finished. Cancelling potential speculative or zombie tasks for this job
2022-07-01 11:27:36.141  INFO   57 --- [uler-event-loop] org.apache.spark.internal.Logging        : Killing all running tasks in stage 0: Stage finished
2022-07-01 11:27:36.141  INFO   57 --- [   JobScheduler] org.apache.spark.internal.Logging        : Total delay: 0.141 s for time 1656671256000 ms (execution: 0.099 s)
2022-07-01 11:27:36.155  INFO   57 --- [   JobGenerator] org.apache.spark.internal.Logging        : Removing RDD 37 from persistence list
2022-07-01 11:27:36.161  INFO   57 --- [   JobGenerator] org.apache.spark.internal.Logging        : Removing blocks of RDD BlockRDD[37] at receiverStream at Application.java:117 of time 1656671255000 ms
2022-07-01 11:27:36.162  INFO   57 --- [   JobGenerator] org.apache.spark.internal.Logging        : Deleting batches: 1656671253000 ms
2022-07-01 11:27:36.163  INFO   57 --- [   JobGenerator] org.apache.spark.internal.Logging        : remove old batch metadata: 1656671253000 ms
2022-07-01 11:27:36.163  INFO   57 --- [   JobGenerator] org.apache.spark.internal.Logging        : Removing RDD 40 from persistence list
2022-07-01 11:27:36.166  INFO   57 --- [shutdown-hook-0] org.apache.spark.internal.Logging        : All of the receivers have deregistered successfully
2022-07-01 11:27:36.167  INFO   57 --- [shutdown-hook-0] org.apache.spark.internal.Logging        : ReceiverTracker stopped
2022-07-01 11:27:36.206  INFO   57 --- [-thread-pool-88] org.apache.spark.internal.Logging        : Removing RDD 37
2022-07-01 11:27:36.219  INFO   57 --- [-thread-pool-87] org.apache.spark.internal.Logging        : Removing RDD 38
2022-07-01 11:27:36.228  INFO   57 --- [   JobGenerator] org.apache.spark.internal.Logging        : Removing RDD 39 from persistence list
2022-07-01 11:27:36.210  INFO   57 --- [shutdown-hook-0] org.apache.spark.internal.Logging        : Stopping JobGenerator immediately
2022-07-01 11:27:36.231  INFO   57 --- [-thread-pool-93] org.apache.spark.internal.Logging        : Removing RDD 40
2022-07-01 11:27:36.231  INFO   57 --- [   JobGenerator] org.apache.spark.internal.Logging        : Removing blocks of RDD BlockRDD[39] at receiverStream at Application.java:117 of time 1656671256000 ms
2022-07-01 11:27:36.231  INFO   57 --- [   JobGenerator] org.apache.spark.internal.Logging        : Deleting batches: 1656671254000 ms
2022-07-01 11:27:36.231  INFO   57 --- [   JobGenerator] org.apache.spark.internal.Logging        : remove old batch metadata: 1656671254000 ms
2022-07-01 11:27:36.231  INFO   57 --- [shutdown-hook-0] org.apache.spark.internal.Logging        : Stopped timer for JobGenerator after time 1656671256000
2022-07-01 11:27:36.262  INFO   57 --- [-thread-pool-96] org.apache.spark.internal.Logging        : Removing RDD 39
2022-07-01 11:27:36.262  INFO   57 --- [shutdown-hook-0] org.apache.spark.internal.Logging        : Stopped JobGenerator
2022-07-01 11:27:36.277  INFO   57 --- [shutdown-hook-0] org.apache.spark.internal.Logging        : Stopped JobScheduler
2022-07-01 11:27:36.324  INFO 1153 --- [shutdown-hook-0] ject.jetty.server.handler.ContextHandler : Stopped o.s.j.s.ServletContextHandler@43034809{/streaming,null,STOPPED,@Spark}
2022-07-01 11:27:36.324  INFO 1153 --- [shutdown-hook-0] ject.jetty.server.handler.ContextHandler : Stopped o.s.j.s.ServletContextHandler@77010a30{/streaming/json,null,STOPPED,@Spark}
2022-07-01 11:27:36.324  INFO 1153 --- [shutdown-hook-0] ject.jetty.server.handler.ContextHandler : Stopped o.s.j.s.ServletContextHandler@2ca5f1ed{/streaming/batch,null,STOPPED,@Spark}
2022-07-01 11:27:36.324  INFO 1153 --- [shutdown-hook-0] ject.jetty.server.handler.ContextHandler : Stopped o.s.j.s.ServletContextHandler@28348c6{/streaming/batch/json,null,STOPPED,@Spark}
2022-07-01 11:27:36.324  INFO 1153 --- [shutdown-hook-0] ject.jetty.server.handler.ContextHandler : Stopped o.s.j.s.ServletContextHandler@53c68ce{/static/streaming,null,STOPPED,@Spark}
2022-07-01 11:27:36.324  INFO   57 --- [shutdown-hook-0] org.apache.spark.internal.Logging        : StreamingContext stopped successfully
2022-07-01 11:27:36.324  INFO   57 --- [shutdown-hook-0] org.apache.spark.internal.Logging        : Invoking stop() from shutdown hook
2022-07-01 11:27:36.387  INFO  381 --- [shutdown-hook-0] rkproject.jetty.server.AbstractConnector : Stopped Spark@30ed9c6c{HTTP/1.1, (http/1.1)}{0.0.0.0:4040}
2022-07-01 11:27:36.387  INFO   57 --- [shutdown-hook-0] org.apache.spark.internal.Logging        : Stopped Spark web UI at http://host.docker.internal:4040
2022-07-01 11:27:36.481  INFO   57 --- [er-event-loop-1] org.apache.spark.internal.Logging        : MapOutputTrackerMasterEndpoint stopped!
2022-07-01 11:27:36.543  INFO   57 --- [shutdown-hook-0] org.apache.spark.internal.Logging        : MemoryStore cleared
2022-07-01 11:27:36.543  INFO   57 --- [shutdown-hook-0] org.apache.spark.internal.Logging        : BlockManager stopped
2022-07-01 11:27:36.559  INFO   57 --- [shutdown-hook-0] org.apache.spark.internal.Logging        : BlockManagerMaster stopped
2022-07-01 11:27:36.574  INFO   57 --- [er-event-loop-2] org.apache.spark.internal.Logging        : OutputCommitCoordinator stopped!
2022-07-01 11:27:36.590  INFO   57 --- [shutdown-hook-0] org.apache.spark.internal.Logging        : Successfully stopped SparkContext
2022-07-01 11:27:36.590  INFO   57 --- [shutdown-hook-0] org.apache.spark.internal.Logging        : Shutdown hook called
2022-07-01 11:27:36.590  INFO   57 --- [shutdown-hook-0] org.apache.spark.internal.Logging        : Deleting directory C:\Users\Wael Hamdi\AppData\Local\Temp\spark-2dd43006-277d-43a8-9fa3-c0619b78bbfa
