2022-07-20 14:48:28.264  INFO   47 --- [           main] com.elite.cdr.validator.Application      : Starting ASN1 Reader 
2022-07-20 14:48:28.280  INFO   49 --- [           main] com.elite.cdr.validator.Application      : ############### Run with the args [--env, local, --file, C:\IntelliJProjects\FraudDetectionSpark3\src\main\resources\data\simpleTypes.ber, --prop, C:\IntelliJProjects\NifiSparkStreaming\src\main\resources\myapp.properties]
2022-07-20 14:48:28.389  INFO   55 --- [           main] com.elite.cdr.validator.Application      : ############### Run in local mode
2022-07-20 14:48:29.533  INFO   57 --- [           main] org.apache.spark.internal.Logging        : Running Spark version 3.2.1
2022-07-20 14:48:29.799  INFO   57 --- [           main] org.apache.spark.internal.Logging        : ==============================================================
2022-07-20 14:48:29.799  INFO   57 --- [           main] org.apache.spark.internal.Logging        : No custom resources configured for spark.driver.
2022-07-20 14:48:29.799  INFO   57 --- [           main] org.apache.spark.internal.Logging        : ==============================================================
2022-07-20 14:48:29.799  INFO   57 --- [           main] org.apache.spark.internal.Logging        : Submitted application: NiFi Spark Streaming example
2022-07-20 14:48:29.845  INFO   57 --- [           main] org.apache.spark.internal.Logging        : Default ResourceProfile created, executor resources: Map(cores -> name: cores, amount: 1, script: , vendor: , memory -> name: memory, amount: 1024, script: , vendor: , offHeap -> name: offHeap, amount: 0, script: , vendor: ), task resources: Map(cpus -> name: cpus, amount: 1.0)
2022-07-20 14:48:29.861  INFO   57 --- [           main] org.apache.spark.internal.Logging        : Limiting resource is cpu
2022-07-20 14:48:29.861  INFO   57 --- [           main] org.apache.spark.internal.Logging        : Added ResourceProfile id: 0
2022-07-20 14:48:29.970  INFO   57 --- [           main] org.apache.spark.internal.Logging        : Changing view acls to: Wael Hamdi
2022-07-20 14:48:29.970  INFO   57 --- [           main] org.apache.spark.internal.Logging        : Changing modify acls to: Wael Hamdi
2022-07-20 14:48:29.970  INFO   57 --- [           main] org.apache.spark.internal.Logging        : Changing view acls groups to: 
2022-07-20 14:48:29.970  INFO   57 --- [           main] org.apache.spark.internal.Logging        : Changing modify acls groups to: 
2022-07-20 14:48:29.986  INFO   57 --- [           main] org.apache.spark.internal.Logging        : SecurityManager: authentication disabled; ui acls disabled; users  with view permissions: Set(Wael Hamdi); groups with view permissions: Set(); users  with modify permissions: Set(Wael Hamdi); groups with modify permissions: Set()
2022-07-20 14:48:32.525  INFO   57 --- [           main] org.apache.spark.internal.Logging        : Successfully started service 'sparkDriver' on port 58146.
2022-07-20 14:48:32.571  INFO   57 --- [           main] org.apache.spark.internal.Logging        : Registering MapOutputTracker
2022-07-20 14:48:32.634  INFO   57 --- [           main] org.apache.spark.internal.Logging        : Registering BlockManagerMaster
2022-07-20 14:48:32.681  INFO   57 --- [           main] org.apache.spark.internal.Logging        : Using org.apache.spark.storage.DefaultTopologyMapper for getting topology information
2022-07-20 14:48:32.681  INFO   57 --- [           main] org.apache.spark.internal.Logging        : BlockManagerMasterEndpoint up
2022-07-20 14:48:32.681  INFO   57 --- [           main] org.apache.spark.internal.Logging        : Registering BlockManagerMasterHeartbeat
2022-07-20 14:48:32.743  INFO   57 --- [           main] org.apache.spark.internal.Logging        : Created local directory at C:\Users\Wael Hamdi\AppData\Local\Temp\blockmgr-21ec1c01-ee71-415d-b52f-0428a793ff09
2022-07-20 14:48:32.790  INFO   57 --- [           main] org.apache.spark.internal.Logging        : MemoryStore started with capacity 897.6 MiB
2022-07-20 14:48:32.821  INFO   57 --- [           main] org.apache.spark.internal.Logging        : Registering OutputCommitCoordinator
2022-07-20 14:48:32.978  INFO  170 --- [           main] org.sparkproject.jetty.util.log.Log      : Logging initialized @5777ms to org.sparkproject.jetty.util.log.Slf4jLog
2022-07-20 14:48:33.103  INFO  375 --- [           main] org.sparkproject.jetty.server.Server     : jetty-9.4.43.v20210629; built: 2021-06-30T11:07:22.254Z; git: 526006ecfa3af7f1a27ef3a288e2bef7ea9dd7e8; jvm 1.8.0_301-b09
2022-07-20 14:48:33.134  INFO  415 --- [           main] org.sparkproject.jetty.server.Server     : Started @5932ms
2022-07-20 14:48:33.181  INFO  331 --- [           main] rkproject.jetty.server.AbstractConnector : Started ServerConnector@7caa550{HTTP/1.1, (http/1.1)}{0.0.0.0:4040}
2022-07-20 14:48:33.181  INFO   57 --- [           main] org.apache.spark.internal.Logging        : Successfully started service 'SparkUI' on port 4040.
2022-07-20 14:48:33.212  INFO  915 --- [           main] ject.jetty.server.handler.ContextHandler : Started o.s.j.s.ServletContextHandler@a50b09c{/jobs,null,AVAILABLE,@Spark}
2022-07-20 14:48:33.212  INFO  915 --- [           main] ject.jetty.server.handler.ContextHandler : Started o.s.j.s.ServletContextHandler@4eeea57d{/jobs/json,null,AVAILABLE,@Spark}
2022-07-20 14:48:33.212  INFO  915 --- [           main] ject.jetty.server.handler.ContextHandler : Started o.s.j.s.ServletContextHandler@e24ddd0{/jobs/job,null,AVAILABLE,@Spark}
2022-07-20 14:48:33.212  INFO  915 --- [           main] ject.jetty.server.handler.ContextHandler : Started o.s.j.s.ServletContextHandler@5aabbb29{/jobs/job/json,null,AVAILABLE,@Spark}
2022-07-20 14:48:33.228  INFO  915 --- [           main] ject.jetty.server.handler.ContextHandler : Started o.s.j.s.ServletContextHandler@1ac85b0c{/stages,null,AVAILABLE,@Spark}
2022-07-20 14:48:33.228  INFO  915 --- [           main] ject.jetty.server.handler.ContextHandler : Started o.s.j.s.ServletContextHandler@3aa3193a{/stages/json,null,AVAILABLE,@Spark}
2022-07-20 14:48:33.228  INFO  915 --- [           main] ject.jetty.server.handler.ContextHandler : Started o.s.j.s.ServletContextHandler@59a67c3a{/stages/stage,null,AVAILABLE,@Spark}
2022-07-20 14:48:33.228  INFO  915 --- [           main] ject.jetty.server.handler.ContextHandler : Started o.s.j.s.ServletContextHandler@6bc248ed{/stages/stage/json,null,AVAILABLE,@Spark}
2022-07-20 14:48:33.228  INFO  915 --- [           main] ject.jetty.server.handler.ContextHandler : Started o.s.j.s.ServletContextHandler@ca27722{/stages/pool,null,AVAILABLE,@Spark}
2022-07-20 14:48:33.228  INFO  915 --- [           main] ject.jetty.server.handler.ContextHandler : Started o.s.j.s.ServletContextHandler@9573b3b{/stages/pool/json,null,AVAILABLE,@Spark}
2022-07-20 14:48:33.228  INFO  915 --- [           main] ject.jetty.server.handler.ContextHandler : Started o.s.j.s.ServletContextHandler@78461bc4{/storage,null,AVAILABLE,@Spark}
2022-07-20 14:48:33.228  INFO  915 --- [           main] ject.jetty.server.handler.ContextHandler : Started o.s.j.s.ServletContextHandler@64f857e7{/storage/json,null,AVAILABLE,@Spark}
2022-07-20 14:48:33.228  INFO  915 --- [           main] ject.jetty.server.handler.ContextHandler : Started o.s.j.s.ServletContextHandler@58c540cf{/storage/rdd,null,AVAILABLE,@Spark}
2022-07-20 14:48:33.228  INFO  915 --- [           main] ject.jetty.server.handler.ContextHandler : Started o.s.j.s.ServletContextHandler@1b822fcc{/storage/rdd/json,null,AVAILABLE,@Spark}
2022-07-20 14:48:33.228  INFO  915 --- [           main] ject.jetty.server.handler.ContextHandler : Started o.s.j.s.ServletContextHandler@56102e1c{/environment,null,AVAILABLE,@Spark}
2022-07-20 14:48:33.228  INFO  915 --- [           main] ject.jetty.server.handler.ContextHandler : Started o.s.j.s.ServletContextHandler@7927bd9f{/environment/json,null,AVAILABLE,@Spark}
2022-07-20 14:48:33.243  INFO  915 --- [           main] ject.jetty.server.handler.ContextHandler : Started o.s.j.s.ServletContextHandler@410954b{/executors,null,AVAILABLE,@Spark}
2022-07-20 14:48:33.243  INFO  915 --- [           main] ject.jetty.server.handler.ContextHandler : Started o.s.j.s.ServletContextHandler@3b366632{/executors/json,null,AVAILABLE,@Spark}
2022-07-20 14:48:33.243  INFO  915 --- [           main] ject.jetty.server.handler.ContextHandler : Started o.s.j.s.ServletContextHandler@514eedd8{/executors/threadDump,null,AVAILABLE,@Spark}
2022-07-20 14:48:33.243  INFO  915 --- [           main] ject.jetty.server.handler.ContextHandler : Started o.s.j.s.ServletContextHandler@6970140a{/executors/threadDump/json,null,AVAILABLE,@Spark}
2022-07-20 14:48:33.259  INFO  915 --- [           main] ject.jetty.server.handler.ContextHandler : Started o.s.j.s.ServletContextHandler@3af4e0bf{/static,null,AVAILABLE,@Spark}
2022-07-20 14:48:33.259  INFO  915 --- [           main] ject.jetty.server.handler.ContextHandler : Started o.s.j.s.ServletContextHandler@70925b45{/,null,AVAILABLE,@Spark}
2022-07-20 14:48:33.259  INFO  915 --- [           main] ject.jetty.server.handler.ContextHandler : Started o.s.j.s.ServletContextHandler@aa22f1c{/api,null,AVAILABLE,@Spark}
2022-07-20 14:48:33.259  INFO  915 --- [           main] ject.jetty.server.handler.ContextHandler : Started o.s.j.s.ServletContextHandler@2af616d3{/jobs/job/kill,null,AVAILABLE,@Spark}
2022-07-20 14:48:33.259  INFO  915 --- [           main] ject.jetty.server.handler.ContextHandler : Started o.s.j.s.ServletContextHandler@3deb2326{/stages/stage/kill,null,AVAILABLE,@Spark}
2022-07-20 14:48:33.259  INFO   57 --- [           main] org.apache.spark.internal.Logging        : Bound SparkUI to 0.0.0.0, and started at http://host.docker.internal:4040
2022-07-20 14:48:33.462  INFO   57 --- [           main] org.apache.spark.internal.Logging        : Starting executor ID driver on host host.docker.internal
2022-07-20 14:48:33.618  INFO   57 --- [           main] org.apache.spark.internal.Logging        : Successfully started service 'org.apache.spark.network.netty.NettyBlockTransferService' on port 58170.
2022-07-20 14:48:33.618  INFO   82 --- [           main] .network.netty.NettyBlockTransferService : Server created on host.docker.internal:58170
2022-07-20 14:48:33.634  INFO   57 --- [           main] org.apache.spark.internal.Logging        : Using org.apache.spark.storage.RandomBlockReplicationPolicy for block replication policy
2022-07-20 14:48:33.634  INFO   57 --- [           main] org.apache.spark.internal.Logging        : Registering BlockManager BlockManagerId(driver, host.docker.internal, 58170, None)
2022-07-20 14:48:33.650  INFO   57 --- [ckManagerMaster] org.apache.spark.internal.Logging        : Registering block manager host.docker.internal:58170 with 897.6 MiB RAM, BlockManagerId(driver, host.docker.internal, 58170, None)
2022-07-20 14:48:33.650  INFO   57 --- [           main] org.apache.spark.internal.Logging        : Registered BlockManager BlockManagerId(driver, host.docker.internal, 58170, None)
2022-07-20 14:48:33.650  INFO   57 --- [           main] org.apache.spark.internal.Logging        : Initialized BlockManager: BlockManagerId(driver, host.docker.internal, 58170, None)
2022-07-20 14:48:33.946  INFO  915 --- [           main] ject.jetty.server.handler.ContextHandler : Started o.s.j.s.ServletContextHandler@2189e7a7{/metrics/json,null,AVAILABLE,@Spark}
2022-07-20 14:48:34.681  INFO   57 --- [streaming-start] org.apache.spark.internal.Logging        : Starting 1 receivers
2022-07-20 14:48:34.681  INFO   57 --- [streaming-start] org.apache.spark.internal.Logging        : ReceiverTracker started
2022-07-20 14:48:34.696  INFO   57 --- [streaming-start] org.apache.spark.internal.Logging        : Slide time = 1000 ms
2022-07-20 14:48:34.696  INFO   57 --- [streaming-start] org.apache.spark.internal.Logging        : Storage level = Serialized 1x Replicated
2022-07-20 14:48:34.696  INFO   57 --- [streaming-start] org.apache.spark.internal.Logging        : Checkpoint interval = null
2022-07-20 14:48:34.696  INFO   57 --- [streaming-start] org.apache.spark.internal.Logging        : Remember interval = 1000 ms
2022-07-20 14:48:34.696  INFO   57 --- [streaming-start] org.apache.spark.internal.Logging        : Initialized and validated org.apache.spark.streaming.dstream.PluggableInputDStream@6b209745
2022-07-20 14:48:34.696  INFO   57 --- [streaming-start] org.apache.spark.internal.Logging        : Slide time = 1000 ms
2022-07-20 14:48:34.696  INFO   57 --- [streaming-start] org.apache.spark.internal.Logging        : Storage level = Serialized 1x Replicated
2022-07-20 14:48:34.696  INFO   57 --- [streaming-start] org.apache.spark.internal.Logging        : Checkpoint interval = null
2022-07-20 14:48:34.696  INFO   57 --- [streaming-start] org.apache.spark.internal.Logging        : Remember interval = 1000 ms
2022-07-20 14:48:34.696  INFO   57 --- [streaming-start] org.apache.spark.internal.Logging        : Initialized and validated org.apache.spark.streaming.dstream.MappedDStream@565b2c4a
2022-07-20 14:48:34.696  INFO   57 --- [streaming-start] org.apache.spark.internal.Logging        : Slide time = 1000 ms
2022-07-20 14:48:34.696  INFO   57 --- [streaming-start] org.apache.spark.internal.Logging        : Storage level = Serialized 1x Replicated
2022-07-20 14:48:34.696  INFO   57 --- [streaming-start] org.apache.spark.internal.Logging        : Checkpoint interval = null
2022-07-20 14:48:34.696  INFO   57 --- [streaming-start] org.apache.spark.internal.Logging        : Remember interval = 1000 ms
2022-07-20 14:48:34.696  INFO   57 --- [streaming-start] org.apache.spark.internal.Logging        : Initialized and validated org.apache.spark.streaming.dstream.ForEachDStream@6a09314a
2022-07-20 14:48:34.821  INFO   57 --- [er-event-loop-3] org.apache.spark.internal.Logging        : Receiver 0 started
2022-07-20 14:48:34.821  INFO   57 --- [streaming-start] org.apache.spark.internal.Logging        : Started timer for JobGenerator at time 1658324915000
2022-07-20 14:48:34.821  INFO   57 --- [streaming-start] org.apache.spark.internal.Logging        : Started JobGenerator at 1658324915000 ms
2022-07-20 14:48:34.821  INFO   57 --- [streaming-start] org.apache.spark.internal.Logging        : Started JobScheduler
2022-07-20 14:48:34.842  INFO  915 --- [           main] ject.jetty.server.handler.ContextHandler : Started o.s.j.s.ServletContextHandler@5109e8cf{/streaming,null,AVAILABLE,@Spark}
2022-07-20 14:48:34.845  INFO  915 --- [           main] ject.jetty.server.handler.ContextHandler : Started o.s.j.s.ServletContextHandler@78b41097{/streaming/json,null,AVAILABLE,@Spark}
2022-07-20 14:48:34.847  INFO  915 --- [           main] ject.jetty.server.handler.ContextHandler : Started o.s.j.s.ServletContextHandler@2d000e80{/streaming/batch,null,AVAILABLE,@Spark}
2022-07-20 14:48:34.848  INFO  915 --- [           main] ject.jetty.server.handler.ContextHandler : Started o.s.j.s.ServletContextHandler@20e6c4dc{/streaming/batch/json,null,AVAILABLE,@Spark}
2022-07-20 14:48:34.850  INFO  915 --- [           main] ject.jetty.server.handler.ContextHandler : Started o.s.j.s.ServletContextHandler@33f98231{/static/streaming,null,AVAILABLE,@Spark}
2022-07-20 14:48:34.848  INFO   57 --- [uler-event-loop] org.apache.spark.internal.Logging        : Got job 0 (start at Application.java:143) with 1 output partitions
2022-07-20 14:48:34.851  INFO   57 --- [           main] org.apache.spark.internal.Logging        : StreamingContext started
2022-07-20 14:48:34.853  INFO   57 --- [uler-event-loop] org.apache.spark.internal.Logging        : Final stage: ResultStage 0 (start at Application.java:143)
2022-07-20 14:48:34.853  INFO   57 --- [uler-event-loop] org.apache.spark.internal.Logging        : Parents of final stage: List()
2022-07-20 14:48:34.855  INFO   57 --- [uler-event-loop] org.apache.spark.internal.Logging        : Missing parents: List()
2022-07-20 14:48:34.862  INFO   57 --- [uler-event-loop] org.apache.spark.internal.Logging        : Submitting ResultStage 0 (Receiver 0 ParallelCollectionRDD[0] at makeRDD at ReceiverTracker.scala:609), which has no missing parents
2022-07-20 14:48:35.078  INFO   57 --- [   JobGenerator] org.apache.spark.internal.Logging        : Added jobs for time 1658324915000 ms
2022-07-20 14:48:35.078  INFO   57 --- [   JobScheduler] org.apache.spark.internal.Logging        : Starting job streaming job 1658324915000 ms.0 from job set of time 1658324915000 ms
2022-07-20 14:48:35.109  INFO   57 --- [uler-event-loop] org.apache.spark.internal.Logging        : Block broadcast_0 stored as values in memory (estimated size 97.5 KiB, free 897.5 MiB)
2022-07-20 14:48:35.141  WARN   69 --- [-job-executor-0] org.apache.spark.internal.Logging        : Using an existing SparkContext; some configuration may not take effect.
2022-07-20 14:48:35.219  INFO   57 --- [uler-event-loop] org.apache.spark.internal.Logging        : Block broadcast_0_piece0 stored as bytes in memory (estimated size 34.2 KiB, free 897.5 MiB)
2022-07-20 14:48:35.234  INFO   57 --- [ckManagerMaster] org.apache.spark.internal.Logging        : Added broadcast_0_piece0 in memory on host.docker.internal:58170 (size: 34.2 KiB, free: 897.6 MiB)
2022-07-20 14:48:35.234  INFO   57 --- [uler-event-loop] org.apache.spark.internal.Logging        : Created broadcast 0 from broadcast at DAGScheduler.scala:1478
2022-07-20 14:48:35.266  INFO   57 --- [uler-event-loop] org.apache.spark.internal.Logging        : Submitting 1 missing tasks from ResultStage 0 (Receiver 0 ParallelCollectionRDD[0] at makeRDD at ReceiverTracker.scala:609) (first 15 tasks are for partitions Vector(0))
2022-07-20 14:48:35.266  INFO   57 --- [uler-event-loop] org.apache.spark.internal.Logging        : Adding task set 0.0 with 1 tasks resource profile 0
2022-07-20 14:48:35.406  INFO   57 --- [er-event-loop-0] org.apache.spark.internal.Logging        : Starting task 0.0 in stage 0.0 (TID 0) (host.docker.internal, executor driver, partition 0, PROCESS_LOCAL, 5950 bytes) taskResourceAssignments Map()
2022-07-20 14:48:35.438  INFO   57 --- [age 0.0 (TID 0)] org.apache.spark.internal.Logging        : Running task 0.0 in stage 0.0 (TID 0)
2022-07-20 14:48:35.734  INFO   57 --- [-job-executor-0] org.apache.spark.internal.Logging        : Setting hive.metastore.warehouse.dir ('null') to the value of spark.sql.warehouse.dir.
2022-07-20 14:48:35.969  INFO   57 --- [age 0.0 (TID 0)] org.apache.spark.internal.Logging        : Started timer for BlockGenerator at time 1658324916000
2022-07-20 14:48:35.975  INFO   57 --- [age 0.0 (TID 0)] org.apache.spark.internal.Logging        : Started BlockGenerator
2022-07-20 14:48:35.977  INFO   57 --- [      Thread-14] org.apache.spark.internal.Logging        : Started block pushing thread
2022-07-20 14:48:35.990  INFO   57 --- [er-event-loop-0] org.apache.spark.internal.Logging        : Registered receiver for stream 0 from host.docker.internal:58146
2022-07-20 14:48:35.993  INFO   57 --- [age 0.0 (TID 0)] org.apache.spark.internal.Logging        : Starting receiver 0
2022-07-20 14:48:35.995  INFO   57 --- [age 0.0 (TID 0)] org.apache.spark.internal.Logging        : Called receiver 0 onStart
2022-07-20 14:48:35.996  INFO   57 --- [age 0.0 (TID 0)] org.apache.spark.internal.Logging        : Waiting for receiver to be stopped
2022-07-20 14:48:36.007  INFO   57 --- [   JobGenerator] org.apache.spark.internal.Logging        : Added jobs for time 1658324916000 ms
2022-07-20 14:48:36.893  INFO   57 --- [-job-executor-0] org.apache.spark.internal.Logging        : Warehouse path is 'file:/C:/IntelliJProjects/NifiSparkStreaming/spark-warehouse'.
2022-07-20 14:48:36.916  INFO  915 --- [-job-executor-0] ject.jetty.server.handler.ContextHandler : Started o.s.j.s.ServletContextHandler@4aa7f9d1{/SQL,null,AVAILABLE,@Spark}
2022-07-20 14:48:36.917  INFO  915 --- [-job-executor-0] ject.jetty.server.handler.ContextHandler : Started o.s.j.s.ServletContextHandler@66784957{/SQL/json,null,AVAILABLE,@Spark}
2022-07-20 14:48:36.918  INFO  915 --- [-job-executor-0] ject.jetty.server.handler.ContextHandler : Started o.s.j.s.ServletContextHandler@376ca20{/SQL/execution,null,AVAILABLE,@Spark}
2022-07-20 14:48:36.920  INFO  915 --- [-job-executor-0] ject.jetty.server.handler.ContextHandler : Started o.s.j.s.ServletContextHandler@4d794dd9{/SQL/execution/json,null,AVAILABLE,@Spark}
2022-07-20 14:48:36.923  INFO  915 --- [-job-executor-0] ject.jetty.server.handler.ContextHandler : Started o.s.j.s.ServletContextHandler@1754c589{/static/sql,null,AVAILABLE,@Spark}
2022-07-20 14:48:37.015  INFO   57 --- [   JobGenerator] org.apache.spark.internal.Logging        : Added jobs for time 1658324917000 ms
2022-07-20 14:48:37.628  INFO  571 --- [ool Maintenance] g.apache.nifi.remote.client.PeerSelector : Successfully refreshed peer status cache; remote group consists of 1 peers
2022-07-20 14:48:37.628  INFO  571 --- [  NiFi Receiver] g.apache.nifi.remote.client.PeerSelector : Successfully refreshed peer status cache; remote group consists of 1 peers
2022-07-20 14:48:37.768  INFO   57 --- [  NiFi Receiver] org.apache.spark.internal.Logging        : Block input-0-1658324915938 stored as values in memory (estimated size 5.1 MiB, free 892.4 MiB)
2022-07-20 14:48:37.769  INFO   57 --- [ckManagerMaster] org.apache.spark.internal.Logging        : Added input-0-1658324915938 in memory on host.docker.internal:58170 (size: 5.1 MiB, free: 892.5 MiB)
2022-07-20 14:48:38.009  INFO   57 --- [   JobGenerator] org.apache.spark.internal.Logging        : Added jobs for time 1658324918000 ms
2022-07-20 14:48:39.003  INFO   57 --- [   JobGenerator] org.apache.spark.internal.Logging        : Added jobs for time 1658324919000 ms
2022-07-20 14:48:40.003  INFO   57 --- [   JobGenerator] org.apache.spark.internal.Logging        : Added jobs for time 1658324920000 ms
2022-07-20 14:48:41.014  INFO   57 --- [   JobGenerator] org.apache.spark.internal.Logging        : Added jobs for time 1658324921000 ms
2022-07-20 14:48:41.760  INFO   57 --- [-job-executor-0] org.apache.spark.internal.Logging        : Code generated in 348.1777 ms
2022-07-20 14:48:42.011  INFO   57 --- [   JobGenerator] org.apache.spark.internal.Logging        : Added jobs for time 1658324922000 ms
2022-07-20 14:48:42.114  INFO   57 --- [-job-executor-0] org.apache.spark.internal.Logging        : Code generated in 57.5097 ms
2022-07-20 14:48:42.202  INFO   57 --- [-job-executor-0] org.apache.spark.internal.Logging        : Code generated in 24.9015 ms
2022-07-20 14:48:42.281  INFO   57 --- [-job-executor-0] org.apache.spark.internal.Logging        : Starting job: count at Application.java:136
2022-07-20 14:48:42.288  INFO   57 --- [uler-event-loop] org.apache.spark.internal.Logging        : Registering RDD 22 (count at Application.java:136) as input to shuffle 0
2022-07-20 14:48:42.294  INFO   57 --- [uler-event-loop] org.apache.spark.internal.Logging        : Got job 1 (count at Application.java:136) with 1 output partitions
2022-07-20 14:48:42.295  INFO   57 --- [uler-event-loop] org.apache.spark.internal.Logging        : Final stage: ResultStage 2 (count at Application.java:136)
2022-07-20 14:48:42.295  INFO   57 --- [uler-event-loop] org.apache.spark.internal.Logging        : Parents of final stage: List(ShuffleMapStage 1)
2022-07-20 14:48:42.297  INFO   57 --- [uler-event-loop] org.apache.spark.internal.Logging        : Missing parents: List()
2022-07-20 14:48:42.298  INFO   57 --- [uler-event-loop] org.apache.spark.internal.Logging        : Submitting ResultStage 2 (MapPartitionsRDD[25] at count at Application.java:136), which has no missing parents
2022-07-20 14:48:42.308  INFO   57 --- [uler-event-loop] org.apache.spark.internal.Logging        : Block broadcast_1 stored as values in memory (estimated size 11.0 KiB, free 892.4 MiB)
2022-07-20 14:48:42.314  INFO   57 --- [uler-event-loop] org.apache.spark.internal.Logging        : Block broadcast_1_piece0 stored as bytes in memory (estimated size 5.4 KiB, free 892.4 MiB)
2022-07-20 14:48:42.315  INFO   57 --- [ckManagerMaster] org.apache.spark.internal.Logging        : Added broadcast_1_piece0 in memory on host.docker.internal:58170 (size: 5.4 KiB, free: 892.5 MiB)
2022-07-20 14:48:42.316  INFO   57 --- [uler-event-loop] org.apache.spark.internal.Logging        : Created broadcast 1 from broadcast at DAGScheduler.scala:1478
2022-07-20 14:48:42.317  INFO   57 --- [uler-event-loop] org.apache.spark.internal.Logging        : Submitting 1 missing tasks from ResultStage 2 (MapPartitionsRDD[25] at count at Application.java:136) (first 15 tasks are for partitions Vector(0))
2022-07-20 14:48:42.317  INFO   57 --- [uler-event-loop] org.apache.spark.internal.Logging        : Adding task set 2.0 with 1 tasks resource profile 0
2022-07-20 14:48:42.320  INFO   57 --- [er-event-loop-2] org.apache.spark.internal.Logging        : Starting task 0.0 in stage 2.0 (TID 1) (host.docker.internal, executor driver, partition 0, PROCESS_LOCAL, 4453 bytes) taskResourceAssignments Map()
2022-07-20 14:48:42.324  INFO   57 --- [age 2.0 (TID 1)] org.apache.spark.internal.Logging        : Running task 0.0 in stage 2.0 (TID 1)
2022-07-20 14:48:42.639  INFO   57 --- [age 2.0 (TID 1)] org.apache.spark.internal.Logging        : Getting 0 (0.0 B) non-empty blocks including 0 (0.0 B) local and 0 (0.0 B) host-local and 0 (0.0 B) push-merged-local and 0 (0.0 B) remote blocks
2022-07-20 14:48:42.645  INFO   57 --- [age 2.0 (TID 1)] org.apache.spark.internal.Logging        : Started 0 remote fetches in 16 ms
2022-07-20 14:48:42.683  INFO   57 --- [age 2.0 (TID 1)] org.apache.spark.internal.Logging        : Finished task 0.0 in stage 2.0 (TID 1). 2684 bytes result sent to driver
2022-07-20 14:48:42.701  INFO   57 --- [result-getter-0] org.apache.spark.internal.Logging        : Finished task 0.0 in stage 2.0 (TID 1) in 380 ms on host.docker.internal (executor driver) (1/1)
2022-07-20 14:48:42.705  INFO   57 --- [result-getter-0] org.apache.spark.internal.Logging        : Removed TaskSet 2.0, whose tasks have all completed, from pool 
2022-07-20 14:48:42.715  INFO   57 --- [uler-event-loop] org.apache.spark.internal.Logging        : ResultStage 2 (count at Application.java:136) finished in 0.409 s
2022-07-20 14:48:42.720  INFO   57 --- [uler-event-loop] org.apache.spark.internal.Logging        : Job 1 is finished. Cancelling potential speculative or zombie tasks for this job
2022-07-20 14:48:42.721  INFO   57 --- [uler-event-loop] org.apache.spark.internal.Logging        : Killing all running tasks in stage 2: Stage finished
2022-07-20 14:48:42.725  INFO   57 --- [-job-executor-0] org.apache.spark.internal.Logging        : Job 1 finished: count at Application.java:136, took 0.443111 s
2022-07-20 14:48:42.737  INFO   57 --- [   JobScheduler] org.apache.spark.internal.Logging        : Finished job streaming job 1658324915000 ms.0 from job set of time 1658324915000 ms
2022-07-20 14:48:42.741  INFO   57 --- [   JobScheduler] org.apache.spark.internal.Logging        : Total delay: 7.737 s for time 1658324915000 ms (execution: 7.659 s)
2022-07-20 14:48:42.741  INFO   57 --- [   JobScheduler] org.apache.spark.internal.Logging        : Starting job streaming job 1658324916000 ms.0 from job set of time 1658324916000 ms
2022-07-20 14:48:42.743  WARN   69 --- [-job-executor-0] org.apache.spark.internal.Logging        : Using an existing SparkSession; the static sql configurations will not take effect.
2022-07-20 14:48:42.744  WARN   69 --- [-job-executor-0] org.apache.spark.internal.Logging        : Using an existing SparkSession; some spark core configurations may not take effect.
2022-07-20 14:48:42.749  INFO   57 --- [   JobGenerator] org.apache.spark.internal.Logging        : Deleting batches: 
2022-07-20 14:48:42.752  INFO   57 --- [   JobGenerator] org.apache.spark.internal.Logging        : remove old batch metadata: 
2022-07-20 14:48:42.941  INFO   57 --- [-job-executor-0] org.apache.spark.internal.Logging        : Starting job: count at Application.java:136
2022-07-20 14:48:42.947  INFO   57 --- [uler-event-loop] org.apache.spark.internal.Logging        : Registering RDD 31 (count at Application.java:136) as input to shuffle 1
2022-07-20 14:48:42.948  INFO   57 --- [uler-event-loop] org.apache.spark.internal.Logging        : Got job 2 (count at Application.java:136) with 1 output partitions
2022-07-20 14:48:42.949  INFO   57 --- [uler-event-loop] org.apache.spark.internal.Logging        : Final stage: ResultStage 4 (count at Application.java:136)
2022-07-20 14:48:42.949  INFO   57 --- [uler-event-loop] org.apache.spark.internal.Logging        : Parents of final stage: List(ShuffleMapStage 3)
2022-07-20 14:48:42.950  INFO   57 --- [uler-event-loop] org.apache.spark.internal.Logging        : Missing parents: List()
2022-07-20 14:48:42.951  INFO   57 --- [uler-event-loop] org.apache.spark.internal.Logging        : Submitting ResultStage 4 (MapPartitionsRDD[34] at count at Application.java:136), which has no missing parents
2022-07-20 14:48:42.957  INFO   57 --- [uler-event-loop] org.apache.spark.internal.Logging        : Block broadcast_2 stored as values in memory (estimated size 11.0 KiB, free 892.4 MiB)
2022-07-20 14:48:42.964  INFO   57 --- [uler-event-loop] org.apache.spark.internal.Logging        : Block broadcast_2_piece0 stored as bytes in memory (estimated size 5.4 KiB, free 892.4 MiB)
2022-07-20 14:48:42.972  INFO   57 --- [ckManagerMaster] org.apache.spark.internal.Logging        : Added broadcast_2_piece0 in memory on host.docker.internal:58170 (size: 5.4 KiB, free: 892.5 MiB)
2022-07-20 14:48:42.973  INFO   57 --- [uler-event-loop] org.apache.spark.internal.Logging        : Created broadcast 2 from broadcast at DAGScheduler.scala:1478
2022-07-20 14:48:42.977  INFO   57 --- [uler-event-loop] org.apache.spark.internal.Logging        : Submitting 1 missing tasks from ResultStage 4 (MapPartitionsRDD[34] at count at Application.java:136) (first 15 tasks are for partitions Vector(0))
2022-07-20 14:48:42.978  INFO   57 --- [uler-event-loop] org.apache.spark.internal.Logging        : Adding task set 4.0 with 1 tasks resource profile 0
2022-07-20 14:48:42.981  INFO   57 --- [er-event-loop-1] org.apache.spark.internal.Logging        : Starting task 0.0 in stage 4.0 (TID 2) (host.docker.internal, executor driver, partition 0, PROCESS_LOCAL, 4453 bytes) taskResourceAssignments Map()
2022-07-20 14:48:42.982  INFO   57 --- [age 4.0 (TID 2)] org.apache.spark.internal.Logging        : Running task 0.0 in stage 4.0 (TID 2)
2022-07-20 14:48:42.986  INFO   57 --- [ckManagerMaster] org.apache.spark.internal.Logging        : Removed broadcast_1_piece0 on host.docker.internal:58170 in memory (size: 5.4 KiB, free: 892.5 MiB)
2022-07-20 14:48:42.990  INFO   57 --- [age 4.0 (TID 2)] org.apache.spark.internal.Logging        : Getting 0 (0.0 B) non-empty blocks including 0 (0.0 B) local and 0 (0.0 B) host-local and 0 (0.0 B) push-merged-local and 0 (0.0 B) remote blocks
2022-07-20 14:48:42.991  INFO   57 --- [age 4.0 (TID 2)] org.apache.spark.internal.Logging        : Started 0 remote fetches in 1 ms
2022-07-20 14:48:42.994  INFO   57 --- [age 4.0 (TID 2)] org.apache.spark.internal.Logging        : Finished task 0.0 in stage 4.0 (TID 2). 2555 bytes result sent to driver
2022-07-20 14:48:42.999  INFO   57 --- [result-getter-1] org.apache.spark.internal.Logging        : Finished task 0.0 in stage 4.0 (TID 2) in 19 ms on host.docker.internal (executor driver) (1/1)
2022-07-20 14:48:43.002  INFO   57 --- [result-getter-1] org.apache.spark.internal.Logging        : Removed TaskSet 4.0, whose tasks have all completed, from pool 
2022-07-20 14:48:43.002  INFO   57 --- [   JobGenerator] org.apache.spark.internal.Logging        : Added jobs for time 1658324923000 ms
2022-07-20 14:48:43.008  INFO   57 --- [uler-event-loop] org.apache.spark.internal.Logging        : ResultStage 4 (count at Application.java:136) finished in 0.055 s
2022-07-20 14:48:43.009  INFO   57 --- [uler-event-loop] org.apache.spark.internal.Logging        : Job 2 is finished. Cancelling potential speculative or zombie tasks for this job
2022-07-20 14:48:43.009  INFO   57 --- [uler-event-loop] org.apache.spark.internal.Logging        : Killing all running tasks in stage 4: Stage finished
2022-07-20 14:48:43.010  INFO   57 --- [-job-executor-0] org.apache.spark.internal.Logging        : Job 2 finished: count at Application.java:136, took 0.065381 s
2022-07-20 14:48:43.012  INFO   57 --- [   JobScheduler] org.apache.spark.internal.Logging        : Finished job streaming job 1658324916000 ms.0 from job set of time 1658324916000 ms
2022-07-20 14:48:43.013  INFO   57 --- [   JobScheduler] org.apache.spark.internal.Logging        : Total delay: 7.012 s for time 1658324916000 ms (execution: 0.271 s)
2022-07-20 14:48:43.013  INFO   57 --- [   JobScheduler] org.apache.spark.internal.Logging        : Starting job streaming job 1658324917000 ms.0 from job set of time 1658324917000 ms
2022-07-20 14:48:43.016  WARN   69 --- [-job-executor-0] org.apache.spark.internal.Logging        : Using an existing SparkSession; the static sql configurations will not take effect.
2022-07-20 14:48:43.016  WARN   69 --- [-job-executor-0] org.apache.spark.internal.Logging        : Using an existing SparkSession; some spark core configurations may not take effect.
2022-07-20 14:48:43.018  INFO   57 --- [   JobGenerator] org.apache.spark.internal.Logging        : Removing RDD 2 from persistence list
2022-07-20 14:48:43.030  INFO   57 --- [   JobGenerator] org.apache.spark.internal.Logging        : Removing RDD 1 from persistence list
2022-07-20 14:48:43.036  INFO   57 --- [   JobGenerator] org.apache.spark.internal.Logging        : Removing blocks of RDD BlockRDD[1] at receiverStream at Application.java:116 of time 1658324916000 ms
2022-07-20 14:48:43.037  INFO   57 --- [   JobGenerator] org.apache.spark.internal.Logging        : Deleting batches: 
2022-07-20 14:48:43.038  INFO   57 --- [   JobGenerator] org.apache.spark.internal.Logging        : remove old batch metadata: 
2022-07-20 14:48:43.039  INFO   57 --- [c-thread-pool-7] org.apache.spark.internal.Logging        : Removing RDD 1
2022-07-20 14:48:43.040  INFO   57 --- [c-thread-pool-6] org.apache.spark.internal.Logging        : Removing RDD 2
2022-07-20 14:48:43.176  INFO   57 --- [-job-executor-0] org.apache.spark.internal.Logging        : Starting job: count at Application.java:136
2022-07-20 14:48:43.182  INFO   57 --- [uler-event-loop] org.apache.spark.internal.Logging        : Registering RDD 42 (count at Application.java:136) as input to shuffle 2
2022-07-20 14:48:43.183  INFO   57 --- [uler-event-loop] org.apache.spark.internal.Logging        : Got job 3 (count at Application.java:136) with 1 output partitions
2022-07-20 14:48:43.184  INFO   57 --- [uler-event-loop] org.apache.spark.internal.Logging        : Final stage: ResultStage 6 (count at Application.java:136)
2022-07-20 14:48:43.185  INFO   57 --- [uler-event-loop] org.apache.spark.internal.Logging        : Parents of final stage: List(ShuffleMapStage 5)
2022-07-20 14:48:43.186  INFO   57 --- [uler-event-loop] org.apache.spark.internal.Logging        : Missing parents: List()
2022-07-20 14:48:43.187  INFO   57 --- [uler-event-loop] org.apache.spark.internal.Logging        : Submitting ResultStage 6 (MapPartitionsRDD[45] at count at Application.java:136), which has no missing parents
2022-07-20 14:48:43.199  INFO   57 --- [uler-event-loop] org.apache.spark.internal.Logging        : Block broadcast_3 stored as values in memory (estimated size 11.0 KiB, free 892.4 MiB)
2022-07-20 14:48:43.212  INFO   57 --- [uler-event-loop] org.apache.spark.internal.Logging        : Block broadcast_3_piece0 stored as bytes in memory (estimated size 5.4 KiB, free 892.4 MiB)
2022-07-20 14:48:43.213  INFO   57 --- [ckManagerMaster] org.apache.spark.internal.Logging        : Added broadcast_3_piece0 in memory on host.docker.internal:58170 (size: 5.4 KiB, free: 892.5 MiB)
2022-07-20 14:48:43.214  INFO   57 --- [uler-event-loop] org.apache.spark.internal.Logging        : Created broadcast 3 from broadcast at DAGScheduler.scala:1478
2022-07-20 14:48:43.215  INFO   57 --- [uler-event-loop] org.apache.spark.internal.Logging        : Submitting 1 missing tasks from ResultStage 6 (MapPartitionsRDD[45] at count at Application.java:136) (first 15 tasks are for partitions Vector(0))
2022-07-20 14:48:43.216  INFO   57 --- [uler-event-loop] org.apache.spark.internal.Logging        : Adding task set 6.0 with 1 tasks resource profile 0
2022-07-20 14:48:43.221  INFO   57 --- [er-event-loop-0] org.apache.spark.internal.Logging        : Starting task 0.0 in stage 6.0 (TID 3) (host.docker.internal, executor driver, partition 0, PROCESS_LOCAL, 4453 bytes) taskResourceAssignments Map()
2022-07-20 14:48:43.222  INFO   57 --- [age 6.0 (TID 3)] org.apache.spark.internal.Logging        : Running task 0.0 in stage 6.0 (TID 3)
2022-07-20 14:48:43.232  INFO   57 --- [age 6.0 (TID 3)] org.apache.spark.internal.Logging        : Getting 0 (0.0 B) non-empty blocks including 0 (0.0 B) local and 0 (0.0 B) host-local and 0 (0.0 B) push-merged-local and 0 (0.0 B) remote blocks
2022-07-20 14:48:43.233  INFO   57 --- [age 6.0 (TID 3)] org.apache.spark.internal.Logging        : Started 0 remote fetches in 1 ms
2022-07-20 14:48:43.236  INFO   57 --- [age 6.0 (TID 3)] org.apache.spark.internal.Logging        : Finished task 0.0 in stage 6.0 (TID 3). 2598 bytes result sent to driver
2022-07-20 14:48:43.239  INFO   57 --- [result-getter-2] org.apache.spark.internal.Logging        : Finished task 0.0 in stage 6.0 (TID 3) in 18 ms on host.docker.internal (executor driver) (1/1)
2022-07-20 14:48:43.239  INFO   57 --- [result-getter-2] org.apache.spark.internal.Logging        : Removed TaskSet 6.0, whose tasks have all completed, from pool 
2022-07-20 14:48:43.241  INFO   57 --- [uler-event-loop] org.apache.spark.internal.Logging        : ResultStage 6 (count at Application.java:136) finished in 0.050 s
2022-07-20 14:48:43.242  INFO   57 --- [uler-event-loop] org.apache.spark.internal.Logging        : Job 3 is finished. Cancelling potential speculative or zombie tasks for this job
2022-07-20 14:48:43.242  INFO   57 --- [uler-event-loop] org.apache.spark.internal.Logging        : Killing all running tasks in stage 6: Stage finished
2022-07-20 14:48:43.243  INFO   57 --- [-job-executor-0] org.apache.spark.internal.Logging        : Job 3 finished: count at Application.java:136, took 0.066075 s
2022-07-20 14:48:43.253  INFO   57 --- [   JobScheduler] org.apache.spark.internal.Logging        : Finished job streaming job 1658324917000 ms.0 from job set of time 1658324917000 ms
2022-07-20 14:48:43.254  INFO   57 --- [   JobScheduler] org.apache.spark.internal.Logging        : Total delay: 6.253 s for time 1658324917000 ms (execution: 0.240 s)
2022-07-20 14:48:43.254  INFO   57 --- [   JobScheduler] org.apache.spark.internal.Logging        : Starting job streaming job 1658324918000 ms.0 from job set of time 1658324918000 ms
2022-07-20 14:48:43.256  WARN   69 --- [-job-executor-0] org.apache.spark.internal.Logging        : Using an existing SparkSession; the static sql configurations will not take effect.
2022-07-20 14:48:43.256  WARN   69 --- [-job-executor-0] org.apache.spark.internal.Logging        : Using an existing SparkSession; some spark core configurations may not take effect.
2022-07-20 14:48:43.261  INFO   57 --- [   JobGenerator] org.apache.spark.internal.Logging        : Removing RDD 6 from persistence list
2022-07-20 14:48:43.267  INFO   57 --- [   JobGenerator] org.apache.spark.internal.Logging        : Removing RDD 5 from persistence list
2022-07-20 14:48:43.269  INFO   57 --- [   JobGenerator] org.apache.spark.internal.Logging        : Removing blocks of RDD BlockRDD[5] at receiverStream at Application.java:116 of time 1658324917000 ms
2022-07-20 14:48:43.270  INFO   57 --- [   JobGenerator] org.apache.spark.internal.Logging        : Deleting batches: 1658324915000 ms
2022-07-20 14:48:43.270  INFO   57 --- [   JobGenerator] org.apache.spark.internal.Logging        : remove old batch metadata: 1658324915000 ms
2022-07-20 14:48:43.272  INFO   57 --- [-thread-pool-13] org.apache.spark.internal.Logging        : Removing RDD 5
2022-07-20 14:48:43.294  INFO   57 --- [-thread-pool-12] org.apache.spark.internal.Logging        : Removing RDD 6
2022-07-20 14:48:43.351  INFO   57 --- [-job-executor-0] org.apache.spark.internal.Logging        : Starting job: show at Application.java:135
2022-07-20 14:48:43.352  INFO   57 --- [uler-event-loop] org.apache.spark.internal.Logging        : Got job 4 (show at Application.java:135) with 1 output partitions
2022-07-20 14:48:43.352  INFO   57 --- [uler-event-loop] org.apache.spark.internal.Logging        : Final stage: ResultStage 7 (show at Application.java:135)
2022-07-20 14:48:43.352  INFO   57 --- [uler-event-loop] org.apache.spark.internal.Logging        : Parents of final stage: List()
2022-07-20 14:48:43.352  INFO   57 --- [uler-event-loop] org.apache.spark.internal.Logging        : Missing parents: List()
2022-07-20 14:48:43.353  INFO   57 --- [uler-event-loop] org.apache.spark.internal.Logging        : Submitting ResultStage 7 (MapPartitionsRDD[49] at show at Application.java:135), which has no missing parents
2022-07-20 14:48:43.365  INFO   57 --- [uler-event-loop] org.apache.spark.internal.Logging        : Block broadcast_4 stored as values in memory (estimated size 12.9 KiB, free 892.3 MiB)
2022-07-20 14:48:43.368  INFO   57 --- [uler-event-loop] org.apache.spark.internal.Logging        : Block broadcast_4_piece0 stored as bytes in memory (estimated size 5.8 KiB, free 892.3 MiB)
2022-07-20 14:48:43.369  INFO   57 --- [ckManagerMaster] org.apache.spark.internal.Logging        : Added broadcast_4_piece0 in memory on host.docker.internal:58170 (size: 5.8 KiB, free: 892.5 MiB)
2022-07-20 14:48:43.370  INFO   57 --- [uler-event-loop] org.apache.spark.internal.Logging        : Created broadcast 4 from broadcast at DAGScheduler.scala:1478
2022-07-20 14:48:43.371  INFO   57 --- [uler-event-loop] org.apache.spark.internal.Logging        : Submitting 1 missing tasks from ResultStage 7 (MapPartitionsRDD[49] at show at Application.java:135) (first 15 tasks are for partitions Vector(0))
2022-07-20 14:48:43.372  INFO   57 --- [uler-event-loop] org.apache.spark.internal.Logging        : Adding task set 7.0 with 1 tasks resource profile 0
2022-07-20 14:48:43.375  INFO   57 --- [er-event-loop-3] org.apache.spark.internal.Logging        : Starting task 0.0 in stage 7.0 (TID 4) (host.docker.internal, executor driver, partition 0, PROCESS_LOCAL, 4394 bytes) taskResourceAssignments Map()
2022-07-20 14:48:43.376  INFO   57 --- [age 7.0 (TID 4)] org.apache.spark.internal.Logging        : Running task 0.0 in stage 7.0 (TID 4)
2022-07-20 14:48:43.411  INFO   57 --- [age 7.0 (TID 4)] org.apache.spark.internal.Logging        : Found block input-0-1658324915938 locally
2022-07-20 14:48:43.761  INFO   57 --- [ckManagerMaster] org.apache.spark.internal.Logging        : Removed broadcast_2_piece0 on host.docker.internal:58170 in memory (size: 5.4 KiB, free: 892.5 MiB)
2022-07-20 14:48:43.769  INFO   57 --- [ckManagerMaster] org.apache.spark.internal.Logging        : Removed broadcast_3_piece0 on host.docker.internal:58170 in memory (size: 5.4 KiB, free: 892.5 MiB)
2022-07-20 14:48:43.819  INFO   57 --- [age 7.0 (TID 4)] org.apache.spark.internal.Logging        : 1 block locks were not released by task 0.0 in stage 7.0 (TID 4)
[input-0-1658324915938]
2022-07-20 14:48:43.821  INFO   57 --- [age 7.0 (TID 4)] org.apache.spark.internal.Logging        : Finished task 0.0 in stage 7.0 (TID 4). 2167 bytes result sent to driver
2022-07-20 14:48:43.822  INFO   57 --- [result-getter-3] org.apache.spark.internal.Logging        : Finished task 0.0 in stage 7.0 (TID 4) in 449 ms on host.docker.internal (executor driver) (1/1)
2022-07-20 14:48:43.823  INFO   57 --- [result-getter-3] org.apache.spark.internal.Logging        : Removed TaskSet 7.0, whose tasks have all completed, from pool 
2022-07-20 14:48:43.824  INFO   57 --- [uler-event-loop] org.apache.spark.internal.Logging        : ResultStage 7 (show at Application.java:135) finished in 0.466 s
2022-07-20 14:48:43.824  INFO   57 --- [uler-event-loop] org.apache.spark.internal.Logging        : Job 4 is finished. Cancelling potential speculative or zombie tasks for this job
2022-07-20 14:48:43.824  INFO   57 --- [uler-event-loop] org.apache.spark.internal.Logging        : Killing all running tasks in stage 7: Stage finished
2022-07-20 14:48:43.825  INFO   57 --- [-job-executor-0] org.apache.spark.internal.Logging        : Job 4 finished: show at Application.java:135, took 0.473160 s
2022-07-20 14:48:43.894  INFO   57 --- [-job-executor-0] org.apache.spark.internal.Logging        : Code generated in 35.1581 ms
2022-07-20 14:48:43.980  INFO   57 --- [uler-event-loop] org.apache.spark.internal.Logging        : Registering RDD 51 (count at Application.java:136) as input to shuffle 3
2022-07-20 14:48:43.982  INFO   57 --- [uler-event-loop] org.apache.spark.internal.Logging        : Got map stage job 5 (count at Application.java:136) with 1 output partitions
2022-07-20 14:48:43.983  INFO   57 --- [uler-event-loop] org.apache.spark.internal.Logging        : Final stage: ShuffleMapStage 8 (count at Application.java:136)
2022-07-20 14:48:43.984  INFO   57 --- [uler-event-loop] org.apache.spark.internal.Logging        : Parents of final stage: List()
2022-07-20 14:48:43.985  INFO   57 --- [uler-event-loop] org.apache.spark.internal.Logging        : Missing parents: List()
2022-07-20 14:48:43.992  INFO   57 --- [uler-event-loop] org.apache.spark.internal.Logging        : Submitting ShuffleMapStage 8 (MapPartitionsRDD[51] at count at Application.java:136), which has no missing parents
2022-07-20 14:48:44.002  INFO   57 --- [   JobGenerator] org.apache.spark.internal.Logging        : Added jobs for time 1658324924000 ms
2022-07-20 14:48:44.006  INFO   57 --- [uler-event-loop] org.apache.spark.internal.Logging        : Block broadcast_5 stored as values in memory (estimated size 13.6 KiB, free 892.4 MiB)
2022-07-20 14:48:44.010  INFO   57 --- [uler-event-loop] org.apache.spark.internal.Logging        : Block broadcast_5_piece0 stored as bytes in memory (estimated size 6.7 KiB, free 892.4 MiB)
2022-07-20 14:48:44.012  INFO   57 --- [ckManagerMaster] org.apache.spark.internal.Logging        : Added broadcast_5_piece0 in memory on host.docker.internal:58170 (size: 6.7 KiB, free: 892.5 MiB)
2022-07-20 14:48:44.013  INFO   57 --- [uler-event-loop] org.apache.spark.internal.Logging        : Created broadcast 5 from broadcast at DAGScheduler.scala:1478
2022-07-20 14:48:44.015  INFO   57 --- [uler-event-loop] org.apache.spark.internal.Logging        : Submitting 1 missing tasks from ShuffleMapStage 8 (MapPartitionsRDD[51] at count at Application.java:136) (first 15 tasks are for partitions Vector(0))
2022-07-20 14:48:44.016  INFO   57 --- [uler-event-loop] org.apache.spark.internal.Logging        : Adding task set 8.0 with 1 tasks resource profile 0
2022-07-20 14:48:44.018  INFO   57 --- [er-event-loop-2] org.apache.spark.internal.Logging        : Starting task 0.0 in stage 8.0 (TID 5) (host.docker.internal, executor driver, partition 0, PROCESS_LOCAL, 4383 bytes) taskResourceAssignments Map()
2022-07-20 14:48:44.019  INFO   57 --- [age 8.0 (TID 5)] org.apache.spark.internal.Logging        : Running task 0.0 in stage 8.0 (TID 5)
2022-07-20 14:48:44.051  INFO   57 --- [age 8.0 (TID 5)] org.apache.spark.internal.Logging        : Found block input-0-1658324915938 locally
2022-07-20 14:48:44.137  INFO   57 --- [ckManagerMaster] org.apache.spark.internal.Logging        : Removed broadcast_4_piece0 on host.docker.internal:58170 in memory (size: 5.8 KiB, free: 892.5 MiB)
2022-07-20 14:48:44.257  INFO   57 --- [age 8.0 (TID 5)] org.apache.spark.internal.Logging        : Finished task 0.0 in stage 8.0 (TID 5). 1881 bytes result sent to driver
2022-07-20 14:48:44.263  INFO   57 --- [result-getter-0] org.apache.spark.internal.Logging        : Finished task 0.0 in stage 8.0 (TID 5) in 246 ms on host.docker.internal (executor driver) (1/1)
2022-07-20 14:48:44.263  INFO   57 --- [result-getter-0] org.apache.spark.internal.Logging        : Removed TaskSet 8.0, whose tasks have all completed, from pool 
2022-07-20 14:48:44.267  INFO   57 --- [uler-event-loop] org.apache.spark.internal.Logging        : ShuffleMapStage 8 (count at Application.java:136) finished in 0.271 s
2022-07-20 14:48:44.268  INFO   57 --- [uler-event-loop] org.apache.spark.internal.Logging        : looking for newly runnable stages
2022-07-20 14:48:44.269  INFO   57 --- [uler-event-loop] org.apache.spark.internal.Logging        : running: Set(ResultStage 0)
2022-07-20 14:48:44.270  INFO   57 --- [uler-event-loop] org.apache.spark.internal.Logging        : waiting: Set()
2022-07-20 14:48:44.270  INFO   57 --- [uler-event-loop] org.apache.spark.internal.Logging        : failed: Set()
2022-07-20 14:48:44.319  INFO   57 --- [-job-executor-0] org.apache.spark.internal.Logging        : Starting job: count at Application.java:136
2022-07-20 14:48:44.321  INFO   57 --- [uler-event-loop] org.apache.spark.internal.Logging        : Got job 6 (count at Application.java:136) with 1 output partitions
2022-07-20 14:48:44.321  INFO   57 --- [uler-event-loop] org.apache.spark.internal.Logging        : Final stage: ResultStage 10 (count at Application.java:136)
2022-07-20 14:48:44.321  INFO   57 --- [uler-event-loop] org.apache.spark.internal.Logging        : Parents of final stage: List(ShuffleMapStage 9)
2022-07-20 14:48:44.322  INFO   57 --- [uler-event-loop] org.apache.spark.internal.Logging        : Missing parents: List()
2022-07-20 14:48:44.323  INFO   57 --- [uler-event-loop] org.apache.spark.internal.Logging        : Submitting ResultStage 10 (MapPartitionsRDD[56] at count at Application.java:136), which has no missing parents
2022-07-20 14:48:44.333  INFO   57 --- [uler-event-loop] org.apache.spark.internal.Logging        : Block broadcast_6 stored as values in memory (estimated size 11.0 KiB, free 892.4 MiB)
2022-07-20 14:48:44.335  INFO   57 --- [uler-event-loop] org.apache.spark.internal.Logging        : Block broadcast_6_piece0 stored as bytes in memory (estimated size 5.5 KiB, free 892.4 MiB)
2022-07-20 14:48:44.336  INFO   57 --- [ckManagerMaster] org.apache.spark.internal.Logging        : Added broadcast_6_piece0 in memory on host.docker.internal:58170 (size: 5.5 KiB, free: 892.5 MiB)
2022-07-20 14:48:44.337  INFO   57 --- [uler-event-loop] org.apache.spark.internal.Logging        : Created broadcast 6 from broadcast at DAGScheduler.scala:1478
2022-07-20 14:48:44.337  INFO   57 --- [uler-event-loop] org.apache.spark.internal.Logging        : Submitting 1 missing tasks from ResultStage 10 (MapPartitionsRDD[56] at count at Application.java:136) (first 15 tasks are for partitions Vector(0))
2022-07-20 14:48:44.338  INFO   57 --- [uler-event-loop] org.apache.spark.internal.Logging        : Adding task set 10.0 with 1 tasks resource profile 0
2022-07-20 14:48:44.341  INFO   57 --- [er-event-loop-1] org.apache.spark.internal.Logging        : Starting task 0.0 in stage 10.0 (TID 6) (host.docker.internal, executor driver, partition 0, NODE_LOCAL, 4453 bytes) taskResourceAssignments Map()
2022-07-20 14:48:44.342  INFO   57 --- [ge 10.0 (TID 6)] org.apache.spark.internal.Logging        : Running task 0.0 in stage 10.0 (TID 6)
2022-07-20 14:48:44.352  INFO   57 --- [ge 10.0 (TID 6)] org.apache.spark.internal.Logging        : Getting 1 (60.0 B) non-empty blocks including 1 (60.0 B) local and 0 (0.0 B) host-local and 0 (0.0 B) push-merged-local and 0 (0.0 B) remote blocks
2022-07-20 14:48:44.353  INFO   57 --- [ge 10.0 (TID 6)] org.apache.spark.internal.Logging        : Started 0 remote fetches in 3 ms
2022-07-20 14:48:44.371  INFO   57 --- [ge 10.0 (TID 6)] org.apache.spark.internal.Logging        : Finished task 0.0 in stage 10.0 (TID 6). 2605 bytes result sent to driver
2022-07-20 14:48:44.373  INFO   57 --- [result-getter-1] org.apache.spark.internal.Logging        : Finished task 0.0 in stage 10.0 (TID 6) in 33 ms on host.docker.internal (executor driver) (1/1)
2022-07-20 14:48:44.373  INFO   57 --- [result-getter-1] org.apache.spark.internal.Logging        : Removed TaskSet 10.0, whose tasks have all completed, from pool 
2022-07-20 14:48:44.374  INFO   57 --- [uler-event-loop] org.apache.spark.internal.Logging        : ResultStage 10 (count at Application.java:136) finished in 0.044 s
2022-07-20 14:48:44.374  INFO   57 --- [uler-event-loop] org.apache.spark.internal.Logging        : Job 6 is finished. Cancelling potential speculative or zombie tasks for this job
2022-07-20 14:48:44.376  INFO   57 --- [uler-event-loop] org.apache.spark.internal.Logging        : Killing all running tasks in stage 10: Stage finished
2022-07-20 14:48:44.376  INFO   57 --- [-job-executor-0] org.apache.spark.internal.Logging        : Job 6 finished: count at Application.java:136, took 0.056701 s
2022-07-20 14:48:44.735  INFO  142 --- [-job-executor-0] mapreduce.lib.output.FileOutputCommitter : File Output Committer Algorithm version is 1
2022-07-20 14:48:44.737  INFO  157 --- [-job-executor-0] mapreduce.lib.output.FileOutputCommitter : FileOutputCommitter skip cleanup _temporary folders under output directory:false, ignore cleanup failures: false
2022-07-20 14:48:44.741  INFO   57 --- [-job-executor-0] org.apache.spark.internal.Logging        : Using output committer class org.apache.hadoop.mapreduce.lib.output.FileOutputCommitter
2022-07-20 14:48:44.842  INFO   57 --- [-job-executor-0] org.apache.spark.internal.Logging        : Starting job: csv at Application.java:137
2022-07-20 14:48:44.843  INFO   57 --- [uler-event-loop] org.apache.spark.internal.Logging        : Got job 7 (csv at Application.java:137) with 1 output partitions
2022-07-20 14:48:44.844  INFO   57 --- [uler-event-loop] org.apache.spark.internal.Logging        : Final stage: ResultStage 11 (csv at Application.java:137)
2022-07-20 14:48:44.844  INFO   57 --- [uler-event-loop] org.apache.spark.internal.Logging        : Parents of final stage: List()
2022-07-20 14:48:44.844  INFO   57 --- [uler-event-loop] org.apache.spark.internal.Logging        : Missing parents: List()
2022-07-20 14:48:44.846  INFO   57 --- [uler-event-loop] org.apache.spark.internal.Logging        : Submitting ResultStage 11 (MapPartitionsRDD[57] at csv at Application.java:137), which has no missing parents
2022-07-20 14:48:44.889  INFO   57 --- [uler-event-loop] org.apache.spark.internal.Logging        : Block broadcast_7 stored as values in memory (estimated size 206.8 KiB, free 892.2 MiB)
2022-07-20 14:48:44.894  INFO   57 --- [uler-event-loop] org.apache.spark.internal.Logging        : Block broadcast_7_piece0 stored as bytes in memory (estimated size 73.9 KiB, free 892.1 MiB)
2022-07-20 14:48:44.895  INFO   57 --- [ckManagerMaster] org.apache.spark.internal.Logging        : Added broadcast_7_piece0 in memory on host.docker.internal:58170 (size: 73.9 KiB, free: 892.4 MiB)
2022-07-20 14:48:44.896  INFO   57 --- [uler-event-loop] org.apache.spark.internal.Logging        : Created broadcast 7 from broadcast at DAGScheduler.scala:1478
2022-07-20 14:48:44.897  INFO   57 --- [uler-event-loop] org.apache.spark.internal.Logging        : Submitting 1 missing tasks from ResultStage 11 (MapPartitionsRDD[57] at csv at Application.java:137) (first 15 tasks are for partitions Vector(0))
2022-07-20 14:48:44.898  INFO   57 --- [uler-event-loop] org.apache.spark.internal.Logging        : Adding task set 11.0 with 1 tasks resource profile 0
2022-07-20 14:48:44.899  INFO   57 --- [er-event-loop-0] org.apache.spark.internal.Logging        : Starting task 0.0 in stage 11.0 (TID 7) (host.docker.internal, executor driver, partition 0, PROCESS_LOCAL, 4394 bytes) taskResourceAssignments Map()
2022-07-20 14:48:44.900  INFO   57 --- [ge 11.0 (TID 7)] org.apache.spark.internal.Logging        : Running task 0.0 in stage 11.0 (TID 7)
2022-07-20 14:48:44.960  INFO   57 --- [ge 11.0 (TID 7)] org.apache.spark.internal.Logging        : Found block input-0-1658324915938 locally
2022-07-20 14:48:44.965  INFO  142 --- [ge 11.0 (TID 7)] mapreduce.lib.output.FileOutputCommitter : File Output Committer Algorithm version is 1
2022-07-20 14:48:44.966  INFO  157 --- [ge 11.0 (TID 7)] mapreduce.lib.output.FileOutputCommitter : FileOutputCommitter skip cleanup _temporary folders under output directory:false, ignore cleanup failures: false
2022-07-20 14:48:44.968  INFO   57 --- [ge 11.0 (TID 7)] org.apache.spark.internal.Logging        : Using output committer class org.apache.hadoop.mapreduce.lib.output.FileOutputCommitter
2022-07-20 14:48:45.006  INFO   57 --- [   JobGenerator] org.apache.spark.internal.Logging        : Added jobs for time 1658324925000 ms
2022-07-20 14:48:45.307  INFO   57 --- [ckManagerMaster] org.apache.spark.internal.Logging        : Removed broadcast_6_piece0 on host.docker.internal:58170 in memory (size: 5.5 KiB, free: 892.4 MiB)
2022-07-20 14:48:45.315  INFO   57 --- [ckManagerMaster] org.apache.spark.internal.Logging        : Removed broadcast_5_piece0 on host.docker.internal:58170 in memory (size: 6.7 KiB, free: 892.4 MiB)
2022-07-20 14:48:45.431  INFO  604 --- [ge 11.0 (TID 7)] mapreduce.lib.output.FileOutputCommitter : Saved output of task 'attempt_202207201448446357720715797555633_0011_m_000000_7' to file:/C:/IntelliJOutput/output/_temporary/0/task_202207201448446357720715797555633_0011_m_000000
2022-07-20 14:48:45.432  INFO   57 --- [ge 11.0 (TID 7)] org.apache.spark.internal.Logging        : attempt_202207201448446357720715797555633_0011_m_000000_7: Committed
2022-07-20 14:48:45.448  INFO   57 --- [ge 11.0 (TID 7)] org.apache.spark.internal.Logging        : Finished task 0.0 in stage 11.0 (TID 7). 2515 bytes result sent to driver
2022-07-20 14:48:45.453  INFO   57 --- [result-getter-2] org.apache.spark.internal.Logging        : Finished task 0.0 in stage 11.0 (TID 7) in 554 ms on host.docker.internal (executor driver) (1/1)
2022-07-20 14:48:45.454  INFO   57 --- [result-getter-2] org.apache.spark.internal.Logging        : Removed TaskSet 11.0, whose tasks have all completed, from pool 
2022-07-20 14:48:45.455  INFO   57 --- [uler-event-loop] org.apache.spark.internal.Logging        : ResultStage 11 (csv at Application.java:137) finished in 0.608 s
2022-07-20 14:48:45.455  INFO   57 --- [uler-event-loop] org.apache.spark.internal.Logging        : Job 7 is finished. Cancelling potential speculative or zombie tasks for this job
2022-07-20 14:48:45.457  INFO   57 --- [uler-event-loop] org.apache.spark.internal.Logging        : Killing all running tasks in stage 11: Stage finished
2022-07-20 14:48:45.460  INFO   57 --- [-job-executor-0] org.apache.spark.internal.Logging        : Job 7 finished: csv at Application.java:137, took 0.617969 s
2022-07-20 14:48:45.462  INFO   57 --- [-job-executor-0] org.apache.spark.internal.Logging        : Start to commit write Job 9ca9adf8-60e2-468d-a136-a15bf6c8bf0a.
2022-07-20 14:48:45.502  INFO   57 --- [-job-executor-0] org.apache.spark.internal.Logging        : Write Job 9ca9adf8-60e2-468d-a136-a15bf6c8bf0a committed. Elapsed time: 38 ms.
2022-07-20 14:48:45.510  INFO   57 --- [-job-executor-0] org.apache.spark.internal.Logging        : Finished processing stats for write job 9ca9adf8-60e2-468d-a136-a15bf6c8bf0a.
2022-07-20 14:48:45.514  INFO   57 --- [   JobScheduler] org.apache.spark.internal.Logging        : Finished job streaming job 1658324918000 ms.0 from job set of time 1658324918000 ms
2022-07-20 14:48:45.515  INFO   57 --- [   JobScheduler] org.apache.spark.internal.Logging        : Total delay: 7.514 s for time 1658324918000 ms (execution: 2.260 s)
2022-07-20 14:48:45.516  INFO   57 --- [   JobGenerator] org.apache.spark.internal.Logging        : Removing RDD 8 from persistence list
2022-07-20 14:48:45.516  INFO   57 --- [   JobScheduler] org.apache.spark.internal.Logging        : Starting job streaming job 1658324919000 ms.0 from job set of time 1658324919000 ms
2022-07-20 14:48:45.518  INFO   57 --- [   JobGenerator] org.apache.spark.internal.Logging        : Removing RDD 7 from persistence list
2022-07-20 14:48:45.519  INFO   57 --- [   JobGenerator] org.apache.spark.internal.Logging        : Removing blocks of RDD BlockRDD[7] at receiverStream at Application.java:116 of time 1658324918000 ms
2022-07-20 14:48:45.520  INFO   57 --- [   JobGenerator] org.apache.spark.internal.Logging        : Deleting batches: 1658324916000 ms
2022-07-20 14:48:45.521  INFO   57 --- [   JobGenerator] org.apache.spark.internal.Logging        : remove old batch metadata: 1658324916000 ms
2022-07-20 14:48:45.521  INFO   57 --- [-thread-pool-42] org.apache.spark.internal.Logging        : Removing RDD 8
2022-07-20 14:48:45.522  INFO   57 --- [-thread-pool-43] org.apache.spark.internal.Logging        : Removing RDD 7
2022-07-20 14:48:45.528  WARN   69 --- [-job-executor-0] org.apache.spark.internal.Logging        : Using an existing SparkSession; the static sql configurations will not take effect.
2022-07-20 14:48:45.528  WARN   69 --- [-job-executor-0] org.apache.spark.internal.Logging        : Using an existing SparkSession; some spark core configurations may not take effect.
2022-07-20 14:48:45.768  INFO   57 --- [-job-executor-0] org.apache.spark.internal.Logging        : Starting job: count at Application.java:136
2022-07-20 14:48:45.774  INFO   57 --- [uler-event-loop] org.apache.spark.internal.Logging        : Registering RDD 65 (count at Application.java:136) as input to shuffle 4
2022-07-20 14:48:45.784  INFO   57 --- [uler-event-loop] org.apache.spark.internal.Logging        : Got job 8 (count at Application.java:136) with 1 output partitions
2022-07-20 14:48:45.785  INFO   57 --- [uler-event-loop] org.apache.spark.internal.Logging        : Final stage: ResultStage 13 (count at Application.java:136)
2022-07-20 14:48:45.786  INFO   57 --- [uler-event-loop] org.apache.spark.internal.Logging        : Parents of final stage: List(ShuffleMapStage 12)
2022-07-20 14:48:45.786  INFO   57 --- [uler-event-loop] org.apache.spark.internal.Logging        : Missing parents: List()
2022-07-20 14:48:45.788  INFO   57 --- [uler-event-loop] org.apache.spark.internal.Logging        : Submitting ResultStage 13 (MapPartitionsRDD[68] at count at Application.java:136), which has no missing parents
2022-07-20 14:48:45.798  INFO   57 --- [uler-event-loop] org.apache.spark.internal.Logging        : Block broadcast_8 stored as values in memory (estimated size 11.0 KiB, free 892.1 MiB)
2022-07-20 14:48:45.822  INFO   57 --- [uler-event-loop] org.apache.spark.internal.Logging        : Block broadcast_8_piece0 stored as bytes in memory (estimated size 5.4 KiB, free 892.1 MiB)
2022-07-20 14:48:45.828  INFO   57 --- [ckManagerMaster] org.apache.spark.internal.Logging        : Added broadcast_8_piece0 in memory on host.docker.internal:58170 (size: 5.4 KiB, free: 892.4 MiB)
2022-07-20 14:48:45.830  INFO   57 --- [uler-event-loop] org.apache.spark.internal.Logging        : Created broadcast 8 from broadcast at DAGScheduler.scala:1478
2022-07-20 14:48:45.831  INFO   57 --- [uler-event-loop] org.apache.spark.internal.Logging        : Submitting 1 missing tasks from ResultStage 13 (MapPartitionsRDD[68] at count at Application.java:136) (first 15 tasks are for partitions Vector(0))
2022-07-20 14:48:45.833  INFO   57 --- [uler-event-loop] org.apache.spark.internal.Logging        : Adding task set 13.0 with 1 tasks resource profile 0
2022-07-20 14:48:45.836  INFO   57 --- [er-event-loop-0] org.apache.spark.internal.Logging        : Starting task 0.0 in stage 13.0 (TID 8) (host.docker.internal, executor driver, partition 0, PROCESS_LOCAL, 4453 bytes) taskResourceAssignments Map()
2022-07-20 14:48:45.839  INFO   57 --- [ge 13.0 (TID 8)] org.apache.spark.internal.Logging        : Running task 0.0 in stage 13.0 (TID 8)
2022-07-20 14:48:45.848  INFO   57 --- [ge 13.0 (TID 8)] org.apache.spark.internal.Logging        : Getting 0 (0.0 B) non-empty blocks including 0 (0.0 B) local and 0 (0.0 B) host-local and 0 (0.0 B) push-merged-local and 0 (0.0 B) remote blocks
2022-07-20 14:48:45.849  INFO   57 --- [ge 13.0 (TID 8)] org.apache.spark.internal.Logging        : Started 0 remote fetches in 2 ms
2022-07-20 14:48:45.850  INFO   57 --- [ge 13.0 (TID 8)] org.apache.spark.internal.Logging        : Finished task 0.0 in stage 13.0 (TID 8). 2555 bytes result sent to driver
2022-07-20 14:48:45.852  INFO   57 --- [result-getter-3] org.apache.spark.internal.Logging        : Finished task 0.0 in stage 13.0 (TID 8) in 17 ms on host.docker.internal (executor driver) (1/1)
2022-07-20 14:48:45.853  INFO   57 --- [result-getter-3] org.apache.spark.internal.Logging        : Removed TaskSet 13.0, whose tasks have all completed, from pool 
2022-07-20 14:48:45.856  INFO   57 --- [uler-event-loop] org.apache.spark.internal.Logging        : ResultStage 13 (count at Application.java:136) finished in 0.062 s
2022-07-20 14:48:45.857  INFO   57 --- [uler-event-loop] org.apache.spark.internal.Logging        : Job 8 is finished. Cancelling potential speculative or zombie tasks for this job
2022-07-20 14:48:45.859  INFO   57 --- [uler-event-loop] org.apache.spark.internal.Logging        : Killing all running tasks in stage 13: Stage finished
2022-07-20 14:48:45.862  INFO   57 --- [-job-executor-0] org.apache.spark.internal.Logging        : Job 8 finished: count at Application.java:136, took 0.089376 s
2022-07-20 14:48:45.864  INFO   57 --- [   JobScheduler] org.apache.spark.internal.Logging        : Finished job streaming job 1658324919000 ms.0 from job set of time 1658324919000 ms
2022-07-20 14:48:45.864  INFO   57 --- [   JobScheduler] org.apache.spark.internal.Logging        : Total delay: 6.864 s for time 1658324919000 ms (execution: 0.348 s)
2022-07-20 14:48:45.865  INFO   57 --- [   JobScheduler] org.apache.spark.internal.Logging        : Starting job streaming job 1658324920000 ms.0 from job set of time 1658324920000 ms
2022-07-20 14:48:45.867  WARN   69 --- [-job-executor-0] org.apache.spark.internal.Logging        : Using an existing SparkSession; the static sql configurations will not take effect.
2022-07-20 14:48:45.868  WARN   69 --- [-job-executor-0] org.apache.spark.internal.Logging        : Using an existing SparkSession; some spark core configurations may not take effect.
2022-07-20 14:48:45.873  INFO   57 --- [   JobGenerator] org.apache.spark.internal.Logging        : Removing RDD 10 from persistence list
2022-07-20 14:48:45.880  INFO   57 --- [   JobGenerator] org.apache.spark.internal.Logging        : Removing RDD 9 from persistence list
2022-07-20 14:48:45.921  INFO   57 --- [   JobGenerator] org.apache.spark.internal.Logging        : Removing blocks of RDD BlockRDD[9] at receiverStream at Application.java:116 of time 1658324919000 ms
2022-07-20 14:48:45.938  INFO   57 --- [   JobGenerator] org.apache.spark.internal.Logging        : Deleting batches: 1658324917000 ms
2022-07-20 14:48:45.938  INFO   57 --- [   JobGenerator] org.apache.spark.internal.Logging        : remove old batch metadata: 1658324917000 ms
2022-07-20 14:48:45.945  INFO   57 --- [-thread-pool-48] org.apache.spark.internal.Logging        : Removing RDD 10
2022-07-20 14:48:45.950  INFO   57 --- [-thread-pool-49] org.apache.spark.internal.Logging        : Removing RDD 9
2022-07-20 14:48:45.958  INFO   57 --- [ckManagerMaster] org.apache.spark.internal.Logging        : Removed input-0-1658324915938 on host.docker.internal:58170 in memory (size: 5.1 MiB, free: 897.5 MiB)
2022-07-20 14:48:46.004  INFO   57 --- [   JobGenerator] org.apache.spark.internal.Logging        : Added jobs for time 1658324926000 ms
2022-07-20 14:48:46.098  INFO   57 --- [-job-executor-0] org.apache.spark.internal.Logging        : Starting job: count at Application.java:136
2022-07-20 14:48:46.100  INFO   57 --- [uler-event-loop] org.apache.spark.internal.Logging        : Registering RDD 76 (count at Application.java:136) as input to shuffle 5
2022-07-20 14:48:46.100  INFO   57 --- [uler-event-loop] org.apache.spark.internal.Logging        : Got job 9 (count at Application.java:136) with 1 output partitions
2022-07-20 14:48:46.101  INFO   57 --- [uler-event-loop] org.apache.spark.internal.Logging        : Final stage: ResultStage 15 (count at Application.java:136)
2022-07-20 14:48:46.101  INFO   57 --- [uler-event-loop] org.apache.spark.internal.Logging        : Parents of final stage: List(ShuffleMapStage 14)
2022-07-20 14:48:46.102  INFO   57 --- [uler-event-loop] org.apache.spark.internal.Logging        : Missing parents: List()
2022-07-20 14:48:46.103  INFO   57 --- [uler-event-loop] org.apache.spark.internal.Logging        : Submitting ResultStage 15 (MapPartitionsRDD[79] at count at Application.java:136), which has no missing parents
2022-07-20 14:48:46.110  INFO   57 --- [uler-event-loop] org.apache.spark.internal.Logging        : Block broadcast_9 stored as values in memory (estimated size 11.0 KiB, free 897.2 MiB)
2022-07-20 14:48:46.113  INFO   57 --- [uler-event-loop] org.apache.spark.internal.Logging        : Block broadcast_9_piece0 stored as bytes in memory (estimated size 5.4 KiB, free 897.2 MiB)
2022-07-20 14:48:46.115  INFO   57 --- [ckManagerMaster] org.apache.spark.internal.Logging        : Added broadcast_9_piece0 in memory on host.docker.internal:58170 (size: 5.4 KiB, free: 897.5 MiB)
2022-07-20 14:48:46.116  INFO   57 --- [uler-event-loop] org.apache.spark.internal.Logging        : Created broadcast 9 from broadcast at DAGScheduler.scala:1478
2022-07-20 14:48:46.117  INFO   57 --- [uler-event-loop] org.apache.spark.internal.Logging        : Submitting 1 missing tasks from ResultStage 15 (MapPartitionsRDD[79] at count at Application.java:136) (first 15 tasks are for partitions Vector(0))
2022-07-20 14:48:46.117  INFO   57 --- [uler-event-loop] org.apache.spark.internal.Logging        : Adding task set 15.0 with 1 tasks resource profile 0
2022-07-20 14:48:46.118  INFO   57 --- [er-event-loop-3] org.apache.spark.internal.Logging        : Starting task 0.0 in stage 15.0 (TID 9) (host.docker.internal, executor driver, partition 0, PROCESS_LOCAL, 4453 bytes) taskResourceAssignments Map()
2022-07-20 14:48:46.119  INFO   57 --- [ge 15.0 (TID 9)] org.apache.spark.internal.Logging        : Running task 0.0 in stage 15.0 (TID 9)
2022-07-20 14:48:46.126  INFO   57 --- [ge 15.0 (TID 9)] org.apache.spark.internal.Logging        : Getting 0 (0.0 B) non-empty blocks including 0 (0.0 B) local and 0 (0.0 B) host-local and 0 (0.0 B) push-merged-local and 0 (0.0 B) remote blocks
2022-07-20 14:48:46.126  INFO   57 --- [ge 15.0 (TID 9)] org.apache.spark.internal.Logging        : Started 0 remote fetches in 0 ms
2022-07-20 14:48:46.133  INFO   57 --- [ge 15.0 (TID 9)] org.apache.spark.internal.Logging        : Finished task 0.0 in stage 15.0 (TID 9). 2641 bytes result sent to driver
2022-07-20 14:48:46.135  INFO   57 --- [result-getter-0] org.apache.spark.internal.Logging        : Finished task 0.0 in stage 15.0 (TID 9) in 17 ms on host.docker.internal (executor driver) (1/1)
2022-07-20 14:48:46.136  INFO   57 --- [result-getter-0] org.apache.spark.internal.Logging        : Removed TaskSet 15.0, whose tasks have all completed, from pool 
2022-07-20 14:48:46.139  INFO   57 --- [uler-event-loop] org.apache.spark.internal.Logging        : ResultStage 15 (count at Application.java:136) finished in 0.034 s
2022-07-20 14:48:46.139  INFO   57 --- [uler-event-loop] org.apache.spark.internal.Logging        : Job 9 is finished. Cancelling potential speculative or zombie tasks for this job
2022-07-20 14:48:46.140  INFO   57 --- [uler-event-loop] org.apache.spark.internal.Logging        : Killing all running tasks in stage 15: Stage finished
2022-07-20 14:48:46.140  INFO   57 --- [-job-executor-0] org.apache.spark.internal.Logging        : Job 9 finished: count at Application.java:136, took 0.041175 s
2022-07-20 14:48:46.142  INFO   57 --- [   JobScheduler] org.apache.spark.internal.Logging        : Finished job streaming job 1658324920000 ms.0 from job set of time 1658324920000 ms
2022-07-20 14:48:46.142  INFO   57 --- [   JobScheduler] org.apache.spark.internal.Logging        : Total delay: 6.142 s for time 1658324920000 ms (execution: 0.277 s)
2022-07-20 14:48:46.143  INFO   57 --- [   JobScheduler] org.apache.spark.internal.Logging        : Starting job streaming job 1658324921000 ms.0 from job set of time 1658324921000 ms
2022-07-20 14:48:46.144  INFO   57 --- [   JobGenerator] org.apache.spark.internal.Logging        : Removing RDD 12 from persistence list
2022-07-20 14:48:46.148  INFO   57 --- [   JobGenerator] org.apache.spark.internal.Logging        : Removing RDD 11 from persistence list
2022-07-20 14:48:46.149  WARN   69 --- [-job-executor-0] org.apache.spark.internal.Logging        : Using an existing SparkSession; the static sql configurations will not take effect.
2022-07-20 14:48:46.150  WARN   69 --- [-job-executor-0] org.apache.spark.internal.Logging        : Using an existing SparkSession; some spark core configurations may not take effect.
2022-07-20 14:48:46.154  INFO   57 --- [   JobGenerator] org.apache.spark.internal.Logging        : Removing blocks of RDD BlockRDD[11] at receiverStream at Application.java:116 of time 1658324920000 ms
2022-07-20 14:48:46.154  INFO   57 --- [   JobGenerator] org.apache.spark.internal.Logging        : Deleting batches: 1658324918000 ms
2022-07-20 14:48:46.155  INFO   57 --- [   JobGenerator] org.apache.spark.internal.Logging        : remove old batch metadata: 1658324918000 ms
2022-07-20 14:48:46.157  INFO   57 --- [-thread-pool-57] org.apache.spark.internal.Logging        : Removing RDD 12
2022-07-20 14:48:46.157  INFO   57 --- [-thread-pool-58] org.apache.spark.internal.Logging        : Removing RDD 11
2022-07-20 14:48:46.328  INFO   57 --- [-job-executor-0] org.apache.spark.internal.Logging        : Starting job: count at Application.java:136
2022-07-20 14:48:46.329  INFO   57 --- [uler-event-loop] org.apache.spark.internal.Logging        : Registering RDD 85 (count at Application.java:136) as input to shuffle 6
2022-07-20 14:48:46.330  INFO   57 --- [uler-event-loop] org.apache.spark.internal.Logging        : Got job 10 (count at Application.java:136) with 1 output partitions
2022-07-20 14:48:46.330  INFO   57 --- [uler-event-loop] org.apache.spark.internal.Logging        : Final stage: ResultStage 17 (count at Application.java:136)
2022-07-20 14:48:46.330  INFO   57 --- [uler-event-loop] org.apache.spark.internal.Logging        : Parents of final stage: List(ShuffleMapStage 16)
2022-07-20 14:48:46.331  INFO   57 --- [uler-event-loop] org.apache.spark.internal.Logging        : Missing parents: List()
2022-07-20 14:48:46.333  INFO   57 --- [uler-event-loop] org.apache.spark.internal.Logging        : Submitting ResultStage 17 (MapPartitionsRDD[88] at count at Application.java:136), which has no missing parents
2022-07-20 14:48:46.336  INFO   57 --- [uler-event-loop] org.apache.spark.internal.Logging        : Block broadcast_10 stored as values in memory (estimated size 11.0 KiB, free 897.2 MiB)
2022-07-20 14:48:46.339  INFO   57 --- [uler-event-loop] org.apache.spark.internal.Logging        : Block broadcast_10_piece0 stored as bytes in memory (estimated size 5.4 KiB, free 897.1 MiB)
2022-07-20 14:48:46.340  INFO   57 --- [ckManagerMaster] org.apache.spark.internal.Logging        : Added broadcast_10_piece0 in memory on host.docker.internal:58170 (size: 5.4 KiB, free: 897.5 MiB)
2022-07-20 14:48:46.341  INFO   57 --- [uler-event-loop] org.apache.spark.internal.Logging        : Created broadcast 10 from broadcast at DAGScheduler.scala:1478
2022-07-20 14:48:46.343  INFO   57 --- [uler-event-loop] org.apache.spark.internal.Logging        : Submitting 1 missing tasks from ResultStage 17 (MapPartitionsRDD[88] at count at Application.java:136) (first 15 tasks are for partitions Vector(0))
2022-07-20 14:48:46.343  INFO   57 --- [uler-event-loop] org.apache.spark.internal.Logging        : Adding task set 17.0 with 1 tasks resource profile 0
2022-07-20 14:48:46.345  INFO   57 --- [er-event-loop-2] org.apache.spark.internal.Logging        : Starting task 0.0 in stage 17.0 (TID 10) (host.docker.internal, executor driver, partition 0, PROCESS_LOCAL, 4453 bytes) taskResourceAssignments Map()
2022-07-20 14:48:46.346  INFO   57 --- [e 17.0 (TID 10)] org.apache.spark.internal.Logging        : Running task 0.0 in stage 17.0 (TID 10)
2022-07-20 14:48:46.350  INFO   57 --- [e 17.0 (TID 10)] org.apache.spark.internal.Logging        : Getting 0 (0.0 B) non-empty blocks including 0 (0.0 B) local and 0 (0.0 B) host-local and 0 (0.0 B) push-merged-local and 0 (0.0 B) remote blocks
2022-07-20 14:48:46.351  INFO   57 --- [e 17.0 (TID 10)] org.apache.spark.internal.Logging        : Started 0 remote fetches in 0 ms
2022-07-20 14:48:46.352  INFO   57 --- [e 17.0 (TID 10)] org.apache.spark.internal.Logging        : Finished task 0.0 in stage 17.0 (TID 10). 2555 bytes result sent to driver
2022-07-20 14:48:46.353  INFO   57 --- [result-getter-1] org.apache.spark.internal.Logging        : Finished task 0.0 in stage 17.0 (TID 10) in 9 ms on host.docker.internal (executor driver) (1/1)
2022-07-20 14:48:46.354  INFO   57 --- [result-getter-1] org.apache.spark.internal.Logging        : Removed TaskSet 17.0, whose tasks have all completed, from pool 
2022-07-20 14:48:46.355  INFO   57 --- [uler-event-loop] org.apache.spark.internal.Logging        : ResultStage 17 (count at Application.java:136) finished in 0.020 s
2022-07-20 14:48:46.356  INFO   57 --- [uler-event-loop] org.apache.spark.internal.Logging        : Job 10 is finished. Cancelling potential speculative or zombie tasks for this job
2022-07-20 14:48:46.357  INFO   57 --- [uler-event-loop] org.apache.spark.internal.Logging        : Killing all running tasks in stage 17: Stage finished
2022-07-20 14:48:46.357  INFO   57 --- [-job-executor-0] org.apache.spark.internal.Logging        : Job 10 finished: count at Application.java:136, took 0.029188 s
2022-07-20 14:48:46.365  INFO   57 --- [   JobScheduler] org.apache.spark.internal.Logging        : Finished job streaming job 1658324921000 ms.0 from job set of time 1658324921000 ms
2022-07-20 14:48:46.365  INFO   57 --- [   JobScheduler] org.apache.spark.internal.Logging        : Total delay: 5.365 s for time 1658324921000 ms (execution: 0.222 s)
2022-07-20 14:48:46.366  INFO   57 --- [   JobScheduler] org.apache.spark.internal.Logging        : Starting job streaming job 1658324922000 ms.0 from job set of time 1658324922000 ms
2022-07-20 14:48:46.368  WARN   69 --- [-job-executor-0] org.apache.spark.internal.Logging        : Using an existing SparkSession; the static sql configurations will not take effect.
2022-07-20 14:48:46.368  WARN   69 --- [-job-executor-0] org.apache.spark.internal.Logging        : Using an existing SparkSession; some spark core configurations may not take effect.
2022-07-20 14:48:46.371  INFO   57 --- [   JobGenerator] org.apache.spark.internal.Logging        : Removing RDD 14 from persistence list
2022-07-20 14:48:46.380  INFO   57 --- [   JobGenerator] org.apache.spark.internal.Logging        : Removing RDD 13 from persistence list
2022-07-20 14:48:46.383  INFO   57 --- [   JobGenerator] org.apache.spark.internal.Logging        : Removing blocks of RDD BlockRDD[13] at receiverStream at Application.java:116 of time 1658324921000 ms
2022-07-20 14:48:46.384  INFO   57 --- [   JobGenerator] org.apache.spark.internal.Logging        : Deleting batches: 1658324919000 ms
2022-07-20 14:48:46.384  INFO   57 --- [   JobGenerator] org.apache.spark.internal.Logging        : remove old batch metadata: 1658324919000 ms
2022-07-20 14:48:46.424  INFO   57 --- [-thread-pool-63] org.apache.spark.internal.Logging        : Removing RDD 14
2022-07-20 14:48:46.431  INFO   57 --- [-thread-pool-64] org.apache.spark.internal.Logging        : Removing RDD 13
2022-07-20 14:48:46.490  INFO   57 --- [shutdown-hook-0] org.apache.spark.internal.Logging        : Invoking stop(stopGracefully=false) from shutdown hook
2022-07-20 14:48:46.500  INFO   57 --- [er-event-loop-1] org.apache.spark.internal.Logging        : Sent stop signal to all 1 receivers
2022-07-20 14:48:46.501  INFO   57 --- [er-event-loop-2] org.apache.spark.internal.Logging        : Received stop signal
2022-07-20 14:48:46.503  INFO   57 --- [er-event-loop-2] org.apache.spark.internal.Logging        : Stopping receiver with message: Stopped by driver: 
2022-07-20 14:48:46.504  INFO   57 --- [er-event-loop-2] org.apache.spark.internal.Logging        : Called receiver onStop
2022-07-20 14:48:46.505  INFO   57 --- [er-event-loop-2] org.apache.spark.internal.Logging        : Deregistering receiver 0
2022-07-20 14:48:46.507  ERROR   73 --- [er-event-loop-3] org.apache.spark.internal.Logging        : Deregistered receiver for stream 0: Stopped by driver
2022-07-20 14:48:46.509  INFO   57 --- [er-event-loop-2] org.apache.spark.internal.Logging        : Stopped receiver 0
2022-07-20 14:48:46.513  INFO   57 --- [er-event-loop-2] org.apache.spark.internal.Logging        : Stopping BlockGenerator
2022-07-20 14:48:46.521  INFO   57 --- [-job-executor-0] org.apache.spark.internal.Logging        : Starting job: count at Application.java:136
2022-07-20 14:48:46.523  INFO   57 --- [uler-event-loop] org.apache.spark.internal.Logging        : Registering RDD 94 (count at Application.java:136) as input to shuffle 7
2022-07-20 14:48:46.523  INFO   57 --- [uler-event-loop] org.apache.spark.internal.Logging        : Got job 11 (count at Application.java:136) with 1 output partitions
2022-07-20 14:48:46.523  INFO   57 --- [uler-event-loop] org.apache.spark.internal.Logging        : Final stage: ResultStage 19 (count at Application.java:136)
2022-07-20 14:48:46.524  INFO   57 --- [uler-event-loop] org.apache.spark.internal.Logging        : Parents of final stage: List(ShuffleMapStage 18)
2022-07-20 14:48:46.524  INFO   57 --- [uler-event-loop] org.apache.spark.internal.Logging        : Missing parents: List()
2022-07-20 14:48:46.524  INFO   57 --- [uler-event-loop] org.apache.spark.internal.Logging        : Submitting ResultStage 19 (MapPartitionsRDD[97] at count at Application.java:136), which has no missing parents
2022-07-20 14:48:46.528  INFO   57 --- [uler-event-loop] org.apache.spark.internal.Logging        : Block broadcast_11 stored as values in memory (estimated size 11.0 KiB, free 897.1 MiB)
2022-07-20 14:48:46.532  INFO   57 --- [uler-event-loop] org.apache.spark.internal.Logging        : Block broadcast_11_piece0 stored as bytes in memory (estimated size 5.4 KiB, free 897.1 MiB)
2022-07-20 14:48:46.533  INFO   57 --- [ckManagerMaster] org.apache.spark.internal.Logging        : Added broadcast_11_piece0 in memory on host.docker.internal:58170 (size: 5.4 KiB, free: 897.5 MiB)
2022-07-20 14:48:46.534  INFO   57 --- [uler-event-loop] org.apache.spark.internal.Logging        : Created broadcast 11 from broadcast at DAGScheduler.scala:1478
2022-07-20 14:48:46.535  INFO   57 --- [uler-event-loop] org.apache.spark.internal.Logging        : Submitting 1 missing tasks from ResultStage 19 (MapPartitionsRDD[97] at count at Application.java:136) (first 15 tasks are for partitions Vector(0))
2022-07-20 14:48:46.535  INFO   57 --- [uler-event-loop] org.apache.spark.internal.Logging        : Adding task set 19.0 with 1 tasks resource profile 0
2022-07-20 14:48:46.537  INFO   57 --- [er-event-loop-0] org.apache.spark.internal.Logging        : Starting task 0.0 in stage 19.0 (TID 11) (host.docker.internal, executor driver, partition 0, PROCESS_LOCAL, 4453 bytes) taskResourceAssignments Map()
2022-07-20 14:48:46.539  ERROR   94 --- [er-event-loop-0] org.apache.spark.internal.Logging        : Ignoring error
java.util.concurrent.RejectedExecutionException: Task org.apache.spark.executor.Executor$TaskRunner@488a30a1 rejected from java.util.concurrent.ThreadPoolExecutor@67b2309b[Shutting down, pool size = 1, active threads = 1, queued tasks = 0, completed tasks = 10]
	at java.util.concurrent.ThreadPoolExecutor$AbortPolicy.rejectedExecution(ThreadPoolExecutor.java:2063)
	at java.util.concurrent.ThreadPoolExecutor.reject(ThreadPoolExecutor.java:830)
	at java.util.concurrent.ThreadPoolExecutor.execute(ThreadPoolExecutor.java:1379)
	at org.apache.spark.executor.Executor.launchTask(Executor.scala:270)
	at org.apache.spark.scheduler.local.LocalEndpoint.$anonfun$reviveOffers$1(LocalSchedulerBackend.scala:93)
	at org.apache.spark.scheduler.local.LocalEndpoint.$anonfun$reviveOffers$1$adapted(LocalSchedulerBackend.scala:91)
	at scala.collection.Iterator.foreach(Iterator.scala:943)
	at scala.collection.Iterator.foreach$(Iterator.scala:943)
	at scala.collection.AbstractIterator.foreach(Iterator.scala:1431)
	at scala.collection.IterableLike.foreach(IterableLike.scala:74)
	at scala.collection.IterableLike.foreach$(IterableLike.scala:73)
	at scala.collection.AbstractIterable.foreach(Iterable.scala:56)
	at org.apache.spark.scheduler.local.LocalEndpoint.reviveOffers(LocalSchedulerBackend.scala:91)
	at org.apache.spark.scheduler.local.LocalEndpoint$$anonfun$receive$1.applyOrElse(LocalSchedulerBackend.scala:68)
	at org.apache.spark.rpc.netty.Inbox.$anonfun$process$1(Inbox.scala:115)
	at org.apache.spark.rpc.netty.Inbox.safelyCall(Inbox.scala:213)
	at org.apache.spark.rpc.netty.Inbox.process(Inbox.scala:100)
	at org.apache.spark.rpc.netty.MessageLoop.org$apache$spark$rpc$netty$MessageLoop$$receiveLoop(MessageLoop.scala:75)
	at org.apache.spark.rpc.netty.MessageLoop$$anon$1.run(MessageLoop.scala:41)
	at java.util.concurrent.ThreadPoolExecutor.runWorker(ThreadPoolExecutor.java:1149)
	at java.util.concurrent.ThreadPoolExecutor$Worker.run(ThreadPoolExecutor.java:624)
	at java.lang.Thread.run(Thread.java:748)
2022-07-20 14:48:46.800  INFO   57 --- [er-event-loop-2] org.apache.spark.internal.Logging        : Stopped timer for BlockGenerator after time 1658324926800
2022-07-20 14:48:46.801  INFO   57 --- [er-event-loop-2] org.apache.spark.internal.Logging        : Waiting for block pushing thread to terminate
2022-07-20 14:48:46.807  INFO   57 --- [      Thread-14] org.apache.spark.internal.Logging        : Pushing out the last 0 blocks
2022-07-20 14:48:46.808  INFO   57 --- [      Thread-14] org.apache.spark.internal.Logging        : Stopped block pushing thread
2022-07-20 14:48:46.809  INFO   57 --- [er-event-loop-2] org.apache.spark.internal.Logging        : Stopped BlockGenerator
2022-07-20 14:48:46.810  INFO   57 --- [age 0.0 (TID 0)] org.apache.spark.internal.Logging        : Stopped receiver without error
2022-07-20 14:48:46.812  INFO   57 --- [age 0.0 (TID 0)] org.apache.spark.internal.Logging        : Finished task 0.0 in stage 0.0 (TID 0). 880 bytes result sent to driver
2022-07-20 14:48:46.813  INFO   57 --- [result-getter-2] org.apache.spark.internal.Logging        : Finished task 0.0 in stage 0.0 (TID 0) in 11438 ms on host.docker.internal (executor driver) (1/1)
2022-07-20 14:48:46.814  INFO   57 --- [result-getter-2] org.apache.spark.internal.Logging        : Removed TaskSet 0.0, whose tasks have all completed, from pool 
2022-07-20 14:48:46.814  INFO   57 --- [uler-event-loop] org.apache.spark.internal.Logging        : ResultStage 0 (start at Application.java:143) finished in 11.926 s
2022-07-20 14:48:46.815  INFO   57 --- [uler-event-loop] org.apache.spark.internal.Logging        : Job 0 is finished. Cancelling potential speculative or zombie tasks for this job
2022-07-20 14:48:46.815  INFO   57 --- [uler-event-loop] org.apache.spark.internal.Logging        : Killing all running tasks in stage 0: Stage finished
2022-07-20 14:48:46.818  INFO   57 --- [shutdown-hook-0] org.apache.spark.internal.Logging        : All of the receivers have deregistered successfully
2022-07-20 14:48:46.819  INFO   57 --- [shutdown-hook-0] org.apache.spark.internal.Logging        : ReceiverTracker stopped
2022-07-20 14:48:46.822  INFO   57 --- [shutdown-hook-0] org.apache.spark.internal.Logging        : Stopping JobGenerator immediately
2022-07-20 14:48:46.824  INFO   57 --- [shutdown-hook-0] org.apache.spark.internal.Logging        : Stopped timer for JobGenerator after time 1658324926000
2022-07-20 14:48:46.824  INFO   57 --- [shutdown-hook-0] org.apache.spark.internal.Logging        : Stopped JobGenerator
2022-07-20 14:48:48.846  INFO   57 --- [shutdown-hook-0] org.apache.spark.internal.Logging        : Stopped JobScheduler
2022-07-20 14:48:48.855  INFO 1153 --- [shutdown-hook-0] ject.jetty.server.handler.ContextHandler : Stopped o.s.j.s.ServletContextHandler@5109e8cf{/streaming,null,STOPPED,@Spark}
2022-07-20 14:48:48.856  INFO 1153 --- [shutdown-hook-0] ject.jetty.server.handler.ContextHandler : Stopped o.s.j.s.ServletContextHandler@78b41097{/streaming/json,null,STOPPED,@Spark}
2022-07-20 14:48:48.857  INFO 1153 --- [shutdown-hook-0] ject.jetty.server.handler.ContextHandler : Stopped o.s.j.s.ServletContextHandler@2d000e80{/streaming/batch,null,STOPPED,@Spark}
2022-07-20 14:48:48.859  INFO 1153 --- [shutdown-hook-0] ject.jetty.server.handler.ContextHandler : Stopped o.s.j.s.ServletContextHandler@20e6c4dc{/streaming/batch/json,null,STOPPED,@Spark}
2022-07-20 14:48:48.861  INFO 1153 --- [shutdown-hook-0] ject.jetty.server.handler.ContextHandler : Stopped o.s.j.s.ServletContextHandler@33f98231{/static/streaming,null,STOPPED,@Spark}
2022-07-20 14:48:48.862  INFO  154 --- [           main] com.elite.cdr.validator.Application      : ****************************************************
2022-07-20 14:48:48.862  INFO  155 --- [           main] com.elite.cdr.validator.Application      : Duration: 0.0 seconds
2022-07-20 14:48:48.862  INFO   57 --- [shutdown-hook-0] org.apache.spark.internal.Logging        : StreamingContext stopped successfully
2022-07-20 14:48:48.862  INFO  156 --- [           main] com.elite.cdr.validator.Application      : Batch executed with success
2022-07-20 14:48:48.863  INFO  157 --- [           main] com.elite.cdr.validator.Application      : ****************************************************
2022-07-20 14:48:48.863  INFO   57 --- [shutdown-hook-0] org.apache.spark.internal.Logging        : Invoking stop() from shutdown hook
2022-07-20 14:48:48.876  INFO  381 --- [shutdown-hook-0] rkproject.jetty.server.AbstractConnector : Stopped Spark@7caa550{HTTP/1.1, (http/1.1)}{0.0.0.0:4040}
2022-07-20 14:48:48.879  INFO   57 --- [shutdown-hook-0] org.apache.spark.internal.Logging        : Stopped Spark web UI at http://host.docker.internal:4040
2022-07-20 14:48:48.884  INFO   57 --- [shutdown-hook-0] org.apache.spark.internal.Logging        : ResultStage 19 (count at Application.java:136) failed in 2.357 s due to Stage cancelled because SparkContext was shut down
2022-07-20 14:48:48.898  INFO   57 --- [er-event-loop-0] org.apache.spark.internal.Logging        : MapOutputTrackerMasterEndpoint stopped!
2022-07-20 14:48:48.983  INFO   57 --- [shutdown-hook-0] org.apache.spark.internal.Logging        : MemoryStore cleared
2022-07-20 14:48:48.984  INFO   57 --- [shutdown-hook-0] org.apache.spark.internal.Logging        : BlockManager stopped
2022-07-20 14:48:48.990  INFO   57 --- [shutdown-hook-0] org.apache.spark.internal.Logging        : BlockManagerMaster stopped
2022-07-20 14:48:48.994  INFO   57 --- [er-event-loop-0] org.apache.spark.internal.Logging        : OutputCommitCoordinator stopped!
2022-07-20 14:48:48.999  INFO   57 --- [shutdown-hook-0] org.apache.spark.internal.Logging        : Successfully stopped SparkContext
2022-07-20 14:48:48.999  INFO   57 --- [shutdown-hook-0] org.apache.spark.internal.Logging        : Shutdown hook called
2022-07-20 14:48:49.000  INFO   57 --- [shutdown-hook-0] org.apache.spark.internal.Logging        : Deleting directory C:\Users\Wael Hamdi\AppData\Local\Temp\spark-0cb357a4-4e3b-4430-a6b8-cbda333c479c
