2022-06-27 11:45:54.950  INFO   54 --- [           main] com.elite.cdr.validator.Application      : Starting ASN1 Reader 
2022-06-27 11:45:54.966  INFO   56 --- [           main] com.elite.cdr.validator.Application      : ############### Run with the args [--env, local, --file, C:\IntelliJProjects\FraudDetectionSpark3\src\main\resources\data\simpleTypes.ber]
2022-06-27 11:45:55.028  INFO   62 --- [           main] com.elite.cdr.validator.Application      : ############### Run in local mode
2022-06-27 11:45:56.622  INFO   57 --- [           main] org.apache.spark.internal.Logging        : Running Spark version 3.2.1
2022-06-27 11:45:57.105  INFO   57 --- [           main] org.apache.spark.internal.Logging        : ==============================================================
2022-06-27 11:45:57.116  INFO   57 --- [           main] org.apache.spark.internal.Logging        : No custom resources configured for spark.driver.
2022-06-27 11:45:57.118  INFO   57 --- [           main] org.apache.spark.internal.Logging        : ==============================================================
2022-06-27 11:45:57.120  INFO   57 --- [           main] org.apache.spark.internal.Logging        : Submitted application: NiFi-Spark Streaming example
2022-06-27 11:45:57.214  INFO   57 --- [           main] org.apache.spark.internal.Logging        : Default ResourceProfile created, executor resources: Map(cores -> name: cores, amount: 1, script: , vendor: , memory -> name: memory, amount: 1024, script: , vendor: , offHeap -> name: offHeap, amount: 0, script: , vendor: ), task resources: Map(cpus -> name: cpus, amount: 1.0)
2022-06-27 11:45:57.269  INFO   57 --- [           main] org.apache.spark.internal.Logging        : Limiting resource is cpu
2022-06-27 11:45:57.284  INFO   57 --- [           main] org.apache.spark.internal.Logging        : Added ResourceProfile id: 0
2022-06-27 11:45:57.659  INFO   57 --- [           main] org.apache.spark.internal.Logging        : Changing view acls to: Wael Hamdi
2022-06-27 11:45:57.659  INFO   57 --- [           main] org.apache.spark.internal.Logging        : Changing modify acls to: Wael Hamdi
2022-06-27 11:45:57.659  INFO   57 --- [           main] org.apache.spark.internal.Logging        : Changing view acls groups to: 
2022-06-27 11:45:57.659  INFO   57 --- [           main] org.apache.spark.internal.Logging        : Changing modify acls groups to: 
2022-06-27 11:45:57.659  INFO   57 --- [           main] org.apache.spark.internal.Logging        : SecurityManager: authentication disabled; ui acls disabled; users  with view permissions: Set(Wael Hamdi); groups with view permissions: Set(); users  with modify permissions: Set(Wael Hamdi); groups with modify permissions: Set()
2022-06-27 11:46:00.407  INFO   57 --- [           main] org.apache.spark.internal.Logging        : Successfully started service 'sparkDriver' on port 62184.
2022-06-27 11:46:00.453  INFO   57 --- [           main] org.apache.spark.internal.Logging        : Registering MapOutputTracker
2022-06-27 11:46:00.505  INFO   57 --- [           main] org.apache.spark.internal.Logging        : Registering BlockManagerMaster
2022-06-27 11:46:00.534  INFO   57 --- [           main] org.apache.spark.internal.Logging        : Using org.apache.spark.storage.DefaultTopologyMapper for getting topology information
2022-06-27 11:46:00.535  INFO   57 --- [           main] org.apache.spark.internal.Logging        : BlockManagerMasterEndpoint up
2022-06-27 11:46:00.540  INFO   57 --- [           main] org.apache.spark.internal.Logging        : Registering BlockManagerMasterHeartbeat
2022-06-27 11:46:00.570  INFO   57 --- [           main] org.apache.spark.internal.Logging        : Created local directory at C:\Users\Wael Hamdi\AppData\Local\Temp\blockmgr-e6e4eca7-ffeb-433f-b68b-01c2a518bc54
2022-06-27 11:46:00.601  INFO   57 --- [           main] org.apache.spark.internal.Logging        : MemoryStore started with capacity 897.6 MiB
2022-06-27 11:46:00.622  INFO   57 --- [           main] org.apache.spark.internal.Logging        : Registering OutputCommitCoordinator
2022-06-27 11:46:00.742  INFO  170 --- [           main] org.sparkproject.jetty.util.log.Log      : Logging initialized @6853ms to org.sparkproject.jetty.util.log.Slf4jLog
2022-06-27 11:46:00.851  INFO  375 --- [           main] org.sparkproject.jetty.server.Server     : jetty-9.4.43.v20210629; built: 2021-06-30T11:07:22.254Z; git: 526006ecfa3af7f1a27ef3a288e2bef7ea9dd7e8; jvm 1.8.0_301-b09
2022-06-27 11:46:00.883  INFO  415 --- [           main] org.sparkproject.jetty.server.Server     : Started @6995ms
2022-06-27 11:46:00.937  INFO  331 --- [           main] rkproject.jetty.server.AbstractConnector : Started ServerConnector@64da2a7{HTTP/1.1, (http/1.1)}{0.0.0.0:4040}
2022-06-27 11:46:00.938  INFO   57 --- [           main] org.apache.spark.internal.Logging        : Successfully started service 'SparkUI' on port 4040.
2022-06-27 11:46:00.976  INFO  915 --- [           main] ject.jetty.server.handler.ContextHandler : Started o.s.j.s.ServletContextHandler@7a56812e{/jobs,null,AVAILABLE,@Spark}
2022-06-27 11:46:00.978  INFO  915 --- [           main] ject.jetty.server.handler.ContextHandler : Started o.s.j.s.ServletContextHandler@660e9100{/jobs/json,null,AVAILABLE,@Spark}
2022-06-27 11:46:00.979  INFO  915 --- [           main] ject.jetty.server.handler.ContextHandler : Started o.s.j.s.ServletContextHandler@9cd25ff{/jobs/job,null,AVAILABLE,@Spark}
2022-06-27 11:46:00.981  INFO  915 --- [           main] ject.jetty.server.handler.ContextHandler : Started o.s.j.s.ServletContextHandler@6db66836{/jobs/job/json,null,AVAILABLE,@Spark}
2022-06-27 11:46:00.982  INFO  915 --- [           main] ject.jetty.server.handler.ContextHandler : Started o.s.j.s.ServletContextHandler@2de366bb{/stages,null,AVAILABLE,@Spark}
2022-06-27 11:46:00.983  INFO  915 --- [           main] ject.jetty.server.handler.ContextHandler : Started o.s.j.s.ServletContextHandler@61a002b1{/stages/json,null,AVAILABLE,@Spark}
2022-06-27 11:46:00.985  INFO  915 --- [           main] ject.jetty.server.handler.ContextHandler : Started o.s.j.s.ServletContextHandler@780ec4a5{/stages/stage,null,AVAILABLE,@Spark}
2022-06-27 11:46:00.987  INFO  915 --- [           main] ject.jetty.server.handler.ContextHandler : Started o.s.j.s.ServletContextHandler@5aabbb29{/stages/stage/json,null,AVAILABLE,@Spark}
2022-06-27 11:46:00.989  INFO  915 --- [           main] ject.jetty.server.handler.ContextHandler : Started o.s.j.s.ServletContextHandler@1ac85b0c{/stages/pool,null,AVAILABLE,@Spark}
2022-06-27 11:46:00.991  INFO  915 --- [           main] ject.jetty.server.handler.ContextHandler : Started o.s.j.s.ServletContextHandler@3aa3193a{/stages/pool/json,null,AVAILABLE,@Spark}
2022-06-27 11:46:00.992  INFO  915 --- [           main] ject.jetty.server.handler.ContextHandler : Started o.s.j.s.ServletContextHandler@59a67c3a{/storage,null,AVAILABLE,@Spark}
2022-06-27 11:46:00.993  INFO  915 --- [           main] ject.jetty.server.handler.ContextHandler : Started o.s.j.s.ServletContextHandler@724bade8{/storage/json,null,AVAILABLE,@Spark}
2022-06-27 11:46:00.995  INFO  915 --- [           main] ject.jetty.server.handler.ContextHandler : Started o.s.j.s.ServletContextHandler@6bc248ed{/storage/rdd,null,AVAILABLE,@Spark}
2022-06-27 11:46:00.996  INFO  915 --- [           main] ject.jetty.server.handler.ContextHandler : Started o.s.j.s.ServletContextHandler@ca27722{/storage/rdd/json,null,AVAILABLE,@Spark}
2022-06-27 11:46:00.998  INFO  915 --- [           main] ject.jetty.server.handler.ContextHandler : Started o.s.j.s.ServletContextHandler@9573b3b{/environment,null,AVAILABLE,@Spark}
2022-06-27 11:46:00.999  INFO  915 --- [           main] ject.jetty.server.handler.ContextHandler : Started o.s.j.s.ServletContextHandler@78461bc4{/environment/json,null,AVAILABLE,@Spark}
2022-06-27 11:46:01.000  INFO  915 --- [           main] ject.jetty.server.handler.ContextHandler : Started o.s.j.s.ServletContextHandler@64f857e7{/executors,null,AVAILABLE,@Spark}
2022-06-27 11:46:01.001  INFO  915 --- [           main] ject.jetty.server.handler.ContextHandler : Started o.s.j.s.ServletContextHandler@58c540cf{/executors/json,null,AVAILABLE,@Spark}
2022-06-27 11:46:01.003  INFO  915 --- [           main] ject.jetty.server.handler.ContextHandler : Started o.s.j.s.ServletContextHandler@1b822fcc{/executors/threadDump,null,AVAILABLE,@Spark}
2022-06-27 11:46:01.004  INFO  915 --- [           main] ject.jetty.server.handler.ContextHandler : Started o.s.j.s.ServletContextHandler@56102e1c{/executors/threadDump/json,null,AVAILABLE,@Spark}
2022-06-27 11:46:01.015  INFO  915 --- [           main] ject.jetty.server.handler.ContextHandler : Started o.s.j.s.ServletContextHandler@7927bd9f{/static,null,AVAILABLE,@Spark}
2022-06-27 11:46:01.016  INFO  915 --- [           main] ject.jetty.server.handler.ContextHandler : Started o.s.j.s.ServletContextHandler@3670f00{/,null,AVAILABLE,@Spark}
2022-06-27 11:46:01.019  INFO  915 --- [           main] ject.jetty.server.handler.ContextHandler : Started o.s.j.s.ServletContextHandler@46ab18da{/api,null,AVAILABLE,@Spark}
2022-06-27 11:46:01.020  INFO  915 --- [           main] ject.jetty.server.handler.ContextHandler : Started o.s.j.s.ServletContextHandler@1a2e2935{/jobs/job/kill,null,AVAILABLE,@Spark}
2022-06-27 11:46:01.021  INFO  915 --- [           main] ject.jetty.server.handler.ContextHandler : Started o.s.j.s.ServletContextHandler@4b629f13{/stages/stage/kill,null,AVAILABLE,@Spark}
2022-06-27 11:46:01.024  INFO   57 --- [           main] org.apache.spark.internal.Logging        : Bound SparkUI to 0.0.0.0, and started at http://host.docker.internal:4040
2022-06-27 11:46:01.280  INFO   57 --- [           main] org.apache.spark.internal.Logging        : Starting executor ID driver on host host.docker.internal
2022-06-27 11:46:01.429  INFO   57 --- [           main] org.apache.spark.internal.Logging        : Successfully started service 'org.apache.spark.network.netty.NettyBlockTransferService' on port 62208.
2022-06-27 11:46:01.430  INFO   82 --- [           main] .network.netty.NettyBlockTransferService : Server created on host.docker.internal:62208
2022-06-27 11:46:01.433  INFO   57 --- [           main] org.apache.spark.internal.Logging        : Using org.apache.spark.storage.RandomBlockReplicationPolicy for block replication policy
2022-06-27 11:46:01.443  INFO   57 --- [           main] org.apache.spark.internal.Logging        : Registering BlockManager BlockManagerId(driver, host.docker.internal, 62208, None)
2022-06-27 11:46:01.449  INFO   57 --- [ckManagerMaster] org.apache.spark.internal.Logging        : Registering block manager host.docker.internal:62208 with 897.6 MiB RAM, BlockManagerId(driver, host.docker.internal, 62208, None)
2022-06-27 11:46:01.455  INFO   57 --- [           main] org.apache.spark.internal.Logging        : Registered BlockManager BlockManagerId(driver, host.docker.internal, 62208, None)
2022-06-27 11:46:01.457  INFO   57 --- [           main] org.apache.spark.internal.Logging        : Initialized BlockManager: BlockManagerId(driver, host.docker.internal, 62208, None)
2022-06-27 11:46:01.753  INFO  915 --- [           main] ject.jetty.server.handler.ContextHandler : Started o.s.j.s.ServletContextHandler@a619c2{/metrics/json,null,AVAILABLE,@Spark}
2022-06-27 11:46:02.694  INFO   57 --- [streaming-start] org.apache.spark.internal.Logging        : Starting 1 receivers
2022-06-27 11:46:02.698  INFO   57 --- [streaming-start] org.apache.spark.internal.Logging        : ReceiverTracker started
2022-06-27 11:46:02.707  INFO   57 --- [streaming-start] org.apache.spark.internal.Logging        : Slide time = 5000 ms
2022-06-27 11:46:02.707  INFO   57 --- [streaming-start] org.apache.spark.internal.Logging        : Storage level = Serialized 1x Replicated
2022-06-27 11:46:02.708  INFO   57 --- [streaming-start] org.apache.spark.internal.Logging        : Checkpoint interval = null
2022-06-27 11:46:02.709  INFO   57 --- [streaming-start] org.apache.spark.internal.Logging        : Remember interval = 5000 ms
2022-06-27 11:46:02.710  INFO   57 --- [streaming-start] org.apache.spark.internal.Logging        : Initialized and validated org.apache.spark.streaming.dstream.PluggableInputDStream@e9840b1
2022-06-27 11:46:02.711  INFO   57 --- [streaming-start] org.apache.spark.internal.Logging        : Slide time = 5000 ms
2022-06-27 11:46:02.711  INFO   57 --- [streaming-start] org.apache.spark.internal.Logging        : Storage level = Serialized 1x Replicated
2022-06-27 11:46:02.711  INFO   57 --- [streaming-start] org.apache.spark.internal.Logging        : Checkpoint interval = null
2022-06-27 11:46:02.712  INFO   57 --- [streaming-start] org.apache.spark.internal.Logging        : Remember interval = 5000 ms
2022-06-27 11:46:02.712  INFO   57 --- [streaming-start] org.apache.spark.internal.Logging        : Initialized and validated org.apache.spark.streaming.dstream.MappedDStream@7bf219ae
2022-06-27 11:46:02.713  INFO   57 --- [streaming-start] org.apache.spark.internal.Logging        : Slide time = 5000 ms
2022-06-27 11:46:02.713  INFO   57 --- [streaming-start] org.apache.spark.internal.Logging        : Storage level = Serialized 1x Replicated
2022-06-27 11:46:02.713  INFO   57 --- [streaming-start] org.apache.spark.internal.Logging        : Checkpoint interval = null
2022-06-27 11:46:02.714  INFO   57 --- [streaming-start] org.apache.spark.internal.Logging        : Remember interval = 5000 ms
2022-06-27 11:46:02.715  INFO   57 --- [streaming-start] org.apache.spark.internal.Logging        : Initialized and validated org.apache.spark.streaming.dstream.ForEachDStream@1a1222ff
2022-06-27 11:46:02.716  INFO   57 --- [streaming-start] org.apache.spark.internal.Logging        : Slide time = 5000 ms
2022-06-27 11:46:02.716  INFO   57 --- [streaming-start] org.apache.spark.internal.Logging        : Storage level = Serialized 1x Replicated
2022-06-27 11:46:02.717  INFO   57 --- [streaming-start] org.apache.spark.internal.Logging        : Checkpoint interval = null
2022-06-27 11:46:02.718  INFO   57 --- [streaming-start] org.apache.spark.internal.Logging        : Remember interval = 5000 ms
2022-06-27 11:46:02.718  INFO   57 --- [streaming-start] org.apache.spark.internal.Logging        : Initialized and validated org.apache.spark.streaming.dstream.PluggableInputDStream@e9840b1
2022-06-27 11:46:02.718  INFO   57 --- [streaming-start] org.apache.spark.internal.Logging        : Slide time = 5000 ms
2022-06-27 11:46:02.719  INFO   57 --- [streaming-start] org.apache.spark.internal.Logging        : Storage level = Serialized 1x Replicated
2022-06-27 11:46:02.719  INFO   57 --- [streaming-start] org.apache.spark.internal.Logging        : Checkpoint interval = null
2022-06-27 11:46:02.720  INFO   57 --- [streaming-start] org.apache.spark.internal.Logging        : Remember interval = 5000 ms
2022-06-27 11:46:02.720  INFO   57 --- [streaming-start] org.apache.spark.internal.Logging        : Initialized and validated org.apache.spark.streaming.dstream.MappedDStream@7bf219ae
2022-06-27 11:46:02.720  INFO   57 --- [streaming-start] org.apache.spark.internal.Logging        : Slide time = 5000 ms
2022-06-27 11:46:02.720  INFO   57 --- [streaming-start] org.apache.spark.internal.Logging        : Storage level = Serialized 1x Replicated
2022-06-27 11:46:02.721  INFO   57 --- [streaming-start] org.apache.spark.internal.Logging        : Checkpoint interval = null
2022-06-27 11:46:02.721  INFO   57 --- [streaming-start] org.apache.spark.internal.Logging        : Remember interval = 5000 ms
2022-06-27 11:46:02.721  INFO   57 --- [streaming-start] org.apache.spark.internal.Logging        : Initialized and validated org.apache.spark.streaming.dstream.ForEachDStream@77c14abd
2022-06-27 11:46:02.847  INFO   57 --- [er-event-loop-3] org.apache.spark.internal.Logging        : Receiver 0 started
2022-06-27 11:46:02.849  INFO   57 --- [streaming-start] org.apache.spark.internal.Logging        : Started timer for JobGenerator at time 1656326765000
2022-06-27 11:46:02.852  INFO   57 --- [streaming-start] org.apache.spark.internal.Logging        : Started JobGenerator at 1656326765000 ms
2022-06-27 11:46:02.855  INFO   57 --- [streaming-start] org.apache.spark.internal.Logging        : Started JobScheduler
2022-06-27 11:46:02.862  INFO  915 --- [           main] ject.jetty.server.handler.ContextHandler : Started o.s.j.s.ServletContextHandler@7186333e{/streaming,null,AVAILABLE,@Spark}
2022-06-27 11:46:02.866  INFO  915 --- [           main] ject.jetty.server.handler.ContextHandler : Started o.s.j.s.ServletContextHandler@36f1046f{/streaming/json,null,AVAILABLE,@Spark}
2022-06-27 11:46:02.869  INFO  915 --- [           main] ject.jetty.server.handler.ContextHandler : Started o.s.j.s.ServletContextHandler@26722665{/streaming/batch,null,AVAILABLE,@Spark}
2022-06-27 11:46:02.871  INFO  915 --- [           main] ject.jetty.server.handler.ContextHandler : Started o.s.j.s.ServletContextHandler@627d8516{/streaming/batch/json,null,AVAILABLE,@Spark}
2022-06-27 11:46:02.873  INFO   57 --- [uler-event-loop] org.apache.spark.internal.Logging        : Got job 0 (start at Application.java:211) with 1 output partitions
2022-06-27 11:46:02.875  INFO  915 --- [           main] ject.jetty.server.handler.ContextHandler : Started o.s.j.s.ServletContextHandler@61e3cf4d{/static/streaming,null,AVAILABLE,@Spark}
2022-06-27 11:46:02.876  INFO   57 --- [           main] org.apache.spark.internal.Logging        : StreamingContext started
2022-06-27 11:46:02.877  INFO   57 --- [uler-event-loop] org.apache.spark.internal.Logging        : Final stage: ResultStage 0 (start at Application.java:211)
2022-06-27 11:46:02.878  INFO   57 --- [uler-event-loop] org.apache.spark.internal.Logging        : Parents of final stage: List()
2022-06-27 11:46:02.880  INFO   57 --- [uler-event-loop] org.apache.spark.internal.Logging        : Missing parents: List()
2022-06-27 11:46:02.889  INFO   57 --- [uler-event-loop] org.apache.spark.internal.Logging        : Submitting ResultStage 0 (Receiver 0 ParallelCollectionRDD[0] at makeRDD at ReceiverTracker.scala:609), which has no missing parents
2022-06-27 11:46:03.116  INFO   57 --- [uler-event-loop] org.apache.spark.internal.Logging        : Block broadcast_0 stored as values in memory (estimated size 97.5 KiB, free 897.5 MiB)
2022-06-27 11:46:03.311  INFO   57 --- [uler-event-loop] org.apache.spark.internal.Logging        : Block broadcast_0_piece0 stored as bytes in memory (estimated size 34.2 KiB, free 897.5 MiB)
2022-06-27 11:46:03.315  INFO   57 --- [ckManagerMaster] org.apache.spark.internal.Logging        : Added broadcast_0_piece0 in memory on host.docker.internal:62208 (size: 34.2 KiB, free: 897.6 MiB)
2022-06-27 11:46:03.320  INFO   57 --- [uler-event-loop] org.apache.spark.internal.Logging        : Created broadcast 0 from broadcast at DAGScheduler.scala:1478
2022-06-27 11:46:03.341  INFO   57 --- [uler-event-loop] org.apache.spark.internal.Logging        : Submitting 1 missing tasks from ResultStage 0 (Receiver 0 ParallelCollectionRDD[0] at makeRDD at ReceiverTracker.scala:609) (first 15 tasks are for partitions Vector(0))
2022-06-27 11:46:03.342  INFO   57 --- [uler-event-loop] org.apache.spark.internal.Logging        : Adding task set 0.0 with 1 tasks resource profile 0
2022-06-27 11:46:03.435  INFO   57 --- [er-event-loop-0] org.apache.spark.internal.Logging        : Starting task 0.0 in stage 0.0 (TID 0) (host.docker.internal, executor driver, partition 0, PROCESS_LOCAL, 6218 bytes) taskResourceAssignments Map()
2022-06-27 11:46:03.460  INFO   57 --- [age 0.0 (TID 0)] org.apache.spark.internal.Logging        : Running task 0.0 in stage 0.0 (TID 0)
2022-06-27 11:46:03.859  INFO   57 --- [age 0.0 (TID 0)] org.apache.spark.internal.Logging        : Started timer for BlockGenerator at time 1656326764000
2022-06-27 11:46:03.863  INFO   57 --- [age 0.0 (TID 0)] org.apache.spark.internal.Logging        : Started BlockGenerator
2022-06-27 11:46:03.883  INFO   57 --- [er-event-loop-0] org.apache.spark.internal.Logging        : Registered receiver for stream 0 from host.docker.internal:62184
2022-06-27 11:46:03.883  INFO   57 --- [      Thread-14] org.apache.spark.internal.Logging        : Started block pushing thread
2022-06-27 11:46:03.886  INFO   57 --- [age 0.0 (TID 0)] org.apache.spark.internal.Logging        : Starting receiver 0
2022-06-27 11:46:03.888  INFO   57 --- [age 0.0 (TID 0)] org.apache.spark.internal.Logging        : Called receiver 0 onStart
2022-06-27 11:46:03.889  INFO   57 --- [age 0.0 (TID 0)] org.apache.spark.internal.Logging        : Waiting for receiver to be stopped
2022-06-27 11:46:05.043  INFO   57 --- [   JobGenerator] org.apache.spark.internal.Logging        : Added jobs for time 1656326765000 ms
2022-06-27 11:46:05.060  INFO   57 --- [   JobScheduler] org.apache.spark.internal.Logging        : Starting job streaming job 1656326765000 ms.0 from job set of time 1656326765000 ms
2022-06-27 11:46:05.110  WARN   69 --- [-job-executor-0] org.apache.spark.internal.Logging        : Using an existing SparkContext; some configuration may not take effect.
2022-06-27 11:46:05.430  INFO   57 --- [   JobScheduler] org.apache.spark.internal.Logging        : Finished job streaming job 1656326765000 ms.0 from job set of time 1656326765000 ms
2022-06-27 11:46:05.434  INFO   57 --- [   JobScheduler] org.apache.spark.internal.Logging        : Starting job streaming job 1656326765000 ms.1 from job set of time 1656326765000 ms
2022-06-27 11:46:05.436  ERROR   94 --- [   JobScheduler] org.apache.spark.internal.Logging        : Error running job streaming job 1656326765000 ms.0
org.apache.spark.SparkException: Task not serializable
	at org.apache.spark.util.ClosureCleaner$.ensureSerializable(ClosureCleaner.scala:416)
	at org.apache.spark.util.ClosureCleaner$.clean(ClosureCleaner.scala:406)
	at org.apache.spark.util.ClosureCleaner$.clean(ClosureCleaner.scala:162)
	at org.apache.spark.SparkContext.clean(SparkContext.scala:2477)
	at org.apache.spark.rdd.RDD.$anonfun$map$1(RDD.scala:422)
	at org.apache.spark.rdd.RDDOperationScope$.withScope(RDDOperationScope.scala:151)
	at org.apache.spark.rdd.RDDOperationScope$.withScope(RDDOperationScope.scala:112)
	at org.apache.spark.rdd.RDD.withScope(RDD.scala:414)
	at org.apache.spark.rdd.RDD.map(RDD.scala:421)
	at org.apache.spark.api.java.JavaRDDLike.map(JavaRDDLike.scala:93)
	at org.apache.spark.api.java.JavaRDDLike.map$(JavaRDDLike.scala:92)
	at org.apache.spark.api.java.AbstractJavaRDDLike.map(JavaRDDLike.scala:45)
	at com.elite.cdr.validator.Application.lambda$main$1282d8df$1(Application.java:136)
	at org.apache.spark.streaming.api.java.JavaDStreamLike.$anonfun$foreachRDD$1(JavaDStreamLike.scala:272)
	at org.apache.spark.streaming.api.java.JavaDStreamLike.$anonfun$foreachRDD$1$adapted(JavaDStreamLike.scala:272)
	at org.apache.spark.streaming.dstream.DStream.$anonfun$foreachRDD$2(DStream.scala:629)
	at org.apache.spark.streaming.dstream.DStream.$anonfun$foreachRDD$2$adapted(DStream.scala:629)
	at org.apache.spark.streaming.dstream.ForEachDStream.$anonfun$generateJob$2(ForEachDStream.scala:51)
	at scala.runtime.java8.JFunction0$mcV$sp.apply(JFunction0$mcV$sp.java:23)
	at org.apache.spark.streaming.dstream.DStream.createRDDWithLocalProperties(DStream.scala:417)
	at org.apache.spark.streaming.dstream.ForEachDStream.$anonfun$generateJob$1(ForEachDStream.scala:51)
	at scala.runtime.java8.JFunction0$mcV$sp.apply(JFunction0$mcV$sp.java:23)
	at scala.util.Try$.apply(Try.scala:213)
	at org.apache.spark.streaming.scheduler.Job.run(Job.scala:39)
	at org.apache.spark.streaming.scheduler.JobScheduler$JobHandler.$anonfun$run$1(JobScheduler.scala:256)
	at scala.runtime.java8.JFunction0$mcV$sp.apply(JFunction0$mcV$sp.java:23)
	at scala.util.DynamicVariable.withValue(DynamicVariable.scala:62)
	at org.apache.spark.streaming.scheduler.JobScheduler$JobHandler.run(JobScheduler.scala:256)
	at java.util.concurrent.ThreadPoolExecutor.runWorker(ThreadPoolExecutor.java:1149)
	at java.util.concurrent.ThreadPoolExecutor$Worker.run(ThreadPoolExecutor.java:624)
	at java.lang.Thread.run(Thread.java:748)
Caused by: java.io.NotSerializableException: org.apache.spark.api.java.JavaSparkContext
Serialization stack:
	- object not serializable (class: org.apache.spark.api.java.JavaSparkContext, value: org.apache.spark.api.java.JavaSparkContext@3be58d98)
	- element of array (index: 0)
	- array (class [Ljava.lang.Object;, size 2)
	- field (class: java.lang.invoke.SerializedLambda, name: capturedArgs, type: class [Ljava.lang.Object;)
	- object (class java.lang.invoke.SerializedLambda, SerializedLambda[capturingClass=class com.elite.cdr.validator.Application, functionalInterfaceMethod=org/apache/spark/api/java/function/Function.call:(Ljava/lang/Object;)Ljava/lang/Object;, implementation=invokeStatic com/elite/cdr/validator/Application.lambda$null$695a72f0$1:(Lorg/apache/spark/api/java/JavaSparkContext;Lorg/apache/spark/sql/SparkSession;Ljava/util/List;)Ljava/lang/Object;, instantiatedMethodType=(Ljava/util/List;)Ljava/lang/Object;, numCaptured=2])
	- writeReplace data (class: java.lang.invoke.SerializedLambda)
	- object (class com.elite.cdr.validator.Application$$Lambda$1357/1578151336, com.elite.cdr.validator.Application$$Lambda$1357/1578151336@119e98f0)
	- element of array (index: 0)
	- array (class [Ljava.lang.Object;, size 1)
	- field (class: java.lang.invoke.SerializedLambda, name: capturedArgs, type: class [Ljava.lang.Object;)
	- object (class java.lang.invoke.SerializedLambda, SerializedLambda[capturingClass=class org.apache.spark.api.java.JavaPairRDD$, functionalInterfaceMethod=scala/Function1.apply:(Ljava/lang/Object;)Ljava/lang/Object;, implementation=invokeStatic org/apache/spark/api/java/JavaPairRDD$.$anonfun$toScalaFunction$1:(Lorg/apache/spark/api/java/function/Function;Ljava/lang/Object;)Ljava/lang/Object;, instantiatedMethodType=(Ljava/lang/Object;)Ljava/lang/Object;, numCaptured=1])
	- writeReplace data (class: java.lang.invoke.SerializedLambda)
	- object (class org.apache.spark.api.java.JavaPairRDD$$$Lambda$755/975905570, org.apache.spark.api.java.JavaPairRDD$$$Lambda$755/975905570@3f907db1)
	at org.apache.spark.serializer.SerializationDebugger$.improveException(SerializationDebugger.scala:41)
	at org.apache.spark.serializer.JavaSerializationStream.writeObject(JavaSerializer.scala:47)
	at org.apache.spark.serializer.JavaSerializerInstance.serialize(JavaSerializer.scala:101)
	at org.apache.spark.util.ClosureCleaner$.ensureSerializable(ClosureCleaner.scala:413)
	... 30 more
2022-06-27 11:46:05.443  INFO   57 --- [   JobScheduler] org.apache.spark.internal.Logging        : Finished job streaming job 1656326765000 ms.1 from job set of time 1656326765000 ms
2022-06-27 11:46:05.462  INFO   57 --- [   JobGenerator] org.apache.spark.internal.Logging        : Deleting batches: 
2022-06-27 11:46:05.462  INFO   57 --- [   JobScheduler] org.apache.spark.internal.Logging        : Total delay: 0.443 s for time 1656326765000 ms (execution: 0.397 s)
2022-06-27 11:46:05.465  INFO   57 --- [   JobGenerator] org.apache.spark.internal.Logging        : remove old batch metadata: 
2022-06-27 11:46:05.477  INFO   57 --- [shutdown-hook-0] org.apache.spark.internal.Logging        : Invoking stop(stopGracefully=false) from shutdown hook
2022-06-27 11:46:05.489  INFO   57 --- [er-event-loop-1] org.apache.spark.internal.Logging        : Sent stop signal to all 1 receivers
2022-06-27 11:46:05.492  INFO   57 --- [er-event-loop-2] org.apache.spark.internal.Logging        : Received stop signal
2022-06-27 11:46:05.495  INFO   57 --- [er-event-loop-2] org.apache.spark.internal.Logging        : Stopping receiver with message: Stopped by driver: 
2022-06-27 11:46:05.496  INFO   57 --- [er-event-loop-2] org.apache.spark.internal.Logging        : Called receiver onStop
2022-06-27 11:46:05.497  INFO   57 --- [er-event-loop-2] org.apache.spark.internal.Logging        : Deregistering receiver 0
2022-06-27 11:46:05.500  ERROR   73 --- [er-event-loop-3] org.apache.spark.internal.Logging        : Deregistered receiver for stream 0: Stopped by driver
2022-06-27 11:46:05.503  INFO   57 --- [er-event-loop-2] org.apache.spark.internal.Logging        : Stopped receiver 0
2022-06-27 11:46:05.506  INFO   57 --- [er-event-loop-2] org.apache.spark.internal.Logging        : Stopping BlockGenerator
2022-06-27 11:46:05.802  INFO   57 --- [er-event-loop-2] org.apache.spark.internal.Logging        : Stopped timer for BlockGenerator after time 1656326765800
2022-06-27 11:46:05.803  INFO   57 --- [er-event-loop-2] org.apache.spark.internal.Logging        : Waiting for block pushing thread to terminate
2022-06-27 11:46:05.807  INFO   57 --- [      Thread-14] org.apache.spark.internal.Logging        : Pushing out the last 0 blocks
2022-06-27 11:46:05.808  INFO   57 --- [      Thread-14] org.apache.spark.internal.Logging        : Stopped block pushing thread
2022-06-27 11:46:05.809  INFO   57 --- [er-event-loop-2] org.apache.spark.internal.Logging        : Stopped BlockGenerator
2022-06-27 11:46:05.810  INFO   57 --- [age 0.0 (TID 0)] org.apache.spark.internal.Logging        : Stopped receiver without error
2022-06-27 11:46:05.849  INFO   57 --- [age 0.0 (TID 0)] org.apache.spark.internal.Logging        : Finished task 0.0 in stage 0.0 (TID 0). 880 bytes result sent to driver
2022-06-27 11:46:05.868  INFO   57 --- [result-getter-0] org.apache.spark.internal.Logging        : Finished task 0.0 in stage 0.0 (TID 0) in 2457 ms on host.docker.internal (executor driver) (1/1)
2022-06-27 11:46:05.875  INFO   57 --- [result-getter-0] org.apache.spark.internal.Logging        : Removed TaskSet 0.0, whose tasks have all completed, from pool 
2022-06-27 11:46:05.890  INFO   57 --- [uler-event-loop] org.apache.spark.internal.Logging        : ResultStage 0 (start at Application.java:211) finished in 2.965 s
2022-06-27 11:46:05.915  INFO   57 --- [uler-event-loop] org.apache.spark.internal.Logging        : Job 0 is finished. Cancelling potential speculative or zombie tasks for this job
2022-06-27 11:46:05.922  INFO   57 --- [uler-event-loop] org.apache.spark.internal.Logging        : Killing all running tasks in stage 0: Stage finished
2022-06-27 11:46:05.933  INFO   57 --- [shutdown-hook-0] org.apache.spark.internal.Logging        : All of the receivers have deregistered successfully
2022-06-27 11:46:05.936  INFO   57 --- [shutdown-hook-0] org.apache.spark.internal.Logging        : ReceiverTracker stopped
2022-06-27 11:46:05.938  INFO   57 --- [shutdown-hook-0] org.apache.spark.internal.Logging        : Stopping JobGenerator immediately
2022-06-27 11:46:05.939  INFO   57 --- [shutdown-hook-0] org.apache.spark.internal.Logging        : Stopped timer for JobGenerator after time 1656326765000
2022-06-27 11:46:05.941  INFO   57 --- [shutdown-hook-0] org.apache.spark.internal.Logging        : Stopped JobGenerator
2022-06-27 11:46:05.948  INFO   57 --- [shutdown-hook-0] org.apache.spark.internal.Logging        : Stopped JobScheduler
2022-06-27 11:46:05.961  INFO 1153 --- [shutdown-hook-0] ject.jetty.server.handler.ContextHandler : Stopped o.s.j.s.ServletContextHandler@7186333e{/streaming,null,STOPPED,@Spark}
2022-06-27 11:46:05.962  INFO 1153 --- [shutdown-hook-0] ject.jetty.server.handler.ContextHandler : Stopped o.s.j.s.ServletContextHandler@36f1046f{/streaming/json,null,STOPPED,@Spark}
2022-06-27 11:46:05.964  INFO 1153 --- [shutdown-hook-0] ject.jetty.server.handler.ContextHandler : Stopped o.s.j.s.ServletContextHandler@26722665{/streaming/batch,null,STOPPED,@Spark}
2022-06-27 11:46:05.967  INFO 1153 --- [shutdown-hook-0] ject.jetty.server.handler.ContextHandler : Stopped o.s.j.s.ServletContextHandler@627d8516{/streaming/batch/json,null,STOPPED,@Spark}
2022-06-27 11:46:05.971  INFO 1153 --- [shutdown-hook-0] ject.jetty.server.handler.ContextHandler : Stopped o.s.j.s.ServletContextHandler@61e3cf4d{/static/streaming,null,STOPPED,@Spark}
2022-06-27 11:46:05.975  INFO   57 --- [shutdown-hook-0] org.apache.spark.internal.Logging        : StreamingContext stopped successfully
2022-06-27 11:46:05.991  INFO   57 --- [shutdown-hook-0] org.apache.spark.internal.Logging        : Invoking stop() from shutdown hook
2022-06-27 11:46:06.123  INFO  381 --- [shutdown-hook-0] rkproject.jetty.server.AbstractConnector : Stopped Spark@64da2a7{HTTP/1.1, (http/1.1)}{0.0.0.0:4040}
2022-06-27 11:46:06.164  INFO   57 --- [shutdown-hook-0] org.apache.spark.internal.Logging        : Stopped Spark web UI at http://host.docker.internal:4040
2022-06-27 11:46:06.212  INFO   57 --- [er-event-loop-1] org.apache.spark.internal.Logging        : MapOutputTrackerMasterEndpoint stopped!
2022-06-27 11:46:06.265  INFO   57 --- [shutdown-hook-0] org.apache.spark.internal.Logging        : MemoryStore cleared
2022-06-27 11:46:06.270  INFO   57 --- [shutdown-hook-0] org.apache.spark.internal.Logging        : BlockManager stopped
2022-06-27 11:46:06.305  INFO   57 --- [shutdown-hook-0] org.apache.spark.internal.Logging        : BlockManagerMaster stopped
2022-06-27 11:46:06.315  INFO   57 --- [er-event-loop-3] org.apache.spark.internal.Logging        : OutputCommitCoordinator stopped!
2022-06-27 11:46:06.403  INFO   57 --- [shutdown-hook-0] org.apache.spark.internal.Logging        : Successfully stopped SparkContext
2022-06-27 11:46:06.405  INFO   57 --- [shutdown-hook-0] org.apache.spark.internal.Logging        : Shutdown hook called
2022-06-27 11:46:06.407  INFO   57 --- [shutdown-hook-0] org.apache.spark.internal.Logging        : Deleting directory C:\Users\Wael Hamdi\AppData\Local\Temp\spark-e6820a37-e0dc-4986-9eb2-790842b59777
