2022-08-02 17:17:54.974  INFO   53 --- [           main] com.elite.cdr.validator.Application      : Starting ASN1 Reader 
2022-08-02 17:17:54.990  INFO   55 --- [           main] com.elite.cdr.validator.Application      : ############### Run with the args [--env, local, --file, src/main/resources/data/simpleTypes.ber, --prop, src/main/resources/myapp.properties]
2022-08-02 17:17:55.068  INFO   61 --- [           main] com.elite.cdr.validator.Application      : ############### Run in local mode
2022-08-02 17:17:56.724  INFO   57 --- [           main] org.apache.spark.internal.Logging        : Running Spark version 3.2.1
2022-08-02 17:17:57.208  INFO   57 --- [           main] org.apache.spark.internal.Logging        : ==============================================================
2022-08-02 17:17:57.208  INFO   57 --- [           main] org.apache.spark.internal.Logging        : No custom resources configured for spark.driver.
2022-08-02 17:17:57.208  INFO   57 --- [           main] org.apache.spark.internal.Logging        : ==============================================================
2022-08-02 17:17:57.208  INFO   57 --- [           main] org.apache.spark.internal.Logging        : Submitted application: NiFi Spark Streaming example
2022-08-02 17:17:57.271  INFO   57 --- [           main] org.apache.spark.internal.Logging        : Default ResourceProfile created, executor resources: Map(cores -> name: cores, amount: 1, script: , vendor: , memory -> name: memory, amount: 1024, script: , vendor: , offHeap -> name: offHeap, amount: 0, script: , vendor: ), task resources: Map(cpus -> name: cpus, amount: 1.0)
2022-08-02 17:17:57.287  INFO   57 --- [           main] org.apache.spark.internal.Logging        : Limiting resource is cpu
2022-08-02 17:17:57.302  INFO   57 --- [           main] org.apache.spark.internal.Logging        : Added ResourceProfile id: 0
2022-08-02 17:17:57.474  INFO   57 --- [           main] org.apache.spark.internal.Logging        : Changing view acls to: Wael Hamdi
2022-08-02 17:17:57.474  INFO   57 --- [           main] org.apache.spark.internal.Logging        : Changing modify acls to: Wael Hamdi
2022-08-02 17:17:57.474  INFO   57 --- [           main] org.apache.spark.internal.Logging        : Changing view acls groups to: 
2022-08-02 17:17:57.474  INFO   57 --- [           main] org.apache.spark.internal.Logging        : Changing modify acls groups to: 
2022-08-02 17:17:57.474  INFO   57 --- [           main] org.apache.spark.internal.Logging        : SecurityManager: authentication disabled; ui acls disabled; users  with view permissions: Set(Wael Hamdi); groups with view permissions: Set(); users  with modify permissions: Set(Wael Hamdi); groups with modify permissions: Set()
2022-08-02 17:17:59.855  INFO   57 --- [           main] org.apache.spark.internal.Logging        : Successfully started service 'sparkDriver' on port 61448.
2022-08-02 17:17:59.886  INFO   57 --- [           main] org.apache.spark.internal.Logging        : Registering MapOutputTracker
2022-08-02 17:17:59.933  INFO   57 --- [           main] org.apache.spark.internal.Logging        : Registering BlockManagerMaster
2022-08-02 17:17:59.949  INFO   57 --- [           main] org.apache.spark.internal.Logging        : Using org.apache.spark.storage.DefaultTopologyMapper for getting topology information
2022-08-02 17:17:59.964  INFO   57 --- [           main] org.apache.spark.internal.Logging        : BlockManagerMasterEndpoint up
2022-08-02 17:17:59.964  INFO   57 --- [           main] org.apache.spark.internal.Logging        : Registering BlockManagerMasterHeartbeat
2022-08-02 17:17:59.996  INFO   57 --- [           main] org.apache.spark.internal.Logging        : Created local directory at C:\Users\Wael Hamdi\AppData\Local\Temp\blockmgr-e23d61a9-0959-4e65-981a-fac66749ce67
2022-08-02 17:18:00.027  INFO   57 --- [           main] org.apache.spark.internal.Logging        : MemoryStore started with capacity 897.6 MiB
2022-08-02 17:18:00.058  INFO   57 --- [           main] org.apache.spark.internal.Logging        : Registering OutputCommitCoordinator
2022-08-02 17:18:00.167  INFO  170 --- [           main] org.sparkproject.jetty.util.log.Log      : Logging initialized @6180ms to org.sparkproject.jetty.util.log.Slf4jLog
2022-08-02 17:18:00.277  INFO  375 --- [           main] org.sparkproject.jetty.server.Server     : jetty-9.4.43.v20210629; built: 2021-06-30T11:07:22.254Z; git: 526006ecfa3af7f1a27ef3a288e2bef7ea9dd7e8; jvm 1.8.0_301-b09
2022-08-02 17:18:00.308  INFO  415 --- [           main] org.sparkproject.jetty.server.Server     : Started @6308ms
2022-08-02 17:18:00.339  INFO  331 --- [           main] rkproject.jetty.server.AbstractConnector : Started ServerConnector@476aac9{HTTP/1.1, (http/1.1)}{0.0.0.0:4040}
2022-08-02 17:18:00.339  INFO   57 --- [           main] org.apache.spark.internal.Logging        : Successfully started service 'SparkUI' on port 4040.
2022-08-02 17:18:00.386  INFO  915 --- [           main] ject.jetty.server.handler.ContextHandler : Started o.s.j.s.ServletContextHandler@3591009c{/jobs,null,AVAILABLE,@Spark}
2022-08-02 17:18:00.386  INFO  915 --- [           main] ject.jetty.server.handler.ContextHandler : Started o.s.j.s.ServletContextHandler@410954b{/jobs/json,null,AVAILABLE,@Spark}
2022-08-02 17:18:00.386  INFO  915 --- [           main] ject.jetty.server.handler.ContextHandler : Started o.s.j.s.ServletContextHandler@3b366632{/jobs/job,null,AVAILABLE,@Spark}
2022-08-02 17:18:00.386  INFO  915 --- [           main] ject.jetty.server.handler.ContextHandler : Started o.s.j.s.ServletContextHandler@617fe9e1{/jobs/job/json,null,AVAILABLE,@Spark}
2022-08-02 17:18:00.386  INFO  915 --- [           main] ject.jetty.server.handler.ContextHandler : Started o.s.j.s.ServletContextHandler@1cf2fed4{/stages,null,AVAILABLE,@Spark}
2022-08-02 17:18:00.386  INFO  915 --- [           main] ject.jetty.server.handler.ContextHandler : Started o.s.j.s.ServletContextHandler@245a26e1{/stages/json,null,AVAILABLE,@Spark}
2022-08-02 17:18:00.386  INFO  915 --- [           main] ject.jetty.server.handler.ContextHandler : Started o.s.j.s.ServletContextHandler@466cf502{/stages/stage,null,AVAILABLE,@Spark}
2022-08-02 17:18:00.386  INFO  915 --- [           main] ject.jetty.server.handler.ContextHandler : Started o.s.j.s.ServletContextHandler@5f7f2382{/stages/stage/json,null,AVAILABLE,@Spark}
2022-08-02 17:18:00.402  INFO  915 --- [           main] ject.jetty.server.handler.ContextHandler : Started o.s.j.s.ServletContextHandler@6815c5f2{/stages/pool,null,AVAILABLE,@Spark}
2022-08-02 17:18:00.402  INFO  915 --- [           main] ject.jetty.server.handler.ContextHandler : Started o.s.j.s.ServletContextHandler@60094a13{/stages/pool/json,null,AVAILABLE,@Spark}
2022-08-02 17:18:00.402  INFO  915 --- [           main] ject.jetty.server.handler.ContextHandler : Started o.s.j.s.ServletContextHandler@1c32886a{/storage,null,AVAILABLE,@Spark}
2022-08-02 17:18:00.402  INFO  915 --- [           main] ject.jetty.server.handler.ContextHandler : Started o.s.j.s.ServletContextHandler@10b892d5{/storage/json,null,AVAILABLE,@Spark}
2022-08-02 17:18:00.402  INFO  915 --- [           main] ject.jetty.server.handler.ContextHandler : Started o.s.j.s.ServletContextHandler@3546d80f{/storage/rdd,null,AVAILABLE,@Spark}
2022-08-02 17:18:00.402  INFO  915 --- [           main] ject.jetty.server.handler.ContextHandler : Started o.s.j.s.ServletContextHandler@3670f00{/storage/rdd/json,null,AVAILABLE,@Spark}
2022-08-02 17:18:00.402  INFO  915 --- [           main] ject.jetty.server.handler.ContextHandler : Started o.s.j.s.ServletContextHandler@46ab18da{/environment,null,AVAILABLE,@Spark}
2022-08-02 17:18:00.402  INFO  915 --- [           main] ject.jetty.server.handler.ContextHandler : Started o.s.j.s.ServletContextHandler@42257bdd{/environment/json,null,AVAILABLE,@Spark}
2022-08-02 17:18:00.402  INFO  915 --- [           main] ject.jetty.server.handler.ContextHandler : Started o.s.j.s.ServletContextHandler@687a762c{/executors,null,AVAILABLE,@Spark}
2022-08-02 17:18:00.402  INFO  915 --- [           main] ject.jetty.server.handler.ContextHandler : Started o.s.j.s.ServletContextHandler@733c423e{/executors/json,null,AVAILABLE,@Spark}
2022-08-02 17:18:00.402  INFO  915 --- [           main] ject.jetty.server.handler.ContextHandler : Started o.s.j.s.ServletContextHandler@70925b45{/executors/threadDump,null,AVAILABLE,@Spark}
2022-08-02 17:18:00.402  INFO  915 --- [           main] ject.jetty.server.handler.ContextHandler : Started o.s.j.s.ServletContextHandler@aa22f1c{/executors/threadDump/json,null,AVAILABLE,@Spark}
2022-08-02 17:18:00.417  INFO  915 --- [           main] ject.jetty.server.handler.ContextHandler : Started o.s.j.s.ServletContextHandler@37cd92d6{/static,null,AVAILABLE,@Spark}
2022-08-02 17:18:00.417  INFO  915 --- [           main] ject.jetty.server.handler.ContextHandler : Started o.s.j.s.ServletContextHandler@226f885f{/,null,AVAILABLE,@Spark}
2022-08-02 17:18:00.417  INFO  915 --- [           main] ject.jetty.server.handler.ContextHandler : Started o.s.j.s.ServletContextHandler@7d61eccf{/api,null,AVAILABLE,@Spark}
2022-08-02 17:18:00.417  INFO  915 --- [           main] ject.jetty.server.handler.ContextHandler : Started o.s.j.s.ServletContextHandler@2427e004{/jobs/job/kill,null,AVAILABLE,@Spark}
2022-08-02 17:18:00.433  INFO  915 --- [           main] ject.jetty.server.handler.ContextHandler : Started o.s.j.s.ServletContextHandler@63f34b70{/stages/stage/kill,null,AVAILABLE,@Spark}
2022-08-02 17:18:00.433  INFO   57 --- [           main] org.apache.spark.internal.Logging        : Bound SparkUI to 0.0.0.0, and started at http://host.docker.internal:4040
2022-08-02 17:18:00.683  INFO   57 --- [           main] org.apache.spark.internal.Logging        : Starting executor ID driver on host host.docker.internal
2022-08-02 17:18:00.746  INFO   57 --- [           main] org.apache.spark.internal.Logging        : Successfully started service 'org.apache.spark.network.netty.NettyBlockTransferService' on port 61472.
2022-08-02 17:18:00.746  INFO   82 --- [           main] .network.netty.NettyBlockTransferService : Server created on host.docker.internal:61472
2022-08-02 17:18:00.746  INFO   57 --- [           main] org.apache.spark.internal.Logging        : Using org.apache.spark.storage.RandomBlockReplicationPolicy for block replication policy
2022-08-02 17:18:00.761  INFO   57 --- [           main] org.apache.spark.internal.Logging        : Registering BlockManager BlockManagerId(driver, host.docker.internal, 61472, None)
2022-08-02 17:18:00.777  INFO   57 --- [ckManagerMaster] org.apache.spark.internal.Logging        : Registering block manager host.docker.internal:61472 with 897.6 MiB RAM, BlockManagerId(driver, host.docker.internal, 61472, None)
2022-08-02 17:18:00.777  INFO   57 --- [           main] org.apache.spark.internal.Logging        : Registered BlockManager BlockManagerId(driver, host.docker.internal, 61472, None)
2022-08-02 17:18:00.777  INFO   57 --- [           main] org.apache.spark.internal.Logging        : Initialized BlockManager: BlockManagerId(driver, host.docker.internal, 61472, None)
2022-08-02 17:18:01.074  INFO  915 --- [           main] ject.jetty.server.handler.ContextHandler : Started o.s.j.s.ServletContextHandler@6ad5923a{/metrics/json,null,AVAILABLE,@Spark}
2022-08-02 17:18:01.824  INFO   57 --- [streaming-start] org.apache.spark.internal.Logging        : Starting 1 receivers
2022-08-02 17:18:01.824  INFO   57 --- [streaming-start] org.apache.spark.internal.Logging        : ReceiverTracker started
2022-08-02 17:18:01.839  INFO   57 --- [streaming-start] org.apache.spark.internal.Logging        : Slide time = 1000 ms
2022-08-02 17:18:01.839  INFO   57 --- [streaming-start] org.apache.spark.internal.Logging        : Storage level = Serialized 1x Replicated
2022-08-02 17:18:01.839  INFO   57 --- [streaming-start] org.apache.spark.internal.Logging        : Checkpoint interval = null
2022-08-02 17:18:01.839  INFO   57 --- [streaming-start] org.apache.spark.internal.Logging        : Remember interval = 1000 ms
2022-08-02 17:18:01.839  INFO   57 --- [streaming-start] org.apache.spark.internal.Logging        : Initialized and validated org.apache.spark.streaming.dstream.PluggableInputDStream@1c97a5ff
2022-08-02 17:18:01.839  INFO   57 --- [streaming-start] org.apache.spark.internal.Logging        : Slide time = 1000 ms
2022-08-02 17:18:01.839  INFO   57 --- [streaming-start] org.apache.spark.internal.Logging        : Storage level = Serialized 1x Replicated
2022-08-02 17:18:01.839  INFO   57 --- [streaming-start] org.apache.spark.internal.Logging        : Checkpoint interval = null
2022-08-02 17:18:01.839  INFO   57 --- [streaming-start] org.apache.spark.internal.Logging        : Remember interval = 1000 ms
2022-08-02 17:18:01.839  INFO   57 --- [streaming-start] org.apache.spark.internal.Logging        : Initialized and validated org.apache.spark.streaming.dstream.MappedDStream@4eddd0c1
2022-08-02 17:18:01.839  INFO   57 --- [streaming-start] org.apache.spark.internal.Logging        : Slide time = 1000 ms
2022-08-02 17:18:01.839  INFO   57 --- [streaming-start] org.apache.spark.internal.Logging        : Storage level = Serialized 1x Replicated
2022-08-02 17:18:01.839  INFO   57 --- [streaming-start] org.apache.spark.internal.Logging        : Checkpoint interval = null
2022-08-02 17:18:01.839  INFO   57 --- [streaming-start] org.apache.spark.internal.Logging        : Remember interval = 1000 ms
2022-08-02 17:18:01.839  INFO   57 --- [streaming-start] org.apache.spark.internal.Logging        : Initialized and validated org.apache.spark.streaming.dstream.ForEachDStream@741b5e5f
2022-08-02 17:18:01.949  INFO   57 --- [streaming-start] org.apache.spark.internal.Logging        : Started timer for JobGenerator at time 1659457082000
2022-08-02 17:18:01.949  INFO   57 --- [streaming-start] org.apache.spark.internal.Logging        : Started JobGenerator at 1659457082000 ms
2022-08-02 17:18:01.964  INFO   57 --- [streaming-start] org.apache.spark.internal.Logging        : Started JobScheduler
2022-08-02 17:18:01.971  INFO  915 --- [           main] ject.jetty.server.handler.ContextHandler : Started o.s.j.s.ServletContextHandler@2125ad3{/streaming,null,AVAILABLE,@Spark}
2022-08-02 17:18:01.975  INFO  915 --- [           main] ject.jetty.server.handler.ContextHandler : Started o.s.j.s.ServletContextHandler@f4c0e4e{/streaming/json,null,AVAILABLE,@Spark}
2022-08-02 17:18:01.980  INFO  915 --- [           main] ject.jetty.server.handler.ContextHandler : Started o.s.j.s.ServletContextHandler@6eb82908{/streaming/batch,null,AVAILABLE,@Spark}
2022-08-02 17:18:01.982  INFO  915 --- [           main] ject.jetty.server.handler.ContextHandler : Started o.s.j.s.ServletContextHandler@3d98d138{/streaming/batch/json,null,AVAILABLE,@Spark}
2022-08-02 17:18:01.984  INFO  915 --- [           main] ject.jetty.server.handler.ContextHandler : Started o.s.j.s.ServletContextHandler@5e2f3be5{/static/streaming,null,AVAILABLE,@Spark}
2022-08-02 17:18:01.985  INFO   57 --- [           main] org.apache.spark.internal.Logging        : StreamingContext started
2022-08-02 17:18:01.988  INFO   57 --- [er-event-loop-3] org.apache.spark.internal.Logging        : Receiver 0 started
2022-08-02 17:18:02.000  INFO   57 --- [uler-event-loop] org.apache.spark.internal.Logging        : Got job 0 (start at Application.java:205) with 1 output partitions
2022-08-02 17:18:02.000  INFO   57 --- [uler-event-loop] org.apache.spark.internal.Logging        : Final stage: ResultStage 0 (start at Application.java:205)
2022-08-02 17:18:02.000  INFO   57 --- [uler-event-loop] org.apache.spark.internal.Logging        : Parents of final stage: List()
2022-08-02 17:18:02.000  INFO   57 --- [uler-event-loop] org.apache.spark.internal.Logging        : Missing parents: List()
2022-08-02 17:18:02.016  INFO   57 --- [uler-event-loop] org.apache.spark.internal.Logging        : Submitting ResultStage 0 (Receiver 0 ParallelCollectionRDD[0] at makeRDD at ReceiverTracker.scala:609), which has no missing parents
2022-08-02 17:18:02.094  INFO   57 --- [   JobGenerator] org.apache.spark.internal.Logging        : Added jobs for time 1659457082000 ms
2022-08-02 17:18:02.110  INFO   57 --- [   JobScheduler] org.apache.spark.internal.Logging        : Starting job streaming job 1659457082000 ms.0 from job set of time 1659457082000 ms
2022-08-02 17:18:02.250  WARN   69 --- [-job-executor-0] org.apache.spark.internal.Logging        : Using an existing SparkContext; some configuration may not take effect.
2022-08-02 17:18:02.344  INFO   57 --- [uler-event-loop] org.apache.spark.internal.Logging        : Block broadcast_0 stored as values in memory (estimated size 97.5 KiB, free 897.5 MiB)
2022-08-02 17:18:02.500  INFO   57 --- [uler-event-loop] org.apache.spark.internal.Logging        : Block broadcast_0_piece0 stored as bytes in memory (estimated size 34.2 KiB, free 897.5 MiB)
2022-08-02 17:18:02.500  INFO   57 --- [ckManagerMaster] org.apache.spark.internal.Logging        : Added broadcast_0_piece0 in memory on host.docker.internal:61472 (size: 34.2 KiB, free: 897.6 MiB)
2022-08-02 17:18:02.516  INFO   57 --- [uler-event-loop] org.apache.spark.internal.Logging        : Created broadcast 0 from broadcast at DAGScheduler.scala:1478
2022-08-02 17:18:02.532  INFO   57 --- [uler-event-loop] org.apache.spark.internal.Logging        : Submitting 1 missing tasks from ResultStage 0 (Receiver 0 ParallelCollectionRDD[0] at makeRDD at ReceiverTracker.scala:609) (first 15 tasks are for partitions Vector(0))
2022-08-02 17:18:02.532  INFO   57 --- [uler-event-loop] org.apache.spark.internal.Logging        : Adding task set 0.0 with 1 tasks resource profile 0
2022-08-02 17:18:02.657  INFO   57 --- [-job-executor-0] org.apache.spark.internal.Logging        : Setting hive.metastore.warehouse.dir ('null') to the value of spark.sql.warehouse.dir.
2022-08-02 17:18:02.672  INFO   57 --- [er-event-loop-0] org.apache.spark.internal.Logging        : Starting task 0.0 in stage 0.0 (TID 0) (host.docker.internal, executor driver, partition 0, PROCESS_LOCAL, 5950 bytes) taskResourceAssignments Map()
2022-08-02 17:18:02.703  INFO   57 --- [age 0.0 (TID 0)] org.apache.spark.internal.Logging        : Running task 0.0 in stage 0.0 (TID 0)
2022-08-02 17:18:03.009  INFO   57 --- [   JobGenerator] org.apache.spark.internal.Logging        : Added jobs for time 1659457083000 ms
2022-08-02 17:18:03.096  INFO   57 --- [age 0.0 (TID 0)] org.apache.spark.internal.Logging        : Started timer for BlockGenerator at time 1659457083200
2022-08-02 17:18:03.099  INFO   57 --- [age 0.0 (TID 0)] org.apache.spark.internal.Logging        : Started BlockGenerator
2022-08-02 17:18:03.100  INFO   57 --- [      Thread-14] org.apache.spark.internal.Logging        : Started block pushing thread
2022-08-02 17:18:03.112  INFO   57 --- [er-event-loop-0] org.apache.spark.internal.Logging        : Registered receiver for stream 0 from host.docker.internal:61448
2022-08-02 17:18:03.113  INFO   57 --- [age 0.0 (TID 0)] org.apache.spark.internal.Logging        : Starting receiver 0
2022-08-02 17:18:03.117  INFO   57 --- [age 0.0 (TID 0)] org.apache.spark.internal.Logging        : Called receiver 0 onStart
2022-08-02 17:18:03.117  INFO   57 --- [age 0.0 (TID 0)] org.apache.spark.internal.Logging        : Waiting for receiver to be stopped
2022-08-02 17:18:03.749  INFO   57 --- [-job-executor-0] org.apache.spark.internal.Logging        : Warehouse path is 'file:/C:/IntelliJProjects/NifiSparkStreaming/spark-warehouse'.
2022-08-02 17:18:03.774  INFO  915 --- [-job-executor-0] ject.jetty.server.handler.ContextHandler : Started o.s.j.s.ServletContextHandler@6ca26c6{/SQL,null,AVAILABLE,@Spark}
2022-08-02 17:18:03.776  INFO  915 --- [-job-executor-0] ject.jetty.server.handler.ContextHandler : Started o.s.j.s.ServletContextHandler@2edcea94{/SQL/json,null,AVAILABLE,@Spark}
2022-08-02 17:18:03.778  INFO  915 --- [-job-executor-0] ject.jetty.server.handler.ContextHandler : Started o.s.j.s.ServletContextHandler@521acd08{/SQL/execution,null,AVAILABLE,@Spark}
2022-08-02 17:18:03.779  INFO  915 --- [-job-executor-0] ject.jetty.server.handler.ContextHandler : Started o.s.j.s.ServletContextHandler@5f255034{/SQL/execution/json,null,AVAILABLE,@Spark}
2022-08-02 17:18:03.782  INFO  915 --- [-job-executor-0] ject.jetty.server.handler.ContextHandler : Started o.s.j.s.ServletContextHandler@3cce4fdc{/static/sql,null,AVAILABLE,@Spark}
2022-08-02 17:18:04.005  INFO   57 --- [   JobGenerator] org.apache.spark.internal.Logging        : Added jobs for time 1659457084000 ms
2022-08-02 17:18:04.879  INFO  571 --- [ool Maintenance] g.apache.nifi.remote.client.PeerSelector : Successfully refreshed peer status cache; remote group consists of 1 peers
2022-08-02 17:18:04.879  INFO  571 --- [  NiFi Receiver] g.apache.nifi.remote.client.PeerSelector : Successfully refreshed peer status cache; remote group consists of 1 peers
2022-08-02 17:18:05.007  INFO   57 --- [   JobGenerator] org.apache.spark.internal.Logging        : Added jobs for time 1659457085000 ms
2022-08-02 17:18:05.179  INFO   57 --- [  NiFi Receiver] org.apache.spark.internal.Logging        : Block input-0-1659457083085 stored as values in memory (estimated size 5.1 MiB, free 892.4 MiB)
2022-08-02 17:18:05.180  INFO   57 --- [ckManagerMaster] org.apache.spark.internal.Logging        : Added input-0-1659457083085 in memory on host.docker.internal:61472 (size: 5.1 MiB, free: 892.5 MiB)
2022-08-02 17:18:06.009  INFO   57 --- [   JobGenerator] org.apache.spark.internal.Logging        : Added jobs for time 1659457086000 ms
2022-08-02 17:18:07.003  INFO   57 --- [   JobGenerator] org.apache.spark.internal.Logging        : Added jobs for time 1659457087000 ms
2022-08-02 17:18:08.003  INFO   57 --- [   JobGenerator] org.apache.spark.internal.Logging        : Added jobs for time 1659457088000 ms
2022-08-02 17:18:09.003  INFO   57 --- [   JobGenerator] org.apache.spark.internal.Logging        : Added jobs for time 1659457089000 ms
2022-08-02 17:18:09.064  INFO   57 --- [-job-executor-0] org.apache.spark.internal.Logging        : Code generated in 303.8849 ms
2022-08-02 17:18:09.404  INFO   57 --- [-job-executor-0] org.apache.spark.internal.Logging        : Code generated in 20.041 ms
2022-08-02 17:18:09.459  INFO   57 --- [-job-executor-0] org.apache.spark.internal.Logging        : Code generated in 17.0245 ms
2022-08-02 17:18:09.532  INFO   57 --- [-job-executor-0] org.apache.spark.internal.Logging        : Starting job: count at Application.java:180
2022-08-02 17:18:09.540  INFO   57 --- [uler-event-loop] org.apache.spark.internal.Logging        : Registering RDD 23 (count at Application.java:180) as input to shuffle 0
2022-08-02 17:18:09.548  INFO   57 --- [uler-event-loop] org.apache.spark.internal.Logging        : Got job 1 (count at Application.java:180) with 1 output partitions
2022-08-02 17:18:09.548  INFO   57 --- [uler-event-loop] org.apache.spark.internal.Logging        : Final stage: ResultStage 2 (count at Application.java:180)
2022-08-02 17:18:09.549  INFO   57 --- [uler-event-loop] org.apache.spark.internal.Logging        : Parents of final stage: List(ShuffleMapStage 1)
2022-08-02 17:18:09.551  INFO   57 --- [uler-event-loop] org.apache.spark.internal.Logging        : Missing parents: List()
2022-08-02 17:18:09.553  INFO   57 --- [uler-event-loop] org.apache.spark.internal.Logging        : Submitting ResultStage 2 (MapPartitionsRDD[26] at count at Application.java:180), which has no missing parents
2022-08-02 17:18:09.568  INFO   57 --- [uler-event-loop] org.apache.spark.internal.Logging        : Block broadcast_1 stored as values in memory (estimated size 11.0 KiB, free 892.4 MiB)
2022-08-02 17:18:09.580  INFO   57 --- [uler-event-loop] org.apache.spark.internal.Logging        : Block broadcast_1_piece0 stored as bytes in memory (estimated size 5.4 KiB, free 892.4 MiB)
2022-08-02 17:18:09.582  INFO   57 --- [ckManagerMaster] org.apache.spark.internal.Logging        : Added broadcast_1_piece0 in memory on host.docker.internal:61472 (size: 5.4 KiB, free: 892.5 MiB)
2022-08-02 17:18:09.584  INFO   57 --- [uler-event-loop] org.apache.spark.internal.Logging        : Created broadcast 1 from broadcast at DAGScheduler.scala:1478
2022-08-02 17:18:09.585  INFO   57 --- [uler-event-loop] org.apache.spark.internal.Logging        : Submitting 1 missing tasks from ResultStage 2 (MapPartitionsRDD[26] at count at Application.java:180) (first 15 tasks are for partitions Vector(0))
2022-08-02 17:18:09.585  INFO   57 --- [uler-event-loop] org.apache.spark.internal.Logging        : Adding task set 2.0 with 1 tasks resource profile 0
2022-08-02 17:18:09.589  INFO   57 --- [er-event-loop-2] org.apache.spark.internal.Logging        : Starting task 0.0 in stage 2.0 (TID 1) (host.docker.internal, executor driver, partition 0, PROCESS_LOCAL, 4453 bytes) taskResourceAssignments Map()
2022-08-02 17:18:09.593  INFO   57 --- [age 2.0 (TID 1)] org.apache.spark.internal.Logging        : Running task 0.0 in stage 2.0 (TID 1)
2022-08-02 17:18:09.891  INFO   57 --- [age 2.0 (TID 1)] org.apache.spark.internal.Logging        : Getting 0 (0.0 B) non-empty blocks including 0 (0.0 B) local and 0 (0.0 B) host-local and 0 (0.0 B) push-merged-local and 0 (0.0 B) remote blocks
2022-08-02 17:18:09.899  INFO   57 --- [age 2.0 (TID 1)] org.apache.spark.internal.Logging        : Started 0 remote fetches in 19 ms
2022-08-02 17:18:09.939  INFO   57 --- [age 2.0 (TID 1)] org.apache.spark.internal.Logging        : Finished task 0.0 in stage 2.0 (TID 1). 2684 bytes result sent to driver
2022-08-02 17:18:09.952  INFO   57 --- [result-getter-0] org.apache.spark.internal.Logging        : Finished task 0.0 in stage 2.0 (TID 1) in 364 ms on host.docker.internal (executor driver) (1/1)
2022-08-02 17:18:09.956  INFO   57 --- [result-getter-0] org.apache.spark.internal.Logging        : Removed TaskSet 2.0, whose tasks have all completed, from pool 
2022-08-02 17:18:09.969  INFO   57 --- [uler-event-loop] org.apache.spark.internal.Logging        : ResultStage 2 (count at Application.java:180) finished in 0.403 s
2022-08-02 17:18:09.978  INFO   57 --- [uler-event-loop] org.apache.spark.internal.Logging        : Job 1 is finished. Cancelling potential speculative or zombie tasks for this job
2022-08-02 17:18:09.979  INFO   57 --- [uler-event-loop] org.apache.spark.internal.Logging        : Killing all running tasks in stage 2: Stage finished
2022-08-02 17:18:09.985  INFO   57 --- [-job-executor-0] org.apache.spark.internal.Logging        : Job 1 finished: count at Application.java:180, took 0.452450 s
2022-08-02 17:18:10.009  INFO   57 --- [   JobScheduler] org.apache.spark.internal.Logging        : Finished job streaming job 1659457082000 ms.0 from job set of time 1659457082000 ms
2022-08-02 17:18:10.011  WARN   69 --- [-job-executor-0] org.apache.spark.internal.Logging        : Using an existing SparkSession; the static sql configurations will not take effect.
2022-08-02 17:18:10.012  WARN   69 --- [-job-executor-0] org.apache.spark.internal.Logging        : Using an existing SparkSession; some spark core configurations may not take effect.
2022-08-02 17:18:10.018  INFO   57 --- [   JobScheduler] org.apache.spark.internal.Logging        : Total delay: 8.008 s for time 1659457082000 ms (execution: 7.898 s)
2022-08-02 17:18:10.018  INFO   57 --- [   JobScheduler] org.apache.spark.internal.Logging        : Starting job streaming job 1659457083000 ms.0 from job set of time 1659457083000 ms
2022-08-02 17:18:10.034  INFO   57 --- [   JobGenerator] org.apache.spark.internal.Logging        : Deleting batches: 
2022-08-02 17:18:10.037  INFO   57 --- [   JobGenerator] org.apache.spark.internal.Logging        : remove old batch metadata: 
2022-08-02 17:18:10.041  INFO   57 --- [   JobGenerator] org.apache.spark.internal.Logging        : Added jobs for time 1659457090000 ms
2022-08-02 17:18:10.282  INFO   57 --- [-job-executor-0] org.apache.spark.internal.Logging        : Starting job: count at Application.java:180
2022-08-02 17:18:10.284  INFO   57 --- [uler-event-loop] org.apache.spark.internal.Logging        : Registering RDD 35 (count at Application.java:180) as input to shuffle 1
2022-08-02 17:18:10.285  INFO   57 --- [uler-event-loop] org.apache.spark.internal.Logging        : Got job 2 (count at Application.java:180) with 1 output partitions
2022-08-02 17:18:10.285  INFO   57 --- [uler-event-loop] org.apache.spark.internal.Logging        : Final stage: ResultStage 4 (count at Application.java:180)
2022-08-02 17:18:10.286  INFO   57 --- [uler-event-loop] org.apache.spark.internal.Logging        : Parents of final stage: List(ShuffleMapStage 3)
2022-08-02 17:18:10.286  INFO   57 --- [uler-event-loop] org.apache.spark.internal.Logging        : Missing parents: List()
2022-08-02 17:18:10.288  INFO   57 --- [uler-event-loop] org.apache.spark.internal.Logging        : Submitting ResultStage 4 (MapPartitionsRDD[38] at count at Application.java:180), which has no missing parents
2022-08-02 17:18:10.293  INFO   57 --- [uler-event-loop] org.apache.spark.internal.Logging        : Block broadcast_2 stored as values in memory (estimated size 11.0 KiB, free 892.4 MiB)
2022-08-02 17:18:10.300  INFO   57 --- [uler-event-loop] org.apache.spark.internal.Logging        : Block broadcast_2_piece0 stored as bytes in memory (estimated size 5.4 KiB, free 892.4 MiB)
2022-08-02 17:18:10.302  INFO   57 --- [ckManagerMaster] org.apache.spark.internal.Logging        : Added broadcast_2_piece0 in memory on host.docker.internal:61472 (size: 5.4 KiB, free: 892.5 MiB)
2022-08-02 17:18:10.303  INFO   57 --- [uler-event-loop] org.apache.spark.internal.Logging        : Created broadcast 2 from broadcast at DAGScheduler.scala:1478
2022-08-02 17:18:10.304  INFO   57 --- [uler-event-loop] org.apache.spark.internal.Logging        : Submitting 1 missing tasks from ResultStage 4 (MapPartitionsRDD[38] at count at Application.java:180) (first 15 tasks are for partitions Vector(0))
2022-08-02 17:18:10.305  INFO   57 --- [uler-event-loop] org.apache.spark.internal.Logging        : Adding task set 4.0 with 1 tasks resource profile 0
2022-08-02 17:18:10.307  INFO   57 --- [er-event-loop-1] org.apache.spark.internal.Logging        : Starting task 0.0 in stage 4.0 (TID 2) (host.docker.internal, executor driver, partition 0, PROCESS_LOCAL, 4453 bytes) taskResourceAssignments Map()
2022-08-02 17:18:10.308  INFO   57 --- [age 4.0 (TID 2)] org.apache.spark.internal.Logging        : Running task 0.0 in stage 4.0 (TID 2)
2022-08-02 17:18:10.315  INFO   57 --- [age 4.0 (TID 2)] org.apache.spark.internal.Logging        : Getting 0 (0.0 B) non-empty blocks including 0 (0.0 B) local and 0 (0.0 B) host-local and 0 (0.0 B) push-merged-local and 0 (0.0 B) remote blocks
2022-08-02 17:18:10.315  INFO   57 --- [age 4.0 (TID 2)] org.apache.spark.internal.Logging        : Started 0 remote fetches in 1 ms
2022-08-02 17:18:10.318  INFO   57 --- [age 4.0 (TID 2)] org.apache.spark.internal.Logging        : Finished task 0.0 in stage 4.0 (TID 2). 2555 bytes result sent to driver
2022-08-02 17:18:10.323  INFO   57 --- [result-getter-1] org.apache.spark.internal.Logging        : Finished task 0.0 in stage 4.0 (TID 2) in 17 ms on host.docker.internal (executor driver) (1/1)
2022-08-02 17:18:10.324  INFO   57 --- [result-getter-1] org.apache.spark.internal.Logging        : Removed TaskSet 4.0, whose tasks have all completed, from pool 
2022-08-02 17:18:10.325  INFO   57 --- [uler-event-loop] org.apache.spark.internal.Logging        : ResultStage 4 (count at Application.java:180) finished in 0.036 s
2022-08-02 17:18:10.326  INFO   57 --- [uler-event-loop] org.apache.spark.internal.Logging        : Job 2 is finished. Cancelling potential speculative or zombie tasks for this job
2022-08-02 17:18:10.327  INFO   57 --- [uler-event-loop] org.apache.spark.internal.Logging        : Killing all running tasks in stage 4: Stage finished
2022-08-02 17:18:10.328  INFO   57 --- [-job-executor-0] org.apache.spark.internal.Logging        : Job 2 finished: count at Application.java:180, took 0.045186 s
2022-08-02 17:18:10.332  INFO   57 --- [   JobScheduler] org.apache.spark.internal.Logging        : Finished job streaming job 1659457083000 ms.0 from job set of time 1659457083000 ms
2022-08-02 17:18:10.333  INFO   57 --- [   JobScheduler] org.apache.spark.internal.Logging        : Total delay: 7.332 s for time 1659457083000 ms (execution: 0.314 s)
2022-08-02 17:18:10.333  INFO   57 --- [   JobScheduler] org.apache.spark.internal.Logging        : Starting job streaming job 1659457084000 ms.0 from job set of time 1659457084000 ms
2022-08-02 17:18:10.336  INFO   57 --- [   JobGenerator] org.apache.spark.internal.Logging        : Removing RDD 2 from persistence list
2022-08-02 17:18:10.339  WARN   69 --- [-job-executor-0] org.apache.spark.internal.Logging        : Using an existing SparkSession; the static sql configurations will not take effect.
2022-08-02 17:18:10.339  WARN   69 --- [-job-executor-0] org.apache.spark.internal.Logging        : Using an existing SparkSession; some spark core configurations may not take effect.
2022-08-02 17:18:10.392  INFO   57 --- [   JobGenerator] org.apache.spark.internal.Logging        : Removing RDD 1 from persistence list
2022-08-02 17:18:10.397  INFO   57 --- [   JobGenerator] org.apache.spark.internal.Logging        : Removing blocks of RDD BlockRDD[1] at receiverStream at Application.java:127 of time 1659457083000 ms
2022-08-02 17:18:10.400  INFO   57 --- [   JobGenerator] org.apache.spark.internal.Logging        : Deleting batches: 
2022-08-02 17:18:10.401  INFO   57 --- [   JobGenerator] org.apache.spark.internal.Logging        : remove old batch metadata: 
2022-08-02 17:18:10.405  INFO   57 --- [c-thread-pool-0] org.apache.spark.internal.Logging        : Removing RDD 2
2022-08-02 17:18:10.405  INFO   57 --- [c-thread-pool-1] org.apache.spark.internal.Logging        : Removing RDD 1
2022-08-02 17:18:10.544  INFO   57 --- [-job-executor-0] org.apache.spark.internal.Logging        : Starting job: count at Application.java:180
2022-08-02 17:18:10.546  INFO   57 --- [uler-event-loop] org.apache.spark.internal.Logging        : Registering RDD 45 (count at Application.java:180) as input to shuffle 2
2022-08-02 17:18:10.547  INFO   57 --- [uler-event-loop] org.apache.spark.internal.Logging        : Got job 3 (count at Application.java:180) with 1 output partitions
2022-08-02 17:18:10.547  INFO   57 --- [uler-event-loop] org.apache.spark.internal.Logging        : Final stage: ResultStage 6 (count at Application.java:180)
2022-08-02 17:18:10.547  INFO   57 --- [uler-event-loop] org.apache.spark.internal.Logging        : Parents of final stage: List(ShuffleMapStage 5)
2022-08-02 17:18:10.548  INFO   57 --- [uler-event-loop] org.apache.spark.internal.Logging        : Missing parents: List()
2022-08-02 17:18:10.549  INFO   57 --- [uler-event-loop] org.apache.spark.internal.Logging        : Submitting ResultStage 6 (MapPartitionsRDD[48] at count at Application.java:180), which has no missing parents
2022-08-02 17:18:10.558  INFO   57 --- [uler-event-loop] org.apache.spark.internal.Logging        : Block broadcast_3 stored as values in memory (estimated size 11.0 KiB, free 892.3 MiB)
2022-08-02 17:18:10.577  INFO   57 --- [uler-event-loop] org.apache.spark.internal.Logging        : Block broadcast_3_piece0 stored as bytes in memory (estimated size 5.4 KiB, free 892.3 MiB)
2022-08-02 17:18:10.579  INFO   57 --- [ckManagerMaster] org.apache.spark.internal.Logging        : Added broadcast_3_piece0 in memory on host.docker.internal:61472 (size: 5.4 KiB, free: 892.5 MiB)
2022-08-02 17:18:10.580  INFO   57 --- [uler-event-loop] org.apache.spark.internal.Logging        : Created broadcast 3 from broadcast at DAGScheduler.scala:1478
2022-08-02 17:18:10.581  INFO   57 --- [uler-event-loop] org.apache.spark.internal.Logging        : Submitting 1 missing tasks from ResultStage 6 (MapPartitionsRDD[48] at count at Application.java:180) (first 15 tasks are for partitions Vector(0))
2022-08-02 17:18:10.581  INFO   57 --- [uler-event-loop] org.apache.spark.internal.Logging        : Adding task set 6.0 with 1 tasks resource profile 0
2022-08-02 17:18:10.584  INFO   57 --- [er-event-loop-0] org.apache.spark.internal.Logging        : Starting task 0.0 in stage 6.0 (TID 3) (host.docker.internal, executor driver, partition 0, PROCESS_LOCAL, 4453 bytes) taskResourceAssignments Map()
2022-08-02 17:18:10.585  INFO   57 --- [age 6.0 (TID 3)] org.apache.spark.internal.Logging        : Running task 0.0 in stage 6.0 (TID 3)
2022-08-02 17:18:10.591  INFO   57 --- [age 6.0 (TID 3)] org.apache.spark.internal.Logging        : Getting 0 (0.0 B) non-empty blocks including 0 (0.0 B) local and 0 (0.0 B) host-local and 0 (0.0 B) push-merged-local and 0 (0.0 B) remote blocks
2022-08-02 17:18:10.591  INFO   57 --- [age 6.0 (TID 3)] org.apache.spark.internal.Logging        : Started 0 remote fetches in 1 ms
2022-08-02 17:18:10.594  INFO   57 --- [age 6.0 (TID 3)] org.apache.spark.internal.Logging        : Finished task 0.0 in stage 6.0 (TID 3). 2598 bytes result sent to driver
2022-08-02 17:18:10.596  INFO   57 --- [result-getter-2] org.apache.spark.internal.Logging        : Finished task 0.0 in stage 6.0 (TID 3) in 13 ms on host.docker.internal (executor driver) (1/1)
2022-08-02 17:18:10.597  INFO   57 --- [result-getter-2] org.apache.spark.internal.Logging        : Removed TaskSet 6.0, whose tasks have all completed, from pool 
2022-08-02 17:18:10.600  INFO   57 --- [uler-event-loop] org.apache.spark.internal.Logging        : ResultStage 6 (count at Application.java:180) finished in 0.049 s
2022-08-02 17:18:10.600  INFO   57 --- [uler-event-loop] org.apache.spark.internal.Logging        : Job 3 is finished. Cancelling potential speculative or zombie tasks for this job
2022-08-02 17:18:10.601  INFO   57 --- [uler-event-loop] org.apache.spark.internal.Logging        : Killing all running tasks in stage 6: Stage finished
2022-08-02 17:18:10.606  INFO   57 --- [-job-executor-0] org.apache.spark.internal.Logging        : Job 3 finished: count at Application.java:180, took 0.060819 s
2022-08-02 17:18:10.613  WARN   69 --- [-job-executor-0] org.apache.spark.internal.Logging        : Using an existing SparkSession; the static sql configurations will not take effect.
2022-08-02 17:18:10.614  WARN   69 --- [-job-executor-0] org.apache.spark.internal.Logging        : Using an existing SparkSession; some spark core configurations may not take effect.
2022-08-02 17:18:10.627  INFO   57 --- [   JobScheduler] org.apache.spark.internal.Logging        : Finished job streaming job 1659457084000 ms.0 from job set of time 1659457084000 ms
2022-08-02 17:18:10.632  INFO   57 --- [   JobScheduler] org.apache.spark.internal.Logging        : Total delay: 6.627 s for time 1659457084000 ms (execution: 0.294 s)
2022-08-02 17:18:10.634  INFO   57 --- [   JobScheduler] org.apache.spark.internal.Logging        : Starting job streaming job 1659457085000 ms.0 from job set of time 1659457085000 ms
2022-08-02 17:18:10.642  INFO   57 --- [   JobGenerator] org.apache.spark.internal.Logging        : Removing RDD 6 from persistence list
2022-08-02 17:18:10.650  INFO   57 --- [   JobGenerator] org.apache.spark.internal.Logging        : Removing RDD 5 from persistence list
2022-08-02 17:18:10.658  INFO   57 --- [   JobGenerator] org.apache.spark.internal.Logging        : Removing blocks of RDD BlockRDD[5] at receiverStream at Application.java:127 of time 1659457084000 ms
2022-08-02 17:18:10.658  INFO   57 --- [   JobGenerator] org.apache.spark.internal.Logging        : Deleting batches: 1659457082000 ms
2022-08-02 17:18:10.659  INFO   57 --- [   JobGenerator] org.apache.spark.internal.Logging        : remove old batch metadata: 1659457082000 ms
2022-08-02 17:18:10.659  INFO   57 --- [c-thread-pool-6] org.apache.spark.internal.Logging        : Removing RDD 6
2022-08-02 17:18:10.662  INFO   57 --- [c-thread-pool-7] org.apache.spark.internal.Logging        : Removing RDD 5
2022-08-02 17:18:10.914  INFO   57 --- [-job-executor-0] org.apache.spark.internal.Logging        : Starting job: count at Application.java:180
2022-08-02 17:18:10.917  INFO   57 --- [uler-event-loop] org.apache.spark.internal.Logging        : Registering RDD 55 (count at Application.java:180) as input to shuffle 3
2022-08-02 17:18:10.920  INFO   57 --- [uler-event-loop] org.apache.spark.internal.Logging        : Got job 4 (count at Application.java:180) with 1 output partitions
2022-08-02 17:18:10.920  INFO   57 --- [uler-event-loop] org.apache.spark.internal.Logging        : Final stage: ResultStage 8 (count at Application.java:180)
2022-08-02 17:18:10.921  INFO   57 --- [uler-event-loop] org.apache.spark.internal.Logging        : Parents of final stage: List(ShuffleMapStage 7)
2022-08-02 17:18:10.922  INFO   57 --- [uler-event-loop] org.apache.spark.internal.Logging        : Missing parents: List()
2022-08-02 17:18:10.923  INFO   57 --- [uler-event-loop] org.apache.spark.internal.Logging        : Submitting ResultStage 8 (MapPartitionsRDD[58] at count at Application.java:180), which has no missing parents
2022-08-02 17:18:10.932  INFO   57 --- [uler-event-loop] org.apache.spark.internal.Logging        : Block broadcast_4 stored as values in memory (estimated size 11.0 KiB, free 892.3 MiB)
2022-08-02 17:18:10.936  INFO   57 --- [uler-event-loop] org.apache.spark.internal.Logging        : Block broadcast_4_piece0 stored as bytes in memory (estimated size 5.4 KiB, free 892.3 MiB)
2022-08-02 17:18:10.938  INFO   57 --- [ckManagerMaster] org.apache.spark.internal.Logging        : Added broadcast_4_piece0 in memory on host.docker.internal:61472 (size: 5.4 KiB, free: 892.5 MiB)
2022-08-02 17:18:10.939  INFO   57 --- [uler-event-loop] org.apache.spark.internal.Logging        : Created broadcast 4 from broadcast at DAGScheduler.scala:1478
2022-08-02 17:18:10.940  INFO   57 --- [uler-event-loop] org.apache.spark.internal.Logging        : Submitting 1 missing tasks from ResultStage 8 (MapPartitionsRDD[58] at count at Application.java:180) (first 15 tasks are for partitions Vector(0))
2022-08-02 17:18:10.941  INFO   57 --- [uler-event-loop] org.apache.spark.internal.Logging        : Adding task set 8.0 with 1 tasks resource profile 0
2022-08-02 17:18:10.943  INFO   57 --- [er-event-loop-3] org.apache.spark.internal.Logging        : Starting task 0.0 in stage 8.0 (TID 4) (host.docker.internal, executor driver, partition 0, PROCESS_LOCAL, 4453 bytes) taskResourceAssignments Map()
2022-08-02 17:18:10.945  INFO   57 --- [age 8.0 (TID 4)] org.apache.spark.internal.Logging        : Running task 0.0 in stage 8.0 (TID 4)
2022-08-02 17:18:10.952  INFO   57 --- [age 8.0 (TID 4)] org.apache.spark.internal.Logging        : Getting 0 (0.0 B) non-empty blocks including 0 (0.0 B) local and 0 (0.0 B) host-local and 0 (0.0 B) push-merged-local and 0 (0.0 B) remote blocks
2022-08-02 17:18:10.953  INFO   57 --- [age 8.0 (TID 4)] org.apache.spark.internal.Logging        : Started 0 remote fetches in 1 ms
2022-08-02 17:18:10.955  INFO   57 --- [age 8.0 (TID 4)] org.apache.spark.internal.Logging        : Finished task 0.0 in stage 8.0 (TID 4). 2598 bytes result sent to driver
2022-08-02 17:18:10.962  INFO   57 --- [result-getter-3] org.apache.spark.internal.Logging        : Finished task 0.0 in stage 8.0 (TID 4) in 20 ms on host.docker.internal (executor driver) (1/1)
2022-08-02 17:18:10.963  INFO   57 --- [result-getter-3] org.apache.spark.internal.Logging        : Removed TaskSet 8.0, whose tasks have all completed, from pool 
2022-08-02 17:18:10.964  INFO   57 --- [uler-event-loop] org.apache.spark.internal.Logging        : ResultStage 8 (count at Application.java:180) finished in 0.039 s
2022-08-02 17:18:10.965  INFO   57 --- [uler-event-loop] org.apache.spark.internal.Logging        : Job 4 is finished. Cancelling potential speculative or zombie tasks for this job
2022-08-02 17:18:10.965  INFO   57 --- [uler-event-loop] org.apache.spark.internal.Logging        : Killing all running tasks in stage 8: Stage finished
2022-08-02 17:18:10.966  INFO   57 --- [-job-executor-0] org.apache.spark.internal.Logging        : Job 4 finished: count at Application.java:180, took 0.050281 s
2022-08-02 17:18:10.969  INFO   57 --- [   JobScheduler] org.apache.spark.internal.Logging        : Finished job streaming job 1659457085000 ms.0 from job set of time 1659457085000 ms
2022-08-02 17:18:10.969  INFO   57 --- [   JobScheduler] org.apache.spark.internal.Logging        : Total delay: 5.968 s for time 1659457085000 ms (execution: 0.335 s)
2022-08-02 17:18:10.969  INFO   57 --- [   JobScheduler] org.apache.spark.internal.Logging        : Starting job streaming job 1659457086000 ms.0 from job set of time 1659457086000 ms
2022-08-02 17:18:10.972  WARN   69 --- [-job-executor-0] org.apache.spark.internal.Logging        : Using an existing SparkSession; the static sql configurations will not take effect.
2022-08-02 17:18:10.972  WARN   69 --- [-job-executor-0] org.apache.spark.internal.Logging        : Using an existing SparkSession; some spark core configurations may not take effect.
2022-08-02 17:18:10.979  INFO   57 --- [   JobGenerator] org.apache.spark.internal.Logging        : Removing RDD 8 from persistence list
2022-08-02 17:18:10.980  INFO   57 --- [   JobGenerator] org.apache.spark.internal.Logging        : Removing RDD 7 from persistence list
2022-08-02 17:18:11.000  INFO   57 --- [   JobGenerator] org.apache.spark.internal.Logging        : Removing blocks of RDD BlockRDD[7] at receiverStream at Application.java:127 of time 1659457085000 ms
2022-08-02 17:18:11.002  INFO   57 --- [   JobGenerator] org.apache.spark.internal.Logging        : Deleting batches: 1659457083000 ms
2022-08-02 17:18:11.002  INFO   57 --- [   JobGenerator] org.apache.spark.internal.Logging        : remove old batch metadata: 1659457083000 ms
2022-08-02 17:18:11.000  INFO   57 --- [-thread-pool-12] org.apache.spark.internal.Logging        : Removing RDD 8
2022-08-02 17:18:11.003  INFO   57 --- [-thread-pool-13] org.apache.spark.internal.Logging        : Removing RDD 7
2022-08-02 17:18:11.023  INFO   57 --- [   JobGenerator] org.apache.spark.internal.Logging        : Added jobs for time 1659457091000 ms
2022-08-02 17:18:11.049  INFO   57 --- [-job-executor-0] org.apache.spark.internal.Logging        : Starting job: show at Application.java:177
2022-08-02 17:18:11.051  INFO   57 --- [uler-event-loop] org.apache.spark.internal.Logging        : Got job 5 (show at Application.java:177) with 1 output partitions
2022-08-02 17:18:11.051  INFO   57 --- [uler-event-loop] org.apache.spark.internal.Logging        : Final stage: ResultStage 9 (show at Application.java:177)
2022-08-02 17:18:11.052  INFO   57 --- [uler-event-loop] org.apache.spark.internal.Logging        : Parents of final stage: List()
2022-08-02 17:18:11.052  INFO   57 --- [uler-event-loop] org.apache.spark.internal.Logging        : Missing parents: List()
2022-08-02 17:18:11.053  INFO   57 --- [uler-event-loop] org.apache.spark.internal.Logging        : Submitting ResultStage 9 (MapPartitionsRDD[65] at show at Application.java:177), which has no missing parents
2022-08-02 17:18:11.116  INFO   57 --- [uler-event-loop] org.apache.spark.internal.Logging        : Block broadcast_5 stored as values in memory (estimated size 24.9 KiB, free 892.3 MiB)
2022-08-02 17:18:11.120  INFO   57 --- [uler-event-loop] org.apache.spark.internal.Logging        : Block broadcast_5_piece0 stored as bytes in memory (estimated size 9.5 KiB, free 892.3 MiB)
2022-08-02 17:18:11.122  INFO   57 --- [ckManagerMaster] org.apache.spark.internal.Logging        : Added broadcast_5_piece0 in memory on host.docker.internal:61472 (size: 9.5 KiB, free: 892.5 MiB)
2022-08-02 17:18:11.123  INFO   57 --- [uler-event-loop] org.apache.spark.internal.Logging        : Created broadcast 5 from broadcast at DAGScheduler.scala:1478
2022-08-02 17:18:11.123  INFO   57 --- [uler-event-loop] org.apache.spark.internal.Logging        : Submitting 1 missing tasks from ResultStage 9 (MapPartitionsRDD[65] at show at Application.java:177) (first 15 tasks are for partitions Vector(0))
2022-08-02 17:18:11.124  INFO   57 --- [uler-event-loop] org.apache.spark.internal.Logging        : Adding task set 9.0 with 1 tasks resource profile 0
2022-08-02 17:18:11.128  INFO   57 --- [er-event-loop-2] org.apache.spark.internal.Logging        : Starting task 0.0 in stage 9.0 (TID 5) (host.docker.internal, executor driver, partition 0, PROCESS_LOCAL, 4394 bytes) taskResourceAssignments Map()
2022-08-02 17:18:11.130  INFO   57 --- [age 9.0 (TID 5)] org.apache.spark.internal.Logging        : Running task 0.0 in stage 9.0 (TID 5)
2022-08-02 17:18:11.213  INFO   57 --- [age 9.0 (TID 5)] org.apache.spark.internal.Logging        : Found block input-0-1659457083085 locally
2022-08-02 17:18:11.583  INFO   57 --- [ckManagerMaster] org.apache.spark.internal.Logging        : Removed broadcast_1_piece0 on host.docker.internal:61472 in memory (size: 5.4 KiB, free: 892.5 MiB)
2022-08-02 17:18:11.619  INFO   57 --- [ckManagerMaster] org.apache.spark.internal.Logging        : Removed broadcast_4_piece0 on host.docker.internal:61472 in memory (size: 5.4 KiB, free: 892.5 MiB)
2022-08-02 17:18:11.665  INFO   57 --- [ckManagerMaster] org.apache.spark.internal.Logging        : Removed broadcast_2_piece0 on host.docker.internal:61472 in memory (size: 5.4 KiB, free: 892.5 MiB)
2022-08-02 17:18:11.677  INFO   57 --- [ckManagerMaster] org.apache.spark.internal.Logging        : Removed broadcast_3_piece0 on host.docker.internal:61472 in memory (size: 5.4 KiB, free: 892.5 MiB)
2022-08-02 17:18:12.003  INFO   57 --- [   JobGenerator] org.apache.spark.internal.Logging        : Added jobs for time 1659457092000 ms
2022-08-02 17:18:12.188  INFO   57 --- [age 9.0 (TID 5)] org.apache.spark.internal.Logging        : Code generated in 87.362 ms
2022-08-02 17:18:12.212  ERROR   94 --- [age 9.0 (TID 5)] org.apache.spark.internal.Logging        : Exception in task 0.0 in stage 9.0 (TID 5)
java.lang.RuntimeException: Error while encoding: java.lang.RuntimeException: com.elite.cdr.validator.Asn1Classes.Cdr is not a valid external type for schema of int
validateexternaltype(getexternalrowfield(assertnotnull(input[0, org.apache.spark.sql.Row, true]), 0, ID), IntegerType) AS ID#376
staticinvoke(class org.apache.spark.unsafe.types.UTF8String, StringType, fromString, validateexternaltype(getexternalrowfield(assertnotnull(input[0, org.apache.spark.sql.Row, true]), 1, CALLTYPE), StringType), true, false, true) AS CALLTYPE#377
staticinvoke(class org.apache.spark.unsafe.types.UTF8String, StringType, fromString, validateexternaltype(getexternalrowfield(assertnotnull(input[0, org.apache.spark.sql.Row, true]), 2, IMSI), StringType), true, false, true) AS IMSI#378
staticinvoke(class org.apache.spark.unsafe.types.UTF8String, StringType, fromString, validateexternaltype(getexternalrowfield(assertnotnull(input[0, org.apache.spark.sql.Row, true]), 3, IMEI), StringType), true, false, true) AS IMEI#379
staticinvoke(class org.apache.spark.unsafe.types.UTF8String, StringType, fromString, validateexternaltype(getexternalrowfield(assertnotnull(input[0, org.apache.spark.sql.Row, true]), 4, MSISDN), StringType), true, false, true) AS MSISDN#380
staticinvoke(class org.apache.spark.unsafe.types.UTF8String, StringType, fromString, validateexternaltype(getexternalrowfield(assertnotnull(input[0, org.apache.spark.sql.Row, true]), 5, CALLINGNUMBER), StringType), true, false, true) AS CALLINGNUMBER#381
staticinvoke(class org.apache.spark.unsafe.types.UTF8String, StringType, fromString, validateexternaltype(getexternalrowfield(assertnotnull(input[0, org.apache.spark.sql.Row, true]), 6, CALLEDNUMBER), StringType), true, false, true) AS CALLEDNUMBER#382
staticinvoke(class org.apache.spark.unsafe.types.UTF8String, StringType, fromString, validateexternaltype(getexternalrowfield(assertnotnull(input[0, org.apache.spark.sql.Row, true]), 7, MSCINCOMING), StringType), true, false, true) AS MSCINCOMING#383
staticinvoke(class org.apache.spark.unsafe.types.UTF8String, StringType, fromString, validateexternaltype(getexternalrowfield(assertnotnull(input[0, org.apache.spark.sql.Row, true]), 8, MSCOUTGOING), StringType), true, false, true) AS MSCOUTGOING#384
staticinvoke(class org.apache.spark.unsafe.types.UTF8String, StringType, fromString, validateexternaltype(getexternalrowfield(assertnotnull(input[0, org.apache.spark.sql.Row, true]), 9, LOCATION), StringType), true, false, true) AS LOCATION#385
staticinvoke(class org.apache.spark.unsafe.types.UTF8String, StringType, fromString, validateexternaltype(getexternalrowfield(assertnotnull(input[0, org.apache.spark.sql.Row, true]), 10, ANSWERTIME), StringType), true, false, true) AS ANSWERTIME#386
	at org.apache.spark.sql.errors.QueryExecutionErrors$.expressionEncodingError(QueryExecutionErrors.scala:1052)
	at org.apache.spark.sql.catalyst.encoders.ExpressionEncoder$Serializer.apply(ExpressionEncoder.scala:210)
	at org.apache.spark.sql.catalyst.encoders.ExpressionEncoder$Serializer.apply(ExpressionEncoder.scala:193)
	at scala.collection.Iterator$$anon$10.next(Iterator.scala:461)
	at org.apache.spark.sql.catalyst.expressions.GeneratedClass$GeneratedIteratorForCodegenStage1.processNext(Unknown Source)
	at org.apache.spark.sql.execution.BufferedRowIterator.hasNext(BufferedRowIterator.java:43)
	at org.apache.spark.sql.execution.WholeStageCodegenExec$$anon$1.hasNext(WholeStageCodegenExec.scala:759)
	at org.apache.spark.sql.execution.SparkPlan.$anonfun$getByteArrayRdd$1(SparkPlan.scala:349)
	at org.apache.spark.rdd.RDD.$anonfun$mapPartitionsInternal$2(RDD.scala:898)
	at org.apache.spark.rdd.RDD.$anonfun$mapPartitionsInternal$2$adapted(RDD.scala:898)
	at org.apache.spark.rdd.MapPartitionsRDD.compute(MapPartitionsRDD.scala:52)
	at org.apache.spark.rdd.RDD.computeOrReadCheckpoint(RDD.scala:373)
	at org.apache.spark.rdd.RDD.iterator(RDD.scala:337)
	at org.apache.spark.scheduler.ResultTask.runTask(ResultTask.scala:90)
	at org.apache.spark.scheduler.Task.run(Task.scala:131)
	at org.apache.spark.executor.Executor$TaskRunner.$anonfun$run$3(Executor.scala:506)
	at org.apache.spark.util.Utils$.tryWithSafeFinally(Utils.scala:1462)
	at org.apache.spark.executor.Executor$TaskRunner.run(Executor.scala:509)
	at java.util.concurrent.ThreadPoolExecutor.runWorker(ThreadPoolExecutor.java:1149)
	at java.util.concurrent.ThreadPoolExecutor$Worker.run(ThreadPoolExecutor.java:624)
	at java.lang.Thread.run(Thread.java:748)
Caused by: java.lang.RuntimeException: com.elite.cdr.validator.Asn1Classes.Cdr is not a valid external type for schema of int
	at org.apache.spark.sql.catalyst.expressions.GeneratedClass$SpecificUnsafeProjection.writeFields_0_0$(Unknown Source)
	at org.apache.spark.sql.catalyst.expressions.GeneratedClass$SpecificUnsafeProjection.apply(Unknown Source)
	at org.apache.spark.sql.catalyst.encoders.ExpressionEncoder$Serializer.apply(ExpressionEncoder.scala:207)
	... 19 more
2022-08-02 17:18:12.243  WARN   69 --- [result-getter-0] org.apache.spark.internal.Logging        : Lost task 0.0 in stage 9.0 (TID 5) (host.docker.internal executor driver): java.lang.RuntimeException: Error while encoding: java.lang.RuntimeException: com.elite.cdr.validator.Asn1Classes.Cdr is not a valid external type for schema of int
validateexternaltype(getexternalrowfield(assertnotnull(input[0, org.apache.spark.sql.Row, true]), 0, ID), IntegerType) AS ID#376
staticinvoke(class org.apache.spark.unsafe.types.UTF8String, StringType, fromString, validateexternaltype(getexternalrowfield(assertnotnull(input[0, org.apache.spark.sql.Row, true]), 1, CALLTYPE), StringType), true, false, true) AS CALLTYPE#377
staticinvoke(class org.apache.spark.unsafe.types.UTF8String, StringType, fromString, validateexternaltype(getexternalrowfield(assertnotnull(input[0, org.apache.spark.sql.Row, true]), 2, IMSI), StringType), true, false, true) AS IMSI#378
staticinvoke(class org.apache.spark.unsafe.types.UTF8String, StringType, fromString, validateexternaltype(getexternalrowfield(assertnotnull(input[0, org.apache.spark.sql.Row, true]), 3, IMEI), StringType), true, false, true) AS IMEI#379
staticinvoke(class org.apache.spark.unsafe.types.UTF8String, StringType, fromString, validateexternaltype(getexternalrowfield(assertnotnull(input[0, org.apache.spark.sql.Row, true]), 4, MSISDN), StringType), true, false, true) AS MSISDN#380
staticinvoke(class org.apache.spark.unsafe.types.UTF8String, StringType, fromString, validateexternaltype(getexternalrowfield(assertnotnull(input[0, org.apache.spark.sql.Row, true]), 5, CALLINGNUMBER), StringType), true, false, true) AS CALLINGNUMBER#381
staticinvoke(class org.apache.spark.unsafe.types.UTF8String, StringType, fromString, validateexternaltype(getexternalrowfield(assertnotnull(input[0, org.apache.spark.sql.Row, true]), 6, CALLEDNUMBER), StringType), true, false, true) AS CALLEDNUMBER#382
staticinvoke(class org.apache.spark.unsafe.types.UTF8String, StringType, fromString, validateexternaltype(getexternalrowfield(assertnotnull(input[0, org.apache.spark.sql.Row, true]), 7, MSCINCOMING), StringType), true, false, true) AS MSCINCOMING#383
staticinvoke(class org.apache.spark.unsafe.types.UTF8String, StringType, fromString, validateexternaltype(getexternalrowfield(assertnotnull(input[0, org.apache.spark.sql.Row, true]), 8, MSCOUTGOING), StringType), true, false, true) AS MSCOUTGOING#384
staticinvoke(class org.apache.spark.unsafe.types.UTF8String, StringType, fromString, validateexternaltype(getexternalrowfield(assertnotnull(input[0, org.apache.spark.sql.Row, true]), 9, LOCATION), StringType), true, false, true) AS LOCATION#385
staticinvoke(class org.apache.spark.unsafe.types.UTF8String, StringType, fromString, validateexternaltype(getexternalrowfield(assertnotnull(input[0, org.apache.spark.sql.Row, true]), 10, ANSWERTIME), StringType), true, false, true) AS ANSWERTIME#386
	at org.apache.spark.sql.errors.QueryExecutionErrors$.expressionEncodingError(QueryExecutionErrors.scala:1052)
	at org.apache.spark.sql.catalyst.encoders.ExpressionEncoder$Serializer.apply(ExpressionEncoder.scala:210)
	at org.apache.spark.sql.catalyst.encoders.ExpressionEncoder$Serializer.apply(ExpressionEncoder.scala:193)
	at scala.collection.Iterator$$anon$10.next(Iterator.scala:461)
	at org.apache.spark.sql.catalyst.expressions.GeneratedClass$GeneratedIteratorForCodegenStage1.processNext(Unknown Source)
	at org.apache.spark.sql.execution.BufferedRowIterator.hasNext(BufferedRowIterator.java:43)
	at org.apache.spark.sql.execution.WholeStageCodegenExec$$anon$1.hasNext(WholeStageCodegenExec.scala:759)
	at org.apache.spark.sql.execution.SparkPlan.$anonfun$getByteArrayRdd$1(SparkPlan.scala:349)
	at org.apache.spark.rdd.RDD.$anonfun$mapPartitionsInternal$2(RDD.scala:898)
	at org.apache.spark.rdd.RDD.$anonfun$mapPartitionsInternal$2$adapted(RDD.scala:898)
	at org.apache.spark.rdd.MapPartitionsRDD.compute(MapPartitionsRDD.scala:52)
	at org.apache.spark.rdd.RDD.computeOrReadCheckpoint(RDD.scala:373)
	at org.apache.spark.rdd.RDD.iterator(RDD.scala:337)
	at org.apache.spark.scheduler.ResultTask.runTask(ResultTask.scala:90)
	at org.apache.spark.scheduler.Task.run(Task.scala:131)
	at org.apache.spark.executor.Executor$TaskRunner.$anonfun$run$3(Executor.scala:506)
	at org.apache.spark.util.Utils$.tryWithSafeFinally(Utils.scala:1462)
	at org.apache.spark.executor.Executor$TaskRunner.run(Executor.scala:509)
	at java.util.concurrent.ThreadPoolExecutor.runWorker(ThreadPoolExecutor.java:1149)
	at java.util.concurrent.ThreadPoolExecutor$Worker.run(ThreadPoolExecutor.java:624)
	at java.lang.Thread.run(Thread.java:748)
Caused by: java.lang.RuntimeException: com.elite.cdr.validator.Asn1Classes.Cdr is not a valid external type for schema of int
	at org.apache.spark.sql.catalyst.expressions.GeneratedClass$SpecificUnsafeProjection.writeFields_0_0$(Unknown Source)
	at org.apache.spark.sql.catalyst.expressions.GeneratedClass$SpecificUnsafeProjection.apply(Unknown Source)
	at org.apache.spark.sql.catalyst.encoders.ExpressionEncoder$Serializer.apply(ExpressionEncoder.scala:207)
	... 19 more

2022-08-02 17:18:12.246  ERROR   73 --- [result-getter-0] org.apache.spark.internal.Logging        : Task 0 in stage 9.0 failed 1 times; aborting job
2022-08-02 17:18:12.247  INFO   57 --- [result-getter-0] org.apache.spark.internal.Logging        : Removed TaskSet 9.0, whose tasks have all completed, from pool 
2022-08-02 17:18:12.252  INFO   57 --- [uler-event-loop] org.apache.spark.internal.Logging        : Cancelling stage 9
2022-08-02 17:18:12.253  INFO   57 --- [uler-event-loop] org.apache.spark.internal.Logging        : Killing all running tasks in stage 9: Stage cancelled
2022-08-02 17:18:12.254  INFO   57 --- [uler-event-loop] org.apache.spark.internal.Logging        : ResultStage 9 (show at Application.java:177) failed in 1.195 s due to Job aborted due to stage failure: Task 0 in stage 9.0 failed 1 times, most recent failure: Lost task 0.0 in stage 9.0 (TID 5) (host.docker.internal executor driver): java.lang.RuntimeException: Error while encoding: java.lang.RuntimeException: com.elite.cdr.validator.Asn1Classes.Cdr is not a valid external type for schema of int
validateexternaltype(getexternalrowfield(assertnotnull(input[0, org.apache.spark.sql.Row, true]), 0, ID), IntegerType) AS ID#376
staticinvoke(class org.apache.spark.unsafe.types.UTF8String, StringType, fromString, validateexternaltype(getexternalrowfield(assertnotnull(input[0, org.apache.spark.sql.Row, true]), 1, CALLTYPE), StringType), true, false, true) AS CALLTYPE#377
staticinvoke(class org.apache.spark.unsafe.types.UTF8String, StringType, fromString, validateexternaltype(getexternalrowfield(assertnotnull(input[0, org.apache.spark.sql.Row, true]), 2, IMSI), StringType), true, false, true) AS IMSI#378
staticinvoke(class org.apache.spark.unsafe.types.UTF8String, StringType, fromString, validateexternaltype(getexternalrowfield(assertnotnull(input[0, org.apache.spark.sql.Row, true]), 3, IMEI), StringType), true, false, true) AS IMEI#379
staticinvoke(class org.apache.spark.unsafe.types.UTF8String, StringType, fromString, validateexternaltype(getexternalrowfield(assertnotnull(input[0, org.apache.spark.sql.Row, true]), 4, MSISDN), StringType), true, false, true) AS MSISDN#380
staticinvoke(class org.apache.spark.unsafe.types.UTF8String, StringType, fromString, validateexternaltype(getexternalrowfield(assertnotnull(input[0, org.apache.spark.sql.Row, true]), 5, CALLINGNUMBER), StringType), true, false, true) AS CALLINGNUMBER#381
staticinvoke(class org.apache.spark.unsafe.types.UTF8String, StringType, fromString, validateexternaltype(getexternalrowfield(assertnotnull(input[0, org.apache.spark.sql.Row, true]), 6, CALLEDNUMBER), StringType), true, false, true) AS CALLEDNUMBER#382
staticinvoke(class org.apache.spark.unsafe.types.UTF8String, StringType, fromString, validateexternaltype(getexternalrowfield(assertnotnull(input[0, org.apache.spark.sql.Row, true]), 7, MSCINCOMING), StringType), true, false, true) AS MSCINCOMING#383
staticinvoke(class org.apache.spark.unsafe.types.UTF8String, StringType, fromString, validateexternaltype(getexternalrowfield(assertnotnull(input[0, org.apache.spark.sql.Row, true]), 8, MSCOUTGOING), StringType), true, false, true) AS MSCOUTGOING#384
staticinvoke(class org.apache.spark.unsafe.types.UTF8String, StringType, fromString, validateexternaltype(getexternalrowfield(assertnotnull(input[0, org.apache.spark.sql.Row, true]), 9, LOCATION), StringType), true, false, true) AS LOCATION#385
staticinvoke(class org.apache.spark.unsafe.types.UTF8String, StringType, fromString, validateexternaltype(getexternalrowfield(assertnotnull(input[0, org.apache.spark.sql.Row, true]), 10, ANSWERTIME), StringType), true, false, true) AS ANSWERTIME#386
	at org.apache.spark.sql.errors.QueryExecutionErrors$.expressionEncodingError(QueryExecutionErrors.scala:1052)
	at org.apache.spark.sql.catalyst.encoders.ExpressionEncoder$Serializer.apply(ExpressionEncoder.scala:210)
	at org.apache.spark.sql.catalyst.encoders.ExpressionEncoder$Serializer.apply(ExpressionEncoder.scala:193)
	at scala.collection.Iterator$$anon$10.next(Iterator.scala:461)
	at org.apache.spark.sql.catalyst.expressions.GeneratedClass$GeneratedIteratorForCodegenStage1.processNext(Unknown Source)
	at org.apache.spark.sql.execution.BufferedRowIterator.hasNext(BufferedRowIterator.java:43)
	at org.apache.spark.sql.execution.WholeStageCodegenExec$$anon$1.hasNext(WholeStageCodegenExec.scala:759)
	at org.apache.spark.sql.execution.SparkPlan.$anonfun$getByteArrayRdd$1(SparkPlan.scala:349)
	at org.apache.spark.rdd.RDD.$anonfun$mapPartitionsInternal$2(RDD.scala:898)
	at org.apache.spark.rdd.RDD.$anonfun$mapPartitionsInternal$2$adapted(RDD.scala:898)
	at org.apache.spark.rdd.MapPartitionsRDD.compute(MapPartitionsRDD.scala:52)
	at org.apache.spark.rdd.RDD.computeOrReadCheckpoint(RDD.scala:373)
	at org.apache.spark.rdd.RDD.iterator(RDD.scala:337)
	at org.apache.spark.scheduler.ResultTask.runTask(ResultTask.scala:90)
	at org.apache.spark.scheduler.Task.run(Task.scala:131)
	at org.apache.spark.executor.Executor$TaskRunner.$anonfun$run$3(Executor.scala:506)
	at org.apache.spark.util.Utils$.tryWithSafeFinally(Utils.scala:1462)
	at org.apache.spark.executor.Executor$TaskRunner.run(Executor.scala:509)
	at java.util.concurrent.ThreadPoolExecutor.runWorker(ThreadPoolExecutor.java:1149)
	at java.util.concurrent.ThreadPoolExecutor$Worker.run(ThreadPoolExecutor.java:624)
	at java.lang.Thread.run(Thread.java:748)
Caused by: java.lang.RuntimeException: com.elite.cdr.validator.Asn1Classes.Cdr is not a valid external type for schema of int
	at org.apache.spark.sql.catalyst.expressions.GeneratedClass$SpecificUnsafeProjection.writeFields_0_0$(Unknown Source)
	at org.apache.spark.sql.catalyst.expressions.GeneratedClass$SpecificUnsafeProjection.apply(Unknown Source)
	at org.apache.spark.sql.catalyst.encoders.ExpressionEncoder$Serializer.apply(ExpressionEncoder.scala:207)
	... 19 more

Driver stacktrace:
2022-08-02 17:18:12.257  INFO   57 --- [-job-executor-0] org.apache.spark.internal.Logging        : Job 5 failed: show at Application.java:177, took 1.206940 s
2022-08-02 17:18:12.261  INFO   57 --- [   JobScheduler] org.apache.spark.internal.Logging        : Finished job streaming job 1659457086000 ms.0 from job set of time 1659457086000 ms
2022-08-02 17:18:12.265  INFO   57 --- [   JobScheduler] org.apache.spark.internal.Logging        : Starting job streaming job 1659457087000 ms.0 from job set of time 1659457087000 ms
2022-08-02 17:18:12.266  ERROR   94 --- [   JobScheduler] org.apache.spark.internal.Logging        : Error running job streaming job 1659457086000 ms.0
org.apache.spark.SparkException: Job aborted due to stage failure: Task 0 in stage 9.0 failed 1 times, most recent failure: Lost task 0.0 in stage 9.0 (TID 5) (host.docker.internal executor driver): java.lang.RuntimeException: Error while encoding: java.lang.RuntimeException: com.elite.cdr.validator.Asn1Classes.Cdr is not a valid external type for schema of int
validateexternaltype(getexternalrowfield(assertnotnull(input[0, org.apache.spark.sql.Row, true]), 0, ID), IntegerType) AS ID#376
staticinvoke(class org.apache.spark.unsafe.types.UTF8String, StringType, fromString, validateexternaltype(getexternalrowfield(assertnotnull(input[0, org.apache.spark.sql.Row, true]), 1, CALLTYPE), StringType), true, false, true) AS CALLTYPE#377
staticinvoke(class org.apache.spark.unsafe.types.UTF8String, StringType, fromString, validateexternaltype(getexternalrowfield(assertnotnull(input[0, org.apache.spark.sql.Row, true]), 2, IMSI), StringType), true, false, true) AS IMSI#378
staticinvoke(class org.apache.spark.unsafe.types.UTF8String, StringType, fromString, validateexternaltype(getexternalrowfield(assertnotnull(input[0, org.apache.spark.sql.Row, true]), 3, IMEI), StringType), true, false, true) AS IMEI#379
staticinvoke(class org.apache.spark.unsafe.types.UTF8String, StringType, fromString, validateexternaltype(getexternalrowfield(assertnotnull(input[0, org.apache.spark.sql.Row, true]), 4, MSISDN), StringType), true, false, true) AS MSISDN#380
staticinvoke(class org.apache.spark.unsafe.types.UTF8String, StringType, fromString, validateexternaltype(getexternalrowfield(assertnotnull(input[0, org.apache.spark.sql.Row, true]), 5, CALLINGNUMBER), StringType), true, false, true) AS CALLINGNUMBER#381
staticinvoke(class org.apache.spark.unsafe.types.UTF8String, StringType, fromString, validateexternaltype(getexternalrowfield(assertnotnull(input[0, org.apache.spark.sql.Row, true]), 6, CALLEDNUMBER), StringType), true, false, true) AS CALLEDNUMBER#382
staticinvoke(class org.apache.spark.unsafe.types.UTF8String, StringType, fromString, validateexternaltype(getexternalrowfield(assertnotnull(input[0, org.apache.spark.sql.Row, true]), 7, MSCINCOMING), StringType), true, false, true) AS MSCINCOMING#383
staticinvoke(class org.apache.spark.unsafe.types.UTF8String, StringType, fromString, validateexternaltype(getexternalrowfield(assertnotnull(input[0, org.apache.spark.sql.Row, true]), 8, MSCOUTGOING), StringType), true, false, true) AS MSCOUTGOING#384
staticinvoke(class org.apache.spark.unsafe.types.UTF8String, StringType, fromString, validateexternaltype(getexternalrowfield(assertnotnull(input[0, org.apache.spark.sql.Row, true]), 9, LOCATION), StringType), true, false, true) AS LOCATION#385
staticinvoke(class org.apache.spark.unsafe.types.UTF8String, StringType, fromString, validateexternaltype(getexternalrowfield(assertnotnull(input[0, org.apache.spark.sql.Row, true]), 10, ANSWERTIME), StringType), true, false, true) AS ANSWERTIME#386
	at org.apache.spark.sql.errors.QueryExecutionErrors$.expressionEncodingError(QueryExecutionErrors.scala:1052)
	at org.apache.spark.sql.catalyst.encoders.ExpressionEncoder$Serializer.apply(ExpressionEncoder.scala:210)
	at org.apache.spark.sql.catalyst.encoders.ExpressionEncoder$Serializer.apply(ExpressionEncoder.scala:193)
	at scala.collection.Iterator$$anon$10.next(Iterator.scala:461)
	at org.apache.spark.sql.catalyst.expressions.GeneratedClass$GeneratedIteratorForCodegenStage1.processNext(Unknown Source)
	at org.apache.spark.sql.execution.BufferedRowIterator.hasNext(BufferedRowIterator.java:43)
	at org.apache.spark.sql.execution.WholeStageCodegenExec$$anon$1.hasNext(WholeStageCodegenExec.scala:759)
	at org.apache.spark.sql.execution.SparkPlan.$anonfun$getByteArrayRdd$1(SparkPlan.scala:349)
	at org.apache.spark.rdd.RDD.$anonfun$mapPartitionsInternal$2(RDD.scala:898)
	at org.apache.spark.rdd.RDD.$anonfun$mapPartitionsInternal$2$adapted(RDD.scala:898)
	at org.apache.spark.rdd.MapPartitionsRDD.compute(MapPartitionsRDD.scala:52)
	at org.apache.spark.rdd.RDD.computeOrReadCheckpoint(RDD.scala:373)
	at org.apache.spark.rdd.RDD.iterator(RDD.scala:337)
	at org.apache.spark.scheduler.ResultTask.runTask(ResultTask.scala:90)
	at org.apache.spark.scheduler.Task.run(Task.scala:131)
	at org.apache.spark.executor.Executor$TaskRunner.$anonfun$run$3(Executor.scala:506)
	at org.apache.spark.util.Utils$.tryWithSafeFinally(Utils.scala:1462)
	at org.apache.spark.executor.Executor$TaskRunner.run(Executor.scala:509)
	at java.util.concurrent.ThreadPoolExecutor.runWorker(ThreadPoolExecutor.java:1149)
	at java.util.concurrent.ThreadPoolExecutor$Worker.run(ThreadPoolExecutor.java:624)
	at java.lang.Thread.run(Thread.java:748)
Caused by: java.lang.RuntimeException: com.elite.cdr.validator.Asn1Classes.Cdr is not a valid external type for schema of int
	at org.apache.spark.sql.catalyst.expressions.GeneratedClass$SpecificUnsafeProjection.writeFields_0_0$(Unknown Source)
	at org.apache.spark.sql.catalyst.expressions.GeneratedClass$SpecificUnsafeProjection.apply(Unknown Source)
	at org.apache.spark.sql.catalyst.encoders.ExpressionEncoder$Serializer.apply(ExpressionEncoder.scala:207)
	... 19 more

Driver stacktrace:
	at org.apache.spark.scheduler.DAGScheduler.failJobAndIndependentStages(DAGScheduler.scala:2454)
	at org.apache.spark.scheduler.DAGScheduler.$anonfun$abortStage$2(DAGScheduler.scala:2403)
	at org.apache.spark.scheduler.DAGScheduler.$anonfun$abortStage$2$adapted(DAGScheduler.scala:2402)
	at scala.collection.mutable.ResizableArray.foreach(ResizableArray.scala:62)
	at scala.collection.mutable.ResizableArray.foreach$(ResizableArray.scala:55)
	at scala.collection.mutable.ArrayBuffer.foreach(ArrayBuffer.scala:49)
	at org.apache.spark.scheduler.DAGScheduler.abortStage(DAGScheduler.scala:2402)
	at org.apache.spark.scheduler.DAGScheduler.$anonfun$handleTaskSetFailed$1(DAGScheduler.scala:1160)
	at org.apache.spark.scheduler.DAGScheduler.$anonfun$handleTaskSetFailed$1$adapted(DAGScheduler.scala:1160)
	at scala.Option.foreach(Option.scala:407)
	at org.apache.spark.scheduler.DAGScheduler.handleTaskSetFailed(DAGScheduler.scala:1160)
	at org.apache.spark.scheduler.DAGSchedulerEventProcessLoop.doOnReceive(DAGScheduler.scala:2642)
	at org.apache.spark.scheduler.DAGSchedulerEventProcessLoop.onReceive(DAGScheduler.scala:2584)
	at org.apache.spark.scheduler.DAGSchedulerEventProcessLoop.onReceive(DAGScheduler.scala:2573)
	at org.apache.spark.util.EventLoop$$anon$1.run(EventLoop.scala:49)
	at org.apache.spark.scheduler.DAGScheduler.runJob(DAGScheduler.scala:938)
	at org.apache.spark.SparkContext.runJob(SparkContext.scala:2214)
	at org.apache.spark.SparkContext.runJob(SparkContext.scala:2235)
	at org.apache.spark.SparkContext.runJob(SparkContext.scala:2254)
	at org.apache.spark.sql.execution.SparkPlan.executeTake(SparkPlan.scala:476)
	at org.apache.spark.sql.execution.SparkPlan.executeTake(SparkPlan.scala:429)
	at org.apache.spark.sql.execution.CollectLimitExec.executeCollect(limit.scala:48)
	at org.apache.spark.sql.Dataset.collectFromPlan(Dataset.scala:3715)
	at org.apache.spark.sql.Dataset.$anonfun$head$1(Dataset.scala:2728)
	at org.apache.spark.sql.Dataset.$anonfun$withAction$1(Dataset.scala:3706)
	at org.apache.spark.sql.execution.SQLExecution$.$anonfun$withNewExecutionId$5(SQLExecution.scala:103)
	at org.apache.spark.sql.execution.SQLExecution$.withSQLConfPropagated(SQLExecution.scala:163)
	at org.apache.spark.sql.execution.SQLExecution$.$anonfun$withNewExecutionId$1(SQLExecution.scala:90)
	at org.apache.spark.sql.SparkSession.withActive(SparkSession.scala:775)
	at org.apache.spark.sql.execution.SQLExecution$.withNewExecutionId(SQLExecution.scala:64)
	at org.apache.spark.sql.Dataset.withAction(Dataset.scala:3704)
	at org.apache.spark.sql.Dataset.head(Dataset.scala:2728)
	at org.apache.spark.sql.Dataset.take(Dataset.scala:2935)
	at org.apache.spark.sql.Dataset.getRows(Dataset.scala:287)
	at org.apache.spark.sql.Dataset.showString(Dataset.scala:326)
	at org.apache.spark.sql.Dataset.show(Dataset.scala:806)
	at org.apache.spark.sql.Dataset.show(Dataset.scala:765)
	at org.apache.spark.sql.Dataset.show(Dataset.scala:774)
	at com.elite.cdr.validator.Application.lambda$main$1282d8df$1(Application.java:177)
	at org.apache.spark.streaming.api.java.JavaDStreamLike.$anonfun$foreachRDD$1(JavaDStreamLike.scala:272)
	at org.apache.spark.streaming.api.java.JavaDStreamLike.$anonfun$foreachRDD$1$adapted(JavaDStreamLike.scala:272)
	at org.apache.spark.streaming.dstream.DStream.$anonfun$foreachRDD$2(DStream.scala:629)
	at org.apache.spark.streaming.dstream.DStream.$anonfun$foreachRDD$2$adapted(DStream.scala:629)
	at org.apache.spark.streaming.dstream.ForEachDStream.$anonfun$generateJob$2(ForEachDStream.scala:51)
	at scala.runtime.java8.JFunction0$mcV$sp.apply(JFunction0$mcV$sp.java:23)
	at org.apache.spark.streaming.dstream.DStream.createRDDWithLocalProperties(DStream.scala:417)
	at org.apache.spark.streaming.dstream.ForEachDStream.$anonfun$generateJob$1(ForEachDStream.scala:51)
	at scala.runtime.java8.JFunction0$mcV$sp.apply(JFunction0$mcV$sp.java:23)
	at scala.util.Try$.apply(Try.scala:213)
	at org.apache.spark.streaming.scheduler.Job.run(Job.scala:39)
	at org.apache.spark.streaming.scheduler.JobScheduler$JobHandler.$anonfun$run$1(JobScheduler.scala:256)
	at scala.runtime.java8.JFunction0$mcV$sp.apply(JFunction0$mcV$sp.java:23)
	at scala.util.DynamicVariable.withValue(DynamicVariable.scala:62)
	at org.apache.spark.streaming.scheduler.JobScheduler$JobHandler.run(JobScheduler.scala:256)
	at java.util.concurrent.ThreadPoolExecutor.runWorker(ThreadPoolExecutor.java:1149)
	at java.util.concurrent.ThreadPoolExecutor$Worker.run(ThreadPoolExecutor.java:624)
	at java.lang.Thread.run(Thread.java:748)
Caused by: java.lang.RuntimeException: Error while encoding: java.lang.RuntimeException: com.elite.cdr.validator.Asn1Classes.Cdr is not a valid external type for schema of int
validateexternaltype(getexternalrowfield(assertnotnull(input[0, org.apache.spark.sql.Row, true]), 0, ID), IntegerType) AS ID#376
staticinvoke(class org.apache.spark.unsafe.types.UTF8String, StringType, fromString, validateexternaltype(getexternalrowfield(assertnotnull(input[0, org.apache.spark.sql.Row, true]), 1, CALLTYPE), StringType), true, false, true) AS CALLTYPE#377
staticinvoke(class org.apache.spark.unsafe.types.UTF8String, StringType, fromString, validateexternaltype(getexternalrowfield(assertnotnull(input[0, org.apache.spark.sql.Row, true]), 2, IMSI), StringType), true, false, true) AS IMSI#378
staticinvoke(class org.apache.spark.unsafe.types.UTF8String, StringType, fromString, validateexternaltype(getexternalrowfield(assertnotnull(input[0, org.apache.spark.sql.Row, true]), 3, IMEI), StringType), true, false, true) AS IMEI#379
staticinvoke(class org.apache.spark.unsafe.types.UTF8String, StringType, fromString, validateexternaltype(getexternalrowfield(assertnotnull(input[0, org.apache.spark.sql.Row, true]), 4, MSISDN), StringType), true, false, true) AS MSISDN#380
staticinvoke(class org.apache.spark.unsafe.types.UTF8String, StringType, fromString, validateexternaltype(getexternalrowfield(assertnotnull(input[0, org.apache.spark.sql.Row, true]), 5, CALLINGNUMBER), StringType), true, false, true) AS CALLINGNUMBER#381
staticinvoke(class org.apache.spark.unsafe.types.UTF8String, StringType, fromString, validateexternaltype(getexternalrowfield(assertnotnull(input[0, org.apache.spark.sql.Row, true]), 6, CALLEDNUMBER), StringType), true, false, true) AS CALLEDNUMBER#382
staticinvoke(class org.apache.spark.unsafe.types.UTF8String, StringType, fromString, validateexternaltype(getexternalrowfield(assertnotnull(input[0, org.apache.spark.sql.Row, true]), 7, MSCINCOMING), StringType), true, false, true) AS MSCINCOMING#383
staticinvoke(class org.apache.spark.unsafe.types.UTF8String, StringType, fromString, validateexternaltype(getexternalrowfield(assertnotnull(input[0, org.apache.spark.sql.Row, true]), 8, MSCOUTGOING), StringType), true, false, true) AS MSCOUTGOING#384
staticinvoke(class org.apache.spark.unsafe.types.UTF8String, StringType, fromString, validateexternaltype(getexternalrowfield(assertnotnull(input[0, org.apache.spark.sql.Row, true]), 9, LOCATION), StringType), true, false, true) AS LOCATION#385
staticinvoke(class org.apache.spark.unsafe.types.UTF8String, StringType, fromString, validateexternaltype(getexternalrowfield(assertnotnull(input[0, org.apache.spark.sql.Row, true]), 10, ANSWERTIME), StringType), true, false, true) AS ANSWERTIME#386
	at org.apache.spark.sql.errors.QueryExecutionErrors$.expressionEncodingError(QueryExecutionErrors.scala:1052)
	at org.apache.spark.sql.catalyst.encoders.ExpressionEncoder$Serializer.apply(ExpressionEncoder.scala:210)
	at org.apache.spark.sql.catalyst.encoders.ExpressionEncoder$Serializer.apply(ExpressionEncoder.scala:193)
	at scala.collection.Iterator$$anon$10.next(Iterator.scala:461)
	at org.apache.spark.sql.catalyst.expressions.GeneratedClass$GeneratedIteratorForCodegenStage1.processNext(Unknown Source)
	at org.apache.spark.sql.execution.BufferedRowIterator.hasNext(BufferedRowIterator.java:43)
	at org.apache.spark.sql.execution.WholeStageCodegenExec$$anon$1.hasNext(WholeStageCodegenExec.scala:759)
	at org.apache.spark.sql.execution.SparkPlan.$anonfun$getByteArrayRdd$1(SparkPlan.scala:349)
	at org.apache.spark.rdd.RDD.$anonfun$mapPartitionsInternal$2(RDD.scala:898)
	at org.apache.spark.rdd.RDD.$anonfun$mapPartitionsInternal$2$adapted(RDD.scala:898)
	at org.apache.spark.rdd.MapPartitionsRDD.compute(MapPartitionsRDD.scala:52)
	at org.apache.spark.rdd.RDD.computeOrReadCheckpoint(RDD.scala:373)
	at org.apache.spark.rdd.RDD.iterator(RDD.scala:337)
	at org.apache.spark.scheduler.ResultTask.runTask(ResultTask.scala:90)
	at org.apache.spark.scheduler.Task.run(Task.scala:131)
	at org.apache.spark.executor.Executor$TaskRunner.$anonfun$run$3(Executor.scala:506)
	at org.apache.spark.util.Utils$.tryWithSafeFinally(Utils.scala:1462)
	at org.apache.spark.executor.Executor$TaskRunner.run(Executor.scala:509)
	... 3 more
Caused by: java.lang.RuntimeException: com.elite.cdr.validator.Asn1Classes.Cdr is not a valid external type for schema of int
	at org.apache.spark.sql.catalyst.expressions.GeneratedClass$SpecificUnsafeProjection.writeFields_0_0$(Unknown Source)
	at org.apache.spark.sql.catalyst.expressions.GeneratedClass$SpecificUnsafeProjection.apply(Unknown Source)
	at org.apache.spark.sql.catalyst.encoders.ExpressionEncoder$Serializer.apply(ExpressionEncoder.scala:207)
	... 19 more
2022-08-02 17:18:12.274  WARN   69 --- [-job-executor-0] org.apache.spark.internal.Logging        : Using an existing SparkSession; the static sql configurations will not take effect.
2022-08-02 17:18:12.275  WARN   69 --- [-job-executor-0] org.apache.spark.internal.Logging        : Using an existing SparkSession; some spark core configurations may not take effect.
2022-08-02 17:18:12.369  INFO   57 --- [shutdown-hook-0] org.apache.spark.internal.Logging        : Invoking stop(stopGracefully=false) from shutdown hook
2022-08-02 17:18:12.399  INFO   57 --- [er-event-loop-1] org.apache.spark.internal.Logging        : Sent stop signal to all 1 receivers
2022-08-02 17:18:12.401  INFO   57 --- [er-event-loop-1] org.apache.spark.internal.Logging        : Received stop signal
2022-08-02 17:18:12.405  INFO   57 --- [er-event-loop-1] org.apache.spark.internal.Logging        : Stopping receiver with message: Stopped by driver: 
2022-08-02 17:18:12.407  INFO   57 --- [er-event-loop-1] org.apache.spark.internal.Logging        : Called receiver onStop
2022-08-02 17:18:12.408  INFO   57 --- [er-event-loop-1] org.apache.spark.internal.Logging        : Deregistering receiver 0
2022-08-02 17:18:12.412  ERROR   73 --- [er-event-loop-3] org.apache.spark.internal.Logging        : Deregistered receiver for stream 0: Stopped by driver
2022-08-02 17:18:12.414  INFO   57 --- [er-event-loop-1] org.apache.spark.internal.Logging        : Stopped receiver 0
2022-08-02 17:18:12.417  INFO   57 --- [er-event-loop-1] org.apache.spark.internal.Logging        : Stopping BlockGenerator
2022-08-02 17:18:12.474  INFO   57 --- [-job-executor-0] org.apache.spark.internal.Logging        : Starting job: count at Application.java:180
2022-08-02 17:18:12.476  INFO   57 --- [uler-event-loop] org.apache.spark.internal.Logging        : Registering RDD 74 (count at Application.java:180) as input to shuffle 4
2022-08-02 17:18:12.478  INFO   57 --- [uler-event-loop] org.apache.spark.internal.Logging        : Got job 6 (count at Application.java:180) with 1 output partitions
2022-08-02 17:18:12.478  INFO   57 --- [uler-event-loop] org.apache.spark.internal.Logging        : Final stage: ResultStage 11 (count at Application.java:180)
2022-08-02 17:18:12.479  INFO   57 --- [uler-event-loop] org.apache.spark.internal.Logging        : Parents of final stage: List(ShuffleMapStage 10)
2022-08-02 17:18:12.479  INFO   57 --- [uler-event-loop] org.apache.spark.internal.Logging        : Missing parents: List()
2022-08-02 17:18:12.480  INFO   57 --- [uler-event-loop] org.apache.spark.internal.Logging        : Submitting ResultStage 11 (MapPartitionsRDD[77] at count at Application.java:180), which has no missing parents
2022-08-02 17:18:12.484  INFO   57 --- [uler-event-loop] org.apache.spark.internal.Logging        : Block broadcast_6 stored as values in memory (estimated size 11.0 KiB, free 892.3 MiB)
2022-08-02 17:18:12.488  INFO   57 --- [uler-event-loop] org.apache.spark.internal.Logging        : Block broadcast_6_piece0 stored as bytes in memory (estimated size 5.4 KiB, free 892.3 MiB)
2022-08-02 17:18:12.489  INFO   57 --- [ckManagerMaster] org.apache.spark.internal.Logging        : Added broadcast_6_piece0 in memory on host.docker.internal:61472 (size: 5.4 KiB, free: 892.5 MiB)
2022-08-02 17:18:12.490  INFO   57 --- [uler-event-loop] org.apache.spark.internal.Logging        : Created broadcast 6 from broadcast at DAGScheduler.scala:1478
2022-08-02 17:18:12.491  INFO   57 --- [uler-event-loop] org.apache.spark.internal.Logging        : Submitting 1 missing tasks from ResultStage 11 (MapPartitionsRDD[77] at count at Application.java:180) (first 15 tasks are for partitions Vector(0))
2022-08-02 17:18:12.491  INFO   57 --- [uler-event-loop] org.apache.spark.internal.Logging        : Adding task set 11.0 with 1 tasks resource profile 0
2022-08-02 17:18:12.493  INFO   57 --- [er-event-loop-0] org.apache.spark.internal.Logging        : Starting task 0.0 in stage 11.0 (TID 6) (host.docker.internal, executor driver, partition 0, PROCESS_LOCAL, 4453 bytes) taskResourceAssignments Map()
2022-08-02 17:18:12.495  ERROR   94 --- [er-event-loop-0] org.apache.spark.internal.Logging        : Ignoring error
java.util.concurrent.RejectedExecutionException: Task org.apache.spark.executor.Executor$TaskRunner@477f8656 rejected from java.util.concurrent.ThreadPoolExecutor@97717ab[Shutting down, pool size = 1, active threads = 1, queued tasks = 0, completed tasks = 5]
	at java.util.concurrent.ThreadPoolExecutor$AbortPolicy.rejectedExecution(ThreadPoolExecutor.java:2063)
	at java.util.concurrent.ThreadPoolExecutor.reject(ThreadPoolExecutor.java:830)
	at java.util.concurrent.ThreadPoolExecutor.execute(ThreadPoolExecutor.java:1379)
	at org.apache.spark.executor.Executor.launchTask(Executor.scala:270)
	at org.apache.spark.scheduler.local.LocalEndpoint.$anonfun$reviveOffers$1(LocalSchedulerBackend.scala:93)
	at org.apache.spark.scheduler.local.LocalEndpoint.$anonfun$reviveOffers$1$adapted(LocalSchedulerBackend.scala:91)
	at scala.collection.Iterator.foreach(Iterator.scala:943)
	at scala.collection.Iterator.foreach$(Iterator.scala:943)
	at scala.collection.AbstractIterator.foreach(Iterator.scala:1431)
	at scala.collection.IterableLike.foreach(IterableLike.scala:74)
	at scala.collection.IterableLike.foreach$(IterableLike.scala:73)
	at scala.collection.AbstractIterable.foreach(Iterable.scala:56)
	at org.apache.spark.scheduler.local.LocalEndpoint.reviveOffers(LocalSchedulerBackend.scala:91)
	at org.apache.spark.scheduler.local.LocalEndpoint$$anonfun$receive$1.applyOrElse(LocalSchedulerBackend.scala:68)
	at org.apache.spark.rpc.netty.Inbox.$anonfun$process$1(Inbox.scala:115)
	at org.apache.spark.rpc.netty.Inbox.safelyCall(Inbox.scala:213)
	at org.apache.spark.rpc.netty.Inbox.process(Inbox.scala:100)
	at org.apache.spark.rpc.netty.MessageLoop.org$apache$spark$rpc$netty$MessageLoop$$receiveLoop(MessageLoop.scala:75)
	at org.apache.spark.rpc.netty.MessageLoop$$anon$1.run(MessageLoop.scala:41)
	at java.util.concurrent.ThreadPoolExecutor.runWorker(ThreadPoolExecutor.java:1149)
	at java.util.concurrent.ThreadPoolExecutor$Worker.run(ThreadPoolExecutor.java:624)
	at java.lang.Thread.run(Thread.java:748)
2022-08-02 17:18:12.800  INFO   57 --- [er-event-loop-1] org.apache.spark.internal.Logging        : Stopped timer for BlockGenerator after time 1659457092800
2022-08-02 17:18:12.800  INFO   57 --- [er-event-loop-1] org.apache.spark.internal.Logging        : Waiting for block pushing thread to terminate
2022-08-02 17:18:12.816  INFO   57 --- [      Thread-14] org.apache.spark.internal.Logging        : Pushing out the last 0 blocks
2022-08-02 17:18:12.816  INFO   57 --- [      Thread-14] org.apache.spark.internal.Logging        : Stopped block pushing thread
2022-08-02 17:18:12.816  INFO   57 --- [er-event-loop-1] org.apache.spark.internal.Logging        : Stopped BlockGenerator
2022-08-02 17:18:12.816  INFO   57 --- [age 0.0 (TID 0)] org.apache.spark.internal.Logging        : Stopped receiver without error
2022-08-02 17:18:12.831  INFO   57 --- [age 0.0 (TID 0)] org.apache.spark.internal.Logging        : Finished task 0.0 in stage 0.0 (TID 0). 923 bytes result sent to driver
2022-08-02 17:18:12.831  INFO   57 --- [result-getter-1] org.apache.spark.internal.Logging        : Finished task 0.0 in stage 0.0 (TID 0) in 10206 ms on host.docker.internal (executor driver) (1/1)
2022-08-02 17:18:12.831  INFO   57 --- [result-getter-1] org.apache.spark.internal.Logging        : Removed TaskSet 0.0, whose tasks have all completed, from pool 
2022-08-02 17:18:12.831  INFO   57 --- [uler-event-loop] org.apache.spark.internal.Logging        : ResultStage 0 (start at Application.java:205) finished in 10.784 s
2022-08-02 17:18:12.831  INFO   57 --- [uler-event-loop] org.apache.spark.internal.Logging        : Job 0 is finished. Cancelling potential speculative or zombie tasks for this job
2022-08-02 17:18:12.831  INFO   57 --- [uler-event-loop] org.apache.spark.internal.Logging        : Killing all running tasks in stage 0: Stage finished
2022-08-02 17:18:12.831  INFO   57 --- [shutdown-hook-0] org.apache.spark.internal.Logging        : All of the receivers have deregistered successfully
2022-08-02 17:18:12.847  INFO   57 --- [shutdown-hook-0] org.apache.spark.internal.Logging        : ReceiverTracker stopped
2022-08-02 17:18:12.847  INFO   57 --- [shutdown-hook-0] org.apache.spark.internal.Logging        : Stopping JobGenerator immediately
2022-08-02 17:18:12.847  INFO   57 --- [shutdown-hook-0] org.apache.spark.internal.Logging        : Stopped timer for JobGenerator after time 1659457092000
2022-08-02 17:18:12.847  INFO   57 --- [shutdown-hook-0] org.apache.spark.internal.Logging        : Stopped JobGenerator
2022-08-02 17:18:14.861  INFO   57 --- [shutdown-hook-0] org.apache.spark.internal.Logging        : Stopped JobScheduler
2022-08-02 17:18:14.861  INFO 1153 --- [shutdown-hook-0] ject.jetty.server.handler.ContextHandler : Stopped o.s.j.s.ServletContextHandler@2125ad3{/streaming,null,STOPPED,@Spark}
2022-08-02 17:18:14.877  INFO 1153 --- [shutdown-hook-0] ject.jetty.server.handler.ContextHandler : Stopped o.s.j.s.ServletContextHandler@f4c0e4e{/streaming/json,null,STOPPED,@Spark}
2022-08-02 17:18:14.877  INFO 1153 --- [shutdown-hook-0] ject.jetty.server.handler.ContextHandler : Stopped o.s.j.s.ServletContextHandler@6eb82908{/streaming/batch,null,STOPPED,@Spark}
2022-08-02 17:18:14.877  INFO 1153 --- [shutdown-hook-0] ject.jetty.server.handler.ContextHandler : Stopped o.s.j.s.ServletContextHandler@3d98d138{/streaming/batch/json,null,STOPPED,@Spark}
2022-08-02 17:18:14.877  INFO 1153 --- [shutdown-hook-0] ject.jetty.server.handler.ContextHandler : Stopped o.s.j.s.ServletContextHandler@5e2f3be5{/static/streaming,null,STOPPED,@Spark}
2022-08-02 17:18:14.877  INFO   57 --- [shutdown-hook-0] org.apache.spark.internal.Logging        : StreamingContext stopped successfully
2022-08-02 17:18:14.877  INFO   57 --- [shutdown-hook-0] org.apache.spark.internal.Logging        : Invoking stop() from shutdown hook
2022-08-02 17:18:14.892  INFO  381 --- [shutdown-hook-0] rkproject.jetty.server.AbstractConnector : Stopped Spark@476aac9{HTTP/1.1, (http/1.1)}{0.0.0.0:4040}
2022-08-02 17:18:14.892  INFO   57 --- [shutdown-hook-0] org.apache.spark.internal.Logging        : Stopped Spark web UI at http://host.docker.internal:4040
2022-08-02 17:18:14.908  INFO   57 --- [shutdown-hook-0] org.apache.spark.internal.Logging        : ResultStage 11 (count at Application.java:180) failed in 2.426 s due to Stage cancelled because SparkContext was shut down
2022-08-02 17:18:14.923  INFO   57 --- [er-event-loop-0] org.apache.spark.internal.Logging        : MapOutputTrackerMasterEndpoint stopped!
2022-08-02 17:18:14.970  INFO   57 --- [shutdown-hook-0] org.apache.spark.internal.Logging        : MemoryStore cleared
2022-08-02 17:18:14.970  INFO   57 --- [shutdown-hook-0] org.apache.spark.internal.Logging        : BlockManager stopped
2022-08-02 17:18:14.970  INFO   57 --- [shutdown-hook-0] org.apache.spark.internal.Logging        : BlockManagerMaster stopped
2022-08-02 17:18:14.986  INFO   57 --- [er-event-loop-0] org.apache.spark.internal.Logging        : OutputCommitCoordinator stopped!
2022-08-02 17:18:14.986  INFO   57 --- [shutdown-hook-0] org.apache.spark.internal.Logging        : Successfully stopped SparkContext
2022-08-02 17:18:14.986  INFO   57 --- [shutdown-hook-0] org.apache.spark.internal.Logging        : Shutdown hook called
2022-08-02 17:18:14.986  INFO   57 --- [shutdown-hook-0] org.apache.spark.internal.Logging        : Deleting directory C:\Users\Wael Hamdi\AppData\Local\Temp\spark-651dbd17-1167-4867-b53f-ec2d7935a1f2
