2022-06-23 16:03:19.027  INFO   50 --- [           main] com.elite.cdr.validator.Application      : Starting ASN1 Reader 
2022-06-23 16:03:19.033  INFO   52 --- [           main] com.elite.cdr.validator.Application      : ############### Run with the args [--env, local, --file, C:\IntelliJProjects\FraudDetectionSpark3\src\main\resources\data\simpleTypes.ber]
2022-06-23 16:03:19.109  INFO   58 --- [           main] com.elite.cdr.validator.Application      : ############### Run in local mode
2022-06-23 16:03:21.655  INFO   57 --- [           main] org.apache.spark.internal.Logging        : Running Spark version 3.2.1
2022-06-23 16:03:22.199  INFO   57 --- [           main] org.apache.spark.internal.Logging        : ==============================================================
2022-06-23 16:03:22.205  INFO   57 --- [           main] org.apache.spark.internal.Logging        : No custom resources configured for spark.driver.
2022-06-23 16:03:22.206  INFO   57 --- [           main] org.apache.spark.internal.Logging        : ==============================================================
2022-06-23 16:03:22.209  INFO   57 --- [           main] org.apache.spark.internal.Logging        : Submitted application: NiFi-Spark Streaming example
2022-06-23 16:03:22.321  INFO   57 --- [           main] org.apache.spark.internal.Logging        : Default ResourceProfile created, executor resources: Map(cores -> name: cores, amount: 1, script: , vendor: , memory -> name: memory, amount: 1024, script: , vendor: , offHeap -> name: offHeap, amount: 0, script: , vendor: ), task resources: Map(cpus -> name: cpus, amount: 1.0)
2022-06-23 16:03:22.399  INFO   57 --- [           main] org.apache.spark.internal.Logging        : Limiting resource is cpu
2022-06-23 16:03:22.416  INFO   57 --- [           main] org.apache.spark.internal.Logging        : Added ResourceProfile id: 0
2022-06-23 16:03:22.855  INFO   57 --- [           main] org.apache.spark.internal.Logging        : Changing view acls to: Wael Hamdi
2022-06-23 16:03:22.859  INFO   57 --- [           main] org.apache.spark.internal.Logging        : Changing modify acls to: Wael Hamdi
2022-06-23 16:03:22.861  INFO   57 --- [           main] org.apache.spark.internal.Logging        : Changing view acls groups to: 
2022-06-23 16:03:22.862  INFO   57 --- [           main] org.apache.spark.internal.Logging        : Changing modify acls groups to: 
2022-06-23 16:03:22.865  INFO   57 --- [           main] org.apache.spark.internal.Logging        : SecurityManager: authentication disabled; ui acls disabled; users  with view permissions: Set(Wael Hamdi); groups with view permissions: Set(); users  with modify permissions: Set(Wael Hamdi); groups with modify permissions: Set()
2022-06-23 16:03:27.839  INFO   57 --- [           main] org.apache.spark.internal.Logging        : Successfully started service 'sparkDriver' on port 63080.
2022-06-23 16:03:27.882  INFO   57 --- [           main] org.apache.spark.internal.Logging        : Registering MapOutputTracker
2022-06-23 16:03:27.937  INFO   57 --- [           main] org.apache.spark.internal.Logging        : Registering BlockManagerMaster
2022-06-23 16:03:27.965  INFO   57 --- [           main] org.apache.spark.internal.Logging        : Using org.apache.spark.storage.DefaultTopologyMapper for getting topology information
2022-06-23 16:03:27.966  INFO   57 --- [           main] org.apache.spark.internal.Logging        : BlockManagerMasterEndpoint up
2022-06-23 16:03:27.971  INFO   57 --- [           main] org.apache.spark.internal.Logging        : Registering BlockManagerMasterHeartbeat
2022-06-23 16:03:28.002  INFO   57 --- [           main] org.apache.spark.internal.Logging        : Created local directory at C:\Users\Wael Hamdi\AppData\Local\Temp\blockmgr-a3b46be3-3066-481d-a013-7af5ac5fd7a3
2022-06-23 16:03:28.033  INFO   57 --- [           main] org.apache.spark.internal.Logging        : MemoryStore started with capacity 897.6 MiB
2022-06-23 16:03:28.059  INFO   57 --- [           main] org.apache.spark.internal.Logging        : Registering OutputCommitCoordinator
2022-06-23 16:03:28.181  INFO  170 --- [           main] org.sparkproject.jetty.util.log.Log      : Logging initialized @10501ms to org.sparkproject.jetty.util.log.Slf4jLog
2022-06-23 16:03:28.280  INFO  375 --- [           main] org.sparkproject.jetty.server.Server     : jetty-9.4.43.v20210629; built: 2021-06-30T11:07:22.254Z; git: 526006ecfa3af7f1a27ef3a288e2bef7ea9dd7e8; jvm 1.8.0_301-b09
2022-06-23 16:03:28.309  INFO  415 --- [           main] org.sparkproject.jetty.server.Server     : Started @10630ms
2022-06-23 16:03:28.355  INFO  331 --- [           main] rkproject.jetty.server.AbstractConnector : Started ServerConnector@d78795{HTTP/1.1, (http/1.1)}{0.0.0.0:4040}
2022-06-23 16:03:28.356  INFO   57 --- [           main] org.apache.spark.internal.Logging        : Successfully started service 'SparkUI' on port 4040.
2022-06-23 16:03:28.391  INFO  915 --- [           main] ject.jetty.server.handler.ContextHandler : Started o.s.j.s.ServletContextHandler@2f4854d6{/jobs,null,AVAILABLE,@Spark}
2022-06-23 16:03:28.395  INFO  915 --- [           main] ject.jetty.server.handler.ContextHandler : Started o.s.j.s.ServletContextHandler@27e0f2f5{/jobs/json,null,AVAILABLE,@Spark}
2022-06-23 16:03:28.396  INFO  915 --- [           main] ject.jetty.server.handler.ContextHandler : Started o.s.j.s.ServletContextHandler@6db66836{/jobs/job,null,AVAILABLE,@Spark}
2022-06-23 16:03:28.398  INFO  915 --- [           main] ject.jetty.server.handler.ContextHandler : Started o.s.j.s.ServletContextHandler@3f093abe{/jobs/job/json,null,AVAILABLE,@Spark}
2022-06-23 16:03:28.399  INFO  915 --- [           main] ject.jetty.server.handler.ContextHandler : Started o.s.j.s.ServletContextHandler@4eeea57d{/stages,null,AVAILABLE,@Spark}
2022-06-23 16:03:28.400  INFO  915 --- [           main] ject.jetty.server.handler.ContextHandler : Started o.s.j.s.ServletContextHandler@e24ddd0{/stages/json,null,AVAILABLE,@Spark}
2022-06-23 16:03:28.402  INFO  915 --- [           main] ject.jetty.server.handler.ContextHandler : Started o.s.j.s.ServletContextHandler@548e76f1{/stages/stage,null,AVAILABLE,@Spark}
2022-06-23 16:03:28.404  INFO  915 --- [           main] ject.jetty.server.handler.ContextHandler : Started o.s.j.s.ServletContextHandler@3dd69f5a{/stages/stage/json,null,AVAILABLE,@Spark}
2022-06-23 16:03:28.406  INFO  915 --- [           main] ject.jetty.server.handler.ContextHandler : Started o.s.j.s.ServletContextHandler@1ee4730{/stages/pool,null,AVAILABLE,@Spark}
2022-06-23 16:03:28.408  INFO  915 --- [           main] ject.jetty.server.handler.ContextHandler : Started o.s.j.s.ServletContextHandler@5003041b{/stages/pool/json,null,AVAILABLE,@Spark}
2022-06-23 16:03:28.409  INFO  915 --- [           main] ject.jetty.server.handler.ContextHandler : Started o.s.j.s.ServletContextHandler@16fb356{/storage,null,AVAILABLE,@Spark}
2022-06-23 16:03:28.411  INFO  915 --- [           main] ject.jetty.server.handler.ContextHandler : Started o.s.j.s.ServletContextHandler@23a9ba52{/storage/json,null,AVAILABLE,@Spark}
2022-06-23 16:03:28.413  INFO  915 --- [           main] ject.jetty.server.handler.ContextHandler : Started o.s.j.s.ServletContextHandler@70ab80e3{/storage/rdd,null,AVAILABLE,@Spark}
2022-06-23 16:03:28.415  INFO  915 --- [           main] ject.jetty.server.handler.ContextHandler : Started o.s.j.s.ServletContextHandler@67427b69{/storage/rdd/json,null,AVAILABLE,@Spark}
2022-06-23 16:03:28.417  INFO  915 --- [           main] ject.jetty.server.handler.ContextHandler : Started o.s.j.s.ServletContextHandler@544630b7{/environment,null,AVAILABLE,@Spark}
2022-06-23 16:03:28.418  INFO  915 --- [           main] ject.jetty.server.handler.ContextHandler : Started o.s.j.s.ServletContextHandler@1095f122{/environment/json,null,AVAILABLE,@Spark}
2022-06-23 16:03:28.419  INFO  915 --- [           main] ject.jetty.server.handler.ContextHandler : Started o.s.j.s.ServletContextHandler@3d6300e8{/executors,null,AVAILABLE,@Spark}
2022-06-23 16:03:28.420  INFO  915 --- [           main] ject.jetty.server.handler.ContextHandler : Started o.s.j.s.ServletContextHandler@24a1c17f{/executors/json,null,AVAILABLE,@Spark}
2022-06-23 16:03:28.422  INFO  915 --- [           main] ject.jetty.server.handler.ContextHandler : Started o.s.j.s.ServletContextHandler@73511076{/executors/threadDump,null,AVAILABLE,@Spark}
2022-06-23 16:03:28.424  INFO  915 --- [           main] ject.jetty.server.handler.ContextHandler : Started o.s.j.s.ServletContextHandler@532721fd{/executors/threadDump/json,null,AVAILABLE,@Spark}
2022-06-23 16:03:28.436  INFO  915 --- [           main] ject.jetty.server.handler.ContextHandler : Started o.s.j.s.ServletContextHandler@7fb9f71f{/static,null,AVAILABLE,@Spark}
2022-06-23 16:03:28.437  INFO  915 --- [           main] ject.jetty.server.handler.ContextHandler : Started o.s.j.s.ServletContextHandler@790174f2{/,null,AVAILABLE,@Spark}
2022-06-23 16:03:28.439  INFO  915 --- [           main] ject.jetty.server.handler.ContextHandler : Started o.s.j.s.ServletContextHandler@7689ddef{/api,null,AVAILABLE,@Spark}
2022-06-23 16:03:28.442  INFO  915 --- [           main] ject.jetty.server.handler.ContextHandler : Started o.s.j.s.ServletContextHandler@70925b45{/jobs/job/kill,null,AVAILABLE,@Spark}
2022-06-23 16:03:28.444  INFO  915 --- [           main] ject.jetty.server.handler.ContextHandler : Started o.s.j.s.ServletContextHandler@aa22f1c{/stages/stage/kill,null,AVAILABLE,@Spark}
2022-06-23 16:03:28.448  INFO   57 --- [           main] org.apache.spark.internal.Logging        : Bound SparkUI to 0.0.0.0, and started at http://host.docker.internal:4040
2022-06-23 16:03:28.808  INFO   57 --- [           main] org.apache.spark.internal.Logging        : Starting executor ID driver on host host.docker.internal
2022-06-23 16:03:28.876  INFO   57 --- [           main] org.apache.spark.internal.Logging        : Successfully started service 'org.apache.spark.network.netty.NettyBlockTransferService' on port 63104.
2022-06-23 16:03:28.876  INFO   82 --- [           main] .network.netty.NettyBlockTransferService : Server created on host.docker.internal:63104
2022-06-23 16:03:28.879  INFO   57 --- [           main] org.apache.spark.internal.Logging        : Using org.apache.spark.storage.RandomBlockReplicationPolicy for block replication policy
2022-06-23 16:03:28.890  INFO   57 --- [           main] org.apache.spark.internal.Logging        : Registering BlockManager BlockManagerId(driver, host.docker.internal, 63104, None)
2022-06-23 16:03:28.897  INFO   57 --- [ckManagerMaster] org.apache.spark.internal.Logging        : Registering block manager host.docker.internal:63104 with 897.6 MiB RAM, BlockManagerId(driver, host.docker.internal, 63104, None)
2022-06-23 16:03:28.901  INFO   57 --- [           main] org.apache.spark.internal.Logging        : Registered BlockManager BlockManagerId(driver, host.docker.internal, 63104, None)
2022-06-23 16:03:28.903  INFO   57 --- [           main] org.apache.spark.internal.Logging        : Initialized BlockManager: BlockManagerId(driver, host.docker.internal, 63104, None)
2022-06-23 16:03:29.239  INFO  915 --- [           main] ject.jetty.server.handler.ContextHandler : Started o.s.j.s.ServletContextHandler@1813f3e9{/metrics/json,null,AVAILABLE,@Spark}
2022-06-23 16:03:30.128  INFO   57 --- [shutdown-hook-0] org.apache.spark.internal.Logging        : Invoking stop() from shutdown hook
2022-06-23 16:03:30.144  INFO  381 --- [shutdown-hook-0] rkproject.jetty.server.AbstractConnector : Stopped Spark@d78795{HTTP/1.1, (http/1.1)}{0.0.0.0:4040}
2022-06-23 16:03:30.146  INFO   57 --- [shutdown-hook-0] org.apache.spark.internal.Logging        : Stopped Spark web UI at http://host.docker.internal:4040
2022-06-23 16:03:30.174  INFO   57 --- [er-event-loop-0] org.apache.spark.internal.Logging        : MapOutputTrackerMasterEndpoint stopped!
2022-06-23 16:03:30.189  INFO   57 --- [shutdown-hook-0] org.apache.spark.internal.Logging        : MemoryStore cleared
2022-06-23 16:03:30.191  INFO   57 --- [shutdown-hook-0] org.apache.spark.internal.Logging        : BlockManager stopped
2022-06-23 16:03:30.208  INFO   57 --- [shutdown-hook-0] org.apache.spark.internal.Logging        : BlockManagerMaster stopped
2022-06-23 16:03:30.217  INFO   57 --- [er-event-loop-1] org.apache.spark.internal.Logging        : OutputCommitCoordinator stopped!
2022-06-23 16:03:30.226  INFO   57 --- [shutdown-hook-0] org.apache.spark.internal.Logging        : Successfully stopped SparkContext
2022-06-23 16:03:30.226  INFO   57 --- [shutdown-hook-0] org.apache.spark.internal.Logging        : Shutdown hook called
2022-06-23 16:03:30.228  INFO   57 --- [shutdown-hook-0] org.apache.spark.internal.Logging        : Deleting directory C:\Users\Wael Hamdi\AppData\Local\Temp\spark-5ec2ec85-8d38-4c1f-ba4d-ee521bb149bf
